[0.069s] Invoking command in '/home/boat/Desktop/src/boat_control_system_final/build/boat_control_system_final': CMAKE_PREFIX_PATH=/opt/ros/humble /usr/bin/cmake --build /home/boat/Desktop/src/boat_control_system_final/build/boat_control_system_final -- -j4 -l4
[0.189s] -- Found ament_cmake: 1.3.10 (/opt/ros/humble/share/ament_cmake/cmake)
[0.876s] -- Found rclcpp: 16.0.10 (/opt/ros/humble/share/rclcpp/cmake)
[1.079s] -- Found rosidl_generator_c: 3.1.5 (/opt/ros/humble/share/rosidl_generator_c/cmake)
[1.092s] -- Found rosidl_adapter: 3.1.5 (/opt/ros/humble/share/rosidl_adapter/cmake)
[1.121s] -- Found rosidl_generator_cpp: 3.1.5 (/opt/ros/humble/share/rosidl_generator_cpp/cmake)
[1.166s] -- Using all available rosidl_typesupport_c: rosidl_typesupport_fastrtps_c;rosidl_typesupport_introspection_c
[1.226s] -- Using all available rosidl_typesupport_cpp: rosidl_typesupport_fastrtps_cpp;rosidl_typesupport_introspection_cpp
[1.395s] -- Found rmw_implementation_cmake: 6.1.2 (/opt/ros/humble/share/rmw_implementation_cmake/cmake)
[1.402s] -- Found rmw_fastrtps_cpp: 6.2.7 (/opt/ros/humble/share/rmw_fastrtps_cpp/cmake)
[2.493s] -- Using RMW implementation 'rmw_fastrtps_cpp' as default
[2.719s] -- Found sensor_msgs: 4.2.4 (/opt/ros/humble/share/sensor_msgs/cmake)
[2.867s] -- Found ament_lint_auto: 0.12.11 (/opt/ros/humble/share/ament_lint_auto/cmake)
[3.850s] -- Added test 'cppcheck' to perform static code analysis on C / C++ code
[3.851s] -- Configured cppcheck include dirs: /home/boat/Desktop/src/boat_control_system_final/include/boat_control_system_final
[3.852s] -- Configured cppcheck exclude dirs and/or files: 
[3.931s] -- Added test 'flake8' to check Python code syntax and style conventions
[4.086s] -- Added test 'lint_cmake' to check CMake code style
[4.164s] -- Added test 'pep257' to check Python code against some of the docstring style conventions in PEP 257
[4.771s] -- Added test 'uncrustify' to check C / C++ code style
[4.772s] -- Configured uncrustify additional arguments: 
[4.848s] -- Added test 'xmllint' to check XML markup files
[4.853s] -- Configuring done
[4.891s] [31mCMake Error at CMakeLists.txt:37 (add_library):
[4.892s]   Cannot find source file:
[4.892s] 
[4.893s]     src/CoordinateCalculations.cpp
[4.893s] 
[4.894s]   Tried extensions .c .C .c++ .cc .cpp .cxx .cu .mpp .m .M .mm .ixx .cppm .h
[4.894s]   .hh .h++ .hm .hpp .hxx .in .txx .f .F .for .f77 .f90 .f95 .f03 .hip .ispc
[4.895s] 
[4.895s] [0m
[4.896s] [31mCMake Error at CMakeLists.txt:37 (add_library):
[4.897s]   No SOURCES given to target: CoordinateCalculations
[4.898s] 
[4.898s] [0m
[4.899s] [0mCMake Generate step failed.  Build files cannot be regenerated correctly.[0m
[4.951s] gmake: *** [Makefile:349: cmake_check_build_system] Error 1
[4.960s] Invoked command in '/home/boat/Desktop/src/boat_control_system_final/build/boat_control_system_final' returned '2': CMAKE_PREFIX_PATH=/opt/ros/humble /usr/bin/cmake --build /home/boat/Desktop/src/boat_control_system_final/build/boat_control_system_final -- -j4 -l4
