[0.068s] Invoking command in '/home/boat/Desktop/src/boat_control_system_final/build/boat_control_system_final': CMAKE_PREFIX_PATH=/opt/ros/humble /usr/bin/cmake --build /home/boat/Desktop/src/boat_control_system_final/build/boat_control_system_final -- -j4 -l4
[0.355s] [ 20%] Built target WaypointQueue
[0.359s] [ 40%] Built target CoordinateCalculations
[0.423s] [35m[1mConsolidate compiler generated dependencies of target CoordinateCalculationsNodeLib[0m
[0.482s] [ 60%] Built target WaypointQueueNode
[0.532s] [ 70%] [32mBuilding CXX object CMakeFiles/CoordinateCalculationsNodeLib.dir/src/CoordinateCalculationsNode.cpp.o[0m
[60.265s] [ 80%] [32m[1mLinking CXX static library libCoordinateCalculationsNodeLib.a[0m
[62.003s] [ 80%] Built target CoordinateCalculationsNodeLib
[62.065s] [35m[1mConsolidate compiler generated dependencies of target CoordinateCalculationsNodeExec[0m
[62.175s] [ 90%] [32mBuilding CXX object CMakeFiles/CoordinateCalculationsNodeExec.dir/src/CoordinateCalculationsNode.cpp.o[0m
[125.061s] [100%] [32m[1mLinking CXX executable CoordinateCalculationsNodeExec[0m
[128.199s] /usr/bin/ld: CMakeFiles/CoordinateCalculationsNodeExec.dir/src/CoordinateCalculationsNode.cpp.o: in function `CoordinateCalculationsNode::waypointCallback(std::shared_ptr<sensor_msgs::msg::NavSatFix_<std::allocator<void> > >)':
[128.200s] CoordinateCalculationsNode.cpp:(.text+0xb0c): undefined reference to `CoordinateCalculations::getInstance()'
[128.430s] /usr/bin/ld: libCoordinateCalculations.a(Coordinate_Calculations.cpp.o): in function `CoordinateCalculations::plan_path(sensor_msgs::msg::NavSatFix_<std::allocator<void> > const&, sensor_msgs::msg::NavSatFix_<std::allocator<void> > const&)':
[128.431s] Coordinate_Calculations.cpp:(.text+0x7a4): undefined reference to `CoordinateCalculations::getInstance()'
[128.431s] /usr/bin/ld: Coordinate_Calculations.cpp:(.text+0x854): undefined reference to `CoordinateCalculations::getInstance()'
[128.431s] /usr/bin/ld: Coordinate_Calculations.cpp:(.text+0x954): undefined reference to `CoordinateCalculations::getInstance()'
[128.432s] /usr/bin/ld: Coordinate_Calculations.cpp:(.text+0x99c): undefined reference to `CoordinateCalculations::getInstance()'
[128.602s] collect2: error: ld returned 1 exit status
[128.607s] gmake[2]: *** [CMakeFiles/CoordinateCalculationsNodeExec.dir/build.make:178: CoordinateCalculationsNodeExec] Error 1
[128.609s] gmake[1]: *** [CMakeFiles/Makefile2:226: CMakeFiles/CoordinateCalculationsNodeExec.dir/all] Error 2
[128.610s] gmake: *** [Makefile:146: all] Error 2
[128.619s] Invoked command in '/home/boat/Desktop/src/boat_control_system_final/build/boat_control_system_final' returned '2': CMAKE_PREFIX_PATH=/opt/ros/humble /usr/bin/cmake --build /home/boat/Desktop/src/boat_control_system_final/build/boat_control_system_final -- -j4 -l4
