running egg_info
writing ../build/boat_logic/boat_logic.egg-info/PKG-INFO
writing dependency_links to ../build/boat_logic/boat_logic.egg-info/dependency_links.txt
writing entry points to ../build/boat_logic/boat_logic.egg-info/entry_points.txt
writing requirements to ../build/boat_logic/boat_logic.egg-info/requires.txt
writing top-level names to ../build/boat_logic/boat_logic.egg-info/top_level.txt
reading manifest file '../build/boat_logic/boat_logic.egg-info/SOURCES.txt'
writing manifest file '../build/boat_logic/boat_logic.egg-info/SOURCES.txt'
running build
running build_py
copying boat_logic/main_logic_node.py -> /home/boat/Desktop/TAFLAB_boatpi_roshumble/src/build/boat_logic/build/lib/boat_logic
running install
running install_lib
copying /home/boat/Desktop/TAFLAB_boatpi_roshumble/src/build/boat_logic/build/lib/boat_logic/main_logic_node.py -> /home/boat/Desktop/TAFLAB_boatpi_roshumble/src/install/boat_logic/lib/python3.10/site-packages/boat_logic
byte-compiling /home/boat/Desktop/TAFLAB_boatpi_roshumble/src/install/boat_logic/lib/python3.10/site-packages/boat_logic/main_logic_node.py to main_logic_node.cpython-310.pyc
running install_data
running install_egg_info
removing '/home/boat/Desktop/TAFLAB_boatpi_roshumble/src/install/boat_logic/lib/python3.10/site-packages/boat_logic-0.0.0-py3.10.egg-info' (and everything under it)
Copying ../build/boat_logic/boat_logic.egg-info to /home/boat/Desktop/TAFLAB_boatpi_roshumble/src/install/boat_logic/lib/python3.10/site-packages/boat_logic-0.0.0-py3.10.egg-info
running install_scripts
Installing main_logic_node script to /home/boat/Desktop/TAFLAB_boatpi_roshumble/src/install/boat_logic/lib/boat_logic
writing list of installed files to '/home/boat/Desktop/TAFLAB_boatpi_roshumble/src/build/boat_logic/install.log'
