[2.490s] Invoking command in '/home/boat/Desktop/TAFLAB_boatpi_roshumble/src/boat_logic': AMENT_PREFIX_PATH=/home/boat/Desktop/TAFLAB_boatpi_roshumble/src/install/lis3mdl_mag:/home/boat/Desktop/TAFLAB_boatpi_roshumble/src/install/control_py:/home/boat/Desktop/TAFLAB_boatpi_roshumble/src/install/as5600_sensor:/home/boat/Desktop/TAFLAB_boatpi_roshumble/src/install/xbee_node:/home/boat/Desktop/TAFLAB_boatpi_roshumble/src/install/taflab_msgs:/home/boat/Desktop/TAFLAB_boatpi_roshumble/src/install/boat_logic:/home/boat/Desktop/TAFLAB_boatpi_roshumble/src/install/boat_launch:/home/boat/Desktop/TAFLAB_boatpi_roshumble/src/install/gps_gt_u7:/opt/ros/humble PYTHONPATH=/home/boat/Desktop/TAFLAB_boatpi_roshumble/src/build/boat_logic/prefix_override:/usr/lib/python3/dist-packages/colcon_core/task/python/colcon_distutils_commands:/home/boat/Desktop/TAFLAB_boatpi_roshumble/src/install/boat_logic/lib/python3.10/site-packages:/home/boat/Desktop/TAFLAB_boatpi_roshumble/src/install/lis3mdl_mag/lib/python3.10/site-packages:/home/boat/Desktop/TAFLAB_boatpi_roshumble/src/install/control_py/lib/python3.10/site-packages:/home/boat/Desktop/TAFLAB_boatpi_roshumble/src/install/as5600_sensor/lib/python3.10/site-packages:/home/boat/Desktop/TAFLAB_boatpi_roshumble/src/install/xbee_node/lib/python3.10/site-packages:/home/boat/Desktop/TAFLAB_boatpi_roshumble/src/install/taflab_msgs/local/lib/python3.10/dist-packages:/home/boat/Desktop/TAFLAB_boatpi_roshumble/src/install/boat_logic/lib/python3.10/site-packages:/home/boat/Desktop/TAFLAB_boatpi_roshumble/src/install/boat_launch/lib/python3.10/site-packages:/home/boat/Desktop/TAFLAB_boatpi_roshumble/src/install/gps_gt_u7/lib/python3.10/site-packages:/opt/ros/humble/lib/python3.10/site-packages:/opt/ros/humble/local/lib/python3.10/dist-packages /usr/bin/python3 -W ignore:setup.py install is deprecated setup.py egg_info --egg-base ../build/boat_logic build --build-base /home/boat/Desktop/TAFLAB_boatpi_roshumble/src/build/boat_logic/build install --record /home/boat/Desktop/TAFLAB_boatpi_roshumble/src/build/boat_logic/install.log --single-version-externally-managed install_data
[3.480s] running egg_info
[3.482s] writing ../build/boat_logic/boat_logic.egg-info/PKG-INFO
[3.484s] writing dependency_links to ../build/boat_logic/boat_logic.egg-info/dependency_links.txt
[3.486s] writing entry points to ../build/boat_logic/boat_logic.egg-info/entry_points.txt
[3.486s] writing requirements to ../build/boat_logic/boat_logic.egg-info/requires.txt
[3.487s] writing top-level names to ../build/boat_logic/boat_logic.egg-info/top_level.txt
[3.494s] reading manifest file '../build/boat_logic/boat_logic.egg-info/SOURCES.txt'
[3.498s] writing manifest file '../build/boat_logic/boat_logic.egg-info/SOURCES.txt'
[3.499s] running build
[3.499s] running build_py
[3.500s] copying boat_logic/main_logic_node.py -> /home/boat/Desktop/TAFLAB_boatpi_roshumble/src/build/boat_logic/build/lib/boat_logic
[3.502s] running install
[3.503s] running install_lib
[3.508s] copying /home/boat/Desktop/TAFLAB_boatpi_roshumble/src/build/boat_logic/build/lib/boat_logic/main_logic_node.py -> /home/boat/Desktop/TAFLAB_boatpi_roshumble/src/install/boat_logic/lib/python3.10/site-packages/boat_logic
[3.511s] byte-compiling /home/boat/Desktop/TAFLAB_boatpi_roshumble/src/install/boat_logic/lib/python3.10/site-packages/boat_logic/main_logic_node.py to main_logic_node.cpython-310.pyc
[3.521s] running install_data
[3.522s] running install_egg_info
[3.529s] removing '/home/boat/Desktop/TAFLAB_boatpi_roshumble/src/install/boat_logic/lib/python3.10/site-packages/boat_logic-0.0.0-py3.10.egg-info' (and everything under it)
[3.531s] Copying ../build/boat_logic/boat_logic.egg-info to /home/boat/Desktop/TAFLAB_boatpi_roshumble/src/install/boat_logic/lib/python3.10/site-packages/boat_logic-0.0.0-py3.10.egg-info
[3.536s] running install_scripts
[3.618s] Installing main_logic_node script to /home/boat/Desktop/TAFLAB_boatpi_roshumble/src/install/boat_logic/lib/boat_logic
[3.621s] writing list of installed files to '/home/boat/Desktop/TAFLAB_boatpi_roshumble/src/build/boat_logic/install.log'
[3.739s] Invoked command in '/home/boat/Desktop/TAFLAB_boatpi_roshumble/src/boat_logic' returned '0': AMENT_PREFIX_PATH=/home/boat/Desktop/TAFLAB_boatpi_roshumble/src/install/lis3mdl_mag:/home/boat/Desktop/TAFLAB_boatpi_roshumble/src/install/control_py:/home/boat/Desktop/TAFLAB_boatpi_roshumble/src/install/as5600_sensor:/home/boat/Desktop/TAFLAB_boatpi_roshumble/src/install/xbee_node:/home/boat/Desktop/TAFLAB_boatpi_roshumble/src/install/taflab_msgs:/home/boat/Desktop/TAFLAB_boatpi_roshumble/src/install/boat_logic:/home/boat/Desktop/TAFLAB_boatpi_roshumble/src/install/boat_launch:/home/boat/Desktop/TAFLAB_boatpi_roshumble/src/install/gps_gt_u7:/opt/ros/humble PYTHONPATH=/home/boat/Desktop/TAFLAB_boatpi_roshumble/src/build/boat_logic/prefix_override:/usr/lib/python3/dist-packages/colcon_core/task/python/colcon_distutils_commands:/home/boat/Desktop/TAFLAB_boatpi_roshumble/src/install/boat_logic/lib/python3.10/site-packages:/home/boat/Desktop/TAFLAB_boatpi_roshumble/src/install/lis3mdl_mag/lib/python3.10/site-packages:/home/boat/Desktop/TAFLAB_boatpi_roshumble/src/install/control_py/lib/python3.10/site-packages:/home/boat/Desktop/TAFLAB_boatpi_roshumble/src/install/as5600_sensor/lib/python3.10/site-packages:/home/boat/Desktop/TAFLAB_boatpi_roshumble/src/install/xbee_node/lib/python3.10/site-packages:/home/boat/Desktop/TAFLAB_boatpi_roshumble/src/install/taflab_msgs/local/lib/python3.10/dist-packages:/home/boat/Desktop/TAFLAB_boatpi_roshumble/src/install/boat_logic/lib/python3.10/site-packages:/home/boat/Desktop/TAFLAB_boatpi_roshumble/src/install/boat_launch/lib/python3.10/site-packages:/home/boat/Desktop/TAFLAB_boatpi_roshumble/src/install/gps_gt_u7/lib/python3.10/site-packages:/opt/ros/humble/lib/python3.10/site-packages:/opt/ros/humble/local/lib/python3.10/dist-packages /usr/bin/python3 -W ignore:setup.py install is deprecated setup.py egg_info --egg-base ../build/boat_logic build --build-base /home/boat/Desktop/TAFLAB_boatpi_roshumble/src/build/boat_logic/build install --record /home/boat/Desktop/TAFLAB_boatpi_roshumble/src/build/boat_logic/install.log --single-version-externally-managed install_data
