running egg_info
creating ../build/boat_launch/boat_launch.egg-info
writing ../build/boat_launch/boat_launch.egg-info/PKG-INFO
writing dependency_links to ../build/boat_launch/boat_launch.egg-info/dependency_links.txt
writing entry points to ../build/boat_launch/boat_launch.egg-info/entry_points.txt
writing requirements to ../build/boat_launch/boat_launch.egg-info/requires.txt
writing top-level names to ../build/boat_launch/boat_launch.egg-info/top_level.txt
writing manifest file '../build/boat_launch/boat_launch.egg-info/SOURCES.txt'
reading manifest file '../build/boat_launch/boat_launch.egg-info/SOURCES.txt'
writing manifest file '../build/boat_launch/boat_launch.egg-info/SOURCES.txt'
running build
running build_py
creating /home/boat/Desktop/TAFLAB_boatpi_roshumble/src/build/boat_launch/build
creating /home/boat/Desktop/TAFLAB_boatpi_roshumble/src/build/boat_launch/build/lib
creating /home/boat/Desktop/TAFLAB_boatpi_roshumble/src/build/boat_launch/build/lib/boat_launch
copying boat_launch/__init__.py -> /home/boat/Desktop/TAFLAB_boatpi_roshumble/src/build/boat_launch/build/lib/boat_launch
copying boat_launch/boat_launch.py -> /home/boat/Desktop/TAFLAB_boatpi_roshumble/src/build/boat_launch/build/lib/boat_launch
running install
running install_lib
creating /home/boat/Desktop/TAFLAB_boatpi_roshumble/src/install/boat_launch/lib/python3.10/site-packages/boat_launch
copying /home/boat/Desktop/TAFLAB_boatpi_roshumble/src/build/boat_launch/build/lib/boat_launch/__init__.py -> /home/boat/Desktop/TAFLAB_boatpi_roshumble/src/install/boat_launch/lib/python3.10/site-packages/boat_launch
copying /home/boat/Desktop/TAFLAB_boatpi_roshumble/src/build/boat_launch/build/lib/boat_launch/boat_launch.py -> /home/boat/Desktop/TAFLAB_boatpi_roshumble/src/install/boat_launch/lib/python3.10/site-packages/boat_launch
byte-compiling /home/boat/Desktop/TAFLAB_boatpi_roshumble/src/install/boat_launch/lib/python3.10/site-packages/boat_launch/__init__.py to __init__.cpython-310.pyc
byte-compiling /home/boat/Desktop/TAFLAB_boatpi_roshumble/src/install/boat_launch/lib/python3.10/site-packages/boat_launch/boat_launch.py to boat_launch.cpython-310.pyc
running install_data
creating /home/boat/Desktop/TAFLAB_boatpi_roshumble/src/install/boat_launch/share/ament_index
creating /home/boat/Desktop/TAFLAB_boatpi_roshumble/src/install/boat_launch/share/ament_index/resource_index
creating /home/boat/Desktop/TAFLAB_boatpi_roshumble/src/install/boat_launch/share/ament_index/resource_index/packages
copying resource/boat_launch -> /home/boat/Desktop/TAFLAB_boatpi_roshumble/src/install/boat_launch/share/ament_index/resource_index/packages
copying package.xml -> /home/boat/Desktop/TAFLAB_boatpi_roshumble/src/install/boat_launch/share/boat_launch
creating /home/boat/Desktop/TAFLAB_boatpi_roshumble/src/install/boat_launch/share/boat_launch/launch
copying boat_launch/__init__.py -> /home/boat/Desktop/TAFLAB_boatpi_roshumble/src/install/boat_launch/share/boat_launch/launch
copying boat_launch/boat_launch.py -> /home/boat/Desktop/TAFLAB_boatpi_roshumble/src/install/boat_launch/share/boat_launch/launch
running install_egg_info
Copying ../build/boat_launch/boat_launch.egg-info to /home/boat/Desktop/TAFLAB_boatpi_roshumble/src/install/boat_launch/lib/python3.10/site-packages/boat_launch-0.0.0-py3.10.egg-info
running install_scripts
writing list of installed files to '/home/boat/Desktop/TAFLAB_boatpi_roshumble/src/build/boat_launch/install.log'
