[2.511s] Invoking command in '/home/boat/Desktop/TAFLAB_boatpi_roshumble/src/boat_launch': AMENT_PREFIX_PATH=/home/boat/Desktop/TAFLAB_boatpi_roshumble/src/install/lis3mdl_mag:/home/boat/Desktop/TAFLAB_boatpi_roshumble/src/install/as5600_sensor:/home/boat/Desktop/TAFLAB_boatpi_roshumble/src/install/xbee_node:/home/boat/Desktop/TAFLAB_boatpi_roshumble/src/install/taflab_msgs:/home/boat/Desktop/TAFLAB_boatpi_roshumble/src/install/boat_logic:/home/boat/Desktop/TAFLAB_boatpi_roshumble/src/install/boat_launch:/home/boat/Desktop/TAFLAB_boatpi_roshumble/src/install/gps_gt_u7:/home/boat/Desktop/TAFLAB_boatpi_roshumble/src/install/control_py:/opt/ros/humble PYTHONPATH=/home/boat/Desktop/TAFLAB_boatpi_roshumble/src/build/boat_launch/prefix_override:/usr/lib/python3/dist-packages/colcon_core/task/python/colcon_distutils_commands:/home/boat/Desktop/TAFLAB_boatpi_roshumble/src/install/boat_launch/lib/python3.10/site-packages:/home/boat/Desktop/TAFLAB_boatpi_roshumble/src/install/lis3mdl_mag/lib/python3.10/site-packages:/home/boat/Desktop/TAFLAB_boatpi_roshumble/src/install/as5600_sensor/lib/python3.10/site-packages:/home/boat/Desktop/TAFLAB_boatpi_roshumble/src/install/xbee_node/lib/python3.10/site-packages:/home/boat/Desktop/TAFLAB_boatpi_roshumble/src/install/taflab_msgs/local/lib/python3.10/dist-packages:/home/boat/Desktop/TAFLAB_boatpi_roshumble/src/install/boat_logic/lib/python3.10/site-packages:/home/boat/Desktop/TAFLAB_boatpi_roshumble/src/install/boat_launch/lib/python3.10/site-packages:/home/boat/Desktop/TAFLAB_boatpi_roshumble/src/install/gps_gt_u7/lib/python3.10/site-packages:/home/boat/Desktop/TAFLAB_boatpi_roshumble/src/install/control_py/lib/python3.10/site-packages:/opt/ros/humble/lib/python3.10/site-packages:/opt/ros/humble/local/lib/python3.10/dist-packages /usr/bin/python3 -W ignore:setup.py install is deprecated setup.py egg_info --egg-base ../build/boat_launch build --build-base /home/boat/Desktop/TAFLAB_boatpi_roshumble/src/build/boat_launch/build install --record /home/boat/Desktop/TAFLAB_boatpi_roshumble/src/build/boat_launch/install.log --single-version-externally-managed install_data
[3.489s] running egg_info
[3.492s] writing ../build/boat_launch/boat_launch.egg-info/PKG-INFO
[3.493s] writing dependency_links to ../build/boat_launch/boat_launch.egg-info/dependency_links.txt
[3.494s] writing entry points to ../build/boat_launch/boat_launch.egg-info/entry_points.txt
[3.495s] writing requirements to ../build/boat_launch/boat_launch.egg-info/requires.txt
[3.495s] writing top-level names to ../build/boat_launch/boat_launch.egg-info/top_level.txt
[3.502s] reading manifest file '../build/boat_launch/boat_launch.egg-info/SOURCES.txt'
[3.507s] writing manifest file '../build/boat_launch/boat_launch.egg-info/SOURCES.txt'
[3.508s] running build
[3.508s] running build_py
[3.509s] running install
[3.511s] running install_lib
[3.516s] running install_data
[3.518s] running install_egg_info
[3.525s] removing '/home/boat/Desktop/TAFLAB_boatpi_roshumble/src/install/boat_launch/lib/python3.10/site-packages/boat_launch-0.0.0-py3.10.egg-info' (and everything under it)
[3.527s] Copying ../build/boat_launch/boat_launch.egg-info to /home/boat/Desktop/TAFLAB_boatpi_roshumble/src/install/boat_launch/lib/python3.10/site-packages/boat_launch-0.0.0-py3.10.egg-info
[3.533s] running install_scripts
[3.616s] writing list of installed files to '/home/boat/Desktop/TAFLAB_boatpi_roshumble/src/build/boat_launch/install.log'
[3.734s] Invoked command in '/home/boat/Desktop/TAFLAB_boatpi_roshumble/src/boat_launch' returned '0': AMENT_PREFIX_PATH=/home/boat/Desktop/TAFLAB_boatpi_roshumble/src/install/lis3mdl_mag:/home/boat/Desktop/TAFLAB_boatpi_roshumble/src/install/as5600_sensor:/home/boat/Desktop/TAFLAB_boatpi_roshumble/src/install/xbee_node:/home/boat/Desktop/TAFLAB_boatpi_roshumble/src/install/taflab_msgs:/home/boat/Desktop/TAFLAB_boatpi_roshumble/src/install/boat_logic:/home/boat/Desktop/TAFLAB_boatpi_roshumble/src/install/boat_launch:/home/boat/Desktop/TAFLAB_boatpi_roshumble/src/install/gps_gt_u7:/home/boat/Desktop/TAFLAB_boatpi_roshumble/src/install/control_py:/opt/ros/humble PYTHONPATH=/home/boat/Desktop/TAFLAB_boatpi_roshumble/src/build/boat_launch/prefix_override:/usr/lib/python3/dist-packages/colcon_core/task/python/colcon_distutils_commands:/home/boat/Desktop/TAFLAB_boatpi_roshumble/src/install/boat_launch/lib/python3.10/site-packages:/home/boat/Desktop/TAFLAB_boatpi_roshumble/src/install/lis3mdl_mag/lib/python3.10/site-packages:/home/boat/Desktop/TAFLAB_boatpi_roshumble/src/install/as5600_sensor/lib/python3.10/site-packages:/home/boat/Desktop/TAFLAB_boatpi_roshumble/src/install/xbee_node/lib/python3.10/site-packages:/home/boat/Desktop/TAFLAB_boatpi_roshumble/src/install/taflab_msgs/local/lib/python3.10/dist-packages:/home/boat/Desktop/TAFLAB_boatpi_roshumble/src/install/boat_logic/lib/python3.10/site-packages:/home/boat/Desktop/TAFLAB_boatpi_roshumble/src/install/boat_launch/lib/python3.10/site-packages:/home/boat/Desktop/TAFLAB_boatpi_roshumble/src/install/gps_gt_u7/lib/python3.10/site-packages:/home/boat/Desktop/TAFLAB_boatpi_roshumble/src/install/control_py/lib/python3.10/site-packages:/opt/ros/humble/lib/python3.10/site-packages:/opt/ros/humble/local/lib/python3.10/dist-packages /usr/bin/python3 -W ignore:setup.py install is deprecated setup.py egg_info --egg-base ../build/boat_launch build --build-base /home/boat/Desktop/TAFLAB_boatpi_roshumble/src/build/boat_launch/build install --record /home/boat/Desktop/TAFLAB_boatpi_roshumble/src/build/boat_launch/install.log --single-version-externally-managed install_data
