[0.067s] Invoking command in '/home/boat/Desktop/src/boat_control_system_final/build/boat_control_system_final': CMAKE_PREFIX_PATH=/opt/ros/humble /usr/bin/cmake --build /home/boat/Desktop/src/boat_control_system_final/build/boat_control_system_final -- -j4 -l4
[0.182s] -- Found ament_cmake: 1.3.10 (/opt/ros/humble/share/ament_cmake/cmake)
[0.818s] -- Found rclcpp: 16.0.10 (/opt/ros/humble/share/rclcpp/cmake)
[1.018s] -- Found rosidl_generator_c: 3.1.5 (/opt/ros/humble/share/rosidl_generator_c/cmake)
[1.030s] -- Found rosidl_adapter: 3.1.5 (/opt/ros/humble/share/rosidl_adapter/cmake)
[1.058s] -- Found rosidl_generator_cpp: 3.1.5 (/opt/ros/humble/share/rosidl_generator_cpp/cmake)
[1.102s] -- Using all available rosidl_typesupport_c: rosidl_typesupport_fastrtps_c;rosidl_typesupport_introspection_c
[1.166s] -- Using all available rosidl_typesupport_cpp: rosidl_typesupport_fastrtps_cpp;rosidl_typesupport_introspection_cpp
[1.327s] -- Found rmw_implementation_cmake: 6.1.2 (/opt/ros/humble/share/rmw_implementation_cmake/cmake)
[1.334s] -- Found rmw_fastrtps_cpp: 6.2.7 (/opt/ros/humble/share/rmw_fastrtps_cpp/cmake)
[2.417s] -- Using RMW implementation 'rmw_fastrtps_cpp' as default
[2.638s] -- Found sensor_msgs: 4.2.4 (/opt/ros/humble/share/sensor_msgs/cmake)
[2.785s] -- Found ament_lint_auto: 0.12.11 (/opt/ros/humble/share/ament_lint_auto/cmake)
[3.767s] -- Added test 'cppcheck' to perform static code analysis on C / C++ code
[3.768s] -- Configured cppcheck include dirs: /home/boat/Desktop/src/boat_control_system_final/include/boat_control_system_final
[3.769s] -- Configured cppcheck exclude dirs and/or files: 
[3.847s] -- Added test 'flake8' to check Python code syntax and style conventions
[4.004s] -- Added test 'lint_cmake' to check CMake code style
[4.085s] -- Added test 'pep257' to check Python code against some of the docstring style conventions in PEP 257
[4.700s] -- Added test 'uncrustify' to check C / C++ code style
[4.701s] -- Configured uncrustify additional arguments: 
[4.779s] -- Added test 'xmllint' to check XML markup files
[4.784s] -- Configuring done
[4.820s] [31mCMake Error at CMakeLists.txt:37 (add_library):
[4.821s]   Cannot find source file:
[4.821s] 
[4.822s]     src/CoordinateCalculations.cpp
[4.822s] 
[4.823s]   Tried extensions .c .C .c++ .cc .cpp .cxx .cu .mpp .m .M .mm .ixx .cppm .h
[4.823s]   .hh .h++ .hm .hpp .hxx .in .txx .f .F .for .f77 .f90 .f95 .f03 .hip .ispc
[4.824s] 
[4.824s] [0m
[4.826s] [31mCMake Error at CMakeLists.txt:37 (add_library):
[4.827s]   No SOURCES given to target: CoordinateCalculations
[4.828s] 
[4.828s] [0m
[4.829s] [0mCMake Generate step failed.  Build files cannot be regenerated correctly.[0m
[4.853s] gmake: *** [Makefile:349: cmake_check_build_system] Error 1
[4.860s] Invoked command in '/home/boat/Desktop/src/boat_control_system_final/build/boat_control_system_final' returned '2': CMAKE_PREFIX_PATH=/opt/ros/humble /usr/bin/cmake --build /home/boat/Desktop/src/boat_control_system_final/build/boat_control_system_final -- -j4 -l4
