[0.069s] Invoking command in '/home/boat/Desktop/src/boat_control_system_final/build/boat_control_system_final': CMAKE_PREFIX_PATH=/opt/ros/humble /usr/bin/cmake --build /home/boat/Desktop/src/boat_control_system_final/build/boat_control_system_final -- -j4 -l4
[0.295s] [35m[1mConsolidate compiler generated dependencies of target WaypointQueue[0m
[0.428s] [ 25%] [32mBuilding CXX object CMakeFiles/WaypointQueue.dir/src/WaypointQueue.cpp.o[0m
[12.278s] In file included from [01m[K/home/boat/Desktop/src/boat_control_system_final/src/WaypointQueue.cpp:15[m[K:
[12.279s] [01m[K/home/boat/Desktop/src/boat_control_system_final/include/boat_control_system_final/WaypointQueue.hpp:24:10:[m[K [01;31m[Kerror: [m[Kextra qualification ‘[01m[KWaypointQueue::[m[K’ on member ‘[01m[Kinitialize_autonomous_mode[m[K’ [[01;31m[K]8;;https://gcc.gnu.org/onlinedocs/gcc/Warning-Options.html#index-fpermissive-fpermissive]8;;[m[K]
[12.279s]    24 |     void [01;31m[KWaypointQueue[m[K::initialize_autonomous_mode(std::shared_ptr<rclcpp::Node> node);
[12.280s]       |          [01;31m[K^~~~~~~~~~~~~[m[K
[12.295s] In file included from [01m[K/opt/ros/humble/include/rclcpp/rclcpp/logging.hpp:24[m[K,
[12.296s]                  from [01m[K/opt/ros/humble/include/rclcpp/rclcpp/client.hpp:40[m[K,
[12.297s]                  from [01m[K/opt/ros/humble/include/rclcpp/rclcpp/callback_group.hpp:24[m[K,
[12.297s]                  from [01m[K/opt/ros/humble/include/rclcpp/rclcpp/any_executable.hpp:20[m[K,
[12.298s]                  from [01m[K/opt/ros/humble/include/rclcpp/rclcpp/memory_strategy.hpp:25[m[K,
[12.298s]                  from [01m[K/opt/ros/humble/include/rclcpp/rclcpp/memory_strategies.hpp:18[m[K,
[12.298s]                  from [01m[K/opt/ros/humble/include/rclcpp/rclcpp/executor_options.hpp:20[m[K,
[12.299s]                  from [01m[K/opt/ros/humble/include/rclcpp/rclcpp/executor.hpp:37[m[K,
[12.299s]                  from [01m[K/opt/ros/humble/include/rclcpp/rclcpp/executors/multi_threaded_executor.hpp:25[m[K,
[12.299s]                  from [01m[K/opt/ros/humble/include/rclcpp/rclcpp/executors.hpp:21[m[K,
[12.300s]                  from [01m[K/opt/ros/humble/include/rclcpp/rclcpp/rclcpp.hpp:155[m[K,
[12.300s]                  from [01m[K/home/boat/Desktop/src/boat_control_system_final/src/WaypointQueue.cpp:13[m[K:
[12.300s] [01m[K/home/boat/Desktop/src/boat_control_system_final/src/WaypointQueue.cpp:[m[K In lambda function:
[12.301s] [01m[K/home/boat/Desktop/src/boat_control_system_final/src/WaypointQueue.cpp:35:25:[m[K [01;31m[Kerror: [m[K‘[01m[Knode[m[K’ is not captured
[12.301s]    35 |             RCLCPP_INFO([01;31m[Knode[m[K->get_logger(), "Processing waypoint: [lat: %.6f, lon: %.6f, alt: %.2f]",
[12.302s]       |                         [01;31m[K^~~~[m[K
[12.302s] [01m[K/home/boat/Desktop/src/boat_control_system_final/src/WaypointQueue.cpp:25:32:[m[K [01;36m[Knote: [m[Kthe lambda has no capture-default
[12.303s]    25 |     auto timer_callback = [this[01;36m[K][m[K() {
[12.303s]       |                                [01;36m[K^[m[K
[12.303s] [01m[K/home/boat/Desktop/src/boat_control_system_final/src/WaypointQueue.cpp:17:78:[m[K [01;36m[Knote: [m[K‘[01m[Kstd::shared_ptr<rclcpp::Node> node[m[K’ declared here
[12.304s]    17 | void WaypointQueue::initialize_autonomous_mode([01;36m[Kstd::shared_ptr<rclcpp::Node> node[m[K)
[12.304s]       |                                                [01;36m[K~~~~~~~~~~~~~~~~~~~~~~~~~~~~~~^~~~[m[K
[12.304s] In file included from [01m[K/opt/ros/humble/include/rclcpp/rclcpp/logging.hpp:24[m[K,
[12.305s]                  from [01m[K/opt/ros/humble/include/rclcpp/rclcpp/client.hpp:40[m[K,
[12.305s]                  from [01m[K/opt/ros/humble/include/rclcpp/rclcpp/callback_group.hpp:24[m[K,
[12.306s]                  from [01m[K/opt/ros/humble/include/rclcpp/rclcpp/any_executable.hpp:20[m[K,
[12.307s]                  from [01m[K/opt/ros/humble/include/rclcpp/rclcpp/memory_strategy.hpp:25[m[K,
[12.307s]                  from [01m[K/opt/ros/humble/include/rclcpp/rclcpp/memory_strategies.hpp:18[m[K,
[12.308s]                  from [01m[K/opt/ros/humble/include/rclcpp/rclcpp/executor_options.hpp:20[m[K,
[12.308s]                  from [01m[K/opt/ros/humble/include/rclcpp/rclcpp/executor.hpp:37[m[K,
[12.311s]                  from [01m[K/opt/ros/humble/include/rclcpp/rclcpp/executors/multi_threaded_executor.hpp:25[m[K,
[12.312s]                  from [01m[K/opt/ros/humble/include/rclcpp/rclcpp/executors.hpp:21[m[K,
[12.312s]                  from [01m[K/opt/ros/humble/include/rclcpp/rclcpp/rclcpp.hpp:155[m[K,
[12.313s]                  from [01m[K/home/boat/Desktop/src/boat_control_system_final/src/WaypointQueue.cpp:13[m[K:
[12.314s] [01m[K/home/boat/Desktop/src/boat_control_system_final/src/WaypointQueue.cpp:35:25:[m[K [01;31m[Kerror: [m[K‘[01m[Knode[m[K’ is not captured
[12.315s]    35 |             RCLCPP_INFO([01;31m[Knode[m[K->get_logger(), "Processing waypoint: [lat: %.6f, lon: %.6f, alt: %.2f]",
[12.316s]       |                         [01;31m[K^~~~[m[K
[12.317s] [01m[K/home/boat/Desktop/src/boat_control_system_final/src/WaypointQueue.cpp:25:32:[m[K [01;36m[Knote: [m[Kthe lambda has no capture-default
[12.318s]    25 |     auto timer_callback = [this[01;36m[K][m[K() {
[12.318s]       |                                [01;36m[K^[m[K
[12.319s] [01m[K/home/boat/Desktop/src/boat_control_system_final/src/WaypointQueue.cpp:17:78:[m[K [01;36m[Knote: [m[K‘[01m[Kstd::shared_ptr<rclcpp::Node> node[m[K’ declared here
[12.320s]    17 | void WaypointQueue::initialize_autonomous_mode([01;36m[Kstd::shared_ptr<rclcpp::Node> node[m[K)
[12.320s]       |                                                [01;36m[K~~~~~~~~~~~~~~~~~~~~~~~~~~~~~~^~~~[m[K
[12.329s] [01m[K/home/boat/Desktop/src/boat_control_system_final/src/WaypointQueue.cpp:[m[K In member function ‘[01m[Kvoid WaypointQueue::initialize_autonomous_mode(std::shared_ptr<rclcpp::Node>)[m[K’:
[12.330s] [01m[K/home/boat/Desktop/src/boat_control_system_final/src/WaypointQueue.cpp:41:5:[m[K [01;31m[Kerror: [m[K‘[01m[Ktimer_[m[K’ was not declared in this scope; did you mean ‘[01m[Ktimer_t[m[K’?
[12.331s]    41 |     [01;31m[Ktimer_[m[K = node->create_wall_timer(std::chrono::seconds(1), timer_callback);
[12.331s]       |     [01;31m[K^~~~~~[m[K
[12.332s]       |     [32m[Ktimer_t[m[K
[14.295s] gmake[2]: *** [CMakeFiles/WaypointQueue.dir/build.make:76: CMakeFiles/WaypointQueue.dir/src/WaypointQueue.cpp.o] Error 1
[14.296s] gmake[1]: *** [CMakeFiles/Makefile2:165: CMakeFiles/WaypointQueue.dir/all] Error 2
[14.297s] gmake: *** [Makefile:146: all] Error 2
[14.304s] Invoked command in '/home/boat/Desktop/src/boat_control_system_final/build/boat_control_system_final' returned '2': CMAKE_PREFIX_PATH=/opt/ros/humble /usr/bin/cmake --build /home/boat/Desktop/src/boat_control_system_final/build/boat_control_system_final -- -j4 -l4
