In file included from [01m[K/home/boat/Desktop/src/boat_control_system_final/src/RudderServoControlNode.cpp:16[m[K:
[01m[K/home/boat/Desktop/src/boat_control_system_final/include/boat_control_system_final/RudderServoControlNode.hpp:34:19:[m[K [01;31m[Kerror: [m[Kclass template placeholder ‘[01m[Ksensor_msgs::msg::NavSatFix_[m[K’ not permitted in this context
   34 |     void turnBoat([01;31m[Ksensor_msgs[m[K::msg::NavSatFix_ target_position);
      |                   [01;31m[K^~~~~~~~~~~[m[K
[01m[K/home/boat/Desktop/src/boat_control_system_final/src/RudderServoControlNode.cpp:88:39:[m[K [01;31m[Kerror: [m[Kclass template placeholder ‘[01m[Ksensor_msgs::msg::NavSatFix_[m[K’ not permitted in this context
   88 | void RudderServoControlNode::turnBoat([01;31m[Ksensor_msgs[m[K::msg::NavSatFix_ target_position)
      |                                       [01;31m[K^~~~~~~~~~~[m[K
[01m[K/home/boat/Desktop/src/boat_control_system_final/src/RudderServoControlNode.cpp:[m[K In member function ‘[01m[Kvoid RudderServoControlNode::turnBoat(...)[m[K’:
[01m[K/home/boat/Desktop/src/boat_control_system_final/src/RudderServoControlNode.cpp:95:116:[m[K [01;31m[Kerror: [m[K‘[01m[Ktarget_position[m[K’ was not declared in this scope
   95 |         std::tie(turn_direction, turn_angle) = CoordinateCalculations::getInstance().calculate_directional_bearing([01;31m[Ktarget_position[m[K);
      |                                                                                                                    [01;31m[K^~~~~~~~~~~~~~~[m[K
[01m[K/home/boat/Desktop/src/boat_control_system_final/src/RudderServoControlNode.cpp:123:33:[m[K [01;31m[Kerror: [m[Kno match for ‘[01m[Koperator-[m[K’ (operand types are ‘[01m[Kfloat[m[K’ and ‘[01m[Kstd::string[m[K’ {aka ‘[01m[Kstd::__cxx11::basic_string<char>[m[K’})
  123 |         if (abs([32m[Kcurrent_heading[m[K [01;31m[K-[m[K [34m[Kturn_direction[m[K) > 10.0f) {
      |                 [32m[K~~~~~~~~~~~~~~~[m[K [01;31m[K^[m[K [34m[K~~~~~~~~~~~~~~[m[K
      |                 [32m[K|[m[K                 [34m[K|[m[K
      |                 [32m[Kfloat[m[K             [34m[Kstd::string {aka std::__cxx11::basic_string<char>}[m[K
In file included from [01m[K/usr/include/c++/11/bits/stl_algobase.h:67[m[K,
                 from [01m[K/usr/include/c++/11/algorithm:61[m[K,
                 from [01m[K/opt/ros/humble/include/std_msgs/std_msgs/msg/detail/string__struct.hpp:8[m[K,
                 from [01m[K/opt/ros/humble/include/std_msgs/std_msgs/msg/string.hpp:7[m[K,
                 from [01m[K/home/boat/Desktop/src/boat_control_system_final/src/RudderServoControlNode.cpp:6[m[K:
[01m[K/usr/include/c++/11/bits/stl_iterator.h:577:5:[m[K [01;36m[Knote: [m[Kcandidate: ‘[01m[Ktemplate<class _IteratorL, class _IteratorR> constexpr decltype ((__y.base() - __x.base())) std::operator-(const std::reverse_iterator<_Iterator>&, const std::reverse_iterator<_IteratorR>&)[m[K’
  577 |     [01;36m[Koperator[m[K-(const reverse_iterator<_IteratorL>& __x,
      |     [01;36m[K^~~~~~~~[m[K
[01m[K/usr/include/c++/11/bits/stl_iterator.h:577:5:[m[K [01;36m[Knote: [m[K  template argument deduction/substitution failed:
[01m[K/home/boat/Desktop/src/boat_control_system_final/src/RudderServoControlNode.cpp:123:35:[m[K [01;36m[Knote: [m[K  mismatched types ‘[01m[Kconst std::reverse_iterator<_Iterator>[m[K’ and ‘[01m[Kfloat[m[K’
  123 |         if (abs(current_heading - [01;36m[Kturn_direction[m[K) > 10.0f) {
      |                                   [01;36m[K^~~~~~~~~~~~~~[m[K
In file included from [01m[K/usr/include/c++/11/bits/stl_algobase.h:67[m[K,
                 from [01m[K/usr/include/c++/11/algorithm:61[m[K,
                 from [01m[K/opt/ros/humble/include/std_msgs/std_msgs/msg/detail/string__struct.hpp:8[m[K,
                 from [01m[K/opt/ros/humble/include/std_msgs/std_msgs/msg/string.hpp:7[m[K,
                 from [01m[K/home/boat/Desktop/src/boat_control_system_final/src/RudderServoControlNode.cpp:6[m[K:
[01m[K/usr/include/c++/11/bits/stl_iterator.h:1693:5:[m[K [01;36m[Knote: [m[Kcandidate: ‘[01m[Ktemplate<class _IteratorL, class _IteratorR> constexpr decltype ((__x.base() - __y.base())) std::operator-(const std::move_iterator<_IteratorL>&, const std::move_iterator<_IteratorR>&)[m[K’
 1693 |     [01;36m[Koperator[m[K-(const move_iterator<_IteratorL>& __x,
      |     [01;36m[K^~~~~~~~[m[K
[01m[K/usr/include/c++/11/bits/stl_iterator.h:1693:5:[m[K [01;36m[Knote: [m[K  template argument deduction/substitution failed:
[01m[K/home/boat/Desktop/src/boat_control_system_final/src/RudderServoControlNode.cpp:123:35:[m[K [01;36m[Knote: [m[K  mismatched types ‘[01m[Kconst std::move_iterator<_IteratorL>[m[K’ and ‘[01m[Kfloat[m[K’
  123 |         if (abs(current_heading - [01;36m[Kturn_direction[m[K) > 10.0f) {
      |                                   [01;36m[K^~~~~~~~~~~~~~[m[K
In file included from [01m[K/usr/include/c++/11/bits/stl_algobase.h:67[m[K,
                 from [01m[K/usr/include/c++/11/algorithm:61[m[K,
                 from [01m[K/opt/ros/humble/include/std_msgs/std_msgs/msg/detail/string__struct.hpp:8[m[K,
                 from [01m[K/opt/ros/humble/include/std_msgs/std_msgs/msg/string.hpp:7[m[K,
                 from [01m[K/home/boat/Desktop/src/boat_control_system_final/src/RudderServoControlNode.cpp:6[m[K:
[01m[K/usr/include/c++/11/bits/stl_iterator.h:1255:5:[m[K [01;36m[Knote: [m[Kcandidate: ‘[01m[Ktemplate<class _IteratorL, class _IteratorR, class _Container> decltype ((__lhs.base() - __rhs.base())) __gnu_cxx::operator-(const __gnu_cxx::__normal_iterator<_IteratorL, _Container>&, const __gnu_cxx::__normal_iterator<_IteratorR, _Container>&)[m[K’
 1255 |     [01;36m[Koperator[m[K-(const __normal_iterator<_IteratorL, _Container>& __lhs,
      |     [01;36m[K^~~~~~~~[m[K
[01m[K/usr/include/c++/11/bits/stl_iterator.h:1255:5:[m[K [01;36m[Knote: [m[K  template argument deduction/substitution failed:
[01m[K/home/boat/Desktop/src/boat_control_system_final/src/RudderServoControlNode.cpp:123:35:[m[K [01;36m[Knote: [m[K  mismatched types ‘[01m[Kconst __gnu_cxx::__normal_iterator<_IteratorL, _Container>[m[K’ and ‘[01m[Kfloat[m[K’
  123 |         if (abs(current_heading - [01;36m[Kturn_direction[m[K) > 10.0f) {
      |                                   [01;36m[K^~~~~~~~~~~~~~[m[K
In file included from [01m[K/usr/include/c++/11/bits/stl_algobase.h:67[m[K,
                 from [01m[K/usr/include/c++/11/algorithm:61[m[K,
                 from [01m[K/opt/ros/humble/include/std_msgs/std_msgs/msg/detail/string__struct.hpp:8[m[K,
                 from [01m[K/opt/ros/humble/include/std_msgs/std_msgs/msg/string.hpp:7[m[K,
                 from [01m[K/home/boat/Desktop/src/boat_control_system_final/src/RudderServoControlNode.cpp:6[m[K:
[01m[K/usr/include/c++/11/bits/stl_iterator.h:1268:5:[m[K [01;36m[Knote: [m[Kcandidate: ‘[01m[Ktemplate<class _Iterator, class _Container> typename __gnu_cxx::__normal_iterator<_Iterator, _Container>::difference_type __gnu_cxx::operator-(const __gnu_cxx::__normal_iterator<_Iterator, _Container>&, const __gnu_cxx::__normal_iterator<_Iterator, _Container>&)[m[K’
 1268 |     [01;36m[Koperator[m[K-(const __normal_iterator<_Iterator, _Container>& __lhs,
      |     [01;36m[K^~~~~~~~[m[K
[01m[K/usr/include/c++/11/bits/stl_iterator.h:1268:5:[m[K [01;36m[Knote: [m[K  template argument deduction/substitution failed:
[01m[K/home/boat/Desktop/src/boat_control_system_final/src/RudderServoControlNode.cpp:123:35:[m[K [01;36m[Knote: [m[K  mismatched types ‘[01m[Kconst __gnu_cxx::__normal_iterator<_Iterator, _Container>[m[K’ and ‘[01m[Kfloat[m[K’
  123 |         if (abs(current_heading - [01;36m[Kturn_direction[m[K) > 10.0f) {
      |                                   [01;36m[K^~~~~~~~~~~~~~[m[K
In file included from [01m[K/opt/ros/humble/include/rclcpp/rclcpp/logging.hpp:24[m[K,
                 from [01m[K/opt/ros/humble/include/rclcpp/rclcpp/client.hpp:40[m[K,
                 from [01m[K/opt/ros/humble/include/rclcpp/rclcpp/callback_group.hpp:24[m[K,
                 from [01m[K/opt/ros/humble/include/rclcpp/rclcpp/any_executable.hpp:20[m[K,
                 from [01m[K/opt/ros/humble/include/rclcpp/rclcpp/memory_strategy.hpp:25[m[K,
                 from [01m[K/opt/ros/humble/include/rclcpp/rclcpp/memory_strategies.hpp:18[m[K,
                 from [01m[K/opt/ros/humble/include/rclcpp/rclcpp/executor_options.hpp:20[m[K,
                 from [01m[K/opt/ros/humble/include/rclcpp/rclcpp/executor.hpp:37[m[K,
                 from [01m[K/opt/ros/humble/include/rclcpp/rclcpp/executors/multi_threaded_executor.hpp:25[m[K,
                 from [01m[K/opt/ros/humble/include/rclcpp/rclcpp/executors.hpp:21[m[K,
                 from [01m[K/opt/ros/humble/include/rclcpp/rclcpp/rclcpp.hpp:155[m[K,
                 from [01m[K/home/boat/Desktop/src/boat_control_system_final/include/boat_control_system_final/RudderServoControlNode.hpp:9[m[K,
                 from [01m[K/home/boat/Desktop/src/boat_control_system_final/src/RudderServoControlNode.cpp:16[m[K:
[01m[K/home/boat/Desktop/src/boat_control_system_final/src/RudderServoControlNode.cpp:125:45:[m[K [01;35m[Kwarning: [m[Kformat ‘[01m[K%f[m[K’ expects argument of type ‘[01m[Kdouble[m[K’, but argument 6 has type ‘[01m[Kstd::string[m[K’ {aka ‘[01m[Kstd::__cxx11::basic_string<char>[m[K’} [[01;35m[K]8;;https://gcc.gnu.org/onlinedocs/gcc/Warning-Options.html#index-Wformat=-Wformat=]8;;[m[K]
  125 |             RCLCPP_WARN(this->get_logger(), [01;35m[K"Correcting for significant drift: Current heading %.2f, Desired heading %.2f"[m[K, current_heading, turn_direction);
      |                                             [01;35m[K^~~~~~~~~~~~~~~~~~~~~~~~~~~~~~~~~~~~~~~~~~~~~~~~~~~~~~~~~~~~~~~~~~~~~~~~~~~~~~[m[K
[01m[K/home/boat/Desktop/src/boat_control_system_final/src/RudderServoControlNode.cpp:125:121:[m[K [01;36m[Knote: [m[Kformat string is defined here
  125 |             RCLCPP_WARN(this->get_logger(), "Correcting for significant drift: Current heading %.2f, Desired heading [01;36m[K%.2f[m[K", current_heading, turn_direction);
      |                                                                                                                      [01;36m[K~~~^[m[K
      |                                                                                                                         [01;36m[K|[m[K
      |                                                                                                                         [01;36m[Kdouble[m[K
gmake[2]: *** [CMakeFiles/RudderServoControlNode.dir/build.make:76: CMakeFiles/RudderServoControlNode.dir/src/RudderServoControlNode.cpp.o] Error 1
gmake[1]: *** [CMakeFiles/Makefile2:281: CMakeFiles/RudderServoControlNode.dir/all] Error 2
gmake: *** [Makefile:146: all] Error 2
