[0.092s] Invoking command in '/home/boat/Desktop/src/boat_control_system_final/build/boat_control_system_final': CMAKE_PREFIX_PATH=/opt/ros/humble /usr/bin/cmake --build /home/boat/Desktop/src/boat_control_system_final/build/boat_control_system_final -- -j4 -l4
[0.388s] [ 16%] Built target CoordinateCalculations
[0.415s] [ 33%] Built target WaypointQueue
[0.507s] [35m[1mConsolidate compiler generated dependencies of target RudderServoControlNode[0m
[0.572s] [ 50%] Built target CoordinateCalculationsNodeLib
[0.595s] [ 66%] Built target WaypointQueueNode
[0.634s] [ 75%] [32mBuilding CXX object CMakeFiles/RudderServoControlNode.dir/src/RudderServoControlNode.cpp.o[0m
[0.714s] [ 91%] Built target CoordinateCalculationsNodeExec
[11.938s] In file included from [01m[K/home/boat/Desktop/src/boat_control_system_final/src/RudderServoControlNode.cpp:16[m[K:
[11.938s] [01m[K/home/boat/Desktop/src/boat_control_system_final/include/boat_control_system_final/RudderServoControlNode.hpp:34:19:[m[K [01;31m[Kerror: [m[Kclass template placeholder ‘[01m[Ksensor_msgs::msg::NavSatFix_[m[K’ not permitted in this context
[11.939s]    34 |     void turnBoat([01;31m[Ksensor_msgs[m[K::msg::NavSatFix_ target_position);
[11.939s]       |                   [01;31m[K^~~~~~~~~~~[m[K
[12.783s] [01m[K/home/boat/Desktop/src/boat_control_system_final/src/RudderServoControlNode.cpp:88:39:[m[K [01;31m[Kerror: [m[Kclass template placeholder ‘[01m[Ksensor_msgs::msg::NavSatFix_[m[K’ not permitted in this context
[12.784s]    88 | void RudderServoControlNode::turnBoat([01;31m[Ksensor_msgs[m[K::msg::NavSatFix_ target_position)
[12.784s]       |                                       [01;31m[K^~~~~~~~~~~[m[K
[12.832s] [01m[K/home/boat/Desktop/src/boat_control_system_final/src/RudderServoControlNode.cpp:[m[K In member function ‘[01m[Kvoid RudderServoControlNode::turnBoat(...)[m[K’:
[12.832s] [01m[K/home/boat/Desktop/src/boat_control_system_final/src/RudderServoControlNode.cpp:95:116:[m[K [01;31m[Kerror: [m[K‘[01m[Ktarget_position[m[K’ was not declared in this scope
[12.833s]    95 |         std::tie(turn_direction, turn_angle) = CoordinateCalculations::getInstance().calculate_directional_bearing([01;31m[Ktarget_position[m[K);
[12.833s]       |                                                                                                                    [01;31m[K^~~~~~~~~~~~~~~[m[K
[12.836s] [01m[K/home/boat/Desktop/src/boat_control_system_final/src/RudderServoControlNode.cpp:123:33:[m[K [01;31m[Kerror: [m[Kno match for ‘[01m[Koperator-[m[K’ (operand types are ‘[01m[Kfloat[m[K’ and ‘[01m[Kstd::string[m[K’ {aka ‘[01m[Kstd::__cxx11::basic_string<char>[m[K’})
[12.837s]   123 |         if (abs([32m[Kcurrent_heading[m[K [01;31m[K-[m[K [34m[Kturn_direction[m[K) > 10.0f) {
[12.838s]       |                 [32m[K~~~~~~~~~~~~~~~[m[K [01;31m[K^[m[K [34m[K~~~~~~~~~~~~~~[m[K
[12.838s]       |                 [32m[K|[m[K                 [34m[K|[m[K
[12.839s]       |                 [32m[Kfloat[m[K             [34m[Kstd::string {aka std::__cxx11::basic_string<char>}[m[K
[12.840s] In file included from [01m[K/usr/include/c++/11/bits/stl_algobase.h:67[m[K,
[12.840s]                  from [01m[K/usr/include/c++/11/algorithm:61[m[K,
[12.841s]                  from [01m[K/opt/ros/humble/include/std_msgs/std_msgs/msg/detail/string__struct.hpp:8[m[K,
[12.841s]                  from [01m[K/opt/ros/humble/include/std_msgs/std_msgs/msg/string.hpp:7[m[K,
[12.842s]                  from [01m[K/home/boat/Desktop/src/boat_control_system_final/src/RudderServoControlNode.cpp:6[m[K:
[12.842s] [01m[K/usr/include/c++/11/bits/stl_iterator.h:577:5:[m[K [01;36m[Knote: [m[Kcandidate: ‘[01m[Ktemplate<class _IteratorL, class _IteratorR> constexpr decltype ((__y.base() - __x.base())) std::operator-(const std::reverse_iterator<_Iterator>&, const std::reverse_iterator<_IteratorR>&)[m[K’
[12.843s]   577 |     [01;36m[Koperator[m[K-(const reverse_iterator<_IteratorL>& __x,
[12.843s]       |     [01;36m[K^~~~~~~~[m[K
[12.844s] [01m[K/usr/include/c++/11/bits/stl_iterator.h:577:5:[m[K [01;36m[Knote: [m[K  template argument deduction/substitution failed:
[12.844s] [01m[K/home/boat/Desktop/src/boat_control_system_final/src/RudderServoControlNode.cpp:123:35:[m[K [01;36m[Knote: [m[K  mismatched types ‘[01m[Kconst std::reverse_iterator<_Iterator>[m[K’ and ‘[01m[Kfloat[m[K’
[12.845s]   123 |         if (abs(current_heading - [01;36m[Kturn_direction[m[K) > 10.0f) {
[12.845s]       |                                   [01;36m[K^~~~~~~~~~~~~~[m[K
[12.845s] In file included from [01m[K/usr/include/c++/11/bits/stl_algobase.h:67[m[K,
[12.846s]                  from [01m[K/usr/include/c++/11/algorithm:61[m[K,
[12.846s]                  from [01m[K/opt/ros/humble/include/std_msgs/std_msgs/msg/detail/string__struct.hpp:8[m[K,
[12.847s]                  from [01m[K/opt/ros/humble/include/std_msgs/std_msgs/msg/string.hpp:7[m[K,
[12.847s]                  from [01m[K/home/boat/Desktop/src/boat_control_system_final/src/RudderServoControlNode.cpp:6[m[K:
[12.848s] [01m[K/usr/include/c++/11/bits/stl_iterator.h:1693:5:[m[K [01;36m[Knote: [m[Kcandidate: ‘[01m[Ktemplate<class _IteratorL, class _IteratorR> constexpr decltype ((__x.base() - __y.base())) std::operator-(const std::move_iterator<_IteratorL>&, const std::move_iterator<_IteratorR>&)[m[K’
[12.848s]  1693 |     [01;36m[Koperator[m[K-(const move_iterator<_IteratorL>& __x,
[12.849s]       |     [01;36m[K^~~~~~~~[m[K
[12.849s] [01m[K/usr/include/c++/11/bits/stl_iterator.h:1693:5:[m[K [01;36m[Knote: [m[K  template argument deduction/substitution failed:
[12.850s] [01m[K/home/boat/Desktop/src/boat_control_system_final/src/RudderServoControlNode.cpp:123:35:[m[K [01;36m[Knote: [m[K  mismatched types ‘[01m[Kconst std::move_iterator<_IteratorL>[m[K’ and ‘[01m[Kfloat[m[K’
[12.850s]   123 |         if (abs(current_heading - [01;36m[Kturn_direction[m[K) > 10.0f) {
[12.851s]       |                                   [01;36m[K^~~~~~~~~~~~~~[m[K
[12.851s] In file included from [01m[K/usr/include/c++/11/bits/stl_algobase.h:67[m[K,
[12.852s]                  from [01m[K/usr/include/c++/11/algorithm:61[m[K,
[12.852s]                  from [01m[K/opt/ros/humble/include/std_msgs/std_msgs/msg/detail/string__struct.hpp:8[m[K,
[12.853s]                  from [01m[K/opt/ros/humble/include/std_msgs/std_msgs/msg/string.hpp:7[m[K,
[12.853s]                  from [01m[K/home/boat/Desktop/src/boat_control_system_final/src/RudderServoControlNode.cpp:6[m[K:
[12.854s] [01m[K/usr/include/c++/11/bits/stl_iterator.h:1255:5:[m[K [01;36m[Knote: [m[Kcandidate: ‘[01m[Ktemplate<class _IteratorL, class _IteratorR, class _Container> decltype ((__lhs.base() - __rhs.base())) __gnu_cxx::operator-(const __gnu_cxx::__normal_iterator<_IteratorL, _Container>&, const __gnu_cxx::__normal_iterator<_IteratorR, _Container>&)[m[K’
[12.854s]  1255 |     [01;36m[Koperator[m[K-(const __normal_iterator<_IteratorL, _Container>& __lhs,
[12.855s]       |     [01;36m[K^~~~~~~~[m[K
[12.856s] [01m[K/usr/include/c++/11/bits/stl_iterator.h:1255:5:[m[K [01;36m[Knote: [m[K  template argument deduction/substitution failed:
[12.856s] [01m[K/home/boat/Desktop/src/boat_control_system_final/src/RudderServoControlNode.cpp:123:35:[m[K [01;36m[Knote: [m[K  mismatched types ‘[01m[Kconst __gnu_cxx::__normal_iterator<_IteratorL, _Container>[m[K’ and ‘[01m[Kfloat[m[K’
[12.857s]   123 |         if (abs(current_heading - [01;36m[Kturn_direction[m[K) > 10.0f) {
[12.857s]       |                                   [01;36m[K^~~~~~~~~~~~~~[m[K
[12.858s] In file included from [01m[K/usr/include/c++/11/bits/stl_algobase.h:67[m[K,
[12.858s]                  from [01m[K/usr/include/c++/11/algorithm:61[m[K,
[12.858s]                  from [01m[K/opt/ros/humble/include/std_msgs/std_msgs/msg/detail/string__struct.hpp:8[m[K,
[12.859s]                  from [01m[K/opt/ros/humble/include/std_msgs/std_msgs/msg/string.hpp:7[m[K,
[12.859s]                  from [01m[K/home/boat/Desktop/src/boat_control_system_final/src/RudderServoControlNode.cpp:6[m[K:
[12.860s] [01m[K/usr/include/c++/11/bits/stl_iterator.h:1268:5:[m[K [01;36m[Knote: [m[Kcandidate: ‘[01m[Ktemplate<class _Iterator, class _Container> typename __gnu_cxx::__normal_iterator<_Iterator, _Container>::difference_type __gnu_cxx::operator-(const __gnu_cxx::__normal_iterator<_Iterator, _Container>&, const __gnu_cxx::__normal_iterator<_Iterator, _Container>&)[m[K’
[12.860s]  1268 |     [01;36m[Koperator[m[K-(const __normal_iterator<_Iterator, _Container>& __lhs,
[12.861s]       |     [01;36m[K^~~~~~~~[m[K
[12.861s] [01m[K/usr/include/c++/11/bits/stl_iterator.h:1268:5:[m[K [01;36m[Knote: [m[K  template argument deduction/substitution failed:
[12.862s] [01m[K/home/boat/Desktop/src/boat_control_system_final/src/RudderServoControlNode.cpp:123:35:[m[K [01;36m[Knote: [m[K  mismatched types ‘[01m[Kconst __gnu_cxx::__normal_iterator<_Iterator, _Container>[m[K’ and ‘[01m[Kfloat[m[K’
[12.862s]   123 |         if (abs(current_heading - [01;36m[Kturn_direction[m[K) > 10.0f) {
[12.863s]       |                                   [01;36m[K^~~~~~~~~~~~~~[m[K
[12.863s] In file included from [01m[K/opt/ros/humble/include/rclcpp/rclcpp/logging.hpp:24[m[K,
[12.864s]                  from [01m[K/opt/ros/humble/include/rclcpp/rclcpp/client.hpp:40[m[K,
[12.864s]                  from [01m[K/opt/ros/humble/include/rclcpp/rclcpp/callback_group.hpp:24[m[K,
[12.865s]                  from [01m[K/opt/ros/humble/include/rclcpp/rclcpp/any_executable.hpp:20[m[K,
[12.865s]                  from [01m[K/opt/ros/humble/include/rclcpp/rclcpp/memory_strategy.hpp:25[m[K,
[12.866s]                  from [01m[K/opt/ros/humble/include/rclcpp/rclcpp/memory_strategies.hpp:18[m[K,
[12.866s]                  from [01m[K/opt/ros/humble/include/rclcpp/rclcpp/executor_options.hpp:20[m[K,
[12.867s]                  from [01m[K/opt/ros/humble/include/rclcpp/rclcpp/executor.hpp:37[m[K,
[12.867s]                  from [01m[K/opt/ros/humble/include/rclcpp/rclcpp/executors/multi_threaded_executor.hpp:25[m[K,
[12.868s]                  from [01m[K/opt/ros/humble/include/rclcpp/rclcpp/executors.hpp:21[m[K,
[12.869s]                  from [01m[K/opt/ros/humble/include/rclcpp/rclcpp/rclcpp.hpp:155[m[K,
[12.869s]                  from [01m[K/home/boat/Desktop/src/boat_control_system_final/include/boat_control_system_final/RudderServoControlNode.hpp:9[m[K,
[12.870s]                  from [01m[K/home/boat/Desktop/src/boat_control_system_final/src/RudderServoControlNode.cpp:16[m[K:
[12.870s] [01m[K/home/boat/Desktop/src/boat_control_system_final/src/RudderServoControlNode.cpp:125:45:[m[K [01;35m[Kwarning: [m[Kformat ‘[01m[K%f[m[K’ expects argument of type ‘[01m[Kdouble[m[K’, but argument 6 has type ‘[01m[Kstd::string[m[K’ {aka ‘[01m[Kstd::__cxx11::basic_string<char>[m[K’} [[01;35m[K]8;;https://gcc.gnu.org/onlinedocs/gcc/Warning-Options.html#index-Wformat=-Wformat=]8;;[m[K]
[12.871s]   125 |             RCLCPP_WARN(this->get_logger(), [01;35m[K"Correcting for significant drift: Current heading %.2f, Desired heading %.2f"[m[K, current_heading, turn_direction);
[12.871s]       |                                             [01;35m[K^~~~~~~~~~~~~~~~~~~~~~~~~~~~~~~~~~~~~~~~~~~~~~~~~~~~~~~~~~~~~~~~~~~~~~~~~~~~~~[m[K
[12.872s] [01m[K/home/boat/Desktop/src/boat_control_system_final/src/RudderServoControlNode.cpp:125:121:[m[K [01;36m[Knote: [m[Kformat string is defined here
[12.872s]   125 |             RCLCPP_WARN(this->get_logger(), "Correcting for significant drift: Current heading %.2f, Desired heading [01;36m[K%.2f[m[K", current_heading, turn_direction);
[12.872s]       |                                                                                                                      [01;36m[K~~~^[m[K
[12.873s]       |                                                                                                                         [01;36m[K|[m[K
[12.873s]       |                                                                                                                         [01;36m[Kdouble[m[K
[29.431s] gmake[2]: *** [CMakeFiles/RudderServoControlNode.dir/build.make:76: CMakeFiles/RudderServoControlNode.dir/src/RudderServoControlNode.cpp.o] Error 1
[29.433s] gmake[1]: *** [CMakeFiles/Makefile2:281: CMakeFiles/RudderServoControlNode.dir/all] Error 2
[29.433s] gmake: *** [Makefile:146: all] Error 2
[29.441s] Invoked command in '/home/boat/Desktop/src/boat_control_system_final/build/boat_control_system_final' returned '2': CMAKE_PREFIX_PATH=/opt/ros/humble /usr/bin/cmake --build /home/boat/Desktop/src/boat_control_system_final/build/boat_control_system_final -- -j4 -l4
