[0.611s] DEBUG:colcon:Command line arguments: ['/home/boat/.local/bin/colcon', 'build', '--packages-select', 'boat_control_system_final']
[0.612s] DEBUG:colcon:Parsed command line arguments: Namespace(log_base=None, log_level=None, verb_name='build', build_base='build', install_base='install', merge_install=False, symlink_install=False, test_result_base=None, continue_on_error=False, executor='parallel', parallel_workers=4, event_handlers=None, ignore_user_meta=False, metas=['./colcon.meta'], base_paths=['.'], packages_ignore=None, packages_ignore_regex=None, paths=None, packages_up_to=None, packages_up_to_regex=None, packages_above=None, packages_above_and_dependencies=None, packages_above_depth=None, packages_select_by_dep=None, packages_skip_by_dep=None, packages_skip_up_to=None, packages_select_build_failed=False, packages_skip_build_finished=False, packages_select_test_failures=False, packages_skip_test_passed=False, packages_select=['boat_control_system_final'], packages_skip=None, packages_select_regex=None, packages_skip_regex=None, packages_start=None, packages_end=None, cmake_args=None, cmake_target=None, cmake_target_skip_unavailable=False, cmake_clean_cache=False, cmake_clean_first=False, cmake_force_configure=False, ament_cmake_args=None, catkin_cmake_args=None, catkin_skip_building_tests=False, verb_parser=<colcon_defaults.argument_parser.defaults.DefaultArgumentsDecorator object at 0xffff825f1120>, verb_extension=<colcon_core.verb.build.BuildVerb object at 0xffff825f0be0>, main=<bound method BuildVerb.main of <colcon_core.verb.build.BuildVerb object at 0xffff825f0be0>>)
[1.497s] Level 1:colcon.colcon_core.package_discovery:discover_packages(colcon_meta) check parameters
[1.497s] Level 1:colcon.colcon_core.package_discovery:discover_packages(recursive) check parameters
[1.497s] Level 1:colcon.colcon_core.package_discovery:discover_packages(ignore) check parameters
[1.498s] Level 1:colcon.colcon_core.package_discovery:discover_packages(path) check parameters
[1.498s] Level 1:colcon.colcon_core.package_discovery:discover_packages(colcon_meta) discover
[1.498s] Level 1:colcon.colcon_core.package_discovery:discover_packages(recursive) discover
[1.498s] INFO:colcon.colcon_core.package_discovery:Crawling recursively for packages in '/home/boat/Desktop/src/boat_control_system_final'
[1.499s] Level 1:colcon.colcon_core.package_identification:_identify(.) by extensions ['ignore', 'ignore_ament_install']
[1.499s] Level 1:colcon.colcon_core.package_identification:_identify(.) by extension 'ignore'
[1.499s] Level 1:colcon.colcon_core.package_identification:_identify(.) by extension 'ignore_ament_install'
[1.500s] Level 1:colcon.colcon_core.package_identification:_identify(.) by extensions ['colcon_pkg']
[1.500s] Level 1:colcon.colcon_core.package_identification:_identify(.) by extension 'colcon_pkg'
[1.500s] Level 1:colcon.colcon_core.package_identification:_identify(.) by extensions ['colcon_meta']
[1.500s] Level 1:colcon.colcon_core.package_identification:_identify(.) by extension 'colcon_meta'
[1.501s] Level 1:colcon.colcon_core.package_identification:_identify(.) by extensions ['ros']
[1.501s] Level 1:colcon.colcon_core.package_identification:_identify(.) by extension 'ros'
[1.559s] DEBUG:colcon.colcon_core.package_identification:Package '.' with type 'ros.ament_cmake' and name 'boat_control_system_final'
[1.560s] Level 1:colcon.colcon_core.package_discovery:discover_packages(recursive) using defaults
[1.560s] Level 1:colcon.colcon_core.package_discovery:discover_packages(ignore) discover
[1.560s] Level 1:colcon.colcon_core.package_discovery:discover_packages(ignore) using defaults
[1.560s] Level 1:colcon.colcon_core.package_discovery:discover_packages(path) discover
[1.560s] Level 1:colcon.colcon_core.package_discovery:discover_packages(path) using defaults
[1.651s] Level 5:colcon.colcon_core.verb:set package 'boat_control_system_final' build argument 'cmake_args' from command line to 'None'
[1.651s] Level 5:colcon.colcon_core.verb:set package 'boat_control_system_final' build argument 'cmake_target' from command line to 'None'
[1.651s] Level 5:colcon.colcon_core.verb:set package 'boat_control_system_final' build argument 'cmake_target_skip_unavailable' from command line to 'False'
[1.651s] Level 5:colcon.colcon_core.verb:set package 'boat_control_system_final' build argument 'cmake_clean_cache' from command line to 'False'
[1.651s] Level 5:colcon.colcon_core.verb:set package 'boat_control_system_final' build argument 'cmake_clean_first' from command line to 'False'
[1.651s] Level 5:colcon.colcon_core.verb:set package 'boat_control_system_final' build argument 'cmake_force_configure' from command line to 'False'
[1.652s] Level 5:colcon.colcon_core.verb:set package 'boat_control_system_final' build argument 'ament_cmake_args' from command line to 'None'
[1.652s] Level 5:colcon.colcon_core.verb:set package 'boat_control_system_final' build argument 'catkin_cmake_args' from command line to 'None'
[1.652s] Level 5:colcon.colcon_core.verb:set package 'boat_control_system_final' build argument 'catkin_skip_building_tests' from command line to 'False'
[1.652s] DEBUG:colcon.colcon_core.verb:Building package 'boat_control_system_final' with the following arguments: {'ament_cmake_args': None, 'build_base': '/home/boat/Desktop/src/boat_control_system_final/build/boat_control_system_final', 'catkin_cmake_args': None, 'catkin_skip_building_tests': False, 'cmake_args': None, 'cmake_clean_cache': False, 'cmake_clean_first': False, 'cmake_force_configure': False, 'cmake_target': None, 'cmake_target_skip_unavailable': False, 'install_base': '/home/boat/Desktop/src/boat_control_system_final/install/boat_control_system_final', 'merge_install': False, 'path': '/home/boat/Desktop/src/boat_control_system_final', 'symlink_install': False, 'test_result_base': None}
[1.653s] INFO:colcon.colcon_core.executor:Executing jobs using 'parallel' executor
[1.657s] DEBUG:colcon.colcon_parallel_executor.executor.parallel:run_until_complete
[1.658s] INFO:colcon.colcon_ros.task.ament_cmake.build:Building ROS package in '/home/boat/Desktop/src/boat_control_system_final' with build type 'ament_cmake'
[1.659s] INFO:colcon.colcon_cmake.task.cmake.build:Building CMake package in '/home/boat/Desktop/src/boat_control_system_final'
[1.669s] INFO:colcon.colcon_core.plugin_system:Skipping extension 'colcon_core.shell.bat': Not used on non-Windows systems
[1.670s] INFO:colcon.colcon_core.shell:Skip shell extension 'powershell' for command environment: Not usable outside of PowerShell
[1.670s] DEBUG:colcon.colcon_core.shell:Skip shell extension 'dsv' for command environment
[1.725s] DEBUG:colcon.colcon_core.event_handler.log_command:Invoking command in '/home/boat/Desktop/src/boat_control_system_final/build/boat_control_system_final': CMAKE_PREFIX_PATH=/opt/ros/humble /usr/bin/cmake --build /home/boat/Desktop/src/boat_control_system_final/build/boat_control_system_final -- -j4 -l4
[20.158s] DEBUG:colcon.colcon_core.event_handler.log_command:Invoked command in '/home/boat/Desktop/src/boat_control_system_final/build/boat_control_system_final' returned '0': CMAKE_PREFIX_PATH=/opt/ros/humble /usr/bin/cmake --build /home/boat/Desktop/src/boat_control_system_final/build/boat_control_system_final -- -j4 -l4
[20.410s] DEBUG:colcon.colcon_core.event_handler.log_command:Invoking command in '/home/boat/Desktop/src/boat_control_system_final/build/boat_control_system_final': CMAKE_PREFIX_PATH=/opt/ros/humble /usr/bin/cmake --install /home/boat/Desktop/src/boat_control_system_final/build/boat_control_system_final
[20.756s] Level 1:colcon.colcon_core.environment:create_environment_scripts_only(boat_control_system_final)
[20.757s] DEBUG:colcon.colcon_core.event_handler.log_command:Invoked command in '/home/boat/Desktop/src/boat_control_system_final/build/boat_control_system_final' returned '0': CMAKE_PREFIX_PATH=/opt/ros/humble /usr/bin/cmake --install /home/boat/Desktop/src/boat_control_system_final/build/boat_control_system_final
[20.769s] Level 1:colcon.colcon_core.environment:checking '/home/boat/Desktop/src/boat_control_system_final/install/boat_control_system_final' for CMake module files
[20.773s] Level 1:colcon.colcon_core.environment:checking '/home/boat/Desktop/src/boat_control_system_final/install/boat_control_system_final' for CMake config files
[20.777s] Level 1:colcon.colcon_core.shell:create_environment_hook('boat_control_system_final', 'cmake_prefix_path')
[20.778s] INFO:colcon.colcon_core.shell:Creating environment hook '/home/boat/Desktop/src/boat_control_system_final/install/boat_control_system_final/share/boat_control_system_final/hook/cmake_prefix_path.ps1'
[20.781s] INFO:colcon.colcon_core.shell:Creating environment descriptor '/home/boat/Desktop/src/boat_control_system_final/install/boat_control_system_final/share/boat_control_system_final/hook/cmake_prefix_path.dsv'
[20.784s] INFO:colcon.colcon_core.shell:Creating environment hook '/home/boat/Desktop/src/boat_control_system_final/install/boat_control_system_final/share/boat_control_system_final/hook/cmake_prefix_path.sh'
[20.788s] Level 1:colcon.colcon_core.environment:checking '/home/boat/Desktop/src/boat_control_system_final/install/boat_control_system_final/lib'
[20.789s] Level 1:colcon.colcon_core.environment:checking '/home/boat/Desktop/src/boat_control_system_final/install/boat_control_system_final/bin'
[20.790s] Level 1:colcon.colcon_core.environment:checking '/home/boat/Desktop/src/boat_control_system_final/install/boat_control_system_final/lib/pkgconfig/boat_control_system_final.pc'
[20.798s] Level 1:colcon.colcon_core.environment:checking '/home/boat/Desktop/src/boat_control_system_final/install/boat_control_system_final/lib/python3.10/site-packages'
[20.799s] Level 1:colcon.colcon_core.environment:checking '/home/boat/Desktop/src/boat_control_system_final/install/boat_control_system_final/bin'
[20.800s] INFO:colcon.colcon_core.shell:Creating package script '/home/boat/Desktop/src/boat_control_system_final/install/boat_control_system_final/share/boat_control_system_final/package.ps1'
[20.804s] INFO:colcon.colcon_core.shell:Creating package descriptor '/home/boat/Desktop/src/boat_control_system_final/install/boat_control_system_final/share/boat_control_system_final/package.dsv'
[20.807s] INFO:colcon.colcon_core.shell:Creating package script '/home/boat/Desktop/src/boat_control_system_final/install/boat_control_system_final/share/boat_control_system_final/package.sh'
[20.811s] INFO:colcon.colcon_core.shell:Creating package script '/home/boat/Desktop/src/boat_control_system_final/install/boat_control_system_final/share/boat_control_system_final/package.bash'
[20.815s] INFO:colcon.colcon_core.shell:Creating package script '/home/boat/Desktop/src/boat_control_system_final/install/boat_control_system_final/share/boat_control_system_final/package.zsh'
[20.819s] Level 1:colcon.colcon_core.environment:create_file_with_runtime_dependencies(/home/boat/Desktop/src/boat_control_system_final/install/boat_control_system_final/share/colcon-core/packages/boat_control_system_final)
[21.024s] Level 1:colcon.colcon_core.environment:create_environment_scripts_only(boat_control_system_final)
[21.026s] Level 1:colcon.colcon_core.environment:checking '/home/boat/Desktop/src/boat_control_system_final/install/boat_control_system_final' for CMake module files
[21.031s] Level 1:colcon.colcon_core.environment:checking '/home/boat/Desktop/src/boat_control_system_final/install/boat_control_system_final' for CMake config files
[21.035s] Level 1:colcon.colcon_core.shell:create_environment_hook('boat_control_system_final', 'cmake_prefix_path')
[21.037s] INFO:colcon.colcon_core.shell:Creating environment hook '/home/boat/Desktop/src/boat_control_system_final/install/boat_control_system_final/share/boat_control_system_final/hook/cmake_prefix_path.ps1'
[21.040s] INFO:colcon.colcon_core.shell:Creating environment descriptor '/home/boat/Desktop/src/boat_control_system_final/install/boat_control_system_final/share/boat_control_system_final/hook/cmake_prefix_path.dsv'
[21.043s] INFO:colcon.colcon_core.shell:Creating environment hook '/home/boat/Desktop/src/boat_control_system_final/install/boat_control_system_final/share/boat_control_system_final/hook/cmake_prefix_path.sh'
[21.047s] Level 1:colcon.colcon_core.environment:checking '/home/boat/Desktop/src/boat_control_system_final/install/boat_control_system_final/lib'
[21.047s] Level 1:colcon.colcon_core.environment:checking '/home/boat/Desktop/src/boat_control_system_final/install/boat_control_system_final/bin'
[21.048s] Level 1:colcon.colcon_core.environment:checking '/home/boat/Desktop/src/boat_control_system_final/install/boat_control_system_final/lib/pkgconfig/boat_control_system_final.pc'
[21.049s] Level 1:colcon.colcon_core.environment:checking '/home/boat/Desktop/src/boat_control_system_final/install/boat_control_system_final/lib/python3.10/site-packages'
[21.050s] Level 1:colcon.colcon_core.environment:checking '/home/boat/Desktop/src/boat_control_system_final/install/boat_control_system_final/bin'
[21.052s] INFO:colcon.colcon_core.shell:Creating package script '/home/boat/Desktop/src/boat_control_system_final/install/boat_control_system_final/share/boat_control_system_final/package.ps1'
[21.056s] INFO:colcon.colcon_core.shell:Creating package descriptor '/home/boat/Desktop/src/boat_control_system_final/install/boat_control_system_final/share/boat_control_system_final/package.dsv'
[21.059s] INFO:colcon.colcon_core.shell:Creating package script '/home/boat/Desktop/src/boat_control_system_final/install/boat_control_system_final/share/boat_control_system_final/package.sh'
[21.063s] INFO:colcon.colcon_core.shell:Creating package script '/home/boat/Desktop/src/boat_control_system_final/install/boat_control_system_final/share/boat_control_system_final/package.bash'
[21.065s] INFO:colcon.colcon_core.shell:Creating package script '/home/boat/Desktop/src/boat_control_system_final/install/boat_control_system_final/share/boat_control_system_final/package.zsh'
[21.068s] Level 1:colcon.colcon_core.environment:create_file_with_runtime_dependencies(/home/boat/Desktop/src/boat_control_system_final/install/boat_control_system_final/share/colcon-core/packages/boat_control_system_final)
[21.069s] DEBUG:colcon.colcon_parallel_executor.executor.parallel:closing loop
[21.071s] DEBUG:colcon.colcon_parallel_executor.executor.parallel:loop closed
[21.071s] DEBUG:colcon.colcon_parallel_executor.executor.parallel:run_until_complete finished with '0'
[21.071s] DEBUG:colcon.colcon_core.event_reactor:joining thread
[21.095s] INFO:colcon.colcon_core.plugin_system:Skipping extension 'colcon_notification.desktop_notification.terminal_notifier': Not used on non-Darwin systems
[21.096s] INFO:colcon.colcon_core.plugin_system:Skipping extension 'colcon_notification.desktop_notification.win32': Not used on non-Windows systems
[21.096s] INFO:colcon.colcon_notification.desktop_notification:Sending desktop notification using 'notify2'
[21.140s] DEBUG:colcon.colcon_core.event_reactor:joined thread
[21.142s] INFO:colcon.colcon_core.shell:Creating prefix script '/home/boat/Desktop/src/boat_control_system_final/install/local_setup.ps1'
[21.146s] INFO:colcon.colcon_core.shell:Creating prefix util module '/home/boat/Desktop/src/boat_control_system_final/install/_local_setup_util_ps1.py'
[21.155s] INFO:colcon.colcon_core.shell:Creating prefix chain script '/home/boat/Desktop/src/boat_control_system_final/install/setup.ps1'
[21.160s] INFO:colcon.colcon_core.shell:Creating prefix script '/home/boat/Desktop/src/boat_control_system_final/install/local_setup.sh'
[21.164s] INFO:colcon.colcon_core.shell:Creating prefix util module '/home/boat/Desktop/src/boat_control_system_final/install/_local_setup_util_sh.py'
[21.167s] INFO:colcon.colcon_core.shell:Creating prefix chain script '/home/boat/Desktop/src/boat_control_system_final/install/setup.sh'
[21.172s] INFO:colcon.colcon_core.shell:Creating prefix script '/home/boat/Desktop/src/boat_control_system_final/install/local_setup.bash'
[21.174s] INFO:colcon.colcon_core.shell:Creating prefix chain script '/home/boat/Desktop/src/boat_control_system_final/install/setup.bash'
[21.179s] INFO:colcon.colcon_core.shell:Creating prefix script '/home/boat/Desktop/src/boat_control_system_final/install/local_setup.zsh'
[21.182s] INFO:colcon.colcon_core.shell:Creating prefix chain script '/home/boat/Desktop/src/boat_control_system_final/install/setup.zsh'
