[0.079s] Invoking command in '/home/boat/Desktop/src/boat_control_system_final/build/boat_control_system_final': CMAKE_PREFIX_PATH=/opt/ros/humble /usr/bin/cmake --build /home/boat/Desktop/src/boat_control_system_final/build/boat_control_system_final -- -j4 -l4
[0.415s] [35m[1mConsolidate compiler generated dependencies of target CoordinateCalculations[0m
[0.435s] [35m[1mConsolidate compiler generated dependencies of target SailServoControlNodeLib[0m
[0.572s] [ 10%] Built target WaypointQueue
[0.577s] [ 20%] Built target RudderControlHelper
[0.595s] [ 25%] [32mBuilding CXX object CMakeFiles/SailServoControlNodeLib.dir/src/SailServoControlNode.cpp.o[0m
[0.609s] [ 35%] Built target CoordinateCalculations
[0.669s] [35m[1mConsolidate compiler generated dependencies of target waypoint_queue_node[0m
[0.691s] [35m[1mConsolidate compiler generated dependencies of target CoordinateCalculationsNodeLib[0m
[0.756s] [ 40%] [32mBuilding CXX object CMakeFiles/RudderServoControlNodeLib.dir/src/RudderServoControlNode.cpp.o[0m
[0.853s] [ 50%] Built target waypoint_queue_node
[0.890s] [ 60%] Built target CoordinateCalculationsNodeLib
[1.048s] [ 65%] [32mBuilding CXX object CMakeFiles/coordinate_calculations_node.dir/src/CoordinateCalculationsNode.cpp.o[0m
[16.750s] In file included from [01m[K/home/boat/Desktop/src/boat_control_system_final/src/SailServoControlNode.cpp:13[m[K:
[16.753s] [01m[K/home/boat/Desktop/src/boat_control_system_final/include/boat_control_system_final/SailServoControlNode.hpp:27:45:[m[K [01;31m[Kerror: [m[K‘[01m[KBool[m[K’ in namespace ‘[01m[Kstd_msgs::msg[m[K’ does not name a type
[16.757s]    27 |     void stateCallback(const std_msgs::msg::[01;31m[KBool[m[K::SharedPtr msg);
[16.760s]       |                                             [01;31m[K^~~~[m[K
[16.765s] [01m[K/home/boat/Desktop/src/boat_control_system_final/include/boat_control_system_final/SailServoControlNode.hpp:27:61:[m[K [01;31m[Kerror: [m[Kexpected unqualified-id before ‘[01m[Kmsg[m[K’
[16.768s]    27 |     void stateCallback(const std_msgs::msg::Bool::SharedPtr [01;31m[Kmsg[m[K);
[16.772s]       |                                                             [01;31m[K^~~[m[K
[16.776s] [01m[K/home/boat/Desktop/src/boat_control_system_final/include/boat_control_system_final/SailServoControlNode.hpp:27:60:[m[K [01;31m[Kerror: [m[Kexpected ‘[01m[K)[m[K’ before ‘[01m[Kmsg[m[K’
[16.780s]    27 |     void stateCallback[34m[K([m[Kconst std_msgs::msg::Bool::SharedPtr[01;31m[K [m[K[32m[Kmsg[m[K);
[16.784s]       |                       [34m[K~[m[K                                    [01;31m[K^[m[K[32m[K~~~[m[K
[16.788s]       |                                                            [32m[K)[m[K
[16.791s] [01m[K/home/boat/Desktop/src/boat_control_system_final/include/boat_control_system_final/SailServoControlNode.hpp:27:51:[m[K [01;31m[Kerror: [m[Kexpected ‘[01m[K;[m[K’ at end of member declaration
[16.795s]    27 |     void stateCallback(const std_msgs::msg::Bool::[01;31m[KSharedPtr[m[K msg);
[16.799s]       |                                                   [01;31m[K^~~~~~~~~[m[K
[16.803s]       |                                                            [32m[K;[m[K
[16.809s] [01m[K/home/boat/Desktop/src/boat_control_system_final/include/boat_control_system_final/SailServoControlNode.hpp:27:61:[m[K [01;31m[Kerror: [m[K‘[01m[Kmsg[m[K’ does not name a type
[16.812s]    27 |     void stateCallback(const std_msgs::msg::Bool::SharedPtr [01;31m[Kmsg[m[K);
[16.816s]       |                                                             [01;31m[K^~~[m[K
[16.865s] [01m[K/home/boat/Desktop/src/boat_control_system_final/src/RudderServoControlNode.cpp:[m[K In constructor ‘[01m[KRudderServoControlNode::RudderServoControlNode()[m[K’:
[16.869s] [01m[K/home/boat/Desktop/src/boat_control_system_final/src/RudderServoControlNode.cpp:56:5:[m[K [01;31m[Kerror: [m[K‘[01m[Kinit_subscriber_[m[K’ was not declared in this scope; did you mean ‘[01m[Kwind_subscriber_[m[K’?
[16.873s]    56 |     [01;31m[Kinit_subscriber_[m[K = this->create_subscription<std_msgs::msg::String>(
[16.877s]       |     [01;31m[K^~~~~~~~~~~~~~~~[m[K
[16.881s]       |     [32m[Kwind_subscriber_[m[K
[16.885s] [01m[K/home/boat/Desktop/src/boat_control_system_final/src/RudderServoControlNode.cpp:59:20:[m[K [01;31m[Kerror: [m[K‘[01m[KWaypointQueueNode[m[K’ has not been declared
[16.889s]    59 |         std::bind(&[01;31m[KWaypointQueueNode[m[K::initCallback, this, std::placeholders::_1));
[16.893s]       |                    [01;31m[K^~~~~~~~~~~~~~~~~[m[K
[16.915s] [01m[K/home/boat/Desktop/src/boat_control_system_final/src/RudderServoControlNode.cpp:[m[K At global scope:
[16.919s] [01m[K/home/boat/Desktop/src/boat_control_system_final/src/RudderServoControlNode.cpp:114:6:[m[K [01;31m[Kerror: [m[K‘[01m[KWaypointQueueNode[m[K’ has not been declared
[16.923s]   114 | void [01;31m[KWaypointQueueNode[m[K::initCallback(const std_msgs::msg::String::SharedPtr msg)
[16.927s]       |      [01;31m[K^~~~~~~~~~~~~~~~~[m[K
[16.950s] [01m[K/home/boat/Desktop/src/boat_control_system_final/src/RudderServoControlNode.cpp:[m[K In function ‘[01m[Kvoid initCallback(std_msgs::msg::String_<std::allocator<void> >::SharedPtr)[m[K’:
[16.954s] [01m[K/home/boat/Desktop/src/boat_control_system_final/src/RudderServoControlNode.cpp:119:9:[m[K [01;31m[Kerror: [m[K‘[01m[Kservo_queue_[m[K’ was not declared in this scope
[16.957s]   119 |         [01;31m[Kservo_queue_[m[K.clear();
[16.961s]       |         [01;31m[K^~~~~~~~~~~~[m[K
[16.965s] In file included from [01m[K/opt/ros/humble/include/rclcpp/rclcpp/client.hpp:40[m[K,
[16.969s]                  from [01m[K/opt/ros/humble/include/rclcpp/rclcpp/callback_group.hpp:24[m[K,
[16.972s]                  from [01m[K/opt/ros/humble/include/rclcpp/rclcpp/any_executable.hpp:20[m[K,
[16.976s]                  from [01m[K/opt/ros/humble/include/rclcpp/rclcpp/memory_strategy.hpp:25[m[K,
[16.980s]                  from [01m[K/opt/ros/humble/include/rclcpp/rclcpp/memory_strategies.hpp:18[m[K,
[16.984s]                  from [01m[K/opt/ros/humble/include/rclcpp/rclcpp/executor_options.hpp:20[m[K,
[16.988s]                  from [01m[K/opt/ros/humble/include/rclcpp/rclcpp/executor.hpp:37[m[K,
[16.992s]                  from [01m[K/opt/ros/humble/include/rclcpp/rclcpp/executors/multi_threaded_executor.hpp:25[m[K,
[16.995s]                  from [01m[K/opt/ros/humble/include/rclcpp/rclcpp/executors.hpp:21[m[K,
[16.999s]                  from [01m[K/opt/ros/humble/include/rclcpp/rclcpp/rclcpp.hpp:155[m[K,
[17.003s]                  from [01m[K/home/boat/Desktop/src/boat_control_system_final/include/boat_control_system_final/RudderServoControlNode.hpp:13[m[K,
[17.008s]                  from [01m[K/home/boat/Desktop/src/boat_control_system_final/src/RudderServoControlNode.cpp:17[m[K:
[17.012s] [01m[K/home/boat/Desktop/src/boat_control_system_final/src/RudderServoControlNode.cpp:121:17:[m[K [01;31m[Kerror: [m[Kinvalid use of ‘[01m[Kthis[m[K’ in non-member function
[17.016s]   121 |     RCLCPP_INFO([01;31m[Kthis[m[K->get_logger(), "Received init message with data: %d", msg->data);
[17.020s]       |                 [01;31m[K^~~~[m[K
[17.024s] [01m[K/home/boat/Desktop/src/boat_control_system_final/src/RudderServoControlNode.cpp:121:17:[m[K [01;31m[Kerror: [m[Kinvalid use of ‘[01m[Kthis[m[K’ in non-member function
[17.028s] [01m[K/home/boat/Desktop/src/boat_control_system_final/src/RudderServoControlNode.cpp:121:5:[m[K [01;31m[Kerror: [m[Ktemplate argument 1 is invalid
[17.031s]   121 |     [01;31m[KRCLCPP_INFO[m[K(this->get_logger(), "Received init message with data: %d", msg->data);
[17.035s]       |     [01;31m[K^~~~~~~~~~~[m[K
[17.039s] [01m[K/home/boat/Desktop/src/boat_control_system_final/src/RudderServoControlNode.cpp:121:5:[m[K [01;31m[Kerror: [m[Ktemplate argument 1 is invalid
[17.043s]   121 |     [01;31m[KRCLCPP_INFO[m[K(this->get_logger(), "Received init message with data: %d", msg->data);
[17.046s]       |     [01;31m[K^~~~~~~~~~~[m[K
[17.050s] [01m[K/home/boat/Desktop/src/boat_control_system_final/src/RudderServoControlNode.cpp:121:5:[m[K [01;31m[Kerror: [m[Ktemplate argument 1 is invalid
[17.054s]   121 |     [01;31m[KRCLCPP_INFO[m[K(this->get_logger(), "Received init message with data: %d", msg->data);
[17.058s]       |     [01;31m[K^~~~~~~~~~~[m[K
[17.062s] In file included from [01m[K/opt/ros/humble/include/rclcpp/rclcpp/logging.hpp:24[m[K,
[17.066s]                  from [01m[K/opt/ros/humble/include/rclcpp/rclcpp/client.hpp:40[m[K,
[17.069s]                  from [01m[K/opt/ros/humble/include/rclcpp/rclcpp/callback_group.hpp:24[m[K,
[17.073s]                  from [01m[K/opt/ros/humble/include/rclcpp/rclcpp/any_executable.hpp:20[m[K,
[17.077s]                  from [01m[K/opt/ros/humble/include/rclcpp/rclcpp/memory_strategy.hpp:25[m[K,
[17.081s]                  from [01m[K/opt/ros/humble/include/rclcpp/rclcpp/memory_strategies.hpp:18[m[K,
[17.084s]                  from [01m[K/opt/ros/humble/include/rclcpp/rclcpp/executor_options.hpp:20[m[K,
[17.088s]                  from [01m[K/opt/ros/humble/include/rclcpp/rclcpp/executor.hpp:37[m[K,
[17.092s]                  from [01m[K/opt/ros/humble/include/rclcpp/rclcpp/executors/multi_threaded_executor.hpp:25[m[K,
[17.095s]                  from [01m[K/opt/ros/humble/include/rclcpp/rclcpp/executors.hpp:21[m[K,
[17.099s]                  from [01m[K/opt/ros/humble/include/rclcpp/rclcpp/rclcpp.hpp:155[m[K,
[17.103s]                  from [01m[K/home/boat/Desktop/src/boat_control_system_final/include/boat_control_system_final/RudderServoControlNode.hpp:13[m[K,
[17.108s]                  from [01m[K/home/boat/Desktop/src/boat_control_system_final/src/RudderServoControlNode.cpp:17[m[K:
[17.112s] [01m[K/home/boat/Desktop/src/boat_control_system_final/src/RudderServoControlNode.cpp:121:17:[m[K [01;31m[Kerror: [m[Kinvalid use of ‘[01m[Kthis[m[K’ in non-member function
[17.116s]   121 |     RCLCPP_INFO([01;31m[Kthis[m[K->get_logger(), "Received init message with data: %d", msg->data);
[17.119s]       |                 [01;31m[K^~~~[m[K
[17.123s] [01m[K/home/boat/Desktop/src/boat_control_system_final/src/RudderServoControlNode.cpp:121:17:[m[K [01;31m[Kerror: [m[Kinvalid use of ‘[01m[Kthis[m[K’ in non-member function
[17.127s]   121 |     RCLCPP_INFO([01;31m[Kthis[m[K->get_logger(), "Received init message with data: %d", msg->data);
[17.131s]       |                 [01;31m[K^~~~[m[K
[17.135s] [01m[K/home/boat/Desktop/src/boat_control_system_final/include/boat_control_system_final/SailServoControlNode.hpp:36:20:[m[K [01;31m[Kerror: [m[K‘[01m[KBool[m[K’ in namespace ‘[01m[Kstd_msgs::msg[m[K’ does not name a type
[17.139s]    36 |     std_msgs::msg::[01;31m[KBool[m[K latest_state_;
[17.143s]       |                    [01;31m[K^~~~[m[K
[17.176s] [01m[K/home/boat/Desktop/src/boat_control_system_final/src/SailServoControlNode.cpp:[m[K In constructor ‘[01m[KSailServoControlNode::SailServoControlNode()[m[K’:
[17.180s] [01m[K/home/boat/Desktop/src/boat_control_system_final/src/SailServoControlNode.cpp:31:5:[m[K [01;31m[Kerror: [m[K‘[01m[Kreached_subscriber_[m[K’ was not declared in this scope; did you mean ‘[01m[Kwind_subscriber_[m[K’?
[17.184s]    31 |     [01;31m[Kreached_subscriber_[m[K = this->create_subscription<std_msgs::msg::Bool>(
[17.188s]       |     [01;31m[K^~~~~~~~~~~~~~~~~~~[m[K
[17.191s]       |     [32m[Kwind_subscriber_[m[K
[17.446s] [01m[K/home/boat/Desktop/src/boat_control_system_final/src/SailServoControlNode.cpp:[m[K At global scope:
[17.447s] [01m[K/home/boat/Desktop/src/boat_control_system_final/src/SailServoControlNode.cpp:49:6:[m[K [01;31m[Kerror: [m[Kno declaration matches ‘[01m[Kvoid SailServoControlNode::stateCallback(std_msgs::msg::Bool_<std::allocator<void> >::SharedPtr)[m[K’
[17.448s]    49 | void [01;31m[KSailServoControlNode[m[K::stateCallback(const std_msgs::msg::Bool::SharedPtr msg)
[17.449s]       |      [01;31m[K^~~~~~~~~~~~~~~~~~~~[m[K
[17.450s] In file included from [01m[K/home/boat/Desktop/src/boat_control_system_final/src/SailServoControlNode.cpp:13[m[K:
[17.451s] [01m[K/home/boat/Desktop/src/boat_control_system_final/include/boat_control_system_final/SailServoControlNode.hpp:27:10:[m[K [01;36m[Knote: [m[Kcandidate is: ‘[01m[Kvoid SailServoControlNode::stateCallback(...)[m[K’
[17.464s]    27 |     void [01;36m[KstateCallback[m[K(const std_msgs::msg::Bool::SharedPtr msg);
[17.468s]       |          [01;36m[K^~~~~~~~~~~~~[m[K
[17.472s] [01m[K/home/boat/Desktop/src/boat_control_system_final/include/boat_control_system_final/SailServoControlNode.hpp:19:7:[m[K [01;36m[Knote: [m[K‘[01m[Kclass SailServoControlNode[m[K’ defined here
[17.476s]    19 | class [01;36m[KSailServoControlNode[m[K : public rclcpp::Node {
[17.487s]       |       [01;36m[K^~~~~~~~~~~~~~~~~~~~[m[K
[17.496s] [01m[K/home/boat/Desktop/src/boat_control_system_final/src/SailServoControlNode.cpp:[m[K In member function ‘[01m[Kint SailServoControlNode::getOptimalSailPosition(int)[m[K’:
[17.497s] [01m[K/home/boat/Desktop/src/boat_control_system_final/src/SailServoControlNode.cpp:110:8:[m[K [01;31m[Kerror: [m[K‘[01m[Klatest_state_[m[K’ was not declared in this scope
[17.498s]   110 |     if([01;31m[Klatest_state_[m[K.data) // If the boat has reached its last waypoint, set the sail directly towards the wind
[17.499s]       |        [01;31m[K^~~~~~~~~~~~~[m[K
[19.932s] In file included from [01m[K/opt/ros/humble/include/rclcpp/rclcpp/client.hpp:39[m[K,
[19.935s]                  from [01m[K/opt/ros/humble/include/rclcpp/rclcpp/callback_group.hpp:24[m[K,
[19.939s]                  from [01m[K/opt/ros/humble/include/rclcpp/rclcpp/any_executable.hpp:20[m[K,
[19.943s]                  from [01m[K/opt/ros/humble/include/rclcpp/rclcpp/memory_strategy.hpp:25[m[K,
[19.949s]                  from [01m[K/opt/ros/humble/include/rclcpp/rclcpp/memory_strategies.hpp:18[m[K,
[19.954s]                  from [01m[K/opt/ros/humble/include/rclcpp/rclcpp/executor_options.hpp:20[m[K,
[19.958s]                  from [01m[K/opt/ros/humble/include/rclcpp/rclcpp/executor.hpp:37[m[K,
[19.962s]                  from [01m[K/opt/ros/humble/include/rclcpp/rclcpp/executors/multi_threaded_executor.hpp:25[m[K,
[19.966s]                  from [01m[K/opt/ros/humble/include/rclcpp/rclcpp/executors.hpp:21[m[K,
[19.971s]                  from [01m[K/opt/ros/humble/include/rclcpp/rclcpp/rclcpp.hpp:155[m[K,
[19.975s]                  from [01m[K/home/boat/Desktop/src/boat_control_system_final/include/boat_control_system_final/SailServoControlNode.hpp:9[m[K,
[19.979s]                  from [01m[K/home/boat/Desktop/src/boat_control_system_final/src/SailServoControlNode.cpp:13[m[K:
[19.983s] /opt/ros/humble/include/rclcpp/rclcpp/function_traits.hpp: In instantiation of ‘[01m[Kstruct rclcpp::function_traits::function_traits<std::_Bind<void (SailServoControlNode::*(SailServoControlNode*, std::_Placeholder<1>))(...)> >[m[K’:
[19.987s] [01m[K/opt/ros/humble/include/rclcpp/rclcpp/any_subscription_callback.hpp:380:10:[m[K   recursively required by substitution of ‘[01m[Ktemplate<class MessageT, class CallbackT> struct rclcpp::detail::SubscriptionCallbackTypeHelper<MessageT, CallbackT, typename std::enable_if<rclcpp::function_traits::same_arguments<CallbackT, std::function<void(std::shared_ptr<_Tp>, const rclcpp::MessageInfo&)> >::value, void>::type> [with MessageT = std_msgs::msg::Bool_<std::allocator<void> >; CallbackT = std::_Bind<void (SailServoControlNode::*(SailServoControlNode*, std::_Placeholder<1>))(...)>][m[K’
[19.992s] [01m[K/opt/ros/humble/include/rclcpp/rclcpp/any_subscription_callback.hpp:380:10:[m[K   required from ‘[01m[Krclcpp::AnySubscriptionCallback<MessageT, AllocatorT> rclcpp::AnySubscriptionCallback<MessageT, AllocatorT>::set(CallbackT) [with CallbackT = std::_Bind<void (SailServoControlNode::*(SailServoControlNode*, std::_Placeholder<1>))(...)>; MessageT = std_msgs::msg::Bool_<std::allocator<void> >; AllocatorT = std::allocator<void>][m[K’
[19.995s] [01m[K/opt/ros/humble/include/rclcpp/rclcpp/subscription_factory.hpp:94:32:[m[K   required from ‘[01m[Krclcpp::SubscriptionFactory rclcpp::create_subscription_factory(CallbackT&&, const rclcpp::SubscriptionOptionsWithAllocator<AllocatorT>&, typename MessageMemoryStrategyT::SharedPtr, std::shared_ptr<rclcpp::topic_statistics::SubscriptionTopicStatistics<ROSMessageType> >) [with MessageT = std_msgs::msg::Bool_<std::allocator<void> >; CallbackT = std::_Bind<void (SailServoControlNode::*(SailServoControlNode*, std::_Placeholder<1>))(...)>; AllocatorT = std::allocator<void>; SubscriptionT = rclcpp::Subscription<std_msgs::msg::Bool_<std::allocator<void> >, std::allocator<void>, std_msgs::msg::Bool_<std::allocator<void> >, std_msgs::msg::Bool_<std::allocator<void> >, rclcpp::message_memory_strategy::MessageMemoryStrategy<std_msgs::msg::Bool_<std::allocator<void> >, std::allocator<void> > >; MessageMemoryStrategyT = rclcpp::message_memory_strategy::MessageMemoryStrategy<std_msgs::msg::Bool_<std::allocator<void> >, std::allocator<void> >; ROSMessageType = std_msgs::msg::Bool_<std::allocator<void> >; typename MessageMemoryStrategyT::SharedPtr = std::shared_ptr<rclcpp::message_memory_strategy::MessageMemoryStrategy<std_msgs::msg::Bool_<std::allocator<void> >, std::allocator<void> > >][m[K’
[19.999s] [01m[K/opt/ros/humble/include/rclcpp/rclcpp/create_subscription.hpp:122:63:[m[K   required from ‘[01m[Kstd::shared_ptr<ROSMessageT> rclcpp::detail::create_subscription(NodeParametersT&, NodeTopicsT&, const string&, const rclcpp::QoS&, CallbackT&&, const rclcpp::SubscriptionOptionsWithAllocator<AllocatorT>&, typename MessageMemoryStrategyT::SharedPtr) [with MessageT = std_msgs::msg::Bool_<std::allocator<void> >; CallbackT = std::_Bind<void (SailServoControlNode::*(SailServoControlNode*, std::_Placeholder<1>))(...)>; AllocatorT = std::allocator<void>; SubscriptionT = rclcpp::Subscription<std_msgs::msg::Bool_<std::allocator<void> >, std::allocator<void>, std_msgs::msg::Bool_<std::allocator<void> >, std_msgs::msg::Bool_<std::allocator<void> >, rclcpp::message_memory_strategy::MessageMemoryStrategy<std_msgs::msg::Bool_<std::allocator<void> >, std::allocator<void> > >; MessageMemoryStrategyT = rclcpp::message_memory_strategy::MessageMemoryStrategy<std_msgs::msg::Bool_<std::allocator<void> >, std::allocator<void> >; NodeParametersT = rclcpp::Node; NodeTopicsT = rclcpp::Node; ROSMessageType = std_msgs::msg::Bool_<std::allocator<void> >; std::string = std::__cxx11::basic_string<char>; typename MessageMemoryStrategyT::SharedPtr = std::shared_ptr<rclcpp::message_memory_strategy::MessageMemoryStrategy<std_msgs::msg::Bool_<std::allocator<void> >, std::allocator<void> > >][m[K’
[20.003s] [01m[K/opt/ros/humble/include/rclcpp/rclcpp/create_subscription.hpp:191:76:[m[K   required from ‘[01m[Kstd::shared_ptr<ROSMessageT> rclcpp::create_subscription(NodeT&, const string&, const rclcpp::QoS&, CallbackT&&, const rclcpp::SubscriptionOptionsWithAllocator<AllocatorT>&, typename MessageMemoryStrategyT::SharedPtr) [with MessageT = std_msgs::msg::Bool_<std::allocator<void> >; CallbackT = std::_Bind<void (SailServoControlNode::*(SailServoControlNode*, std::_Placeholder<1>))(...)>; AllocatorT = std::allocator<void>; SubscriptionT = rclcpp::Subscription<std_msgs::msg::Bool_<std::allocator<void> >, std::allocator<void>, std_msgs::msg::Bool_<std::allocator<void> >, std_msgs::msg::Bool_<std::allocator<void> >, rclcpp::message_memory_strategy::MessageMemoryStrategy<std_msgs::msg::Bool_<std::allocator<void> >, std::allocator<void> > >; MessageMemoryStrategyT = rclcpp::message_memory_strategy::MessageMemoryStrategy<std_msgs::msg::Bool_<std::allocator<void> >, std::allocator<void> >; NodeT = rclcpp::Node; std::string = std::__cxx11::basic_string<char>; typename MessageMemoryStrategyT::SharedPtr = std::shared_ptr<rclcpp::message_memory_strategy::MessageMemoryStrategy<std_msgs::msg::Bool_<std::allocator<void> >, std::allocator<void> > >][m[K’
[20.007s] [01m[K/opt/ros/humble/include/rclcpp/rclcpp/node_impl.hpp:99:47:[m[K   required from ‘[01m[Kstd::shared_ptr<ROSMessageT> rclcpp::Node::create_subscription(const string&, const rclcpp::QoS&, CallbackT&&, const rclcpp::SubscriptionOptionsWithAllocator<AllocatorT>&, typename MessageMemoryStrategyT::SharedPtr) [with MessageT = std_msgs::msg::Bool_<std::allocator<void> >; CallbackT = std::_Bind<void (SailServoControlNode::*(SailServoControlNode*, std::_Placeholder<1>))(...)>; AllocatorT = std::allocator<void>; SubscriptionT = rclcpp::Subscription<std_msgs::msg::Bool_<std::allocator<void> >, std::allocator<void>, std_msgs::msg::Bool_<std::allocator<void> >, std_msgs::msg::Bool_<std::allocator<void> >, rclcpp::message_memory_strategy::MessageMemoryStrategy<std_msgs::msg::Bool_<std::allocator<void> >, std::allocator<void> > >; MessageMemoryStrategyT = rclcpp::message_memory_strategy::MessageMemoryStrategy<std_msgs::msg::Bool_<std::allocator<void> >, std::allocator<void> >; std::string = std::__cxx11::basic_string<char>; typename MessageMemoryStrategyT::SharedPtr = std::shared_ptr<rclcpp::message_memory_strategy::MessageMemoryStrategy<std_msgs::msg::Bool_<std::allocator<void> >, std::allocator<void> > >][m[K’
[20.011s] [01m[K/home/boat/Desktop/src/boat_control_system_final/src/SailServoControlNode.cpp:31:73:[m[K   required from here
[20.015s] [01m[K/opt/ros/humble/include/rclcpp/rclcpp/function_traits.hpp:51:9:[m[K [01;31m[Kerror: [m[K‘[01m[Kdecltype[m[K’ cannot resolve address of overloaded function
[20.019s]    51 |   using [01;31m[Karguments[m[K = typename tuple_tail<
[20.022s]       |         [01;31m[K^~~~~~~~~[m[K
[20.026s] [01m[K/opt/ros/humble/include/rclcpp/rclcpp/function_traits.hpp:57:9:[m[K [01;31m[Kerror: [m[K‘[01m[Kdecltype[m[K’ cannot resolve address of overloaded function
[20.030s]    57 |   using [01;31m[Kargument_type[m[K = typename std::tuple_element<N, arguments>::type;
[20.034s]       |         [01;31m[K^~~~~~~~~~~~~[m[K
[20.037s] [01m[K/opt/ros/humble/include/rclcpp/rclcpp/function_traits.hpp:59:9:[m[K [01;31m[Kerror: [m[K‘[01m[Kdecltype[m[K’ cannot resolve address of overloaded function
[20.041s]    59 |   using [01;31m[Kreturn_type[m[K = typename function_traits<decltype( &FunctionT::operator())>::return_type;
[20.045s]       |         [01;31m[K^~~~~~~~~~~[m[K
[33.188s] [01m[K/home/boat/Desktop/src/boat_control_system_final/src/SailServoControlNode.cpp:132:1:[m[K [01;35m[Kwarning: [m[Kcontrol reaches end of non-void function [[01;35m[K]8;;https://gcc.gnu.org/onlinedocs/gcc/Warning-Options.html#index-Wreturn-type-Wreturn-type]8;;[m[K]
[33.192s]   132 | [01;35m[K}[m[K
[33.196s]       | [01;35m[K^[m[K
[33.360s] gmake[2]: *** [CMakeFiles/SailServoControlNodeLib.dir/build.make:76: CMakeFiles/SailServoControlNodeLib.dir/src/SailServoControlNode.cpp.o] Error 1
[33.363s] gmake[1]: *** [CMakeFiles/Makefile2:369: CMakeFiles/SailServoControlNodeLib.dir/all] Error 2
[33.364s] gmake[1]: *** Waiting for unfinished jobs....
[34.442s] gmake[2]: *** [CMakeFiles/RudderServoControlNodeLib.dir/build.make:76: CMakeFiles/RudderServoControlNodeLib.dir/src/RudderServoControlNode.cpp.o] Error 1
[34.443s] gmake[1]: *** [CMakeFiles/Makefile2:261: CMakeFiles/RudderServoControlNodeLib.dir/all] Error 2
[59.954s] [ 70%] [32m[1mLinking CXX executable coordinate_calculations_node[0m
[62.974s] [ 70%] Built target coordinate_calculations_node
[62.980s] gmake: *** [Makefile:146: all] Error 2
[62.988s] Invoked command in '/home/boat/Desktop/src/boat_control_system_final/build/boat_control_system_final' returned '2': CMAKE_PREFIX_PATH=/opt/ros/humble /usr/bin/cmake --build /home/boat/Desktop/src/boat_control_system_final/build/boat_control_system_final -- -j4 -l4
