[0.078s] Invoking command in '/home/boat/Desktop/src/boat_control_system_final/build/boat_control_system_final': CMAKE_PREFIX_PATH=/opt/ros/humble /usr/bin/cmake --build /home/boat/Desktop/src/boat_control_system_final/build/boat_control_system_final -- -j4 -l4
[0.342s] -- Found ament_cmake: 1.3.10 (/opt/ros/humble/share/ament_cmake/cmake)
[1.080s] -- Found rclcpp: 16.0.10 (/opt/ros/humble/share/rclcpp/cmake)
[1.346s] -- Found rosidl_generator_c: 3.1.5 (/opt/ros/humble/share/rosidl_generator_c/cmake)
[1.365s] -- Found rosidl_adapter: 3.1.5 (/opt/ros/humble/share/rosidl_adapter/cmake)
[1.410s] -- Found rosidl_generator_cpp: 3.1.5 (/opt/ros/humble/share/rosidl_generator_cpp/cmake)
[1.473s] -- Using all available rosidl_typesupport_c: rosidl_typesupport_fastrtps_c;rosidl_typesupport_introspection_c
[1.553s] -- Using all available rosidl_typesupport_cpp: rosidl_typesupport_fastrtps_cpp;rosidl_typesupport_introspection_cpp
[1.806s] -- Found rmw_implementation_cmake: 6.1.2 (/opt/ros/humble/share/rmw_implementation_cmake/cmake)
[1.824s] -- Found rmw_fastrtps_cpp: 6.2.7 (/opt/ros/humble/share/rmw_fastrtps_cpp/cmake)
[3.203s] -- Using RMW implementation 'rmw_fastrtps_cpp' as default
[3.621s] -- Found sensor_msgs: 4.2.4 (/opt/ros/humble/share/sensor_msgs/cmake)
[3.909s] -- Found ament_lint_auto: 0.12.11 (/opt/ros/humble/share/ament_lint_auto/cmake)
[5.548s] -- Added test 'cppcheck' to perform static code analysis on C / C++ code
[5.551s] -- Configured cppcheck include dirs: /home/boat/Desktop/src/boat_control_system_final/include/boat_control_system_final
[5.552s] -- Configured cppcheck exclude dirs and/or files: 
[5.714s] -- Added test 'flake8' to check Python code syntax and style conventions
[6.034s] -- Added test 'lint_cmake' to check CMake code style
[6.197s] -- Added test 'pep257' to check Python code against some of the docstring style conventions in PEP 257
[7.459s] -- Added test 'uncrustify' to check C / C++ code style
[7.460s] -- Configured uncrustify additional arguments: 
[7.712s] -- Added test 'xmllint' to check XML markup files
[7.868s] -- Configuring done
[8.892s] -- Generating done
[8.911s] -- Build files have been written to: /home/boat/Desktop/src/boat_control_system_final/build/boat_control_system_final
[9.042s] [35m[1mConsolidate compiler generated dependencies of target WaypointQueue[0m
[9.043s] [35m[1mConsolidate compiler generated dependencies of target RudderControlHelper[0m
[9.053s] [35m[1mConsolidate compiler generated dependencies of target CoordinateCalculations[0m
[9.054s] [35m[1mConsolidate compiler generated dependencies of target SailServoControlNodeLib[0m
[9.277s] [ 10%] Built target WaypointQueue
[9.285s] [ 20%] Built target RudderControlHelper
[9.286s] [ 25%] [32mBuilding CXX object CMakeFiles/SailServoControlNodeLib.dir/src/SailServoControlNode.cpp.o[0m
[9.294s] [ 35%] Built target CoordinateCalculations
[9.363s] [35m[1mConsolidate compiler generated dependencies of target RudderServoControlNodeLib[0m
[9.365s] [35m[1mConsolidate compiler generated dependencies of target waypoint_queue_node_exec[0m
[9.507s] [ 45%] Built target RudderServoControlNodeLib
[9.532s] [ 55%] Built target waypoint_queue_node_exec
[9.579s] [35m[1mConsolidate compiler generated dependencies of target CoordinateCalculationsNodeLib[0m
[9.588s] [35m[1mConsolidate compiler generated dependencies of target rudder_servo_control_exec[0m
[9.717s] [ 65%] Built target CoordinateCalculationsNodeLib
[9.721s] [ 75%] Built target rudder_servo_control_exec
[9.768s] [35m[1mConsolidate compiler generated dependencies of target coordinate_calculations_node_exec[0m
[9.880s] [ 85%] Built target coordinate_calculations_node_exec
[48.925s] [ 90%] [32m[1mLinking CXX static library libSailServoControlNodeLib.a[0m
[50.086s] [ 90%] Built target SailServoControlNodeLib
[50.187s] [ 95%] [32mBuilding CXX object CMakeFiles/sail_servo_control_exec.dir/src/SailServoControlNode.cpp.o[0m
[86.283s] [100%] [32m[1mLinking CXX executable sail_servo_control_exec[0m
[88.353s] [100%] Built target sail_servo_control_exec
[88.399s] Invoked command in '/home/boat/Desktop/src/boat_control_system_final/build/boat_control_system_final' returned '0': CMAKE_PREFIX_PATH=/opt/ros/humble /usr/bin/cmake --build /home/boat/Desktop/src/boat_control_system_final/build/boat_control_system_final -- -j4 -l4
[88.721s] Invoking command in '/home/boat/Desktop/src/boat_control_system_final/build/boat_control_system_final': CMAKE_PREFIX_PATH=/opt/ros/humble /usr/bin/cmake --install /home/boat/Desktop/src/boat_control_system_final/build/boat_control_system_final
[88.754s] -- Install configuration: ""
[88.755s] -- Installing: /home/boat/Desktop/src/boat_control_system_final/install/boat_control_system_final/lib/boat_control_system_final/waypoint_queue_node_exec
[88.820s] -- Set runtime path of "/home/boat/Desktop/src/boat_control_system_final/install/boat_control_system_final/lib/boat_control_system_final/waypoint_queue_node_exec" to ""
[88.820s] -- Installing: /home/boat/Desktop/src/boat_control_system_final/install/boat_control_system_final/lib/boat_control_system_final/coordinate_calculations_node_exec
[88.887s] -- Set runtime path of "/home/boat/Desktop/src/boat_control_system_final/install/boat_control_system_final/lib/boat_control_system_final/coordinate_calculations_node_exec" to ""
[88.887s] -- Installing: /home/boat/Desktop/src/boat_control_system_final/install/boat_control_system_final/lib/boat_control_system_final/rudder_servo_control_exec
[88.959s] -- Set runtime path of "/home/boat/Desktop/src/boat_control_system_final/install/boat_control_system_final/lib/boat_control_system_final/rudder_servo_control_exec" to ""
[88.960s] -- Installing: /home/boat/Desktop/src/boat_control_system_final/install/boat_control_system_final/lib/boat_control_system_final/sail_servo_control_exec
[88.993s] -- Set runtime path of "/home/boat/Desktop/src/boat_control_system_final/install/boat_control_system_final/lib/boat_control_system_final/sail_servo_control_exec" to ""
[88.994s] -- Up-to-date: /home/boat/Desktop/src/boat_control_system_final/install/boat_control_system_final/include/boat_control_system_final
[88.994s] -- Up-to-date: /home/boat/Desktop/src/boat_control_system_final/install/boat_control_system_final/include/boat_control_system_final/RudderServoControlNode.hpp
[88.995s] -- Up-to-date: /home/boat/Desktop/src/boat_control_system_final/install/boat_control_system_final/include/boat_control_system_final/WaypointQueueNode.hpp
[88.995s] -- Up-to-date: /home/boat/Desktop/src/boat_control_system_final/install/boat_control_system_final/include/boat_control_system_final/WaypointQueue.hpp
[88.996s] -- Up-to-date: /home/boat/Desktop/src/boat_control_system_final/install/boat_control_system_final/include/boat_control_system_final/Coordinate_Calculations.h
[88.996s] -- Installing: /home/boat/Desktop/src/boat_control_system_final/install/boat_control_system_final/include/boat_control_system_final/SailServoControlNode.hpp
[88.997s] -- Up-to-date: /home/boat/Desktop/src/boat_control_system_final/install/boat_control_system_final/include/boat_control_system_final/CoordinateCalculationsNode.hpp
[88.998s] -- Up-to-date: /home/boat/Desktop/src/boat_control_system_final/install/boat_control_system_final/include/boat_control_system_final/RudderControlHelper.hpp
[88.999s] -- Up-to-date: /home/boat/Desktop/src/boat_control_system_final/install/boat_control_system_final/share/ament_index/resource_index/package_run_dependencies/boat_control_system_final
[88.999s] -- Up-to-date: /home/boat/Desktop/src/boat_control_system_final/install/boat_control_system_final/share/ament_index/resource_index/parent_prefix_path/boat_control_system_final
[89.000s] -- Up-to-date: /home/boat/Desktop/src/boat_control_system_final/install/boat_control_system_final/share/boat_control_system_final/environment/ament_prefix_path.sh
[89.002s] -- Installing: /home/boat/Desktop/src/boat_control_system_final/install/boat_control_system_final/share/boat_control_system_final/environment/ament_prefix_path.dsv
[89.005s] -- Up-to-date: /home/boat/Desktop/src/boat_control_system_final/install/boat_control_system_final/share/boat_control_system_final/environment/path.sh
[89.006s] -- Installing: /home/boat/Desktop/src/boat_control_system_final/install/boat_control_system_final/share/boat_control_system_final/environment/path.dsv
[89.007s] -- Up-to-date: /home/boat/Desktop/src/boat_control_system_final/install/boat_control_system_final/share/boat_control_system_final/local_setup.bash
[89.008s] -- Up-to-date: /home/boat/Desktop/src/boat_control_system_final/install/boat_control_system_final/share/boat_control_system_final/local_setup.sh
[89.009s] -- Up-to-date: /home/boat/Desktop/src/boat_control_system_final/install/boat_control_system_final/share/boat_control_system_final/local_setup.zsh
[89.010s] -- Installing: /home/boat/Desktop/src/boat_control_system_final/install/boat_control_system_final/share/boat_control_system_final/local_setup.dsv
[89.011s] -- Installing: /home/boat/Desktop/src/boat_control_system_final/install/boat_control_system_final/share/boat_control_system_final/package.dsv
[89.013s] -- Up-to-date: /home/boat/Desktop/src/boat_control_system_final/install/boat_control_system_final/share/ament_index/resource_index/packages/boat_control_system_final
[89.013s] -- Up-to-date: /home/boat/Desktop/src/boat_control_system_final/install/boat_control_system_final/share/boat_control_system_final/cmake/boat_control_system_finalConfig.cmake
[89.014s] -- Up-to-date: /home/boat/Desktop/src/boat_control_system_final/install/boat_control_system_final/share/boat_control_system_final/cmake/boat_control_system_finalConfig-version.cmake
[89.015s] -- Up-to-date: /home/boat/Desktop/src/boat_control_system_final/install/boat_control_system_final/share/boat_control_system_final/package.xml
[89.022s] Invoked command in '/home/boat/Desktop/src/boat_control_system_final/build/boat_control_system_final' returned '0': CMAKE_PREFIX_PATH=/opt/ros/humble /usr/bin/cmake --install /home/boat/Desktop/src/boat_control_system_final/build/boat_control_system_final
