[0.065s] Invoking command in '/home/boat/Desktop/src/boat_control_system_final/build/boat_control_system_final': CMAKE_PREFIX_PATH=/opt/ros/humble /usr/bin/cmake --build /home/boat/Desktop/src/boat_control_system_final/build/boat_control_system_final -- -j4 -l4
[0.349s] [ 16%] Built target WaypointQueue
[0.361s] [ 33%] Built target CoordinateCalculations
[0.444s] [35m[1mConsolidate compiler generated dependencies of target RudderServoControlNode[0m
[0.507s] [ 50%] Built target CoordinateCalculationsNodeLib
[0.523s] [ 66%] Built target WaypointQueueNode
[0.559s] [ 75%] [32mBuilding CXX object CMakeFiles/RudderServoControlNode.dir/src/RudderServoControlNode.cpp.o[0m
[0.639s] [ 91%] Built target CoordinateCalculationsNodeExec
[12.665s] In file included from [01m[K/opt/ros/humble/include/rclcpp/rclcpp/client.hpp:40[m[K,
[12.666s]                  from [01m[K/opt/ros/humble/include/rclcpp/rclcpp/callback_group.hpp:24[m[K,
[12.666s]                  from [01m[K/opt/ros/humble/include/rclcpp/rclcpp/any_executable.hpp:20[m[K,
[12.667s]                  from [01m[K/opt/ros/humble/include/rclcpp/rclcpp/memory_strategy.hpp:25[m[K,
[12.667s]                  from [01m[K/opt/ros/humble/include/rclcpp/rclcpp/memory_strategies.hpp:18[m[K,
[12.668s]                  from [01m[K/opt/ros/humble/include/rclcpp/rclcpp/executor_options.hpp:20[m[K,
[12.668s]                  from [01m[K/opt/ros/humble/include/rclcpp/rclcpp/executor.hpp:37[m[K,
[12.669s]                  from [01m[K/opt/ros/humble/include/rclcpp/rclcpp/executors/multi_threaded_executor.hpp:25[m[K,
[12.669s]                  from [01m[K/opt/ros/humble/include/rclcpp/rclcpp/executors.hpp:21[m[K,
[12.670s]                  from [01m[K/opt/ros/humble/include/rclcpp/rclcpp/rclcpp.hpp:155[m[K,
[12.670s]                  from [01m[K/home/boat/Desktop/src/boat_control_system_final/include/boat_control_system_final/RudderServoControlNode.hpp:9[m[K,
[12.671s]                  from [01m[K/home/boat/Desktop/src/boat_control_system_final/src/RudderServoControlNode.cpp:16[m[K:
[12.671s] [01m[K/home/boat/Desktop/src/boat_control_system_final/src/RudderServoControlNode.cpp:[m[K In function ‘[01m[Kvoid executingStateCallback(std_msgs::msg::Bool_<std::allocator<void> >::SharedPtr)[m[K’:
[12.672s] [01m[K/home/boat/Desktop/src/boat_control_system_final/src/RudderServoControlNode.cpp:118:17:[m[K [01;31m[Kerror: [m[Kinvalid use of ‘[01m[Kthis[m[K’ in non-member function
[12.672s]   118 |     RCLCPP_INFO([01;31m[Kthis[m[K->get_logger(), "Received Wind angle heading data: [angle: %.6f]",
[12.672s]       |                 [01;31m[K^~~~[m[K
[12.673s] [01m[K/home/boat/Desktop/src/boat_control_system_final/src/RudderServoControlNode.cpp:118:17:[m[K [01;31m[Kerror: [m[Kinvalid use of ‘[01m[Kthis[m[K’ in non-member function
[12.674s] [01m[K/home/boat/Desktop/src/boat_control_system_final/src/RudderServoControlNode.cpp:118:5:[m[K [01;31m[Kerror: [m[Ktemplate argument 1 is invalid
[12.674s]   118 |     [01;31m[KRCLCPP_INFO[m[K(this->get_logger(), "Received Wind angle heading data: [angle: %.6f]",
[12.674s]       |     [01;31m[K^~~~~~~~~~~[m[K
[12.675s] [01m[K/home/boat/Desktop/src/boat_control_system_final/src/RudderServoControlNode.cpp:118:5:[m[K [01;31m[Kerror: [m[Ktemplate argument 1 is invalid
[12.675s]   118 |     [01;31m[KRCLCPP_INFO[m[K(this->get_logger(), "Received Wind angle heading data: [angle: %.6f]",
[12.676s]       |     [01;31m[K^~~~~~~~~~~[m[K
[12.676s] [01m[K/home/boat/Desktop/src/boat_control_system_final/src/RudderServoControlNode.cpp:118:5:[m[K [01;31m[Kerror: [m[Ktemplate argument 1 is invalid
[12.677s]   118 |     [01;31m[KRCLCPP_INFO[m[K(this->get_logger(), "Received Wind angle heading data: [angle: %.6f]",
[12.677s]       |     [01;31m[K^~~~~~~~~~~[m[K
[12.678s] In file included from [01m[K/opt/ros/humble/include/rclcpp/rclcpp/logging.hpp:24[m[K,
[12.679s]                  from [01m[K/opt/ros/humble/include/rclcpp/rclcpp/client.hpp:40[m[K,
[12.680s]                  from [01m[K/opt/ros/humble/include/rclcpp/rclcpp/callback_group.hpp:24[m[K,
[12.681s]                  from [01m[K/opt/ros/humble/include/rclcpp/rclcpp/any_executable.hpp:20[m[K,
[12.681s]                  from [01m[K/opt/ros/humble/include/rclcpp/rclcpp/memory_strategy.hpp:25[m[K,
[12.682s]                  from [01m[K/opt/ros/humble/include/rclcpp/rclcpp/memory_strategies.hpp:18[m[K,
[12.683s]                  from [01m[K/opt/ros/humble/include/rclcpp/rclcpp/executor_options.hpp:20[m[K,
[12.683s]                  from [01m[K/opt/ros/humble/include/rclcpp/rclcpp/executor.hpp:37[m[K,
[12.684s]                  from [01m[K/opt/ros/humble/include/rclcpp/rclcpp/executors/multi_threaded_executor.hpp:25[m[K,
[12.684s]                  from [01m[K/opt/ros/humble/include/rclcpp/rclcpp/executors.hpp:21[m[K,
[12.685s]                  from [01m[K/opt/ros/humble/include/rclcpp/rclcpp/rclcpp.hpp:155[m[K,
[12.685s]                  from [01m[K/home/boat/Desktop/src/boat_control_system_final/include/boat_control_system_final/RudderServoControlNode.hpp:9[m[K,
[12.686s]                  from [01m[K/home/boat/Desktop/src/boat_control_system_final/src/RudderServoControlNode.cpp:16[m[K:
[12.686s] [01m[K/home/boat/Desktop/src/boat_control_system_final/src/RudderServoControlNode.cpp:118:17:[m[K [01;31m[Kerror: [m[Kinvalid use of ‘[01m[Kthis[m[K’ in non-member function
[12.687s]   118 |     RCLCPP_INFO([01;31m[Kthis[m[K->get_logger(), "Received Wind angle heading data: [angle: %.6f]",
[12.687s]       |                 [01;31m[K^~~~[m[K
[12.688s] [01m[K/home/boat/Desktop/src/boat_control_system_final/src/RudderServoControlNode.cpp:118:17:[m[K [01;31m[Kerror: [m[Kinvalid use of ‘[01m[Kthis[m[K’ in non-member function
[12.688s]   118 |     RCLCPP_INFO([01;31m[Kthis[m[K->get_logger(), "Received Wind angle heading data: [angle: %.6f]",
[12.688s]       |                 [01;31m[K^~~~[m[K
[29.242s] gmake[2]: *** [CMakeFiles/RudderServoControlNode.dir/build.make:76: CMakeFiles/RudderServoControlNode.dir/src/RudderServoControlNode.cpp.o] Error 1
[29.243s] gmake[1]: *** [CMakeFiles/Makefile2:281: CMakeFiles/RudderServoControlNode.dir/all] Error 2
[29.244s] gmake: *** [Makefile:146: all] Error 2
[29.252s] Invoked command in '/home/boat/Desktop/src/boat_control_system_final/build/boat_control_system_final' returned '2': CMAKE_PREFIX_PATH=/opt/ros/humble /usr/bin/cmake --build /home/boat/Desktop/src/boat_control_system_final/build/boat_control_system_final -- -j4 -l4
