[35m[1mConsolidate compiler generated dependencies of target CoordinateCalculations[0m
[ 20%] Built target WaypointQueue
[ 30%] [32mBuilding CXX object CMakeFiles/CoordinateCalculations.dir/src/Coordinate_Calculations.cpp.o[0m
[ 50%] Built target WaypointQueueNode
[01m[K/home/boat/Desktop/src/boat_control_system_final/src/Coordinate_Calculations.cpp:[m[K In member function ‘[01m[Ksensor_msgs::msg::NavSatFix CoordinateCalculations::convert_to_position(sensor_msgs::msg::NavSatFix, float, float)[m[K’:
[01m[K/home/boat/Desktop/src/boat_control_system_final/src/Coordinate_Calculations.cpp:78:66:[m[K [01;31m[Kerror: [m[Kcould not convert ‘[01m[K{new_lat, new_long}[m[K’ from ‘[01m[K<brace-enclosed initializer list>[m[K’ to ‘[01m[Ksensor_msgs::msg::NavSatFix[m[K’ {aka ‘[01m[Ksensor_msgs::msg::NavSatFix_<std::allocator<void> >[m[K’}
   78 |     sensor_msgs::msg::NavSatFix new_position = {new_lat, new_long[01;31m[K}[m[K;
      |                                                                  [01;31m[K^[m[K
      |                                                                  [01;31m[K|[m[K
      |                                                                  [01;31m[K<brace-enclosed initializer list>[m[K
[01m[K/home/boat/Desktop/src/boat_control_system_final/src/Coordinate_Calculations.cpp:[m[K In member function ‘[01m[Kstd::pair<std::__cxx11::basic_string<char>, float> CoordinateCalculations::calculate_directional_bearing(sensor_msgs::msg::NavSatFix)[m[K’:
[01m[K/home/boat/Desktop/src/boat_control_system_final/src/Coordinate_Calculations.cpp:90:47:[m[K [01;31m[Kerror: [m[Kno match for ‘[01m[Koperator-[m[K’ (operand types are ‘[01m[Kfloat[m[K’ and ‘[01m[Kstd_msgs::msg::Float32[m[K’ {aka ‘[01m[Kstd_msgs::msg::Float32_<std::allocator<void> >[m[K’})
   90 |     float bearing_difference = [32m[Ktarget_bearing[m[K [01;31m[K-[m[K [34m[Kcurrent_heading[m[K;
      |                                [32m[K~~~~~~~~~~~~~~[m[K [01;31m[K^[m[K [34m[K~~~~~~~~~~~~~~~[m[K
      |                                [32m[K|[m[K                [34m[K|[m[K
      |                                [32m[Kfloat[m[K            [34m[Kstd_msgs::msg::Float32 {aka std_msgs::msg::Float32_<std::allocator<void> >}[m[K
In file included from [01m[K/usr/include/c++/11/bits/stl_algobase.h:67[m[K,
                 from [01m[K/usr/include/c++/11/bits/char_traits.h:39[m[K,
                 from [01m[K/usr/include/c++/11/ios:40[m[K,
                 from [01m[K/usr/include/c++/11/ostream:38[m[K,
                 from [01m[K/usr/include/c++/11/iostream:39[m[K,
                 from [01m[K/home/boat/Desktop/src/boat_control_system_final/src/Coordinate_Calculations.cpp:6[m[K:
[01m[K/usr/include/c++/11/bits/stl_iterator.h:577:5:[m[K [01;36m[Knote: [m[Kcandidate: ‘[01m[Ktemplate<class _IteratorL, class _IteratorR> constexpr decltype ((__y.base() - __x.base())) std::operator-(const std::reverse_iterator<_Iterator>&, const std::reverse_iterator<_IteratorR>&)[m[K’
  577 |     [01;36m[Koperator[m[K-(const reverse_iterator<_IteratorL>& __x,
      |     [01;36m[K^~~~~~~~[m[K
[01m[K/usr/include/c++/11/bits/stl_iterator.h:577:5:[m[K [01;36m[Knote: [m[K  template argument deduction/substitution failed:
[01m[K/home/boat/Desktop/src/boat_control_system_final/src/Coordinate_Calculations.cpp:90:49:[m[K [01;36m[Knote: [m[K  mismatched types ‘[01m[Kconst std::reverse_iterator<_Iterator>[m[K’ and ‘[01m[Kfloat[m[K’
   90 |     float bearing_difference = target_bearing - [01;36m[Kcurrent_heading[m[K;
      |                                                 [01;36m[K^~~~~~~~~~~~~~~[m[K
In file included from [01m[K/usr/include/c++/11/bits/stl_algobase.h:67[m[K,
                 from [01m[K/usr/include/c++/11/bits/char_traits.h:39[m[K,
                 from [01m[K/usr/include/c++/11/ios:40[m[K,
                 from [01m[K/usr/include/c++/11/ostream:38[m[K,
                 from [01m[K/usr/include/c++/11/iostream:39[m[K,
                 from [01m[K/home/boat/Desktop/src/boat_control_system_final/src/Coordinate_Calculations.cpp:6[m[K:
[01m[K/usr/include/c++/11/bits/stl_iterator.h:1693:5:[m[K [01;36m[Knote: [m[Kcandidate: ‘[01m[Ktemplate<class _IteratorL, class _IteratorR> constexpr decltype ((__x.base() - __y.base())) std::operator-(const std::move_iterator<_IteratorL>&, const std::move_iterator<_IteratorR>&)[m[K’
 1693 |     [01;36m[Koperator[m[K-(const move_iterator<_IteratorL>& __x,
      |     [01;36m[K^~~~~~~~[m[K
[01m[K/usr/include/c++/11/bits/stl_iterator.h:1693:5:[m[K [01;36m[Knote: [m[K  template argument deduction/substitution failed:
[01m[K/home/boat/Desktop/src/boat_control_system_final/src/Coordinate_Calculations.cpp:90:49:[m[K [01;36m[Knote: [m[K  mismatched types ‘[01m[Kconst std::move_iterator<_IteratorL>[m[K’ and ‘[01m[Kfloat[m[K’
   90 |     float bearing_difference = target_bearing - [01;36m[Kcurrent_heading[m[K;
      |                                                 [01;36m[K^~~~~~~~~~~~~~~[m[K
[01m[K/home/boat/Desktop/src/boat_control_system_final/src/Coordinate_Calculations.cpp:[m[K At global scope:
[01m[K/home/boat/Desktop/src/boat_control_system_final/src/Coordinate_Calculations.cpp:119:24:[m[K [01;31m[Kerror: [m[Kno declaration matches ‘[01m[Kstd_msgs::msg::Float32 CoordinateCalculations::calculate_angle_to_wind()[m[K’
  119 | std_msgs::msg::Float32 [01;31m[KCoordinateCalculations[m[K::calculate_angle_to_wind()
      |                        [01;31m[K^~~~~~~~~~~~~~~~~~~~~~[m[K
In file included from [01m[K/home/boat/Desktop/src/boat_control_system_final/src/Coordinate_Calculations.cpp:12[m[K:
[01m[K/home/boat/Desktop/src/boat_control_system_final/include/boat_control_system_final/Coordinate_Calculations.h:68:11:[m[K [01;36m[Knote: [m[Kcandidate is: ‘[01m[Kfloat CoordinateCalculations::calculate_angle_to_wind()[m[K’
   68 |     float [01;36m[Kcalculate_angle_to_wind[m[K();
      |           [01;36m[K^~~~~~~~~~~~~~~~~~~~~~~[m[K
In file included from [01m[K/home/boat/Desktop/src/boat_control_system_final/src/Coordinate_Calculations.cpp:12[m[K:
[01m[K/home/boat/Desktop/src/boat_control_system_final/include/boat_control_system_final/Coordinate_Calculations.h:17:7:[m[K [01;36m[Knote: [m[K‘[01m[Kclass CoordinateCalculations[m[K’ defined here
   17 | class [01;36m[KCoordinateCalculations[m[K
      |       [01;36m[K^~~~~~~~~~~~~~~~~~~~~~[m[K
[01m[K/home/boat/Desktop/src/boat_control_system_final/src/Coordinate_Calculations.cpp:[m[K In member function ‘[01m[Kvoid CoordinateCalculations::plan_path(const NavSatFix&, const NavSatFix&)[m[K’:
[01m[K/home/boat/Desktop/src/boat_control_system_final/src/Coordinate_Calculations.cpp:144:46:[m[K [01;31m[Kerror: [m[Kno match for ‘[01m[Koperator-[m[K’ (operand types are ‘[01m[Kstd_msgs::msg::Float32[m[K’ {aka ‘[01m[Kstd_msgs::msg::Float32_<std::allocator<void> >[m[K’} and ‘[01m[Kfloat[m[K’)
  144 |     float angle_to_wind = abs([32m[Kwind_direction[m[K [01;31m[K-[m[K [34m[Kdestination_bearing[m[K);
      |                               [32m[K~~~~~~~~~~~~~~[m[K [01;31m[K^[m[K [34m[K~~~~~~~~~~~~~~~~~~~[m[K
      |                               [32m[K|[m[K                [34m[K|[m[K
      |                               [32m[K|[m[K                [34m[Kfloat[m[K
      |                               [32m[Kstd_msgs::msg::Float32 {aka std_msgs::msg::Float32_<std::allocator<void> >}[m[K
In file included from [01m[K/usr/include/c++/11/bits/stl_algobase.h:67[m[K,
                 from [01m[K/usr/include/c++/11/bits/char_traits.h:39[m[K,
                 from [01m[K/usr/include/c++/11/ios:40[m[K,
                 from [01m[K/usr/include/c++/11/ostream:38[m[K,
                 from [01m[K/usr/include/c++/11/iostream:39[m[K,
                 from [01m[K/home/boat/Desktop/src/boat_control_system_final/src/Coordinate_Calculations.cpp:6[m[K:
[01m[K/usr/include/c++/11/bits/stl_iterator.h:577:5:[m[K [01;36m[Knote: [m[Kcandidate: ‘[01m[Ktemplate<class _IteratorL, class _IteratorR> constexpr decltype ((__y.base() - __x.base())) std::operator-(const std::reverse_iterator<_Iterator>&, const std::reverse_iterator<_IteratorR>&)[m[K’
  577 |     [01;36m[Koperator[m[K-(const reverse_iterator<_IteratorL>& __x,
      |     [01;36m[K^~~~~~~~[m[K
[01m[K/usr/include/c++/11/bits/stl_iterator.h:577:5:[m[K [01;36m[Knote: [m[K  template argument deduction/substitution failed:
[01m[K/home/boat/Desktop/src/boat_control_system_final/src/Coordinate_Calculations.cpp:144:48:[m[K [01;36m[Knote: [m[K  ‘[01m[Kstd_msgs::msg::Float32[m[K’ {aka ‘[01m[Kstd_msgs::msg::Float32_<std::allocator<void> >[m[K’} is not derived from ‘[01m[Kconst std::reverse_iterator<_Iterator>[m[K’
  144 |     float angle_to_wind = abs(wind_direction - [01;36m[Kdestination_bearing[m[K);
      |                                                [01;36m[K^~~~~~~~~~~~~~~~~~~[m[K
In file included from [01m[K/usr/include/c++/11/bits/stl_algobase.h:67[m[K,
                 from [01m[K/usr/include/c++/11/bits/char_traits.h:39[m[K,
                 from [01m[K/usr/include/c++/11/ios:40[m[K,
                 from [01m[K/usr/include/c++/11/ostream:38[m[K,
                 from [01m[K/usr/include/c++/11/iostream:39[m[K,
                 from [01m[K/home/boat/Desktop/src/boat_control_system_final/src/Coordinate_Calculations.cpp:6[m[K:
[01m[K/usr/include/c++/11/bits/stl_iterator.h:1693:5:[m[K [01;36m[Knote: [m[Kcandidate: ‘[01m[Ktemplate<class _IteratorL, class _IteratorR> constexpr decltype ((__x.base() - __y.base())) std::operator-(const std::move_iterator<_IteratorL>&, const std::move_iterator<_IteratorR>&)[m[K’
 1693 |     [01;36m[Koperator[m[K-(const move_iterator<_IteratorL>& __x,
      |     [01;36m[K^~~~~~~~[m[K
[01m[K/usr/include/c++/11/bits/stl_iterator.h:1693:5:[m[K [01;36m[Knote: [m[K  template argument deduction/substitution failed:
[01m[K/home/boat/Desktop/src/boat_control_system_final/src/Coordinate_Calculations.cpp:144:48:[m[K [01;36m[Knote: [m[K  ‘[01m[Kstd_msgs::msg::Float32[m[K’ {aka ‘[01m[Kstd_msgs::msg::Float32_<std::allocator<void> >[m[K’} is not derived from ‘[01m[Kconst std::move_iterator<_IteratorL>[m[K’
  144 |     float angle_to_wind = abs(wind_direction - [01;36m[Kdestination_bearing[m[K);
      |                                                [01;36m[K^~~~~~~~~~~~~~~~~~~[m[K
[01m[K/home/boat/Desktop/src/boat_control_system_final/src/Coordinate_Calculations.cpp:161:47:[m[K [01;31m[Kerror: [m[Kno match for ‘[01m[Koperator-[m[K’ (operand types are ‘[01m[Kstd_msgs::msg::Float32[m[K’ {aka ‘[01m[Kstd_msgs::msg::Float32_<std::allocator<void> >[m[K’} and ‘[01m[Kfloat[m[K’)
  161 |     float bearing_difference = [32m[Kwind_direction[m[K [01;31m[K-[m[K [34m[Kdestination_bearing[m[K;
      |                                [32m[K~~~~~~~~~~~~~~[m[K [01;31m[K^[m[K [34m[K~~~~~~~~~~~~~~~~~~~[m[K
      |                                [32m[K|[m[K                [34m[K|[m[K
      |                                [32m[K|[m[K                [34m[Kfloat[m[K
      |                                [32m[Kstd_msgs::msg::Float32 {aka std_msgs::msg::Float32_<std::allocator<void> >}[m[K
In file included from [01m[K/usr/include/c++/11/bits/stl_algobase.h:67[m[K,
                 from [01m[K/usr/include/c++/11/bits/char_traits.h:39[m[K,
                 from [01m[K/usr/include/c++/11/ios:40[m[K,
                 from [01m[K/usr/include/c++/11/ostream:38[m[K,
                 from [01m[K/usr/include/c++/11/iostream:39[m[K,
                 from [01m[K/home/boat/Desktop/src/boat_control_system_final/src/Coordinate_Calculations.cpp:6[m[K:
[01m[K/usr/include/c++/11/bits/stl_iterator.h:577:5:[m[K [01;36m[Knote: [m[Kcandidate: ‘[01m[Ktemplate<class _IteratorL, class _IteratorR> constexpr decltype ((__y.base() - __x.base())) std::operator-(const std::reverse_iterator<_Iterator>&, const std::reverse_iterator<_IteratorR>&)[m[K’
  577 |     [01;36m[Koperator[m[K-(const reverse_iterator<_IteratorL>& __x,
      |     [01;36m[K^~~~~~~~[m[K
[01m[K/usr/include/c++/11/bits/stl_iterator.h:577:5:[m[K [01;36m[Knote: [m[K  template argument deduction/substitution failed:
[01m[K/home/boat/Desktop/src/boat_control_system_final/src/Coordinate_Calculations.cpp:161:49:[m[K [01;36m[Knote: [m[K  ‘[01m[Kstd_msgs::msg::Float32[m[K’ {aka ‘[01m[Kstd_msgs::msg::Float32_<std::allocator<void> >[m[K’} is not derived from ‘[01m[Kconst std::reverse_iterator<_Iterator>[m[K’
  161 |     float bearing_difference = wind_direction - [01;36m[Kdestination_bearing[m[K;
      |                                                 [01;36m[K^~~~~~~~~~~~~~~~~~~[m[K
In file included from [01m[K/usr/include/c++/11/bits/stl_algobase.h:67[m[K,
                 from [01m[K/usr/include/c++/11/bits/char_traits.h:39[m[K,
                 from [01m[K/usr/include/c++/11/ios:40[m[K,
                 from [01m[K/usr/include/c++/11/ostream:38[m[K,
                 from [01m[K/usr/include/c++/11/iostream:39[m[K,
                 from [01m[K/home/boat/Desktop/src/boat_control_system_final/src/Coordinate_Calculations.cpp:6[m[K:
[01m[K/usr/include/c++/11/bits/stl_iterator.h:1693:5:[m[K [01;36m[Knote: [m[Kcandidate: ‘[01m[Ktemplate<class _IteratorL, class _IteratorR> constexpr decltype ((__x.base() - __y.base())) std::operator-(const std::move_iterator<_IteratorL>&, const std::move_iterator<_IteratorR>&)[m[K’
 1693 |     [01;36m[Koperator[m[K-(const move_iterator<_IteratorL>& __x,
      |     [01;36m[K^~~~~~~~[m[K
[01m[K/usr/include/c++/11/bits/stl_iterator.h:1693:5:[m[K [01;36m[Knote: [m[K  template argument deduction/substitution failed:
[01m[K/home/boat/Desktop/src/boat_control_system_final/src/Coordinate_Calculations.cpp:161:49:[m[K [01;36m[Knote: [m[K  ‘[01m[Kstd_msgs::msg::Float32[m[K’ {aka ‘[01m[Kstd_msgs::msg::Float32_<std::allocator<void> >[m[K’} is not derived from ‘[01m[Kconst std::move_iterator<_IteratorL>[m[K’
  161 |     float bearing_difference = wind_direction - [01;36m[Kdestination_bearing[m[K;
      |                                                 [01;36m[K^~~~~~~~~~~~~~~~~~~[m[K
gmake[2]: *** [CMakeFiles/CoordinateCalculations.dir/build.make:76: CMakeFiles/CoordinateCalculations.dir/src/Coordinate_Calculations.cpp.o] Error 1
gmake[1]: *** [CMakeFiles/Makefile2:171: CMakeFiles/CoordinateCalculations.dir/all] Error 2
gmake: *** [Makefile:146: all] Error 2
