[7.133s] Invoking command in '/home/boat/Desktop/TAFLAB_boatpi_roshumble/src/control_py': PYTHONPATH=/home/boat/Desktop/TAFLAB_boatpi_roshumble/src/build/control_py/prefix_override:/usr/lib/python3/dist-packages/colcon_core/task/python/colcon_distutils_commands:/home/boat/Desktop/TAFLAB_boatpi_roshumble/src/install/control_py/lib/python3.10/site-packages:${PYTHONPATH} /usr/bin/python3 -W ignore:setup.py install is deprecated setup.py egg_info --egg-base ../build/control_py build --build-base /home/boat/Desktop/TAFLAB_boatpi_roshumble/src/build/control_py/build install --record /home/boat/Desktop/TAFLAB_boatpi_roshumble/src/build/control_py/install.log --single-version-externally-managed install_data
[8.718s] running egg_info
[8.721s] creating ../build/control_py/control_py.egg-info
[8.723s] writing ../build/control_py/control_py.egg-info/PKG-INFO
[8.728s] writing dependency_links to ../build/control_py/control_py.egg-info/dependency_links.txt
[8.735s] writing entry points to ../build/control_py/control_py.egg-info/entry_points.txt
[8.736s] writing requirements to ../build/control_py/control_py.egg-info/requires.txt
[8.736s] writing top-level names to ../build/control_py/control_py.egg-info/top_level.txt
[8.737s] writing manifest file '../build/control_py/control_py.egg-info/SOURCES.txt'
[8.744s] reading manifest file '../build/control_py/control_py.egg-info/SOURCES.txt'
[8.749s] writing manifest file '../build/control_py/control_py.egg-info/SOURCES.txt'
[8.956s] running build
[8.958s] running build_py
[8.958s] creating /home/boat/Desktop/TAFLAB_boatpi_roshumble/src/build/control_py/build
[8.959s] creating /home/boat/Desktop/TAFLAB_boatpi_roshumble/src/build/control_py/build/lib
[8.960s] creating /home/boat/Desktop/TAFLAB_boatpi_roshumble/src/build/control_py/build/lib/control_py
[8.961s] copying control_py/__init__.py -> /home/boat/Desktop/TAFLAB_boatpi_roshumble/src/build/control_py/build/lib/control_py
[8.962s] copying control_py/boat_control_node.py -> /home/boat/Desktop/TAFLAB_boatpi_roshumble/src/build/control_py/build/lib/control_py
[9.280s] running install
[9.292s] running install_lib
[9.295s] creating /home/boat/Desktop/TAFLAB_boatpi_roshumble/src/install/control_py/lib/python3.10/site-packages/control_py
[9.299s] copying /home/boat/Desktop/TAFLAB_boatpi_roshumble/src/build/control_py/build/lib/control_py/__init__.py -> /home/boat/Desktop/TAFLAB_boatpi_roshumble/src/install/control_py/lib/python3.10/site-packages/control_py
[9.318s] copying /home/boat/Desktop/TAFLAB_boatpi_roshumble/src/build/control_py/build/lib/control_py/boat_control_node.py -> /home/boat/Desktop/TAFLAB_boatpi_roshumble/src/install/control_py/lib/python3.10/site-packages/control_py
[9.337s] byte-compiling /home/boat/Desktop/TAFLAB_boatpi_roshumble/src/install/control_py/lib/python3.10/site-packages/control_py/__init__.py to __init__.cpython-310.pyc
[9.347s] byte-compiling /home/boat/Desktop/TAFLAB_boatpi_roshumble/src/install/control_py/lib/python3.10/site-packages/control_py/boat_control_node.py to boat_control_node.cpython-310.pyc
[9.377s] running install_data
[9.377s] creating /home/boat/Desktop/TAFLAB_boatpi_roshumble/src/install/control_py/share/ament_index
[9.378s] creating /home/boat/Desktop/TAFLAB_boatpi_roshumble/src/install/control_py/share/ament_index/resource_index
[9.383s] creating /home/boat/Desktop/TAFLAB_boatpi_roshumble/src/install/control_py/share/ament_index/resource_index/packages
[9.384s] copying resource/control_py -> /home/boat/Desktop/TAFLAB_boatpi_roshumble/src/install/control_py/share/ament_index/resource_index/packages
[9.384s] copying package.xml -> /home/boat/Desktop/TAFLAB_boatpi_roshumble/src/install/control_py/share/control_py
[9.385s] running install_egg_info
[9.387s] Copying ../build/control_py/control_py.egg-info to /home/boat/Desktop/TAFLAB_boatpi_roshumble/src/install/control_py/lib/python3.10/site-packages/control_py-0.0.0-py3.10.egg-info
[9.400s] running install_scripts
[9.567s] Installing boat_control script to /home/boat/Desktop/TAFLAB_boatpi_roshumble/src/install/control_py/lib/control_py
[9.581s] writing list of installed files to '/home/boat/Desktop/TAFLAB_boatpi_roshumble/src/build/control_py/install.log'
[9.954s] Invoked command in '/home/boat/Desktop/TAFLAB_boatpi_roshumble/src/control_py' returned '0': PYTHONPATH=/home/boat/Desktop/TAFLAB_boatpi_roshumble/src/build/control_py/prefix_override:/usr/lib/python3/dist-packages/colcon_core/task/python/colcon_distutils_commands:/home/boat/Desktop/TAFLAB_boatpi_roshumble/src/install/control_py/lib/python3.10/site-packages:${PYTHONPATH} /usr/bin/python3 -W ignore:setup.py install is deprecated setup.py egg_info --egg-base ../build/control_py build --build-base /home/boat/Desktop/TAFLAB_boatpi_roshumble/src/build/control_py/build install --record /home/boat/Desktop/TAFLAB_boatpi_roshumble/src/build/control_py/install.log --single-version-externally-managed install_data
