[0.072s] Invoking command in '/home/boat/Desktop/src/boat_control_system_final/build/boat_control_system_final': CMAKE_PREFIX_PATH=/opt/ros/humble /usr/bin/cmake --build /home/boat/Desktop/src/boat_control_system_final/build/boat_control_system_final -- -j4 -l4
[0.281s] [35m[1mConsolidate compiler generated dependencies of target CoordinateCalculations[0m
[0.349s] [ 20%] Built target WaypointQueue
[0.442s] [ 30%] [32mBuilding CXX object CMakeFiles/CoordinateCalculations.dir/src/Coordinate_Calculations.cpp.o[0m
[0.485s] [ 50%] Built target WaypointQueueNode
[12.676s] [01m[K/home/boat/Desktop/src/boat_control_system_final/src/Coordinate_Calculations.cpp:[m[K In member function ‘[01m[Ksensor_msgs::msg::NavSatFix CoordinateCalculations::convert_to_position(sensor_msgs::msg::NavSatFix, float, float)[m[K’:
[12.677s] [01m[K/home/boat/Desktop/src/boat_control_system_final/src/Coordinate_Calculations.cpp:78:66:[m[K [01;31m[Kerror: [m[Kcould not convert ‘[01m[K{new_lat, new_long}[m[K’ from ‘[01m[K<brace-enclosed initializer list>[m[K’ to ‘[01m[Ksensor_msgs::msg::NavSatFix[m[K’ {aka ‘[01m[Ksensor_msgs::msg::NavSatFix_<std::allocator<void> >[m[K’}
[12.677s]    78 |     sensor_msgs::msg::NavSatFix new_position = {new_lat, new_long[01;31m[K}[m[K;
[12.678s]       |                                                                  [01;31m[K^[m[K
[12.678s]       |                                                                  [01;31m[K|[m[K
[12.679s]       |                                                                  [01;31m[K<brace-enclosed initializer list>[m[K
[12.731s] [01m[K/home/boat/Desktop/src/boat_control_system_final/src/Coordinate_Calculations.cpp:[m[K In member function ‘[01m[Kstd::pair<std::__cxx11::basic_string<char>, float> CoordinateCalculations::calculate_directional_bearing(sensor_msgs::msg::NavSatFix)[m[K’:
[12.732s] [01m[K/home/boat/Desktop/src/boat_control_system_final/src/Coordinate_Calculations.cpp:85:29:[m[K [01;31m[Kerror: [m[K‘[01m[Kget_magnetometer_heading[m[K’ was not declared in this scope
[12.733s]    85 |     float current_heading = [01;31m[Kget_magnetometer_heading[m[K();
[12.733s]       |                             [01;31m[K^~~~~~~~~~~~~~~~~~~~~~~~[m[K
[12.762s] [01m[K/home/boat/Desktop/src/boat_control_system_final/src/Coordinate_Calculations.cpp:86:52:[m[K [01;31m[Kerror: [m[K‘[01m[Kget_curr_pos[m[K’ was not declared in this scope
[12.763s]    86 |     sensor_msgs::msg::NavSatFix current_position = [01;31m[Kget_curr_pos[m[K();
[12.763s]       |                                                    [01;31m[K^~~~~~~~~~~~[m[K
[12.795s] [01m[K/home/boat/Desktop/src/boat_control_system_final/src/Coordinate_Calculations.cpp:[m[K In member function ‘[01m[Kfloat CoordinateCalculations::calculate_angle_to_wind()[m[K’:
[12.797s] [01m[K/home/boat/Desktop/src/boat_control_system_final/src/Coordinate_Calculations.cpp:120:28:[m[K [01;31m[Kerror: [m[K‘[01m[Kget_wind_angle[m[K’ was not declared in this scope; did you mean ‘[01m[Kmax_upwind_angle[m[K’?
[12.798s]   120 |     float wind_direction = [01;31m[Kget_wind_angle[m[K();
[12.798s]       |                            [01;31m[K^~~~~~~~~~~~~~[m[K
[12.799s]       |                            [32m[Kmax_upwind_angle[m[K
[12.845s] [01m[K/home/boat/Desktop/src/boat_control_system_final/src/Coordinate_Calculations.cpp:121:29:[m[K [01;31m[Kerror: [m[K‘[01m[Kget_magnetometer_heading[m[K’ was not declared in this scope
[12.846s]   121 |     float current_heading = [01;31m[Kget_magnetometer_heading[m[K();
[12.846s]       |                             [01;31m[K^~~~~~~~~~~~~~~~~~~~~~~~[m[K
[12.875s] [01m[K/home/boat/Desktop/src/boat_control_system_final/src/Coordinate_Calculations.cpp:[m[K In member function ‘[01m[Kvoid CoordinateCalculations::plan_path(const NavSatFix&, const NavSatFix&)[m[K’:
[12.875s] [01m[K/home/boat/Desktop/src/boat_control_system_final/src/Coordinate_Calculations.cpp:138:28:[m[K [01;31m[Kerror: [m[K‘[01m[Kget_wind_angle[m[K’ was not declared in this scope; did you mean ‘[01m[Kmax_upwind_angle[m[K’?
[12.876s]   138 |     float wind_direction = [01;31m[Kget_wind_angle[m[K();  // Get current wind direction
[12.876s]       |                            [01;31m[K^~~~~~~~~~~~~~[m[K
[12.877s]       |                            [32m[Kmax_upwind_angle[m[K
[14.758s] gmake[2]: *** [CMakeFiles/CoordinateCalculations.dir/build.make:76: CMakeFiles/CoordinateCalculations.dir/src/Coordinate_Calculations.cpp.o] Error 1
[14.759s] gmake[1]: *** [CMakeFiles/Makefile2:171: CMakeFiles/CoordinateCalculations.dir/all] Error 2
[14.761s] gmake: *** [Makefile:146: all] Error 2
[14.770s] Invoked command in '/home/boat/Desktop/src/boat_control_system_final/build/boat_control_system_final' returned '2': CMAKE_PREFIX_PATH=/opt/ros/humble /usr/bin/cmake --build /home/boat/Desktop/src/boat_control_system_final/build/boat_control_system_final -- -j4 -l4
