[3.360s] Invoking command in '/home/boat/Desktop/TAFLAB_boatpi_roshumble/src/comms/xbee_node': PYTHONPATH=/home/boat/Desktop/TAFLAB_boatpi_roshumble/src/build/xbee_node/prefix_override:/usr/lib/python3/dist-packages/colcon_core/task/python/colcon_distutils_commands:/home/boat/Desktop/TAFLAB_boatpi_roshumble/src/install/xbee_node/lib/python3.10/site-packages:${PYTHONPATH} /usr/bin/python3 -W ignore:setup.py install is deprecated setup.py egg_info --egg-base ../../build/xbee_node build --build-base /home/boat/Desktop/TAFLAB_boatpi_roshumble/src/build/xbee_node/build install --record /home/boat/Desktop/TAFLAB_boatpi_roshumble/src/build/xbee_node/install.log --single-version-externally-managed install_data
[4.375s] running egg_info
[4.378s] writing ../../build/xbee_node/xbee_node.egg-info/PKG-INFO
[4.379s] writing dependency_links to ../../build/xbee_node/xbee_node.egg-info/dependency_links.txt
[4.380s] writing entry points to ../../build/xbee_node/xbee_node.egg-info/entry_points.txt
[4.382s] writing requirements to ../../build/xbee_node/xbee_node.egg-info/requires.txt
[4.382s] writing top-level names to ../../build/xbee_node/xbee_node.egg-info/top_level.txt
[4.390s] reading manifest file '../../build/xbee_node/xbee_node.egg-info/SOURCES.txt'
[4.395s] writing manifest file '../../build/xbee_node/xbee_node.egg-info/SOURCES.txt'
[4.395s] running build
[4.396s] running build_py
[4.397s] running install
[4.398s] running install_lib
[4.404s] running install_data
[4.405s] running install_egg_info
[4.413s] removing '/home/boat/Desktop/TAFLAB_boatpi_roshumble/src/install/xbee_node/lib/python3.10/site-packages/xbee_node-0.0.0-py3.10.egg-info' (and everything under it)
[4.415s] Copying ../../build/xbee_node/xbee_node.egg-info to /home/boat/Desktop/TAFLAB_boatpi_roshumble/src/install/xbee_node/lib/python3.10/site-packages/xbee_node-0.0.0-py3.10.egg-info
[4.421s] running install_scripts
[4.507s] Installing xbee_node script to /home/boat/Desktop/TAFLAB_boatpi_roshumble/src/install/xbee_node/lib/xbee_node
[4.509s] writing list of installed files to '/home/boat/Desktop/TAFLAB_boatpi_roshumble/src/build/xbee_node/install.log'
[4.629s] Invoked command in '/home/boat/Desktop/TAFLAB_boatpi_roshumble/src/comms/xbee_node' returned '0': PYTHONPATH=/home/boat/Desktop/TAFLAB_boatpi_roshumble/src/build/xbee_node/prefix_override:/usr/lib/python3/dist-packages/colcon_core/task/python/colcon_distutils_commands:/home/boat/Desktop/TAFLAB_boatpi_roshumble/src/install/xbee_node/lib/python3.10/site-packages:${PYTHONPATH} /usr/bin/python3 -W ignore:setup.py install is deprecated setup.py egg_info --egg-base ../../build/xbee_node build --build-base /home/boat/Desktop/TAFLAB_boatpi_roshumble/src/build/xbee_node/build install --record /home/boat/Desktop/TAFLAB_boatpi_roshumble/src/build/xbee_node/install.log --single-version-externally-managed install_data
