[6.327s] Invoking command in '/home/boat/Desktop/TAFLAB_boatpi_roshumble/src/sensors/gps_gt_u7': PYTHONPATH=/home/boat/Desktop/TAFLAB_boatpi_roshumble/src/build/gps_gt_u7/prefix_override:/usr/lib/python3/dist-packages/colcon_core/task/python/colcon_distutils_commands:/home/boat/Desktop/TAFLAB_boatpi_roshumble/src/install/gps_gt_u7/lib/python3.10/site-packages:${PYTHONPATH} /usr/bin/python3 -W ignore:setup.py install is deprecated setup.py egg_info --egg-base ../../build/gps_gt_u7 build --build-base /home/boat/Desktop/TAFLAB_boatpi_roshumble/src/build/gps_gt_u7/build install --record /home/boat/Desktop/TAFLAB_boatpi_roshumble/src/build/gps_gt_u7/install.log --single-version-externally-managed install_data
[7.868s] running egg_info
[7.875s] writing ../../build/gps_gt_u7/gps_gt_u7.egg-info/PKG-INFO
[7.879s] writing dependency_links to ../../build/gps_gt_u7/gps_gt_u7.egg-info/dependency_links.txt
[7.884s] writing entry points to ../../build/gps_gt_u7/gps_gt_u7.egg-info/entry_points.txt
[7.887s] writing requirements to ../../build/gps_gt_u7/gps_gt_u7.egg-info/requires.txt
[7.889s] writing top-level names to ../../build/gps_gt_u7/gps_gt_u7.egg-info/top_level.txt
[7.901s] reading manifest file '../../build/gps_gt_u7/gps_gt_u7.egg-info/SOURCES.txt'
[7.908s] writing manifest file '../../build/gps_gt_u7/gps_gt_u7.egg-info/SOURCES.txt'
[7.912s] running build
[7.913s] running build_py
[7.917s] running install
[7.920s] running install_lib
[7.928s] running install_data
[7.928s] running install_egg_info
[7.936s] removing '/home/boat/Desktop/TAFLAB_boatpi_roshumble/src/install/gps_gt_u7/lib/python3.10/site-packages/gps_gt_u7-0.0.0-py3.10.egg-info' (and everything under it)
[7.939s] Copying ../../build/gps_gt_u7/gps_gt_u7.egg-info to /home/boat/Desktop/TAFLAB_boatpi_roshumble/src/install/gps_gt_u7/lib/python3.10/site-packages/gps_gt_u7-0.0.0-py3.10.egg-info
[7.948s] running install_scripts
[8.097s] Installing gps_node script to /home/boat/Desktop/TAFLAB_boatpi_roshumble/src/install/gps_gt_u7/lib/gps_gt_u7
[8.100s] writing list of installed files to '/home/boat/Desktop/TAFLAB_boatpi_roshumble/src/build/gps_gt_u7/install.log'
[8.401s] Invoked command in '/home/boat/Desktop/TAFLAB_boatpi_roshumble/src/sensors/gps_gt_u7' returned '0': PYTHONPATH=/home/boat/Desktop/TAFLAB_boatpi_roshumble/src/build/gps_gt_u7/prefix_override:/usr/lib/python3/dist-packages/colcon_core/task/python/colcon_distutils_commands:/home/boat/Desktop/TAFLAB_boatpi_roshumble/src/install/gps_gt_u7/lib/python3.10/site-packages:${PYTHONPATH} /usr/bin/python3 -W ignore:setup.py install is deprecated setup.py egg_info --egg-base ../../build/gps_gt_u7 build --build-base /home/boat/Desktop/TAFLAB_boatpi_roshumble/src/build/gps_gt_u7/build install --record /home/boat/Desktop/TAFLAB_boatpi_roshumble/src/build/gps_gt_u7/install.log --single-version-externally-managed install_data
