[6.731s] Invoking command in '/home/boat/Desktop/TAFLAB_boatpi_roshumble/src/sensors/as5600_sensor': PYTHONPATH=/home/boat/Desktop/TAFLAB_boatpi_roshumble/src/build/as5600_sensor/prefix_override:/usr/lib/python3/dist-packages/colcon_core/task/python/colcon_distutils_commands:/home/boat/Desktop/TAFLAB_boatpi_roshumble/src/install/as5600_sensor/lib/python3.10/site-packages:${PYTHONPATH} /usr/bin/python3 -W ignore:setup.py install is deprecated setup.py egg_info --egg-base ../../build/as5600_sensor build --build-base /home/boat/Desktop/TAFLAB_boatpi_roshumble/src/build/as5600_sensor/build install --record /home/boat/Desktop/TAFLAB_boatpi_roshumble/src/build/as5600_sensor/install.log --single-version-externally-managed install_data
[8.218s] running egg_info
[8.221s] writing ../../build/as5600_sensor/as5600_sensor.egg-info/PKG-INFO
[8.231s] writing dependency_links to ../../build/as5600_sensor/as5600_sensor.egg-info/dependency_links.txt
[8.231s] writing entry points to ../../build/as5600_sensor/as5600_sensor.egg-info/entry_points.txt
[8.236s] writing requirements to ../../build/as5600_sensor/as5600_sensor.egg-info/requires.txt
[8.237s] writing top-level names to ../../build/as5600_sensor/as5600_sensor.egg-info/top_level.txt
[8.248s] reading manifest file '../../build/as5600_sensor/as5600_sensor.egg-info/SOURCES.txt'
[8.261s] writing manifest file '../../build/as5600_sensor/as5600_sensor.egg-info/SOURCES.txt'
[8.262s] running build
[8.265s] running build_py
[8.267s] running install
[8.268s] running install_lib
[8.270s] running install_data
[8.270s] running install_egg_info
[8.286s] removing '/home/boat/Desktop/TAFLAB_boatpi_roshumble/src/install/as5600_sensor/lib/python3.10/site-packages/as5600_sensor-0.0.0-py3.10.egg-info' (and everything under it)
[8.288s] Copying ../../build/as5600_sensor/as5600_sensor.egg-info to /home/boat/Desktop/TAFLAB_boatpi_roshumble/src/install/as5600_sensor/lib/python3.10/site-packages/as5600_sensor-0.0.0-py3.10.egg-info
[8.288s] running install_scripts
[8.396s] Installing as5600_node script to /home/boat/Desktop/TAFLAB_boatpi_roshumble/src/install/as5600_sensor/lib/as5600_sensor
[8.399s] writing list of installed files to '/home/boat/Desktop/TAFLAB_boatpi_roshumble/src/build/as5600_sensor/install.log'
[8.867s] Invoked command in '/home/boat/Desktop/TAFLAB_boatpi_roshumble/src/sensors/as5600_sensor' returned '0': PYTHONPATH=/home/boat/Desktop/TAFLAB_boatpi_roshumble/src/build/as5600_sensor/prefix_override:/usr/lib/python3/dist-packages/colcon_core/task/python/colcon_distutils_commands:/home/boat/Desktop/TAFLAB_boatpi_roshumble/src/install/as5600_sensor/lib/python3.10/site-packages:${PYTHONPATH} /usr/bin/python3 -W ignore:setup.py install is deprecated setup.py egg_info --egg-base ../../build/as5600_sensor build --build-base /home/boat/Desktop/TAFLAB_boatpi_roshumble/src/build/as5600_sensor/build install --record /home/boat/Desktop/TAFLAB_boatpi_roshumble/src/build/as5600_sensor/install.log --single-version-externally-managed install_data
