[0.067s] Invoking command in '/home/boat/Desktop/src/boat_control_system_final/build/boat_control_system_final': CMAKE_PREFIX_PATH=/opt/ros/humble /usr/bin/cmake --build /home/boat/Desktop/src/boat_control_system_final/build/boat_control_system_final -- -j4 -l4
[0.344s] [ 16%] Built target WaypointQueue
[0.347s] [ 33%] Built target CoordinateCalculations
[0.428s] [35m[1mConsolidate compiler generated dependencies of target RudderServoControlNode[0m
[0.485s] [ 50%] Built target CoordinateCalculationsNodeLib
[0.491s] [ 66%] Built target WaypointQueueNode
[0.537s] [ 75%] [32mBuilding CXX object CMakeFiles/RudderServoControlNode.dir/src/RudderServoControlNode.cpp.o[0m
[0.624s] [ 91%] Built target CoordinateCalculationsNodeExec
[70.916s] [100%] [32m[1mLinking CXX executable RudderServoControlNode[0m
[74.017s] /usr/bin/ld: CMakeFiles/RudderServoControlNode.dir/src/RudderServoControlNode.cpp.o: in function `RudderServoControlNode::RudderServoControlNode()':
[74.020s] RudderServoControlNode.cpp:(.text+0x2a4): undefined reference to `RudderServoControlNode::executingStateCallback(std::shared_ptr<std_msgs::msg::Bool_<std::allocator<void> > >)'
[74.022s] /usr/bin/ld: RudderServoControlNode.cpp:(.text+0x2a8): undefined reference to `RudderServoControlNode::executingStateCallback(std::shared_ptr<std_msgs::msg::Bool_<std::allocator<void> > >)'
[74.026s] /usr/bin/ld: CMakeFiles/RudderServoControlNode.dir/src/RudderServoControlNode.cpp.o: in function `RudderServoControlNode::turnBoat(sensor_msgs::msg::NavSatFix_<std::allocator<void> >)':
[74.027s] RudderServoControlNode.cpp:(.text+0x12f8): undefined reference to `RudderServoControlNode::getCurrentHeading()'
[74.031s] /usr/bin/ld: CMakeFiles/RudderServoControlNode.dir/src/RudderServoControlNode.cpp.o: in function `RudderServoControlNode::executeWaypoints()':
[74.033s] RudderServoControlNode.cpp:(.text+0x156c): undefined reference to `RudderServoControlNode::getCurrCoordinate()'
[74.035s] /usr/bin/ld: RudderServoControlNode.cpp:(.text+0x1588): undefined reference to `RudderServoControlNode::calculateDistance(sensor_msgs::msg::NavSatFix_<std::allocator<void> > const&, sensor_msgs::msg::NavSatFix_<std::allocator<void> > const&)'
[74.038s] /usr/bin/ld: RudderServoControlNode.cpp:(.text+0x15b0): undefined reference to `RudderServoControlNode::getAvgAngle()'
[74.041s] /usr/bin/ld: RudderServoControlNode.cpp:(.text+0x165c): undefined reference to `RudderServoControlNode::getCurrCoordinate()'
[74.043s] /usr/bin/ld: RudderServoControlNode.cpp:(.text+0x1674): undefined reference to `RudderServoControlNode::calculateDistance(sensor_msgs::msg::NavSatFix_<std::allocator<void> > const&, sensor_msgs::msg::NavSatFix_<std::allocator<void> > const&)'
[74.283s] /usr/bin/ld: libCoordinateCalculations.a(Coordinate_Calculations.cpp.o): in function `CoordinateCalculations::calculate_directional_bearing[abi:cxx11](sensor_msgs::msg::NavSatFix_<std::allocator<void> >)':
[74.284s] Coordinate_Calculations.cpp:(.text+0x528): undefined reference to `CoordinateCalculationsNode::CoordinateCalculationsNode()'
[74.285s] /usr/bin/ld: Coordinate_Calculations.cpp:(.text+0x530): undefined reference to `CoordinateCalculationsNode::get_magnetometer_heading()'
[74.285s] /usr/bin/ld: Coordinate_Calculations.cpp:(.text+0x544): undefined reference to `CoordinateCalculationsNode::get_curr_pos()'
[74.285s] /usr/bin/ld: libCoordinateCalculations.a(Coordinate_Calculations.cpp.o): in function `CoordinateCalculations::calculate_angle_to_wind()':
[74.286s] Coordinate_Calculations.cpp:(.text+0x71c): undefined reference to `CoordinateCalculationsNode::CoordinateCalculationsNode()'
[74.286s] /usr/bin/ld: Coordinate_Calculations.cpp:(.text+0x724): undefined reference to `CoordinateCalculationsNode::get_wind_angle()'
[74.286s] /usr/bin/ld: Coordinate_Calculations.cpp:(.text+0x730): undefined reference to `CoordinateCalculationsNode::get_magnetometer_heading()'
[74.287s] /usr/bin/ld: libCoordinateCalculations.a(Coordinate_Calculations.cpp.o): in function `CoordinateCalculations::plan_path(sensor_msgs::msg::NavSatFix_<std::allocator<void> > const&, sensor_msgs::msg::NavSatFix_<std::allocator<void> > const&)':
[74.288s] Coordinate_Calculations.cpp:(.text+0x80c): undefined reference to `CoordinateCalculationsNode::CoordinateCalculationsNode()'
[74.288s] /usr/bin/ld: Coordinate_Calculations.cpp:(.text+0x860): undefined reference to `CoordinateCalculationsNode::get_wind_angle()'
[74.462s] collect2: error: ld returned 1 exit status
[74.468s] gmake[2]: *** [CMakeFiles/RudderServoControlNode.dir/build.make:177: RudderServoControlNode] Error 1
[74.469s] gmake[1]: *** [CMakeFiles/Makefile2:281: CMakeFiles/RudderServoControlNode.dir/all] Error 2
[74.470s] gmake: *** [Makefile:146: all] Error 2
[74.483s] Invoked command in '/home/boat/Desktop/src/boat_control_system_final/build/boat_control_system_final' returned '2': CMAKE_PREFIX_PATH=/opt/ros/humble /usr/bin/cmake --build /home/boat/Desktop/src/boat_control_system_final/build/boat_control_system_final -- -j4 -l4
