[6.768s] Invoking command in '/home/boat/Desktop/TAFLAB_boatpi_roshumble/src/control_py': PYTHONPATH=/home/boat/Desktop/TAFLAB_boatpi_roshumble/src/build/control_py/prefix_override:/usr/lib/python3/dist-packages/colcon_core/task/python/colcon_distutils_commands:/home/boat/Desktop/TAFLAB_boatpi_roshumble/src/install/control_py/lib/python3.10/site-packages:${PYTHONPATH} /usr/bin/python3 -W ignore:setup.py install is deprecated setup.py egg_info --egg-base ../build/control_py build --build-base /home/boat/Desktop/TAFLAB_boatpi_roshumble/src/build/control_py/build install --record /home/boat/Desktop/TAFLAB_boatpi_roshumble/src/build/control_py/install.log --single-version-externally-managed install_data
[8.155s] running egg_info
[8.160s] writing ../build/control_py/control_py.egg-info/PKG-INFO
[8.163s] writing dependency_links to ../build/control_py/control_py.egg-info/dependency_links.txt
[8.167s] writing entry points to ../build/control_py/control_py.egg-info/entry_points.txt
[8.170s] writing requirements to ../build/control_py/control_py.egg-info/requires.txt
[8.174s] writing top-level names to ../build/control_py/control_py.egg-info/top_level.txt
[8.194s] reading manifest file '../build/control_py/control_py.egg-info/SOURCES.txt'
[8.200s] writing manifest file '../build/control_py/control_py.egg-info/SOURCES.txt'
[8.201s] running build
[8.201s] running build_py
[8.206s] running install
[8.208s] running install_lib
[8.210s] running install_data
[8.211s] running install_egg_info
[8.230s] removing '/home/boat/Desktop/TAFLAB_boatpi_roshumble/src/install/control_py/lib/python3.10/site-packages/control_py-0.0.0-py3.10.egg-info' (and everything under it)
[8.231s] Copying ../build/control_py/control_py.egg-info to /home/boat/Desktop/TAFLAB_boatpi_roshumble/src/install/control_py/lib/python3.10/site-packages/control_py-0.0.0-py3.10.egg-info
[8.247s] running install_scripts
[8.338s] Installing boat_control script to /home/boat/Desktop/TAFLAB_boatpi_roshumble/src/install/control_py/lib/control_py
[8.340s] writing list of installed files to '/home/boat/Desktop/TAFLAB_boatpi_roshumble/src/build/control_py/install.log'
[8.596s] Invoked command in '/home/boat/Desktop/TAFLAB_boatpi_roshumble/src/control_py' returned '0': PYTHONPATH=/home/boat/Desktop/TAFLAB_boatpi_roshumble/src/build/control_py/prefix_override:/usr/lib/python3/dist-packages/colcon_core/task/python/colcon_distutils_commands:/home/boat/Desktop/TAFLAB_boatpi_roshumble/src/install/control_py/lib/python3.10/site-packages:${PYTHONPATH} /usr/bin/python3 -W ignore:setup.py install is deprecated setup.py egg_info --egg-base ../build/control_py build --build-base /home/boat/Desktop/TAFLAB_boatpi_roshumble/src/build/control_py/build install --record /home/boat/Desktop/TAFLAB_boatpi_roshumble/src/build/control_py/install.log --single-version-externally-managed install_data
