/usr/bin/ld: libCoordinateCalculations.a(Coordinate_Calculations.cpp.o): in function `CoordinateCalculations::calculate_directional_bearing[abi:cxx11](sensor_msgs::msg::NavSatFix_<std::allocator<void> >)':
Coordinate_Calculations.cpp:(.text+0x528): undefined reference to `RudderServoControlNode::RudderServoControlNode()'
/usr/bin/ld: Coordinate_Calculations.cpp:(.text+0x530): undefined reference to `RudderServoControlNode::get_magnetometer_heading()'
/usr/bin/ld: Coordinate_Calculations.cpp:(.text+0x544): undefined reference to `RudderServoControlNode::get_curr_pos()'
/usr/bin/ld: Coordinate_Calculations.cpp:(.text+0x668): undefined reference to `RudderServoControlNode::~RudderServoControlNode()'
/usr/bin/ld: Coordinate_Calculations.cpp:(.text+0x6c8): undefined reference to `RudderServoControlNode::~RudderServoControlNode()'
collect2: error: ld returned 1 exit status
gmake[2]: *** [CMakeFiles/CoordinateCalculationsNodeExec.dir/build.make:178: CoordinateCalculationsNodeExec] Error 1
gmake[1]: *** [CMakeFiles/Makefile2:228: CMakeFiles/CoordinateCalculationsNodeExec.dir/all] Error 2
gmake[1]: *** Waiting for unfinished jobs....
/usr/bin/ld: libCoordinateCalculations.a(Coordinate_Calculations.cpp.o): in function `CoordinateCalculations::calculate_angle_to_wind()':
Coordinate_Calculations.cpp:(.text+0x71c): undefined reference to `CoordinateCalculationsNode::CoordinateCalculationsNode()'
/usr/bin/ld: Coordinate_Calculations.cpp:(.text+0x724): undefined reference to `CoordinateCalculationsNode::get_wind_angle()'
/usr/bin/ld: Coordinate_Calculations.cpp:(.text+0x730): undefined reference to `CoordinateCalculationsNode::get_magnetometer_heading()'
/usr/bin/ld: libCoordinateCalculations.a(Coordinate_Calculations.cpp.o): in function `CoordinateCalculations::plan_path(sensor_msgs::msg::NavSatFix_<std::allocator<void> > const&, sensor_msgs::msg::NavSatFix_<std::allocator<void> > const&)':
Coordinate_Calculations.cpp:(.text+0x80c): undefined reference to `CoordinateCalculationsNode::CoordinateCalculationsNode()'
/usr/bin/ld: Coordinate_Calculations.cpp:(.text+0x860): undefined reference to `CoordinateCalculationsNode::get_wind_angle()'
collect2: error: ld returned 1 exit status
gmake[2]: *** [CMakeFiles/RudderServoControlNode.dir/build.make:177: RudderServoControlNode] Error 1
gmake[1]: *** [CMakeFiles/Makefile2:281: CMakeFiles/RudderServoControlNode.dir/all] Error 2
gmake: *** [Makefile:146: all] Error 2
