[0.065s] Invoking command in '/home/boat/Desktop/src/boat_control_system_final/build/boat_control_system_final': CMAKE_PREFIX_PATH=/opt/ros/humble /usr/bin/cmake --build /home/boat/Desktop/src/boat_control_system_final/build/boat_control_system_final -- -j4 -l4
[0.317s] [35m[1mConsolidate compiler generated dependencies of target CoordinateCalculations[0m
[0.407s] [ 16%] Built target WaypointQueue
[0.443s] [ 25%] [32mBuilding CXX object CMakeFiles/CoordinateCalculations.dir/src/Coordinate_Calculations.cpp.o[0m
[0.584s] [ 41%] Built target WaypointQueueNode
[15.977s] [ 50%] [32m[1mLinking CXX static library libCoordinateCalculations.a[0m
[16.157s] [ 50%] Built target CoordinateCalculations
[16.247s] [35m[1mConsolidate compiler generated dependencies of target RudderServoControlNode[0m
[16.363s] [ 66%] Built target CoordinateCalculationsNodeLib
[16.380s] [ 75%] [32mBuilding CXX object CMakeFiles/RudderServoControlNode.dir/src/RudderServoControlNode.cpp.o[0m
[16.514s] [ 83%] [32m[1mLinking CXX executable CoordinateCalculationsNodeExec[0m
[20.224s] /usr/bin/ld: libCoordinateCalculations.a(Coordinate_Calculations.cpp.o): in function `CoordinateCalculations::calculate_directional_bearing[abi:cxx11](sensor_msgs::msg::NavSatFix_<std::allocator<void> >)':
[20.225s] Coordinate_Calculations.cpp:(.text+0x528): undefined reference to `RudderServoControlNode::RudderServoControlNode()'
[20.226s] /usr/bin/ld: Coordinate_Calculations.cpp:(.text+0x530): undefined reference to `RudderServoControlNode::get_magnetometer_heading()'
[20.234s] /usr/bin/ld: Coordinate_Calculations.cpp:(.text+0x544): undefined reference to `RudderServoControlNode::get_curr_pos()'
[20.235s] /usr/bin/ld: Coordinate_Calculations.cpp:(.text+0x668): undefined reference to `RudderServoControlNode::~RudderServoControlNode()'
[20.236s] /usr/bin/ld: Coordinate_Calculations.cpp:(.text+0x6c8): undefined reference to `RudderServoControlNode::~RudderServoControlNode()'
[20.424s] collect2: error: ld returned 1 exit status
[20.431s] gmake[2]: *** [CMakeFiles/CoordinateCalculationsNodeExec.dir/build.make:178: CoordinateCalculationsNodeExec] Error 1
[20.433s] gmake[1]: *** [CMakeFiles/Makefile2:228: CMakeFiles/CoordinateCalculationsNodeExec.dir/all] Error 2
[20.433s] gmake[1]: *** Waiting for unfinished jobs....
[77.433s] [ 91%] [32m[1mLinking CXX executable RudderServoControlNode[0m
[80.680s] /usr/bin/ld: libCoordinateCalculations.a(Coordinate_Calculations.cpp.o): in function `CoordinateCalculations::calculate_angle_to_wind()':
[80.680s] Coordinate_Calculations.cpp:(.text+0x71c): undefined reference to `CoordinateCalculationsNode::CoordinateCalculationsNode()'
[80.681s] /usr/bin/ld: Coordinate_Calculations.cpp:(.text+0x724): undefined reference to `CoordinateCalculationsNode::get_wind_angle()'
[80.681s] /usr/bin/ld: Coordinate_Calculations.cpp:(.text+0x730): undefined reference to `CoordinateCalculationsNode::get_magnetometer_heading()'
[80.681s] /usr/bin/ld: libCoordinateCalculations.a(Coordinate_Calculations.cpp.o): in function `CoordinateCalculations::plan_path(sensor_msgs::msg::NavSatFix_<std::allocator<void> > const&, sensor_msgs::msg::NavSatFix_<std::allocator<void> > const&)':
[80.682s] Coordinate_Calculations.cpp:(.text+0x80c): undefined reference to `CoordinateCalculationsNode::CoordinateCalculationsNode()'
[80.682s] /usr/bin/ld: Coordinate_Calculations.cpp:(.text+0x860): undefined reference to `CoordinateCalculationsNode::get_wind_angle()'
[80.859s] collect2: error: ld returned 1 exit status
[80.865s] gmake[2]: *** [CMakeFiles/RudderServoControlNode.dir/build.make:177: RudderServoControlNode] Error 1
[80.866s] gmake[1]: *** [CMakeFiles/Makefile2:281: CMakeFiles/RudderServoControlNode.dir/all] Error 2
[80.867s] gmake: *** [Makefile:146: all] Error 2
[80.876s] Invoked command in '/home/boat/Desktop/src/boat_control_system_final/build/boat_control_system_final' returned '2': CMAKE_PREFIX_PATH=/opt/ros/humble /usr/bin/cmake --build /home/boat/Desktop/src/boat_control_system_final/build/boat_control_system_final -- -j4 -l4
