[0.080s] Invoking command in '/home/boat/Desktop/src/boat_control_system_final/build/boat_control_system_final': CMAKE_PREFIX_PATH=/opt/ros/humble /usr/bin/cmake --build /home/boat/Desktop/src/boat_control_system_final/build/boat_control_system_final -- -j4 -l4
[0.314s] -- Found ament_cmake: 1.3.10 (/opt/ros/humble/share/ament_cmake/cmake)
[1.069s] -- Found rclcpp: 16.0.10 (/opt/ros/humble/share/rclcpp/cmake)
[1.327s] -- Found rosidl_generator_c: 3.1.5 (/opt/ros/humble/share/rosidl_generator_c/cmake)
[1.345s] -- Found rosidl_adapter: 3.1.5 (/opt/ros/humble/share/rosidl_adapter/cmake)
[1.387s] -- Found rosidl_generator_cpp: 3.1.5 (/opt/ros/humble/share/rosidl_generator_cpp/cmake)
[1.448s] -- Using all available rosidl_typesupport_c: rosidl_typesupport_fastrtps_c;rosidl_typesupport_introspection_c
[1.524s] -- Using all available rosidl_typesupport_cpp: rosidl_typesupport_fastrtps_cpp;rosidl_typesupport_introspection_cpp
[1.735s] -- Found rmw_implementation_cmake: 6.1.2 (/opt/ros/humble/share/rmw_implementation_cmake/cmake)
[1.746s] -- Found rmw_fastrtps_cpp: 6.2.7 (/opt/ros/humble/share/rmw_fastrtps_cpp/cmake)
[2.892s] -- Using RMW implementation 'rmw_fastrtps_cpp' as default
[3.203s] -- Found sensor_msgs: 4.2.4 (/opt/ros/humble/share/sensor_msgs/cmake)
[3.408s] -- Found ament_lint_auto: 0.12.11 (/opt/ros/humble/share/ament_lint_auto/cmake)
[4.952s] -- Added test 'cppcheck' to perform static code analysis on C / C++ code
[4.954s] -- Configured cppcheck include dirs: /home/boat/Desktop/src/boat_control_system_final/include/boat_control_system_final
[4.954s] -- Configured cppcheck exclude dirs and/or files: 
[5.099s] -- Added test 'flake8' to check Python code syntax and style conventions
[5.385s] -- Added test 'lint_cmake' to check CMake code style
[5.530s] -- Added test 'pep257' to check Python code against some of the docstring style conventions in PEP 257
[6.654s] -- Added test 'uncrustify' to check C / C++ code style
[6.655s] -- Configured uncrustify additional arguments: 
[6.799s] -- Added test 'xmllint' to check XML markup files
[6.810s] -- Configuring done
[7.011s] -- Generating done
[7.028s] -- Build files have been written to: /home/boat/Desktop/src/boat_control_system_final/build/boat_control_system_final
[7.152s] [35m[1mConsolidate compiler generated dependencies of target WaypointQueue[0m
[7.176s] [35m[1mConsolidate compiler generated dependencies of target CoordinateCalculations[0m
[7.287s] [ 14%] Built target WaypointQueue
[7.332s] [ 21%] [32mBuilding CXX object CMakeFiles/CoordinateCalculations.dir/src/Coordinate_Calculations.cpp.o[0m
[7.428s] [ 28%] [32mBuilding CXX object CMakeFiles/WaypointQueueNodeExec.dir/src/WaypointQueueNode.cpp.o[0m
[23.508s] [ 35%] [32m[1mLinking CXX static library libCoordinateCalculations.a[0m
[23.662s] [ 35%] Built target CoordinateCalculations
[23.717s] [35m[1mConsolidate compiler generated dependencies of target CoordinateCalculationsNodeLib[0m
[23.725s] [35m[1mConsolidate compiler generated dependencies of target RudderServoControlNodeLib[0m
[23.844s] [ 50%] Built target CoordinateCalculationsNodeLib
[23.871s] [ 57%] [32mBuilding CXX object CMakeFiles/RudderServoControlNodeLib.dir/src/RudderServoControlNode.cpp.o[0m
[23.908s] [35m[1mConsolidate compiler generated dependencies of target CoordinateCalculationsNodeExec[0m
[24.023s] [ 64%] [32m[1mLinking CXX executable CoordinateCalculationsNodeExec[0m
[28.097s] /usr/bin/ld: libCoordinateCalculations.a(Coordinate_Calculations.cpp.o): in function `CoordinateCalculations::calculate_directional_bearing[abi:cxx11](sensor_msgs::msg::NavSatFix_<std::allocator<void> >)':
[28.098s] Coordinate_Calculations.cpp:(.text+0x528): undefined reference to `RudderServoControlNode::RudderServoControlNode()'
[28.099s] /usr/bin/ld: Coordinate_Calculations.cpp:(.text+0x530): undefined reference to `RudderServoControlNode::get_magnetometer_heading()'
[28.100s] /usr/bin/ld: Coordinate_Calculations.cpp:(.text+0x544): undefined reference to `RudderServoControlNode::get_curr_pos()'
[28.101s] /usr/bin/ld: Coordinate_Calculations.cpp:(.text+0x668): undefined reference to `RudderServoControlNode::~RudderServoControlNode()'
[28.102s] /usr/bin/ld: Coordinate_Calculations.cpp:(.text+0x6c8): undefined reference to `RudderServoControlNode::~RudderServoControlNode()'
[28.322s] collect2: error: ld returned 1 exit status
[28.338s] gmake[2]: *** [CMakeFiles/CoordinateCalculationsNodeExec.dir/build.make:178: CoordinateCalculationsNodeExec] Error 1
[28.339s] gmake[1]: *** [CMakeFiles/Makefile2:257: CMakeFiles/CoordinateCalculationsNodeExec.dir/all] Error 2
[28.339s] gmake[1]: *** Waiting for unfinished jobs....
[76.813s] [ 71%] [32m[1mLinking CXX executable WaypointQueueNodeExec[0m
[80.467s] [ 71%] Built target WaypointQueueNodeExec
[93.233s] [ 78%] [32m[1mLinking CXX static library libRudderServoControlNodeLib.a[0m
[94.995s] [ 78%] Built target RudderServoControlNodeLib
[95.000s] gmake: *** [Makefile:146: all] Error 2
[95.010s] Invoked command in '/home/boat/Desktop/src/boat_control_system_final/build/boat_control_system_final' returned '2': CMAKE_PREFIX_PATH=/opt/ros/humble /usr/bin/cmake --build /home/boat/Desktop/src/boat_control_system_final/build/boat_control_system_final -- -j4 -l4
