[0.075s] Invoking command in '/home/boat/Desktop/src/boat_control_system_final/build/boat_control_system_final': CMAKE_PREFIX_PATH=/opt/ros/humble /usr/bin/cmake --build /home/boat/Desktop/src/boat_control_system_final/build/boat_control_system_final -- -j4 -l4
[0.289s] [35m[1mConsolidate compiler generated dependencies of target SailServoControlNodeLib[0m
[0.447s] [ 10%] Built target RudderControlHelper
[0.472s] [ 20%] Built target CoordinateCalculations
[0.489s] [ 30%] Built target WaypointQueue
[0.494s] [ 35%] [32mBuilding CXX object CMakeFiles/SailServoControlNodeLib.dir/src/SailServoControlNode.cpp.o[0m
[0.728s] [ 45%] Built target RudderServoControlNodeLib
[0.733s] [ 55%] Built target waypoint_queue_node
[0.765s] [ 65%] Built target CoordinateCalculationsNodeLib
[0.909s] [ 75%] Built target rudder_servo_control_node
[0.930s] [ 85%] Built target coordinate_calculations_node
[12.358s] [01m[K/home/boat/Desktop/src/boat_control_system_final/src/SailServoControlNode.cpp:127:7:[m[K [01;31m[Kerror: [m[Kno declaration matches ‘[01m[Kfloat SailServoControlNode::interpolateSailPosition(float, const SailData&, const SailData&)[m[K’
[12.359s]   127 | float [01;31m[KSailServoControlNode[m[K::interpolateSailPosition(float windAngle, const SailData& lower, const SailData& upper)
[12.359s]       |       [01;31m[K^~~~~~~~~~~~~~~~~~~~[m[K
[12.360s] In file included from [01m[K/home/boat/Desktop/src/boat_control_system_final/src/SailServoControlNode.cpp:13[m[K:
[12.360s] [01m[K/home/boat/Desktop/src/boat_control_system_final/include/boat_control_system_final/SailServoControlNode.hpp:29:11:[m[K [01;36m[Knote: [m[Kcandidate is: ‘[01m[Kfloat SailServoControlNode::interpolateSailPosition(int, const SailData&, const SailData&)[m[K’
[12.361s]    29 |     float [01;36m[KinterpolateSailPosition[m[K(int windAngle, const SailData& lower, const SailData& upper);
[12.361s]       |           [01;36m[K^~~~~~~~~~~~~~~~~~~~~~~[m[K
[12.362s] [01m[K/home/boat/Desktop/src/boat_control_system_final/include/boat_control_system_final/SailServoControlNode.hpp:20:7:[m[K [01;36m[Knote: [m[K‘[01m[Kclass SailServoControlNode[m[K’ defined here
[12.362s]    20 | class [01;36m[KSailServoControlNode[m[K : public rclcpp::Node {
[12.363s]       |       [01;36m[K^~~~~~~~~~~~~~~~~~~~[m[K
[12.364s] [01m[K/home/boat/Desktop/src/boat_control_system_final/src/SailServoControlNode.cpp:135:7:[m[K [01;31m[Kerror: [m[Kno declaration matches ‘[01m[Kfloat SailServoControlNode::getOptimalSailPosition(float)[m[K’
[12.364s]   135 | float [01;31m[KSailServoControlNode[m[K::getOptimalSailPosition(float windAngle)
[12.365s]       |       [01;31m[K^~~~~~~~~~~~~~~~~~~~[m[K
[12.365s] In file included from [01m[K/home/boat/Desktop/src/boat_control_system_final/src/SailServoControlNode.cpp:13[m[K:
[12.366s] [01m[K/home/boat/Desktop/src/boat_control_system_final/include/boat_control_system_final/SailServoControlNode.hpp:30:11:[m[K [01;36m[Knote: [m[Kcandidate is: ‘[01m[Kfloat SailServoControlNode::getOptimalSailPosition(int)[m[K’
[12.366s]    30 |     float [01;36m[KgetOptimalSailPosition[m[K(int windAngle);
[12.367s]       |           [01;36m[K^~~~~~~~~~~~~~~~~~~~~~[m[K
[12.386s] [01m[K/home/boat/Desktop/src/boat_control_system_final/include/boat_control_system_final/SailServoControlNode.hpp:20:7:[m[K [01;36m[Knote: [m[K‘[01m[Kclass SailServoControlNode[m[K’ defined here
[12.387s]    20 | class [01;36m[KSailServoControlNode[m[K : public rclcpp::Node {
[12.387s]       |       [01;36m[K^~~~~~~~~~~~~~~~~~~~[m[K
[25.562s] gmake[2]: *** [CMakeFiles/SailServoControlNodeLib.dir/build.make:76: CMakeFiles/SailServoControlNodeLib.dir/src/SailServoControlNode.cpp.o] Error 1
[25.564s] gmake[1]: *** [CMakeFiles/Makefile2:369: CMakeFiles/SailServoControlNodeLib.dir/all] Error 2
[25.565s] gmake: *** [Makefile:146: all] Error 2
[25.572s] Invoked command in '/home/boat/Desktop/src/boat_control_system_final/build/boat_control_system_final' returned '2': CMAKE_PREFIX_PATH=/opt/ros/humble /usr/bin/cmake --build /home/boat/Desktop/src/boat_control_system_final/build/boat_control_system_final -- -j4 -l4
