[2.488s] Invoking command in '/home/boat/Desktop/TAFLAB_boatpi_roshumble/src/boat_logic': AMENT_PREFIX_PATH=/home/boat/Desktop/TAFLAB_boatpi_roshumble/src/install/lis3mdl_mag:/home/boat/Desktop/TAFLAB_boatpi_roshumble/src/install/control_py:/home/boat/Desktop/TAFLAB_boatpi_roshumble/src/install/as5600_sensor:${AMENT_PREFIX_PATH} PYTHONPATH=/home/boat/Desktop/TAFLAB_boatpi_roshumble/src/build/boat_logic/prefix_override:/usr/lib/python3/dist-packages/colcon_core/task/python/colcon_distutils_commands:/home/boat/Desktop/TAFLAB_boatpi_roshumble/src/install/boat_logic/lib/python3.10/site-packages:/home/boat/Desktop/TAFLAB_boatpi_roshumble/src/install/lis3mdl_mag/lib/python3.10/site-packages:/home/boat/Desktop/TAFLAB_boatpi_roshumble/src/install/control_py/lib/python3.10/site-packages:/home/boat/Desktop/TAFLAB_boatpi_roshumble/src/install/as5600_sensor/lib/python3.10/site-packages:${PYTHONPATH} /usr/bin/python3 -W ignore:setup.py install is deprecated setup.py egg_info --egg-base ../build/boat_logic build --build-base /home/boat/Desktop/TAFLAB_boatpi_roshumble/src/build/boat_logic/build install --record /home/boat/Desktop/TAFLAB_boatpi_roshumble/src/build/boat_logic/install.log --single-version-externally-managed install_data
[3.421s] running egg_info
[3.423s] writing ../build/boat_logic/boat_logic.egg-info/PKG-INFO
[3.425s] writing dependency_links to ../build/boat_logic/boat_logic.egg-info/dependency_links.txt
[3.427s] writing entry points to ../build/boat_logic/boat_logic.egg-info/entry_points.txt
[3.428s] writing requirements to ../build/boat_logic/boat_logic.egg-info/requires.txt
[3.429s] writing top-level names to ../build/boat_logic/boat_logic.egg-info/top_level.txt
[3.436s] reading manifest file '../build/boat_logic/boat_logic.egg-info/SOURCES.txt'
[3.441s] writing manifest file '../build/boat_logic/boat_logic.egg-info/SOURCES.txt'
[3.442s] running build
[3.442s] running build_py
[3.444s] running install
[3.445s] running install_lib
[3.451s] running install_data
[3.453s] running install_egg_info
[3.460s] removing '/home/boat/Desktop/TAFLAB_boatpi_roshumble/src/install/boat_logic/lib/python3.10/site-packages/boat_logic-0.0.0-py3.10.egg-info' (and everything under it)
[3.462s] Copying ../build/boat_logic/boat_logic.egg-info to /home/boat/Desktop/TAFLAB_boatpi_roshumble/src/install/boat_logic/lib/python3.10/site-packages/boat_logic-0.0.0-py3.10.egg-info
[3.469s] running install_scripts
[3.550s] Installing main_logic_node script to /home/boat/Desktop/TAFLAB_boatpi_roshumble/src/install/boat_logic/lib/boat_logic
[3.552s] writing list of installed files to '/home/boat/Desktop/TAFLAB_boatpi_roshumble/src/build/boat_logic/install.log'
[3.696s] Invoked command in '/home/boat/Desktop/TAFLAB_boatpi_roshumble/src/boat_logic' returned '0': AMENT_PREFIX_PATH=/home/boat/Desktop/TAFLAB_boatpi_roshumble/src/install/lis3mdl_mag:/home/boat/Desktop/TAFLAB_boatpi_roshumble/src/install/control_py:/home/boat/Desktop/TAFLAB_boatpi_roshumble/src/install/as5600_sensor:${AMENT_PREFIX_PATH} PYTHONPATH=/home/boat/Desktop/TAFLAB_boatpi_roshumble/src/build/boat_logic/prefix_override:/usr/lib/python3/dist-packages/colcon_core/task/python/colcon_distutils_commands:/home/boat/Desktop/TAFLAB_boatpi_roshumble/src/install/boat_logic/lib/python3.10/site-packages:/home/boat/Desktop/TAFLAB_boatpi_roshumble/src/install/lis3mdl_mag/lib/python3.10/site-packages:/home/boat/Desktop/TAFLAB_boatpi_roshumble/src/install/control_py/lib/python3.10/site-packages:/home/boat/Desktop/TAFLAB_boatpi_roshumble/src/install/as5600_sensor/lib/python3.10/site-packages:${PYTHONPATH} /usr/bin/python3 -W ignore:setup.py install is deprecated setup.py egg_info --egg-base ../build/boat_logic build --build-base /home/boat/Desktop/TAFLAB_boatpi_roshumble/src/build/boat_logic/build install --record /home/boat/Desktop/TAFLAB_boatpi_roshumble/src/build/boat_logic/install.log --single-version-externally-managed install_data
