[7.135s] Invoking command in '/home/boat/Desktop/TAFLAB_boatpi_roshumble/src/sensors/lis3mdl_mag': PYTHONPATH=/home/boat/Desktop/TAFLAB_boatpi_roshumble/src/build/lis3mdl_mag/prefix_override:/usr/lib/python3/dist-packages/colcon_core/task/python/colcon_distutils_commands:/home/boat/Desktop/TAFLAB_boatpi_roshumble/src/install/lis3mdl_mag/lib/python3.10/site-packages:${PYTHONPATH} /usr/bin/python3 -W ignore:setup.py install is deprecated setup.py egg_info --egg-base ../../build/lis3mdl_mag build --build-base /home/boat/Desktop/TAFLAB_boatpi_roshumble/src/build/lis3mdl_mag/build install --record /home/boat/Desktop/TAFLAB_boatpi_roshumble/src/build/lis3mdl_mag/install.log --single-version-externally-managed install_data
[9.191s] running egg_info
[9.194s] creating ../../build/lis3mdl_mag/lis3mdl_mag.egg-info
[9.201s] writing ../../build/lis3mdl_mag/lis3mdl_mag.egg-info/PKG-INFO
[9.205s] writing dependency_links to ../../build/lis3mdl_mag/lis3mdl_mag.egg-info/dependency_links.txt
[9.216s] writing entry points to ../../build/lis3mdl_mag/lis3mdl_mag.egg-info/entry_points.txt
[9.217s] writing requirements to ../../build/lis3mdl_mag/lis3mdl_mag.egg-info/requires.txt
[9.219s] writing top-level names to ../../build/lis3mdl_mag/lis3mdl_mag.egg-info/top_level.txt
[9.222s] writing manifest file '../../build/lis3mdl_mag/lis3mdl_mag.egg-info/SOURCES.txt'
[9.244s] reading manifest file '../../build/lis3mdl_mag/lis3mdl_mag.egg-info/SOURCES.txt'
[9.262s] writing manifest file '../../build/lis3mdl_mag/lis3mdl_mag.egg-info/SOURCES.txt'
[9.263s] running build
[9.263s] running build_py
[9.298s] creating /home/boat/Desktop/TAFLAB_boatpi_roshumble/src/build/lis3mdl_mag/build
[9.300s] creating /home/boat/Desktop/TAFLAB_boatpi_roshumble/src/build/lis3mdl_mag/build/lib
[9.301s] creating /home/boat/Desktop/TAFLAB_boatpi_roshumble/src/build/lis3mdl_mag/build/lib/lis3mdl_mag
[9.302s] copying lis3mdl_mag/magnetometer_node.py -> /home/boat/Desktop/TAFLAB_boatpi_roshumble/src/build/lis3mdl_mag/build/lib/lis3mdl_mag
[9.310s] copying lis3mdl_mag/__init__.py -> /home/boat/Desktop/TAFLAB_boatpi_roshumble/src/build/lis3mdl_mag/build/lib/lis3mdl_mag
[9.311s] running install
[9.312s] running install_lib
[9.313s] creating /home/boat/Desktop/TAFLAB_boatpi_roshumble/src/install/lis3mdl_mag/lib/python3.10/site-packages/lis3mdl_mag
[9.314s] copying /home/boat/Desktop/TAFLAB_boatpi_roshumble/src/build/lis3mdl_mag/build/lib/lis3mdl_mag/magnetometer_node.py -> /home/boat/Desktop/TAFLAB_boatpi_roshumble/src/install/lis3mdl_mag/lib/python3.10/site-packages/lis3mdl_mag
[9.322s] copying /home/boat/Desktop/TAFLAB_boatpi_roshumble/src/build/lis3mdl_mag/build/lib/lis3mdl_mag/__init__.py -> /home/boat/Desktop/TAFLAB_boatpi_roshumble/src/install/lis3mdl_mag/lib/python3.10/site-packages/lis3mdl_mag
[9.323s] byte-compiling /home/boat/Desktop/TAFLAB_boatpi_roshumble/src/install/lis3mdl_mag/lib/python3.10/site-packages/lis3mdl_mag/magnetometer_node.py to magnetometer_node.cpython-310.pyc
[9.326s] byte-compiling /home/boat/Desktop/TAFLAB_boatpi_roshumble/src/install/lis3mdl_mag/lib/python3.10/site-packages/lis3mdl_mag/__init__.py to __init__.cpython-310.pyc
[9.328s] running install_data
[9.329s] creating /home/boat/Desktop/TAFLAB_boatpi_roshumble/src/install/lis3mdl_mag/share/ament_index
[9.329s] creating /home/boat/Desktop/TAFLAB_boatpi_roshumble/src/install/lis3mdl_mag/share/ament_index/resource_index
[9.331s] creating /home/boat/Desktop/TAFLAB_boatpi_roshumble/src/install/lis3mdl_mag/share/ament_index/resource_index/packages
[9.332s] copying resource/lis3mdl_mag -> /home/boat/Desktop/TAFLAB_boatpi_roshumble/src/install/lis3mdl_mag/share/ament_index/resource_index/packages
[9.333s] copying package.xml -> /home/boat/Desktop/TAFLAB_boatpi_roshumble/src/install/lis3mdl_mag/share/lis3mdl_mag
[9.333s] running install_egg_info
[9.334s] Copying ../../build/lis3mdl_mag/lis3mdl_mag.egg-info to /home/boat/Desktop/TAFLAB_boatpi_roshumble/src/install/lis3mdl_mag/lib/python3.10/site-packages/lis3mdl_mag-0.0.0-py3.10.egg-info
[9.339s] running install_scripts
[9.509s] Installing magnetometer_node script to /home/boat/Desktop/TAFLAB_boatpi_roshumble/src/install/lis3mdl_mag/lib/lis3mdl_mag
[9.520s] writing list of installed files to '/home/boat/Desktop/TAFLAB_boatpi_roshumble/src/build/lis3mdl_mag/install.log'
[9.944s] Invoked command in '/home/boat/Desktop/TAFLAB_boatpi_roshumble/src/sensors/lis3mdl_mag' returned '0': PYTHONPATH=/home/boat/Desktop/TAFLAB_boatpi_roshumble/src/build/lis3mdl_mag/prefix_override:/usr/lib/python3/dist-packages/colcon_core/task/python/colcon_distutils_commands:/home/boat/Desktop/TAFLAB_boatpi_roshumble/src/install/lis3mdl_mag/lib/python3.10/site-packages:${PYTHONPATH} /usr/bin/python3 -W ignore:setup.py install is deprecated setup.py egg_info --egg-base ../../build/lis3mdl_mag build --build-base /home/boat/Desktop/TAFLAB_boatpi_roshumble/src/build/lis3mdl_mag/build install --record /home/boat/Desktop/TAFLAB_boatpi_roshumble/src/build/lis3mdl_mag/install.log --single-version-externally-managed install_data
