[0.076s] Invoking command in '/home/boat/Desktop/src/boat_control_system_final/build/boat_control_system_final': CMAKE_PREFIX_PATH=/opt/ros/humble /usr/bin/cmake --build /home/boat/Desktop/src/boat_control_system_final/build/boat_control_system_final -- -j4 -l4
[0.281s] [35m[1mConsolidate compiler generated dependencies of target WaypointQueueNode[0m
[0.412s] [ 50%] [32mBuilding CXX object CMakeFiles/WaypointQueueNode.dir/src/WaypointQueueNode.cpp.o[0m
[12.419s] [01m[K/home/boat/Desktop/src/boat_control_system_final/src/WaypointQueueNode.cpp:[m[K In member function ‘[01m[Kvoid WaypointQueueNode::ground_station_callback(sensor_msgs::msg::NavSatFix_<std::allocator<void> >::SharedPtr)[m[K’:
[12.420s] [01m[K/home/boat/Desktop/src/boat_control_system_final/src/WaypointQueueNode.cpp:47:94:[m[K [01;35m[Kwarning: [m[Kunused parameter ‘[01m[Kmsg[m[K’ [[01;35m[K]8;;https://gcc.gnu.org/onlinedocs/gcc/Warning-Options.html#index-Wunused-parameter-Wunused-parameter]8;;[m[K]
[12.421s]    47 | void WaypointQueueNode::ground_station_callback([01;35m[Kconst sensor_msgs::msg::NavSatFix::SharedPtr msg[m[K)
[12.422s]       |                                                 [01;35m[K~~~~~~~~~~~~~~~~~~~~~~~~~~~~~~~~~~~~~~~~~~~~~^~~[m[K
[12.422s] [01m[K/home/boat/Desktop/src/boat_control_system_final/src/WaypointQueueNode.cpp:[m[K In member function ‘[01m[Kvoid WaypointQueueNode::calculated_waypoints_callback(sensor_msgs::msg::NavSatFix_<std::allocator<void> >::SharedPtr)[m[K’:
[12.423s] [01m[K/home/boat/Desktop/src/boat_control_system_final/src/WaypointQueueNode.cpp:53:100:[m[K [01;35m[Kwarning: [m[Kunused parameter ‘[01m[Kmsg[m[K’ [[01;35m[K]8;;https://gcc.gnu.org/onlinedocs/gcc/Warning-Options.html#index-Wunused-parameter-Wunused-parameter]8;;[m[K]
[12.424s]    53 | void WaypointQueueNode::calculated_waypoints_callback([01;35m[Kconst sensor_msgs::msg::NavSatFix::SharedPtr msg[m[K)
[12.424s]       |                                                       [01;35m[K~~~~~~~~~~~~~~~~~~~~~~~~~~~~~~~~~~~~~~~~~~~~~^~~[m[K
[49.515s] [100%] [32m[1mLinking CXX executable WaypointQueueNode[0m
[52.425s] [100%] Built target WaypointQueueNode
[52.476s] Invoked command in '/home/boat/Desktop/src/boat_control_system_final/build/boat_control_system_final' returned '0': CMAKE_PREFIX_PATH=/opt/ros/humble /usr/bin/cmake --build /home/boat/Desktop/src/boat_control_system_final/build/boat_control_system_final -- -j4 -l4
[52.676s] Invoking command in '/home/boat/Desktop/src/boat_control_system_final/build/boat_control_system_final': CMAKE_PREFIX_PATH=/opt/ros/humble /usr/bin/cmake --install /home/boat/Desktop/src/boat_control_system_final/build/boat_control_system_final
[52.707s] -- Install configuration: ""
[52.710s] -- Installing: /home/boat/Desktop/src/boat_control_system_final/install/boat_control_system_final/lib/boat_control_system_final/WaypointQueueNode
[52.778s] -- Set runtime path of "/home/boat/Desktop/src/boat_control_system_final/install/boat_control_system_final/lib/boat_control_system_final/WaypointQueueNode" to ""
[52.779s] -- Up-to-date: /home/boat/Desktop/src/boat_control_system_final/install/boat_control_system_final/share/ament_index/resource_index/package_run_dependencies/boat_control_system_final
[52.779s] -- Up-to-date: /home/boat/Desktop/src/boat_control_system_final/install/boat_control_system_final/share/ament_index/resource_index/parent_prefix_path/boat_control_system_final
[52.780s] -- Up-to-date: /home/boat/Desktop/src/boat_control_system_final/install/boat_control_system_final/share/boat_control_system_final/environment/ament_prefix_path.sh
[52.781s] -- Up-to-date: /home/boat/Desktop/src/boat_control_system_final/install/boat_control_system_final/share/boat_control_system_final/environment/ament_prefix_path.dsv
[52.782s] -- Up-to-date: /home/boat/Desktop/src/boat_control_system_final/install/boat_control_system_final/share/boat_control_system_final/environment/path.sh
[52.788s] -- Up-to-date: /home/boat/Desktop/src/boat_control_system_final/install/boat_control_system_final/share/boat_control_system_final/environment/path.dsv
[52.791s] -- Up-to-date: /home/boat/Desktop/src/boat_control_system_final/install/boat_control_system_final/share/boat_control_system_final/local_setup.bash
[52.795s] -- Up-to-date: /home/boat/Desktop/src/boat_control_system_final/install/boat_control_system_final/share/boat_control_system_final/local_setup.sh
[52.808s] -- Up-to-date: /home/boat/Desktop/src/boat_control_system_final/install/boat_control_system_final/share/boat_control_system_final/local_setup.zsh
[52.810s] -- Up-to-date: /home/boat/Desktop/src/boat_control_system_final/install/boat_control_system_final/share/boat_control_system_final/local_setup.dsv
[52.816s] -- Installing: /home/boat/Desktop/src/boat_control_system_final/install/boat_control_system_final/share/boat_control_system_final/package.dsv
[52.819s] -- Up-to-date: /home/boat/Desktop/src/boat_control_system_final/install/boat_control_system_final/share/ament_index/resource_index/packages/boat_control_system_final
[52.820s] -- Up-to-date: /home/boat/Desktop/src/boat_control_system_final/install/boat_control_system_final/share/boat_control_system_final/cmake/boat_control_system_finalConfig.cmake
[52.821s] -- Up-to-date: /home/boat/Desktop/src/boat_control_system_final/install/boat_control_system_final/share/boat_control_system_final/cmake/boat_control_system_finalConfig-version.cmake
[52.822s] -- Up-to-date: /home/boat/Desktop/src/boat_control_system_final/install/boat_control_system_final/share/boat_control_system_final/package.xml
[52.822s] Invoked command in '/home/boat/Desktop/src/boat_control_system_final/build/boat_control_system_final' returned '0': CMAKE_PREFIX_PATH=/opt/ros/humble /usr/bin/cmake --install /home/boat/Desktop/src/boat_control_system_final/build/boat_control_system_final
