[0.066s] Invoking command in '/home/boat/Desktop/src/boat_control_system_final/build/boat_control_system_final': CMAKE_PREFIX_PATH=/opt/ros/humble /usr/bin/cmake --build /home/boat/Desktop/src/boat_control_system_final/build/boat_control_system_final -- -j4 -l4
[0.254s] -- Found ament_cmake: 1.3.10 (/opt/ros/humble/share/ament_cmake/cmake)
[1.006s] -- Found rclcpp: 16.0.10 (/opt/ros/humble/share/rclcpp/cmake)
[1.262s] -- Found rosidl_generator_c: 3.1.5 (/opt/ros/humble/share/rosidl_generator_c/cmake)
[1.279s] -- Found rosidl_adapter: 3.1.5 (/opt/ros/humble/share/rosidl_adapter/cmake)
[1.322s] -- Found rosidl_generator_cpp: 3.1.5 (/opt/ros/humble/share/rosidl_generator_cpp/cmake)
[1.384s] -- Using all available rosidl_typesupport_c: rosidl_typesupport_fastrtps_c;rosidl_typesupport_introspection_c
[1.461s] -- Using all available rosidl_typesupport_cpp: rosidl_typesupport_fastrtps_cpp;rosidl_typesupport_introspection_cpp
[1.677s] -- Found rmw_implementation_cmake: 6.1.2 (/opt/ros/humble/share/rmw_implementation_cmake/cmake)
[1.689s] -- Found rmw_fastrtps_cpp: 6.2.7 (/opt/ros/humble/share/rmw_fastrtps_cpp/cmake)
[2.841s] -- Using RMW implementation 'rmw_fastrtps_cpp' as default
[3.150s] -- Found sensor_msgs: 4.2.4 (/opt/ros/humble/share/sensor_msgs/cmake)
[3.340s] -- Found ament_lint_auto: 0.12.11 (/opt/ros/humble/share/ament_lint_auto/cmake)
[4.275s] -- Added test 'cppcheck' to perform static code analysis on C / C++ code
[4.277s] -- Configured cppcheck include dirs: /home/boat/Desktop/src/boat_control_system_final/include/boat_control_system_final
[4.277s] -- Configured cppcheck exclude dirs and/or files: 
[4.350s] -- Added test 'flake8' to check Python code syntax and style conventions
[4.481s] -- Added test 'lint_cmake' to check CMake code style
[4.553s] -- Added test 'pep257' to check Python code against some of the docstring style conventions in PEP 257
[5.075s] -- Added test 'uncrustify' to check C / C++ code style
[5.076s] -- Configured uncrustify additional arguments: 
[5.146s] -- Added test 'xmllint' to check XML markup files
[5.155s] -- Configuring done
[5.286s] -- Generating done
[5.298s] -- Build files have been written to: /home/boat/Desktop/src/boat_control_system_final/build/boat_control_system_final
[5.418s] [35m[1mConsolidate compiler generated dependencies of target WaypointQueue[0m
[5.465s] [ 16%] [32mBuilding CXX object CMakeFiles/CoordinateCalculationsNode.dir/src/CoordinateCalculationsNode.cpp.o[0m
[5.551s] [ 50%] Built target WaypointQueue
[5.608s] [35m[1mConsolidate compiler generated dependencies of target WaypointQueueNode[0m
[5.733s] [ 66%] [32mBuilding CXX object CMakeFiles/WaypointQueueNode.dir/src/WaypointQueueNode.cpp.o[0m
[18.935s] In file included from [01m[K/home/boat/Desktop/src/boat_control_system_final/src/CoordinateCalculationsNode.cpp:2[m[K:
[18.936s] [01m[K/home/boat/Desktop/src/boat_control_system_final/include/boat_control_system_final/CoordinateCalculationsNode.hpp:47:52:[m[K [01;31m[Kerror: [m[K‘[01m[KFloat64[m[K’ in namespace ‘[01m[Kstd_msgs::msg[m[K’ does not name a type
[18.936s]    47 |     void magnetometerCallback(const std_msgs::msg::[01;31m[KFloat64[m[K::SharedPtr msg);
[18.937s]       |                                                    [01;31m[K^~~~~~~[m[K
[18.937s] [01m[K/home/boat/Desktop/src/boat_control_system_final/include/boat_control_system_final/CoordinateCalculationsNode.hpp:47:71:[m[K [01;31m[Kerror: [m[Kexpected unqualified-id before ‘[01m[Kmsg[m[K’
[18.938s]    47 |     void magnetometerCallback(const std_msgs::msg::Float64::SharedPtr [01;31m[Kmsg[m[K);
[18.938s]       |                                                                       [01;31m[K^~~[m[K
[18.939s] [01m[K/home/boat/Desktop/src/boat_control_system_final/include/boat_control_system_final/CoordinateCalculationsNode.hpp:47:70:[m[K [01;31m[Kerror: [m[Kexpected ‘[01m[K)[m[K’ before ‘[01m[Kmsg[m[K’
[18.939s]    47 |     void magnetometerCallback[34m[K([m[Kconst std_msgs::msg::Float64::SharedPtr[01;31m[K [m[K[32m[Kmsg[m[K);
[18.940s]       |                              [34m[K~[m[K                                       [01;31m[K^[m[K[32m[K~~~[m[K
[18.941s]       |                                                                      [32m[K)[m[K
[18.941s] [01m[K/home/boat/Desktop/src/boat_control_system_final/include/boat_control_system_final/CoordinateCalculationsNode.hpp:47:61:[m[K [01;31m[Kerror: [m[Kexpected ‘[01m[K;[m[K’ at end of member declaration
[18.942s]    47 |     void magnetometerCallback(const std_msgs::msg::Float64::[01;31m[KSharedPtr[m[K msg);
[18.943s]       |                                                             [01;31m[K^~~~~~~~~[m[K
[18.944s]       |                                                                      [32m[K;[m[K
[18.947s] [01m[K/home/boat/Desktop/src/boat_control_system_final/include/boat_control_system_final/CoordinateCalculationsNode.hpp:47:71:[m[K [01;31m[Kerror: [m[K‘[01m[Kmsg[m[K’ does not name a type
[18.948s]    47 |     void magnetometerCallback(const std_msgs::msg::Float64::SharedPtr [01;31m[Kmsg[m[K);
[18.949s]       |                                                                       [01;31m[K^~~[m[K
[18.950s] [01m[K/home/boat/Desktop/src/boat_control_system_final/include/boat_control_system_final/CoordinateCalculationsNode.hpp:48:44:[m[K [01;31m[Kerror: [m[K‘[01m[KFloat64[m[K’ in namespace ‘[01m[Kstd_msgs::msg[m[K’ does not name a type
[18.951s]    48 |     void windCallback(const std_msgs::msg::[01;31m[KFloat64[m[K::SharedPtr msg);
[18.952s]       |                                            [01;31m[K^~~~~~~[m[K
[18.953s] [01m[K/home/boat/Desktop/src/boat_control_system_final/include/boat_control_system_final/CoordinateCalculationsNode.hpp:48:63:[m[K [01;31m[Kerror: [m[Kexpected unqualified-id before ‘[01m[Kmsg[m[K’
[18.954s]    48 |     void windCallback(const std_msgs::msg::Float64::SharedPtr [01;31m[Kmsg[m[K);
[18.955s]       |                                                               [01;31m[K^~~[m[K
[18.955s] [01m[K/home/boat/Desktop/src/boat_control_system_final/include/boat_control_system_final/CoordinateCalculationsNode.hpp:48:62:[m[K [01;31m[Kerror: [m[Kexpected ‘[01m[K)[m[K’ before ‘[01m[Kmsg[m[K’
[18.956s]    48 |     void windCallback[34m[K([m[Kconst std_msgs::msg::Float64::SharedPtr[01;31m[K [m[K[32m[Kmsg[m[K);
[18.957s]       |                      [34m[K~[m[K                                       [01;31m[K^[m[K[32m[K~~~[m[K
[18.959s]       |                                                              [32m[K)[m[K
[18.959s] [01m[K/home/boat/Desktop/src/boat_control_system_final/include/boat_control_system_final/CoordinateCalculationsNode.hpp:48:53:[m[K [01;31m[Kerror: [m[Kexpected ‘[01m[K;[m[K’ at end of member declaration
[18.960s]    48 |     void windCallback(const std_msgs::msg::Float64::[01;31m[KSharedPtr[m[K msg);
[18.961s]       |                                                     [01;31m[K^~~~~~~~~[m[K
[18.962s]       |                                                              [32m[K;[m[K
[18.962s] [01m[K/home/boat/Desktop/src/boat_control_system_final/include/boat_control_system_final/CoordinateCalculationsNode.hpp:48:63:[m[K [01;31m[Kerror: [m[K‘[01m[Kmsg[m[K’ does not name a type
[18.963s]    48 |     void windCallback(const std_msgs::msg::Float64::SharedPtr [01;31m[Kmsg[m[K);
[18.964s]       |                                                               [01;31m[K^~~[m[K
[18.966s] [01m[K/home/boat/Desktop/src/boat_control_system_final/include/boat_control_system_final/CoordinateCalculationsNode.hpp:52:20:[m[K [01;31m[Kerror: [m[K‘[01m[KFloat64[m[K’ in namespace ‘[01m[Kstd_msgs::msg[m[K’ does not name a type
[18.968s]    52 |     std_msgs::msg::[01;31m[KFloat64[m[K latest_wind_data_;
[18.969s]       |                    [01;31m[K^~~~~~~[m[K
[18.970s] [01m[K/home/boat/Desktop/src/boat_control_system_final/include/boat_control_system_final/CoordinateCalculationsNode.hpp:53:20:[m[K [01;31m[Kerror: [m[K‘[01m[KFloat64[m[K’ in namespace ‘[01m[Kstd_msgs::msg[m[K’ does not name a type
[18.971s]    53 |     std_msgs::msg::[01;31m[KFloat64[m[K latest_magnetometer_data_;
[18.971s]       |                    [01;31m[K^~~~~~~[m[K
[19.029s] [01m[K/home/boat/Desktop/src/boat_control_system_final/src/WaypointQueueNode.cpp:[m[K In constructor ‘[01m[KWaypointQueueNode::WaypointQueueNode()[m[K’:
[19.030s] [01m[K/home/boat/Desktop/src/boat_control_system_final/src/WaypointQueueNode.cpp:25:39:[m[K [01;31m[Kerror: [m[K‘[01m[Kinit_callback[m[K’ is not a member of ‘[01m[KWaypointQueueNode[m[K’
[19.031s]    25 |         std::bind(&WaypointQueueNode::[01;31m[Kinit_callback[m[K, this, std::placeholders::_1));
[19.031s]       |                                       [01;31m[K^~~~~~~~~~~~~[m[K
[19.038s] [01m[K/home/boat/Desktop/src/boat_control_system_final/src/CoordinateCalculationsNode.cpp:[m[K In constructor ‘[01m[KCoordinateCalculationsNode::CoordinateCalculationsNode()[m[K’:
[19.039s] [01m[K/home/boat/Desktop/src/boat_control_system_final/src/CoordinateCalculationsNode.cpp:13:5:[m[K [01;31m[Kerror: [m[K‘[01m[Kfinal_waypoint_publisher[m[K’ was not declared in this scope; did you mean ‘[01m[Kwaypoint_publisher_[m[K’?
[19.039s]    13 |     [01;31m[Kfinal_waypoint_publisher[m[K = this->create_publisher<sensor_msgs::msg::NavSatFix>(
[19.040s]       |     [01;31m[K^~~~~~~~~~~~~~~~~~~~~~~~[m[K
[19.041s]       |     [32m[Kwaypoint_publisher_[m[K
[19.106s] [01m[K/home/boat/Desktop/src/boat_control_system_final/src/CoordinateCalculationsNode.cpp:23:5:[m[K [01;31m[Kerror: [m[K‘[01m[Kwind_subscriber_[m[K’ was not declared in this scope; did you mean ‘[01m[Kinit_subscriber_[m[K’?
[19.106s]    23 |     [01;31m[Kwind_subscriber_[m[K = this->create_subscription<std_msgs::msg::Float64>(
[19.107s]       |     [01;31m[K^~~~~~~~~~~~~~~~[m[K
[19.108s]       |     [32m[Kinit_subscriber_[m[K
[19.382s] [01m[K/home/boat/Desktop/src/boat_control_system_final/src/CoordinateCalculationsNode.cpp:29:5:[m[K [01;31m[Kerror: [m[K‘[01m[Kmagnetometer_subscriber_[m[K’ was not declared in this scope
[19.382s]    29 |     [01;31m[Kmagnetometer_subscriber_[m[K = this->create_subscription<std_msgs::msg::Float64>(
[19.383s]       |     [01;31m[K^~~~~~~~~~~~~~~~~~~~~~~~[m[K
[19.411s] [01m[K/home/boat/Desktop/src/boat_control_system_final/src/CoordinateCalculationsNode.cpp:[m[K At global scope:
[19.412s] [01m[K/home/boat/Desktop/src/boat_control_system_final/src/CoordinateCalculationsNode.cpp:52:6:[m[K [01;31m[Kerror: [m[Kno declaration matches ‘[01m[Kvoid CoordinateCalculationsNode::windCallback(std_msgs::msg::Float64_<std::allocator<void> >::SharedPtr)[m[K’
[19.413s]    52 | void [01;31m[KCoordinateCalculationsNode[m[K::windCallback(const std_msgs::msg::Float64::SharedPtr msg)
[19.413s]       |      [01;31m[K^~~~~~~~~~~~~~~~~~~~~~~~~~[m[K
[19.416s] In file included from [01m[K/home/boat/Desktop/src/boat_control_system_final/src/CoordinateCalculationsNode.cpp:2[m[K:
[19.417s] [01m[K/home/boat/Desktop/src/boat_control_system_final/include/boat_control_system_final/CoordinateCalculationsNode.hpp:48:10:[m[K [01;36m[Knote: [m[Kcandidate is: ‘[01m[Kvoid CoordinateCalculationsNode::windCallback(...)[m[K’
[19.418s]    48 |     void [01;36m[KwindCallback[m[K(const std_msgs::msg::Float64::SharedPtr msg);
[19.418s]       |          [01;36m[K^~~~~~~~~~~~[m[K
[19.419s] [01m[K/home/boat/Desktop/src/boat_control_system_final/include/boat_control_system_final/CoordinateCalculationsNode.hpp:13:7:[m[K [01;36m[Knote: [m[K‘[01m[Kclass CoordinateCalculationsNode[m[K’ defined here
[19.420s]    13 | class [01;36m[KCoordinateCalculationsNode[m[K : public rclcpp::Node
[19.421s]       |       [01;36m[K^~~~~~~~~~~~~~~~~~~~~~~~~~[m[K
[19.421s] [01m[K/home/boat/Desktop/src/boat_control_system_final/src/CoordinateCalculationsNode.cpp:60:6:[m[K [01;31m[Kerror: [m[Kno declaration matches ‘[01m[Kvoid CoordinateCalculationsNode::magnetometerCallback(std_msgs::msg::Float64_<std::allocator<void> >::SharedPtr)[m[K’
[19.422s]    60 | void [01;31m[KCoordinateCalculationsNode[m[K::magnetometerCallback(const std_msgs::msg::Float64::SharedPtr msg)
[19.423s]       |      [01;31m[K^~~~~~~~~~~~~~~~~~~~~~~~~~[m[K
[19.424s] In file included from [01m[K/home/boat/Desktop/src/boat_control_system_final/src/CoordinateCalculationsNode.cpp:2[m[K:
[19.424s] [01m[K/home/boat/Desktop/src/boat_control_system_final/include/boat_control_system_final/CoordinateCalculationsNode.hpp:47:10:[m[K [01;36m[Knote: [m[Kcandidate is: ‘[01m[Kvoid CoordinateCalculationsNode::magnetometerCallback(...)[m[K’
[19.425s]    47 |     void [01;36m[KmagnetometerCallback[m[K(const std_msgs::msg::Float64::SharedPtr msg);
[19.426s]       |          [01;36m[K^~~~~~~~~~~~~~~~~~~~[m[K
[19.427s] [01m[K/home/boat/Desktop/src/boat_control_system_final/include/boat_control_system_final/CoordinateCalculationsNode.hpp:13:7:[m[K [01;36m[Knote: [m[K‘[01m[Kclass CoordinateCalculationsNode[m[K’ defined here
[19.427s]    13 | class [01;36m[KCoordinateCalculationsNode[m[K : public rclcpp::Node
[19.428s]       |       [01;36m[K^~~~~~~~~~~~~~~~~~~~~~~~~~[m[K
[19.451s] [01m[K/home/boat/Desktop/src/boat_control_system_final/src/CoordinateCalculationsNode.cpp:[m[K In function ‘[01m[Kint main(int, char**)[m[K’:
[19.452s] [01m[K/home/boat/Desktop/src/boat_control_system_final/src/CoordinateCalculationsNode.cpp:85:35:[m[K [01;31m[Kerror: [m[K‘[01m[KWaypointQueueNode[m[K’ was not declared in this scope; did you mean ‘[01m[KWaypointQueue[m[K’?
[19.453s]    85 |     rclcpp::spin(std::make_shared<[01;31m[KWaypointQueueNode[m[K>());
[19.454s]       |                                   [01;31m[K^~~~~~~~~~~~~~~~~[m[K
[19.454s]       |                                   [32m[KWaypointQueue[m[K
[19.455s] [01m[K/home/boat/Desktop/src/boat_control_system_final/src/CoordinateCalculationsNode.cpp:85:53:[m[K [01;31m[Kerror: [m[Kno matching function for call to ‘[01m[Kmake_shared<<expression error> >()[m[K’
[19.456s]    85 |     rclcpp::spin([01;31m[Kstd::make_shared<WaypointQueueNode>()[m[K);
[19.456s]       |                  [01;31m[K~~~~~~~~~~~~~~~~~~~~~~~~~~~~~~~~~~~^~[m[K
[19.457s] In file included from [01m[K/usr/include/c++/11/memory:77[m[K,
[19.458s]                  from [01m[K/opt/ros/humble/include/rclcpp/rclcpp/rclcpp.hpp:153[m[K,
[19.458s]                  from [01m[K/home/boat/Desktop/src/boat_control_system_final/include/boat_control_system_final/CoordinateCalculationsNode.hpp:4[m[K,
[19.461s]                  from [01m[K/home/boat/Desktop/src/boat_control_system_final/src/CoordinateCalculationsNode.cpp:2[m[K:
[19.464s] [01m[K/usr/include/c++/11/bits/shared_ptr.h:875:5:[m[K [01;36m[Knote: [m[Kcandidate: ‘[01m[Ktemplate<class _Tp, class ... _Args> std::shared_ptr<_Tp> std::make_shared(_Args&& ...)[m[K’
[19.464s]   875 |     [01;36m[Kmake_shared[m[K(_Args&&... __args)
[19.465s]       |     [01;36m[K^~~~~~~~~~~[m[K
[19.466s] [01m[K/usr/include/c++/11/bits/shared_ptr.h:875:5:[m[K [01;36m[Knote: [m[K  template argument deduction/substitution failed:
[19.467s] [01m[K/home/boat/Desktop/src/boat_control_system_final/src/CoordinateCalculationsNode.cpp:85:53:[m[K [01;31m[Kerror: [m[Ktemplate argument 1 is invalid
[19.467s]    85 |     rclcpp::spin([01;31m[Kstd::make_shared<WaypointQueueNode>()[m[K);
[19.468s]       |                  [01;31m[K~~~~~~~~~~~~~~~~~~~~~~~~~~~~~~~~~~~^~[m[K
[21.762s] In file included from [01m[K/opt/ros/humble/include/rclcpp/rclcpp/client.hpp:39[m[K,
[21.762s]                  from [01m[K/opt/ros/humble/include/rclcpp/rclcpp/callback_group.hpp:24[m[K,
[21.763s]                  from [01m[K/opt/ros/humble/include/rclcpp/rclcpp/any_executable.hpp:20[m[K,
[21.764s]                  from [01m[K/opt/ros/humble/include/rclcpp/rclcpp/memory_strategy.hpp:25[m[K,
[21.765s]                  from [01m[K/opt/ros/humble/include/rclcpp/rclcpp/memory_strategies.hpp:18[m[K,
[21.765s]                  from [01m[K/opt/ros/humble/include/rclcpp/rclcpp/executor_options.hpp:20[m[K,
[21.766s]                  from [01m[K/opt/ros/humble/include/rclcpp/rclcpp/executor.hpp:37[m[K,
[21.767s]                  from [01m[K/opt/ros/humble/include/rclcpp/rclcpp/executors/multi_threaded_executor.hpp:25[m[K,
[21.768s]                  from [01m[K/opt/ros/humble/include/rclcpp/rclcpp/executors.hpp:21[m[K,
[21.768s]                  from [01m[K/opt/ros/humble/include/rclcpp/rclcpp/rclcpp.hpp:155[m[K,
[21.769s]                  from [01m[K/home/boat/Desktop/src/boat_control_system_final/include/boat_control_system_final/CoordinateCalculationsNode.hpp:4[m[K,
[21.770s]                  from [01m[K/home/boat/Desktop/src/boat_control_system_final/src/CoordinateCalculationsNode.cpp:2[m[K:
[21.771s] /opt/ros/humble/include/rclcpp/rclcpp/function_traits.hpp: In instantiation of ‘[01m[Kstruct rclcpp::function_traits::function_traits<std::_Bind<void (CoordinateCalculationsNode::*(CoordinateCalculationsNode*, std::_Placeholder<1>))(...)> >[m[K’:
[21.772s] [01m[K/opt/ros/humble/include/rclcpp/rclcpp/any_subscription_callback.hpp:380:10:[m[K   recursively required by substitution of ‘[01m[Ktemplate<class MessageT, class CallbackT> struct rclcpp::detail::SubscriptionCallbackTypeHelper<MessageT, CallbackT, typename std::enable_if<rclcpp::function_traits::same_arguments<CallbackT, std::function<void(std::shared_ptr<_Tp>, const rclcpp::MessageInfo&)> >::value, void>::type> [with MessageT = std_msgs::msg::Float64_<std::allocator<void> >; CallbackT = std::_Bind<void (CoordinateCalculationsNode::*(CoordinateCalculationsNode*, std::_Placeholder<1>))(...)>][m[K’
[21.773s] [01m[K/opt/ros/humble/include/rclcpp/rclcpp/any_subscription_callback.hpp:380:10:[m[K   required from ‘[01m[Krclcpp::AnySubscriptionCallback<MessageT, AllocatorT> rclcpp::AnySubscriptionCallback<MessageT, AllocatorT>::set(CallbackT) [with CallbackT = std::_Bind<void (CoordinateCalculationsNode::*(CoordinateCalculationsNode*, std::_Placeholder<1>))(...)>; MessageT = std_msgs::msg::Float64_<std::allocator<void> >; AllocatorT = std::allocator<void>][m[K’
[21.774s] [01m[K/opt/ros/humble/include/rclcpp/rclcpp/subscription_factory.hpp:94:32:[m[K   required from ‘[01m[Krclcpp::SubscriptionFactory rclcpp::create_subscription_factory(CallbackT&&, const rclcpp::SubscriptionOptionsWithAllocator<AllocatorT>&, typename MessageMemoryStrategyT::SharedPtr, std::shared_ptr<rclcpp::topic_statistics::SubscriptionTopicStatistics<ROSMessageType> >) [with MessageT = std_msgs::msg::Float64_<std::allocator<void> >; CallbackT = std::_Bind<void (CoordinateCalculationsNode::*(CoordinateCalculationsNode*, std::_Placeholder<1>))(...)>; AllocatorT = std::allocator<void>; SubscriptionT = rclcpp::Subscription<std_msgs::msg::Float64_<std::allocator<void> >, std::allocator<void>, std_msgs::msg::Float64_<std::allocator<void> >, std_msgs::msg::Float64_<std::allocator<void> >, rclcpp::message_memory_strategy::MessageMemoryStrategy<std_msgs::msg::Float64_<std::allocator<void> >, std::allocator<void> > >; MessageMemoryStrategyT = rclcpp::message_memory_strategy::MessageMemoryStrategy<std_msgs::msg::Float64_<std::allocator<void> >, std::allocator<void> >; ROSMessageType = std_msgs::msg::Float64_<std::allocator<void> >; typename MessageMemoryStrategyT::SharedPtr = std::shared_ptr<rclcpp::message_memory_strategy::MessageMemoryStrategy<std_msgs::msg::Float64_<std::allocator<void> >, std::allocator<void> > >][m[K’
[21.775s] [01m[K/opt/ros/humble/include/rclcpp/rclcpp/create_subscription.hpp:122:63:[m[K   required from ‘[01m[Kstd::shared_ptr<ROSMessageT> rclcpp::detail::create_subscription(NodeParametersT&, NodeTopicsT&, const string&, const rclcpp::QoS&, CallbackT&&, const rclcpp::SubscriptionOptionsWithAllocator<AllocatorT>&, typename MessageMemoryStrategyT::SharedPtr) [with MessageT = std_msgs::msg::Float64_<std::allocator<void> >; CallbackT = std::_Bind<void (CoordinateCalculationsNode::*(CoordinateCalculationsNode*, std::_Placeholder<1>))(...)>; AllocatorT = std::allocator<void>; SubscriptionT = rclcpp::Subscription<std_msgs::msg::Float64_<std::allocator<void> >, std::allocator<void>, std_msgs::msg::Float64_<std::allocator<void> >, std_msgs::msg::Float64_<std::allocator<void> >, rclcpp::message_memory_strategy::MessageMemoryStrategy<std_msgs::msg::Float64_<std::allocator<void> >, std::allocator<void> > >; MessageMemoryStrategyT = rclcpp::message_memory_strategy::MessageMemoryStrategy<std_msgs::msg::Float64_<std::allocator<void> >, std::allocator<void> >; NodeParametersT = rclcpp::Node; NodeTopicsT = rclcpp::Node; ROSMessageType = std_msgs::msg::Float64_<std::allocator<void> >; std::string = std::__cxx11::basic_string<char>; typename MessageMemoryStrategyT::SharedPtr = std::shared_ptr<rclcpp::message_memory_strategy::MessageMemoryStrategy<std_msgs::msg::Float64_<std::allocator<void> >, std::allocator<void> > >][m[K’
[21.776s] [01m[K/opt/ros/humble/include/rclcpp/rclcpp/create_subscription.hpp:191:76:[m[K   required from ‘[01m[Kstd::shared_ptr<ROSMessageT> rclcpp::create_subscription(NodeT&, const string&, const rclcpp::QoS&, CallbackT&&, const rclcpp::SubscriptionOptionsWithAllocator<AllocatorT>&, typename MessageMemoryStrategyT::SharedPtr) [with MessageT = std_msgs::msg::Float64_<std::allocator<void> >; CallbackT = std::_Bind<void (CoordinateCalculationsNode::*(CoordinateCalculationsNode*, std::_Placeholder<1>))(...)>; AllocatorT = std::allocator<void>; SubscriptionT = rclcpp::Subscription<std_msgs::msg::Float64_<std::allocator<void> >, std::allocator<void>, std_msgs::msg::Float64_<std::allocator<void> >, std_msgs::msg::Float64_<std::allocator<void> >, rclcpp::message_memory_strategy::MessageMemoryStrategy<std_msgs::msg::Float64_<std::allocator<void> >, std::allocator<void> > >; MessageMemoryStrategyT = rclcpp::message_memory_strategy::MessageMemoryStrategy<std_msgs::msg::Float64_<std::allocator<void> >, std::allocator<void> >; NodeT = rclcpp::Node; std::string = std::__cxx11::basic_string<char>; typename MessageMemoryStrategyT::SharedPtr = std::shared_ptr<rclcpp::message_memory_strategy::MessageMemoryStrategy<std_msgs::msg::Float64_<std::allocator<void> >, std::allocator<void> > >][m[K’
[21.777s] [01m[K/opt/ros/humble/include/rclcpp/rclcpp/node_impl.hpp:99:47:[m[K   required from ‘[01m[Kstd::shared_ptr<ROSMessageT> rclcpp::Node::create_subscription(const string&, const rclcpp::QoS&, CallbackT&&, const rclcpp::SubscriptionOptionsWithAllocator<AllocatorT>&, typename MessageMemoryStrategyT::SharedPtr) [with MessageT = std_msgs::msg::Float64_<std::allocator<void> >; CallbackT = std::_Bind<void (CoordinateCalculationsNode::*(CoordinateCalculationsNode*, std::_Placeholder<1>))(...)>; AllocatorT = std::allocator<void>; SubscriptionT = rclcpp::Subscription<std_msgs::msg::Float64_<std::allocator<void> >, std::allocator<void>, std_msgs::msg::Float64_<std::allocator<void> >, std_msgs::msg::Float64_<std::allocator<void> >, rclcpp::message_memory_strategy::MessageMemoryStrategy<std_msgs::msg::Float64_<std::allocator<void> >, std::allocator<void> > >; MessageMemoryStrategyT = rclcpp::message_memory_strategy::MessageMemoryStrategy<std_msgs::msg::Float64_<std::allocator<void> >, std::allocator<void> >; std::string = std::__cxx11::basic_string<char>; typename MessageMemoryStrategyT::SharedPtr = std::shared_ptr<rclcpp::message_memory_strategy::MessageMemoryStrategy<std_msgs::msg::Float64_<std::allocator<void> >, std::allocator<void> > >][m[K’
[21.778s] [01m[K/home/boat/Desktop/src/boat_control_system_final/src/CoordinateCalculationsNode.cpp:23:73:[m[K   required from here
[21.779s] [01m[K/opt/ros/humble/include/rclcpp/rclcpp/function_traits.hpp:51:9:[m[K [01;31m[Kerror: [m[K‘[01m[Kdecltype[m[K’ cannot resolve address of overloaded function
[21.780s]    51 |   using [01;31m[Karguments[m[K = typename tuple_tail<
[21.781s]       |         [01;31m[K^~~~~~~~~[m[K
[21.782s] [01m[K/opt/ros/humble/include/rclcpp/rclcpp/function_traits.hpp:57:9:[m[K [01;31m[Kerror: [m[K‘[01m[Kdecltype[m[K’ cannot resolve address of overloaded function
[21.783s]    57 |   using [01;31m[Kargument_type[m[K = typename std::tuple_element<N, arguments>::type;
[21.783s]       |         [01;31m[K^~~~~~~~~~~~~[m[K
[21.784s] [01m[K/opt/ros/humble/include/rclcpp/rclcpp/function_traits.hpp:59:9:[m[K [01;31m[Kerror: [m[K‘[01m[Kdecltype[m[K’ cannot resolve address of overloaded function
[21.785s]    59 |   using [01;31m[Kreturn_type[m[K = typename function_traits<decltype( &FunctionT::operator())>::return_type;
[21.785s]       |         [01;31m[K^~~~~~~~~~~[m[K
[33.765s] gmake[2]: *** [CMakeFiles/WaypointQueueNode.dir/build.make:76: CMakeFiles/WaypointQueueNode.dir/src/WaypointQueueNode.cpp.o] Error 1
[33.766s] gmake[1]: *** [CMakeFiles/Makefile2:141: CMakeFiles/WaypointQueueNode.dir/all] Error 2
[33.767s] gmake[1]: *** Waiting for unfinished jobs....
[37.033s] gmake[2]: *** [CMakeFiles/CoordinateCalculationsNode.dir/build.make:76: CMakeFiles/CoordinateCalculationsNode.dir/src/CoordinateCalculationsNode.cpp.o] Error 1
[37.034s] gmake[1]: *** [CMakeFiles/Makefile2:167: CMakeFiles/CoordinateCalculationsNode.dir/all] Error 2
[37.035s] gmake: *** [Makefile:146: all] Error 2
[37.043s] Invoked command in '/home/boat/Desktop/src/boat_control_system_final/build/boat_control_system_final' returned '2': CMAKE_PREFIX_PATH=/opt/ros/humble /usr/bin/cmake --build /home/boat/Desktop/src/boat_control_system_final/build/boat_control_system_final -- -j4 -l4
