[ 20%] Built target WaypointQueue
[ 40%] Built target CoordinateCalculations
[35m[1mConsolidate compiler generated dependencies of target CoordinateCalculationsNodeLib[0m
[ 60%] Built target WaypointQueueNode
[ 70%] [32mBuilding CXX object CMakeFiles/CoordinateCalculationsNodeLib.dir/src/CoordinateCalculationsNode.cpp.o[0m
[ 80%] [32m[1mLinking CXX static library libCoordinateCalculationsNodeLib.a[0m
[ 80%] Built target CoordinateCalculationsNodeLib
[ 90%] [32mBuilding CXX object CMakeFiles/CoordinateCalculationsNodeExec.dir/src/CoordinateCalculationsNode.cpp.o[0m
[100%] [32m[1mLinking CXX executable CoordinateCalculationsNodeExec[0m
[100%] Built target CoordinateCalculationsNodeExec
-- Install configuration: ""
-- Installing: /home/boat/Desktop/src/boat_control_system_final/install/boat_control_system_final/lib/boat_control_system_final/WaypointQueueNode
-- Set runtime path of "/home/boat/Desktop/src/boat_control_system_final/install/boat_control_system_final/lib/boat_control_system_final/WaypointQueueNode" to ""
-- Installing: /home/boat/Desktop/src/boat_control_system_final/install/boat_control_system_final/lib/boat_control_system_final/CoordinateCalculationsNodeExec
-- Set runtime path of "/home/boat/Desktop/src/boat_control_system_final/install/boat_control_system_final/lib/boat_control_system_final/CoordinateCalculationsNodeExec" to ""
-- Installing: /home/boat/Desktop/src/boat_control_system_final/install/boat_control_system_final/lib/boat_control_system_final/libCoordinateCalculationsNodeLib.a
-- Installing: /home/boat/Desktop/src/boat_control_system_final/install/boat_control_system_final/lib/boat_control_system_final/libCoordinateCalculations.a
-- Installing: /home/boat/Desktop/src/boat_control_system_final/install/boat_control_system_final/lib/boat_control_system_final/libWaypointQueue.a
-- Installing: /home/boat/Desktop/src/boat_control_system_final/install/boat_control_system_final/include/boat_control_system_final
-- Installing: /home/boat/Desktop/src/boat_control_system_final/install/boat_control_system_final/include/boat_control_system_final/WaypointQueueNode.hpp
-- Installing: /home/boat/Desktop/src/boat_control_system_final/install/boat_control_system_final/include/boat_control_system_final/WaypointQueue.hpp
-- Installing: /home/boat/Desktop/src/boat_control_system_final/install/boat_control_system_final/include/boat_control_system_final/Coordinate_Calculations.h
-- Installing: /home/boat/Desktop/src/boat_control_system_final/install/boat_control_system_final/include/boat_control_system_final/CoordinateCalculationsNode.hpp
-- Up-to-date: /home/boat/Desktop/src/boat_control_system_final/install/boat_control_system_final/share/ament_index/resource_index/package_run_dependencies/boat_control_system_final
-- Up-to-date: /home/boat/Desktop/src/boat_control_system_final/install/boat_control_system_final/share/ament_index/resource_index/parent_prefix_path/boat_control_system_final
-- Up-to-date: /home/boat/Desktop/src/boat_control_system_final/install/boat_control_system_final/share/boat_control_system_final/environment/ament_prefix_path.sh
-- Installing: /home/boat/Desktop/src/boat_control_system_final/install/boat_control_system_final/share/boat_control_system_final/environment/ament_prefix_path.dsv
-- Up-to-date: /home/boat/Desktop/src/boat_control_system_final/install/boat_control_system_final/share/boat_control_system_final/environment/path.sh
-- Installing: /home/boat/Desktop/src/boat_control_system_final/install/boat_control_system_final/share/boat_control_system_final/environment/path.dsv
-- Up-to-date: /home/boat/Desktop/src/boat_control_system_final/install/boat_control_system_final/share/boat_control_system_final/local_setup.bash
-- Up-to-date: /home/boat/Desktop/src/boat_control_system_final/install/boat_control_system_final/share/boat_control_system_final/local_setup.sh
-- Up-to-date: /home/boat/Desktop/src/boat_control_system_final/install/boat_control_system_final/share/boat_control_system_final/local_setup.zsh
-- Installing: /home/boat/Desktop/src/boat_control_system_final/install/boat_control_system_final/share/boat_control_system_final/local_setup.dsv
-- Installing: /home/boat/Desktop/src/boat_control_system_final/install/boat_control_system_final/share/boat_control_system_final/package.dsv
-- Up-to-date: /home/boat/Desktop/src/boat_control_system_final/install/boat_control_system_final/share/ament_index/resource_index/packages/boat_control_system_final
-- Up-to-date: /home/boat/Desktop/src/boat_control_system_final/install/boat_control_system_final/share/boat_control_system_final/cmake/boat_control_system_finalConfig.cmake
-- Up-to-date: /home/boat/Desktop/src/boat_control_system_final/install/boat_control_system_final/share/boat_control_system_final/cmake/boat_control_system_finalConfig-version.cmake
-- Up-to-date: /home/boat/Desktop/src/boat_control_system_final/install/boat_control_system_final/share/boat_control_system_final/package.xml
