[35m[1mConsolidate compiler generated dependencies of target taflab_msgs__rosidl_generator_c[0m
[  2%] Built target taflab_msgs__cpp
[ 12%] Built target taflab_msgs__rosidl_generator_c
[35m[1mConsolidate compiler generated dependencies of target taflab_msgs__rosidl_typesupport_cpp[0m
[35m[1mConsolidate compiler generated dependencies of target taflab_msgs__rosidl_typesupport_fastrtps_cpp[0m
[ 12%] Built target ament_cmake_python_copy_taflab_msgs
[35m[1mConsolidate compiler generated dependencies of target taflab_msgs__rosidl_typesupport_introspection_cpp[0m
[ 23%] Built target taflab_msgs__rosidl_typesupport_cpp
[ 33%] Built target taflab_msgs__rosidl_typesupport_fastrtps_cpp
[ 43%] Built target taflab_msgs__rosidl_typesupport_introspection_cpp
[35m[1mConsolidate compiler generated dependencies of target taflab_msgs__rosidl_typesupport_fastrtps_c[0m
[35m[1mConsolidate compiler generated dependencies of target taflab_msgs__rosidl_typesupport_introspection_c[0m
[35m[1mConsolidate compiler generated dependencies of target taflab_msgs__rosidl_typesupport_c[0m
[ 53%] Built target taflab_msgs__rosidl_typesupport_fastrtps_c
[ 64%] Built target taflab_msgs__rosidl_typesupport_introspection_c
[ 74%] Built target taflab_msgs__rosidl_typesupport_c
[ 74%] Built target taflab_msgs
[ 76%] Built target taflab_msgs__py
[35m[1mConsolidate compiler generated dependencies of target taflab_msgs__rosidl_generator_py[0m
[ 84%] Built target taflab_msgs__rosidl_generator_py
[35m[1mConsolidate compiler generated dependencies of target taflab_msgs__rosidl_typesupport_introspection_c__pyext[0m
[35m[1mConsolidate compiler generated dependencies of target taflab_msgs__rosidl_typesupport_c__pyext[0m
[35m[1mConsolidate compiler generated dependencies of target taflab_msgs__rosidl_typesupport_fastrtps_c__pyext[0m
[ 89%] Built target taflab_msgs__rosidl_typesupport_fastrtps_c__pyext
[ 94%] Built target taflab_msgs__rosidl_typesupport_c__pyext
[100%] Built target taflab_msgs__rosidl_typesupport_introspection_c__pyext
running egg_info
writing taflab_msgs.egg-info/PKG-INFO
writing dependency_links to taflab_msgs.egg-info/dependency_links.txt
writing top-level names to taflab_msgs.egg-info/top_level.txt
reading manifest file 'taflab_msgs.egg-info/SOURCES.txt'
writing manifest file 'taflab_msgs.egg-info/SOURCES.txt'
[100%] Built target ament_cmake_python_build_taflab_msgs_egg
-- Install configuration: ""
-- Up-to-date: /home/boat/Desktop/TAFLAB_boatpi_roshumble/src/install/taflab_msgs/share/ament_index/resource_index/rosidl_interfaces/taflab_msgs
-- Up-to-date: /home/boat/Desktop/TAFLAB_boatpi_roshumble/src/install/taflab_msgs/include/taflab_msgs/taflab_msgs
-- Up-to-date: /home/boat/Desktop/TAFLAB_boatpi_roshumble/src/install/taflab_msgs/include/taflab_msgs/taflab_msgs/msg
-- Up-to-date: /home/boat/Desktop/TAFLAB_boatpi_roshumble/src/install/taflab_msgs/include/taflab_msgs/taflab_msgs/msg/calibration_data.h
-- Up-to-date: /home/boat/Desktop/TAFLAB_boatpi_roshumble/src/install/taflab_msgs/include/taflab_msgs/taflab_msgs/msg/rosidl_generator_c__visibility_control.h
-- Up-to-date: /home/boat/Desktop/TAFLAB_boatpi_roshumble/src/install/taflab_msgs/include/taflab_msgs/taflab_msgs/msg/detail
-- Up-to-date: /home/boat/Desktop/TAFLAB_boatpi_roshumble/src/install/taflab_msgs/include/taflab_msgs/taflab_msgs/msg/detail/control_data__struct.h
-- Up-to-date: /home/boat/Desktop/TAFLAB_boatpi_roshumble/src/install/taflab_msgs/include/taflab_msgs/taflab_msgs/msg/detail/calibration_data__functions.h
-- Up-to-date: /home/boat/Desktop/TAFLAB_boatpi_roshumble/src/install/taflab_msgs/include/taflab_msgs/taflab_msgs/msg/detail/calibration_data__type_support.h
-- Up-to-date: /home/boat/Desktop/TAFLAB_boatpi_roshumble/src/install/taflab_msgs/include/taflab_msgs/taflab_msgs/msg/detail/control_data__type_support.h
-- Up-to-date: /home/boat/Desktop/TAFLAB_boatpi_roshumble/src/install/taflab_msgs/include/taflab_msgs/taflab_msgs/msg/detail/control_data__functions.c
-- Up-to-date: /home/boat/Desktop/TAFLAB_boatpi_roshumble/src/install/taflab_msgs/include/taflab_msgs/taflab_msgs/msg/detail/calibration_data__struct.h
-- Up-to-date: /home/boat/Desktop/TAFLAB_boatpi_roshumble/src/install/taflab_msgs/include/taflab_msgs/taflab_msgs/msg/detail/calibration_data__functions.c
-- Up-to-date: /home/boat/Desktop/TAFLAB_boatpi_roshumble/src/install/taflab_msgs/include/taflab_msgs/taflab_msgs/msg/detail/control_data__functions.h
-- Up-to-date: /home/boat/Desktop/TAFLAB_boatpi_roshumble/src/install/taflab_msgs/include/taflab_msgs/taflab_msgs/msg/control_data.h
-- Up-to-date: /home/boat/Desktop/TAFLAB_boatpi_roshumble/src/install/taflab_msgs/share/taflab_msgs/environment/library_path.sh
-- Up-to-date: /home/boat/Desktop/TAFLAB_boatpi_roshumble/src/install/taflab_msgs/share/taflab_msgs/environment/library_path.dsv
-- Up-to-date: /home/boat/Desktop/TAFLAB_boatpi_roshumble/src/install/taflab_msgs/lib/libtaflab_msgs__rosidl_generator_c.so
-- Up-to-date: /home/boat/Desktop/TAFLAB_boatpi_roshumble/src/install/taflab_msgs/include/taflab_msgs/taflab_msgs
-- Up-to-date: /home/boat/Desktop/TAFLAB_boatpi_roshumble/src/install/taflab_msgs/include/taflab_msgs/taflab_msgs/msg
-- Up-to-date: /home/boat/Desktop/TAFLAB_boatpi_roshumble/src/install/taflab_msgs/include/taflab_msgs/taflab_msgs/msg/detail
-- Up-to-date: /home/boat/Desktop/TAFLAB_boatpi_roshumble/src/install/taflab_msgs/include/taflab_msgs/taflab_msgs/msg/detail/control_data__rosidl_typesupport_fastrtps_c.h
-- Up-to-date: /home/boat/Desktop/TAFLAB_boatpi_roshumble/src/install/taflab_msgs/include/taflab_msgs/taflab_msgs/msg/detail/calibration_data__rosidl_typesupport_fastrtps_c.h
-- Up-to-date: /home/boat/Desktop/TAFLAB_boatpi_roshumble/src/install/taflab_msgs/include/taflab_msgs/taflab_msgs/msg/rosidl_typesupport_fastrtps_c__visibility_control.h
-- Up-to-date: /home/boat/Desktop/TAFLAB_boatpi_roshumble/src/install/taflab_msgs/lib/libtaflab_msgs__rosidl_typesupport_fastrtps_c.so
-- Up-to-date: /home/boat/Desktop/TAFLAB_boatpi_roshumble/src/install/taflab_msgs/include/taflab_msgs/taflab_msgs
-- Up-to-date: /home/boat/Desktop/TAFLAB_boatpi_roshumble/src/install/taflab_msgs/include/taflab_msgs/taflab_msgs/msg
-- Up-to-date: /home/boat/Desktop/TAFLAB_boatpi_roshumble/src/install/taflab_msgs/include/taflab_msgs/taflab_msgs/msg/control_data.hpp
-- Up-to-date: /home/boat/Desktop/TAFLAB_boatpi_roshumble/src/install/taflab_msgs/include/taflab_msgs/taflab_msgs/msg/detail
-- Up-to-date: /home/boat/Desktop/TAFLAB_boatpi_roshumble/src/install/taflab_msgs/include/taflab_msgs/taflab_msgs/msg/detail/control_data__traits.hpp
-- Up-to-date: /home/boat/Desktop/TAFLAB_boatpi_roshumble/src/install/taflab_msgs/include/taflab_msgs/taflab_msgs/msg/detail/control_data__builder.hpp
-- Up-to-date: /home/boat/Desktop/TAFLAB_boatpi_roshumble/src/install/taflab_msgs/include/taflab_msgs/taflab_msgs/msg/detail/calibration_data__traits.hpp
-- Up-to-date: /home/boat/Desktop/TAFLAB_boatpi_roshumble/src/install/taflab_msgs/include/taflab_msgs/taflab_msgs/msg/detail/calibration_data__builder.hpp
-- Up-to-date: /home/boat/Desktop/TAFLAB_boatpi_roshumble/src/install/taflab_msgs/include/taflab_msgs/taflab_msgs/msg/detail/calibration_data__struct.hpp
-- Up-to-date: /home/boat/Desktop/TAFLAB_boatpi_roshumble/src/install/taflab_msgs/include/taflab_msgs/taflab_msgs/msg/detail/control_data__struct.hpp
-- Up-to-date: /home/boat/Desktop/TAFLAB_boatpi_roshumble/src/install/taflab_msgs/include/taflab_msgs/taflab_msgs/msg/calibration_data.hpp
-- Up-to-date: /home/boat/Desktop/TAFLAB_boatpi_roshumble/src/install/taflab_msgs/include/taflab_msgs/taflab_msgs
-- Up-to-date: /home/boat/Desktop/TAFLAB_boatpi_roshumble/src/install/taflab_msgs/include/taflab_msgs/taflab_msgs/msg
-- Up-to-date: /home/boat/Desktop/TAFLAB_boatpi_roshumble/src/install/taflab_msgs/include/taflab_msgs/taflab_msgs/msg/rosidl_typesupport_fastrtps_cpp__visibility_control.h
-- Up-to-date: /home/boat/Desktop/TAFLAB_boatpi_roshumble/src/install/taflab_msgs/include/taflab_msgs/taflab_msgs/msg/detail
-- Up-to-date: /home/boat/Desktop/TAFLAB_boatpi_roshumble/src/install/taflab_msgs/include/taflab_msgs/taflab_msgs/msg/detail/control_data__rosidl_typesupport_fastrtps_cpp.hpp
-- Up-to-date: /home/boat/Desktop/TAFLAB_boatpi_roshumble/src/install/taflab_msgs/include/taflab_msgs/taflab_msgs/msg/detail/dds_fastrtps
-- Up-to-date: /home/boat/Desktop/TAFLAB_boatpi_roshumble/src/install/taflab_msgs/include/taflab_msgs/taflab_msgs/msg/detail/calibration_data__rosidl_typesupport_fastrtps_cpp.hpp
-- Up-to-date: /home/boat/Desktop/TAFLAB_boatpi_roshumble/src/install/taflab_msgs/lib/libtaflab_msgs__rosidl_typesupport_fastrtps_cpp.so
-- Up-to-date: /home/boat/Desktop/TAFLAB_boatpi_roshumble/src/install/taflab_msgs/include/taflab_msgs/taflab_msgs
-- Up-to-date: /home/boat/Desktop/TAFLAB_boatpi_roshumble/src/install/taflab_msgs/include/taflab_msgs/taflab_msgs/msg
-- Up-to-date: /home/boat/Desktop/TAFLAB_boatpi_roshumble/src/install/taflab_msgs/include/taflab_msgs/taflab_msgs/msg/detail
-- Up-to-date: /home/boat/Desktop/TAFLAB_boatpi_roshumble/src/install/taflab_msgs/include/taflab_msgs/taflab_msgs/msg/detail/control_data__type_support.c
-- Up-to-date: /home/boat/Desktop/TAFLAB_boatpi_roshumble/src/install/taflab_msgs/include/taflab_msgs/taflab_msgs/msg/detail/control_data__rosidl_typesupport_introspection_c.h
-- Up-to-date: /home/boat/Desktop/TAFLAB_boatpi_roshumble/src/install/taflab_msgs/include/taflab_msgs/taflab_msgs/msg/detail/calibration_data__rosidl_typesupport_introspection_c.h
-- Up-to-date: /home/boat/Desktop/TAFLAB_boatpi_roshumble/src/install/taflab_msgs/include/taflab_msgs/taflab_msgs/msg/detail/calibration_data__type_support.c
-- Up-to-date: /home/boat/Desktop/TAFLAB_boatpi_roshumble/src/install/taflab_msgs/include/taflab_msgs/taflab_msgs/msg/rosidl_typesupport_introspection_c__visibility_control.h
-- Up-to-date: /home/boat/Desktop/TAFLAB_boatpi_roshumble/src/install/taflab_msgs/lib/libtaflab_msgs__rosidl_typesupport_introspection_c.so
-- Up-to-date: /home/boat/Desktop/TAFLAB_boatpi_roshumble/src/install/taflab_msgs/lib/libtaflab_msgs__rosidl_typesupport_c.so
-- Up-to-date: /home/boat/Desktop/TAFLAB_boatpi_roshumble/src/install/taflab_msgs/include/taflab_msgs/taflab_msgs
-- Up-to-date: /home/boat/Desktop/TAFLAB_boatpi_roshumble/src/install/taflab_msgs/include/taflab_msgs/taflab_msgs/msg
-- Up-to-date: /home/boat/Desktop/TAFLAB_boatpi_roshumble/src/install/taflab_msgs/include/taflab_msgs/taflab_msgs/msg/detail
-- Up-to-date: /home/boat/Desktop/TAFLAB_boatpi_roshumble/src/install/taflab_msgs/include/taflab_msgs/taflab_msgs/msg/detail/control_data__type_support.cpp
-- Up-to-date: /home/boat/Desktop/TAFLAB_boatpi_roshumble/src/install/taflab_msgs/include/taflab_msgs/taflab_msgs/msg/detail/calibration_data__type_support.cpp
-- Up-to-date: /home/boat/Desktop/TAFLAB_boatpi_roshumble/src/install/taflab_msgs/include/taflab_msgs/taflab_msgs/msg/detail/control_data__rosidl_typesupport_introspection_cpp.hpp
-- Up-to-date: /home/boat/Desktop/TAFLAB_boatpi_roshumble/src/install/taflab_msgs/include/taflab_msgs/taflab_msgs/msg/detail/calibration_data__rosidl_typesupport_introspection_cpp.hpp
-- Up-to-date: /home/boat/Desktop/TAFLAB_boatpi_roshumble/src/install/taflab_msgs/lib/libtaflab_msgs__rosidl_typesupport_introspection_cpp.so
-- Up-to-date: /home/boat/Desktop/TAFLAB_boatpi_roshumble/src/install/taflab_msgs/lib/libtaflab_msgs__rosidl_typesupport_cpp.so
-- Up-to-date: /home/boat/Desktop/TAFLAB_boatpi_roshumble/src/install/taflab_msgs/share/taflab_msgs/environment/pythonpath.sh
-- Up-to-date: /home/boat/Desktop/TAFLAB_boatpi_roshumble/src/install/taflab_msgs/share/taflab_msgs/environment/pythonpath.dsv
-- Up-to-date: /home/boat/Desktop/TAFLAB_boatpi_roshumble/src/install/taflab_msgs/local/lib/python3.10/dist-packages/taflab_msgs-0.0.0-py3.10.egg-info
-- Installing: /home/boat/Desktop/TAFLAB_boatpi_roshumble/src/install/taflab_msgs/local/lib/python3.10/dist-packages/taflab_msgs-0.0.0-py3.10.egg-info/PKG-INFO
-- Installing: /home/boat/Desktop/TAFLAB_boatpi_roshumble/src/install/taflab_msgs/local/lib/python3.10/dist-packages/taflab_msgs-0.0.0-py3.10.egg-info/top_level.txt
-- Installing: /home/boat/Desktop/TAFLAB_boatpi_roshumble/src/install/taflab_msgs/local/lib/python3.10/dist-packages/taflab_msgs-0.0.0-py3.10.egg-info/dependency_links.txt
-- Installing: /home/boat/Desktop/TAFLAB_boatpi_roshumble/src/install/taflab_msgs/local/lib/python3.10/dist-packages/taflab_msgs-0.0.0-py3.10.egg-info/SOURCES.txt
-- Up-to-date: /home/boat/Desktop/TAFLAB_boatpi_roshumble/src/install/taflab_msgs/local/lib/python3.10/dist-packages/taflab_msgs
-- Up-to-date: /home/boat/Desktop/TAFLAB_boatpi_roshumble/src/install/taflab_msgs/local/lib/python3.10/dist-packages/taflab_msgs/msg
-- Up-to-date: /home/boat/Desktop/TAFLAB_boatpi_roshumble/src/install/taflab_msgs/local/lib/python3.10/dist-packages/taflab_msgs/msg/_control_data.py
-- Up-to-date: /home/boat/Desktop/TAFLAB_boatpi_roshumble/src/install/taflab_msgs/local/lib/python3.10/dist-packages/taflab_msgs/msg/_control_data_s.c
-- Up-to-date: /home/boat/Desktop/TAFLAB_boatpi_roshumble/src/install/taflab_msgs/local/lib/python3.10/dist-packages/taflab_msgs/msg/_calibration_data.py
-- Up-to-date: /home/boat/Desktop/TAFLAB_boatpi_roshumble/src/install/taflab_msgs/local/lib/python3.10/dist-packages/taflab_msgs/msg/__init__.py
-- Up-to-date: /home/boat/Desktop/TAFLAB_boatpi_roshumble/src/install/taflab_msgs/local/lib/python3.10/dist-packages/taflab_msgs/msg/_calibration_data_s.c
-- Up-to-date: /home/boat/Desktop/TAFLAB_boatpi_roshumble/src/install/taflab_msgs/local/lib/python3.10/dist-packages/taflab_msgs/libtaflab_msgs__rosidl_generator_py.so
-- Up-to-date: /home/boat/Desktop/TAFLAB_boatpi_roshumble/src/install/taflab_msgs/local/lib/python3.10/dist-packages/taflab_msgs/taflab_msgs_s__rosidl_typesupport_c.cpython-310-aarch64-linux-gnu.so
-- Up-to-date: /home/boat/Desktop/TAFLAB_boatpi_roshumble/src/install/taflab_msgs/local/lib/python3.10/dist-packages/taflab_msgs/_taflab_msgs_s.ep.rosidl_typesupport_c.c
-- Up-to-date: /home/boat/Desktop/TAFLAB_boatpi_roshumble/src/install/taflab_msgs/local/lib/python3.10/dist-packages/taflab_msgs/__init__.py
-- Up-to-date: /home/boat/Desktop/TAFLAB_boatpi_roshumble/src/install/taflab_msgs/local/lib/python3.10/dist-packages/taflab_msgs/taflab_msgs_s__rosidl_typesupport_fastrtps_c.cpython-310-aarch64-linux-gnu.so
-- Up-to-date: /home/boat/Desktop/TAFLAB_boatpi_roshumble/src/install/taflab_msgs/local/lib/python3.10/dist-packages/taflab_msgs/_taflab_msgs_s.ep.rosidl_typesupport_fastrtps_c.c
-- Up-to-date: /home/boat/Desktop/TAFLAB_boatpi_roshumble/src/install/taflab_msgs/local/lib/python3.10/dist-packages/taflab_msgs/_taflab_msgs_s.ep.rosidl_typesupport_introspection_c.c
-- Up-to-date: /home/boat/Desktop/TAFLAB_boatpi_roshumble/src/install/taflab_msgs/local/lib/python3.10/dist-packages/taflab_msgs/taflab_msgs_s__rosidl_typesupport_introspection_c.cpython-310-aarch64-linux-gnu.so
Listing '/home/boat/Desktop/TAFLAB_boatpi_roshumble/src/install/taflab_msgs/local/lib/python3.10/dist-packages/taflab_msgs'...
Listing '/home/boat/Desktop/TAFLAB_boatpi_roshumble/src/install/taflab_msgs/local/lib/python3.10/dist-packages/taflab_msgs/msg'...
-- Up-to-date: /home/boat/Desktop/TAFLAB_boatpi_roshumble/src/install/taflab_msgs/local/lib/python3.10/dist-packages/taflab_msgs/taflab_msgs_s__rosidl_typesupport_fastrtps_c.cpython-310-aarch64-linux-gnu.so
-- Up-to-date: /home/boat/Desktop/TAFLAB_boatpi_roshumble/src/install/taflab_msgs/local/lib/python3.10/dist-packages/taflab_msgs/taflab_msgs_s__rosidl_typesupport_introspection_c.cpython-310-aarch64-linux-gnu.so
-- Up-to-date: /home/boat/Desktop/TAFLAB_boatpi_roshumble/src/install/taflab_msgs/local/lib/python3.10/dist-packages/taflab_msgs/taflab_msgs_s__rosidl_typesupport_c.cpython-310-aarch64-linux-gnu.so
-- Up-to-date: /home/boat/Desktop/TAFLAB_boatpi_roshumble/src/install/taflab_msgs/lib/libtaflab_msgs__rosidl_generator_py.so
-- Up-to-date: /home/boat/Desktop/TAFLAB_boatpi_roshumble/src/install/taflab_msgs/share/taflab_msgs/msg/ControlData.idl
-- Up-to-date: /home/boat/Desktop/TAFLAB_boatpi_roshumble/src/install/taflab_msgs/share/taflab_msgs/msg/CalibrationData.idl
-- Up-to-date: /home/boat/Desktop/TAFLAB_boatpi_roshumble/src/install/taflab_msgs/share/taflab_msgs/msg/ControlData.msg
-- Up-to-date: /home/boat/Desktop/TAFLAB_boatpi_roshumble/src/install/taflab_msgs/share/taflab_msgs/msg/CalibrationData.msg
-- Up-to-date: /home/boat/Desktop/TAFLAB_boatpi_roshumble/src/install/taflab_msgs/share/ament_index/resource_index/package_run_dependencies/taflab_msgs
-- Up-to-date: /home/boat/Desktop/TAFLAB_boatpi_roshumble/src/install/taflab_msgs/share/ament_index/resource_index/parent_prefix_path/taflab_msgs
-- Up-to-date: /home/boat/Desktop/TAFLAB_boatpi_roshumble/src/install/taflab_msgs/share/taflab_msgs/environment/ament_prefix_path.sh
-- Up-to-date: /home/boat/Desktop/TAFLAB_boatpi_roshumble/src/install/taflab_msgs/share/taflab_msgs/environment/ament_prefix_path.dsv
-- Up-to-date: /home/boat/Desktop/TAFLAB_boatpi_roshumble/src/install/taflab_msgs/share/taflab_msgs/environment/path.sh
-- Up-to-date: /home/boat/Desktop/TAFLAB_boatpi_roshumble/src/install/taflab_msgs/share/taflab_msgs/environment/path.dsv
-- Up-to-date: /home/boat/Desktop/TAFLAB_boatpi_roshumble/src/install/taflab_msgs/share/taflab_msgs/local_setup.bash
-- Up-to-date: /home/boat/Desktop/TAFLAB_boatpi_roshumble/src/install/taflab_msgs/share/taflab_msgs/local_setup.sh
-- Up-to-date: /home/boat/Desktop/TAFLAB_boatpi_roshumble/src/install/taflab_msgs/share/taflab_msgs/local_setup.zsh
-- Up-to-date: /home/boat/Desktop/TAFLAB_boatpi_roshumble/src/install/taflab_msgs/share/taflab_msgs/local_setup.dsv
-- Installing: /home/boat/Desktop/TAFLAB_boatpi_roshumble/src/install/taflab_msgs/share/taflab_msgs/package.dsv
-- Up-to-date: /home/boat/Desktop/TAFLAB_boatpi_roshumble/src/install/taflab_msgs/share/ament_index/resource_index/packages/taflab_msgs
-- Up-to-date: /home/boat/Desktop/TAFLAB_boatpi_roshumble/src/install/taflab_msgs/share/taflab_msgs/cmake/export_taflab_msgs__rosidl_generator_cExport.cmake
-- Up-to-date: /home/boat/Desktop/TAFLAB_boatpi_roshumble/src/install/taflab_msgs/share/taflab_msgs/cmake/export_taflab_msgs__rosidl_generator_cExport-noconfig.cmake
-- Up-to-date: /home/boat/Desktop/TAFLAB_boatpi_roshumble/src/install/taflab_msgs/share/taflab_msgs/cmake/export_taflab_msgs__rosidl_typesupport_fastrtps_cExport.cmake
-- Up-to-date: /home/boat/Desktop/TAFLAB_boatpi_roshumble/src/install/taflab_msgs/share/taflab_msgs/cmake/export_taflab_msgs__rosidl_typesupport_fastrtps_cExport-noconfig.cmake
-- Up-to-date: /home/boat/Desktop/TAFLAB_boatpi_roshumble/src/install/taflab_msgs/share/taflab_msgs/cmake/export_taflab_msgs__rosidl_generator_cppExport.cmake
-- Up-to-date: /home/boat/Desktop/TAFLAB_boatpi_roshumble/src/install/taflab_msgs/share/taflab_msgs/cmake/export_taflab_msgs__rosidl_typesupport_fastrtps_cppExport.cmake
-- Up-to-date: /home/boat/Desktop/TAFLAB_boatpi_roshumble/src/install/taflab_msgs/share/taflab_msgs/cmake/export_taflab_msgs__rosidl_typesupport_fastrtps_cppExport-noconfig.cmake
-- Up-to-date: /home/boat/Desktop/TAFLAB_boatpi_roshumble/src/install/taflab_msgs/share/taflab_msgs/cmake/taflab_msgs__rosidl_typesupport_introspection_cExport.cmake
-- Up-to-date: /home/boat/Desktop/TAFLAB_boatpi_roshumble/src/install/taflab_msgs/share/taflab_msgs/cmake/taflab_msgs__rosidl_typesupport_introspection_cExport-noconfig.cmake
-- Up-to-date: /home/boat/Desktop/TAFLAB_boatpi_roshumble/src/install/taflab_msgs/share/taflab_msgs/cmake/taflab_msgs__rosidl_typesupport_cExport.cmake
-- Up-to-date: /home/boat/Desktop/TAFLAB_boatpi_roshumble/src/install/taflab_msgs/share/taflab_msgs/cmake/taflab_msgs__rosidl_typesupport_cExport-noconfig.cmake
-- Up-to-date: /home/boat/Desktop/TAFLAB_boatpi_roshumble/src/install/taflab_msgs/share/taflab_msgs/cmake/taflab_msgs__rosidl_typesupport_introspection_cppExport.cmake
-- Up-to-date: /home/boat/Desktop/TAFLAB_boatpi_roshumble/src/install/taflab_msgs/share/taflab_msgs/cmake/taflab_msgs__rosidl_typesupport_introspection_cppExport-noconfig.cmake
-- Up-to-date: /home/boat/Desktop/TAFLAB_boatpi_roshumble/src/install/taflab_msgs/share/taflab_msgs/cmake/taflab_msgs__rosidl_typesupport_cppExport.cmake
-- Up-to-date: /home/boat/Desktop/TAFLAB_boatpi_roshumble/src/install/taflab_msgs/share/taflab_msgs/cmake/taflab_msgs__rosidl_typesupport_cppExport-noconfig.cmake
-- Up-to-date: /home/boat/Desktop/TAFLAB_boatpi_roshumble/src/install/taflab_msgs/share/taflab_msgs/cmake/export_taflab_msgs__rosidl_generator_pyExport.cmake
-- Up-to-date: /home/boat/Desktop/TAFLAB_boatpi_roshumble/src/install/taflab_msgs/share/taflab_msgs/cmake/export_taflab_msgs__rosidl_generator_pyExport-noconfig.cmake
-- Up-to-date: /home/boat/Desktop/TAFLAB_boatpi_roshumble/src/install/taflab_msgs/share/taflab_msgs/cmake/rosidl_cmake-extras.cmake
-- Up-to-date: /home/boat/Desktop/TAFLAB_boatpi_roshumble/src/install/taflab_msgs/share/taflab_msgs/cmake/ament_cmake_export_include_directories-extras.cmake
-- Up-to-date: /home/boat/Desktop/TAFLAB_boatpi_roshumble/src/install/taflab_msgs/share/taflab_msgs/cmake/ament_cmake_export_libraries-extras.cmake
-- Up-to-date: /home/boat/Desktop/TAFLAB_boatpi_roshumble/src/install/taflab_msgs/share/taflab_msgs/cmake/ament_cmake_export_targets-extras.cmake
-- Up-to-date: /home/boat/Desktop/TAFLAB_boatpi_roshumble/src/install/taflab_msgs/share/taflab_msgs/cmake/rosidl_cmake_export_typesupport_targets-extras.cmake
-- Up-to-date: /home/boat/Desktop/TAFLAB_boatpi_roshumble/src/install/taflab_msgs/share/taflab_msgs/cmake/ament_cmake_export_dependencies-extras.cmake
-- Up-to-date: /home/boat/Desktop/TAFLAB_boatpi_roshumble/src/install/taflab_msgs/share/taflab_msgs/cmake/rosidl_cmake_export_typesupport_libraries-extras.cmake
-- Up-to-date: /home/boat/Desktop/TAFLAB_boatpi_roshumble/src/install/taflab_msgs/share/taflab_msgs/cmake/taflab_msgsConfig.cmake
-- Up-to-date: /home/boat/Desktop/TAFLAB_boatpi_roshumble/src/install/taflab_msgs/share/taflab_msgs/cmake/taflab_msgsConfig-version.cmake
-- Up-to-date: /home/boat/Desktop/TAFLAB_boatpi_roshumble/src/install/taflab_msgs/share/taflab_msgs/package.xml
