[0.241s] Invoking command in '/home/boat/Desktop/TAFLAB_boatpi_roshumble/src/build/taflab_msgs': CMAKE_PREFIX_PATH=${CMAKE_PREFIX_PATH}:/home/boat/Desktop/TAFLAB_boatpi_roshumble/src/install/xbee_node:/home/boat/Desktop/TAFLAB_boatpi_roshumble/src/install/boat_logic:/home/boat/Desktop/TAFLAB_boatpi_roshumble/src/install/boat_launch:/home/boat/Desktop/TAFLAB_boatpi_roshumble/src/install/lis3mdl_mag:/home/boat/Desktop/TAFLAB_boatpi_roshumble/src/install/gps_gt_u7:/home/boat/Desktop/TAFLAB_boatpi_roshumble/src/install/control_py:/home/boat/Desktop/TAFLAB_boatpi_roshumble/src/install/as5600_sensor:/opt/ros/humble /usr/bin/cmake --build /home/boat/Desktop/TAFLAB_boatpi_roshumble/src/build/taflab_msgs -- -j4 -l4
[0.449s] [35m[1mConsolidate compiler generated dependencies of target taflab_msgs__rosidl_generator_c[0m
[0.498s] [  2%] Built target taflab_msgs__cpp
[0.535s] [ 12%] Built target taflab_msgs__rosidl_generator_c
[0.569s] [35m[1mConsolidate compiler generated dependencies of target taflab_msgs__rosidl_typesupport_cpp[0m
[0.578s] [35m[1mConsolidate compiler generated dependencies of target taflab_msgs__rosidl_typesupport_fastrtps_cpp[0m
[0.621s] [ 12%] Built target ament_cmake_python_copy_taflab_msgs
[0.637s] [35m[1mConsolidate compiler generated dependencies of target taflab_msgs__rosidl_typesupport_introspection_cpp[0m
[0.706s] [ 23%] Built target taflab_msgs__rosidl_typesupport_cpp
[0.730s] [ 33%] Built target taflab_msgs__rosidl_typesupport_fastrtps_cpp
[0.750s] [ 43%] Built target taflab_msgs__rosidl_typesupport_introspection_cpp
[0.754s] [35m[1mConsolidate compiler generated dependencies of target taflab_msgs__rosidl_typesupport_fastrtps_c[0m
[0.819s] [35m[1mConsolidate compiler generated dependencies of target taflab_msgs__rosidl_typesupport_introspection_c[0m
[0.837s] [35m[1mConsolidate compiler generated dependencies of target taflab_msgs__rosidl_typesupport_c[0m
[0.866s] [ 53%] Built target taflab_msgs__rosidl_typesupport_fastrtps_c
[0.910s] [ 64%] Built target taflab_msgs__rosidl_typesupport_introspection_c
[0.921s] [ 74%] Built target taflab_msgs__rosidl_typesupport_c
[1.017s] [ 74%] Built target taflab_msgs
[1.125s] [ 76%] Built target taflab_msgs__py
[1.176s] [35m[1mConsolidate compiler generated dependencies of target taflab_msgs__rosidl_generator_py[0m
[1.264s] [ 84%] Built target taflab_msgs__rosidl_generator_py
[1.327s] [35m[1mConsolidate compiler generated dependencies of target taflab_msgs__rosidl_typesupport_introspection_c__pyext[0m
[1.343s] [35m[1mConsolidate compiler generated dependencies of target taflab_msgs__rosidl_typesupport_c__pyext[0m
[1.352s] [35m[1mConsolidate compiler generated dependencies of target taflab_msgs__rosidl_typesupport_fastrtps_c__pyext[0m
[1.453s] [ 89%] Built target taflab_msgs__rosidl_typesupport_fastrtps_c__pyext
[1.460s] [ 94%] Built target taflab_msgs__rosidl_typesupport_c__pyext
[1.483s] [100%] Built target taflab_msgs__rosidl_typesupport_introspection_c__pyext
[2.144s] running egg_info
[2.147s] writing taflab_msgs.egg-info/PKG-INFO
[2.149s] writing dependency_links to taflab_msgs.egg-info/dependency_links.txt
[2.150s] writing top-level names to taflab_msgs.egg-info/top_level.txt
[2.163s] reading manifest file 'taflab_msgs.egg-info/SOURCES.txt'
[2.166s] writing manifest file 'taflab_msgs.egg-info/SOURCES.txt'
[2.313s] [100%] Built target ament_cmake_python_build_taflab_msgs_egg
[2.362s] Invoked command in '/home/boat/Desktop/TAFLAB_boatpi_roshumble/src/build/taflab_msgs' returned '0': CMAKE_PREFIX_PATH=${CMAKE_PREFIX_PATH}:/home/boat/Desktop/TAFLAB_boatpi_roshumble/src/install/xbee_node:/home/boat/Desktop/TAFLAB_boatpi_roshumble/src/install/boat_logic:/home/boat/Desktop/TAFLAB_boatpi_roshumble/src/install/boat_launch:/home/boat/Desktop/TAFLAB_boatpi_roshumble/src/install/lis3mdl_mag:/home/boat/Desktop/TAFLAB_boatpi_roshumble/src/install/gps_gt_u7:/home/boat/Desktop/TAFLAB_boatpi_roshumble/src/install/control_py:/home/boat/Desktop/TAFLAB_boatpi_roshumble/src/install/as5600_sensor:/opt/ros/humble /usr/bin/cmake --build /home/boat/Desktop/TAFLAB_boatpi_roshumble/src/build/taflab_msgs -- -j4 -l4
[2.889s] Invoking command in '/home/boat/Desktop/TAFLAB_boatpi_roshumble/src/build/taflab_msgs': CMAKE_PREFIX_PATH=${CMAKE_PREFIX_PATH}:/home/boat/Desktop/TAFLAB_boatpi_roshumble/src/install/xbee_node:/home/boat/Desktop/TAFLAB_boatpi_roshumble/src/install/boat_logic:/home/boat/Desktop/TAFLAB_boatpi_roshumble/src/install/boat_launch:/home/boat/Desktop/TAFLAB_boatpi_roshumble/src/install/lis3mdl_mag:/home/boat/Desktop/TAFLAB_boatpi_roshumble/src/install/gps_gt_u7:/home/boat/Desktop/TAFLAB_boatpi_roshumble/src/install/control_py:/home/boat/Desktop/TAFLAB_boatpi_roshumble/src/install/as5600_sensor:/opt/ros/humble /usr/bin/cmake --install /home/boat/Desktop/TAFLAB_boatpi_roshumble/src/build/taflab_msgs
[2.920s] -- Install configuration: ""
[2.921s] -- Up-to-date: /home/boat/Desktop/TAFLAB_boatpi_roshumble/src/install/taflab_msgs/share/ament_index/resource_index/rosidl_interfaces/taflab_msgs
[2.922s] -- Up-to-date: /home/boat/Desktop/TAFLAB_boatpi_roshumble/src/install/taflab_msgs/include/taflab_msgs/taflab_msgs
[2.922s] -- Up-to-date: /home/boat/Desktop/TAFLAB_boatpi_roshumble/src/install/taflab_msgs/include/taflab_msgs/taflab_msgs/msg
[2.924s] -- Up-to-date: /home/boat/Desktop/TAFLAB_boatpi_roshumble/src/install/taflab_msgs/include/taflab_msgs/taflab_msgs/msg/calibration_data.h
[2.924s] -- Up-to-date: /home/boat/Desktop/TAFLAB_boatpi_roshumble/src/install/taflab_msgs/include/taflab_msgs/taflab_msgs/msg/rosidl_generator_c__visibility_control.h
[2.925s] -- Up-to-date: /home/boat/Desktop/TAFLAB_boatpi_roshumble/src/install/taflab_msgs/include/taflab_msgs/taflab_msgs/msg/detail
[2.925s] -- Up-to-date: /home/boat/Desktop/TAFLAB_boatpi_roshumble/src/install/taflab_msgs/include/taflab_msgs/taflab_msgs/msg/detail/control_data__struct.h
[2.926s] -- Up-to-date: /home/boat/Desktop/TAFLAB_boatpi_roshumble/src/install/taflab_msgs/include/taflab_msgs/taflab_msgs/msg/detail/calibration_data__functions.h
[2.927s] -- Up-to-date: /home/boat/Desktop/TAFLAB_boatpi_roshumble/src/install/taflab_msgs/include/taflab_msgs/taflab_msgs/msg/detail/calibration_data__type_support.h
[2.927s] -- Up-to-date: /home/boat/Desktop/TAFLAB_boatpi_roshumble/src/install/taflab_msgs/include/taflab_msgs/taflab_msgs/msg/detail/control_data__type_support.h
[2.928s] -- Up-to-date: /home/boat/Desktop/TAFLAB_boatpi_roshumble/src/install/taflab_msgs/include/taflab_msgs/taflab_msgs/msg/detail/control_data__functions.c
[2.928s] -- Up-to-date: /home/boat/Desktop/TAFLAB_boatpi_roshumble/src/install/taflab_msgs/include/taflab_msgs/taflab_msgs/msg/detail/calibration_data__struct.h
[2.929s] -- Up-to-date: /home/boat/Desktop/TAFLAB_boatpi_roshumble/src/install/taflab_msgs/include/taflab_msgs/taflab_msgs/msg/detail/calibration_data__functions.c
[2.929s] -- Up-to-date: /home/boat/Desktop/TAFLAB_boatpi_roshumble/src/install/taflab_msgs/include/taflab_msgs/taflab_msgs/msg/detail/control_data__functions.h
[2.930s] -- Up-to-date: /home/boat/Desktop/TAFLAB_boatpi_roshumble/src/install/taflab_msgs/include/taflab_msgs/taflab_msgs/msg/control_data.h
[2.930s] -- Up-to-date: /home/boat/Desktop/TAFLAB_boatpi_roshumble/src/install/taflab_msgs/share/taflab_msgs/environment/library_path.sh
[2.931s] -- Up-to-date: /home/boat/Desktop/TAFLAB_boatpi_roshumble/src/install/taflab_msgs/share/taflab_msgs/environment/library_path.dsv
[2.932s] -- Up-to-date: /home/boat/Desktop/TAFLAB_boatpi_roshumble/src/install/taflab_msgs/lib/libtaflab_msgs__rosidl_generator_c.so
[2.932s] -- Up-to-date: /home/boat/Desktop/TAFLAB_boatpi_roshumble/src/install/taflab_msgs/include/taflab_msgs/taflab_msgs
[2.933s] -- Up-to-date: /home/boat/Desktop/TAFLAB_boatpi_roshumble/src/install/taflab_msgs/include/taflab_msgs/taflab_msgs/msg
[2.933s] -- Up-to-date: /home/boat/Desktop/TAFLAB_boatpi_roshumble/src/install/taflab_msgs/include/taflab_msgs/taflab_msgs/msg/detail
[2.934s] -- Up-to-date: /home/boat/Desktop/TAFLAB_boatpi_roshumble/src/install/taflab_msgs/include/taflab_msgs/taflab_msgs/msg/detail/control_data__rosidl_typesupport_fastrtps_c.h
[2.934s] -- Up-to-date: /home/boat/Desktop/TAFLAB_boatpi_roshumble/src/install/taflab_msgs/include/taflab_msgs/taflab_msgs/msg/detail/calibration_data__rosidl_typesupport_fastrtps_c.h
[2.935s] -- Up-to-date: /home/boat/Desktop/TAFLAB_boatpi_roshumble/src/install/taflab_msgs/include/taflab_msgs/taflab_msgs/msg/rosidl_typesupport_fastrtps_c__visibility_control.h
[2.935s] -- Up-to-date: /home/boat/Desktop/TAFLAB_boatpi_roshumble/src/install/taflab_msgs/lib/libtaflab_msgs__rosidl_typesupport_fastrtps_c.so
[2.936s] -- Up-to-date: /home/boat/Desktop/TAFLAB_boatpi_roshumble/src/install/taflab_msgs/include/taflab_msgs/taflab_msgs
[2.937s] -- Up-to-date: /home/boat/Desktop/TAFLAB_boatpi_roshumble/src/install/taflab_msgs/include/taflab_msgs/taflab_msgs/msg
[2.937s] -- Up-to-date: /home/boat/Desktop/TAFLAB_boatpi_roshumble/src/install/taflab_msgs/include/taflab_msgs/taflab_msgs/msg/control_data.hpp
[2.938s] -- Up-to-date: /home/boat/Desktop/TAFLAB_boatpi_roshumble/src/install/taflab_msgs/include/taflab_msgs/taflab_msgs/msg/detail
[2.939s] -- Up-to-date: /home/boat/Desktop/TAFLAB_boatpi_roshumble/src/install/taflab_msgs/include/taflab_msgs/taflab_msgs/msg/detail/control_data__traits.hpp
[2.940s] -- Up-to-date: /home/boat/Desktop/TAFLAB_boatpi_roshumble/src/install/taflab_msgs/include/taflab_msgs/taflab_msgs/msg/detail/control_data__builder.hpp
[2.940s] -- Up-to-date: /home/boat/Desktop/TAFLAB_boatpi_roshumble/src/install/taflab_msgs/include/taflab_msgs/taflab_msgs/msg/detail/calibration_data__traits.hpp
[2.941s] -- Up-to-date: /home/boat/Desktop/TAFLAB_boatpi_roshumble/src/install/taflab_msgs/include/taflab_msgs/taflab_msgs/msg/detail/calibration_data__builder.hpp
[2.942s] -- Up-to-date: /home/boat/Desktop/TAFLAB_boatpi_roshumble/src/install/taflab_msgs/include/taflab_msgs/taflab_msgs/msg/detail/calibration_data__struct.hpp
[2.943s] -- Up-to-date: /home/boat/Desktop/TAFLAB_boatpi_roshumble/src/install/taflab_msgs/include/taflab_msgs/taflab_msgs/msg/detail/control_data__struct.hpp
[2.943s] -- Up-to-date: /home/boat/Desktop/TAFLAB_boatpi_roshumble/src/install/taflab_msgs/include/taflab_msgs/taflab_msgs/msg/calibration_data.hpp
[2.944s] -- Up-to-date: /home/boat/Desktop/TAFLAB_boatpi_roshumble/src/install/taflab_msgs/include/taflab_msgs/taflab_msgs
[2.945s] -- Up-to-date: /home/boat/Desktop/TAFLAB_boatpi_roshumble/src/install/taflab_msgs/include/taflab_msgs/taflab_msgs/msg
[2.945s] -- Up-to-date: /home/boat/Desktop/TAFLAB_boatpi_roshumble/src/install/taflab_msgs/include/taflab_msgs/taflab_msgs/msg/rosidl_typesupport_fastrtps_cpp__visibility_control.h
[2.945s] -- Up-to-date: /home/boat/Desktop/TAFLAB_boatpi_roshumble/src/install/taflab_msgs/include/taflab_msgs/taflab_msgs/msg/detail
[2.946s] -- Up-to-date: /home/boat/Desktop/TAFLAB_boatpi_roshumble/src/install/taflab_msgs/include/taflab_msgs/taflab_msgs/msg/detail/control_data__rosidl_typesupport_fastrtps_cpp.hpp
[2.947s] -- Up-to-date: /home/boat/Desktop/TAFLAB_boatpi_roshumble/src/install/taflab_msgs/include/taflab_msgs/taflab_msgs/msg/detail/dds_fastrtps
[2.948s] -- Up-to-date: /home/boat/Desktop/TAFLAB_boatpi_roshumble/src/install/taflab_msgs/include/taflab_msgs/taflab_msgs/msg/detail/calibration_data__rosidl_typesupport_fastrtps_cpp.hpp
[2.949s] -- Up-to-date: /home/boat/Desktop/TAFLAB_boatpi_roshumble/src/install/taflab_msgs/lib/libtaflab_msgs__rosidl_typesupport_fastrtps_cpp.so
[2.949s] -- Up-to-date: /home/boat/Desktop/TAFLAB_boatpi_roshumble/src/install/taflab_msgs/include/taflab_msgs/taflab_msgs
[2.952s] -- Up-to-date: /home/boat/Desktop/TAFLAB_boatpi_roshumble/src/install/taflab_msgs/include/taflab_msgs/taflab_msgs/msg
[2.953s] -- Up-to-date: /home/boat/Desktop/TAFLAB_boatpi_roshumble/src/install/taflab_msgs/include/taflab_msgs/taflab_msgs/msg/detail
[2.955s] -- Up-to-date: /home/boat/Desktop/TAFLAB_boatpi_roshumble/src/install/taflab_msgs/include/taflab_msgs/taflab_msgs/msg/detail/control_data__type_support.c
[2.955s] -- Up-to-date: /home/boat/Desktop/TAFLAB_boatpi_roshumble/src/install/taflab_msgs/include/taflab_msgs/taflab_msgs/msg/detail/control_data__rosidl_typesupport_introspection_c.h
[2.956s] -- Up-to-date: /home/boat/Desktop/TAFLAB_boatpi_roshumble/src/install/taflab_msgs/include/taflab_msgs/taflab_msgs/msg/detail/calibration_data__rosidl_typesupport_introspection_c.h
[2.957s] -- Up-to-date: /home/boat/Desktop/TAFLAB_boatpi_roshumble/src/install/taflab_msgs/include/taflab_msgs/taflab_msgs/msg/detail/calibration_data__type_support.c
[2.957s] -- Up-to-date: /home/boat/Desktop/TAFLAB_boatpi_roshumble/src/install/taflab_msgs/include/taflab_msgs/taflab_msgs/msg/rosidl_typesupport_introspection_c__visibility_control.h
[2.958s] -- Up-to-date: /home/boat/Desktop/TAFLAB_boatpi_roshumble/src/install/taflab_msgs/lib/libtaflab_msgs__rosidl_typesupport_introspection_c.so
[2.958s] -- Up-to-date: /home/boat/Desktop/TAFLAB_boatpi_roshumble/src/install/taflab_msgs/lib/libtaflab_msgs__rosidl_typesupport_c.so
[2.959s] -- Up-to-date: /home/boat/Desktop/TAFLAB_boatpi_roshumble/src/install/taflab_msgs/include/taflab_msgs/taflab_msgs
[2.959s] -- Up-to-date: /home/boat/Desktop/TAFLAB_boatpi_roshumble/src/install/taflab_msgs/include/taflab_msgs/taflab_msgs/msg
[2.960s] -- Up-to-date: /home/boat/Desktop/TAFLAB_boatpi_roshumble/src/install/taflab_msgs/include/taflab_msgs/taflab_msgs/msg/detail
[2.960s] -- Up-to-date: /home/boat/Desktop/TAFLAB_boatpi_roshumble/src/install/taflab_msgs/include/taflab_msgs/taflab_msgs/msg/detail/control_data__type_support.cpp
[2.961s] -- Up-to-date: /home/boat/Desktop/TAFLAB_boatpi_roshumble/src/install/taflab_msgs/include/taflab_msgs/taflab_msgs/msg/detail/calibration_data__type_support.cpp
[2.961s] -- Up-to-date: /home/boat/Desktop/TAFLAB_boatpi_roshumble/src/install/taflab_msgs/include/taflab_msgs/taflab_msgs/msg/detail/control_data__rosidl_typesupport_introspection_cpp.hpp
[2.962s] -- Up-to-date: /home/boat/Desktop/TAFLAB_boatpi_roshumble/src/install/taflab_msgs/include/taflab_msgs/taflab_msgs/msg/detail/calibration_data__rosidl_typesupport_introspection_cpp.hpp
[2.962s] -- Up-to-date: /home/boat/Desktop/TAFLAB_boatpi_roshumble/src/install/taflab_msgs/lib/libtaflab_msgs__rosidl_typesupport_introspection_cpp.so
[2.963s] -- Up-to-date: /home/boat/Desktop/TAFLAB_boatpi_roshumble/src/install/taflab_msgs/lib/libtaflab_msgs__rosidl_typesupport_cpp.so
[2.964s] -- Up-to-date: /home/boat/Desktop/TAFLAB_boatpi_roshumble/src/install/taflab_msgs/share/taflab_msgs/environment/pythonpath.sh
[2.964s] -- Up-to-date: /home/boat/Desktop/TAFLAB_boatpi_roshumble/src/install/taflab_msgs/share/taflab_msgs/environment/pythonpath.dsv
[2.965s] -- Up-to-date: /home/boat/Desktop/TAFLAB_boatpi_roshumble/src/install/taflab_msgs/local/lib/python3.10/dist-packages/taflab_msgs-0.0.0-py3.10.egg-info
[2.965s] -- Installing: /home/boat/Desktop/TAFLAB_boatpi_roshumble/src/install/taflab_msgs/local/lib/python3.10/dist-packages/taflab_msgs-0.0.0-py3.10.egg-info/PKG-INFO
[2.965s] -- Installing: /home/boat/Desktop/TAFLAB_boatpi_roshumble/src/install/taflab_msgs/local/lib/python3.10/dist-packages/taflab_msgs-0.0.0-py3.10.egg-info/top_level.txt
[2.966s] -- Installing: /home/boat/Desktop/TAFLAB_boatpi_roshumble/src/install/taflab_msgs/local/lib/python3.10/dist-packages/taflab_msgs-0.0.0-py3.10.egg-info/dependency_links.txt
[2.968s] -- Installing: /home/boat/Desktop/TAFLAB_boatpi_roshumble/src/install/taflab_msgs/local/lib/python3.10/dist-packages/taflab_msgs-0.0.0-py3.10.egg-info/SOURCES.txt
[2.969s] -- Up-to-date: /home/boat/Desktop/TAFLAB_boatpi_roshumble/src/install/taflab_msgs/local/lib/python3.10/dist-packages/taflab_msgs
[2.970s] -- Up-to-date: /home/boat/Desktop/TAFLAB_boatpi_roshumble/src/install/taflab_msgs/local/lib/python3.10/dist-packages/taflab_msgs/msg
[2.971s] -- Up-to-date: /home/boat/Desktop/TAFLAB_boatpi_roshumble/src/install/taflab_msgs/local/lib/python3.10/dist-packages/taflab_msgs/msg/_control_data.py
[2.972s] -- Up-to-date: /home/boat/Desktop/TAFLAB_boatpi_roshumble/src/install/taflab_msgs/local/lib/python3.10/dist-packages/taflab_msgs/msg/_control_data_s.c
[2.972s] -- Up-to-date: /home/boat/Desktop/TAFLAB_boatpi_roshumble/src/install/taflab_msgs/local/lib/python3.10/dist-packages/taflab_msgs/msg/_calibration_data.py
[2.973s] -- Up-to-date: /home/boat/Desktop/TAFLAB_boatpi_roshumble/src/install/taflab_msgs/local/lib/python3.10/dist-packages/taflab_msgs/msg/__init__.py
[2.974s] -- Up-to-date: /home/boat/Desktop/TAFLAB_boatpi_roshumble/src/install/taflab_msgs/local/lib/python3.10/dist-packages/taflab_msgs/msg/_calibration_data_s.c
[2.974s] -- Up-to-date: /home/boat/Desktop/TAFLAB_boatpi_roshumble/src/install/taflab_msgs/local/lib/python3.10/dist-packages/taflab_msgs/libtaflab_msgs__rosidl_generator_py.so
[2.975s] -- Up-to-date: /home/boat/Desktop/TAFLAB_boatpi_roshumble/src/install/taflab_msgs/local/lib/python3.10/dist-packages/taflab_msgs/taflab_msgs_s__rosidl_typesupport_c.cpython-310-aarch64-linux-gnu.so
[2.976s] -- Up-to-date: /home/boat/Desktop/TAFLAB_boatpi_roshumble/src/install/taflab_msgs/local/lib/python3.10/dist-packages/taflab_msgs/_taflab_msgs_s.ep.rosidl_typesupport_c.c
[2.976s] -- Up-to-date: /home/boat/Desktop/TAFLAB_boatpi_roshumble/src/install/taflab_msgs/local/lib/python3.10/dist-packages/taflab_msgs/__init__.py
[2.976s] -- Up-to-date: /home/boat/Desktop/TAFLAB_boatpi_roshumble/src/install/taflab_msgs/local/lib/python3.10/dist-packages/taflab_msgs/taflab_msgs_s__rosidl_typesupport_fastrtps_c.cpython-310-aarch64-linux-gnu.so
[2.977s] -- Up-to-date: /home/boat/Desktop/TAFLAB_boatpi_roshumble/src/install/taflab_msgs/local/lib/python3.10/dist-packages/taflab_msgs/_taflab_msgs_s.ep.rosidl_typesupport_fastrtps_c.c
[2.977s] -- Up-to-date: /home/boat/Desktop/TAFLAB_boatpi_roshumble/src/install/taflab_msgs/local/lib/python3.10/dist-packages/taflab_msgs/_taflab_msgs_s.ep.rosidl_typesupport_introspection_c.c
[2.978s] -- Up-to-date: /home/boat/Desktop/TAFLAB_boatpi_roshumble/src/install/taflab_msgs/local/lib/python3.10/dist-packages/taflab_msgs/taflab_msgs_s__rosidl_typesupport_introspection_c.cpython-310-aarch64-linux-gnu.so
[3.169s] Listing '/home/boat/Desktop/TAFLAB_boatpi_roshumble/src/install/taflab_msgs/local/lib/python3.10/dist-packages/taflab_msgs'...
[3.171s] Listing '/home/boat/Desktop/TAFLAB_boatpi_roshumble/src/install/taflab_msgs/local/lib/python3.10/dist-packages/taflab_msgs/msg'...
[3.200s] -- Up-to-date: /home/boat/Desktop/TAFLAB_boatpi_roshumble/src/install/taflab_msgs/local/lib/python3.10/dist-packages/taflab_msgs/taflab_msgs_s__rosidl_typesupport_fastrtps_c.cpython-310-aarch64-linux-gnu.so
[3.202s] -- Up-to-date: /home/boat/Desktop/TAFLAB_boatpi_roshumble/src/install/taflab_msgs/local/lib/python3.10/dist-packages/taflab_msgs/taflab_msgs_s__rosidl_typesupport_introspection_c.cpython-310-aarch64-linux-gnu.so
[3.206s] -- Up-to-date: /home/boat/Desktop/TAFLAB_boatpi_roshumble/src/install/taflab_msgs/local/lib/python3.10/dist-packages/taflab_msgs/taflab_msgs_s__rosidl_typesupport_c.cpython-310-aarch64-linux-gnu.so
[3.209s] -- Up-to-date: /home/boat/Desktop/TAFLAB_boatpi_roshumble/src/install/taflab_msgs/lib/libtaflab_msgs__rosidl_generator_py.so
[3.212s] -- Up-to-date: /home/boat/Desktop/TAFLAB_boatpi_roshumble/src/install/taflab_msgs/share/taflab_msgs/msg/ControlData.idl
[3.214s] -- Up-to-date: /home/boat/Desktop/TAFLAB_boatpi_roshumble/src/install/taflab_msgs/share/taflab_msgs/msg/CalibrationData.idl
[3.217s] -- Up-to-date: /home/boat/Desktop/TAFLAB_boatpi_roshumble/src/install/taflab_msgs/share/taflab_msgs/msg/ControlData.msg
[3.219s] -- Up-to-date: /home/boat/Desktop/TAFLAB_boatpi_roshumble/src/install/taflab_msgs/share/taflab_msgs/msg/CalibrationData.msg
[3.222s] -- Up-to-date: /home/boat/Desktop/TAFLAB_boatpi_roshumble/src/install/taflab_msgs/share/ament_index/resource_index/package_run_dependencies/taflab_msgs
[3.224s] -- Up-to-date: /home/boat/Desktop/TAFLAB_boatpi_roshumble/src/install/taflab_msgs/share/ament_index/resource_index/parent_prefix_path/taflab_msgs
[3.227s] -- Up-to-date: /home/boat/Desktop/TAFLAB_boatpi_roshumble/src/install/taflab_msgs/share/taflab_msgs/environment/ament_prefix_path.sh
[3.229s] -- Up-to-date: /home/boat/Desktop/TAFLAB_boatpi_roshumble/src/install/taflab_msgs/share/taflab_msgs/environment/ament_prefix_path.dsv
[3.232s] -- Up-to-date: /home/boat/Desktop/TAFLAB_boatpi_roshumble/src/install/taflab_msgs/share/taflab_msgs/environment/path.sh
[3.234s] -- Up-to-date: /home/boat/Desktop/TAFLAB_boatpi_roshumble/src/install/taflab_msgs/share/taflab_msgs/environment/path.dsv
[3.237s] -- Up-to-date: /home/boat/Desktop/TAFLAB_boatpi_roshumble/src/install/taflab_msgs/share/taflab_msgs/local_setup.bash
[3.239s] -- Up-to-date: /home/boat/Desktop/TAFLAB_boatpi_roshumble/src/install/taflab_msgs/share/taflab_msgs/local_setup.sh
[3.241s] -- Up-to-date: /home/boat/Desktop/TAFLAB_boatpi_roshumble/src/install/taflab_msgs/share/taflab_msgs/local_setup.zsh
[3.244s] -- Up-to-date: /home/boat/Desktop/TAFLAB_boatpi_roshumble/src/install/taflab_msgs/share/taflab_msgs/local_setup.dsv
[3.247s] -- Installing: /home/boat/Desktop/TAFLAB_boatpi_roshumble/src/install/taflab_msgs/share/taflab_msgs/package.dsv
[3.254s] -- Up-to-date: /home/boat/Desktop/TAFLAB_boatpi_roshumble/src/install/taflab_msgs/share/ament_index/resource_index/packages/taflab_msgs
[3.256s] -- Up-to-date: /home/boat/Desktop/TAFLAB_boatpi_roshumble/src/install/taflab_msgs/share/taflab_msgs/cmake/export_taflab_msgs__rosidl_generator_cExport.cmake
[3.257s] -- Up-to-date: /home/boat/Desktop/TAFLAB_boatpi_roshumble/src/install/taflab_msgs/share/taflab_msgs/cmake/export_taflab_msgs__rosidl_generator_cExport-noconfig.cmake
[3.257s] -- Up-to-date: /home/boat/Desktop/TAFLAB_boatpi_roshumble/src/install/taflab_msgs/share/taflab_msgs/cmake/export_taflab_msgs__rosidl_typesupport_fastrtps_cExport.cmake
[3.258s] -- Up-to-date: /home/boat/Desktop/TAFLAB_boatpi_roshumble/src/install/taflab_msgs/share/taflab_msgs/cmake/export_taflab_msgs__rosidl_typesupport_fastrtps_cExport-noconfig.cmake
[3.258s] -- Up-to-date: /home/boat/Desktop/TAFLAB_boatpi_roshumble/src/install/taflab_msgs/share/taflab_msgs/cmake/export_taflab_msgs__rosidl_generator_cppExport.cmake
[3.259s] -- Up-to-date: /home/boat/Desktop/TAFLAB_boatpi_roshumble/src/install/taflab_msgs/share/taflab_msgs/cmake/export_taflab_msgs__rosidl_typesupport_fastrtps_cppExport.cmake
[3.260s] -- Up-to-date: /home/boat/Desktop/TAFLAB_boatpi_roshumble/src/install/taflab_msgs/share/taflab_msgs/cmake/export_taflab_msgs__rosidl_typesupport_fastrtps_cppExport-noconfig.cmake
[3.260s] -- Up-to-date: /home/boat/Desktop/TAFLAB_boatpi_roshumble/src/install/taflab_msgs/share/taflab_msgs/cmake/taflab_msgs__rosidl_typesupport_introspection_cExport.cmake
[3.261s] -- Up-to-date: /home/boat/Desktop/TAFLAB_boatpi_roshumble/src/install/taflab_msgs/share/taflab_msgs/cmake/taflab_msgs__rosidl_typesupport_introspection_cExport-noconfig.cmake
[3.262s] -- Up-to-date: /home/boat/Desktop/TAFLAB_boatpi_roshumble/src/install/taflab_msgs/share/taflab_msgs/cmake/taflab_msgs__rosidl_typesupport_cExport.cmake
[3.262s] -- Up-to-date: /home/boat/Desktop/TAFLAB_boatpi_roshumble/src/install/taflab_msgs/share/taflab_msgs/cmake/taflab_msgs__rosidl_typesupport_cExport-noconfig.cmake
[3.267s] -- Up-to-date: /home/boat/Desktop/TAFLAB_boatpi_roshumble/src/install/taflab_msgs/share/taflab_msgs/cmake/taflab_msgs__rosidl_typesupport_introspection_cppExport.cmake
[3.269s] -- Up-to-date: /home/boat/Desktop/TAFLAB_boatpi_roshumble/src/install/taflab_msgs/share/taflab_msgs/cmake/taflab_msgs__rosidl_typesupport_introspection_cppExport-noconfig.cmake
[3.270s] -- Up-to-date: /home/boat/Desktop/TAFLAB_boatpi_roshumble/src/install/taflab_msgs/share/taflab_msgs/cmake/taflab_msgs__rosidl_typesupport_cppExport.cmake
[3.274s] -- Up-to-date: /home/boat/Desktop/TAFLAB_boatpi_roshumble/src/install/taflab_msgs/share/taflab_msgs/cmake/taflab_msgs__rosidl_typesupport_cppExport-noconfig.cmake
[3.275s] -- Up-to-date: /home/boat/Desktop/TAFLAB_boatpi_roshumble/src/install/taflab_msgs/share/taflab_msgs/cmake/export_taflab_msgs__rosidl_generator_pyExport.cmake
[3.275s] -- Up-to-date: /home/boat/Desktop/TAFLAB_boatpi_roshumble/src/install/taflab_msgs/share/taflab_msgs/cmake/export_taflab_msgs__rosidl_generator_pyExport-noconfig.cmake
[3.276s] -- Up-to-date: /home/boat/Desktop/TAFLAB_boatpi_roshumble/src/install/taflab_msgs/share/taflab_msgs/cmake/rosidl_cmake-extras.cmake
[3.276s] -- Up-to-date: /home/boat/Desktop/TAFLAB_boatpi_roshumble/src/install/taflab_msgs/share/taflab_msgs/cmake/ament_cmake_export_include_directories-extras.cmake
[3.278s] -- Up-to-date: /home/boat/Desktop/TAFLAB_boatpi_roshumble/src/install/taflab_msgs/share/taflab_msgs/cmake/ament_cmake_export_libraries-extras.cmake
[3.279s] -- Up-to-date: /home/boat/Desktop/TAFLAB_boatpi_roshumble/src/install/taflab_msgs/share/taflab_msgs/cmake/ament_cmake_export_targets-extras.cmake
[3.280s] -- Up-to-date: /home/boat/Desktop/TAFLAB_boatpi_roshumble/src/install/taflab_msgs/share/taflab_msgs/cmake/rosidl_cmake_export_typesupport_targets-extras.cmake
[3.280s] -- Up-to-date: /home/boat/Desktop/TAFLAB_boatpi_roshumble/src/install/taflab_msgs/share/taflab_msgs/cmake/ament_cmake_export_dependencies-extras.cmake
[3.285s] -- Up-to-date: /home/boat/Desktop/TAFLAB_boatpi_roshumble/src/install/taflab_msgs/share/taflab_msgs/cmake/rosidl_cmake_export_typesupport_libraries-extras.cmake
[3.290s] -- Up-to-date: /home/boat/Desktop/TAFLAB_boatpi_roshumble/src/install/taflab_msgs/share/taflab_msgs/cmake/taflab_msgsConfig.cmake
[3.290s] -- Up-to-date: /home/boat/Desktop/TAFLAB_boatpi_roshumble/src/install/taflab_msgs/share/taflab_msgs/cmake/taflab_msgsConfig-version.cmake
[3.291s] -- Up-to-date: /home/boat/Desktop/TAFLAB_boatpi_roshumble/src/install/taflab_msgs/share/taflab_msgs/package.xml
[3.292s] Invoked command in '/home/boat/Desktop/TAFLAB_boatpi_roshumble/src/build/taflab_msgs' returned '0': CMAKE_PREFIX_PATH=${CMAKE_PREFIX_PATH}:/home/boat/Desktop/TAFLAB_boatpi_roshumble/src/install/xbee_node:/home/boat/Desktop/TAFLAB_boatpi_roshumble/src/install/boat_logic:/home/boat/Desktop/TAFLAB_boatpi_roshumble/src/install/boat_launch:/home/boat/Desktop/TAFLAB_boatpi_roshumble/src/install/lis3mdl_mag:/home/boat/Desktop/TAFLAB_boatpi_roshumble/src/install/gps_gt_u7:/home/boat/Desktop/TAFLAB_boatpi_roshumble/src/install/control_py:/home/boat/Desktop/TAFLAB_boatpi_roshumble/src/install/as5600_sensor:/opt/ros/humble /usr/bin/cmake --install /home/boat/Desktop/TAFLAB_boatpi_roshumble/src/build/taflab_msgs
