[0.070s] Invoking command in '/home/boat/Desktop/src/boat_control_system_final/build/boat_control_system_final': CMAKE_PREFIX_PATH=/opt/ros/humble /usr/bin/cmake --build /home/boat/Desktop/src/boat_control_system_final/build/boat_control_system_final -- -j4 -l4
[0.380s] [ 25%] Built target RudderControlHelper
[0.384s] [ 37%] Built target WaypointQueue
[0.388s] [ 37%] Built target CoordinateCalculations
[0.528s] [ 50%] Built target WaypointQueueNodeExec
[0.546s] [ 56%] [32mBuilding CXX object CMakeFiles/RudderServoControlNodeLib.dir/src/RudderServoControlNode.cpp.o[0m
[0.569s] [ 68%] Built target CoordinateCalculationsNodeLib
[0.709s] [ 81%] Built target CoordinateCalculationsNodeExec
[13.004s] [01m[K/home/boat/Desktop/src/boat_control_system_final/src/RudderServoControlNode.cpp:[m[K In member function ‘[01m[Kvoid RudderServoControlNode::turnBoat(sensor_msgs::msg::NavSatFix)[m[K’:
[13.005s] [01m[K/home/boat/Desktop/src/boat_control_system_final/src/RudderServoControlNode.cpp:130:48:[m[K [01;31m[Kerror: [m[K‘[01m[KRudderControlHelper[m[K’ has not been declared
[13.006s]   130 |         std::tie(turn_direction, turn_angle) = [01;31m[KRudderControlHelper[m[K::getInstance().calculate_directional_bearing(target_position);
[13.006s]       |                                                [01;31m[K^~~~~~~~~~~~~~~~~~~[m[K
[13.007s] [01m[K/home/boat/Desktop/src/boat_control_system_final/src/RudderServoControlNode.cpp:132:39:[m[K [01;31m[Kerror: [m[K‘[01m[KRudderControlHelper[m[K’ has not been declared
[13.008s]   132 |         float desired_angle_heading = [01;31m[KRudderControlHelper[m[K::getInstance().calculate_bearing(get_curr_pos(),target_position);
[13.008s]       |                                       [01;31m[K^~~~~~~~~~~~~~~~~~~[m[K
[13.011s] [01m[K/home/boat/Desktop/src/boat_control_system_final/src/RudderServoControlNode.cpp:[m[K In member function ‘[01m[Kvoid RudderServoControlNode::executeWaypoints()[m[K’:
[13.014s] [01m[K/home/boat/Desktop/src/boat_control_system_final/src/RudderServoControlNode.cpp:177:17:[m[K [01;31m[Kerror: [m[K‘[01m[KRudderControlHelper[m[K’ has not been declared
[13.021s]   177 |             if ([01;31m[KRudderControlHelper[m[K::getInstance().calculate_distance(curr_position, latest_waypoint_data_) <= 0.05)
[13.024s]       |                 [01;31m[K^~~~~~~~~~~~~~~~~~~[m[K
[13.025s] [01m[K/home/boat/Desktop/src/boat_control_system_final/src/RudderServoControlNode.cpp:194:20:[m[K [01;31m[Kerror: [m[K‘[01m[KRudderControlHelper[m[K’ has not been declared
[13.025s]   194 |             while ([01;31m[KRudderControlHelper[m[K::getInstance().calculate_distance(get_curr_pos(), next_waypoint) > 0.05)
[13.026s]       |                    [01;31m[K^~~~~~~~~~~~~~~~~~~[m[K
[30.360s] gmake[2]: *** [CMakeFiles/RudderServoControlNodeLib.dir/build.make:76: CMakeFiles/RudderServoControlNodeLib.dir/src/RudderServoControlNode.cpp.o] Error 1
[30.362s] gmake[1]: *** [CMakeFiles/Makefile2:257: CMakeFiles/RudderServoControlNodeLib.dir/all] Error 2
[30.364s] gmake: *** [Makefile:146: all] Error 2
[30.371s] Invoked command in '/home/boat/Desktop/src/boat_control_system_final/build/boat_control_system_final' returned '2': CMAKE_PREFIX_PATH=/opt/ros/humble /usr/bin/cmake --build /home/boat/Desktop/src/boat_control_system_final/build/boat_control_system_final -- -j4 -l4
