[0.068s] Invoking command in '/home/boat/Desktop/src/boat_control_system_final/build/boat_control_system_final': CMAKE_PREFIX_PATH=/opt/ros/humble /usr/bin/cmake --build /home/boat/Desktop/src/boat_control_system_final/build/boat_control_system_final -- -j4 -l4
[0.336s] [ 16%] Built target WaypointQueue
[0.344s] [ 33%] Built target CoordinateCalculations
[0.414s] [35m[1mConsolidate compiler generated dependencies of target RudderServoControlNode[0m
[0.480s] [ 50%] Built target CoordinateCalculationsNodeLib
[0.486s] [ 66%] Built target WaypointQueueNode
[0.540s] [ 75%] [32mBuilding CXX object CMakeFiles/RudderServoControlNode.dir/src/RudderServoControlNode.cpp.o[0m
[0.624s] [ 91%] Built target CoordinateCalculationsNodeExec
[13.015s] In file included from [01m[K/opt/ros/humble/include/rclcpp/rclcpp/logging.hpp:24[m[K,
[13.016s]                  from [01m[K/opt/ros/humble/include/rclcpp/rclcpp/client.hpp:40[m[K,
[13.016s]                  from [01m[K/opt/ros/humble/include/rclcpp/rclcpp/callback_group.hpp:24[m[K,
[13.017s]                  from [01m[K/opt/ros/humble/include/rclcpp/rclcpp/any_executable.hpp:20[m[K,
[13.017s]                  from [01m[K/opt/ros/humble/include/rclcpp/rclcpp/memory_strategy.hpp:25[m[K,
[13.018s]                  from [01m[K/opt/ros/humble/include/rclcpp/rclcpp/memory_strategies.hpp:18[m[K,
[13.018s]                  from [01m[K/opt/ros/humble/include/rclcpp/rclcpp/executor_options.hpp:20[m[K,
[13.019s]                  from [01m[K/opt/ros/humble/include/rclcpp/rclcpp/executor.hpp:37[m[K,
[13.019s]                  from [01m[K/opt/ros/humble/include/rclcpp/rclcpp/executors/multi_threaded_executor.hpp:25[m[K,
[13.020s]                  from [01m[K/opt/ros/humble/include/rclcpp/rclcpp/executors.hpp:21[m[K,
[13.020s]                  from [01m[K/opt/ros/humble/include/rclcpp/rclcpp/rclcpp.hpp:155[m[K,
[13.020s]                  from [01m[K/home/boat/Desktop/src/boat_control_system_final/include/boat_control_system_final/RudderServoControlNode.hpp:9[m[K,
[13.021s]                  from [01m[K/home/boat/Desktop/src/boat_control_system_final/src/RudderServoControlNode.cpp:16[m[K:
[13.021s] [01m[K/home/boat/Desktop/src/boat_control_system_final/src/RudderServoControlNode.cpp:[m[K In member function ‘[01m[Kvoid RudderServoControlNode::turnBoat(sensor_msgs::msg::NavSatFix)[m[K’:
[13.022s] [01m[K/home/boat/Desktop/src/boat_control_system_final/src/RudderServoControlNode.cpp:125:45:[m[K [01;35m[Kwarning: [m[Kformat ‘[01m[K%f[m[K’ expects argument of type ‘[01m[Kdouble[m[K’, but argument 6 has type ‘[01m[Kstd::string[m[K’ {aka ‘[01m[Kstd::__cxx11::basic_string<char>[m[K’} [[01;35m[K]8;;https://gcc.gnu.org/onlinedocs/gcc/Warning-Options.html#index-Wformat=-Wformat=]8;;[m[K]
[13.023s]   125 |             RCLCPP_WARN(this->get_logger(), [01;35m[K"Correcting for significant drift: Current heading %.2f, Desired heading %.2f"[m[K, current_heading, turn_direction);
[13.023s]       |                                             [01;35m[K^~~~~~~~~~~~~~~~~~~~~~~~~~~~~~~~~~~~~~~~~~~~~~~~~~~~~~~~~~~~~~~~~~~~~~~~~~~~~~[m[K
[13.024s] [01m[K/home/boat/Desktop/src/boat_control_system_final/src/RudderServoControlNode.cpp:125:121:[m[K [01;36m[Knote: [m[Kformat string is defined here
[13.024s]   125 |             RCLCPP_WARN(this->get_logger(), "Correcting for significant drift: Current heading %.2f, Desired heading [01;36m[K%.2f[m[K", current_heading, turn_direction);
[13.024s]       |                                                                                                                      [01;36m[K~~~^[m[K
[13.025s]       |                                                                                                                         [01;36m[K|[m[K
[13.025s]       |                                                                                                                         [01;36m[Kdouble[m[K
[61.248s] [100%] [32m[1mLinking CXX executable RudderServoControlNode[0m
[64.265s] /usr/bin/ld: CMakeFiles/RudderServoControlNode.dir/src/RudderServoControlNode.cpp.o: in function `RudderServoControlNode::RudderServoControlNode()':
[64.266s] RudderServoControlNode.cpp:(.text+0x2a4): undefined reference to `RudderServoControlNode::executingStateCallback(std::shared_ptr<std_msgs::msg::Bool_<std::allocator<void> > >)'
[64.267s] /usr/bin/ld: RudderServoControlNode.cpp:(.text+0x2a8): undefined reference to `RudderServoControlNode::executingStateCallback(std::shared_ptr<std_msgs::msg::Bool_<std::allocator<void> > >)'
[64.272s] /usr/bin/ld: CMakeFiles/RudderServoControlNode.dir/src/RudderServoControlNode.cpp.o: in function `RudderServoControlNode::turnBoat(sensor_msgs::msg::NavSatFix_<std::allocator<void> >)':
[64.273s] RudderServoControlNode.cpp:(.text+0x12fc): undefined reference to `RudderServoControlNode::getCurrentHeading()'
[64.277s] /usr/bin/ld: CMakeFiles/RudderServoControlNode.dir/src/RudderServoControlNode.cpp.o: in function `RudderServoControlNode::executeWaypoints()':
[64.278s] RudderServoControlNode.cpp:(.text+0x1594): undefined reference to `RudderServoControlNode::getCurrCoordinate()'
[64.280s] /usr/bin/ld: RudderServoControlNode.cpp:(.text+0x15b0): undefined reference to `RudderServoControlNode::calculateDistance(sensor_msgs::msg::NavSatFix_<std::allocator<void> > const&, sensor_msgs::msg::NavSatFix_<std::allocator<void> > const&)'
[64.283s] /usr/bin/ld: RudderServoControlNode.cpp:(.text+0x15d8): undefined reference to `RudderServoControlNode::getAvgAngle()'
[64.285s] /usr/bin/ld: RudderServoControlNode.cpp:(.text+0x1684): undefined reference to `RudderServoControlNode::getCurrCoordinate()'
[64.287s] /usr/bin/ld: RudderServoControlNode.cpp:(.text+0x169c): undefined reference to `RudderServoControlNode::calculateDistance(sensor_msgs::msg::NavSatFix_<std::allocator<void> > const&, sensor_msgs::msg::NavSatFix_<std::allocator<void> > const&)'
[64.520s] /usr/bin/ld: libCoordinateCalculations.a(Coordinate_Calculations.cpp.o): in function `CoordinateCalculations::calculate_directional_bearing[abi:cxx11](sensor_msgs::msg::NavSatFix_<std::allocator<void> >)':
[64.521s] Coordinate_Calculations.cpp:(.text+0x528): undefined reference to `CoordinateCalculationsNode::CoordinateCalculationsNode()'
[64.521s] /usr/bin/ld: Coordinate_Calculations.cpp:(.text+0x530): undefined reference to `CoordinateCalculationsNode::get_magnetometer_heading()'
[64.522s] /usr/bin/ld: Coordinate_Calculations.cpp:(.text+0x544): undefined reference to `CoordinateCalculationsNode::get_curr_pos()'
[64.522s] /usr/bin/ld: libCoordinateCalculations.a(Coordinate_Calculations.cpp.o): in function `CoordinateCalculations::calculate_angle_to_wind()':
[64.523s] Coordinate_Calculations.cpp:(.text+0x71c): undefined reference to `CoordinateCalculationsNode::CoordinateCalculationsNode()'
[64.523s] /usr/bin/ld: Coordinate_Calculations.cpp:(.text+0x724): undefined reference to `CoordinateCalculationsNode::get_wind_angle()'
[64.523s] /usr/bin/ld: Coordinate_Calculations.cpp:(.text+0x730): undefined reference to `CoordinateCalculationsNode::get_magnetometer_heading()'
[64.524s] /usr/bin/ld: libCoordinateCalculations.a(Coordinate_Calculations.cpp.o): in function `CoordinateCalculations::plan_path(sensor_msgs::msg::NavSatFix_<std::allocator<void> > const&, sensor_msgs::msg::NavSatFix_<std::allocator<void> > const&)':
[64.524s] Coordinate_Calculations.cpp:(.text+0x80c): undefined reference to `CoordinateCalculationsNode::CoordinateCalculationsNode()'
[64.524s] /usr/bin/ld: Coordinate_Calculations.cpp:(.text+0x860): undefined reference to `CoordinateCalculationsNode::get_wind_angle()'
[64.697s] collect2: error: ld returned 1 exit status
[64.703s] gmake[2]: *** [CMakeFiles/RudderServoControlNode.dir/build.make:177: RudderServoControlNode] Error 1
[64.706s] gmake[1]: *** [CMakeFiles/Makefile2:281: CMakeFiles/RudderServoControlNode.dir/all] Error 2
[64.707s] gmake: *** [Makefile:146: all] Error 2
[64.715s] Invoked command in '/home/boat/Desktop/src/boat_control_system_final/build/boat_control_system_final' returned '2': CMAKE_PREFIX_PATH=/opt/ros/humble /usr/bin/cmake --build /home/boat/Desktop/src/boat_control_system_final/build/boat_control_system_final -- -j4 -l4
