[0.067s] Invoking command in '/home/boat/Desktop/src/boat_control_system_final/build/boat_control_system_final': CMAKE_PREFIX_PATH=/opt/ros/humble /usr/bin/cmake --build /home/boat/Desktop/src/boat_control_system_final/build/boat_control_system_final -- -j4 -l4
[0.376s] [ 10%] Built target WaypointQueue
[0.381s] [ 20%] Built target CoordinateCalculations
[0.387s] [ 30%] Built target RudderControlHelper
[0.390s] [ 40%] Built target SailServoControlNodeLib
[0.514s] [ 50%] Built target CoordinateCalculationsNodeLib
[0.534s] [ 65%] Built target waypoint_queue_node_exec
[0.541s] [ 70%] Built target RudderServoControlNodeLib
[0.545s] [ 80%] Built target sail_servo_control_exec
[0.646s] [ 90%] Built target coordinate_calculations_node_exec
[0.675s] [100%] Built target rudder_servo_control_exec
[0.725s] Invoked command in '/home/boat/Desktop/src/boat_control_system_final/build/boat_control_system_final' returned '0': CMAKE_PREFIX_PATH=/opt/ros/humble /usr/bin/cmake --build /home/boat/Desktop/src/boat_control_system_final/build/boat_control_system_final -- -j4 -l4
[1.044s] Invoking command in '/home/boat/Desktop/src/boat_control_system_final/build/boat_control_system_final': CMAKE_PREFIX_PATH=/opt/ros/humble /usr/bin/cmake --install /home/boat/Desktop/src/boat_control_system_final/build/boat_control_system_final
[1.075s] -- Install configuration: ""
[1.077s] -- Up-to-date: /home/boat/Desktop/src/boat_control_system_final/install/boat_control_system_final/lib/boat_control_system_final/waypoint_queue_node_exec
[1.080s] -- Up-to-date: /home/boat/Desktop/src/boat_control_system_final/install/boat_control_system_final/lib/boat_control_system_final/coordinate_calculations_node_exec
[1.083s] -- Up-to-date: /home/boat/Desktop/src/boat_control_system_final/install/boat_control_system_final/lib/boat_control_system_final/rudder_servo_control_exec
[1.086s] -- Up-to-date: /home/boat/Desktop/src/boat_control_system_final/install/boat_control_system_final/lib/boat_control_system_final/sail_servo_control_exec
[1.090s] -- Up-to-date: /home/boat/Desktop/src/boat_control_system_final/install/boat_control_system_final/include/boat_control_system_final
[1.092s] -- Up-to-date: /home/boat/Desktop/src/boat_control_system_final/install/boat_control_system_final/include/boat_control_system_final/RudderServoControlNode.hpp
[1.093s] -- Up-to-date: /home/boat/Desktop/src/boat_control_system_final/install/boat_control_system_final/include/boat_control_system_final/WaypointQueueNode.hpp
[1.094s] -- Up-to-date: /home/boat/Desktop/src/boat_control_system_final/install/boat_control_system_final/include/boat_control_system_final/WaypointQueue.hpp
[1.096s] -- Up-to-date: /home/boat/Desktop/src/boat_control_system_final/install/boat_control_system_final/include/boat_control_system_final/Coordinate_Calculations.h
[1.097s] -- Up-to-date: /home/boat/Desktop/src/boat_control_system_final/install/boat_control_system_final/include/boat_control_system_final/SailServoControlNode.hpp
[1.098s] -- Up-to-date: /home/boat/Desktop/src/boat_control_system_final/install/boat_control_system_final/include/boat_control_system_final/CoordinateCalculationsNode.hpp
[1.099s] -- Up-to-date: /home/boat/Desktop/src/boat_control_system_final/install/boat_control_system_final/include/boat_control_system_final/RudderControlHelper.hpp
[1.099s] -- Up-to-date: /home/boat/Desktop/src/boat_control_system_final/install/boat_control_system_final/share/ament_index/resource_index/package_run_dependencies/boat_control_system_final
[1.100s] -- Up-to-date: /home/boat/Desktop/src/boat_control_system_final/install/boat_control_system_final/share/ament_index/resource_index/parent_prefix_path/boat_control_system_final
[1.100s] -- Up-to-date: /home/boat/Desktop/src/boat_control_system_final/install/boat_control_system_final/share/boat_control_system_final/environment/ament_prefix_path.sh
[1.101s] -- Up-to-date: /home/boat/Desktop/src/boat_control_system_final/install/boat_control_system_final/share/boat_control_system_final/environment/ament_prefix_path.dsv
[1.101s] -- Up-to-date: /home/boat/Desktop/src/boat_control_system_final/install/boat_control_system_final/share/boat_control_system_final/environment/path.sh
[1.102s] -- Up-to-date: /home/boat/Desktop/src/boat_control_system_final/install/boat_control_system_final/share/boat_control_system_final/environment/path.dsv
[1.102s] -- Up-to-date: /home/boat/Desktop/src/boat_control_system_final/install/boat_control_system_final/share/boat_control_system_final/local_setup.bash
[1.103s] -- Up-to-date: /home/boat/Desktop/src/boat_control_system_final/install/boat_control_system_final/share/boat_control_system_final/local_setup.sh
[1.103s] -- Up-to-date: /home/boat/Desktop/src/boat_control_system_final/install/boat_control_system_final/share/boat_control_system_final/local_setup.zsh
[1.104s] -- Up-to-date: /home/boat/Desktop/src/boat_control_system_final/install/boat_control_system_final/share/boat_control_system_final/local_setup.dsv
[1.104s] -- Installing: /home/boat/Desktop/src/boat_control_system_final/install/boat_control_system_final/share/boat_control_system_final/package.dsv
[1.106s] -- Up-to-date: /home/boat/Desktop/src/boat_control_system_final/install/boat_control_system_final/share/ament_index/resource_index/packages/boat_control_system_final
[1.106s] -- Up-to-date: /home/boat/Desktop/src/boat_control_system_final/install/boat_control_system_final/share/boat_control_system_final/cmake/boat_control_system_finalConfig.cmake
[1.107s] -- Up-to-date: /home/boat/Desktop/src/boat_control_system_final/install/boat_control_system_final/share/boat_control_system_final/cmake/boat_control_system_finalConfig-version.cmake
[1.108s] -- Up-to-date: /home/boat/Desktop/src/boat_control_system_final/install/boat_control_system_final/share/boat_control_system_final/package.xml
[1.111s] Invoked command in '/home/boat/Desktop/src/boat_control_system_final/build/boat_control_system_final' returned '0': CMAKE_PREFIX_PATH=/opt/ros/humble /usr/bin/cmake --install /home/boat/Desktop/src/boat_control_system_final/build/boat_control_system_final
