[0.083s] Invoking command in '/home/boat/Desktop/src/boat_control_system_final/build/boat_control_system_final': CMAKE_PREFIX_PATH=/opt/ros/humble /usr/bin/cmake --build /home/boat/Desktop/src/boat_control_system_final/build/boat_control_system_final -- -j4 -l4
[0.220s] -- Found ament_cmake: 1.3.10 (/opt/ros/humble/share/ament_cmake/cmake)
[0.911s] -- Found rclcpp: 16.0.10 (/opt/ros/humble/share/rclcpp/cmake)
[1.123s] -- Found rosidl_generator_c: 3.1.5 (/opt/ros/humble/share/rosidl_generator_c/cmake)
[1.137s] -- Found rosidl_adapter: 3.1.5 (/opt/ros/humble/share/rosidl_adapter/cmake)
[1.166s] -- Found rosidl_generator_cpp: 3.1.5 (/opt/ros/humble/share/rosidl_generator_cpp/cmake)
[1.211s] -- Using all available rosidl_typesupport_c: rosidl_typesupport_fastrtps_c;rosidl_typesupport_introspection_c
[1.269s] -- Using all available rosidl_typesupport_cpp: rosidl_typesupport_fastrtps_cpp;rosidl_typesupport_introspection_cpp
[1.422s] -- Found rmw_implementation_cmake: 6.1.2 (/opt/ros/humble/share/rmw_implementation_cmake/cmake)
[1.428s] -- Found rmw_fastrtps_cpp: 6.2.7 (/opt/ros/humble/share/rmw_fastrtps_cpp/cmake)
[2.525s] -- Using RMW implementation 'rmw_fastrtps_cpp' as default
[2.751s] -- Found sensor_msgs: 4.2.4 (/opt/ros/humble/share/sensor_msgs/cmake)
[2.912s] -- Found ament_lint_auto: 0.12.11 (/opt/ros/humble/share/ament_lint_auto/cmake)
[4.583s] -- Added test 'cppcheck' to perform static code analysis on C / C++ code
[4.586s] -- Configured cppcheck include dirs: /home/boat/Desktop/src/boat_control_system_final/include/boat_control_system_final
[4.586s] -- Configured cppcheck exclude dirs and/or files: 
[4.748s] -- Added test 'flake8' to check Python code syntax and style conventions
[5.077s] -- Added test 'lint_cmake' to check CMake code style
[5.240s] -- Added test 'pep257' to check Python code against some of the docstring style conventions in PEP 257
[6.537s] -- Added test 'uncrustify' to check C / C++ code style
[6.538s] -- Configured uncrustify additional arguments: 
[6.700s] -- Added test 'xmllint' to check XML markup files
[6.706s] -- Configuring done
[6.935s] -- Generating done
[6.956s] -- Build files have been written to: /home/boat/Desktop/src/boat_control_system_final/build/boat_control_system_final
[7.102s] [35m[1mConsolidate compiler generated dependencies of target CoordinateCalculations[0m
[7.118s] [35m[1mConsolidate compiler generated dependencies of target RudderControlHelper[0m
[7.135s] [35m[1mConsolidate compiler generated dependencies of target SailServoControlNodeLib[0m
[7.169s] [35m[1mConsolidate compiler generated dependencies of target WaypointQueue[0m
[7.317s] [ 10%] Built target RudderControlHelper
[7.387s] [ 20%] Built target WaypointQueue
[7.394s] [ 30%] Built target CoordinateCalculations
[7.397s] [ 40%] Built target SailServoControlNodeLib
[7.472s] [35m[1mConsolidate compiler generated dependencies of target RudderServoControlNodeLib[0m
[7.485s] [35m[1mConsolidate compiler generated dependencies of target CoordinateCalculationsNodeLib[0m
[7.629s] [ 45%] [32mBuilding CXX object CMakeFiles/waypoint_queue_node.dir/src/WaypointQueueNode.cpp.o[0m
[7.665s] [ 50%] [32mBuilding CXX object CMakeFiles/CoordinateCalculationsNodeLib.dir/src/CoordinateCalculationsNode.cpp.o[0m
[7.694s] [ 55%] [32mBuilding CXX object CMakeFiles/RudderServoControlNodeLib.dir/src/RudderServoControlNode.cpp.o[0m
[7.705s] [ 60%] [32mBuilding CXX object CMakeFiles/sail_servo_control_node.dir/src/SailServoControlNode.cpp.o[0m
