[0.619s] DEBUG:colcon:Command line arguments: ['/home/boat/.local/bin/colcon', 'build', '--packages-select', 'boat_control_system_final']
[0.620s] DEBUG:colcon:Parsed command line arguments: Namespace(log_base=None, log_level=None, verb_name='build', build_base='build', install_base='install', merge_install=False, symlink_install=False, test_result_base=None, continue_on_error=False, executor='parallel', parallel_workers=4, event_handlers=None, ignore_user_meta=False, metas=['./colcon.meta'], base_paths=['.'], packages_ignore=None, packages_ignore_regex=None, paths=None, packages_up_to=None, packages_up_to_regex=None, packages_above=None, packages_above_and_dependencies=None, packages_above_depth=None, packages_select_by_dep=None, packages_skip_by_dep=None, packages_skip_up_to=None, packages_select_build_failed=False, packages_skip_build_finished=False, packages_select_test_failures=False, packages_skip_test_passed=False, packages_select=['boat_control_system_final'], packages_skip=None, packages_select_regex=None, packages_skip_regex=None, packages_start=None, packages_end=None, cmake_args=None, cmake_target=None, cmake_target_skip_unavailable=False, cmake_clean_cache=False, cmake_clean_first=False, cmake_force_configure=False, ament_cmake_args=None, catkin_cmake_args=None, catkin_skip_building_tests=False, verb_parser=<colcon_defaults.argument_parser.defaults.DefaultArgumentsDecorator object at 0xffff8881d150>, verb_extension=<colcon_core.verb.build.BuildVerb object at 0xffff8881cc10>, main=<bound method BuildVerb.main of <colcon_core.verb.build.BuildVerb object at 0xffff8881cc10>>)
[1.644s] Level 1:colcon.colcon_core.package_discovery:discover_packages(colcon_meta) check parameters
[1.644s] Level 1:colcon.colcon_core.package_discovery:discover_packages(recursive) check parameters
[1.645s] Level 1:colcon.colcon_core.package_discovery:discover_packages(ignore) check parameters
[1.645s] Level 1:colcon.colcon_core.package_discovery:discover_packages(path) check parameters
[1.645s] Level 1:colcon.colcon_core.package_discovery:discover_packages(colcon_meta) discover
[1.645s] Level 1:colcon.colcon_core.package_discovery:discover_packages(recursive) discover
[1.646s] INFO:colcon.colcon_core.package_discovery:Crawling recursively for packages in '/home/boat/Desktop/src/boat_control_system_final'
[1.646s] Level 1:colcon.colcon_core.package_identification:_identify(.) by extensions ['ignore', 'ignore_ament_install']
[1.647s] Level 1:colcon.colcon_core.package_identification:_identify(.) by extension 'ignore'
[1.647s] Level 1:colcon.colcon_core.package_identification:_identify(.) by extension 'ignore_ament_install'
[1.648s] Level 1:colcon.colcon_core.package_identification:_identify(.) by extensions ['colcon_pkg']
[1.648s] Level 1:colcon.colcon_core.package_identification:_identify(.) by extension 'colcon_pkg'
[1.648s] Level 1:colcon.colcon_core.package_identification:_identify(.) by extensions ['colcon_meta']
[1.648s] Level 1:colcon.colcon_core.package_identification:_identify(.) by extension 'colcon_meta'
[1.649s] Level 1:colcon.colcon_core.package_identification:_identify(.) by extensions ['ros']
[1.649s] Level 1:colcon.colcon_core.package_identification:_identify(.) by extension 'ros'
[1.717s] DEBUG:colcon.colcon_core.package_identification:Package '.' with type 'ros.ament_cmake' and name 'boat_control_system_final'
[1.718s] Level 1:colcon.colcon_core.package_discovery:discover_packages(recursive) using defaults
[1.718s] Level 1:colcon.colcon_core.package_discovery:discover_packages(ignore) discover
[1.718s] Level 1:colcon.colcon_core.package_discovery:discover_packages(ignore) using defaults
[1.719s] Level 1:colcon.colcon_core.package_discovery:discover_packages(path) discover
[1.719s] Level 1:colcon.colcon_core.package_discovery:discover_packages(path) using defaults
[1.823s] Level 5:colcon.colcon_core.verb:set package 'boat_control_system_final' build argument 'cmake_args' from command line to 'None'
[1.824s] Level 5:colcon.colcon_core.verb:set package 'boat_control_system_final' build argument 'cmake_target' from command line to 'None'
[1.824s] Level 5:colcon.colcon_core.verb:set package 'boat_control_system_final' build argument 'cmake_target_skip_unavailable' from command line to 'False'
[1.824s] Level 5:colcon.colcon_core.verb:set package 'boat_control_system_final' build argument 'cmake_clean_cache' from command line to 'False'
[1.824s] Level 5:colcon.colcon_core.verb:set package 'boat_control_system_final' build argument 'cmake_clean_first' from command line to 'False'
[1.824s] Level 5:colcon.colcon_core.verb:set package 'boat_control_system_final' build argument 'cmake_force_configure' from command line to 'False'
[1.825s] Level 5:colcon.colcon_core.verb:set package 'boat_control_system_final' build argument 'ament_cmake_args' from command line to 'None'
[1.825s] Level 5:colcon.colcon_core.verb:set package 'boat_control_system_final' build argument 'catkin_cmake_args' from command line to 'None'
[1.825s] Level 5:colcon.colcon_core.verb:set package 'boat_control_system_final' build argument 'catkin_skip_building_tests' from command line to 'False'
[1.825s] DEBUG:colcon.colcon_core.verb:Building package 'boat_control_system_final' with the following arguments: {'ament_cmake_args': None, 'build_base': '/home/boat/Desktop/src/boat_control_system_final/build/boat_control_system_final', 'catkin_cmake_args': None, 'catkin_skip_building_tests': False, 'cmake_args': None, 'cmake_clean_cache': False, 'cmake_clean_first': False, 'cmake_force_configure': False, 'cmake_target': None, 'cmake_target_skip_unavailable': False, 'install_base': '/home/boat/Desktop/src/boat_control_system_final/install/boat_control_system_final', 'merge_install': False, 'path': '/home/boat/Desktop/src/boat_control_system_final', 'symlink_install': False, 'test_result_base': None}
[1.826s] INFO:colcon.colcon_core.executor:Executing jobs using 'parallel' executor
[1.830s] DEBUG:colcon.colcon_parallel_executor.executor.parallel:run_until_complete
[1.832s] INFO:colcon.colcon_ros.task.ament_cmake.build:Building ROS package in '/home/boat/Desktop/src/boat_control_system_final' with build type 'ament_cmake'
[1.832s] INFO:colcon.colcon_cmake.task.cmake.build:Building CMake package in '/home/boat/Desktop/src/boat_control_system_final'
[1.843s] INFO:colcon.colcon_core.plugin_system:Skipping extension 'colcon_core.shell.bat': Not used on non-Windows systems
[1.843s] INFO:colcon.colcon_core.shell:Skip shell extension 'powershell' for command environment: Not usable outside of PowerShell
[1.844s] DEBUG:colcon.colcon_core.shell:Skip shell extension 'dsv' for command environment
[1.903s] DEBUG:colcon.colcon_core.event_handler.log_command:Invoking command in '/home/boat/Desktop/src/boat_control_system_final/build/boat_control_system_final': CMAKE_PREFIX_PATH=/opt/ros/humble /usr/bin/cmake --build /home/boat/Desktop/src/boat_control_system_final/build/boat_control_system_final -- -j4 -l4
[50.827s] DEBUG:colcon.colcon_core.event_handler.log_command:Invoked command in '/home/boat/Desktop/src/boat_control_system_final/build/boat_control_system_final' returned '2': CMAKE_PREFIX_PATH=/opt/ros/humble /usr/bin/cmake --build /home/boat/Desktop/src/boat_control_system_final/build/boat_control_system_final -- -j4 -l4
[51.102s] Level 1:colcon.colcon_core.environment:create_environment_scripts_only(boat_control_system_final)
[51.120s] Level 1:colcon.colcon_core.environment:checking '/home/boat/Desktop/src/boat_control_system_final/install/boat_control_system_final' for CMake module files
[51.124s] Level 1:colcon.colcon_core.environment:checking '/home/boat/Desktop/src/boat_control_system_final/install/boat_control_system_final' for CMake config files
[51.127s] Level 1:colcon.colcon_core.shell:create_environment_hook('boat_control_system_final', 'cmake_prefix_path')
[51.129s] INFO:colcon.colcon_core.shell:Creating environment hook '/home/boat/Desktop/src/boat_control_system_final/install/boat_control_system_final/share/boat_control_system_final/hook/cmake_prefix_path.ps1'
[51.133s] INFO:colcon.colcon_core.shell:Creating environment descriptor '/home/boat/Desktop/src/boat_control_system_final/install/boat_control_system_final/share/boat_control_system_final/hook/cmake_prefix_path.dsv'
[51.136s] INFO:colcon.colcon_core.shell:Creating environment hook '/home/boat/Desktop/src/boat_control_system_final/install/boat_control_system_final/share/boat_control_system_final/hook/cmake_prefix_path.sh'
[51.142s] Level 1:colcon.colcon_core.environment:checking '/home/boat/Desktop/src/boat_control_system_final/install/boat_control_system_final/lib'
[51.143s] Level 1:colcon.colcon_core.environment:checking '/home/boat/Desktop/src/boat_control_system_final/install/boat_control_system_final/bin'
[51.144s] Level 1:colcon.colcon_core.environment:checking '/home/boat/Desktop/src/boat_control_system_final/install/boat_control_system_final/lib/pkgconfig/boat_control_system_final.pc'
[51.153s] Level 1:colcon.colcon_core.environment:checking '/home/boat/Desktop/src/boat_control_system_final/install/boat_control_system_final/lib/python3.10/site-packages'
[51.154s] Level 1:colcon.colcon_core.environment:checking '/home/boat/Desktop/src/boat_control_system_final/install/boat_control_system_final/bin'
[51.156s] INFO:colcon.colcon_core.shell:Creating package script '/home/boat/Desktop/src/boat_control_system_final/install/boat_control_system_final/share/boat_control_system_final/package.ps1'
[51.160s] INFO:colcon.colcon_core.shell:Creating package descriptor '/home/boat/Desktop/src/boat_control_system_final/install/boat_control_system_final/share/boat_control_system_final/package.dsv'
[51.165s] INFO:colcon.colcon_core.shell:Creating package script '/home/boat/Desktop/src/boat_control_system_final/install/boat_control_system_final/share/boat_control_system_final/package.sh'
[51.170s] INFO:colcon.colcon_core.shell:Creating package script '/home/boat/Desktop/src/boat_control_system_final/install/boat_control_system_final/share/boat_control_system_final/package.bash'
[51.175s] INFO:colcon.colcon_core.shell:Creating package script '/home/boat/Desktop/src/boat_control_system_final/install/boat_control_system_final/share/boat_control_system_final/package.zsh'
[51.180s] Level 1:colcon.colcon_core.environment:create_file_with_runtime_dependencies(/home/boat/Desktop/src/boat_control_system_final/install/boat_control_system_final/share/colcon-core/packages/boat_control_system_final)
[51.193s] DEBUG:colcon.colcon_parallel_executor.executor.parallel:closing loop
[51.194s] DEBUG:colcon.colcon_parallel_executor.executor.parallel:loop closed
[51.195s] DEBUG:colcon.colcon_parallel_executor.executor.parallel:run_until_complete finished with '2'
[51.195s] DEBUG:colcon.colcon_core.event_reactor:joining thread
[51.230s] INFO:colcon.colcon_core.plugin_system:Skipping extension 'colcon_notification.desktop_notification.terminal_notifier': Not used on non-Darwin systems
[51.230s] INFO:colcon.colcon_core.plugin_system:Skipping extension 'colcon_notification.desktop_notification.win32': Not used on non-Windows systems
[51.231s] INFO:colcon.colcon_notification.desktop_notification:Sending desktop notification using 'notify2'
[51.292s] DEBUG:colcon.colcon_core.event_reactor:joined thread
[51.294s] INFO:colcon.colcon_core.shell:Creating prefix script '/home/boat/Desktop/src/boat_control_system_final/install/local_setup.ps1'
[51.300s] INFO:colcon.colcon_core.shell:Creating prefix util module '/home/boat/Desktop/src/boat_control_system_final/install/_local_setup_util_ps1.py'
[51.311s] INFO:colcon.colcon_core.shell:Creating prefix chain script '/home/boat/Desktop/src/boat_control_system_final/install/setup.ps1'
[51.316s] INFO:colcon.colcon_core.shell:Creating prefix script '/home/boat/Desktop/src/boat_control_system_final/install/local_setup.sh'
[51.320s] INFO:colcon.colcon_core.shell:Creating prefix util module '/home/boat/Desktop/src/boat_control_system_final/install/_local_setup_util_sh.py'
[51.324s] INFO:colcon.colcon_core.shell:Creating prefix chain script '/home/boat/Desktop/src/boat_control_system_final/install/setup.sh'
[51.330s] INFO:colcon.colcon_core.shell:Creating prefix script '/home/boat/Desktop/src/boat_control_system_final/install/local_setup.bash'
[51.334s] INFO:colcon.colcon_core.shell:Creating prefix chain script '/home/boat/Desktop/src/boat_control_system_final/install/setup.bash'
[51.340s] INFO:colcon.colcon_core.shell:Creating prefix script '/home/boat/Desktop/src/boat_control_system_final/install/local_setup.zsh'
[51.344s] INFO:colcon.colcon_core.shell:Creating prefix chain script '/home/boat/Desktop/src/boat_control_system_final/install/setup.zsh'
