[0.415s] DEBUG:colcon:Command line arguments: ['/usr/bin/colcon', 'build', '--packages-select', 'boat_launch']
[0.415s] DEBUG:colcon:Parsed command line arguments: Namespace(log_base=None, log_level=None, verb_name='build', build_base='build', install_base='install', merge_install=False, symlink_install=False, test_result_base=None, continue_on_error=False, executor='parallel', parallel_workers=4, event_handlers=None, ignore_user_meta=False, metas=['./colcon.meta'], base_paths=['.'], packages_ignore=None, packages_ignore_regex=None, paths=None, packages_up_to=None, packages_up_to_regex=None, packages_above=None, packages_above_and_dependencies=None, packages_above_depth=None, packages_select_by_dep=None, packages_skip_by_dep=None, packages_skip_up_to=None, packages_select_build_failed=False, packages_skip_build_finished=False, packages_select_test_failures=False, packages_skip_test_passed=False, packages_select=['boat_launch'], packages_skip=None, packages_select_regex=None, packages_skip_regex=None, packages_start=None, packages_end=None, allow_overriding=[], cmake_args=None, cmake_target=None, cmake_target_skip_unavailable=False, cmake_clean_cache=False, cmake_clean_first=False, cmake_force_configure=False, ament_cmake_args=None, catkin_cmake_args=None, catkin_skip_building_tests=False, verb_parser=<colcon_defaults.argument_parser.defaults.DefaultArgumentsDecorator object at 0xffff91781a80>, verb_extension=<colcon_core.verb.build.BuildVerb object at 0xffff918ba650>, main=<bound method BuildVerb.main of <colcon_core.verb.build.BuildVerb object at 0xffff918ba650>>)
[1.032s] Level 1:colcon.colcon_core.package_discovery:discover_packages(colcon_meta) check parameters
[1.032s] Level 1:colcon.colcon_core.package_discovery:discover_packages(recursive) check parameters
[1.033s] Level 1:colcon.colcon_core.package_discovery:discover_packages(ignore) check parameters
[1.033s] Level 1:colcon.colcon_core.package_discovery:discover_packages(path) check parameters
[1.034s] Level 1:colcon.colcon_core.package_discovery:discover_packages(colcon_meta) discover
[1.034s] Level 1:colcon.colcon_core.package_discovery:discover_packages(recursive) discover
[1.034s] INFO:colcon.colcon_core.package_discovery:Crawling recursively for packages in '/home/boat/Desktop/TAFLAB_boatpi_roshumble/src'
[1.035s] Level 1:colcon.colcon_core.package_identification:_identify(.) by extensions ['ignore', 'ignore_ament_install']
[1.036s] Level 1:colcon.colcon_core.package_identification:_identify(.) by extension 'ignore'
[1.036s] Level 1:colcon.colcon_core.package_identification:_identify(.) by extension 'ignore_ament_install'
[1.037s] Level 1:colcon.colcon_core.package_identification:_identify(.) by extensions ['colcon_pkg']
[1.037s] Level 1:colcon.colcon_core.package_identification:_identify(.) by extension 'colcon_pkg'
[1.038s] Level 1:colcon.colcon_core.package_identification:_identify(.) by extensions ['colcon_meta']
[1.038s] Level 1:colcon.colcon_core.package_identification:_identify(.) by extension 'colcon_meta'
[1.038s] Level 1:colcon.colcon_core.package_identification:_identify(.) by extensions ['ros']
[1.038s] Level 1:colcon.colcon_core.package_identification:_identify(.) by extension 'ros'
[1.086s] Level 1:colcon.colcon_core.package_identification:_identify(.) by extensions ['cmake', 'python']
[1.087s] Level 1:colcon.colcon_core.package_identification:_identify(.) by extension 'cmake'
[1.087s] Level 1:colcon.colcon_core.package_identification:_identify(.) by extension 'python'
[1.087s] Level 1:colcon.colcon_core.package_identification:_identify(.) by extensions ['python_setup_py']
[1.088s] Level 1:colcon.colcon_core.package_identification:_identify(.) by extension 'python_setup_py'
[1.088s] Level 1:colcon.colcon_core.package_identification:_identify(autonomous_control) by extensions ['ignore', 'ignore_ament_install']
[1.089s] Level 1:colcon.colcon_core.package_identification:_identify(autonomous_control) by extension 'ignore'
[1.089s] Level 1:colcon.colcon_core.package_identification:_identify(autonomous_control) by extension 'ignore_ament_install'
[1.089s] Level 1:colcon.colcon_core.package_identification:_identify(autonomous_control) by extensions ['colcon_pkg']
[1.090s] Level 1:colcon.colcon_core.package_identification:_identify(autonomous_control) by extension 'colcon_pkg'
[1.090s] Level 1:colcon.colcon_core.package_identification:_identify(autonomous_control) by extensions ['colcon_meta']
[1.090s] Level 1:colcon.colcon_core.package_identification:_identify(autonomous_control) by extension 'colcon_meta'
[1.090s] Level 1:colcon.colcon_core.package_identification:_identify(autonomous_control) by extensions ['ros']
[1.091s] Level 1:colcon.colcon_core.package_identification:_identify(autonomous_control) by extension 'ros'
[1.100s] DEBUG:colcon.colcon_core.package_identification:Package 'autonomous_control' with type 'ros.ament_python' and name 'autonomous_control'
[1.100s] Level 1:colcon.colcon_core.package_identification:_identify(boat_control_system_final) by extensions ['ignore', 'ignore_ament_install']
[1.101s] Level 1:colcon.colcon_core.package_identification:_identify(boat_control_system_final) by extension 'ignore'
[1.101s] Level 1:colcon.colcon_core.package_identification:_identify(boat_control_system_final) by extension 'ignore_ament_install'
[1.102s] Level 1:colcon.colcon_core.package_identification:_identify(boat_control_system_final) by extensions ['colcon_pkg']
[1.102s] Level 1:colcon.colcon_core.package_identification:_identify(boat_control_system_final) by extension 'colcon_pkg'
[1.102s] Level 1:colcon.colcon_core.package_identification:_identify(boat_control_system_final) by extensions ['colcon_meta']
[1.102s] Level 1:colcon.colcon_core.package_identification:_identify(boat_control_system_final) by extension 'colcon_meta'
[1.102s] Level 1:colcon.colcon_core.package_identification:_identify(boat_control_system_final) by extensions ['ros']
[1.103s] Level 1:colcon.colcon_core.package_identification:_identify(boat_control_system_final) by extension 'ros'
[1.105s] DEBUG:colcon.colcon_core.package_identification:Package 'boat_control_system_final' with type 'ros.ament_cmake' and name 'boat_control_system_final'
[1.106s] Level 1:colcon.colcon_core.package_identification:_identify(boat_launch) by extensions ['ignore', 'ignore_ament_install']
[1.106s] Level 1:colcon.colcon_core.package_identification:_identify(boat_launch) by extension 'ignore'
[1.107s] Level 1:colcon.colcon_core.package_identification:_identify(boat_launch) by extension 'ignore_ament_install'
[1.107s] Level 1:colcon.colcon_core.package_identification:_identify(boat_launch) by extensions ['colcon_pkg']
[1.107s] Level 1:colcon.colcon_core.package_identification:_identify(boat_launch) by extension 'colcon_pkg'
[1.107s] Level 1:colcon.colcon_core.package_identification:_identify(boat_launch) by extensions ['colcon_meta']
[1.108s] Level 1:colcon.colcon_core.package_identification:_identify(boat_launch) by extension 'colcon_meta'
[1.108s] Level 1:colcon.colcon_core.package_identification:_identify(boat_launch) by extensions ['ros']
[1.108s] Level 1:colcon.colcon_core.package_identification:_identify(boat_launch) by extension 'ros'
[1.112s] DEBUG:colcon.colcon_core.package_identification:Package 'boat_launch' with type 'ros.ament_python' and name 'boat_launch'
[1.112s] Level 1:colcon.colcon_core.package_identification:_identify(boat_logic) by extensions ['ignore', 'ignore_ament_install']
[1.113s] Level 1:colcon.colcon_core.package_identification:_identify(boat_logic) by extension 'ignore'
[1.113s] Level 1:colcon.colcon_core.package_identification:_identify(boat_logic) by extension 'ignore_ament_install'
[1.114s] Level 1:colcon.colcon_core.package_identification:_identify(boat_logic) by extensions ['colcon_pkg']
[1.114s] Level 1:colcon.colcon_core.package_identification:_identify(boat_logic) by extension 'colcon_pkg'
[1.114s] Level 1:colcon.colcon_core.package_identification:_identify(boat_logic) by extensions ['colcon_meta']
[1.114s] Level 1:colcon.colcon_core.package_identification:_identify(boat_logic) by extension 'colcon_meta'
[1.114s] Level 1:colcon.colcon_core.package_identification:_identify(boat_logic) by extensions ['ros']
[1.115s] Level 1:colcon.colcon_core.package_identification:_identify(boat_logic) by extension 'ros'
[1.120s] DEBUG:colcon.colcon_core.package_identification:Package 'boat_logic' with type 'ros.ament_python' and name 'boat_logic'
[1.121s] Level 1:colcon.colcon_core.package_identification:_identify(build) by extensions ['ignore', 'ignore_ament_install']
[1.121s] Level 1:colcon.colcon_core.package_identification:_identify(build) by extension 'ignore'
[1.121s] Level 1:colcon.colcon_core.package_identification:_identify(build) ignored
[1.122s] Level 1:colcon.colcon_core.package_identification:_identify(comms) by extensions ['ignore', 'ignore_ament_install']
[1.122s] Level 1:colcon.colcon_core.package_identification:_identify(comms) by extension 'ignore'
[1.123s] Level 1:colcon.colcon_core.package_identification:_identify(comms) by extension 'ignore_ament_install'
[1.123s] Level 1:colcon.colcon_core.package_identification:_identify(comms) by extensions ['colcon_pkg']
[1.123s] Level 1:colcon.colcon_core.package_identification:_identify(comms) by extension 'colcon_pkg'
[1.124s] Level 1:colcon.colcon_core.package_identification:_identify(comms) by extensions ['colcon_meta']
[1.124s] Level 1:colcon.colcon_core.package_identification:_identify(comms) by extension 'colcon_meta'
[1.125s] Level 1:colcon.colcon_core.package_identification:_identify(comms) by extensions ['ros']
[1.126s] Level 1:colcon.colcon_core.package_identification:_identify(comms) by extension 'ros'
[1.126s] Level 1:colcon.colcon_core.package_identification:_identify(comms) by extensions ['cmake', 'python']
[1.127s] Level 1:colcon.colcon_core.package_identification:_identify(comms) by extension 'cmake'
[1.127s] Level 1:colcon.colcon_core.package_identification:_identify(comms) by extension 'python'
[1.127s] Level 1:colcon.colcon_core.package_identification:_identify(comms) by extensions ['python_setup_py']
[1.127s] Level 1:colcon.colcon_core.package_identification:_identify(comms) by extension 'python_setup_py'
[1.128s] Level 1:colcon.colcon_core.package_identification:_identify(comms/xbee_node) by extensions ['ignore', 'ignore_ament_install']
[1.129s] Level 1:colcon.colcon_core.package_identification:_identify(comms/xbee_node) by extension 'ignore'
[1.129s] Level 1:colcon.colcon_core.package_identification:_identify(comms/xbee_node) by extension 'ignore_ament_install'
[1.129s] Level 1:colcon.colcon_core.package_identification:_identify(comms/xbee_node) by extensions ['colcon_pkg']
[1.129s] Level 1:colcon.colcon_core.package_identification:_identify(comms/xbee_node) by extension 'colcon_pkg'
[1.130s] Level 1:colcon.colcon_core.package_identification:_identify(comms/xbee_node) by extensions ['colcon_meta']
[1.130s] Level 1:colcon.colcon_core.package_identification:_identify(comms/xbee_node) by extension 'colcon_meta'
[1.130s] Level 1:colcon.colcon_core.package_identification:_identify(comms/xbee_node) by extensions ['ros']
[1.130s] Level 1:colcon.colcon_core.package_identification:_identify(comms/xbee_node) by extension 'ros'
[1.132s] DEBUG:colcon.colcon_core.package_identification:Package 'comms/xbee_node' with type 'ros.ament_python' and name 'xbee_node'
[1.133s] Level 1:colcon.colcon_core.package_identification:_identify(control_py) by extensions ['ignore', 'ignore_ament_install']
[1.134s] Level 1:colcon.colcon_core.package_identification:_identify(control_py) by extension 'ignore'
[1.134s] Level 1:colcon.colcon_core.package_identification:_identify(control_py) by extension 'ignore_ament_install'
[1.134s] Level 1:colcon.colcon_core.package_identification:_identify(control_py) by extensions ['colcon_pkg']
[1.134s] Level 1:colcon.colcon_core.package_identification:_identify(control_py) by extension 'colcon_pkg'
[1.135s] Level 1:colcon.colcon_core.package_identification:_identify(control_py) by extensions ['colcon_meta']
[1.135s] Level 1:colcon.colcon_core.package_identification:_identify(control_py) by extension 'colcon_meta'
[1.135s] Level 1:colcon.colcon_core.package_identification:_identify(control_py) by extensions ['ros']
[1.135s] Level 1:colcon.colcon_core.package_identification:_identify(control_py) by extension 'ros'
[1.138s] DEBUG:colcon.colcon_core.package_identification:Package 'control_py' with type 'ros.ament_python' and name 'control_py'
[1.139s] Level 1:colcon.colcon_core.package_identification:_identify(install) by extensions ['ignore', 'ignore_ament_install']
[1.139s] Level 1:colcon.colcon_core.package_identification:_identify(install) by extension 'ignore'
[1.140s] Level 1:colcon.colcon_core.package_identification:_identify(install) ignored
[1.140s] Level 1:colcon.colcon_core.package_identification:_identify(log) by extensions ['ignore', 'ignore_ament_install']
[1.141s] Level 1:colcon.colcon_core.package_identification:_identify(log) by extension 'ignore'
[1.141s] Level 1:colcon.colcon_core.package_identification:_identify(log) ignored
[1.141s] Level 1:colcon.colcon_core.package_identification:_identify(sensors) by extensions ['ignore', 'ignore_ament_install']
[1.142s] Level 1:colcon.colcon_core.package_identification:_identify(sensors) by extension 'ignore'
[1.142s] Level 1:colcon.colcon_core.package_identification:_identify(sensors) by extension 'ignore_ament_install'
[1.142s] Level 1:colcon.colcon_core.package_identification:_identify(sensors) by extensions ['colcon_pkg']
[1.143s] Level 1:colcon.colcon_core.package_identification:_identify(sensors) by extension 'colcon_pkg'
[1.143s] Level 1:colcon.colcon_core.package_identification:_identify(sensors) by extensions ['colcon_meta']
[1.143s] Level 1:colcon.colcon_core.package_identification:_identify(sensors) by extension 'colcon_meta'
[1.143s] Level 1:colcon.colcon_core.package_identification:_identify(sensors) by extensions ['ros']
[1.143s] Level 1:colcon.colcon_core.package_identification:_identify(sensors) by extension 'ros'
[1.144s] Level 1:colcon.colcon_core.package_identification:_identify(sensors) by extensions ['cmake', 'python']
[1.144s] Level 1:colcon.colcon_core.package_identification:_identify(sensors) by extension 'cmake'
[1.144s] Level 1:colcon.colcon_core.package_identification:_identify(sensors) by extension 'python'
[1.144s] Level 1:colcon.colcon_core.package_identification:_identify(sensors) by extensions ['python_setup_py']
[1.145s] Level 1:colcon.colcon_core.package_identification:_identify(sensors) by extension 'python_setup_py'
[1.145s] Level 1:colcon.colcon_core.package_identification:_identify(sensors/as5600_sensor) by extensions ['ignore', 'ignore_ament_install']
[1.146s] Level 1:colcon.colcon_core.package_identification:_identify(sensors/as5600_sensor) by extension 'ignore'
[1.146s] Level 1:colcon.colcon_core.package_identification:_identify(sensors/as5600_sensor) by extension 'ignore_ament_install'
[1.146s] Level 1:colcon.colcon_core.package_identification:_identify(sensors/as5600_sensor) by extensions ['colcon_pkg']
[1.146s] Level 1:colcon.colcon_core.package_identification:_identify(sensors/as5600_sensor) by extension 'colcon_pkg'
[1.147s] Level 1:colcon.colcon_core.package_identification:_identify(sensors/as5600_sensor) by extensions ['colcon_meta']
[1.147s] Level 1:colcon.colcon_core.package_identification:_identify(sensors/as5600_sensor) by extension 'colcon_meta'
[1.147s] Level 1:colcon.colcon_core.package_identification:_identify(sensors/as5600_sensor) by extensions ['ros']
[1.147s] Level 1:colcon.colcon_core.package_identification:_identify(sensors/as5600_sensor) by extension 'ros'
[1.150s] DEBUG:colcon.colcon_core.package_identification:Package 'sensors/as5600_sensor' with type 'ros.ament_python' and name 'as5600_sensor'
[1.151s] Level 1:colcon.colcon_core.package_identification:_identify(sensors/gps_gt_u7) by extensions ['ignore', 'ignore_ament_install']
[1.152s] Level 1:colcon.colcon_core.package_identification:_identify(sensors/gps_gt_u7) by extension 'ignore'
[1.152s] Level 1:colcon.colcon_core.package_identification:_identify(sensors/gps_gt_u7) by extension 'ignore_ament_install'
[1.152s] Level 1:colcon.colcon_core.package_identification:_identify(sensors/gps_gt_u7) by extensions ['colcon_pkg']
[1.153s] Level 1:colcon.colcon_core.package_identification:_identify(sensors/gps_gt_u7) by extension 'colcon_pkg'
[1.153s] Level 1:colcon.colcon_core.package_identification:_identify(sensors/gps_gt_u7) by extensions ['colcon_meta']
[1.153s] Level 1:colcon.colcon_core.package_identification:_identify(sensors/gps_gt_u7) by extension 'colcon_meta'
[1.154s] Level 1:colcon.colcon_core.package_identification:_identify(sensors/gps_gt_u7) by extensions ['ros']
[1.154s] Level 1:colcon.colcon_core.package_identification:_identify(sensors/gps_gt_u7) by extension 'ros'
[1.156s] DEBUG:colcon.colcon_core.package_identification:Package 'sensors/gps_gt_u7' with type 'ros.ament_python' and name 'gps_gt_u7'
[1.157s] Level 1:colcon.colcon_core.package_identification:_identify(sensors/lis3mdl_mag) by extensions ['ignore', 'ignore_ament_install']
[1.157s] Level 1:colcon.colcon_core.package_identification:_identify(sensors/lis3mdl_mag) by extension 'ignore'
[1.157s] Level 1:colcon.colcon_core.package_identification:_identify(sensors/lis3mdl_mag) by extension 'ignore_ament_install'
[1.158s] Level 1:colcon.colcon_core.package_identification:_identify(sensors/lis3mdl_mag) by extensions ['colcon_pkg']
[1.158s] Level 1:colcon.colcon_core.package_identification:_identify(sensors/lis3mdl_mag) by extension 'colcon_pkg'
[1.158s] Level 1:colcon.colcon_core.package_identification:_identify(sensors/lis3mdl_mag) by extensions ['colcon_meta']
[1.158s] Level 1:colcon.colcon_core.package_identification:_identify(sensors/lis3mdl_mag) by extension 'colcon_meta'
[1.159s] Level 1:colcon.colcon_core.package_identification:_identify(sensors/lis3mdl_mag) by extensions ['ros']
[1.159s] Level 1:colcon.colcon_core.package_identification:_identify(sensors/lis3mdl_mag) by extension 'ros'
[1.161s] DEBUG:colcon.colcon_core.package_identification:Package 'sensors/lis3mdl_mag' with type 'ros.ament_python' and name 'lis3mdl_mag'
[1.162s] Level 1:colcon.colcon_core.package_identification:_identify(taflab_msgs) by extensions ['ignore', 'ignore_ament_install']
[1.162s] Level 1:colcon.colcon_core.package_identification:_identify(taflab_msgs) by extension 'ignore'
[1.163s] Level 1:colcon.colcon_core.package_identification:_identify(taflab_msgs) by extension 'ignore_ament_install'
[1.163s] Level 1:colcon.colcon_core.package_identification:_identify(taflab_msgs) by extensions ['colcon_pkg']
[1.163s] Level 1:colcon.colcon_core.package_identification:_identify(taflab_msgs) by extension 'colcon_pkg'
[1.163s] Level 1:colcon.colcon_core.package_identification:_identify(taflab_msgs) by extensions ['colcon_meta']
[1.163s] Level 1:colcon.colcon_core.package_identification:_identify(taflab_msgs) by extension 'colcon_meta'
[1.164s] Level 1:colcon.colcon_core.package_identification:_identify(taflab_msgs) by extensions ['ros']
[1.164s] Level 1:colcon.colcon_core.package_identification:_identify(taflab_msgs) by extension 'ros'
[1.167s] DEBUG:colcon.colcon_core.package_identification:Package 'taflab_msgs' with type 'ros.ament_cmake' and name 'taflab_msgs'
[1.168s] Level 1:colcon.colcon_core.package_identification:_identify(xbee_comm_py) by extensions ['ignore', 'ignore_ament_install']
[1.168s] Level 1:colcon.colcon_core.package_identification:_identify(xbee_comm_py) by extension 'ignore'
[1.168s] Level 1:colcon.colcon_core.package_identification:_identify(xbee_comm_py) by extension 'ignore_ament_install'
[1.169s] Level 1:colcon.colcon_core.package_identification:_identify(xbee_comm_py) by extensions ['colcon_pkg']
[1.169s] Level 1:colcon.colcon_core.package_identification:_identify(xbee_comm_py) by extension 'colcon_pkg'
[1.169s] Level 1:colcon.colcon_core.package_identification:_identify(xbee_comm_py) by extensions ['colcon_meta']
[1.169s] Level 1:colcon.colcon_core.package_identification:_identify(xbee_comm_py) by extension 'colcon_meta'
[1.170s] Level 1:colcon.colcon_core.package_identification:_identify(xbee_comm_py) by extensions ['ros']
[1.170s] Level 1:colcon.colcon_core.package_identification:_identify(xbee_comm_py) by extension 'ros'
[1.172s] DEBUG:colcon.colcon_core.package_identification:Package 'xbee_comm_py' with type 'ros.ament_python' and name 'xbee_comm_py'
[1.172s] Level 1:colcon.colcon_core.package_discovery:discover_packages(recursive) using defaults
[1.173s] Level 1:colcon.colcon_core.package_discovery:discover_packages(ignore) discover
[1.173s] Level 1:colcon.colcon_core.package_discovery:discover_packages(ignore) using defaults
[1.173s] Level 1:colcon.colcon_core.package_discovery:discover_packages(path) discover
[1.173s] Level 1:colcon.colcon_core.package_discovery:discover_packages(path) using defaults
[1.259s] INFO:colcon.colcon_core.package_selection:Skipping not selected package 'as5600_sensor' in 'sensors/as5600_sensor'
[1.260s] INFO:colcon.colcon_core.package_selection:Skipping not selected package 'autonomous_control' in 'autonomous_control'
[1.260s] INFO:colcon.colcon_core.package_selection:Skipping not selected package 'boat_control_system_final' in 'boat_control_system_final'
[1.260s] INFO:colcon.colcon_core.package_selection:Skipping not selected package 'control_py' in 'control_py'
[1.260s] INFO:colcon.colcon_core.package_selection:Skipping not selected package 'gps_gt_u7' in 'sensors/gps_gt_u7'
[1.260s] INFO:colcon.colcon_core.package_selection:Skipping not selected package 'lis3mdl_mag' in 'sensors/lis3mdl_mag'
[1.260s] INFO:colcon.colcon_core.package_selection:Skipping not selected package 'taflab_msgs' in 'taflab_msgs'
[1.260s] INFO:colcon.colcon_core.package_selection:Skipping not selected package 'xbee_comm_py' in 'xbee_comm_py'
[1.261s] INFO:colcon.colcon_core.package_selection:Skipping not selected package 'xbee_node' in 'comms/xbee_node'
[1.261s] INFO:colcon.colcon_core.package_selection:Skipping not selected package 'boat_logic' in 'boat_logic'
[1.262s] Level 1:colcon.colcon_core.package_discovery:discover_packages(prefix_path) check parameters
[1.263s] Level 1:colcon.colcon_core.package_discovery:discover_packages(prefix_path) discover
[1.275s] DEBUG:colcon.colcon_installed_package_information.package_discovery:Found 180 installed packages in /opt/ros/humble
[1.280s] Level 1:colcon.colcon_core.package_discovery:discover_packages(prefix_path) using defaults
[1.397s] Level 5:colcon.colcon_core.verb:set package 'boat_launch' build argument 'cmake_args' from command line to 'None'
[1.397s] Level 5:colcon.colcon_core.verb:set package 'boat_launch' build argument 'cmake_target' from command line to 'None'
[1.398s] Level 5:colcon.colcon_core.verb:set package 'boat_launch' build argument 'cmake_target_skip_unavailable' from command line to 'False'
[1.398s] Level 5:colcon.colcon_core.verb:set package 'boat_launch' build argument 'cmake_clean_cache' from command line to 'False'
[1.398s] Level 5:colcon.colcon_core.verb:set package 'boat_launch' build argument 'cmake_clean_first' from command line to 'False'
[1.398s] Level 5:colcon.colcon_core.verb:set package 'boat_launch' build argument 'cmake_force_configure' from command line to 'False'
[1.398s] Level 5:colcon.colcon_core.verb:set package 'boat_launch' build argument 'ament_cmake_args' from command line to 'None'
[1.398s] Level 5:colcon.colcon_core.verb:set package 'boat_launch' build argument 'catkin_cmake_args' from command line to 'None'
[1.398s] Level 5:colcon.colcon_core.verb:set package 'boat_launch' build argument 'catkin_skip_building_tests' from command line to 'False'
[1.399s] DEBUG:colcon.colcon_core.verb:Building package 'boat_launch' with the following arguments: {'ament_cmake_args': None, 'build_base': '/home/boat/Desktop/TAFLAB_boatpi_roshumble/src/build/boat_launch', 'catkin_cmake_args': None, 'catkin_skip_building_tests': False, 'cmake_args': None, 'cmake_clean_cache': False, 'cmake_clean_first': False, 'cmake_force_configure': False, 'cmake_target': None, 'cmake_target_skip_unavailable': False, 'install_base': '/home/boat/Desktop/TAFLAB_boatpi_roshumble/src/install/boat_launch', 'merge_install': False, 'path': '/home/boat/Desktop/TAFLAB_boatpi_roshumble/src/boat_launch', 'symlink_install': False, 'test_result_base': None}
[1.399s] INFO:colcon.colcon_core.executor:Executing jobs using 'parallel' executor
[1.403s] DEBUG:colcon.colcon_parallel_executor.executor.parallel:run_until_complete
[1.404s] INFO:colcon.colcon_ros.task.ament_python.build:Building ROS package in '/home/boat/Desktop/TAFLAB_boatpi_roshumble/src/boat_launch' with build type 'ament_python'
[1.405s] Level 1:colcon.colcon_core.shell:create_environment_hook('boat_launch', 'ament_prefix_path')
[1.420s] INFO:colcon.colcon_core.plugin_system:Skipping extension 'colcon_core.shell.bat': Not used on non-Windows systems
[1.421s] INFO:colcon.colcon_core.shell:Creating environment hook '/home/boat/Desktop/TAFLAB_boatpi_roshumble/src/install/boat_launch/share/boat_launch/hook/ament_prefix_path.ps1'
[1.426s] INFO:colcon.colcon_core.shell:Creating environment descriptor '/home/boat/Desktop/TAFLAB_boatpi_roshumble/src/install/boat_launch/share/boat_launch/hook/ament_prefix_path.dsv'
[1.429s] INFO:colcon.colcon_core.shell:Creating environment hook '/home/boat/Desktop/TAFLAB_boatpi_roshumble/src/install/boat_launch/share/boat_launch/hook/ament_prefix_path.sh'
[1.433s] INFO:colcon.colcon_core.shell:Skip shell extension 'powershell' for command environment: Not usable outside of PowerShell
[1.433s] DEBUG:colcon.colcon_core.shell:Skip shell extension 'dsv' for command environment
[2.524s] INFO:colcon.colcon_core.task.python.build:Building Python package in '/home/boat/Desktop/TAFLAB_boatpi_roshumble/src/boat_launch'
[2.526s] INFO:colcon.colcon_core.shell:Skip shell extension 'powershell' for command environment: Not usable outside of PowerShell
[2.526s] DEBUG:colcon.colcon_core.shell:Skip shell extension 'dsv' for command environment
[3.902s] DEBUG:colcon.colcon_core.event_handler.log_command:Invoking command in '/home/boat/Desktop/TAFLAB_boatpi_roshumble/src/boat_launch': AMENT_PREFIX_PATH=/home/boat/Desktop/TAFLAB_boatpi_roshumble/src/install/lis3mdl_mag:/home/boat/Desktop/TAFLAB_boatpi_roshumble/src/install/as5600_sensor:${AMENT_PREFIX_PATH} PYTHONPATH=/home/boat/Desktop/TAFLAB_boatpi_roshumble/src/build/boat_launch/prefix_override:/usr/lib/python3/dist-packages/colcon_core/task/python/colcon_distutils_commands:/home/boat/Desktop/TAFLAB_boatpi_roshumble/src/install/boat_launch/lib/python3.10/site-packages:/home/boat/Desktop/TAFLAB_boatpi_roshumble/src/install/lis3mdl_mag/lib/python3.10/site-packages:/home/boat/Desktop/TAFLAB_boatpi_roshumble/src/install/as5600_sensor/lib/python3.10/site-packages:${PYTHONPATH} /usr/bin/python3 -W ignore:setup.py install is deprecated setup.py egg_info --egg-base ../build/boat_launch build --build-base /home/boat/Desktop/TAFLAB_boatpi_roshumble/src/build/boat_launch/build install --record /home/boat/Desktop/TAFLAB_boatpi_roshumble/src/build/boat_launch/install.log --single-version-externally-managed install_data
[5.090s] DEBUG:colcon.colcon_core.event_handler.log_command:Invoked command in '/home/boat/Desktop/TAFLAB_boatpi_roshumble/src/boat_launch' returned '0': AMENT_PREFIX_PATH=/home/boat/Desktop/TAFLAB_boatpi_roshumble/src/install/lis3mdl_mag:/home/boat/Desktop/TAFLAB_boatpi_roshumble/src/install/as5600_sensor:${AMENT_PREFIX_PATH} PYTHONPATH=/home/boat/Desktop/TAFLAB_boatpi_roshumble/src/build/boat_launch/prefix_override:/usr/lib/python3/dist-packages/colcon_core/task/python/colcon_distutils_commands:/home/boat/Desktop/TAFLAB_boatpi_roshumble/src/install/boat_launch/lib/python3.10/site-packages:/home/boat/Desktop/TAFLAB_boatpi_roshumble/src/install/lis3mdl_mag/lib/python3.10/site-packages:/home/boat/Desktop/TAFLAB_boatpi_roshumble/src/install/as5600_sensor/lib/python3.10/site-packages:${PYTHONPATH} /usr/bin/python3 -W ignore:setup.py install is deprecated setup.py egg_info --egg-base ../build/boat_launch build --build-base /home/boat/Desktop/TAFLAB_boatpi_roshumble/src/build/boat_launch/build install --record /home/boat/Desktop/TAFLAB_boatpi_roshumble/src/build/boat_launch/install.log --single-version-externally-managed install_data
[5.101s] Level 1:colcon.colcon_core.environment:checking '/home/boat/Desktop/TAFLAB_boatpi_roshumble/src/install/boat_launch' for CMake module files
[5.104s] Level 1:colcon.colcon_core.environment:checking '/home/boat/Desktop/TAFLAB_boatpi_roshumble/src/install/boat_launch' for CMake config files
[5.108s] Level 1:colcon.colcon_core.environment:checking '/home/boat/Desktop/TAFLAB_boatpi_roshumble/src/install/boat_launch/lib'
[5.109s] Level 1:colcon.colcon_core.environment:checking '/home/boat/Desktop/TAFLAB_boatpi_roshumble/src/install/boat_launch/bin'
[5.110s] Level 1:colcon.colcon_core.environment:checking '/home/boat/Desktop/TAFLAB_boatpi_roshumble/src/install/boat_launch/lib/pkgconfig/boat_launch.pc'
[5.111s] Level 1:colcon.colcon_core.environment:checking '/home/boat/Desktop/TAFLAB_boatpi_roshumble/src/install/boat_launch/lib/python3.10/site-packages'
[5.111s] Level 1:colcon.colcon_core.shell:create_environment_hook('boat_launch', 'pythonpath')
[5.112s] INFO:colcon.colcon_core.shell:Creating environment hook '/home/boat/Desktop/TAFLAB_boatpi_roshumble/src/install/boat_launch/share/boat_launch/hook/pythonpath.ps1'
[5.114s] INFO:colcon.colcon_core.shell:Creating environment descriptor '/home/boat/Desktop/TAFLAB_boatpi_roshumble/src/install/boat_launch/share/boat_launch/hook/pythonpath.dsv'
[5.116s] INFO:colcon.colcon_core.shell:Creating environment hook '/home/boat/Desktop/TAFLAB_boatpi_roshumble/src/install/boat_launch/share/boat_launch/hook/pythonpath.sh'
[5.119s] Level 1:colcon.colcon_core.environment:checking '/home/boat/Desktop/TAFLAB_boatpi_roshumble/src/install/boat_launch/bin'
[5.120s] Level 1:colcon.colcon_core.environment:create_environment_scripts_only(boat_launch)
[5.121s] INFO:colcon.colcon_core.shell:Creating package script '/home/boat/Desktop/TAFLAB_boatpi_roshumble/src/install/boat_launch/share/boat_launch/package.ps1'
[5.125s] INFO:colcon.colcon_core.shell:Creating package descriptor '/home/boat/Desktop/TAFLAB_boatpi_roshumble/src/install/boat_launch/share/boat_launch/package.dsv'
[5.128s] INFO:colcon.colcon_core.shell:Creating package script '/home/boat/Desktop/TAFLAB_boatpi_roshumble/src/install/boat_launch/share/boat_launch/package.sh'
[5.131s] INFO:colcon.colcon_core.shell:Creating package script '/home/boat/Desktop/TAFLAB_boatpi_roshumble/src/install/boat_launch/share/boat_launch/package.bash'
[5.135s] INFO:colcon.colcon_core.shell:Creating package script '/home/boat/Desktop/TAFLAB_boatpi_roshumble/src/install/boat_launch/share/boat_launch/package.zsh'
[5.138s] Level 1:colcon.colcon_core.environment:create_file_with_runtime_dependencies(/home/boat/Desktop/TAFLAB_boatpi_roshumble/src/install/boat_launch/share/colcon-core/packages/boat_launch)
[5.140s] DEBUG:colcon.colcon_parallel_executor.executor.parallel:closing loop
[5.143s] DEBUG:colcon.colcon_parallel_executor.executor.parallel:loop closed
[5.143s] DEBUG:colcon.colcon_parallel_executor.executor.parallel:run_until_complete finished with '0'
[5.144s] DEBUG:colcon.colcon_core.event_reactor:joining thread
[5.167s] INFO:colcon.colcon_core.plugin_system:Skipping extension 'colcon_notification.desktop_notification.terminal_notifier': Not used on non-Darwin systems
[5.167s] INFO:colcon.colcon_core.plugin_system:Skipping extension 'colcon_notification.desktop_notification.win32': Not used on non-Windows systems
[5.167s] INFO:colcon.colcon_notification.desktop_notification:Sending desktop notification using 'notify2'
[5.172s] DEBUG:colcon.colcon_notification.desktop_notification.notify2:Failed to initialize notify2: org.freedesktop.DBus.Error.ServiceUnknown: The name org.freedesktop.Notifications was not provided by any .service files
[5.173s] DEBUG:colcon.colcon_core.event_reactor:joined thread
[5.174s] INFO:colcon.colcon_core.shell:Creating prefix script '/home/boat/Desktop/TAFLAB_boatpi_roshumble/src/install/local_setup.ps1'
[5.179s] INFO:colcon.colcon_core.shell:Creating prefix util module '/home/boat/Desktop/TAFLAB_boatpi_roshumble/src/install/_local_setup_util_ps1.py'
[5.187s] INFO:colcon.colcon_core.shell:Creating prefix chain script '/home/boat/Desktop/TAFLAB_boatpi_roshumble/src/install/setup.ps1'
[5.191s] INFO:colcon.colcon_core.shell:Creating prefix script '/home/boat/Desktop/TAFLAB_boatpi_roshumble/src/install/local_setup.sh'
[5.194s] INFO:colcon.colcon_core.shell:Creating prefix util module '/home/boat/Desktop/TAFLAB_boatpi_roshumble/src/install/_local_setup_util_sh.py'
[5.198s] INFO:colcon.colcon_core.shell:Creating prefix chain script '/home/boat/Desktop/TAFLAB_boatpi_roshumble/src/install/setup.sh'
[5.202s] INFO:colcon.colcon_core.shell:Creating prefix script '/home/boat/Desktop/TAFLAB_boatpi_roshumble/src/install/local_setup.bash'
[5.205s] INFO:colcon.colcon_core.shell:Creating prefix chain script '/home/boat/Desktop/TAFLAB_boatpi_roshumble/src/install/setup.bash'
[5.210s] INFO:colcon.colcon_core.shell:Creating prefix script '/home/boat/Desktop/TAFLAB_boatpi_roshumble/src/install/local_setup.zsh'
[5.213s] INFO:colcon.colcon_core.shell:Creating prefix chain script '/home/boat/Desktop/TAFLAB_boatpi_roshumble/src/install/setup.zsh'
