[0.071s] Invoking command in '/home/boat/Desktop/src/boat_control_system_final/build/boat_control_system_final': CMAKE_PREFIX_PATH=/opt/ros/humble /usr/bin/cmake --build /home/boat/Desktop/src/boat_control_system_final/build/boat_control_system_final -- -j4 -l4
[0.183s] -- Found ament_cmake: 1.3.10 (/opt/ros/humble/share/ament_cmake/cmake)
[0.851s] -- Found rclcpp: 16.0.10 (/opt/ros/humble/share/rclcpp/cmake)
[1.052s] -- Found rosidl_generator_c: 3.1.5 (/opt/ros/humble/share/rosidl_generator_c/cmake)
[1.065s] -- Found rosidl_adapter: 3.1.5 (/opt/ros/humble/share/rosidl_adapter/cmake)
[1.092s] -- Found rosidl_generator_cpp: 3.1.5 (/opt/ros/humble/share/rosidl_generator_cpp/cmake)
[1.142s] -- Using all available rosidl_typesupport_c: rosidl_typesupport_fastrtps_c;rosidl_typesupport_introspection_c
[1.207s] -- Using all available rosidl_typesupport_cpp: rosidl_typesupport_fastrtps_cpp;rosidl_typesupport_introspection_cpp
[1.361s] -- Found rmw_implementation_cmake: 6.1.2 (/opt/ros/humble/share/rmw_implementation_cmake/cmake)
[1.368s] -- Found rmw_fastrtps_cpp: 6.2.7 (/opt/ros/humble/share/rmw_fastrtps_cpp/cmake)
[2.457s] -- Using RMW implementation 'rmw_fastrtps_cpp' as default
[2.688s] -- Found sensor_msgs: 4.2.4 (/opt/ros/humble/share/sensor_msgs/cmake)
[2.833s] -- Found ament_lint_auto: 0.12.11 (/opt/ros/humble/share/ament_lint_auto/cmake)
[3.623s] -- Added test 'cppcheck' to perform static code analysis on C / C++ code
[3.624s] -- Configured cppcheck include dirs: /home/boat/Desktop/src/boat_control_system_final/include/boat_control_system_final
[3.625s] -- Configured cppcheck exclude dirs and/or files: 
[3.683s] -- Added test 'flake8' to check Python code syntax and style conventions
[3.789s] -- Added test 'lint_cmake' to check CMake code style
[3.844s] -- Added test 'pep257' to check Python code against some of the docstring style conventions in PEP 257
[4.258s] -- Added test 'uncrustify' to check C / C++ code style
[4.259s] -- Configured uncrustify additional arguments: 
[4.316s] -- Added test 'xmllint' to check XML markup files
[4.329s] -- Configuring done
[4.440s] -- Generating done
[4.452s] -- Build files have been written to: /home/boat/Desktop/src/boat_control_system_final/build/boat_control_system_final
[4.621s] [ 25%] [32mBuilding CXX object CMakeFiles/WaypointQueue.dir/src/WaypointQueue.cpp.o[0m
[9.438s] [ 50%] [32m[1mLinking CXX static library libWaypointQueue.a[0m
[9.607s] [ 50%] Built target WaypointQueue
[9.659s] [35m[1mConsolidate compiler generated dependencies of target WaypointQueueNode[0m
[9.773s] [ 75%] [32mBuilding CXX object CMakeFiles/WaypointQueueNode.dir/src/WaypointQueueNode.cpp.o[0m
[21.817s] [01m[K/home/boat/Desktop/src/boat_control_system_final/src/WaypointQueueNode.cpp:[m[K In member function ‘[01m[Kvoid WaypointQueueNode::ground_station_callback(sensor_msgs::msg::NavSatFix_<std::allocator<void> >::SharedPtr)[m[K’:
[21.818s] [01m[K/home/boat/Desktop/src/boat_control_system_final/src/WaypointQueueNode.cpp:47:94:[m[K [01;35m[Kwarning: [m[Kunused parameter ‘[01m[Kmsg[m[K’ [[01;35m[K]8;;https://gcc.gnu.org/onlinedocs/gcc/Warning-Options.html#index-Wunused-parameter-Wunused-parameter]8;;[m[K]
[21.818s]    47 | void WaypointQueueNode::ground_station_callback([01;35m[Kconst sensor_msgs::msg::NavSatFix::SharedPtr msg[m[K)
[21.819s]       |                                                 [01;35m[K~~~~~~~~~~~~~~~~~~~~~~~~~~~~~~~~~~~~~~~~~~~~~^~~[m[K
[21.820s] [01m[K/home/boat/Desktop/src/boat_control_system_final/src/WaypointQueueNode.cpp:[m[K In member function ‘[01m[Kvoid WaypointQueueNode::calculated_waypoints_callback(sensor_msgs::msg::NavSatFix_<std::allocator<void> >::SharedPtr)[m[K’:
[21.820s] [01m[K/home/boat/Desktop/src/boat_control_system_final/src/WaypointQueueNode.cpp:53:100:[m[K [01;35m[Kwarning: [m[Kunused parameter ‘[01m[Kmsg[m[K’ [[01;35m[K]8;;https://gcc.gnu.org/onlinedocs/gcc/Warning-Options.html#index-Wunused-parameter-Wunused-parameter]8;;[m[K]
[21.821s]    53 | void WaypointQueueNode::calculated_waypoints_callback([01;35m[Kconst sensor_msgs::msg::NavSatFix::SharedPtr msg[m[K)
[21.822s]       |                                                       [01;35m[K~~~~~~~~~~~~~~~~~~~~~~~~~~~~~~~~~~~~~~~~~~~~~^~~[m[K
[57.837s] [100%] [32m[1mLinking CXX executable WaypointQueueNode[0m
[60.872s] [100%] Built target WaypointQueueNode
[60.921s] Invoked command in '/home/boat/Desktop/src/boat_control_system_final/build/boat_control_system_final' returned '0': CMAKE_PREFIX_PATH=/opt/ros/humble /usr/bin/cmake --build /home/boat/Desktop/src/boat_control_system_final/build/boat_control_system_final -- -j4 -l4
[61.126s] Invoking command in '/home/boat/Desktop/src/boat_control_system_final/build/boat_control_system_final': CMAKE_PREFIX_PATH=/opt/ros/humble /usr/bin/cmake --install /home/boat/Desktop/src/boat_control_system_final/build/boat_control_system_final
[61.158s] -- Install configuration: ""
[61.160s] -- Installing: /home/boat/Desktop/src/boat_control_system_final/install/boat_control_system_final/lib/boat_control_system_final/WaypointQueueNode
[61.213s] -- Set runtime path of "/home/boat/Desktop/src/boat_control_system_final/install/boat_control_system_final/lib/boat_control_system_final/WaypointQueueNode" to ""
[61.214s] -- Up-to-date: /home/boat/Desktop/src/boat_control_system_final/install/boat_control_system_final/share/ament_index/resource_index/package_run_dependencies/boat_control_system_final
[61.214s] -- Up-to-date: /home/boat/Desktop/src/boat_control_system_final/install/boat_control_system_final/share/ament_index/resource_index/parent_prefix_path/boat_control_system_final
[61.215s] -- Up-to-date: /home/boat/Desktop/src/boat_control_system_final/install/boat_control_system_final/share/boat_control_system_final/environment/ament_prefix_path.sh
[61.215s] -- Installing: /home/boat/Desktop/src/boat_control_system_final/install/boat_control_system_final/share/boat_control_system_final/environment/ament_prefix_path.dsv
[61.217s] -- Up-to-date: /home/boat/Desktop/src/boat_control_system_final/install/boat_control_system_final/share/boat_control_system_final/environment/path.sh
[61.218s] -- Installing: /home/boat/Desktop/src/boat_control_system_final/install/boat_control_system_final/share/boat_control_system_final/environment/path.dsv
[61.220s] -- Up-to-date: /home/boat/Desktop/src/boat_control_system_final/install/boat_control_system_final/share/boat_control_system_final/local_setup.bash
[61.220s] -- Up-to-date: /home/boat/Desktop/src/boat_control_system_final/install/boat_control_system_final/share/boat_control_system_final/local_setup.sh
[61.221s] -- Up-to-date: /home/boat/Desktop/src/boat_control_system_final/install/boat_control_system_final/share/boat_control_system_final/local_setup.zsh
[61.222s] -- Installing: /home/boat/Desktop/src/boat_control_system_final/install/boat_control_system_final/share/boat_control_system_final/local_setup.dsv
[61.223s] -- Installing: /home/boat/Desktop/src/boat_control_system_final/install/boat_control_system_final/share/boat_control_system_final/package.dsv
[61.225s] -- Up-to-date: /home/boat/Desktop/src/boat_control_system_final/install/boat_control_system_final/share/ament_index/resource_index/packages/boat_control_system_final
[61.226s] -- Up-to-date: /home/boat/Desktop/src/boat_control_system_final/install/boat_control_system_final/share/boat_control_system_final/cmake/boat_control_system_finalConfig.cmake
[61.226s] -- Up-to-date: /home/boat/Desktop/src/boat_control_system_final/install/boat_control_system_final/share/boat_control_system_final/cmake/boat_control_system_finalConfig-version.cmake
[61.227s] -- Up-to-date: /home/boat/Desktop/src/boat_control_system_final/install/boat_control_system_final/share/boat_control_system_final/package.xml
[61.234s] Invoked command in '/home/boat/Desktop/src/boat_control_system_final/build/boat_control_system_final' returned '0': CMAKE_PREFIX_PATH=/opt/ros/humble /usr/bin/cmake --install /home/boat/Desktop/src/boat_control_system_final/build/boat_control_system_final
