[0.068s] Invoking command in '/home/boat/Desktop/src/boat_control_system_final/build/boat_control_system_final': CMAKE_PREFIX_PATH=/opt/ros/humble /usr/bin/cmake --build /home/boat/Desktop/src/boat_control_system_final/build/boat_control_system_final -- -j4 -l4
[0.271s] [35m[1mConsolidate compiler generated dependencies of target CoordinateCalculations[0m
[0.335s] [ 16%] Built target WaypointQueue
[0.382s] [ 25%] [32mBuilding CXX object CMakeFiles/CoordinateCalculations.dir/src/Coordinate_Calculations.cpp.o[0m
[0.470s] [ 41%] Built target WaypointQueueNode
[12.342s] [01m[K/home/boat/Desktop/src/boat_control_system_final/src/Coordinate_Calculations.cpp:[m[K In member function ‘[01m[Kstd::pair<std::__cxx11::basic_string<char>, float> CoordinateCalculations::calculate_directional_bearing(sensor_msgs::msg::NavSatFix)[m[K’:
[12.342s] [01m[K/home/boat/Desktop/src/boat_control_system_final/src/Coordinate_Calculations.cpp:96:67:[m[K [01;31m[Kerror: [m[K‘[01m[Kstd_msgs::msg::Float32 RudderServoControlNode::get_magnetometer_heading()[m[K’ is private within this context
[12.343s]    96 |     float current_heading = [01;31m[Knode_instance.get_magnetometer_heading()[m[K.data;
[12.343s]       |                             [01;31m[K~~~~~~~~~~~~~~~~~~~~~~~~~~~~~~~~~~~~~~^~[m[K
[12.344s] In file included from [01m[K/home/boat/Desktop/src/boat_control_system_final/src/Coordinate_Calculations.cpp:15[m[K:
[12.344s] [01m[K/home/boat/Desktop/src/boat_control_system_final/include/boat_control_system_final/RudderServoControlNode.hpp:41:28:[m[K [01;36m[Knote: [m[Kdeclared private here
[12.345s]    41 |     std_msgs::msg::Float32 [01;36m[Kget_magnetometer_heading[m[K();
[12.345s]       |                            [01;36m[K^~~~~~~~~~~~~~~~~~~~~~~~[m[K
[12.346s] [01m[K/home/boat/Desktop/src/boat_control_system_final/src/Coordinate_Calculations.cpp:97:78:[m[K [01;31m[Kerror: [m[K‘[01m[Ksensor_msgs::msg::NavSatFix RudderServoControlNode::get_curr_pos()[m[K’ is private within this context
[12.346s]    97 |     sensor_msgs::msg::NavSatFix current_position = [01;31m[Knode_instance.get_curr_pos()[m[K;
[12.347s]       |                                                    [01;31m[K~~~~~~~~~~~~~~~~~~~~~~~~~~^~[m[K
[12.347s] In file included from [01m[K/home/boat/Desktop/src/boat_control_system_final/src/Coordinate_Calculations.cpp:15[m[K:
[12.348s] [01m[K/home/boat/Desktop/src/boat_control_system_final/include/boat_control_system_final/RudderServoControlNode.hpp:42:33:[m[K [01;36m[Knote: [m[Kdeclared private here
[12.348s]    42 |     sensor_msgs::msg::NavSatFix [01;36m[Kget_curr_pos[m[K();
[12.348s]       |                                 [01;36m[K^~~~~~~~~~~~[m[K
[14.189s] gmake[2]: *** [CMakeFiles/CoordinateCalculations.dir/build.make:76: CMakeFiles/CoordinateCalculations.dir/src/Coordinate_Calculations.cpp.o] Error 1
[14.191s] gmake[1]: *** [CMakeFiles/Makefile2:173: CMakeFiles/CoordinateCalculations.dir/all] Error 2
[14.191s] gmake: *** [Makefile:146: all] Error 2
[14.197s] Invoked command in '/home/boat/Desktop/src/boat_control_system_final/build/boat_control_system_final' returned '2': CMAKE_PREFIX_PATH=/opt/ros/humble /usr/bin/cmake --build /home/boat/Desktop/src/boat_control_system_final/build/boat_control_system_final -- -j4 -l4
