[0.440s] DEBUG:colcon:Command line arguments: ['/usr/bin/colcon', 'build', '--packages-select', 'boat_logic']
[0.441s] DEBUG:colcon:Parsed command line arguments: Namespace(log_base=None, log_level=None, verb_name='build', build_base='build', install_base='install', merge_install=False, symlink_install=False, test_result_base=None, continue_on_error=False, executor='parallel', parallel_workers=4, event_handlers=None, ignore_user_meta=False, metas=['./colcon.meta'], base_paths=['.'], packages_ignore=None, packages_ignore_regex=None, paths=None, packages_up_to=None, packages_up_to_regex=None, packages_above=None, packages_above_and_dependencies=None, packages_above_depth=None, packages_select_by_dep=None, packages_skip_by_dep=None, packages_skip_up_to=None, packages_select_build_failed=False, packages_skip_build_finished=False, packages_select_test_failures=False, packages_skip_test_passed=False, packages_select=['boat_logic'], packages_skip=None, packages_select_regex=None, packages_skip_regex=None, packages_start=None, packages_end=None, allow_overriding=[], cmake_args=None, cmake_target=None, cmake_target_skip_unavailable=False, cmake_clean_cache=False, cmake_clean_first=False, cmake_force_configure=False, ament_cmake_args=None, catkin_cmake_args=None, catkin_skip_building_tests=False, verb_parser=<colcon_defaults.argument_parser.defaults.DefaultArgumentsDecorator object at 0xffffafa92b00>, verb_extension=<colcon_core.verb.build.BuildVerb object at 0xffffafe5f640>, main=<bound method BuildVerb.main of <colcon_core.verb.build.BuildVerb object at 0xffffafe5f640>>)
[1.072s] Level 1:colcon.colcon_core.package_discovery:discover_packages(colcon_meta) check parameters
[1.072s] Level 1:colcon.colcon_core.package_discovery:discover_packages(recursive) check parameters
[1.073s] Level 1:colcon.colcon_core.package_discovery:discover_packages(ignore) check parameters
[1.073s] Level 1:colcon.colcon_core.package_discovery:discover_packages(path) check parameters
[1.073s] Level 1:colcon.colcon_core.package_discovery:discover_packages(colcon_meta) discover
[1.073s] Level 1:colcon.colcon_core.package_discovery:discover_packages(recursive) discover
[1.074s] INFO:colcon.colcon_core.package_discovery:Crawling recursively for packages in '/home/boat/Desktop/TAFLAB_boatpi_roshumble/src'
[1.074s] Level 1:colcon.colcon_core.package_identification:_identify(.) by extensions ['ignore', 'ignore_ament_install']
[1.075s] Level 1:colcon.colcon_core.package_identification:_identify(.) by extension 'ignore'
[1.075s] Level 1:colcon.colcon_core.package_identification:_identify(.) by extension 'ignore_ament_install'
[1.075s] Level 1:colcon.colcon_core.package_identification:_identify(.) by extensions ['colcon_pkg']
[1.076s] Level 1:colcon.colcon_core.package_identification:_identify(.) by extension 'colcon_pkg'
[1.076s] Level 1:colcon.colcon_core.package_identification:_identify(.) by extensions ['colcon_meta']
[1.076s] Level 1:colcon.colcon_core.package_identification:_identify(.) by extension 'colcon_meta'
[1.076s] Level 1:colcon.colcon_core.package_identification:_identify(.) by extensions ['ros']
[1.076s] Level 1:colcon.colcon_core.package_identification:_identify(.) by extension 'ros'
[1.121s] Level 1:colcon.colcon_core.package_identification:_identify(.) by extensions ['cmake', 'python']
[1.121s] Level 1:colcon.colcon_core.package_identification:_identify(.) by extension 'cmake'
[1.121s] Level 1:colcon.colcon_core.package_identification:_identify(.) by extension 'python'
[1.122s] Level 1:colcon.colcon_core.package_identification:_identify(.) by extensions ['python_setup_py']
[1.122s] Level 1:colcon.colcon_core.package_identification:_identify(.) by extension 'python_setup_py'
[1.122s] Level 1:colcon.colcon_core.package_identification:_identify(autonomous_control) by extensions ['ignore', 'ignore_ament_install']
[1.123s] Level 1:colcon.colcon_core.package_identification:_identify(autonomous_control) by extension 'ignore'
[1.123s] Level 1:colcon.colcon_core.package_identification:_identify(autonomous_control) by extension 'ignore_ament_install'
[1.123s] Level 1:colcon.colcon_core.package_identification:_identify(autonomous_control) by extensions ['colcon_pkg']
[1.124s] Level 1:colcon.colcon_core.package_identification:_identify(autonomous_control) by extension 'colcon_pkg'
[1.124s] Level 1:colcon.colcon_core.package_identification:_identify(autonomous_control) by extensions ['colcon_meta']
[1.124s] Level 1:colcon.colcon_core.package_identification:_identify(autonomous_control) by extension 'colcon_meta'
[1.124s] Level 1:colcon.colcon_core.package_identification:_identify(autonomous_control) by extensions ['ros']
[1.124s] Level 1:colcon.colcon_core.package_identification:_identify(autonomous_control) by extension 'ros'
[1.133s] DEBUG:colcon.colcon_core.package_identification:Package 'autonomous_control' with type 'ros.ament_python' and name 'autonomous_control'
[1.134s] Level 1:colcon.colcon_core.package_identification:_identify(boat_control_system_final) by extensions ['ignore', 'ignore_ament_install']
[1.134s] Level 1:colcon.colcon_core.package_identification:_identify(boat_control_system_final) by extension 'ignore'
[1.135s] Level 1:colcon.colcon_core.package_identification:_identify(boat_control_system_final) by extension 'ignore_ament_install'
[1.135s] Level 1:colcon.colcon_core.package_identification:_identify(boat_control_system_final) by extensions ['colcon_pkg']
[1.135s] Level 1:colcon.colcon_core.package_identification:_identify(boat_control_system_final) by extension 'colcon_pkg'
[1.135s] Level 1:colcon.colcon_core.package_identification:_identify(boat_control_system_final) by extensions ['colcon_meta']
[1.135s] Level 1:colcon.colcon_core.package_identification:_identify(boat_control_system_final) by extension 'colcon_meta'
[1.136s] Level 1:colcon.colcon_core.package_identification:_identify(boat_control_system_final) by extensions ['ros']
[1.136s] Level 1:colcon.colcon_core.package_identification:_identify(boat_control_system_final) by extension 'ros'
[1.138s] DEBUG:colcon.colcon_core.package_identification:Package 'boat_control_system_final' with type 'ros.ament_cmake' and name 'boat_control_system_final'
[1.139s] Level 1:colcon.colcon_core.package_identification:_identify(boat_launch) by extensions ['ignore', 'ignore_ament_install']
[1.140s] Level 1:colcon.colcon_core.package_identification:_identify(boat_launch) by extension 'ignore'
[1.140s] Level 1:colcon.colcon_core.package_identification:_identify(boat_launch) by extension 'ignore_ament_install'
[1.141s] Level 1:colcon.colcon_core.package_identification:_identify(boat_launch) by extensions ['colcon_pkg']
[1.141s] Level 1:colcon.colcon_core.package_identification:_identify(boat_launch) by extension 'colcon_pkg'
[1.141s] Level 1:colcon.colcon_core.package_identification:_identify(boat_launch) by extensions ['colcon_meta']
[1.141s] Level 1:colcon.colcon_core.package_identification:_identify(boat_launch) by extension 'colcon_meta'
[1.141s] Level 1:colcon.colcon_core.package_identification:_identify(boat_launch) by extensions ['ros']
[1.142s] Level 1:colcon.colcon_core.package_identification:_identify(boat_launch) by extension 'ros'
[1.144s] DEBUG:colcon.colcon_core.package_identification:Package 'boat_launch' with type 'ros.ament_python' and name 'boat_launch'
[1.145s] Level 1:colcon.colcon_core.package_identification:_identify(boat_logic) by extensions ['ignore', 'ignore_ament_install']
[1.145s] Level 1:colcon.colcon_core.package_identification:_identify(boat_logic) by extension 'ignore'
[1.146s] Level 1:colcon.colcon_core.package_identification:_identify(boat_logic) by extension 'ignore_ament_install'
[1.146s] Level 1:colcon.colcon_core.package_identification:_identify(boat_logic) by extensions ['colcon_pkg']
[1.146s] Level 1:colcon.colcon_core.package_identification:_identify(boat_logic) by extension 'colcon_pkg'
[1.147s] Level 1:colcon.colcon_core.package_identification:_identify(boat_logic) by extensions ['colcon_meta']
[1.147s] Level 1:colcon.colcon_core.package_identification:_identify(boat_logic) by extension 'colcon_meta'
[1.147s] Level 1:colcon.colcon_core.package_identification:_identify(boat_logic) by extensions ['ros']
[1.148s] Level 1:colcon.colcon_core.package_identification:_identify(boat_logic) by extension 'ros'
[1.152s] DEBUG:colcon.colcon_core.package_identification:Package 'boat_logic' with type 'ros.ament_python' and name 'boat_logic'
[1.153s] Level 1:colcon.colcon_core.package_identification:_identify(build) by extensions ['ignore', 'ignore_ament_install']
[1.153s] Level 1:colcon.colcon_core.package_identification:_identify(build) by extension 'ignore'
[1.154s] Level 1:colcon.colcon_core.package_identification:_identify(build) ignored
[1.154s] Level 1:colcon.colcon_core.package_identification:_identify(comms) by extensions ['ignore', 'ignore_ament_install']
[1.155s] Level 1:colcon.colcon_core.package_identification:_identify(comms) by extension 'ignore'
[1.155s] Level 1:colcon.colcon_core.package_identification:_identify(comms) by extension 'ignore_ament_install'
[1.155s] Level 1:colcon.colcon_core.package_identification:_identify(comms) by extensions ['colcon_pkg']
[1.155s] Level 1:colcon.colcon_core.package_identification:_identify(comms) by extension 'colcon_pkg'
[1.156s] Level 1:colcon.colcon_core.package_identification:_identify(comms) by extensions ['colcon_meta']
[1.156s] Level 1:colcon.colcon_core.package_identification:_identify(comms) by extension 'colcon_meta'
[1.156s] Level 1:colcon.colcon_core.package_identification:_identify(comms) by extensions ['ros']
[1.156s] Level 1:colcon.colcon_core.package_identification:_identify(comms) by extension 'ros'
[1.156s] Level 1:colcon.colcon_core.package_identification:_identify(comms) by extensions ['cmake', 'python']
[1.156s] Level 1:colcon.colcon_core.package_identification:_identify(comms) by extension 'cmake'
[1.157s] Level 1:colcon.colcon_core.package_identification:_identify(comms) by extension 'python'
[1.157s] Level 1:colcon.colcon_core.package_identification:_identify(comms) by extensions ['python_setup_py']
[1.157s] Level 1:colcon.colcon_core.package_identification:_identify(comms) by extension 'python_setup_py'
[1.158s] Level 1:colcon.colcon_core.package_identification:_identify(comms/xbee_node) by extensions ['ignore', 'ignore_ament_install']
[1.158s] Level 1:colcon.colcon_core.package_identification:_identify(comms/xbee_node) by extension 'ignore'
[1.158s] Level 1:colcon.colcon_core.package_identification:_identify(comms/xbee_node) by extension 'ignore_ament_install'
[1.158s] Level 1:colcon.colcon_core.package_identification:_identify(comms/xbee_node) by extensions ['colcon_pkg']
[1.159s] Level 1:colcon.colcon_core.package_identification:_identify(comms/xbee_node) by extension 'colcon_pkg'
[1.159s] Level 1:colcon.colcon_core.package_identification:_identify(comms/xbee_node) by extensions ['colcon_meta']
[1.159s] Level 1:colcon.colcon_core.package_identification:_identify(comms/xbee_node) by extension 'colcon_meta'
[1.159s] Level 1:colcon.colcon_core.package_identification:_identify(comms/xbee_node) by extensions ['ros']
[1.159s] Level 1:colcon.colcon_core.package_identification:_identify(comms/xbee_node) by extension 'ros'
[1.161s] DEBUG:colcon.colcon_core.package_identification:Package 'comms/xbee_node' with type 'ros.ament_python' and name 'xbee_node'
[1.162s] Level 1:colcon.colcon_core.package_identification:_identify(control_py) by extensions ['ignore', 'ignore_ament_install']
[1.163s] Level 1:colcon.colcon_core.package_identification:_identify(control_py) by extension 'ignore'
[1.163s] Level 1:colcon.colcon_core.package_identification:_identify(control_py) by extension 'ignore_ament_install'
[1.163s] Level 1:colcon.colcon_core.package_identification:_identify(control_py) by extensions ['colcon_pkg']
[1.163s] Level 1:colcon.colcon_core.package_identification:_identify(control_py) by extension 'colcon_pkg'
[1.163s] Level 1:colcon.colcon_core.package_identification:_identify(control_py) by extensions ['colcon_meta']
[1.163s] Level 1:colcon.colcon_core.package_identification:_identify(control_py) by extension 'colcon_meta'
[1.164s] Level 1:colcon.colcon_core.package_identification:_identify(control_py) by extensions ['ros']
[1.164s] Level 1:colcon.colcon_core.package_identification:_identify(control_py) by extension 'ros'
[1.167s] DEBUG:colcon.colcon_core.package_identification:Package 'control_py' with type 'ros.ament_python' and name 'control_py'
[1.168s] Level 1:colcon.colcon_core.package_identification:_identify(install) by extensions ['ignore', 'ignore_ament_install']
[1.168s] Level 1:colcon.colcon_core.package_identification:_identify(install) by extension 'ignore'
[1.168s] Level 1:colcon.colcon_core.package_identification:_identify(install) ignored
[1.169s] Level 1:colcon.colcon_core.package_identification:_identify(log) by extensions ['ignore', 'ignore_ament_install']
[1.169s] Level 1:colcon.colcon_core.package_identification:_identify(log) by extension 'ignore'
[1.170s] Level 1:colcon.colcon_core.package_identification:_identify(log) ignored
[1.170s] Level 1:colcon.colcon_core.package_identification:_identify(sensors) by extensions ['ignore', 'ignore_ament_install']
[1.171s] Level 1:colcon.colcon_core.package_identification:_identify(sensors) by extension 'ignore'
[1.171s] Level 1:colcon.colcon_core.package_identification:_identify(sensors) by extension 'ignore_ament_install'
[1.171s] Level 1:colcon.colcon_core.package_identification:_identify(sensors) by extensions ['colcon_pkg']
[1.171s] Level 1:colcon.colcon_core.package_identification:_identify(sensors) by extension 'colcon_pkg'
[1.171s] Level 1:colcon.colcon_core.package_identification:_identify(sensors) by extensions ['colcon_meta']
[1.172s] Level 1:colcon.colcon_core.package_identification:_identify(sensors) by extension 'colcon_meta'
[1.172s] Level 1:colcon.colcon_core.package_identification:_identify(sensors) by extensions ['ros']
[1.172s] Level 1:colcon.colcon_core.package_identification:_identify(sensors) by extension 'ros'
[1.172s] Level 1:colcon.colcon_core.package_identification:_identify(sensors) by extensions ['cmake', 'python']
[1.172s] Level 1:colcon.colcon_core.package_identification:_identify(sensors) by extension 'cmake'
[1.173s] Level 1:colcon.colcon_core.package_identification:_identify(sensors) by extension 'python'
[1.173s] Level 1:colcon.colcon_core.package_identification:_identify(sensors) by extensions ['python_setup_py']
[1.173s] Level 1:colcon.colcon_core.package_identification:_identify(sensors) by extension 'python_setup_py'
[1.173s] Level 1:colcon.colcon_core.package_identification:_identify(sensors/as5600_sensor) by extensions ['ignore', 'ignore_ament_install']
[1.174s] Level 1:colcon.colcon_core.package_identification:_identify(sensors/as5600_sensor) by extension 'ignore'
[1.174s] Level 1:colcon.colcon_core.package_identification:_identify(sensors/as5600_sensor) by extension 'ignore_ament_install'
[1.174s] Level 1:colcon.colcon_core.package_identification:_identify(sensors/as5600_sensor) by extensions ['colcon_pkg']
[1.175s] Level 1:colcon.colcon_core.package_identification:_identify(sensors/as5600_sensor) by extension 'colcon_pkg'
[1.175s] Level 1:colcon.colcon_core.package_identification:_identify(sensors/as5600_sensor) by extensions ['colcon_meta']
[1.175s] Level 1:colcon.colcon_core.package_identification:_identify(sensors/as5600_sensor) by extension 'colcon_meta'
[1.175s] Level 1:colcon.colcon_core.package_identification:_identify(sensors/as5600_sensor) by extensions ['ros']
[1.175s] Level 1:colcon.colcon_core.package_identification:_identify(sensors/as5600_sensor) by extension 'ros'
[1.178s] DEBUG:colcon.colcon_core.package_identification:Package 'sensors/as5600_sensor' with type 'ros.ament_python' and name 'as5600_sensor'
[1.179s] Level 1:colcon.colcon_core.package_identification:_identify(sensors/gps_gt_u7) by extensions ['ignore', 'ignore_ament_install']
[1.179s] Level 1:colcon.colcon_core.package_identification:_identify(sensors/gps_gt_u7) by extension 'ignore'
[1.179s] Level 1:colcon.colcon_core.package_identification:_identify(sensors/gps_gt_u7) by extension 'ignore_ament_install'
[1.179s] Level 1:colcon.colcon_core.package_identification:_identify(sensors/gps_gt_u7) by extensions ['colcon_pkg']
[1.180s] Level 1:colcon.colcon_core.package_identification:_identify(sensors/gps_gt_u7) by extension 'colcon_pkg'
[1.180s] Level 1:colcon.colcon_core.package_identification:_identify(sensors/gps_gt_u7) by extensions ['colcon_meta']
[1.180s] Level 1:colcon.colcon_core.package_identification:_identify(sensors/gps_gt_u7) by extension 'colcon_meta'
[1.180s] Level 1:colcon.colcon_core.package_identification:_identify(sensors/gps_gt_u7) by extensions ['ros']
[1.180s] Level 1:colcon.colcon_core.package_identification:_identify(sensors/gps_gt_u7) by extension 'ros'
[1.188s] DEBUG:colcon.colcon_core.package_identification:Package 'sensors/gps_gt_u7' with type 'ros.ament_python' and name 'gps_gt_u7'
[1.188s] Level 1:colcon.colcon_core.package_identification:_identify(sensors/lis3mdl_mag) by extensions ['ignore', 'ignore_ament_install']
[1.189s] Level 1:colcon.colcon_core.package_identification:_identify(sensors/lis3mdl_mag) by extension 'ignore'
[1.189s] Level 1:colcon.colcon_core.package_identification:_identify(sensors/lis3mdl_mag) by extension 'ignore_ament_install'
[1.189s] Level 1:colcon.colcon_core.package_identification:_identify(sensors/lis3mdl_mag) by extensions ['colcon_pkg']
[1.190s] Level 1:colcon.colcon_core.package_identification:_identify(sensors/lis3mdl_mag) by extension 'colcon_pkg'
[1.190s] Level 1:colcon.colcon_core.package_identification:_identify(sensors/lis3mdl_mag) by extensions ['colcon_meta']
[1.190s] Level 1:colcon.colcon_core.package_identification:_identify(sensors/lis3mdl_mag) by extension 'colcon_meta'
[1.191s] Level 1:colcon.colcon_core.package_identification:_identify(sensors/lis3mdl_mag) by extensions ['ros']
[1.191s] Level 1:colcon.colcon_core.package_identification:_identify(sensors/lis3mdl_mag) by extension 'ros'
[1.194s] DEBUG:colcon.colcon_core.package_identification:Package 'sensors/lis3mdl_mag' with type 'ros.ament_python' and name 'lis3mdl_mag'
[1.194s] Level 1:colcon.colcon_core.package_identification:_identify(taflab_msgs) by extensions ['ignore', 'ignore_ament_install']
[1.195s] Level 1:colcon.colcon_core.package_identification:_identify(taflab_msgs) by extension 'ignore'
[1.195s] Level 1:colcon.colcon_core.package_identification:_identify(taflab_msgs) by extension 'ignore_ament_install'
[1.195s] Level 1:colcon.colcon_core.package_identification:_identify(taflab_msgs) by extensions ['colcon_pkg']
[1.195s] Level 1:colcon.colcon_core.package_identification:_identify(taflab_msgs) by extension 'colcon_pkg'
[1.196s] Level 1:colcon.colcon_core.package_identification:_identify(taflab_msgs) by extensions ['colcon_meta']
[1.196s] Level 1:colcon.colcon_core.package_identification:_identify(taflab_msgs) by extension 'colcon_meta'
[1.196s] Level 1:colcon.colcon_core.package_identification:_identify(taflab_msgs) by extensions ['ros']
[1.196s] Level 1:colcon.colcon_core.package_identification:_identify(taflab_msgs) by extension 'ros'
[1.199s] DEBUG:colcon.colcon_core.package_identification:Package 'taflab_msgs' with type 'ros.ament_cmake' and name 'taflab_msgs'
[1.199s] Level 1:colcon.colcon_core.package_identification:_identify(xbee_comm_py) by extensions ['ignore', 'ignore_ament_install']
[1.200s] Level 1:colcon.colcon_core.package_identification:_identify(xbee_comm_py) by extension 'ignore'
[1.200s] Level 1:colcon.colcon_core.package_identification:_identify(xbee_comm_py) by extension 'ignore_ament_install'
[1.200s] Level 1:colcon.colcon_core.package_identification:_identify(xbee_comm_py) by extensions ['colcon_pkg']
[1.200s] Level 1:colcon.colcon_core.package_identification:_identify(xbee_comm_py) by extension 'colcon_pkg'
[1.201s] Level 1:colcon.colcon_core.package_identification:_identify(xbee_comm_py) by extensions ['colcon_meta']
[1.201s] Level 1:colcon.colcon_core.package_identification:_identify(xbee_comm_py) by extension 'colcon_meta'
[1.201s] Level 1:colcon.colcon_core.package_identification:_identify(xbee_comm_py) by extensions ['ros']
[1.201s] Level 1:colcon.colcon_core.package_identification:_identify(xbee_comm_py) by extension 'ros'
[1.203s] DEBUG:colcon.colcon_core.package_identification:Package 'xbee_comm_py' with type 'ros.ament_python' and name 'xbee_comm_py'
[1.204s] Level 1:colcon.colcon_core.package_discovery:discover_packages(recursive) using defaults
[1.204s] Level 1:colcon.colcon_core.package_discovery:discover_packages(ignore) discover
[1.204s] Level 1:colcon.colcon_core.package_discovery:discover_packages(ignore) using defaults
[1.204s] Level 1:colcon.colcon_core.package_discovery:discover_packages(path) discover
[1.204s] Level 1:colcon.colcon_core.package_discovery:discover_packages(path) using defaults
[1.291s] INFO:colcon.colcon_core.package_selection:Skipping not selected package 'as5600_sensor' in 'sensors/as5600_sensor'
[1.291s] INFO:colcon.colcon_core.package_selection:Skipping not selected package 'autonomous_control' in 'autonomous_control'
[1.291s] INFO:colcon.colcon_core.package_selection:Skipping not selected package 'boat_control_system_final' in 'boat_control_system_final'
[1.291s] INFO:colcon.colcon_core.package_selection:Skipping not selected package 'control_py' in 'control_py'
[1.292s] INFO:colcon.colcon_core.package_selection:Skipping not selected package 'gps_gt_u7' in 'sensors/gps_gt_u7'
[1.292s] INFO:colcon.colcon_core.package_selection:Skipping not selected package 'lis3mdl_mag' in 'sensors/lis3mdl_mag'
[1.292s] INFO:colcon.colcon_core.package_selection:Skipping not selected package 'taflab_msgs' in 'taflab_msgs'
[1.292s] INFO:colcon.colcon_core.package_selection:Skipping not selected package 'xbee_comm_py' in 'xbee_comm_py'
[1.292s] INFO:colcon.colcon_core.package_selection:Skipping not selected package 'xbee_node' in 'comms/xbee_node'
[1.292s] INFO:colcon.colcon_core.package_selection:Skipping not selected package 'boat_launch' in 'boat_launch'
[1.294s] Level 1:colcon.colcon_core.package_discovery:discover_packages(prefix_path) check parameters
[1.294s] Level 1:colcon.colcon_core.package_discovery:discover_packages(prefix_path) discover
[1.305s] DEBUG:colcon.colcon_installed_package_information.package_discovery:Found 8 installed packages in /home/boat/Desktop/TAFLAB_boatpi_roshumble/src/install
[1.311s] DEBUG:colcon.colcon_installed_package_information.package_discovery:Found 180 installed packages in /opt/ros/humble
[1.315s] Level 1:colcon.colcon_core.package_discovery:discover_packages(prefix_path) using defaults
[1.473s] Level 5:colcon.colcon_core.verb:set package 'boat_logic' build argument 'cmake_args' from command line to 'None'
[1.473s] Level 5:colcon.colcon_core.verb:set package 'boat_logic' build argument 'cmake_target' from command line to 'None'
[1.473s] Level 5:colcon.colcon_core.verb:set package 'boat_logic' build argument 'cmake_target_skip_unavailable' from command line to 'False'
[1.473s] Level 5:colcon.colcon_core.verb:set package 'boat_logic' build argument 'cmake_clean_cache' from command line to 'False'
[1.473s] Level 5:colcon.colcon_core.verb:set package 'boat_logic' build argument 'cmake_clean_first' from command line to 'False'
[1.474s] Level 5:colcon.colcon_core.verb:set package 'boat_logic' build argument 'cmake_force_configure' from command line to 'False'
[1.474s] Level 5:colcon.colcon_core.verb:set package 'boat_logic' build argument 'ament_cmake_args' from command line to 'None'
[1.474s] Level 5:colcon.colcon_core.verb:set package 'boat_logic' build argument 'catkin_cmake_args' from command line to 'None'
[1.474s] Level 5:colcon.colcon_core.verb:set package 'boat_logic' build argument 'catkin_skip_building_tests' from command line to 'False'
[1.474s] DEBUG:colcon.colcon_core.verb:Building package 'boat_logic' with the following arguments: {'ament_cmake_args': None, 'build_base': '/home/boat/Desktop/TAFLAB_boatpi_roshumble/src/build/boat_logic', 'catkin_cmake_args': None, 'catkin_skip_building_tests': False, 'cmake_args': None, 'cmake_clean_cache': False, 'cmake_clean_first': False, 'cmake_force_configure': False, 'cmake_target': None, 'cmake_target_skip_unavailable': False, 'install_base': '/home/boat/Desktop/TAFLAB_boatpi_roshumble/src/install/boat_logic', 'merge_install': False, 'path': '/home/boat/Desktop/TAFLAB_boatpi_roshumble/src/boat_logic', 'symlink_install': False, 'test_result_base': None}
[1.475s] INFO:colcon.colcon_core.executor:Executing jobs using 'parallel' executor
[1.479s] DEBUG:colcon.colcon_parallel_executor.executor.parallel:run_until_complete
[1.480s] INFO:colcon.colcon_ros.task.ament_python.build:Building ROS package in '/home/boat/Desktop/TAFLAB_boatpi_roshumble/src/boat_logic' with build type 'ament_python'
[1.480s] Level 1:colcon.colcon_core.shell:create_environment_hook('boat_logic', 'ament_prefix_path')
[1.491s] INFO:colcon.colcon_core.plugin_system:Skipping extension 'colcon_core.shell.bat': Not used on non-Windows systems
[1.493s] INFO:colcon.colcon_core.shell:Creating environment hook '/home/boat/Desktop/TAFLAB_boatpi_roshumble/src/install/boat_logic/share/boat_logic/hook/ament_prefix_path.ps1'
[1.496s] INFO:colcon.colcon_core.shell:Creating environment descriptor '/home/boat/Desktop/TAFLAB_boatpi_roshumble/src/install/boat_logic/share/boat_logic/hook/ament_prefix_path.dsv'
[1.498s] INFO:colcon.colcon_core.shell:Creating environment hook '/home/boat/Desktop/TAFLAB_boatpi_roshumble/src/install/boat_logic/share/boat_logic/hook/ament_prefix_path.sh'
[1.502s] INFO:colcon.colcon_core.shell:Skip shell extension 'powershell' for command environment: Not usable outside of PowerShell
[1.502s] DEBUG:colcon.colcon_core.shell:Skip shell extension 'dsv' for command environment
[2.593s] INFO:colcon.colcon_core.task.python.build:Building Python package in '/home/boat/Desktop/TAFLAB_boatpi_roshumble/src/boat_logic'
[2.594s] INFO:colcon.colcon_core.shell:Skip shell extension 'powershell' for command environment: Not usable outside of PowerShell
[2.594s] DEBUG:colcon.colcon_core.shell:Skip shell extension 'dsv' for command environment
[3.974s] DEBUG:colcon.colcon_core.event_handler.log_command:Invoking command in '/home/boat/Desktop/TAFLAB_boatpi_roshumble/src/boat_logic': AMENT_PREFIX_PATH=/home/boat/Desktop/TAFLAB_boatpi_roshumble/src/install/lis3mdl_mag:/home/boat/Desktop/TAFLAB_boatpi_roshumble/src/install/control_py:/home/boat/Desktop/TAFLAB_boatpi_roshumble/src/install/as5600_sensor:/home/boat/Desktop/TAFLAB_boatpi_roshumble/src/install/xbee_node:/home/boat/Desktop/TAFLAB_boatpi_roshumble/src/install/taflab_msgs:/home/boat/Desktop/TAFLAB_boatpi_roshumble/src/install/boat_logic:/home/boat/Desktop/TAFLAB_boatpi_roshumble/src/install/boat_launch:/home/boat/Desktop/TAFLAB_boatpi_roshumble/src/install/gps_gt_u7:/opt/ros/humble PYTHONPATH=/home/boat/Desktop/TAFLAB_boatpi_roshumble/src/build/boat_logic/prefix_override:/usr/lib/python3/dist-packages/colcon_core/task/python/colcon_distutils_commands:/home/boat/Desktop/TAFLAB_boatpi_roshumble/src/install/boat_logic/lib/python3.10/site-packages:/home/boat/Desktop/TAFLAB_boatpi_roshumble/src/install/lis3mdl_mag/lib/python3.10/site-packages:/home/boat/Desktop/TAFLAB_boatpi_roshumble/src/install/control_py/lib/python3.10/site-packages:/home/boat/Desktop/TAFLAB_boatpi_roshumble/src/install/as5600_sensor/lib/python3.10/site-packages:/home/boat/Desktop/TAFLAB_boatpi_roshumble/src/install/xbee_node/lib/python3.10/site-packages:/home/boat/Desktop/TAFLAB_boatpi_roshumble/src/install/taflab_msgs/local/lib/python3.10/dist-packages:/home/boat/Desktop/TAFLAB_boatpi_roshumble/src/install/boat_logic/lib/python3.10/site-packages:/home/boat/Desktop/TAFLAB_boatpi_roshumble/src/install/boat_launch/lib/python3.10/site-packages:/home/boat/Desktop/TAFLAB_boatpi_roshumble/src/install/gps_gt_u7/lib/python3.10/site-packages:/opt/ros/humble/lib/python3.10/site-packages:/opt/ros/humble/local/lib/python3.10/dist-packages /usr/bin/python3 -W ignore:setup.py install is deprecated setup.py egg_info --egg-base ../build/boat_logic build --build-base /home/boat/Desktop/TAFLAB_boatpi_roshumble/src/build/boat_logic/build install --record /home/boat/Desktop/TAFLAB_boatpi_roshumble/src/build/boat_logic/install.log --single-version-externally-managed install_data
[5.223s] DEBUG:colcon.colcon_core.event_handler.log_command:Invoked command in '/home/boat/Desktop/TAFLAB_boatpi_roshumble/src/boat_logic' returned '0': AMENT_PREFIX_PATH=/home/boat/Desktop/TAFLAB_boatpi_roshumble/src/install/lis3mdl_mag:/home/boat/Desktop/TAFLAB_boatpi_roshumble/src/install/control_py:/home/boat/Desktop/TAFLAB_boatpi_roshumble/src/install/as5600_sensor:/home/boat/Desktop/TAFLAB_boatpi_roshumble/src/install/xbee_node:/home/boat/Desktop/TAFLAB_boatpi_roshumble/src/install/taflab_msgs:/home/boat/Desktop/TAFLAB_boatpi_roshumble/src/install/boat_logic:/home/boat/Desktop/TAFLAB_boatpi_roshumble/src/install/boat_launch:/home/boat/Desktop/TAFLAB_boatpi_roshumble/src/install/gps_gt_u7:/opt/ros/humble PYTHONPATH=/home/boat/Desktop/TAFLAB_boatpi_roshumble/src/build/boat_logic/prefix_override:/usr/lib/python3/dist-packages/colcon_core/task/python/colcon_distutils_commands:/home/boat/Desktop/TAFLAB_boatpi_roshumble/src/install/boat_logic/lib/python3.10/site-packages:/home/boat/Desktop/TAFLAB_boatpi_roshumble/src/install/lis3mdl_mag/lib/python3.10/site-packages:/home/boat/Desktop/TAFLAB_boatpi_roshumble/src/install/control_py/lib/python3.10/site-packages:/home/boat/Desktop/TAFLAB_boatpi_roshumble/src/install/as5600_sensor/lib/python3.10/site-packages:/home/boat/Desktop/TAFLAB_boatpi_roshumble/src/install/xbee_node/lib/python3.10/site-packages:/home/boat/Desktop/TAFLAB_boatpi_roshumble/src/install/taflab_msgs/local/lib/python3.10/dist-packages:/home/boat/Desktop/TAFLAB_boatpi_roshumble/src/install/boat_logic/lib/python3.10/site-packages:/home/boat/Desktop/TAFLAB_boatpi_roshumble/src/install/boat_launch/lib/python3.10/site-packages:/home/boat/Desktop/TAFLAB_boatpi_roshumble/src/install/gps_gt_u7/lib/python3.10/site-packages:/opt/ros/humble/lib/python3.10/site-packages:/opt/ros/humble/local/lib/python3.10/dist-packages /usr/bin/python3 -W ignore:setup.py install is deprecated setup.py egg_info --egg-base ../build/boat_logic build --build-base /home/boat/Desktop/TAFLAB_boatpi_roshumble/src/build/boat_logic/build install --record /home/boat/Desktop/TAFLAB_boatpi_roshumble/src/build/boat_logic/install.log --single-version-externally-managed install_data
[5.236s] Level 1:colcon.colcon_core.environment:checking '/home/boat/Desktop/TAFLAB_boatpi_roshumble/src/install/boat_logic' for CMake module files
[5.239s] Level 1:colcon.colcon_core.environment:checking '/home/boat/Desktop/TAFLAB_boatpi_roshumble/src/install/boat_logic' for CMake config files
[5.243s] Level 1:colcon.colcon_core.environment:checking '/home/boat/Desktop/TAFLAB_boatpi_roshumble/src/install/boat_logic/lib'
[5.244s] Level 1:colcon.colcon_core.environment:checking '/home/boat/Desktop/TAFLAB_boatpi_roshumble/src/install/boat_logic/bin'
[5.244s] Level 1:colcon.colcon_core.environment:checking '/home/boat/Desktop/TAFLAB_boatpi_roshumble/src/install/boat_logic/lib/pkgconfig/boat_logic.pc'
[5.245s] Level 1:colcon.colcon_core.environment:checking '/home/boat/Desktop/TAFLAB_boatpi_roshumble/src/install/boat_logic/lib/python3.10/site-packages'
[5.245s] Level 1:colcon.colcon_core.shell:create_environment_hook('boat_logic', 'pythonpath')
[5.246s] INFO:colcon.colcon_core.shell:Creating environment hook '/home/boat/Desktop/TAFLAB_boatpi_roshumble/src/install/boat_logic/share/boat_logic/hook/pythonpath.ps1'
[5.249s] INFO:colcon.colcon_core.shell:Creating environment descriptor '/home/boat/Desktop/TAFLAB_boatpi_roshumble/src/install/boat_logic/share/boat_logic/hook/pythonpath.dsv'
[5.251s] INFO:colcon.colcon_core.shell:Creating environment hook '/home/boat/Desktop/TAFLAB_boatpi_roshumble/src/install/boat_logic/share/boat_logic/hook/pythonpath.sh'
[5.254s] Level 1:colcon.colcon_core.environment:checking '/home/boat/Desktop/TAFLAB_boatpi_roshumble/src/install/boat_logic/bin'
[5.254s] Level 1:colcon.colcon_core.environment:create_environment_scripts_only(boat_logic)
[5.255s] INFO:colcon.colcon_core.shell:Creating package script '/home/boat/Desktop/TAFLAB_boatpi_roshumble/src/install/boat_logic/share/boat_logic/package.ps1'
[5.259s] INFO:colcon.colcon_core.shell:Creating package descriptor '/home/boat/Desktop/TAFLAB_boatpi_roshumble/src/install/boat_logic/share/boat_logic/package.dsv'
[5.262s] INFO:colcon.colcon_core.shell:Creating package script '/home/boat/Desktop/TAFLAB_boatpi_roshumble/src/install/boat_logic/share/boat_logic/package.sh'
[5.266s] INFO:colcon.colcon_core.shell:Creating package script '/home/boat/Desktop/TAFLAB_boatpi_roshumble/src/install/boat_logic/share/boat_logic/package.bash'
[5.270s] INFO:colcon.colcon_core.shell:Creating package script '/home/boat/Desktop/TAFLAB_boatpi_roshumble/src/install/boat_logic/share/boat_logic/package.zsh'
[5.274s] Level 1:colcon.colcon_core.environment:create_file_with_runtime_dependencies(/home/boat/Desktop/TAFLAB_boatpi_roshumble/src/install/boat_logic/share/colcon-core/packages/boat_logic)
[5.275s] DEBUG:colcon.colcon_parallel_executor.executor.parallel:closing loop
[5.277s] DEBUG:colcon.colcon_parallel_executor.executor.parallel:loop closed
[5.277s] DEBUG:colcon.colcon_parallel_executor.executor.parallel:run_until_complete finished with '0'
[5.278s] DEBUG:colcon.colcon_core.event_reactor:joining thread
[5.299s] INFO:colcon.colcon_core.plugin_system:Skipping extension 'colcon_notification.desktop_notification.terminal_notifier': Not used on non-Darwin systems
[5.300s] INFO:colcon.colcon_core.plugin_system:Skipping extension 'colcon_notification.desktop_notification.win32': Not used on non-Windows systems
[5.300s] INFO:colcon.colcon_notification.desktop_notification:Sending desktop notification using 'notify2'
[5.305s] DEBUG:colcon.colcon_notification.desktop_notification.notify2:Failed to initialize notify2: org.freedesktop.DBus.Error.ServiceUnknown: The name org.freedesktop.Notifications was not provided by any .service files
[5.305s] DEBUG:colcon.colcon_core.event_reactor:joined thread
[5.306s] INFO:colcon.colcon_core.shell:Creating prefix script '/home/boat/Desktop/TAFLAB_boatpi_roshumble/src/install/local_setup.ps1'
[5.310s] INFO:colcon.colcon_core.shell:Creating prefix util module '/home/boat/Desktop/TAFLAB_boatpi_roshumble/src/install/_local_setup_util_ps1.py'
[5.318s] INFO:colcon.colcon_core.shell:Creating prefix chain script '/home/boat/Desktop/TAFLAB_boatpi_roshumble/src/install/setup.ps1'
[5.326s] INFO:colcon.colcon_core.shell:Creating prefix script '/home/boat/Desktop/TAFLAB_boatpi_roshumble/src/install/local_setup.sh'
[5.329s] INFO:colcon.colcon_core.shell:Creating prefix util module '/home/boat/Desktop/TAFLAB_boatpi_roshumble/src/install/_local_setup_util_sh.py'
[5.332s] INFO:colcon.colcon_core.shell:Creating prefix chain script '/home/boat/Desktop/TAFLAB_boatpi_roshumble/src/install/setup.sh'
[5.339s] INFO:colcon.colcon_core.shell:Creating prefix script '/home/boat/Desktop/TAFLAB_boatpi_roshumble/src/install/local_setup.bash'
[5.343s] INFO:colcon.colcon_core.shell:Creating prefix chain script '/home/boat/Desktop/TAFLAB_boatpi_roshumble/src/install/setup.bash'
[5.349s] INFO:colcon.colcon_core.shell:Creating prefix script '/home/boat/Desktop/TAFLAB_boatpi_roshumble/src/install/local_setup.zsh'
[5.352s] INFO:colcon.colcon_core.shell:Creating prefix chain script '/home/boat/Desktop/TAFLAB_boatpi_roshumble/src/install/setup.zsh'
