[0.073s] Invoking command in '/home/boat/Desktop/src/boat_control_system_final/build/boat_control_system_final': CMAKE_PREFIX_PATH=/opt/ros/humble /usr/bin/cmake --build /home/boat/Desktop/src/boat_control_system_final/build/boat_control_system_final -- -j4 -l4
[0.184s] -- Found ament_cmake: 1.3.10 (/opt/ros/humble/share/ament_cmake/cmake)
[0.825s] -- Found rclcpp: 16.0.10 (/opt/ros/humble/share/rclcpp/cmake)
[1.024s] -- Found rosidl_generator_c: 3.1.5 (/opt/ros/humble/share/rosidl_generator_c/cmake)
[1.037s] -- Found rosidl_adapter: 3.1.5 (/opt/ros/humble/share/rosidl_adapter/cmake)
[1.065s] -- Found rosidl_generator_cpp: 3.1.5 (/opt/ros/humble/share/rosidl_generator_cpp/cmake)
[1.110s] -- Using all available rosidl_typesupport_c: rosidl_typesupport_fastrtps_c;rosidl_typesupport_introspection_c
[1.167s] -- Using all available rosidl_typesupport_cpp: rosidl_typesupport_fastrtps_cpp;rosidl_typesupport_introspection_cpp
[1.318s] -- Found rmw_implementation_cmake: 6.1.2 (/opt/ros/humble/share/rmw_implementation_cmake/cmake)
[1.325s] -- Found rmw_fastrtps_cpp: 6.2.7 (/opt/ros/humble/share/rmw_fastrtps_cpp/cmake)
[2.419s] -- Using RMW implementation 'rmw_fastrtps_cpp' as default
[2.639s] -- Found ament_lint_auto: 0.12.11 (/opt/ros/humble/share/ament_lint_auto/cmake)
[3.179s] -- Added test 'cppcheck' to perform static code analysis on C / C++ code
[3.181s] -- Configured cppcheck include dirs: /home/boat/Desktop/src/boat_control_system_final/include
[3.181s] -- Configured cppcheck exclude dirs and/or files: 
[3.208s] -- Added test 'flake8' to check Python code syntax and style conventions
[3.261s] -- Added test 'lint_cmake' to check CMake code style
[3.288s] -- Added test 'pep257' to check Python code against some of the docstring style conventions in PEP 257
[3.494s] -- Added test 'uncrustify' to check C / C++ code style
[3.494s] -- Configured uncrustify additional arguments: 
[3.521s] -- Added test 'xmllint' to check XML markup files
[3.527s] -- Configuring done
[3.590s] -- Generating done
[3.601s] -- Build files have been written to: /home/boat/Desktop/src/boat_control_system_final/build/boat_control_system_final
[3.718s] [35m[1mConsolidate compiler generated dependencies of target WaypointQueueNode[0m
[3.825s] [ 50%] [32mBuilding CXX object CMakeFiles/WaypointQueueNode.dir/src/WaypointQueueNode.cpp.o[0m
[3.888s] [01m[K/home/boat/Desktop/src/boat_control_system_final/src/WaypointQueueNode.cpp:1:10:[m[K [01;31m[Kfatal error: [m[KWaypointQueueNode.hpp: No such file or directory
[3.888s]     1 | #include [01;31m[K"WaypointQueueNode.hpp"[m[K
[3.889s]       |          [01;31m[K^~~~~~~~~~~~~~~~~~~~~~~[m[K
[3.890s] compilation terminated.
[3.892s] gmake[2]: *** [CMakeFiles/WaypointQueueNode.dir/build.make:76: CMakeFiles/WaypointQueueNode.dir/src/WaypointQueueNode.cpp.o] Error 1
[3.893s] gmake[1]: *** [CMakeFiles/Makefile2:137: CMakeFiles/WaypointQueueNode.dir/all] Error 2
[3.894s] gmake: *** [Makefile:146: all] Error 2
[3.908s] Invoked command in '/home/boat/Desktop/src/boat_control_system_final/build/boat_control_system_final' returned '2': CMAKE_PREFIX_PATH=/opt/ros/humble /usr/bin/cmake --build /home/boat/Desktop/src/boat_control_system_final/build/boat_control_system_final -- -j4 -l4
