[0.424s] DEBUG:colcon:Command line arguments: ['/usr/bin/colcon', 'build', '--packages-select', 'as5600_sensor', 'lis3mdl_mag', 'gps_gt_u7', 'control_py', 'xbee_node', 'taflab_msgs']
[0.425s] DEBUG:colcon:Parsed command line arguments: Namespace(log_base=None, log_level=None, verb_name='build', build_base='build', install_base='install', merge_install=False, symlink_install=False, test_result_base=None, continue_on_error=False, executor='parallel', parallel_workers=4, event_handlers=None, ignore_user_meta=False, metas=['./colcon.meta'], base_paths=['.'], packages_ignore=None, packages_ignore_regex=None, paths=None, packages_up_to=None, packages_up_to_regex=None, packages_above=None, packages_above_and_dependencies=None, packages_above_depth=None, packages_select_by_dep=None, packages_skip_by_dep=None, packages_skip_up_to=None, packages_select_build_failed=False, packages_skip_build_finished=False, packages_select_test_failures=False, packages_skip_test_passed=False, packages_select=['as5600_sensor', 'lis3mdl_mag', 'gps_gt_u7', 'control_py', 'xbee_node', 'taflab_msgs'], packages_skip=None, packages_select_regex=None, packages_skip_regex=None, packages_start=None, packages_end=None, allow_overriding=[], cmake_args=None, cmake_target=None, cmake_target_skip_unavailable=False, cmake_clean_cache=False, cmake_clean_first=False, cmake_force_configure=False, ament_cmake_args=None, catkin_cmake_args=None, catkin_skip_building_tests=False, verb_parser=<colcon_defaults.argument_parser.defaults.DefaultArgumentsDecorator object at 0xffff9bc51a50>, verb_extension=<colcon_core.verb.build.BuildVerb object at 0xffff9bd8a620>, main=<bound method BuildVerb.main of <colcon_core.verb.build.BuildVerb object at 0xffff9bd8a620>>)
[1.183s] Level 1:colcon.colcon_core.package_discovery:discover_packages(colcon_meta) check parameters
[1.184s] Level 1:colcon.colcon_core.package_discovery:discover_packages(recursive) check parameters
[1.184s] Level 1:colcon.colcon_core.package_discovery:discover_packages(ignore) check parameters
[1.184s] Level 1:colcon.colcon_core.package_discovery:discover_packages(path) check parameters
[1.184s] Level 1:colcon.colcon_core.package_discovery:discover_packages(colcon_meta) discover
[1.184s] Level 1:colcon.colcon_core.package_discovery:discover_packages(recursive) discover
[1.184s] INFO:colcon.colcon_core.package_discovery:Crawling recursively for packages in '/home/boat/Desktop/TAFLAB_boatpi_roshumble/src'
[1.185s] Level 1:colcon.colcon_core.package_identification:_identify(.) by extensions ['ignore', 'ignore_ament_install']
[1.185s] Level 1:colcon.colcon_core.package_identification:_identify(.) by extension 'ignore'
[1.185s] Level 1:colcon.colcon_core.package_identification:_identify(.) by extension 'ignore_ament_install'
[1.186s] Level 1:colcon.colcon_core.package_identification:_identify(.) by extensions ['colcon_pkg']
[1.186s] Level 1:colcon.colcon_core.package_identification:_identify(.) by extension 'colcon_pkg'
[1.186s] Level 1:colcon.colcon_core.package_identification:_identify(.) by extensions ['colcon_meta']
[1.186s] Level 1:colcon.colcon_core.package_identification:_identify(.) by extension 'colcon_meta'
[1.186s] Level 1:colcon.colcon_core.package_identification:_identify(.) by extensions ['ros']
[1.186s] Level 1:colcon.colcon_core.package_identification:_identify(.) by extension 'ros'
[1.230s] Level 1:colcon.colcon_core.package_identification:_identify(.) by extensions ['cmake', 'python']
[1.231s] Level 1:colcon.colcon_core.package_identification:_identify(.) by extension 'cmake'
[1.231s] Level 1:colcon.colcon_core.package_identification:_identify(.) by extension 'python'
[1.231s] Level 1:colcon.colcon_core.package_identification:_identify(.) by extensions ['python_setup_py']
[1.231s] Level 1:colcon.colcon_core.package_identification:_identify(.) by extension 'python_setup_py'
[1.232s] Level 1:colcon.colcon_core.package_identification:_identify(autonomous_control) by extensions ['ignore', 'ignore_ament_install']
[1.232s] Level 1:colcon.colcon_core.package_identification:_identify(autonomous_control) by extension 'ignore'
[1.232s] Level 1:colcon.colcon_core.package_identification:_identify(autonomous_control) by extension 'ignore_ament_install'
[1.233s] Level 1:colcon.colcon_core.package_identification:_identify(autonomous_control) by extensions ['colcon_pkg']
[1.233s] Level 1:colcon.colcon_core.package_identification:_identify(autonomous_control) by extension 'colcon_pkg'
[1.233s] Level 1:colcon.colcon_core.package_identification:_identify(autonomous_control) by extensions ['colcon_meta']
[1.233s] Level 1:colcon.colcon_core.package_identification:_identify(autonomous_control) by extension 'colcon_meta'
[1.233s] Level 1:colcon.colcon_core.package_identification:_identify(autonomous_control) by extensions ['ros']
[1.233s] Level 1:colcon.colcon_core.package_identification:_identify(autonomous_control) by extension 'ros'
[1.244s] DEBUG:colcon.colcon_core.package_identification:Package 'autonomous_control' with type 'ros.ament_python' and name 'autonomous_control'
[1.245s] Level 1:colcon.colcon_core.package_identification:_identify(boat_control_system_final) by extensions ['ignore', 'ignore_ament_install']
[1.245s] Level 1:colcon.colcon_core.package_identification:_identify(boat_control_system_final) by extension 'ignore'
[1.246s] Level 1:colcon.colcon_core.package_identification:_identify(boat_control_system_final) by extension 'ignore_ament_install'
[1.246s] Level 1:colcon.colcon_core.package_identification:_identify(boat_control_system_final) by extensions ['colcon_pkg']
[1.246s] Level 1:colcon.colcon_core.package_identification:_identify(boat_control_system_final) by extension 'colcon_pkg'
[1.247s] Level 1:colcon.colcon_core.package_identification:_identify(boat_control_system_final) by extensions ['colcon_meta']
[1.247s] Level 1:colcon.colcon_core.package_identification:_identify(boat_control_system_final) by extension 'colcon_meta'
[1.247s] Level 1:colcon.colcon_core.package_identification:_identify(boat_control_system_final) by extensions ['ros']
[1.247s] Level 1:colcon.colcon_core.package_identification:_identify(boat_control_system_final) by extension 'ros'
[1.251s] DEBUG:colcon.colcon_core.package_identification:Package 'boat_control_system_final' with type 'ros.ament_cmake' and name 'boat_control_system_final'
[1.252s] Level 1:colcon.colcon_core.package_identification:_identify(boat_launch) by extensions ['ignore', 'ignore_ament_install']
[1.252s] Level 1:colcon.colcon_core.package_identification:_identify(boat_launch) by extension 'ignore'
[1.252s] Level 1:colcon.colcon_core.package_identification:_identify(boat_launch) by extension 'ignore_ament_install'
[1.252s] Level 1:colcon.colcon_core.package_identification:_identify(boat_launch) by extensions ['colcon_pkg']
[1.253s] Level 1:colcon.colcon_core.package_identification:_identify(boat_launch) by extension 'colcon_pkg'
[1.253s] Level 1:colcon.colcon_core.package_identification:_identify(boat_launch) by extensions ['colcon_meta']
[1.253s] Level 1:colcon.colcon_core.package_identification:_identify(boat_launch) by extension 'colcon_meta'
[1.253s] Level 1:colcon.colcon_core.package_identification:_identify(boat_launch) by extensions ['ros']
[1.253s] Level 1:colcon.colcon_core.package_identification:_identify(boat_launch) by extension 'ros'
[1.257s] DEBUG:colcon.colcon_core.package_identification:Package 'boat_launch' with type 'ros.ament_python' and name 'boat_launch'
[1.257s] Level 1:colcon.colcon_core.package_identification:_identify(boat_logic) by extensions ['ignore', 'ignore_ament_install']
[1.258s] Level 1:colcon.colcon_core.package_identification:_identify(boat_logic) by extension 'ignore'
[1.258s] Level 1:colcon.colcon_core.package_identification:_identify(boat_logic) by extension 'ignore_ament_install'
[1.258s] Level 1:colcon.colcon_core.package_identification:_identify(boat_logic) by extensions ['colcon_pkg']
[1.258s] Level 1:colcon.colcon_core.package_identification:_identify(boat_logic) by extension 'colcon_pkg'
[1.259s] Level 1:colcon.colcon_core.package_identification:_identify(boat_logic) by extensions ['colcon_meta']
[1.259s] Level 1:colcon.colcon_core.package_identification:_identify(boat_logic) by extension 'colcon_meta'
[1.259s] Level 1:colcon.colcon_core.package_identification:_identify(boat_logic) by extensions ['ros']
[1.259s] Level 1:colcon.colcon_core.package_identification:_identify(boat_logic) by extension 'ros'
[1.265s] DEBUG:colcon.colcon_core.package_identification:Package 'boat_logic' with type 'ros.ament_python' and name 'boat_logic'
[1.265s] Level 1:colcon.colcon_core.package_identification:_identify(build) by extensions ['ignore', 'ignore_ament_install']
[1.265s] Level 1:colcon.colcon_core.package_identification:_identify(build) by extension 'ignore'
[1.266s] Level 1:colcon.colcon_core.package_identification:_identify(build) ignored
[1.266s] Level 1:colcon.colcon_core.package_identification:_identify(comms) by extensions ['ignore', 'ignore_ament_install']
[1.266s] Level 1:colcon.colcon_core.package_identification:_identify(comms) by extension 'ignore'
[1.267s] Level 1:colcon.colcon_core.package_identification:_identify(comms) by extension 'ignore_ament_install'
[1.267s] Level 1:colcon.colcon_core.package_identification:_identify(comms) by extensions ['colcon_pkg']
[1.267s] Level 1:colcon.colcon_core.package_identification:_identify(comms) by extension 'colcon_pkg'
[1.267s] Level 1:colcon.colcon_core.package_identification:_identify(comms) by extensions ['colcon_meta']
[1.267s] Level 1:colcon.colcon_core.package_identification:_identify(comms) by extension 'colcon_meta'
[1.268s] Level 1:colcon.colcon_core.package_identification:_identify(comms) by extensions ['ros']
[1.268s] Level 1:colcon.colcon_core.package_identification:_identify(comms) by extension 'ros'
[1.268s] Level 1:colcon.colcon_core.package_identification:_identify(comms) by extensions ['cmake', 'python']
[1.268s] Level 1:colcon.colcon_core.package_identification:_identify(comms) by extension 'cmake'
[1.268s] Level 1:colcon.colcon_core.package_identification:_identify(comms) by extension 'python'
[1.269s] Level 1:colcon.colcon_core.package_identification:_identify(comms) by extensions ['python_setup_py']
[1.269s] Level 1:colcon.colcon_core.package_identification:_identify(comms) by extension 'python_setup_py'
[1.269s] Level 1:colcon.colcon_core.package_identification:_identify(comms/xbee_node) by extensions ['ignore', 'ignore_ament_install']
[1.269s] Level 1:colcon.colcon_core.package_identification:_identify(comms/xbee_node) by extension 'ignore'
[1.270s] Level 1:colcon.colcon_core.package_identification:_identify(comms/xbee_node) by extension 'ignore_ament_install'
[1.270s] Level 1:colcon.colcon_core.package_identification:_identify(comms/xbee_node) by extensions ['colcon_pkg']
[1.270s] Level 1:colcon.colcon_core.package_identification:_identify(comms/xbee_node) by extension 'colcon_pkg'
[1.270s] Level 1:colcon.colcon_core.package_identification:_identify(comms/xbee_node) by extensions ['colcon_meta']
[1.270s] Level 1:colcon.colcon_core.package_identification:_identify(comms/xbee_node) by extension 'colcon_meta'
[1.270s] Level 1:colcon.colcon_core.package_identification:_identify(comms/xbee_node) by extensions ['ros']
[1.271s] Level 1:colcon.colcon_core.package_identification:_identify(comms/xbee_node) by extension 'ros'
[1.274s] DEBUG:colcon.colcon_core.package_identification:Package 'comms/xbee_node' with type 'ros.ament_python' and name 'xbee_node'
[1.274s] Level 1:colcon.colcon_core.package_identification:_identify(control_py) by extensions ['ignore', 'ignore_ament_install']
[1.275s] Level 1:colcon.colcon_core.package_identification:_identify(control_py) by extension 'ignore'
[1.275s] Level 1:colcon.colcon_core.package_identification:_identify(control_py) by extension 'ignore_ament_install'
[1.275s] Level 1:colcon.colcon_core.package_identification:_identify(control_py) by extensions ['colcon_pkg']
[1.275s] Level 1:colcon.colcon_core.package_identification:_identify(control_py) by extension 'colcon_pkg'
[1.275s] Level 1:colcon.colcon_core.package_identification:_identify(control_py) by extensions ['colcon_meta']
[1.275s] Level 1:colcon.colcon_core.package_identification:_identify(control_py) by extension 'colcon_meta'
[1.276s] Level 1:colcon.colcon_core.package_identification:_identify(control_py) by extensions ['ros']
[1.276s] Level 1:colcon.colcon_core.package_identification:_identify(control_py) by extension 'ros'
[1.279s] DEBUG:colcon.colcon_core.package_identification:Package 'control_py' with type 'ros.ament_python' and name 'control_py'
[1.279s] Level 1:colcon.colcon_core.package_identification:_identify(install) by extensions ['ignore', 'ignore_ament_install']
[1.280s] Level 1:colcon.colcon_core.package_identification:_identify(install) by extension 'ignore'
[1.280s] Level 1:colcon.colcon_core.package_identification:_identify(install) ignored
[1.280s] Level 1:colcon.colcon_core.package_identification:_identify(log) by extensions ['ignore', 'ignore_ament_install']
[1.281s] Level 1:colcon.colcon_core.package_identification:_identify(log) by extension 'ignore'
[1.281s] Level 1:colcon.colcon_core.package_identification:_identify(log) ignored
[1.281s] Level 1:colcon.colcon_core.package_identification:_identify(sensors) by extensions ['ignore', 'ignore_ament_install']
[1.281s] Level 1:colcon.colcon_core.package_identification:_identify(sensors) by extension 'ignore'
[1.282s] Level 1:colcon.colcon_core.package_identification:_identify(sensors) by extension 'ignore_ament_install'
[1.282s] Level 1:colcon.colcon_core.package_identification:_identify(sensors) by extensions ['colcon_pkg']
[1.282s] Level 1:colcon.colcon_core.package_identification:_identify(sensors) by extension 'colcon_pkg'
[1.282s] Level 1:colcon.colcon_core.package_identification:_identify(sensors) by extensions ['colcon_meta']
[1.282s] Level 1:colcon.colcon_core.package_identification:_identify(sensors) by extension 'colcon_meta'
[1.282s] Level 1:colcon.colcon_core.package_identification:_identify(sensors) by extensions ['ros']
[1.283s] Level 1:colcon.colcon_core.package_identification:_identify(sensors) by extension 'ros'
[1.283s] Level 1:colcon.colcon_core.package_identification:_identify(sensors) by extensions ['cmake', 'python']
[1.283s] Level 1:colcon.colcon_core.package_identification:_identify(sensors) by extension 'cmake'
[1.283s] Level 1:colcon.colcon_core.package_identification:_identify(sensors) by extension 'python'
[1.284s] Level 1:colcon.colcon_core.package_identification:_identify(sensors) by extensions ['python_setup_py']
[1.284s] Level 1:colcon.colcon_core.package_identification:_identify(sensors) by extension 'python_setup_py'
[1.284s] Level 1:colcon.colcon_core.package_identification:_identify(sensors/as5600_sensor) by extensions ['ignore', 'ignore_ament_install']
[1.284s] Level 1:colcon.colcon_core.package_identification:_identify(sensors/as5600_sensor) by extension 'ignore'
[1.285s] Level 1:colcon.colcon_core.package_identification:_identify(sensors/as5600_sensor) by extension 'ignore_ament_install'
[1.285s] Level 1:colcon.colcon_core.package_identification:_identify(sensors/as5600_sensor) by extensions ['colcon_pkg']
[1.285s] Level 1:colcon.colcon_core.package_identification:_identify(sensors/as5600_sensor) by extension 'colcon_pkg'
[1.285s] Level 1:colcon.colcon_core.package_identification:_identify(sensors/as5600_sensor) by extensions ['colcon_meta']
[1.285s] Level 1:colcon.colcon_core.package_identification:_identify(sensors/as5600_sensor) by extension 'colcon_meta'
[1.286s] Level 1:colcon.colcon_core.package_identification:_identify(sensors/as5600_sensor) by extensions ['ros']
[1.286s] Level 1:colcon.colcon_core.package_identification:_identify(sensors/as5600_sensor) by extension 'ros'
[1.289s] DEBUG:colcon.colcon_core.package_identification:Package 'sensors/as5600_sensor' with type 'ros.ament_python' and name 'as5600_sensor'
[1.290s] Level 1:colcon.colcon_core.package_identification:_identify(sensors/gps_gt_u7) by extensions ['ignore', 'ignore_ament_install']
[1.290s] Level 1:colcon.colcon_core.package_identification:_identify(sensors/gps_gt_u7) by extension 'ignore'
[1.290s] Level 1:colcon.colcon_core.package_identification:_identify(sensors/gps_gt_u7) by extension 'ignore_ament_install'
[1.290s] Level 1:colcon.colcon_core.package_identification:_identify(sensors/gps_gt_u7) by extensions ['colcon_pkg']
[1.291s] Level 1:colcon.colcon_core.package_identification:_identify(sensors/gps_gt_u7) by extension 'colcon_pkg'
[1.291s] Level 1:colcon.colcon_core.package_identification:_identify(sensors/gps_gt_u7) by extensions ['colcon_meta']
[1.291s] Level 1:colcon.colcon_core.package_identification:_identify(sensors/gps_gt_u7) by extension 'colcon_meta'
[1.291s] Level 1:colcon.colcon_core.package_identification:_identify(sensors/gps_gt_u7) by extensions ['ros']
[1.291s] Level 1:colcon.colcon_core.package_identification:_identify(sensors/gps_gt_u7) by extension 'ros'
[1.294s] DEBUG:colcon.colcon_core.package_identification:Package 'sensors/gps_gt_u7' with type 'ros.ament_python' and name 'gps_gt_u7'
[1.295s] Level 1:colcon.colcon_core.package_identification:_identify(sensors/lis3mdl_mag) by extensions ['ignore', 'ignore_ament_install']
[1.295s] Level 1:colcon.colcon_core.package_identification:_identify(sensors/lis3mdl_mag) by extension 'ignore'
[1.295s] Level 1:colcon.colcon_core.package_identification:_identify(sensors/lis3mdl_mag) by extension 'ignore_ament_install'
[1.296s] Level 1:colcon.colcon_core.package_identification:_identify(sensors/lis3mdl_mag) by extensions ['colcon_pkg']
[1.296s] Level 1:colcon.colcon_core.package_identification:_identify(sensors/lis3mdl_mag) by extension 'colcon_pkg'
[1.296s] Level 1:colcon.colcon_core.package_identification:_identify(sensors/lis3mdl_mag) by extensions ['colcon_meta']
[1.296s] Level 1:colcon.colcon_core.package_identification:_identify(sensors/lis3mdl_mag) by extension 'colcon_meta'
[1.296s] Level 1:colcon.colcon_core.package_identification:_identify(sensors/lis3mdl_mag) by extensions ['ros']
[1.296s] Level 1:colcon.colcon_core.package_identification:_identify(sensors/lis3mdl_mag) by extension 'ros'
[1.299s] DEBUG:colcon.colcon_core.package_identification:Package 'sensors/lis3mdl_mag' with type 'ros.ament_python' and name 'lis3mdl_mag'
[1.300s] Level 1:colcon.colcon_core.package_identification:_identify(taflab_msgs) by extensions ['ignore', 'ignore_ament_install']
[1.300s] Level 1:colcon.colcon_core.package_identification:_identify(taflab_msgs) by extension 'ignore'
[1.300s] Level 1:colcon.colcon_core.package_identification:_identify(taflab_msgs) by extension 'ignore_ament_install'
[1.301s] Level 1:colcon.colcon_core.package_identification:_identify(taflab_msgs) by extensions ['colcon_pkg']
[1.301s] Level 1:colcon.colcon_core.package_identification:_identify(taflab_msgs) by extension 'colcon_pkg'
[1.301s] Level 1:colcon.colcon_core.package_identification:_identify(taflab_msgs) by extensions ['colcon_meta']
[1.301s] Level 1:colcon.colcon_core.package_identification:_identify(taflab_msgs) by extension 'colcon_meta'
[1.301s] Level 1:colcon.colcon_core.package_identification:_identify(taflab_msgs) by extensions ['ros']
[1.301s] Level 1:colcon.colcon_core.package_identification:_identify(taflab_msgs) by extension 'ros'
[1.305s] DEBUG:colcon.colcon_core.package_identification:Package 'taflab_msgs' with type 'ros.ament_cmake' and name 'taflab_msgs'
[1.306s] Level 1:colcon.colcon_core.package_identification:_identify(xbee_comm_py) by extensions ['ignore', 'ignore_ament_install']
[1.306s] Level 1:colcon.colcon_core.package_identification:_identify(xbee_comm_py) by extension 'ignore'
[1.306s] Level 1:colcon.colcon_core.package_identification:_identify(xbee_comm_py) by extension 'ignore_ament_install'
[1.306s] Level 1:colcon.colcon_core.package_identification:_identify(xbee_comm_py) by extensions ['colcon_pkg']
[1.307s] Level 1:colcon.colcon_core.package_identification:_identify(xbee_comm_py) by extension 'colcon_pkg'
[1.307s] Level 1:colcon.colcon_core.package_identification:_identify(xbee_comm_py) by extensions ['colcon_meta']
[1.307s] Level 1:colcon.colcon_core.package_identification:_identify(xbee_comm_py) by extension 'colcon_meta'
[1.307s] Level 1:colcon.colcon_core.package_identification:_identify(xbee_comm_py) by extensions ['ros']
[1.307s] Level 1:colcon.colcon_core.package_identification:_identify(xbee_comm_py) by extension 'ros'
[1.310s] DEBUG:colcon.colcon_core.package_identification:Package 'xbee_comm_py' with type 'ros.ament_python' and name 'xbee_comm_py'
[1.310s] Level 1:colcon.colcon_core.package_discovery:discover_packages(recursive) using defaults
[1.310s] Level 1:colcon.colcon_core.package_discovery:discover_packages(ignore) discover
[1.311s] Level 1:colcon.colcon_core.package_discovery:discover_packages(ignore) using defaults
[1.311s] Level 1:colcon.colcon_core.package_discovery:discover_packages(path) discover
[1.311s] Level 1:colcon.colcon_core.package_discovery:discover_packages(path) using defaults
[1.410s] INFO:colcon.colcon_core.package_selection:Skipping not selected package 'autonomous_control' in 'autonomous_control'
[1.411s] INFO:colcon.colcon_core.package_selection:Skipping not selected package 'boat_control_system_final' in 'boat_control_system_final'
[1.411s] INFO:colcon.colcon_core.package_selection:Skipping not selected package 'xbee_comm_py' in 'xbee_comm_py'
[1.411s] INFO:colcon.colcon_core.package_selection:Skipping not selected package 'boat_launch' in 'boat_launch'
[1.411s] INFO:colcon.colcon_core.package_selection:Skipping not selected package 'boat_logic' in 'boat_logic'
[1.413s] Level 1:colcon.colcon_core.package_discovery:discover_packages(prefix_path) check parameters
[1.413s] Level 1:colcon.colcon_core.package_discovery:discover_packages(prefix_path) discover
[1.426s] DEBUG:colcon.colcon_installed_package_information.package_discovery:Found 180 installed packages in /opt/ros/humble
[1.430s] Level 1:colcon.colcon_core.package_discovery:discover_packages(prefix_path) using defaults
[1.539s] Level 5:colcon.colcon_core.verb:set package 'as5600_sensor' build argument 'cmake_args' from command line to 'None'
[1.540s] Level 5:colcon.colcon_core.verb:set package 'as5600_sensor' build argument 'cmake_target' from command line to 'None'
[1.540s] Level 5:colcon.colcon_core.verb:set package 'as5600_sensor' build argument 'cmake_target_skip_unavailable' from command line to 'False'
[1.540s] Level 5:colcon.colcon_core.verb:set package 'as5600_sensor' build argument 'cmake_clean_cache' from command line to 'False'
[1.540s] Level 5:colcon.colcon_core.verb:set package 'as5600_sensor' build argument 'cmake_clean_first' from command line to 'False'
[1.540s] Level 5:colcon.colcon_core.verb:set package 'as5600_sensor' build argument 'cmake_force_configure' from command line to 'False'
[1.540s] Level 5:colcon.colcon_core.verb:set package 'as5600_sensor' build argument 'ament_cmake_args' from command line to 'None'
[1.540s] Level 5:colcon.colcon_core.verb:set package 'as5600_sensor' build argument 'catkin_cmake_args' from command line to 'None'
[1.540s] Level 5:colcon.colcon_core.verb:set package 'as5600_sensor' build argument 'catkin_skip_building_tests' from command line to 'False'
[1.541s] DEBUG:colcon.colcon_core.verb:Building package 'as5600_sensor' with the following arguments: {'ament_cmake_args': None, 'build_base': '/home/boat/Desktop/TAFLAB_boatpi_roshumble/src/build/as5600_sensor', 'catkin_cmake_args': None, 'catkin_skip_building_tests': False, 'cmake_args': None, 'cmake_clean_cache': False, 'cmake_clean_first': False, 'cmake_force_configure': False, 'cmake_target': None, 'cmake_target_skip_unavailable': False, 'install_base': '/home/boat/Desktop/TAFLAB_boatpi_roshumble/src/install/as5600_sensor', 'merge_install': False, 'path': '/home/boat/Desktop/TAFLAB_boatpi_roshumble/src/sensors/as5600_sensor', 'symlink_install': False, 'test_result_base': None}
[1.543s] Level 5:colcon.colcon_core.verb:set package 'control_py' build argument 'cmake_args' from command line to 'None'
[1.543s] Level 5:colcon.colcon_core.verb:set package 'control_py' build argument 'cmake_target' from command line to 'None'
[1.543s] Level 5:colcon.colcon_core.verb:set package 'control_py' build argument 'cmake_target_skip_unavailable' from command line to 'False'
[1.543s] Level 5:colcon.colcon_core.verb:set package 'control_py' build argument 'cmake_clean_cache' from command line to 'False'
[1.543s] Level 5:colcon.colcon_core.verb:set package 'control_py' build argument 'cmake_clean_first' from command line to 'False'
[1.543s] Level 5:colcon.colcon_core.verb:set package 'control_py' build argument 'cmake_force_configure' from command line to 'False'
[1.543s] Level 5:colcon.colcon_core.verb:set package 'control_py' build argument 'ament_cmake_args' from command line to 'None'
[1.543s] Level 5:colcon.colcon_core.verb:set package 'control_py' build argument 'catkin_cmake_args' from command line to 'None'
[1.544s] Level 5:colcon.colcon_core.verb:set package 'control_py' build argument 'catkin_skip_building_tests' from command line to 'False'
[1.544s] DEBUG:colcon.colcon_core.verb:Building package 'control_py' with the following arguments: {'ament_cmake_args': None, 'build_base': '/home/boat/Desktop/TAFLAB_boatpi_roshumble/src/build/control_py', 'catkin_cmake_args': None, 'catkin_skip_building_tests': False, 'cmake_args': None, 'cmake_clean_cache': False, 'cmake_clean_first': False, 'cmake_force_configure': False, 'cmake_target': None, 'cmake_target_skip_unavailable': False, 'install_base': '/home/boat/Desktop/TAFLAB_boatpi_roshumble/src/install/control_py', 'merge_install': False, 'path': '/home/boat/Desktop/TAFLAB_boatpi_roshumble/src/control_py', 'symlink_install': False, 'test_result_base': None}
[1.545s] Level 5:colcon.colcon_core.verb:set package 'gps_gt_u7' build argument 'cmake_args' from command line to 'None'
[1.545s] Level 5:colcon.colcon_core.verb:set package 'gps_gt_u7' build argument 'cmake_target' from command line to 'None'
[1.546s] Level 5:colcon.colcon_core.verb:set package 'gps_gt_u7' build argument 'cmake_target_skip_unavailable' from command line to 'False'
[1.546s] Level 5:colcon.colcon_core.verb:set package 'gps_gt_u7' build argument 'cmake_clean_cache' from command line to 'False'
[1.546s] Level 5:colcon.colcon_core.verb:set package 'gps_gt_u7' build argument 'cmake_clean_first' from command line to 'False'
[1.546s] Level 5:colcon.colcon_core.verb:set package 'gps_gt_u7' build argument 'cmake_force_configure' from command line to 'False'
[1.546s] Level 5:colcon.colcon_core.verb:set package 'gps_gt_u7' build argument 'ament_cmake_args' from command line to 'None'
[1.546s] Level 5:colcon.colcon_core.verb:set package 'gps_gt_u7' build argument 'catkin_cmake_args' from command line to 'None'
[1.546s] Level 5:colcon.colcon_core.verb:set package 'gps_gt_u7' build argument 'catkin_skip_building_tests' from command line to 'False'
[1.546s] DEBUG:colcon.colcon_core.verb:Building package 'gps_gt_u7' with the following arguments: {'ament_cmake_args': None, 'build_base': '/home/boat/Desktop/TAFLAB_boatpi_roshumble/src/build/gps_gt_u7', 'catkin_cmake_args': None, 'catkin_skip_building_tests': False, 'cmake_args': None, 'cmake_clean_cache': False, 'cmake_clean_first': False, 'cmake_force_configure': False, 'cmake_target': None, 'cmake_target_skip_unavailable': False, 'install_base': '/home/boat/Desktop/TAFLAB_boatpi_roshumble/src/install/gps_gt_u7', 'merge_install': False, 'path': '/home/boat/Desktop/TAFLAB_boatpi_roshumble/src/sensors/gps_gt_u7', 'symlink_install': False, 'test_result_base': None}
[1.548s] Level 5:colcon.colcon_core.verb:set package 'lis3mdl_mag' build argument 'cmake_args' from command line to 'None'
[1.548s] Level 5:colcon.colcon_core.verb:set package 'lis3mdl_mag' build argument 'cmake_target' from command line to 'None'
[1.548s] Level 5:colcon.colcon_core.verb:set package 'lis3mdl_mag' build argument 'cmake_target_skip_unavailable' from command line to 'False'
[1.549s] Level 5:colcon.colcon_core.verb:set package 'lis3mdl_mag' build argument 'cmake_clean_cache' from command line to 'False'
[1.549s] Level 5:colcon.colcon_core.verb:set package 'lis3mdl_mag' build argument 'cmake_clean_first' from command line to 'False'
[1.549s] Level 5:colcon.colcon_core.verb:set package 'lis3mdl_mag' build argument 'cmake_force_configure' from command line to 'False'
[1.549s] Level 5:colcon.colcon_core.verb:set package 'lis3mdl_mag' build argument 'ament_cmake_args' from command line to 'None'
[1.549s] Level 5:colcon.colcon_core.verb:set package 'lis3mdl_mag' build argument 'catkin_cmake_args' from command line to 'None'
[1.549s] Level 5:colcon.colcon_core.verb:set package 'lis3mdl_mag' build argument 'catkin_skip_building_tests' from command line to 'False'
[1.549s] DEBUG:colcon.colcon_core.verb:Building package 'lis3mdl_mag' with the following arguments: {'ament_cmake_args': None, 'build_base': '/home/boat/Desktop/TAFLAB_boatpi_roshumble/src/build/lis3mdl_mag', 'catkin_cmake_args': None, 'catkin_skip_building_tests': False, 'cmake_args': None, 'cmake_clean_cache': False, 'cmake_clean_first': False, 'cmake_force_configure': False, 'cmake_target': None, 'cmake_target_skip_unavailable': False, 'install_base': '/home/boat/Desktop/TAFLAB_boatpi_roshumble/src/install/lis3mdl_mag', 'merge_install': False, 'path': '/home/boat/Desktop/TAFLAB_boatpi_roshumble/src/sensors/lis3mdl_mag', 'symlink_install': False, 'test_result_base': None}
[1.551s] Level 5:colcon.colcon_core.verb:set package 'taflab_msgs' build argument 'cmake_args' from command line to 'None'
[1.552s] Level 5:colcon.colcon_core.verb:set package 'taflab_msgs' build argument 'cmake_target' from command line to 'None'
[1.552s] Level 5:colcon.colcon_core.verb:set package 'taflab_msgs' build argument 'cmake_target_skip_unavailable' from command line to 'False'
[1.552s] Level 5:colcon.colcon_core.verb:set package 'taflab_msgs' build argument 'cmake_clean_cache' from command line to 'False'
[1.553s] Level 5:colcon.colcon_core.verb:set package 'taflab_msgs' build argument 'cmake_clean_first' from command line to 'False'
[1.553s] Level 5:colcon.colcon_core.verb:set package 'taflab_msgs' build argument 'cmake_force_configure' from command line to 'False'
[1.553s] Level 5:colcon.colcon_core.verb:set package 'taflab_msgs' build argument 'ament_cmake_args' from command line to 'None'
[1.553s] Level 5:colcon.colcon_core.verb:set package 'taflab_msgs' build argument 'catkin_cmake_args' from command line to 'None'
[1.553s] Level 5:colcon.colcon_core.verb:set package 'taflab_msgs' build argument 'catkin_skip_building_tests' from command line to 'False'
[1.553s] DEBUG:colcon.colcon_core.verb:Building package 'taflab_msgs' with the following arguments: {'ament_cmake_args': None, 'build_base': '/home/boat/Desktop/TAFLAB_boatpi_roshumble/src/build/taflab_msgs', 'catkin_cmake_args': None, 'catkin_skip_building_tests': False, 'cmake_args': None, 'cmake_clean_cache': False, 'cmake_clean_first': False, 'cmake_force_configure': False, 'cmake_target': None, 'cmake_target_skip_unavailable': False, 'install_base': '/home/boat/Desktop/TAFLAB_boatpi_roshumble/src/install/taflab_msgs', 'merge_install': False, 'path': '/home/boat/Desktop/TAFLAB_boatpi_roshumble/src/taflab_msgs', 'symlink_install': False, 'test_result_base': None}
[1.555s] Level 5:colcon.colcon_core.verb:set package 'xbee_node' build argument 'cmake_args' from command line to 'None'
[1.555s] Level 5:colcon.colcon_core.verb:set package 'xbee_node' build argument 'cmake_target' from command line to 'None'
[1.556s] Level 5:colcon.colcon_core.verb:set package 'xbee_node' build argument 'cmake_target_skip_unavailable' from command line to 'False'
[1.556s] Level 5:colcon.colcon_core.verb:set package 'xbee_node' build argument 'cmake_clean_cache' from command line to 'False'
[1.556s] Level 5:colcon.colcon_core.verb:set package 'xbee_node' build argument 'cmake_clean_first' from command line to 'False'
[1.556s] Level 5:colcon.colcon_core.verb:set package 'xbee_node' build argument 'cmake_force_configure' from command line to 'False'
[1.556s] Level 5:colcon.colcon_core.verb:set package 'xbee_node' build argument 'ament_cmake_args' from command line to 'None'
[1.556s] Level 5:colcon.colcon_core.verb:set package 'xbee_node' build argument 'catkin_cmake_args' from command line to 'None'
[1.556s] Level 5:colcon.colcon_core.verb:set package 'xbee_node' build argument 'catkin_skip_building_tests' from command line to 'False'
[1.557s] DEBUG:colcon.colcon_core.verb:Building package 'xbee_node' with the following arguments: {'ament_cmake_args': None, 'build_base': '/home/boat/Desktop/TAFLAB_boatpi_roshumble/src/build/xbee_node', 'catkin_cmake_args': None, 'catkin_skip_building_tests': False, 'cmake_args': None, 'cmake_clean_cache': False, 'cmake_clean_first': False, 'cmake_force_configure': False, 'cmake_target': None, 'cmake_target_skip_unavailable': False, 'install_base': '/home/boat/Desktop/TAFLAB_boatpi_roshumble/src/install/xbee_node', 'merge_install': False, 'path': '/home/boat/Desktop/TAFLAB_boatpi_roshumble/src/comms/xbee_node', 'symlink_install': False, 'test_result_base': None}
[1.557s] INFO:colcon.colcon_core.executor:Executing jobs using 'parallel' executor
[1.561s] DEBUG:colcon.colcon_parallel_executor.executor.parallel:run_until_complete
[1.562s] INFO:colcon.colcon_ros.task.ament_python.build:Building ROS package in '/home/boat/Desktop/TAFLAB_boatpi_roshumble/src/sensors/as5600_sensor' with build type 'ament_python'
[1.563s] Level 1:colcon.colcon_core.shell:create_environment_hook('as5600_sensor', 'ament_prefix_path')
[1.577s] INFO:colcon.colcon_core.plugin_system:Skipping extension 'colcon_core.shell.bat': Not used on non-Windows systems
[1.578s] INFO:colcon.colcon_core.shell:Creating environment hook '/home/boat/Desktop/TAFLAB_boatpi_roshumble/src/install/as5600_sensor/share/as5600_sensor/hook/ament_prefix_path.ps1'
[1.633s] INFO:colcon.colcon_core.shell:Creating environment descriptor '/home/boat/Desktop/TAFLAB_boatpi_roshumble/src/install/as5600_sensor/share/as5600_sensor/hook/ament_prefix_path.dsv'
[1.636s] INFO:colcon.colcon_core.shell:Creating environment hook '/home/boat/Desktop/TAFLAB_boatpi_roshumble/src/install/as5600_sensor/share/as5600_sensor/hook/ament_prefix_path.sh'
[1.642s] INFO:colcon.colcon_core.shell:Skip shell extension 'powershell' for command environment: Not usable outside of PowerShell
[1.642s] DEBUG:colcon.colcon_core.shell:Skip shell extension 'dsv' for command environment
[1.659s] INFO:colcon.colcon_ros.task.ament_python.build:Building ROS package in '/home/boat/Desktop/TAFLAB_boatpi_roshumble/src/control_py' with build type 'ament_python'
[1.661s] Level 1:colcon.colcon_core.shell:create_environment_hook('control_py', 'ament_prefix_path')
[1.662s] INFO:colcon.colcon_core.shell:Creating environment hook '/home/boat/Desktop/TAFLAB_boatpi_roshumble/src/install/control_py/share/control_py/hook/ament_prefix_path.ps1'
[1.669s] INFO:colcon.colcon_core.shell:Creating environment descriptor '/home/boat/Desktop/TAFLAB_boatpi_roshumble/src/install/control_py/share/control_py/hook/ament_prefix_path.dsv'
[1.671s] INFO:colcon.colcon_core.shell:Creating environment hook '/home/boat/Desktop/TAFLAB_boatpi_roshumble/src/install/control_py/share/control_py/hook/ament_prefix_path.sh'
[1.674s] INFO:colcon.colcon_core.shell:Skip shell extension 'powershell' for command environment: Not usable outside of PowerShell
[1.674s] DEBUG:colcon.colcon_core.shell:Skip shell extension 'dsv' for command environment
[1.686s] INFO:colcon.colcon_ros.task.ament_python.build:Building ROS package in '/home/boat/Desktop/TAFLAB_boatpi_roshumble/src/sensors/gps_gt_u7' with build type 'ament_python'
[1.687s] Level 1:colcon.colcon_core.shell:create_environment_hook('gps_gt_u7', 'ament_prefix_path')
[1.688s] INFO:colcon.colcon_core.shell:Creating environment hook '/home/boat/Desktop/TAFLAB_boatpi_roshumble/src/install/gps_gt_u7/share/gps_gt_u7/hook/ament_prefix_path.ps1'
[1.692s] INFO:colcon.colcon_core.shell:Creating environment descriptor '/home/boat/Desktop/TAFLAB_boatpi_roshumble/src/install/gps_gt_u7/share/gps_gt_u7/hook/ament_prefix_path.dsv'
[1.694s] INFO:colcon.colcon_core.shell:Creating environment hook '/home/boat/Desktop/TAFLAB_boatpi_roshumble/src/install/gps_gt_u7/share/gps_gt_u7/hook/ament_prefix_path.sh'
[1.697s] INFO:colcon.colcon_core.shell:Skip shell extension 'powershell' for command environment: Not usable outside of PowerShell
[1.697s] DEBUG:colcon.colcon_core.shell:Skip shell extension 'dsv' for command environment
[1.711s] INFO:colcon.colcon_ros.task.ament_python.build:Building ROS package in '/home/boat/Desktop/TAFLAB_boatpi_roshumble/src/sensors/lis3mdl_mag' with build type 'ament_python'
[1.711s] Level 1:colcon.colcon_core.shell:create_environment_hook('lis3mdl_mag', 'ament_prefix_path')
[1.713s] INFO:colcon.colcon_core.shell:Creating environment hook '/home/boat/Desktop/TAFLAB_boatpi_roshumble/src/install/lis3mdl_mag/share/lis3mdl_mag/hook/ament_prefix_path.ps1'
[1.722s] INFO:colcon.colcon_core.shell:Creating environment descriptor '/home/boat/Desktop/TAFLAB_boatpi_roshumble/src/install/lis3mdl_mag/share/lis3mdl_mag/hook/ament_prefix_path.dsv'
[1.725s] INFO:colcon.colcon_core.shell:Creating environment hook '/home/boat/Desktop/TAFLAB_boatpi_roshumble/src/install/lis3mdl_mag/share/lis3mdl_mag/hook/ament_prefix_path.sh'
[1.727s] INFO:colcon.colcon_core.shell:Skip shell extension 'powershell' for command environment: Not usable outside of PowerShell
[1.728s] DEBUG:colcon.colcon_core.shell:Skip shell extension 'dsv' for command environment
[3.023s] INFO:colcon.colcon_core.task.python.build:Building Python package in '/home/boat/Desktop/TAFLAB_boatpi_roshumble/src/sensors/as5600_sensor'
[3.024s] INFO:colcon.colcon_core.shell:Skip shell extension 'powershell' for command environment: Not usable outside of PowerShell
[3.024s] DEBUG:colcon.colcon_core.shell:Skip shell extension 'dsv' for command environment
[4.251s] INFO:colcon.colcon_core.task.python.build:Building Python package in '/home/boat/Desktop/TAFLAB_boatpi_roshumble/src/control_py'
[4.252s] INFO:colcon.colcon_core.shell:Skip shell extension 'powershell' for command environment: Not usable outside of PowerShell
[4.253s] DEBUG:colcon.colcon_core.shell:Skip shell extension 'dsv' for command environment
[5.233s] INFO:colcon.colcon_core.task.python.build:Building Python package in '/home/boat/Desktop/TAFLAB_boatpi_roshumble/src/sensors/gps_gt_u7'
[5.234s] INFO:colcon.colcon_core.shell:Skip shell extension 'powershell' for command environment: Not usable outside of PowerShell
[5.234s] DEBUG:colcon.colcon_core.shell:Skip shell extension 'dsv' for command environment
[6.198s] INFO:colcon.colcon_core.task.python.build:Building Python package in '/home/boat/Desktop/TAFLAB_boatpi_roshumble/src/sensors/lis3mdl_mag'
[6.200s] INFO:colcon.colcon_core.shell:Skip shell extension 'powershell' for command environment: Not usable outside of PowerShell
[6.200s] DEBUG:colcon.colcon_core.shell:Skip shell extension 'dsv' for command environment
[8.180s] DEBUG:colcon.colcon_core.event_handler.log_command:Invoking command in '/home/boat/Desktop/TAFLAB_boatpi_roshumble/src/sensors/gps_gt_u7': PYTHONPATH=/home/boat/Desktop/TAFLAB_boatpi_roshumble/src/build/gps_gt_u7/prefix_override:/usr/lib/python3/dist-packages/colcon_core/task/python/colcon_distutils_commands:/home/boat/Desktop/TAFLAB_boatpi_roshumble/src/install/gps_gt_u7/lib/python3.10/site-packages:${PYTHONPATH} /usr/bin/python3 -W ignore:setup.py install is deprecated setup.py egg_info --egg-base ../../build/gps_gt_u7 build --build-base /home/boat/Desktop/TAFLAB_boatpi_roshumble/src/build/gps_gt_u7/build install --record /home/boat/Desktop/TAFLAB_boatpi_roshumble/src/build/gps_gt_u7/install.log --single-version-externally-managed install_data
[8.358s] DEBUG:colcon.colcon_core.event_handler.log_command:Invoking command in '/home/boat/Desktop/TAFLAB_boatpi_roshumble/src/sensors/as5600_sensor': PYTHONPATH=/home/boat/Desktop/TAFLAB_boatpi_roshumble/src/build/as5600_sensor/prefix_override:/usr/lib/python3/dist-packages/colcon_core/task/python/colcon_distutils_commands:/home/boat/Desktop/TAFLAB_boatpi_roshumble/src/install/as5600_sensor/lib/python3.10/site-packages:${PYTHONPATH} /usr/bin/python3 -W ignore:setup.py install is deprecated setup.py egg_info --egg-base ../../build/as5600_sensor build --build-base /home/boat/Desktop/TAFLAB_boatpi_roshumble/src/build/as5600_sensor/build install --record /home/boat/Desktop/TAFLAB_boatpi_roshumble/src/build/as5600_sensor/install.log --single-version-externally-managed install_data
[8.794s] DEBUG:colcon.colcon_core.event_handler.log_command:Invoking command in '/home/boat/Desktop/TAFLAB_boatpi_roshumble/src/control_py': PYTHONPATH=/home/boat/Desktop/TAFLAB_boatpi_roshumble/src/build/control_py/prefix_override:/usr/lib/python3/dist-packages/colcon_core/task/python/colcon_distutils_commands:/home/boat/Desktop/TAFLAB_boatpi_roshumble/src/install/control_py/lib/python3.10/site-packages:${PYTHONPATH} /usr/bin/python3 -W ignore:setup.py install is deprecated setup.py egg_info --egg-base ../build/control_py build --build-base /home/boat/Desktop/TAFLAB_boatpi_roshumble/src/build/control_py/build install --record /home/boat/Desktop/TAFLAB_boatpi_roshumble/src/build/control_py/install.log --single-version-externally-managed install_data
[8.849s] DEBUG:colcon.colcon_core.event_handler.log_command:Invoking command in '/home/boat/Desktop/TAFLAB_boatpi_roshumble/src/sensors/lis3mdl_mag': PYTHONPATH=/home/boat/Desktop/TAFLAB_boatpi_roshumble/src/build/lis3mdl_mag/prefix_override:/usr/lib/python3/dist-packages/colcon_core/task/python/colcon_distutils_commands:/home/boat/Desktop/TAFLAB_boatpi_roshumble/src/install/lis3mdl_mag/lib/python3.10/site-packages:${PYTHONPATH} /usr/bin/python3 -W ignore:setup.py install is deprecated setup.py egg_info --egg-base ../../build/lis3mdl_mag build --build-base /home/boat/Desktop/TAFLAB_boatpi_roshumble/src/build/lis3mdl_mag/build install --record /home/boat/Desktop/TAFLAB_boatpi_roshumble/src/build/lis3mdl_mag/install.log --single-version-externally-managed install_data
[10.657s] DEBUG:colcon.colcon_core.event_handler.log_command:Invoked command in '/home/boat/Desktop/TAFLAB_boatpi_roshumble/src/sensors/as5600_sensor' returned '0': PYTHONPATH=/home/boat/Desktop/TAFLAB_boatpi_roshumble/src/build/as5600_sensor/prefix_override:/usr/lib/python3/dist-packages/colcon_core/task/python/colcon_distutils_commands:/home/boat/Desktop/TAFLAB_boatpi_roshumble/src/install/as5600_sensor/lib/python3.10/site-packages:${PYTHONPATH} /usr/bin/python3 -W ignore:setup.py install is deprecated setup.py egg_info --egg-base ../../build/as5600_sensor build --build-base /home/boat/Desktop/TAFLAB_boatpi_roshumble/src/build/as5600_sensor/build install --record /home/boat/Desktop/TAFLAB_boatpi_roshumble/src/build/as5600_sensor/install.log --single-version-externally-managed install_data
[10.661s] Level 1:colcon.colcon_core.environment:checking '/home/boat/Desktop/TAFLAB_boatpi_roshumble/src/install/as5600_sensor' for CMake module files
[10.663s] Level 1:colcon.colcon_core.environment:checking '/home/boat/Desktop/TAFLAB_boatpi_roshumble/src/install/as5600_sensor' for CMake config files
[10.668s] Level 1:colcon.colcon_core.environment:checking '/home/boat/Desktop/TAFLAB_boatpi_roshumble/src/install/as5600_sensor/lib'
[10.669s] Level 1:colcon.colcon_core.environment:checking '/home/boat/Desktop/TAFLAB_boatpi_roshumble/src/install/as5600_sensor/bin'
[10.670s] Level 1:colcon.colcon_core.environment:checking '/home/boat/Desktop/TAFLAB_boatpi_roshumble/src/install/as5600_sensor/lib/pkgconfig/as5600_sensor.pc'
[10.671s] Level 1:colcon.colcon_core.environment:checking '/home/boat/Desktop/TAFLAB_boatpi_roshumble/src/install/as5600_sensor/lib/python3.10/site-packages'
[10.672s] Level 1:colcon.colcon_core.shell:create_environment_hook('as5600_sensor', 'pythonpath')
[10.673s] INFO:colcon.colcon_core.shell:Creating environment hook '/home/boat/Desktop/TAFLAB_boatpi_roshumble/src/install/as5600_sensor/share/as5600_sensor/hook/pythonpath.ps1'
[10.677s] INFO:colcon.colcon_core.shell:Creating environment descriptor '/home/boat/Desktop/TAFLAB_boatpi_roshumble/src/install/as5600_sensor/share/as5600_sensor/hook/pythonpath.dsv'
[10.681s] INFO:colcon.colcon_core.shell:Creating environment hook '/home/boat/Desktop/TAFLAB_boatpi_roshumble/src/install/as5600_sensor/share/as5600_sensor/hook/pythonpath.sh'
[10.687s] Level 1:colcon.colcon_core.environment:checking '/home/boat/Desktop/TAFLAB_boatpi_roshumble/src/install/as5600_sensor/bin'
[10.687s] Level 1:colcon.colcon_core.environment:create_environment_scripts_only(as5600_sensor)
[10.689s] INFO:colcon.colcon_core.shell:Creating package script '/home/boat/Desktop/TAFLAB_boatpi_roshumble/src/install/as5600_sensor/share/as5600_sensor/package.ps1'
[10.700s] INFO:colcon.colcon_core.shell:Creating package descriptor '/home/boat/Desktop/TAFLAB_boatpi_roshumble/src/install/as5600_sensor/share/as5600_sensor/package.dsv'
[10.704s] INFO:colcon.colcon_core.shell:Creating package script '/home/boat/Desktop/TAFLAB_boatpi_roshumble/src/install/as5600_sensor/share/as5600_sensor/package.sh'
[10.709s] INFO:colcon.colcon_core.shell:Creating package script '/home/boat/Desktop/TAFLAB_boatpi_roshumble/src/install/as5600_sensor/share/as5600_sensor/package.bash'
[10.715s] INFO:colcon.colcon_core.shell:Creating package script '/home/boat/Desktop/TAFLAB_boatpi_roshumble/src/install/as5600_sensor/share/as5600_sensor/package.zsh'
[10.719s] Level 1:colcon.colcon_core.environment:create_file_with_runtime_dependencies(/home/boat/Desktop/TAFLAB_boatpi_roshumble/src/install/as5600_sensor/share/colcon-core/packages/as5600_sensor)
[10.728s] INFO:colcon.colcon_ros.task.ament_cmake.build:Building ROS package in '/home/boat/Desktop/TAFLAB_boatpi_roshumble/src/taflab_msgs' with build type 'ament_cmake'
[10.729s] INFO:colcon.colcon_cmake.task.cmake.build:Building CMake package in '/home/boat/Desktop/TAFLAB_boatpi_roshumble/src/taflab_msgs'
[10.730s] INFO:colcon.colcon_core.shell:Skip shell extension 'powershell' for command environment: Not usable outside of PowerShell
[10.731s] DEBUG:colcon.colcon_core.shell:Skip shell extension 'dsv' for command environment
[10.777s] DEBUG:colcon.colcon_core.event_handler.log_command:Invoking command in '/home/boat/Desktop/TAFLAB_boatpi_roshumble/src/build/taflab_msgs': CMAKE_PREFIX_PATH=/opt/ros/humble /usr/bin/cmake /home/boat/Desktop/TAFLAB_boatpi_roshumble/src/taflab_msgs -DCMAKE_INSTALL_PREFIX=/home/boat/Desktop/TAFLAB_boatpi_roshumble/src/install/taflab_msgs
[11.430s] Level 1:colcon.colcon_core.environment:checking '/home/boat/Desktop/TAFLAB_boatpi_roshumble/src/install/gps_gt_u7' for CMake module files
[11.435s] DEBUG:colcon.colcon_core.event_handler.log_command:Invoked command in '/home/boat/Desktop/TAFLAB_boatpi_roshumble/src/sensors/gps_gt_u7' returned '0': PYTHONPATH=/home/boat/Desktop/TAFLAB_boatpi_roshumble/src/build/gps_gt_u7/prefix_override:/usr/lib/python3/dist-packages/colcon_core/task/python/colcon_distutils_commands:/home/boat/Desktop/TAFLAB_boatpi_roshumble/src/install/gps_gt_u7/lib/python3.10/site-packages:${PYTHONPATH} /usr/bin/python3 -W ignore:setup.py install is deprecated setup.py egg_info --egg-base ../../build/gps_gt_u7 build --build-base /home/boat/Desktop/TAFLAB_boatpi_roshumble/src/build/gps_gt_u7/build install --record /home/boat/Desktop/TAFLAB_boatpi_roshumble/src/build/gps_gt_u7/install.log --single-version-externally-managed install_data
[11.438s] Level 1:colcon.colcon_core.environment:checking '/home/boat/Desktop/TAFLAB_boatpi_roshumble/src/install/gps_gt_u7' for CMake config files
[11.457s] Level 1:colcon.colcon_core.environment:checking '/home/boat/Desktop/TAFLAB_boatpi_roshumble/src/install/gps_gt_u7/lib'
[11.458s] Level 1:colcon.colcon_core.environment:checking '/home/boat/Desktop/TAFLAB_boatpi_roshumble/src/install/gps_gt_u7/bin'
[11.460s] Level 1:colcon.colcon_core.environment:checking '/home/boat/Desktop/TAFLAB_boatpi_roshumble/src/install/gps_gt_u7/lib/pkgconfig/gps_gt_u7.pc'
[11.462s] Level 1:colcon.colcon_core.environment:checking '/home/boat/Desktop/TAFLAB_boatpi_roshumble/src/install/gps_gt_u7/lib/python3.10/site-packages'
[11.463s] Level 1:colcon.colcon_core.shell:create_environment_hook('gps_gt_u7', 'pythonpath')
[11.464s] INFO:colcon.colcon_core.shell:Creating environment hook '/home/boat/Desktop/TAFLAB_boatpi_roshumble/src/install/gps_gt_u7/share/gps_gt_u7/hook/pythonpath.ps1'
[11.473s] INFO:colcon.colcon_core.shell:Creating environment descriptor '/home/boat/Desktop/TAFLAB_boatpi_roshumble/src/install/gps_gt_u7/share/gps_gt_u7/hook/pythonpath.dsv'
[11.478s] INFO:colcon.colcon_core.shell:Creating environment hook '/home/boat/Desktop/TAFLAB_boatpi_roshumble/src/install/gps_gt_u7/share/gps_gt_u7/hook/pythonpath.sh'
[11.487s] Level 1:colcon.colcon_core.environment:checking '/home/boat/Desktop/TAFLAB_boatpi_roshumble/src/install/gps_gt_u7/bin'
[11.488s] Level 1:colcon.colcon_core.environment:create_environment_scripts_only(gps_gt_u7)
[11.497s] INFO:colcon.colcon_core.shell:Creating package script '/home/boat/Desktop/TAFLAB_boatpi_roshumble/src/install/gps_gt_u7/share/gps_gt_u7/package.ps1'
[11.516s] INFO:colcon.colcon_core.shell:Creating package descriptor '/home/boat/Desktop/TAFLAB_boatpi_roshumble/src/install/gps_gt_u7/share/gps_gt_u7/package.dsv'
[11.524s] INFO:colcon.colcon_core.shell:Creating package script '/home/boat/Desktop/TAFLAB_boatpi_roshumble/src/install/gps_gt_u7/share/gps_gt_u7/package.sh'
[11.532s] INFO:colcon.colcon_core.shell:Creating package script '/home/boat/Desktop/TAFLAB_boatpi_roshumble/src/install/gps_gt_u7/share/gps_gt_u7/package.bash'
[11.538s] INFO:colcon.colcon_core.shell:Creating package script '/home/boat/Desktop/TAFLAB_boatpi_roshumble/src/install/gps_gt_u7/share/gps_gt_u7/package.zsh'
[11.544s] Level 1:colcon.colcon_core.environment:create_file_with_runtime_dependencies(/home/boat/Desktop/TAFLAB_boatpi_roshumble/src/install/gps_gt_u7/share/colcon-core/packages/gps_gt_u7)
[11.565s] INFO:colcon.colcon_ros.task.ament_python.build:Building ROS package in '/home/boat/Desktop/TAFLAB_boatpi_roshumble/src/comms/xbee_node' with build type 'ament_python'
[11.567s] Level 1:colcon.colcon_core.shell:create_environment_hook('xbee_node', 'ament_prefix_path')
[11.571s] INFO:colcon.colcon_core.shell:Creating environment hook '/home/boat/Desktop/TAFLAB_boatpi_roshumble/src/install/xbee_node/share/xbee_node/hook/ament_prefix_path.ps1'
[11.577s] INFO:colcon.colcon_core.shell:Creating environment descriptor '/home/boat/Desktop/TAFLAB_boatpi_roshumble/src/install/xbee_node/share/xbee_node/hook/ament_prefix_path.dsv'
[11.582s] INFO:colcon.colcon_core.shell:Creating environment hook '/home/boat/Desktop/TAFLAB_boatpi_roshumble/src/install/xbee_node/share/xbee_node/hook/ament_prefix_path.sh'
[11.587s] INFO:colcon.colcon_core.shell:Skip shell extension 'powershell' for command environment: Not usable outside of PowerShell
[11.588s] DEBUG:colcon.colcon_core.shell:Skip shell extension 'dsv' for command environment
[11.612s] Level 1:colcon.colcon_core.environment:checking '/home/boat/Desktop/TAFLAB_boatpi_roshumble/src/install/control_py' for CMake module files
[11.615s] DEBUG:colcon.colcon_core.event_handler.log_command:Invoked command in '/home/boat/Desktop/TAFLAB_boatpi_roshumble/src/control_py' returned '0': PYTHONPATH=/home/boat/Desktop/TAFLAB_boatpi_roshumble/src/build/control_py/prefix_override:/usr/lib/python3/dist-packages/colcon_core/task/python/colcon_distutils_commands:/home/boat/Desktop/TAFLAB_boatpi_roshumble/src/install/control_py/lib/python3.10/site-packages:${PYTHONPATH} /usr/bin/python3 -W ignore:setup.py install is deprecated setup.py egg_info --egg-base ../build/control_py build --build-base /home/boat/Desktop/TAFLAB_boatpi_roshumble/src/build/control_py/build install --record /home/boat/Desktop/TAFLAB_boatpi_roshumble/src/build/control_py/install.log --single-version-externally-managed install_data
[11.617s] Level 1:colcon.colcon_core.environment:checking '/home/boat/Desktop/TAFLAB_boatpi_roshumble/src/install/control_py' for CMake config files
[11.621s] Level 1:colcon.colcon_core.environment:checking '/home/boat/Desktop/TAFLAB_boatpi_roshumble/src/install/control_py/lib'
[11.622s] Level 1:colcon.colcon_core.environment:checking '/home/boat/Desktop/TAFLAB_boatpi_roshumble/src/install/control_py/bin'
[11.622s] Level 1:colcon.colcon_core.environment:checking '/home/boat/Desktop/TAFLAB_boatpi_roshumble/src/install/control_py/lib/pkgconfig/control_py.pc'
[11.623s] Level 1:colcon.colcon_core.environment:checking '/home/boat/Desktop/TAFLAB_boatpi_roshumble/src/install/control_py/lib/python3.10/site-packages'
[11.624s] Level 1:colcon.colcon_core.shell:create_environment_hook('control_py', 'pythonpath')
[11.625s] INFO:colcon.colcon_core.shell:Creating environment hook '/home/boat/Desktop/TAFLAB_boatpi_roshumble/src/install/control_py/share/control_py/hook/pythonpath.ps1'
[11.627s] INFO:colcon.colcon_core.shell:Creating environment descriptor '/home/boat/Desktop/TAFLAB_boatpi_roshumble/src/install/control_py/share/control_py/hook/pythonpath.dsv'
[11.630s] INFO:colcon.colcon_core.shell:Creating environment hook '/home/boat/Desktop/TAFLAB_boatpi_roshumble/src/install/control_py/share/control_py/hook/pythonpath.sh'
[11.633s] Level 1:colcon.colcon_core.environment:checking '/home/boat/Desktop/TAFLAB_boatpi_roshumble/src/install/control_py/bin'
[11.634s] Level 1:colcon.colcon_core.environment:create_environment_scripts_only(control_py)
[11.636s] INFO:colcon.colcon_core.shell:Creating package script '/home/boat/Desktop/TAFLAB_boatpi_roshumble/src/install/control_py/share/control_py/package.ps1'
[11.639s] INFO:colcon.colcon_core.shell:Creating package descriptor '/home/boat/Desktop/TAFLAB_boatpi_roshumble/src/install/control_py/share/control_py/package.dsv'
[11.642s] INFO:colcon.colcon_core.shell:Creating package script '/home/boat/Desktop/TAFLAB_boatpi_roshumble/src/install/control_py/share/control_py/package.sh'
[11.644s] INFO:colcon.colcon_core.shell:Creating package script '/home/boat/Desktop/TAFLAB_boatpi_roshumble/src/install/control_py/share/control_py/package.bash'
[11.647s] INFO:colcon.colcon_core.shell:Creating package script '/home/boat/Desktop/TAFLAB_boatpi_roshumble/src/install/control_py/share/control_py/package.zsh'
[11.650s] Level 1:colcon.colcon_core.environment:create_file_with_runtime_dependencies(/home/boat/Desktop/TAFLAB_boatpi_roshumble/src/install/control_py/share/colcon-core/packages/control_py)
[11.653s] Level 1:colcon.colcon_core.environment:checking '/home/boat/Desktop/TAFLAB_boatpi_roshumble/src/install/lis3mdl_mag' for CMake module files
[11.657s] DEBUG:colcon.colcon_core.event_handler.log_command:Invoked command in '/home/boat/Desktop/TAFLAB_boatpi_roshumble/src/sensors/lis3mdl_mag' returned '0': PYTHONPATH=/home/boat/Desktop/TAFLAB_boatpi_roshumble/src/build/lis3mdl_mag/prefix_override:/usr/lib/python3/dist-packages/colcon_core/task/python/colcon_distutils_commands:/home/boat/Desktop/TAFLAB_boatpi_roshumble/src/install/lis3mdl_mag/lib/python3.10/site-packages:${PYTHONPATH} /usr/bin/python3 -W ignore:setup.py install is deprecated setup.py egg_info --egg-base ../../build/lis3mdl_mag build --build-base /home/boat/Desktop/TAFLAB_boatpi_roshumble/src/build/lis3mdl_mag/build install --record /home/boat/Desktop/TAFLAB_boatpi_roshumble/src/build/lis3mdl_mag/install.log --single-version-externally-managed install_data
[11.659s] Level 1:colcon.colcon_core.environment:checking '/home/boat/Desktop/TAFLAB_boatpi_roshumble/src/install/lis3mdl_mag' for CMake config files
[11.663s] Level 1:colcon.colcon_core.environment:checking '/home/boat/Desktop/TAFLAB_boatpi_roshumble/src/install/lis3mdl_mag/lib'
[11.664s] Level 1:colcon.colcon_core.environment:checking '/home/boat/Desktop/TAFLAB_boatpi_roshumble/src/install/lis3mdl_mag/bin'
[11.665s] Level 1:colcon.colcon_core.environment:checking '/home/boat/Desktop/TAFLAB_boatpi_roshumble/src/install/lis3mdl_mag/lib/pkgconfig/lis3mdl_mag.pc'
[11.666s] Level 1:colcon.colcon_core.environment:checking '/home/boat/Desktop/TAFLAB_boatpi_roshumble/src/install/lis3mdl_mag/lib/python3.10/site-packages'
[11.667s] Level 1:colcon.colcon_core.shell:create_environment_hook('lis3mdl_mag', 'pythonpath')
[11.668s] INFO:colcon.colcon_core.shell:Creating environment hook '/home/boat/Desktop/TAFLAB_boatpi_roshumble/src/install/lis3mdl_mag/share/lis3mdl_mag/hook/pythonpath.ps1'
[11.671s] INFO:colcon.colcon_core.shell:Creating environment descriptor '/home/boat/Desktop/TAFLAB_boatpi_roshumble/src/install/lis3mdl_mag/share/lis3mdl_mag/hook/pythonpath.dsv'
[11.673s] INFO:colcon.colcon_core.shell:Creating environment hook '/home/boat/Desktop/TAFLAB_boatpi_roshumble/src/install/lis3mdl_mag/share/lis3mdl_mag/hook/pythonpath.sh'
[11.677s] Level 1:colcon.colcon_core.environment:checking '/home/boat/Desktop/TAFLAB_boatpi_roshumble/src/install/lis3mdl_mag/bin'
[11.677s] Level 1:colcon.colcon_core.environment:create_environment_scripts_only(lis3mdl_mag)
[11.679s] INFO:colcon.colcon_core.shell:Creating package script '/home/boat/Desktop/TAFLAB_boatpi_roshumble/src/install/lis3mdl_mag/share/lis3mdl_mag/package.ps1'
[11.682s] INFO:colcon.colcon_core.shell:Creating package descriptor '/home/boat/Desktop/TAFLAB_boatpi_roshumble/src/install/lis3mdl_mag/share/lis3mdl_mag/package.dsv'
[11.685s] INFO:colcon.colcon_core.shell:Creating package script '/home/boat/Desktop/TAFLAB_boatpi_roshumble/src/install/lis3mdl_mag/share/lis3mdl_mag/package.sh'
[11.688s] INFO:colcon.colcon_core.shell:Creating package script '/home/boat/Desktop/TAFLAB_boatpi_roshumble/src/install/lis3mdl_mag/share/lis3mdl_mag/package.bash'
[11.690s] INFO:colcon.colcon_core.shell:Creating package script '/home/boat/Desktop/TAFLAB_boatpi_roshumble/src/install/lis3mdl_mag/share/lis3mdl_mag/package.zsh'
[11.692s] Level 1:colcon.colcon_core.environment:create_file_with_runtime_dependencies(/home/boat/Desktop/TAFLAB_boatpi_roshumble/src/install/lis3mdl_mag/share/colcon-core/packages/lis3mdl_mag)
[12.925s] INFO:colcon.colcon_core.task.python.build:Building Python package in '/home/boat/Desktop/TAFLAB_boatpi_roshumble/src/comms/xbee_node'
[12.926s] INFO:colcon.colcon_core.shell:Skip shell extension 'powershell' for command environment: Not usable outside of PowerShell
[12.927s] DEBUG:colcon.colcon_core.shell:Skip shell extension 'dsv' for command environment
[13.306s] DEBUG:colcon.colcon_core.event_handler.log_command:Invoked command in '/home/boat/Desktop/TAFLAB_boatpi_roshumble/src/build/taflab_msgs' returned '1': CMAKE_PREFIX_PATH=/opt/ros/humble /usr/bin/cmake /home/boat/Desktop/TAFLAB_boatpi_roshumble/src/taflab_msgs -DCMAKE_INSTALL_PREFIX=/home/boat/Desktop/TAFLAB_boatpi_roshumble/src/install/taflab_msgs
[13.352s] Level 1:colcon.colcon_core.environment:create_environment_scripts_only(taflab_msgs)
[13.353s] Level 1:colcon.colcon_core.environment:checking '/home/boat/Desktop/TAFLAB_boatpi_roshumble/src/install/taflab_msgs' for CMake module files
[13.355s] Level 1:colcon.colcon_core.environment:checking '/home/boat/Desktop/TAFLAB_boatpi_roshumble/src/install/taflab_msgs' for CMake config files
[13.356s] Level 1:colcon.colcon_core.environment:checking '/home/boat/Desktop/TAFLAB_boatpi_roshumble/src/install/taflab_msgs/bin'
[13.357s] Level 1:colcon.colcon_core.environment:checking '/home/boat/Desktop/TAFLAB_boatpi_roshumble/src/install/taflab_msgs/lib/pkgconfig/taflab_msgs.pc'
[13.357s] Level 1:colcon.colcon_core.environment:checking '/home/boat/Desktop/TAFLAB_boatpi_roshumble/src/install/taflab_msgs/lib/python3.10/site-packages'
[13.358s] Level 1:colcon.colcon_core.environment:checking '/home/boat/Desktop/TAFLAB_boatpi_roshumble/src/install/taflab_msgs/bin'
[13.359s] INFO:colcon.colcon_core.shell:Creating package script '/home/boat/Desktop/TAFLAB_boatpi_roshumble/src/install/taflab_msgs/share/taflab_msgs/package.ps1'
[13.362s] INFO:colcon.colcon_core.shell:Creating package descriptor '/home/boat/Desktop/TAFLAB_boatpi_roshumble/src/install/taflab_msgs/share/taflab_msgs/package.dsv'
[13.363s] INFO:colcon.colcon_core.shell:Creating package script '/home/boat/Desktop/TAFLAB_boatpi_roshumble/src/install/taflab_msgs/share/taflab_msgs/package.sh'
[13.365s] INFO:colcon.colcon_core.shell:Creating package script '/home/boat/Desktop/TAFLAB_boatpi_roshumble/src/install/taflab_msgs/share/taflab_msgs/package.bash'
[13.367s] INFO:colcon.colcon_core.shell:Creating package script '/home/boat/Desktop/TAFLAB_boatpi_roshumble/src/install/taflab_msgs/share/taflab_msgs/package.zsh'
[13.369s] Level 1:colcon.colcon_core.environment:create_file_with_runtime_dependencies(/home/boat/Desktop/TAFLAB_boatpi_roshumble/src/install/taflab_msgs/share/colcon-core/packages/taflab_msgs)
[14.316s] DEBUG:colcon.colcon_parallel_executor.executor.parallel:closing loop
[14.317s] DEBUG:colcon.colcon_parallel_executor.executor.parallel:loop closed
[14.317s] DEBUG:colcon.colcon_parallel_executor.executor.parallel:run_until_complete finished with '1'
[14.317s] DEBUG:colcon.colcon_core.event_reactor:joining thread
[14.344s] INFO:colcon.colcon_core.plugin_system:Skipping extension 'colcon_notification.desktop_notification.terminal_notifier': Not used on non-Darwin systems
[14.344s] INFO:colcon.colcon_core.plugin_system:Skipping extension 'colcon_notification.desktop_notification.win32': Not used on non-Windows systems
[14.344s] INFO:colcon.colcon_notification.desktop_notification:Sending desktop notification using 'notify2'
[14.349s] DEBUG:colcon.colcon_notification.desktop_notification.notify2:Failed to initialize notify2: org.freedesktop.DBus.Error.ServiceUnknown: The name org.freedesktop.Notifications was not provided by any .service files
[14.350s] DEBUG:colcon.colcon_core.event_reactor:joined thread
[14.351s] INFO:colcon.colcon_core.shell:Creating prefix script '/home/boat/Desktop/TAFLAB_boatpi_roshumble/src/install/local_setup.ps1'
[14.354s] INFO:colcon.colcon_core.shell:Creating prefix util module '/home/boat/Desktop/TAFLAB_boatpi_roshumble/src/install/_local_setup_util_ps1.py'
[14.360s] INFO:colcon.colcon_core.shell:Creating prefix chain script '/home/boat/Desktop/TAFLAB_boatpi_roshumble/src/install/setup.ps1'
[14.364s] INFO:colcon.colcon_core.shell:Creating prefix script '/home/boat/Desktop/TAFLAB_boatpi_roshumble/src/install/local_setup.sh'
[14.367s] INFO:colcon.colcon_core.shell:Creating prefix util module '/home/boat/Desktop/TAFLAB_boatpi_roshumble/src/install/_local_setup_util_sh.py'
[14.370s] INFO:colcon.colcon_core.shell:Creating prefix chain script '/home/boat/Desktop/TAFLAB_boatpi_roshumble/src/install/setup.sh'
[14.374s] INFO:colcon.colcon_core.shell:Creating prefix script '/home/boat/Desktop/TAFLAB_boatpi_roshumble/src/install/local_setup.bash'
[14.377s] INFO:colcon.colcon_core.shell:Creating prefix chain script '/home/boat/Desktop/TAFLAB_boatpi_roshumble/src/install/setup.bash'
[14.381s] INFO:colcon.colcon_core.shell:Creating prefix script '/home/boat/Desktop/TAFLAB_boatpi_roshumble/src/install/local_setup.zsh'
[14.385s] INFO:colcon.colcon_core.shell:Creating prefix chain script '/home/boat/Desktop/TAFLAB_boatpi_roshumble/src/install/setup.zsh'
