[0.749s] DEBUG:colcon:Command line arguments: ['/home/boat/.local/bin/colcon', 'build', '--packages-select', 'boat_control_system_final']
[0.749s] DEBUG:colcon:Parsed command line arguments: Namespace(log_base=None, log_level=None, verb_name='build', build_base='build', install_base='install', merge_install=False, symlink_install=False, test_result_base=None, continue_on_error=False, executor='parallel', parallel_workers=4, event_handlers=None, ignore_user_meta=False, metas=['./colcon.meta'], base_paths=['.'], packages_ignore=None, packages_ignore_regex=None, paths=None, packages_up_to=None, packages_up_to_regex=None, packages_above=None, packages_above_and_dependencies=None, packages_above_depth=None, packages_select_by_dep=None, packages_skip_by_dep=None, packages_skip_up_to=None, packages_select_build_failed=False, packages_skip_build_finished=False, packages_select_test_failures=False, packages_skip_test_passed=False, packages_select=['boat_control_system_final'], packages_skip=None, packages_select_regex=None, packages_skip_regex=None, packages_start=None, packages_end=None, cmake_args=None, cmake_target=None, cmake_target_skip_unavailable=False, cmake_clean_cache=False, cmake_clean_first=False, cmake_force_configure=False, ament_cmake_args=None, catkin_cmake_args=None, catkin_skip_building_tests=False, verb_parser=<colcon_defaults.argument_parser.defaults.DefaultArgumentsDecorator object at 0xffff8bbfd120>, verb_extension=<colcon_core.verb.build.BuildVerb object at 0xffff8bbfcbe0>, main=<bound method BuildVerb.main of <colcon_core.verb.build.BuildVerb object at 0xffff8bbfcbe0>>)
[1.686s] Level 1:colcon.colcon_core.package_discovery:discover_packages(colcon_meta) check parameters
[1.687s] Level 1:colcon.colcon_core.package_discovery:discover_packages(recursive) check parameters
[1.687s] Level 1:colcon.colcon_core.package_discovery:discover_packages(ignore) check parameters
[1.687s] Level 1:colcon.colcon_core.package_discovery:discover_packages(path) check parameters
[1.687s] Level 1:colcon.colcon_core.package_discovery:discover_packages(colcon_meta) discover
[1.688s] Level 1:colcon.colcon_core.package_discovery:discover_packages(recursive) discover
[1.688s] INFO:colcon.colcon_core.package_discovery:Crawling recursively for packages in '/home/boat/Desktop/src/boat_control_system_final'
[1.688s] Level 1:colcon.colcon_core.package_identification:_identify(.) by extensions ['ignore', 'ignore_ament_install']
[1.689s] Level 1:colcon.colcon_core.package_identification:_identify(.) by extension 'ignore'
[1.689s] Level 1:colcon.colcon_core.package_identification:_identify(.) by extension 'ignore_ament_install'
[1.690s] Level 1:colcon.colcon_core.package_identification:_identify(.) by extensions ['colcon_pkg']
[1.690s] Level 1:colcon.colcon_core.package_identification:_identify(.) by extension 'colcon_pkg'
[1.691s] Level 1:colcon.colcon_core.package_identification:_identify(.) by extensions ['colcon_meta']
[1.691s] Level 1:colcon.colcon_core.package_identification:_identify(.) by extension 'colcon_meta'
[1.691s] Level 1:colcon.colcon_core.package_identification:_identify(.) by extensions ['ros']
[1.692s] Level 1:colcon.colcon_core.package_identification:_identify(.) by extension 'ros'
[1.751s] DEBUG:colcon.colcon_core.package_identification:Package '.' with type 'ros.ament_cmake' and name 'boat_control_system_final'
[1.752s] Level 1:colcon.colcon_core.package_discovery:discover_packages(recursive) using defaults
[1.752s] Level 1:colcon.colcon_core.package_discovery:discover_packages(ignore) discover
[1.752s] Level 1:colcon.colcon_core.package_discovery:discover_packages(ignore) using defaults
[1.752s] Level 1:colcon.colcon_core.package_discovery:discover_packages(path) discover
[1.753s] Level 1:colcon.colcon_core.package_discovery:discover_packages(path) using defaults
[1.844s] Level 5:colcon.colcon_core.verb:set package 'boat_control_system_final' build argument 'cmake_args' from command line to 'None'
[1.844s] Level 5:colcon.colcon_core.verb:set package 'boat_control_system_final' build argument 'cmake_target' from command line to 'None'
[1.845s] Level 5:colcon.colcon_core.verb:set package 'boat_control_system_final' build argument 'cmake_target_skip_unavailable' from command line to 'False'
[1.845s] Level 5:colcon.colcon_core.verb:set package 'boat_control_system_final' build argument 'cmake_clean_cache' from command line to 'False'
[1.845s] Level 5:colcon.colcon_core.verb:set package 'boat_control_system_final' build argument 'cmake_clean_first' from command line to 'False'
[1.845s] Level 5:colcon.colcon_core.verb:set package 'boat_control_system_final' build argument 'cmake_force_configure' from command line to 'False'
[1.845s] Level 5:colcon.colcon_core.verb:set package 'boat_control_system_final' build argument 'ament_cmake_args' from command line to 'None'
[1.845s] Level 5:colcon.colcon_core.verb:set package 'boat_control_system_final' build argument 'catkin_cmake_args' from command line to 'None'
[1.845s] Level 5:colcon.colcon_core.verb:set package 'boat_control_system_final' build argument 'catkin_skip_building_tests' from command line to 'False'
[1.846s] DEBUG:colcon.colcon_core.verb:Building package 'boat_control_system_final' with the following arguments: {'ament_cmake_args': None, 'build_base': '/home/boat/Desktop/src/boat_control_system_final/build/boat_control_system_final', 'catkin_cmake_args': None, 'catkin_skip_building_tests': False, 'cmake_args': None, 'cmake_clean_cache': False, 'cmake_clean_first': False, 'cmake_force_configure': False, 'cmake_target': None, 'cmake_target_skip_unavailable': False, 'install_base': '/home/boat/Desktop/src/boat_control_system_final/install/boat_control_system_final', 'merge_install': False, 'path': '/home/boat/Desktop/src/boat_control_system_final', 'symlink_install': False, 'test_result_base': None}
[1.846s] INFO:colcon.colcon_core.executor:Executing jobs using 'parallel' executor
[1.851s] DEBUG:colcon.colcon_parallel_executor.executor.parallel:run_until_complete
[1.853s] INFO:colcon.colcon_ros.task.ament_cmake.build:Building ROS package in '/home/boat/Desktop/src/boat_control_system_final' with build type 'ament_cmake'
[1.853s] INFO:colcon.colcon_cmake.task.cmake.build:Building CMake package in '/home/boat/Desktop/src/boat_control_system_final'
[1.867s] INFO:colcon.colcon_core.plugin_system:Skipping extension 'colcon_core.shell.bat': Not used on non-Windows systems
[1.868s] INFO:colcon.colcon_core.shell:Skip shell extension 'powershell' for command environment: Not usable outside of PowerShell
[1.868s] DEBUG:colcon.colcon_core.shell:Skip shell extension 'dsv' for command environment
[1.924s] DEBUG:colcon.colcon_core.event_handler.log_command:Invoking command in '/home/boat/Desktop/src/boat_control_system_final/build/boat_control_system_final': CMAKE_PREFIX_PATH=/opt/ros/humble /usr/bin/cmake --build /home/boat/Desktop/src/boat_control_system_final/build/boat_control_system_final -- -j4 -l4
[19.125s] DEBUG:colcon.colcon_core.event_handler.log_command:Invoked command in '/home/boat/Desktop/src/boat_control_system_final/build/boat_control_system_final' returned '2': CMAKE_PREFIX_PATH=/opt/ros/humble /usr/bin/cmake --build /home/boat/Desktop/src/boat_control_system_final/build/boat_control_system_final -- -j4 -l4
[19.330s] Level 1:colcon.colcon_core.environment:create_environment_scripts_only(boat_control_system_final)
[19.346s] Level 1:colcon.colcon_core.environment:checking '/home/boat/Desktop/src/boat_control_system_final/install/boat_control_system_final' for CMake module files
[19.350s] Level 1:colcon.colcon_core.environment:checking '/home/boat/Desktop/src/boat_control_system_final/install/boat_control_system_final' for CMake config files
[19.353s] Level 1:colcon.colcon_core.shell:create_environment_hook('boat_control_system_final', 'cmake_prefix_path')
[19.354s] INFO:colcon.colcon_core.shell:Creating environment hook '/home/boat/Desktop/src/boat_control_system_final/install/boat_control_system_final/share/boat_control_system_final/hook/cmake_prefix_path.ps1'
[19.357s] INFO:colcon.colcon_core.shell:Creating environment descriptor '/home/boat/Desktop/src/boat_control_system_final/install/boat_control_system_final/share/boat_control_system_final/hook/cmake_prefix_path.dsv'
[19.360s] INFO:colcon.colcon_core.shell:Creating environment hook '/home/boat/Desktop/src/boat_control_system_final/install/boat_control_system_final/share/boat_control_system_final/hook/cmake_prefix_path.sh'
[19.365s] Level 1:colcon.colcon_core.environment:checking '/home/boat/Desktop/src/boat_control_system_final/install/boat_control_system_final/lib'
[19.366s] Level 1:colcon.colcon_core.environment:checking '/home/boat/Desktop/src/boat_control_system_final/install/boat_control_system_final/bin'
[19.366s] Level 1:colcon.colcon_core.environment:checking '/home/boat/Desktop/src/boat_control_system_final/install/boat_control_system_final/lib/pkgconfig/boat_control_system_final.pc'
[19.374s] Level 1:colcon.colcon_core.environment:checking '/home/boat/Desktop/src/boat_control_system_final/install/boat_control_system_final/lib/python3.10/site-packages'
[19.375s] Level 1:colcon.colcon_core.environment:checking '/home/boat/Desktop/src/boat_control_system_final/install/boat_control_system_final/bin'
[19.377s] INFO:colcon.colcon_core.shell:Creating package script '/home/boat/Desktop/src/boat_control_system_final/install/boat_control_system_final/share/boat_control_system_final/package.ps1'
[19.381s] INFO:colcon.colcon_core.shell:Creating package descriptor '/home/boat/Desktop/src/boat_control_system_final/install/boat_control_system_final/share/boat_control_system_final/package.dsv'
[19.385s] INFO:colcon.colcon_core.shell:Creating package script '/home/boat/Desktop/src/boat_control_system_final/install/boat_control_system_final/share/boat_control_system_final/package.sh'
[19.389s] INFO:colcon.colcon_core.shell:Creating package script '/home/boat/Desktop/src/boat_control_system_final/install/boat_control_system_final/share/boat_control_system_final/package.bash'
[19.393s] INFO:colcon.colcon_core.shell:Creating package script '/home/boat/Desktop/src/boat_control_system_final/install/boat_control_system_final/share/boat_control_system_final/package.zsh'
[19.396s] Level 1:colcon.colcon_core.environment:create_file_with_runtime_dependencies(/home/boat/Desktop/src/boat_control_system_final/install/boat_control_system_final/share/colcon-core/packages/boat_control_system_final)
[19.408s] DEBUG:colcon.colcon_parallel_executor.executor.parallel:closing loop
[19.409s] DEBUG:colcon.colcon_parallel_executor.executor.parallel:loop closed
[19.410s] DEBUG:colcon.colcon_parallel_executor.executor.parallel:run_until_complete finished with '2'
[19.410s] DEBUG:colcon.colcon_core.event_reactor:joining thread
[19.436s] INFO:colcon.colcon_core.plugin_system:Skipping extension 'colcon_notification.desktop_notification.terminal_notifier': Not used on non-Darwin systems
[19.436s] INFO:colcon.colcon_core.plugin_system:Skipping extension 'colcon_notification.desktop_notification.win32': Not used on non-Windows systems
[19.437s] INFO:colcon.colcon_notification.desktop_notification:Sending desktop notification using 'notify2'
[19.481s] DEBUG:colcon.colcon_core.event_reactor:joined thread
[19.483s] INFO:colcon.colcon_core.shell:Creating prefix script '/home/boat/Desktop/src/boat_control_system_final/install/local_setup.ps1'
[19.487s] INFO:colcon.colcon_core.shell:Creating prefix util module '/home/boat/Desktop/src/boat_control_system_final/install/_local_setup_util_ps1.py'
[19.496s] INFO:colcon.colcon_core.shell:Creating prefix chain script '/home/boat/Desktop/src/boat_control_system_final/install/setup.ps1'
[19.501s] INFO:colcon.colcon_core.shell:Creating prefix script '/home/boat/Desktop/src/boat_control_system_final/install/local_setup.sh'
[19.504s] INFO:colcon.colcon_core.shell:Creating prefix util module '/home/boat/Desktop/src/boat_control_system_final/install/_local_setup_util_sh.py'
[19.507s] INFO:colcon.colcon_core.shell:Creating prefix chain script '/home/boat/Desktop/src/boat_control_system_final/install/setup.sh'
[19.512s] INFO:colcon.colcon_core.shell:Creating prefix script '/home/boat/Desktop/src/boat_control_system_final/install/local_setup.bash'
[19.515s] INFO:colcon.colcon_core.shell:Creating prefix chain script '/home/boat/Desktop/src/boat_control_system_final/install/setup.bash'
[19.519s] INFO:colcon.colcon_core.shell:Creating prefix script '/home/boat/Desktop/src/boat_control_system_final/install/local_setup.zsh'
[19.522s] INFO:colcon.colcon_core.shell:Creating prefix chain script '/home/boat/Desktop/src/boat_control_system_final/install/setup.zsh'
