In file included from [01m[K/home/boat/Desktop/src/boat_control_system_final/src/Coordinate_Calculations.cpp:14[m[K:
[01m[K/home/boat/Desktop/src/boat_control_system_final/include/boat_control_system_final/CoordinateCalculationsNode.hpp:71:33:[m[K [01;31m[Kerror: [m[Kredeclaration of ‘[01m[Ksensor_msgs::msg::NavSatFix CoordinateCalculationsNode::latest_gps_data_[m[K’
   71 |     sensor_msgs::msg::NavSatFix [01;31m[Klatest_gps_data_[m[K;
      |                                 [01;31m[K^~~~~~~~~~~~~~~~[m[K
[01m[K/home/boat/Desktop/src/boat_control_system_final/include/boat_control_system_final/CoordinateCalculationsNode.hpp:24:33:[m[K [01;36m[Knote: [m[Kprevious declaration ‘[01m[Ksensor_msgs::msg::NavSatFix CoordinateCalculationsNode::latest_gps_data_[m[K’
   24 |     sensor_msgs::msg::NavSatFix [01;36m[Klatest_gps_data_[m[K;
      |                                 [01;36m[K^~~~~~~~~~~~~~~~[m[K
[01m[K/home/boat/Desktop/src/boat_control_system_final/include/boat_control_system_final/CoordinateCalculationsNode.hpp:72:28:[m[K [01;31m[Kerror: [m[Kredeclaration of ‘[01m[Kstd_msgs::msg::Float32 CoordinateCalculationsNode::latest_magnetometer_data_[m[K’
   72 |     std_msgs::msg::Float32 [01;31m[Klatest_magnetometer_data_[m[K;
      |                            [01;31m[K^~~~~~~~~~~~~~~~~~~~~~~~~[m[K
[01m[K/home/boat/Desktop/src/boat_control_system_final/include/boat_control_system_final/CoordinateCalculationsNode.hpp:25:28:[m[K [01;36m[Knote: [m[Kprevious declaration ‘[01m[Kstd_msgs::msg::Float32 CoordinateCalculationsNode::latest_magnetometer_data_[m[K’
   25 |     std_msgs::msg::Float32 [01;36m[Klatest_magnetometer_data_[m[K;
      |                            [01;36m[K^~~~~~~~~~~~~~~~~~~~~~~~~[m[K
[01m[K/home/boat/Desktop/src/boat_control_system_final/include/boat_control_system_final/CoordinateCalculationsNode.hpp:73:28:[m[K [01;31m[Kerror: [m[Kredeclaration of ‘[01m[Kstd_msgs::msg::Float32 CoordinateCalculationsNode::latest_wind_data_[m[K’
   73 |     std_msgs::msg::Float32 [01;31m[Klatest_wind_data_[m[K;
      |                            [01;31m[K^~~~~~~~~~~~~~~~~[m[K
[01m[K/home/boat/Desktop/src/boat_control_system_final/include/boat_control_system_final/CoordinateCalculationsNode.hpp:26:28:[m[K [01;36m[Knote: [m[Kprevious declaration ‘[01m[Kstd_msgs::msg::Float32 CoordinateCalculationsNode::latest_wind_data_[m[K’
   26 |     std_msgs::msg::Float32 [01;36m[Klatest_wind_data_[m[K;
      |                            [01;36m[K^~~~~~~~~~~~~~~~~[m[K
[01m[K/home/boat/Desktop/src/boat_control_system_final/include/boat_control_system_final/CoordinateCalculationsNode.hpp:74:33:[m[K [01;31m[Kerror: [m[Kredeclaration of ‘[01m[Ksensor_msgs::msg::NavSatFix CoordinateCalculationsNode::latest_waypoint_data_[m[K’
   74 |     sensor_msgs::msg::NavSatFix [01;31m[Klatest_waypoint_data_[m[K;
      |                                 [01;31m[K^~~~~~~~~~~~~~~~~~~~~[m[K
[01m[K/home/boat/Desktop/src/boat_control_system_final/include/boat_control_system_final/CoordinateCalculationsNode.hpp:27:33:[m[K [01;36m[Knote: [m[Kprevious declaration ‘[01m[Ksensor_msgs::msg::NavSatFix CoordinateCalculationsNode::latest_waypoint_data_[m[K’
   27 |     sensor_msgs::msg::NavSatFix [01;36m[Klatest_waypoint_data_[m[K;
      |                                 [01;36m[K^~~~~~~~~~~~~~~~~~~~~[m[K
[01m[K/home/boat/Desktop/src/boat_control_system_final/src/Coordinate_Calculations.cpp:[m[K In member function ‘[01m[Ksensor_msgs::msg::NavSatFix CoordinateCalculations::convert_to_position(sensor_msgs::msg::NavSatFix, float, float)[m[K’:
[01m[K/home/boat/Desktop/src/boat_control_system_final/src/Coordinate_Calculations.cpp:78:66:[m[K [01;31m[Kerror: [m[Kcould not convert ‘[01m[K{new_lat, new_long}[m[K’ from ‘[01m[K<brace-enclosed initializer list>[m[K’ to ‘[01m[Ksensor_msgs::msg::NavSatFix[m[K’ {aka ‘[01m[Ksensor_msgs::msg::NavSatFix_<std::allocator<void> >[m[K’}
   78 |     sensor_msgs::msg::NavSatFix new_position = {new_lat, new_long[01;31m[K}[m[K;
      |                                                                  [01;31m[K^[m[K
      |                                                                  [01;31m[K|[m[K
      |                                                                  [01;31m[K<brace-enclosed initializer list>[m[K
[01m[K/home/boat/Desktop/src/boat_control_system_final/src/Coordinate_Calculations.cpp:[m[K In member function ‘[01m[Kstd::pair<std::__cxx11::basic_string<char>, float> CoordinateCalculations::calculate_directional_bearing(sensor_msgs::msg::NavSatFix)[m[K’:
[01m[K/home/boat/Desktop/src/boat_control_system_final/src/Coordinate_Calculations.cpp:85:29:[m[K [01;31m[Kerror: [m[K‘[01m[Kget_heading_lis3mdl[m[K’ was not declared in this scope
   85 |     float current_heading = [01;31m[Kget_heading_lis3mdl[m[K();
      |                             [01;31m[K^~~~~~~~~~~~~~~~~~~[m[K
[01m[K/home/boat/Desktop/src/boat_control_system_final/src/Coordinate_Calculations.cpp:86:52:[m[K [01;31m[Kerror: [m[K‘[01m[Kget_curr_coordinate[m[K’ was not declared in this scope
   86 |     sensor_msgs::msg::NavSatFix current_position = [01;31m[Kget_curr_coordinate[m[K();
      |                                                    [01;31m[K^~~~~~~~~~~~~~~~~~~[m[K
[01m[K/home/boat/Desktop/src/boat_control_system_final/src/Coordinate_Calculations.cpp:[m[K In member function ‘[01m[Kfloat CoordinateCalculations::calculate_angle_to_wind()[m[K’:
[01m[K/home/boat/Desktop/src/boat_control_system_final/src/Coordinate_Calculations.cpp:120:28:[m[K [01;31m[Kerror: [m[K‘[01m[Kget_avg_angle[m[K’ was not declared in this scope
  120 |     float wind_direction = [01;31m[Kget_avg_angle[m[K();
      |                            [01;31m[K^~~~~~~~~~~~~[m[K
[01m[K/home/boat/Desktop/src/boat_control_system_final/src/Coordinate_Calculations.cpp:121:29:[m[K [01;31m[Kerror: [m[K‘[01m[Kget_heading_lis3mdl[m[K’ was not declared in this scope
  121 |     float current_heading = [01;31m[Kget_heading_lis3mdl[m[K();
      |                             [01;31m[K^~~~~~~~~~~~~~~~~~~[m[K
[01m[K/home/boat/Desktop/src/boat_control_system_final/src/Coordinate_Calculations.cpp:[m[K In member function ‘[01m[Kvoid CoordinateCalculations::plan_path(const NavSatFix&, const NavSatFix&)[m[K’:
[01m[K/home/boat/Desktop/src/boat_control_system_final/src/Coordinate_Calculations.cpp:138:28:[m[K [01;31m[Kerror: [m[K‘[01m[Kget_avg_angle[m[K’ was not declared in this scope
  138 |     float wind_direction = [01;31m[Kget_avg_angle[m[K();  // Get current wind direction
      |                            [01;31m[K^~~~~~~~~~~~~[m[K
gmake[2]: *** [CMakeFiles/CoordinateCalculations.dir/build.make:76: CMakeFiles/CoordinateCalculations.dir/src/Coordinate_Calculations.cpp.o] Error 1
gmake[1]: *** [CMakeFiles/Makefile2:221: CMakeFiles/CoordinateCalculations.dir/all] Error 2
gmake: *** [Makefile:146: all] Error 2
