[0.062s] Invoking command in '/home/boat/Desktop/src/boat_control_system_final/build/boat_control_system_final': CMAKE_PREFIX_PATH=/opt/ros/humble /usr/bin/cmake --build /home/boat/Desktop/src/boat_control_system_final/build/boat_control_system_final -- -j4 -l4
[0.278s] [35m[1mConsolidate compiler generated dependencies of target WaypointQueueNode[0m
[0.422s] [ 50%] [32mBuilding CXX object CMakeFiles/WaypointQueueNode.dir/src/WaypointQueueNode.cpp.o[0m
[12.466s] In file included from [01m[K/home/boat/Desktop/src/boat_control_system_final/src/WaypointQueueNode.cpp:1[m[K:
[12.467s] [01m[K/home/boat/Desktop/src/boat_control_system_final/include/boat_control_system_final/WaypointQueueNode.hpp:31:41:[m[K [01;31m[Kerror: [m[K‘[01m[KInt16[m[K’ is not a member of ‘[01m[Kstd_msgs::msg[m[K’
[12.467s]    31 |     // Creating Subscriber for autonomou[01;31m[Ks mod[m[Ke init
[12.467s]       |                                         [01;31m[K^~~~~[m[K
[12.468s] [01m[K/home/boat/Desktop/src/boat_control_system_final/include/boat_control_system_final/WaypointQueueNode.hpp:31:46:[m[K [01;31m[Kerror: [m[Ktemplate argument 1 is invalid
[12.469s]    31 |     // Creating Subscriber for autonomous mod[01;31m[Ke[m[K init
[12.469s]       |                                              [01;31m[K^[m[K
[12.470s] [01m[K/home/boat/Desktop/src/boat_control_system_final/include/boat_control_system_final/WaypointQueueNode.hpp:31:46:[m[K [01;31m[Kerror: [m[Ktemplate argument 3 is invalid
[12.470s] [01m[K/home/boat/Desktop/src/boat_control_system_final/include/boat_control_system_final/WaypointQueueNode.hpp:31:46:[m[K [01;31m[Kerror: [m[Ktemplate argument 4 is invalid
[12.471s] [01m[K/home/boat/Desktop/src/boat_control_system_final/include/boat_control_system_final/WaypointQueueNode.hpp:31:46:[m[K [01;31m[Kerror: [m[Ktemplate argument 5 is invalid
[12.471s] [01m[K/home/boat/Desktop/src/boat_control_system_final/include/boat_control_system_final/WaypointQueueNode.hpp:31:49:[m[K [01;31m[Kerror: [m[Kexpected ‘[01m[K;[m[K’ at end of member declaration
[12.472s]    31 |     // Creating Subscriber for autonomous mode i[01;31m[Knit[m[K
[12.484s]       |                                                 [01;31m[K^~~[m[K      
[12.485s]       |                                                          [32m[K;[m[K
[12.486s] [01m[K/home/boat/Desktop/src/boat_control_system_final/include/boat_control_system_final/WaypointQueueNode.hpp:31:59:[m[K [01;31m[Kerror: [m[K‘[01m[Kinit_subscriber_[m[K’ does not name a type
[12.487s]    31 |     // Creating Subscriber for autonomous mode init
[12.488s]       |                                                           [01;31m[K^[m[K               
[12.489s] [01m[K/home/boat/Desktop/src/boat_control_system_final/include/boat_control_system_final/WaypointQueueNode.hpp:35:28:[m[K [01;31m[Kerror: [m[K‘[01m[Ksensor_msg[m[K’ does not name a type
[12.490s]    35 |     //Defining callback fun[01;31m[Kction to u[m[Kpdate member variables
[12.491s]       |                            [01;31m[K^~~~~~~~~~[m[K
[12.491s] [01m[K/home/boat/Desktop/src/boat_control_system_final/include/boat_control_system_final/WaypointQueueNode.hpp:35:43:[m[K [01;31m[Kerror: [m[Kexpected unqualified-id before ‘[01m[K::[m[K’ token
[12.503s]    35 |     //Defining callback function to update[01;31m[K m[m[Kember variables
[12.504s]       |                                           [01;31m[K^~[m[K
[12.505s] [01m[K/home/boat/Desktop/src/boat_control_system_final/include/boat_control_system_final/WaypointQueueNode.hpp:35:43:[m[K [01;31m[Kerror: [m[Kexpected ‘[01m[K)[m[K’ before ‘[01m[K::[m[K’ token
[12.506s]    35 |     //Defining callb[34m[Ka[m[Kck function to update[01;31m[K [m[K[32m[Km[m[Kember variables
[12.506s]       |                     [34m[K~[m[K                     [01;31m[K^[m[K[32m[K~[m[K
[12.508s]       |                                           [32m[K)[m[K
[12.509s] [01m[K/home/boat/Desktop/src/boat_control_system_final/include/boat_control_system_final/WaypointQueueNode.hpp:35:40:[m[K [01;31m[Kerror: [m[Kexpected ‘[01m[K;[m[K’ at end of member declaration
[12.511s]    35 |     //Defining callback function to upd[01;31m[Kate[m[K member variables
[12.511s]       |                                        [01;31m[K^~~[m[K
[12.512s]       |                                           [32m[K;[m[K
[12.513s] [01m[K/home/boat/Desktop/src/boat_control_system_final/include/boat_control_system_final/WaypointQueueNode.hpp:35:45:[m[K [01;31m[Kerror: [m[K‘[01m[KNavSatFix[m[K’ in namespace ‘[01m[K::[m[K’ does not name a type
[12.514s]    35 |     //Defining callback function to update m[01;31m[Kember var[m[Kiables
[12.514s]       |                                             [01;31m[K^~~~~~~~~[m[K
[12.515s] [01m[K/home/boat/Desktop/src/boat_control_system_final/src/WaypointQueueNode.cpp:[m[K In constructor ‘[01m[KWaypointQueueNode::WaypointQueueNode()[m[K’:
[12.515s] [01m[K/home/boat/Desktop/src/boat_control_system_final/src/WaypointQueueNode.cpp:12:39:[m[K [01;31m[Kerror: [m[K‘[01m[Kground_station_callback[m[K’ is not a member of ‘[01m[KWaypointQueueNode[m[K’
[12.515s]    12 |         std::bind(&WaypointQueueNode::[01;31m[Kground_station_callback[m[K, this, std::placeholders::_1));
[12.524s]       |                                       [01;31m[K^~~~~~~~~~~~~~~~~~~~~~~[m[K
[12.545s] [01m[K/home/boat/Desktop/src/boat_control_system_final/src/WaypointQueueNode.cpp:15:5:[m[K [01;31m[Kerror: [m[K‘[01m[Kcalculated_waypoints_subscription_[m[K’ was not declared in this scope; did you mean ‘[01m[Kcalculated_waypoint_subscriber_[m[K’?
[12.546s]    15 |     [01;31m[Kcalculated_waypoints_subscription_[m[K = this->create_subscription<sensor_msgs::msg::NavSatFix>(
[12.547s]       |     [01;31m[K^~~~~~~~~~~~~~~~~~~~~~~~~~~~~~~~~~[m[K
[12.547s]       |     [32m[Kcalculated_waypoint_subscriber_[m[K
[12.548s] [01m[K/home/boat/Desktop/src/boat_control_system_final/src/WaypointQueueNode.cpp:18:39:[m[K [01;31m[Kerror: [m[K‘[01m[Kcalculated_waypoints_callback[m[K’ is not a member of ‘[01m[KWaypointQueueNode[m[K’
[12.549s]    18 |         std::bind(&WaypointQueueNode::[01;31m[Kcalculated_waypoints_callback[m[K, this, std::placeholders::_1));
[12.550s]       |                                       [01;31m[K^~~~~~~~~~~~~~~~~~~~~~~~~~~~~[m[K
[12.550s] [01m[K/home/boat/Desktop/src/boat_control_system_final/src/WaypointQueueNode.cpp:24:39:[m[K [01;31m[Kerror: [m[K‘[01m[Kgps_callback[m[K’ is not a member of ‘[01m[KWaypointQueueNode[m[K’
[12.551s]    24 |         std::bind(&WaypointQueueNode::[01;31m[Kgps_callback[m[K, this, std::placeholders::_1));
[12.552s]       |                                       [01;31m[K^~~~~~~~~~~~[m[K
[12.575s] [01m[K/home/boat/Desktop/src/boat_control_system_final/src/WaypointQueueNode.cpp:27:5:[m[K [01;31m[Kerror: [m[K‘[01m[Kinit_subscriber_[m[K’ was not declared in this scope; did you mean ‘[01m[Kgps_subscriber_[m[K’?
[12.575s]    27 |     [01;31m[Kinit_subscriber_[m[K = this->create_subscription<std_msg::msg::Int16>(
[12.576s]       |     [01;31m[K^~~~~~~~~~~~~~~~[m[K
[12.577s]       |     [32m[Kgps_subscriber_[m[K
[12.596s] [01m[K/home/boat/Desktop/src/boat_control_system_final/src/WaypointQueueNode.cpp:27:50:[m[K [01;31m[Kerror: [m[K‘[01m[Kstd_msg[m[K’ was not declared in this scope; did you mean ‘[01m[Kstd_msgs[m[K’?
[12.597s]    27 |     init_subscriber_ = this->create_subscription<[01;31m[Kstd_msg[m[K::msg::Int16>(
[12.597s]       |                                                  [01;31m[K^~~~~~~[m[K
[12.598s]       |                                                  [32m[Kstd_msgs[m[K
[12.599s] [01m[K/home/boat/Desktop/src/boat_control_system_final/src/WaypointQueueNode.cpp:27:30:[m[K [01;31m[Kerror: [m[Kparse error in template argument list
[12.600s]    27 |     init_subscriber_ = this->[01;31m[Kcreate_subscription<std_msg::msg::Int16>[m[K(
[12.601s]       |                              [01;31m[K^~~~~~~~~~~~~~~~~~~~~~~~~~~~~~~~~~~~~~~~[m[K
[12.602s] [01m[K/home/boat/Desktop/src/boat_control_system_final/src/WaypointQueueNode.cpp:30:39:[m[K [01;31m[Kerror: [m[K‘[01m[Kgps_callback[m[K’ is not a member of ‘[01m[KWaypointQueueNode[m[K’
[12.603s]    30 |         std::bind(&WaypointQueueNode::[01;31m[Kgps_callback[m[K, this, std::placeholders::_1));
[12.604s]       |                                       [01;31m[K^~~~~~~~~~~~[m[K
[12.634s] [01m[K/home/boat/Desktop/src/boat_control_system_final/src/WaypointQueueNode.cpp:33:5:[m[K [01;31m[Kerror: [m[K‘[01m[Kwaypoint_subscriber_[m[K’ was not declared in this scope; did you mean ‘[01m[Kwaypoint_publisher_[m[K’?
[12.635s]    33 |     [01;31m[Kwaypoint_subscriber_[m[K = this->create_subscription<sensor_msgs::msg::NavSatFix>(
[12.636s]       |     [01;31m[K^~~~~~~~~~~~~~~~~~~~[m[K
[12.637s]       |     [32m[Kwaypoint_publisher_[m[K
[12.637s] [01m[K/home/boat/Desktop/src/boat_control_system_final/src/WaypointQueueNode.cpp:36:39:[m[K [01;31m[Kerror: [m[K‘[01m[Kwaypoint_callback[m[K’ is not a member of ‘[01m[KWaypointQueueNode[m[K’
[12.639s]    36 |         std::bind(&WaypointQueueNode::[01;31m[Kwaypoint_callback[m[K, this, std::placeholders::_1)
[12.640s]       |                                       [01;31m[K^~~~~~~~~~~~~~~~~[m[K
[12.645s] [01m[K/home/boat/Desktop/src/boat_control_system_final/src/WaypointQueueNode.cpp:45:33:[m[K [01;31m[Kerror: [m[Kno matching function for call to ‘[01m[Krclcpp::Publisher<sensor_msgs::msg::NavSatFix_<std::allocator<void> > >::publish(std_msgs::msg::String_<std::allocator<void> >&)[m[K’
[12.645s]    45 |     [01;31m[Kwaypoint_publisher_->publish(message)[m[K;
[12.646s]       |     [01;31m[K~~~~~~~~~~~~~~~~~~~~~~~~~~~~^~~~~~~~~[m[K
[12.647s] In file included from [01m[K/opt/ros/humble/include/rclcpp/rclcpp/topic_statistics/subscription_topic_statistics.hpp:31[m[K,
[12.647s]                  from [01m[K/opt/ros/humble/include/rclcpp/rclcpp/subscription.hpp:50[m[K,
[12.648s]                  from [01m[K/opt/ros/humble/include/rclcpp/rclcpp/any_executable.hpp:25[m[K,
[12.648s]                  from [01m[K/opt/ros/humble/include/rclcpp/rclcpp/memory_strategy.hpp:25[m[K,
[12.649s]                  from [01m[K/opt/ros/humble/include/rclcpp/rclcpp/memory_strategies.hpp:18[m[K,
[12.650s]                  from [01m[K/opt/ros/humble/include/rclcpp/rclcpp/executor_options.hpp:20[m[K,
[12.651s]                  from [01m[K/opt/ros/humble/include/rclcpp/rclcpp/executor.hpp:37[m[K,
[12.651s]                  from [01m[K/opt/ros/humble/include/rclcpp/rclcpp/executors/multi_threaded_executor.hpp:25[m[K,
[12.652s]                  from [01m[K/opt/ros/humble/include/rclcpp/rclcpp/executors.hpp:21[m[K,
[12.653s]                  from [01m[K/opt/ros/humble/include/rclcpp/rclcpp/rclcpp.hpp:155[m[K,
[12.654s]                  from [01m[K/home/boat/Desktop/src/boat_control_system_final/include/boat_control_system_final/WaypointQueueNode.hpp:4[m[K,
[12.654s]                  from [01m[K/home/boat/Desktop/src/boat_control_system_final/src/WaypointQueueNode.cpp:1[m[K:
[12.655s] [01m[K/opt/ros/humble/include/rclcpp/rclcpp/publisher.hpp:251:3:[m[K [01;36m[Knote: [m[Kcandidate: ‘[01m[Ktemplate<class T> std::enable_if_t<(rosidl_generator_traits::is_message<T>::value && std::is_same<T, typename rclcpp::TypeAdapter<MessageT>::ros_message_type>::value)> rclcpp::Publisher<MessageT, AllocatorT>::publish(std::unique_ptr<T, typename std::conditional<std::is_same<typename std::allocator_traits<typename std::allocator_traits<_Allocator>::rebind_traits<typename rclcpp::TypeAdapter<MessageT, void, void>::ros_message_type>::allocator_type>::rebind_alloc<typename rclcpp::TypeAdapter<MessageT, void, void>::ros_message_type>, std::allocator<typename rclcpp::TypeAdapter<MessageT>::ros_message_type> >::value, std::default_delete<typename rclcpp::TypeAdapter<MessageT>::ros_message_type>, rclcpp::allocator::AllocatorDeleter<typename std::allocator_traits<_Allocator>::rebind_traits<typename rclcpp::TypeAdapter<MessageT, void, void>::ros_message_type>::allocator_type> >::type>) [with T = T; MessageT = sensor_msgs::msg::NavSatFix_<std::allocator<void> >; AllocatorT = std::allocator<void>][m[K’
[12.656s]   251 |   [01;36m[Kpublish[m[K(std::unique_ptr<T, ROSMessageTypeDeleter> msg)
[12.656s]       |   [01;36m[K^~~~~~~[m[K
[12.657s] [01m[K/opt/ros/humble/include/rclcpp/rclcpp/publisher.hpp:251:3:[m[K [01;36m[Knote: [m[K  template argument deduction/substitution failed:
[12.658s] [01m[K/home/boat/Desktop/src/boat_control_system_final/src/WaypointQueueNode.cpp:45:33:[m[K [01;36m[Knote: [m[K  ‘[01m[Kstd_msgs::msg::String_<std::allocator<void> >[m[K’ is not derived from ‘[01m[Kstd::unique_ptr<T, std::default_delete<sensor_msgs::msg::NavSatFix_<std::allocator<void> > > >[m[K’
[12.658s]    45 |     [01;36m[Kwaypoint_publisher_->publish(message)[m[K;
[12.659s]       |     [01;36m[K~~~~~~~~~~~~~~~~~~~~~~~~~~~~^~~~~~~~~[m[K
[12.660s] In file included from [01m[K/opt/ros/humble/include/rclcpp/rclcpp/topic_statistics/subscription_topic_statistics.hpp:31[m[K,
[12.660s]                  from [01m[K/opt/ros/humble/include/rclcpp/rclcpp/subscription.hpp:50[m[K,
[12.661s]                  from [01m[K/opt/ros/humble/include/rclcpp/rclcpp/any_executable.hpp:25[m[K,
[12.662s]                  from [01m[K/opt/ros/humble/include/rclcpp/rclcpp/memory_strategy.hpp:25[m[K,
[12.662s]                  from [01m[K/opt/ros/humble/include/rclcpp/rclcpp/memory_strategies.hpp:18[m[K,
[12.663s]                  from [01m[K/opt/ros/humble/include/rclcpp/rclcpp/executor_options.hpp:20[m[K,
[12.664s]                  from [01m[K/opt/ros/humble/include/rclcpp/rclcpp/executor.hpp:37[m[K,
[12.664s]                  from [01m[K/opt/ros/humble/include/rclcpp/rclcpp/executors/multi_threaded_executor.hpp:25[m[K,
[12.666s]                  from [01m[K/opt/ros/humble/include/rclcpp/rclcpp/executors.hpp:21[m[K,
[12.666s]                  from [01m[K/opt/ros/humble/include/rclcpp/rclcpp/rclcpp.hpp:155[m[K,
[12.667s]                  from [01m[K/home/boat/Desktop/src/boat_control_system_final/include/boat_control_system_final/WaypointQueueNode.hpp:4[m[K,
[12.667s]                  from [01m[K/home/boat/Desktop/src/boat_control_system_final/src/WaypointQueueNode.cpp:1[m[K:
[12.668s] [01m[K/opt/ros/humble/include/rclcpp/rclcpp/publisher.hpp:292:3:[m[K [01;36m[Knote: [m[Kcandidate: ‘[01m[Ktemplate<class T> std::enable_if_t<(rosidl_generator_traits::is_message<T>::value && std::is_same<T, typename rclcpp::TypeAdapter<MessageT>::ros_message_type>::value)> rclcpp::Publisher<MessageT, AllocatorT>::publish(const T&) [with T = T; MessageT = sensor_msgs::msg::NavSatFix_<std::allocator<void> >; AllocatorT = std::allocator<void>][m[K’
[12.669s]   292 |   [01;36m[Kpublish[m[K(const T & msg)
[12.670s]       |   [01;36m[K^~~~~~~[m[K
[12.671s] [01m[K/opt/ros/humble/include/rclcpp/rclcpp/publisher.hpp:292:3:[m[K [01;36m[Knote: [m[K  template argument deduction/substitution failed:
[12.672s] In file included from [01m[K/usr/include/c++/11/bits/move.h:57[m[K,
[12.672s]                  from [01m[K/usr/include/c++/11/bits/stl_pair.h:59[m[K,
[12.673s]                  from [01m[K/usr/include/c++/11/bits/stl_algobase.h:64[m[K,
[12.673s]                  from [01m[K/usr/include/c++/11/memory:63[m[K,
[12.674s]                  from [01m[K/opt/ros/humble/include/rclcpp/rclcpp/rclcpp.hpp:153[m[K,
[12.675s]                  from [01m[K/home/boat/Desktop/src/boat_control_system_final/include/boat_control_system_final/WaypointQueueNode.hpp:4[m[K,
[12.675s]                  from [01m[K/home/boat/Desktop/src/boat_control_system_final/src/WaypointQueueNode.cpp:1[m[K:
[12.676s] /usr/include/c++/11/type_traits: In substitution of ‘[01m[Ktemplate<bool _Cond, class _Tp> using enable_if_t = typename std::enable_if::type [with bool _Cond = false; _Tp = void][m[K’:
[12.677s] [01m[K/opt/ros/humble/include/rclcpp/rclcpp/publisher.hpp:292:3:[m[K   required by substitution of ‘[01m[Ktemplate<class T> std::enable_if_t<(rosidl_generator_traits::is_message<T>::value && std::is_same<T, sensor_msgs::msg::NavSatFix_<std::allocator<void> > >::value), void> rclcpp::Publisher<sensor_msgs::msg::NavSatFix_<std::allocator<void> > >::publish<T>(const T&) [with T = std_msgs::msg::String_<std::allocator<void> >][m[K’
[12.677s] [01m[K/home/boat/Desktop/src/boat_control_system_final/src/WaypointQueueNode.cpp:45:33:[m[K   required from here
[12.678s] [01m[K/usr/include/c++/11/type_traits:2579:11:[m[K [01;31m[Kerror: [m[Kno type named ‘[01m[Ktype[m[K’ in ‘[01m[Kstruct std::enable_if<false, void>[m[K’
[12.678s]  2579 |     using [01;31m[Kenable_if_t[m[K = typename enable_if<_Cond, _Tp>::type;
[12.679s]       |           [01;31m[K^~~~~~~~~~~[m[K
[12.679s] In file included from [01m[K/opt/ros/humble/include/rclcpp/rclcpp/topic_statistics/subscription_topic_statistics.hpp:31[m[K,
[12.680s]                  from [01m[K/opt/ros/humble/include/rclcpp/rclcpp/subscription.hpp:50[m[K,
[12.681s]                  from [01m[K/opt/ros/humble/include/rclcpp/rclcpp/any_executable.hpp:25[m[K,
[12.682s]                  from [01m[K/opt/ros/humble/include/rclcpp/rclcpp/memory_strategy.hpp:25[m[K,
[12.682s]                  from [01m[K/opt/ros/humble/include/rclcpp/rclcpp/memory_strategies.hpp:18[m[K,
[12.683s]                  from [01m[K/opt/ros/humble/include/rclcpp/rclcpp/executor_options.hpp:20[m[K,
[12.684s]                  from [01m[K/opt/ros/humble/include/rclcpp/rclcpp/executor.hpp:37[m[K,
[12.684s]                  from [01m[K/opt/ros/humble/include/rclcpp/rclcpp/executors/multi_threaded_executor.hpp:25[m[K,
[12.685s]                  from [01m[K/opt/ros/humble/include/rclcpp/rclcpp/executors.hpp:21[m[K,
[12.685s]                  from [01m[K/opt/ros/humble/include/rclcpp/rclcpp/rclcpp.hpp:155[m[K,
[12.686s]                  from [01m[K/home/boat/Desktop/src/boat_control_system_final/include/boat_control_system_final/WaypointQueueNode.hpp:4[m[K,
[12.687s]                  from [01m[K/home/boat/Desktop/src/boat_control_system_final/src/WaypointQueueNode.cpp:1[m[K:
[12.688s] [01m[K/opt/ros/humble/include/rclcpp/rclcpp/publisher.hpp:322:3:[m[K [01;36m[Knote: [m[Kcandidate: ‘[01m[Ktemplate<class T> std::enable_if_t<(typename rclcpp::TypeAdapter<MessageT>::is_specialized::value && std::is_same<T, typename rclcpp::TypeAdapter<MessageT>::custom_type>::value)> rclcpp::Publisher<MessageT, AllocatorT>::publish(std::unique_ptr<T, typename std::conditional<std::is_same<typename std::allocator_traits<typename std::allocator_traits<_Allocator>::rebind_traits<typename rclcpp::TypeAdapter<MessageT, void, void>::custom_type>::allocator_type>::rebind_alloc<typename rclcpp::TypeAdapter<MessageT, void, void>::custom_type>, std::allocator<typename rclcpp::TypeAdapter<MessageT>::custom_type> >::value, std::default_delete<typename rclcpp::TypeAdapter<MessageT>::custom_type>, rclcpp::allocator::AllocatorDeleter<typename std::allocator_traits<_Allocator>::rebind_traits<typename rclcpp::TypeAdapter<MessageT, void, void>::custom_type>::allocator_type> >::type>) [with T = T; MessageT = sensor_msgs::msg::NavSatFix_<std::allocator<void> >; AllocatorT = std::allocator<void>][m[K’
[12.688s]   322 |   [01;36m[Kpublish[m[K(std::unique_ptr<T, PublishedTypeDeleter> msg)
[12.689s]       |   [01;36m[K^~~~~~~[m[K
[12.690s] [01m[K/opt/ros/humble/include/rclcpp/rclcpp/publisher.hpp:322:3:[m[K [01;36m[Knote: [m[K  template argument deduction/substitution failed:
[12.690s] [01m[K/home/boat/Desktop/src/boat_control_system_final/src/WaypointQueueNode.cpp:45:33:[m[K [01;36m[Knote: [m[K  ‘[01m[Kstd_msgs::msg::String_<std::allocator<void> >[m[K’ is not derived from ‘[01m[Kstd::unique_ptr<T, std::default_delete<sensor_msgs::msg::NavSatFix_<std::allocator<void> > > >[m[K’
[12.691s]    45 |     [01;36m[Kwaypoint_publisher_->publish(message)[m[K;
[12.691s]       |     [01;36m[K~~~~~~~~~~~~~~~~~~~~~~~~~~~~^~~~~~~~~[m[K
[12.692s] In file included from [01m[K/opt/ros/humble/include/rclcpp/rclcpp/topic_statistics/subscription_topic_statistics.hpp:31[m[K,
[12.693s]                  from [01m[K/opt/ros/humble/include/rclcpp/rclcpp/subscription.hpp:50[m[K,
[12.693s]                  from [01m[K/opt/ros/humble/include/rclcpp/rclcpp/any_executable.hpp:25[m[K,
[12.694s]                  from [01m[K/opt/ros/humble/include/rclcpp/rclcpp/memory_strategy.hpp:25[m[K,
[12.695s]                  from [01m[K/opt/ros/humble/include/rclcpp/rclcpp/memory_strategies.hpp:18[m[K,
[12.695s]                  from [01m[K/opt/ros/humble/include/rclcpp/rclcpp/executor_options.hpp:20[m[K,
[12.696s]                  from [01m[K/opt/ros/humble/include/rclcpp/rclcpp/executor.hpp:37[m[K,
[12.698s]                  from [01m[K/opt/ros/humble/include/rclcpp/rclcpp/executors/multi_threaded_executor.hpp:25[m[K,
[12.699s]                  from [01m[K/opt/ros/humble/include/rclcpp/rclcpp/executors.hpp:21[m[K,
[12.699s]                  from [01m[K/opt/ros/humble/include/rclcpp/rclcpp/rclcpp.hpp:155[m[K,
[12.701s]                  from [01m[K/home/boat/Desktop/src/boat_control_system_final/include/boat_control_system_final/WaypointQueueNode.hpp:4[m[K,
[12.702s]                  from [01m[K/home/boat/Desktop/src/boat_control_system_final/src/WaypointQueueNode.cpp:1[m[K:
[12.702s] [01m[K/opt/ros/humble/include/rclcpp/rclcpp/publisher.hpp:364:3:[m[K [01;36m[Knote: [m[Kcandidate: ‘[01m[Ktemplate<class T> std::enable_if_t<(typename rclcpp::TypeAdapter<MessageT>::is_specialized::value && std::is_same<T, typename rclcpp::TypeAdapter<MessageT>::custom_type>::value)> rclcpp::Publisher<MessageT, AllocatorT>::publish(const T&) [with T = T; MessageT = sensor_msgs::msg::NavSatFix_<std::allocator<void> >; AllocatorT = std::allocator<void>][m[K’
[12.703s]   364 |   [01;36m[Kpublish[m[K(const T & msg)
[12.704s]       |   [01;36m[K^~~~~~~[m[K
[12.704s] [01m[K/opt/ros/humble/include/rclcpp/rclcpp/publisher.hpp:364:3:[m[K [01;36m[Knote: [m[K  template argument deduction/substitution failed:
[12.705s] [01m[K/opt/ros/humble/include/rclcpp/rclcpp/publisher.hpp:383:3:[m[K [01;36m[Knote: [m[Kcandidate: ‘[01m[Kvoid rclcpp::Publisher<MessageT, AllocatorT>::publish(const rcl_serialized_message_t&) [with MessageT = sensor_msgs::msg::NavSatFix_<std::allocator<void> >; AllocatorT = std::allocator<void>; rcl_serialized_message_t = rcutils_uint8_array_s][m[K’
[12.705s]   383 |   [01;36m[Kpublish[m[K(const rcl_serialized_message_t & serialized_msg)
[12.706s]       |   [01;36m[K^~~~~~~[m[K
[12.707s] [01m[K/opt/ros/humble/include/rclcpp/rclcpp/publisher.hpp:383:44:[m[K [01;36m[Knote: [m[K  no known conversion for argument 1 from ‘[01m[Kstd_msgs::msg::String_<std::allocator<void> >[m[K’ to ‘[01m[Kconst rcl_serialized_message_t&[m[K’ {aka ‘[01m[Kconst rcutils_uint8_array_s&[m[K’}
[12.707s]   383 |   publish([01;36m[Kconst rcl_serialized_message_t & serialized_msg[m[K)
[12.708s]       |           [01;36m[K~~~~~~~~~~~~~~~~~~~~~~~~~~~~~~~~~^~~~~~~~~~~~~~[m[K
[12.709s] [01m[K/opt/ros/humble/include/rclcpp/rclcpp/publisher.hpp:389:3:[m[K [01;36m[Knote: [m[Kcandidate: ‘[01m[Kvoid rclcpp::Publisher<MessageT, AllocatorT>::publish(const rclcpp::SerializedMessage&) [with MessageT = sensor_msgs::msg::NavSatFix_<std::allocator<void> >; AllocatorT = std::allocator<void>][m[K’
[12.709s]   389 |   [01;36m[Kpublish[m[K(const SerializedMessage & serialized_msg)
[12.710s]       |   [01;36m[K^~~~~~~[m[K
[12.712s] [01m[K/opt/ros/humble/include/rclcpp/rclcpp/publisher.hpp:389:37:[m[K [01;36m[Knote: [m[K  no known conversion for argument 1 from ‘[01m[Kstd_msgs::msg::String_<std::allocator<void> >[m[K’ to ‘[01m[Kconst rclcpp::SerializedMessage&[m[K’
[12.712s]   389 |   publish([01;36m[Kconst SerializedMessage & serialized_msg[m[K)
[12.713s]       |           [01;36m[K~~~~~~~~~~~~~~~~~~~~~~~~~~^~~~~~~~~~~~~~[m[K
[12.714s] [01m[K/opt/ros/humble/include/rclcpp/rclcpp/publisher.hpp:403:3:[m[K [01;36m[Knote: [m[Kcandidate: ‘[01m[Kvoid rclcpp::Publisher<MessageT, AllocatorT>::publish(rclcpp::LoanedMessage<typename rclcpp::TypeAdapter<MessageT>::ros_message_type, AllocatorT>&&) [with MessageT = sensor_msgs::msg::NavSatFix_<std::allocator<void> >; AllocatorT = std::allocator<void>; typename rclcpp::TypeAdapter<MessageT>::ros_message_type = sensor_msgs::msg::NavSatFix_<std::allocator<void> >][m[K’
[12.714s]   403 |   [01;36m[Kpublish[m[K(rclcpp::LoanedMessage<ROSMessageType, AllocatorT> && loaned_msg)
[12.716s]       |   [01;36m[K^~~~~~~[m[K
[12.718s] [01m[K/opt/ros/humble/include/rclcpp/rclcpp/publisher.hpp:403:64:[m[K [01;36m[Knote: [m[K  no known conversion for argument 1 from ‘[01m[Kstd_msgs::msg::String_<std::allocator<void> >[m[K’ to ‘[01m[Krclcpp::LoanedMessage<sensor_msgs::msg::NavSatFix_<std::allocator<void> >, std::allocator<void> >&&[m[K’
[12.718s]   403 |   publish([01;36m[Krclcpp::LoanedMessage<ROSMessageType, AllocatorT> && loaned_msg[m[K)
[12.725s]       |           [01;36m[K~~~~~~~~~~~~~~~~~~~~~~~~~~~~~~~~~~~~~~~~~~~~~~~~~~~~~^~~~~~~~~~[m[K
[14.607s] gmake[2]: *** [CMakeFiles/WaypointQueueNode.dir/build.make:76: CMakeFiles/WaypointQueueNode.dir/src/WaypointQueueNode.cpp.o] Error 1
[14.607s] gmake[1]: *** [CMakeFiles/Makefile2:137: CMakeFiles/WaypointQueueNode.dir/all] Error 2
[14.608s] gmake: *** [Makefile:146: all] Error 2
[14.616s] Invoked command in '/home/boat/Desktop/src/boat_control_system_final/build/boat_control_system_final' returned '2': CMAKE_PREFIX_PATH=/opt/ros/humble /usr/bin/cmake --build /home/boat/Desktop/src/boat_control_system_final/build/boat_control_system_final -- -j4 -l4
