[0.415s] DEBUG:colcon:Command line arguments: ['/usr/bin/colcon', 'build', '--packages-select', 'as5600_sensor', 'lis3mdl_mag', 'gps_gt_u7', 'control_py', 'xbee_node', 'taflab_msgs']
[0.415s] DEBUG:colcon:Parsed command line arguments: Namespace(log_base=None, log_level=None, verb_name='build', build_base='build', install_base='install', merge_install=False, symlink_install=False, test_result_base=None, continue_on_error=False, executor='parallel', parallel_workers=4, event_handlers=None, ignore_user_meta=False, metas=['./colcon.meta'], base_paths=['.'], packages_ignore=None, packages_ignore_regex=None, paths=None, packages_up_to=None, packages_up_to_regex=None, packages_above=None, packages_above_and_dependencies=None, packages_above_depth=None, packages_select_by_dep=None, packages_skip_by_dep=None, packages_skip_up_to=None, packages_select_build_failed=False, packages_skip_build_finished=False, packages_select_test_failures=False, packages_skip_test_passed=False, packages_select=['as5600_sensor', 'lis3mdl_mag', 'gps_gt_u7', 'control_py', 'xbee_node', 'taflab_msgs'], packages_skip=None, packages_select_regex=None, packages_skip_regex=None, packages_start=None, packages_end=None, allow_overriding=[], cmake_args=None, cmake_target=None, cmake_target_skip_unavailable=False, cmake_clean_cache=False, cmake_clean_first=False, cmake_force_configure=False, ament_cmake_args=None, catkin_cmake_args=None, catkin_skip_building_tests=False, verb_parser=<colcon_defaults.argument_parser.defaults.DefaultArgumentsDecorator object at 0xffff9b55da50>, verb_extension=<colcon_core.verb.build.BuildVerb object at 0xffff9b696620>, main=<bound method BuildVerb.main of <colcon_core.verb.build.BuildVerb object at 0xffff9b696620>>)
[1.044s] Level 1:colcon.colcon_core.package_discovery:discover_packages(colcon_meta) check parameters
[1.045s] Level 1:colcon.colcon_core.package_discovery:discover_packages(recursive) check parameters
[1.045s] Level 1:colcon.colcon_core.package_discovery:discover_packages(ignore) check parameters
[1.046s] Level 1:colcon.colcon_core.package_discovery:discover_packages(path) check parameters
[1.046s] Level 1:colcon.colcon_core.package_discovery:discover_packages(colcon_meta) discover
[1.046s] Level 1:colcon.colcon_core.package_discovery:discover_packages(recursive) discover
[1.046s] INFO:colcon.colcon_core.package_discovery:Crawling recursively for packages in '/home/boat/Desktop/TAFLAB_boatpi_roshumble/src'
[1.047s] Level 1:colcon.colcon_core.package_identification:_identify(.) by extensions ['ignore', 'ignore_ament_install']
[1.047s] Level 1:colcon.colcon_core.package_identification:_identify(.) by extension 'ignore'
[1.048s] Level 1:colcon.colcon_core.package_identification:_identify(.) by extension 'ignore_ament_install'
[1.048s] Level 1:colcon.colcon_core.package_identification:_identify(.) by extensions ['colcon_pkg']
[1.048s] Level 1:colcon.colcon_core.package_identification:_identify(.) by extension 'colcon_pkg'
[1.049s] Level 1:colcon.colcon_core.package_identification:_identify(.) by extensions ['colcon_meta']
[1.049s] Level 1:colcon.colcon_core.package_identification:_identify(.) by extension 'colcon_meta'
[1.049s] Level 1:colcon.colcon_core.package_identification:_identify(.) by extensions ['ros']
[1.049s] Level 1:colcon.colcon_core.package_identification:_identify(.) by extension 'ros'
[1.097s] Level 1:colcon.colcon_core.package_identification:_identify(.) by extensions ['cmake', 'python']
[1.098s] Level 1:colcon.colcon_core.package_identification:_identify(.) by extension 'cmake'
[1.098s] Level 1:colcon.colcon_core.package_identification:_identify(.) by extension 'python'
[1.099s] Level 1:colcon.colcon_core.package_identification:_identify(.) by extensions ['python_setup_py']
[1.100s] Level 1:colcon.colcon_core.package_identification:_identify(.) by extension 'python_setup_py'
[1.101s] Level 1:colcon.colcon_core.package_identification:_identify(autonomous_control) by extensions ['ignore', 'ignore_ament_install']
[1.102s] Level 1:colcon.colcon_core.package_identification:_identify(autonomous_control) by extension 'ignore'
[1.102s] Level 1:colcon.colcon_core.package_identification:_identify(autonomous_control) by extension 'ignore_ament_install'
[1.103s] Level 1:colcon.colcon_core.package_identification:_identify(autonomous_control) by extensions ['colcon_pkg']
[1.103s] Level 1:colcon.colcon_core.package_identification:_identify(autonomous_control) by extension 'colcon_pkg'
[1.103s] Level 1:colcon.colcon_core.package_identification:_identify(autonomous_control) by extensions ['colcon_meta']
[1.104s] Level 1:colcon.colcon_core.package_identification:_identify(autonomous_control) by extension 'colcon_meta'
[1.104s] Level 1:colcon.colcon_core.package_identification:_identify(autonomous_control) by extensions ['ros']
[1.104s] Level 1:colcon.colcon_core.package_identification:_identify(autonomous_control) by extension 'ros'
[1.115s] DEBUG:colcon.colcon_core.package_identification:Package 'autonomous_control' with type 'ros.ament_python' and name 'autonomous_control'
[1.116s] Level 1:colcon.colcon_core.package_identification:_identify(boat_control_system_final) by extensions ['ignore', 'ignore_ament_install']
[1.116s] Level 1:colcon.colcon_core.package_identification:_identify(boat_control_system_final) by extension 'ignore'
[1.116s] Level 1:colcon.colcon_core.package_identification:_identify(boat_control_system_final) by extension 'ignore_ament_install'
[1.117s] Level 1:colcon.colcon_core.package_identification:_identify(boat_control_system_final) by extensions ['colcon_pkg']
[1.117s] Level 1:colcon.colcon_core.package_identification:_identify(boat_control_system_final) by extension 'colcon_pkg'
[1.117s] Level 1:colcon.colcon_core.package_identification:_identify(boat_control_system_final) by extensions ['colcon_meta']
[1.117s] Level 1:colcon.colcon_core.package_identification:_identify(boat_control_system_final) by extension 'colcon_meta'
[1.117s] Level 1:colcon.colcon_core.package_identification:_identify(boat_control_system_final) by extensions ['ros']
[1.118s] Level 1:colcon.colcon_core.package_identification:_identify(boat_control_system_final) by extension 'ros'
[1.120s] DEBUG:colcon.colcon_core.package_identification:Package 'boat_control_system_final' with type 'ros.ament_cmake' and name 'boat_control_system_final'
[1.121s] Level 1:colcon.colcon_core.package_identification:_identify(boat_launch) by extensions ['ignore', 'ignore_ament_install']
[1.122s] Level 1:colcon.colcon_core.package_identification:_identify(boat_launch) by extension 'ignore'
[1.122s] Level 1:colcon.colcon_core.package_identification:_identify(boat_launch) by extension 'ignore_ament_install'
[1.123s] Level 1:colcon.colcon_core.package_identification:_identify(boat_launch) by extensions ['colcon_pkg']
[1.123s] Level 1:colcon.colcon_core.package_identification:_identify(boat_launch) by extension 'colcon_pkg'
[1.124s] Level 1:colcon.colcon_core.package_identification:_identify(boat_launch) by extensions ['colcon_meta']
[1.124s] Level 1:colcon.colcon_core.package_identification:_identify(boat_launch) by extension 'colcon_meta'
[1.124s] Level 1:colcon.colcon_core.package_identification:_identify(boat_launch) by extensions ['ros']
[1.125s] Level 1:colcon.colcon_core.package_identification:_identify(boat_launch) by extension 'ros'
[1.128s] DEBUG:colcon.colcon_core.package_identification:Package 'boat_launch' with type 'ros.ament_python' and name 'boat_launch'
[1.129s] Level 1:colcon.colcon_core.package_identification:_identify(boat_logic) by extensions ['ignore', 'ignore_ament_install']
[1.129s] Level 1:colcon.colcon_core.package_identification:_identify(boat_logic) by extension 'ignore'
[1.130s] Level 1:colcon.colcon_core.package_identification:_identify(boat_logic) by extension 'ignore_ament_install'
[1.130s] Level 1:colcon.colcon_core.package_identification:_identify(boat_logic) by extensions ['colcon_pkg']
[1.130s] Level 1:colcon.colcon_core.package_identification:_identify(boat_logic) by extension 'colcon_pkg'
[1.131s] Level 1:colcon.colcon_core.package_identification:_identify(boat_logic) by extensions ['colcon_meta']
[1.132s] Level 1:colcon.colcon_core.package_identification:_identify(boat_logic) by extension 'colcon_meta'
[1.132s] Level 1:colcon.colcon_core.package_identification:_identify(boat_logic) by extensions ['ros']
[1.132s] Level 1:colcon.colcon_core.package_identification:_identify(boat_logic) by extension 'ros'
[1.138s] DEBUG:colcon.colcon_core.package_identification:Package 'boat_logic' with type 'ros.ament_python' and name 'boat_logic'
[1.139s] Level 1:colcon.colcon_core.package_identification:_identify(build) by extensions ['ignore', 'ignore_ament_install']
[1.140s] Level 1:colcon.colcon_core.package_identification:_identify(build) by extension 'ignore'
[1.140s] Level 1:colcon.colcon_core.package_identification:_identify(build) ignored
[1.141s] Level 1:colcon.colcon_core.package_identification:_identify(comms) by extensions ['ignore', 'ignore_ament_install']
[1.141s] Level 1:colcon.colcon_core.package_identification:_identify(comms) by extension 'ignore'
[1.142s] Level 1:colcon.colcon_core.package_identification:_identify(comms) by extension 'ignore_ament_install'
[1.142s] Level 1:colcon.colcon_core.package_identification:_identify(comms) by extensions ['colcon_pkg']
[1.142s] Level 1:colcon.colcon_core.package_identification:_identify(comms) by extension 'colcon_pkg'
[1.142s] Level 1:colcon.colcon_core.package_identification:_identify(comms) by extensions ['colcon_meta']
[1.142s] Level 1:colcon.colcon_core.package_identification:_identify(comms) by extension 'colcon_meta'
[1.143s] Level 1:colcon.colcon_core.package_identification:_identify(comms) by extensions ['ros']
[1.143s] Level 1:colcon.colcon_core.package_identification:_identify(comms) by extension 'ros'
[1.143s] Level 1:colcon.colcon_core.package_identification:_identify(comms) by extensions ['cmake', 'python']
[1.143s] Level 1:colcon.colcon_core.package_identification:_identify(comms) by extension 'cmake'
[1.144s] Level 1:colcon.colcon_core.package_identification:_identify(comms) by extension 'python'
[1.144s] Level 1:colcon.colcon_core.package_identification:_identify(comms) by extensions ['python_setup_py']
[1.144s] Level 1:colcon.colcon_core.package_identification:_identify(comms) by extension 'python_setup_py'
[1.145s] Level 1:colcon.colcon_core.package_identification:_identify(comms/xbee_node) by extensions ['ignore', 'ignore_ament_install']
[1.145s] Level 1:colcon.colcon_core.package_identification:_identify(comms/xbee_node) by extension 'ignore'
[1.146s] Level 1:colcon.colcon_core.package_identification:_identify(comms/xbee_node) by extension 'ignore_ament_install'
[1.146s] Level 1:colcon.colcon_core.package_identification:_identify(comms/xbee_node) by extensions ['colcon_pkg']
[1.146s] Level 1:colcon.colcon_core.package_identification:_identify(comms/xbee_node) by extension 'colcon_pkg'
[1.146s] Level 1:colcon.colcon_core.package_identification:_identify(comms/xbee_node) by extensions ['colcon_meta']
[1.147s] Level 1:colcon.colcon_core.package_identification:_identify(comms/xbee_node) by extension 'colcon_meta'
[1.147s] Level 1:colcon.colcon_core.package_identification:_identify(comms/xbee_node) by extensions ['ros']
[1.147s] Level 1:colcon.colcon_core.package_identification:_identify(comms/xbee_node) by extension 'ros'
[1.149s] DEBUG:colcon.colcon_core.package_identification:Package 'comms/xbee_node' with type 'ros.ament_python' and name 'xbee_node'
[1.150s] Level 1:colcon.colcon_core.package_identification:_identify(control_py) by extensions ['ignore', 'ignore_ament_install']
[1.150s] Level 1:colcon.colcon_core.package_identification:_identify(control_py) by extension 'ignore'
[1.151s] Level 1:colcon.colcon_core.package_identification:_identify(control_py) by extension 'ignore_ament_install'
[1.151s] Level 1:colcon.colcon_core.package_identification:_identify(control_py) by extensions ['colcon_pkg']
[1.151s] Level 1:colcon.colcon_core.package_identification:_identify(control_py) by extension 'colcon_pkg'
[1.151s] Level 1:colcon.colcon_core.package_identification:_identify(control_py) by extensions ['colcon_meta']
[1.151s] Level 1:colcon.colcon_core.package_identification:_identify(control_py) by extension 'colcon_meta'
[1.152s] Level 1:colcon.colcon_core.package_identification:_identify(control_py) by extensions ['ros']
[1.152s] Level 1:colcon.colcon_core.package_identification:_identify(control_py) by extension 'ros'
[1.155s] DEBUG:colcon.colcon_core.package_identification:Package 'control_py' with type 'ros.ament_python' and name 'control_py'
[1.156s] Level 1:colcon.colcon_core.package_identification:_identify(install) by extensions ['ignore', 'ignore_ament_install']
[1.156s] Level 1:colcon.colcon_core.package_identification:_identify(install) by extension 'ignore'
[1.156s] Level 1:colcon.colcon_core.package_identification:_identify(install) ignored
[1.157s] Level 1:colcon.colcon_core.package_identification:_identify(log) by extensions ['ignore', 'ignore_ament_install']
[1.157s] Level 1:colcon.colcon_core.package_identification:_identify(log) by extension 'ignore'
[1.158s] Level 1:colcon.colcon_core.package_identification:_identify(log) ignored
[1.158s] Level 1:colcon.colcon_core.package_identification:_identify(sensors) by extensions ['ignore', 'ignore_ament_install']
[1.159s] Level 1:colcon.colcon_core.package_identification:_identify(sensors) by extension 'ignore'
[1.159s] Level 1:colcon.colcon_core.package_identification:_identify(sensors) by extension 'ignore_ament_install'
[1.159s] Level 1:colcon.colcon_core.package_identification:_identify(sensors) by extensions ['colcon_pkg']
[1.160s] Level 1:colcon.colcon_core.package_identification:_identify(sensors) by extension 'colcon_pkg'
[1.160s] Level 1:colcon.colcon_core.package_identification:_identify(sensors) by extensions ['colcon_meta']
[1.160s] Level 1:colcon.colcon_core.package_identification:_identify(sensors) by extension 'colcon_meta'
[1.160s] Level 1:colcon.colcon_core.package_identification:_identify(sensors) by extensions ['ros']
[1.160s] Level 1:colcon.colcon_core.package_identification:_identify(sensors) by extension 'ros'
[1.161s] Level 1:colcon.colcon_core.package_identification:_identify(sensors) by extensions ['cmake', 'python']
[1.161s] Level 1:colcon.colcon_core.package_identification:_identify(sensors) by extension 'cmake'
[1.161s] Level 1:colcon.colcon_core.package_identification:_identify(sensors) by extension 'python'
[1.161s] Level 1:colcon.colcon_core.package_identification:_identify(sensors) by extensions ['python_setup_py']
[1.161s] Level 1:colcon.colcon_core.package_identification:_identify(sensors) by extension 'python_setup_py'
[1.162s] Level 1:colcon.colcon_core.package_identification:_identify(sensors/as5600_sensor) by extensions ['ignore', 'ignore_ament_install']
[1.162s] Level 1:colcon.colcon_core.package_identification:_identify(sensors/as5600_sensor) by extension 'ignore'
[1.163s] Level 1:colcon.colcon_core.package_identification:_identify(sensors/as5600_sensor) by extension 'ignore_ament_install'
[1.163s] Level 1:colcon.colcon_core.package_identification:_identify(sensors/as5600_sensor) by extensions ['colcon_pkg']
[1.163s] Level 1:colcon.colcon_core.package_identification:_identify(sensors/as5600_sensor) by extension 'colcon_pkg'
[1.163s] Level 1:colcon.colcon_core.package_identification:_identify(sensors/as5600_sensor) by extensions ['colcon_meta']
[1.164s] Level 1:colcon.colcon_core.package_identification:_identify(sensors/as5600_sensor) by extension 'colcon_meta'
[1.164s] Level 1:colcon.colcon_core.package_identification:_identify(sensors/as5600_sensor) by extensions ['ros']
[1.164s] Level 1:colcon.colcon_core.package_identification:_identify(sensors/as5600_sensor) by extension 'ros'
[1.167s] DEBUG:colcon.colcon_core.package_identification:Package 'sensors/as5600_sensor' with type 'ros.ament_python' and name 'as5600_sensor'
[1.168s] Level 1:colcon.colcon_core.package_identification:_identify(sensors/gps_gt_u7) by extensions ['ignore', 'ignore_ament_install']
[1.169s] Level 1:colcon.colcon_core.package_identification:_identify(sensors/gps_gt_u7) by extension 'ignore'
[1.169s] Level 1:colcon.colcon_core.package_identification:_identify(sensors/gps_gt_u7) by extension 'ignore_ament_install'
[1.169s] Level 1:colcon.colcon_core.package_identification:_identify(sensors/gps_gt_u7) by extensions ['colcon_pkg']
[1.170s] Level 1:colcon.colcon_core.package_identification:_identify(sensors/gps_gt_u7) by extension 'colcon_pkg'
[1.170s] Level 1:colcon.colcon_core.package_identification:_identify(sensors/gps_gt_u7) by extensions ['colcon_meta']
[1.170s] Level 1:colcon.colcon_core.package_identification:_identify(sensors/gps_gt_u7) by extension 'colcon_meta'
[1.170s] Level 1:colcon.colcon_core.package_identification:_identify(sensors/gps_gt_u7) by extensions ['ros']
[1.171s] Level 1:colcon.colcon_core.package_identification:_identify(sensors/gps_gt_u7) by extension 'ros'
[1.173s] DEBUG:colcon.colcon_core.package_identification:Package 'sensors/gps_gt_u7' with type 'ros.ament_python' and name 'gps_gt_u7'
[1.173s] Level 1:colcon.colcon_core.package_identification:_identify(sensors/lis3mdl_mag) by extensions ['ignore', 'ignore_ament_install']
[1.174s] Level 1:colcon.colcon_core.package_identification:_identify(sensors/lis3mdl_mag) by extension 'ignore'
[1.174s] Level 1:colcon.colcon_core.package_identification:_identify(sensors/lis3mdl_mag) by extension 'ignore_ament_install'
[1.175s] Level 1:colcon.colcon_core.package_identification:_identify(sensors/lis3mdl_mag) by extensions ['colcon_pkg']
[1.175s] Level 1:colcon.colcon_core.package_identification:_identify(sensors/lis3mdl_mag) by extension 'colcon_pkg'
[1.176s] Level 1:colcon.colcon_core.package_identification:_identify(sensors/lis3mdl_mag) by extensions ['colcon_meta']
[1.176s] Level 1:colcon.colcon_core.package_identification:_identify(sensors/lis3mdl_mag) by extension 'colcon_meta'
[1.176s] Level 1:colcon.colcon_core.package_identification:_identify(sensors/lis3mdl_mag) by extensions ['ros']
[1.177s] Level 1:colcon.colcon_core.package_identification:_identify(sensors/lis3mdl_mag) by extension 'ros'
[1.179s] DEBUG:colcon.colcon_core.package_identification:Package 'sensors/lis3mdl_mag' with type 'ros.ament_python' and name 'lis3mdl_mag'
[1.180s] Level 1:colcon.colcon_core.package_identification:_identify(taflab_msgs) by extensions ['ignore', 'ignore_ament_install']
[1.181s] Level 1:colcon.colcon_core.package_identification:_identify(taflab_msgs) by extension 'ignore'
[1.181s] Level 1:colcon.colcon_core.package_identification:_identify(taflab_msgs) by extension 'ignore_ament_install'
[1.181s] Level 1:colcon.colcon_core.package_identification:_identify(taflab_msgs) by extensions ['colcon_pkg']
[1.181s] Level 1:colcon.colcon_core.package_identification:_identify(taflab_msgs) by extension 'colcon_pkg'
[1.182s] Level 1:colcon.colcon_core.package_identification:_identify(taflab_msgs) by extensions ['colcon_meta']
[1.182s] Level 1:colcon.colcon_core.package_identification:_identify(taflab_msgs) by extension 'colcon_meta'
[1.182s] Level 1:colcon.colcon_core.package_identification:_identify(taflab_msgs) by extensions ['ros']
[1.182s] Level 1:colcon.colcon_core.package_identification:_identify(taflab_msgs) by extension 'ros'
[1.185s] DEBUG:colcon.colcon_core.package_identification:Package 'taflab_msgs' with type 'ros.ament_cmake' and name 'taflab_msgs'
[1.186s] Level 1:colcon.colcon_core.package_identification:_identify(xbee_comm_py) by extensions ['ignore', 'ignore_ament_install']
[1.186s] Level 1:colcon.colcon_core.package_identification:_identify(xbee_comm_py) by extension 'ignore'
[1.187s] Level 1:colcon.colcon_core.package_identification:_identify(xbee_comm_py) by extension 'ignore_ament_install'
[1.187s] Level 1:colcon.colcon_core.package_identification:_identify(xbee_comm_py) by extensions ['colcon_pkg']
[1.187s] Level 1:colcon.colcon_core.package_identification:_identify(xbee_comm_py) by extension 'colcon_pkg'
[1.187s] Level 1:colcon.colcon_core.package_identification:_identify(xbee_comm_py) by extensions ['colcon_meta']
[1.188s] Level 1:colcon.colcon_core.package_identification:_identify(xbee_comm_py) by extension 'colcon_meta'
[1.188s] Level 1:colcon.colcon_core.package_identification:_identify(xbee_comm_py) by extensions ['ros']
[1.188s] Level 1:colcon.colcon_core.package_identification:_identify(xbee_comm_py) by extension 'ros'
[1.191s] DEBUG:colcon.colcon_core.package_identification:Package 'xbee_comm_py' with type 'ros.ament_python' and name 'xbee_comm_py'
[1.191s] Level 1:colcon.colcon_core.package_discovery:discover_packages(recursive) using defaults
[1.191s] Level 1:colcon.colcon_core.package_discovery:discover_packages(ignore) discover
[1.191s] Level 1:colcon.colcon_core.package_discovery:discover_packages(ignore) using defaults
[1.191s] Level 1:colcon.colcon_core.package_discovery:discover_packages(path) discover
[1.192s] Level 1:colcon.colcon_core.package_discovery:discover_packages(path) using defaults
[1.278s] INFO:colcon.colcon_core.package_selection:Skipping not selected package 'autonomous_control' in 'autonomous_control'
[1.278s] INFO:colcon.colcon_core.package_selection:Skipping not selected package 'boat_control_system_final' in 'boat_control_system_final'
[1.279s] INFO:colcon.colcon_core.package_selection:Skipping not selected package 'xbee_comm_py' in 'xbee_comm_py'
[1.279s] INFO:colcon.colcon_core.package_selection:Skipping not selected package 'boat_launch' in 'boat_launch'
[1.279s] INFO:colcon.colcon_core.package_selection:Skipping not selected package 'boat_logic' in 'boat_logic'
[1.281s] Level 1:colcon.colcon_core.package_discovery:discover_packages(prefix_path) check parameters
[1.281s] Level 1:colcon.colcon_core.package_discovery:discover_packages(prefix_path) discover
[1.292s] DEBUG:colcon.colcon_installed_package_information.package_discovery:Found 180 installed packages in /opt/ros/humble
[1.297s] Level 1:colcon.colcon_core.package_discovery:discover_packages(prefix_path) using defaults
[1.414s] Level 5:colcon.colcon_core.verb:set package 'as5600_sensor' build argument 'cmake_args' from command line to 'None'
[1.414s] Level 5:colcon.colcon_core.verb:set package 'as5600_sensor' build argument 'cmake_target' from command line to 'None'
[1.414s] Level 5:colcon.colcon_core.verb:set package 'as5600_sensor' build argument 'cmake_target_skip_unavailable' from command line to 'False'
[1.414s] Level 5:colcon.colcon_core.verb:set package 'as5600_sensor' build argument 'cmake_clean_cache' from command line to 'False'
[1.415s] Level 5:colcon.colcon_core.verb:set package 'as5600_sensor' build argument 'cmake_clean_first' from command line to 'False'
[1.415s] Level 5:colcon.colcon_core.verb:set package 'as5600_sensor' build argument 'cmake_force_configure' from command line to 'False'
[1.415s] Level 5:colcon.colcon_core.verb:set package 'as5600_sensor' build argument 'ament_cmake_args' from command line to 'None'
[1.415s] Level 5:colcon.colcon_core.verb:set package 'as5600_sensor' build argument 'catkin_cmake_args' from command line to 'None'
[1.415s] Level 5:colcon.colcon_core.verb:set package 'as5600_sensor' build argument 'catkin_skip_building_tests' from command line to 'False'
[1.415s] DEBUG:colcon.colcon_core.verb:Building package 'as5600_sensor' with the following arguments: {'ament_cmake_args': None, 'build_base': '/home/boat/Desktop/TAFLAB_boatpi_roshumble/src/build/as5600_sensor', 'catkin_cmake_args': None, 'catkin_skip_building_tests': False, 'cmake_args': None, 'cmake_clean_cache': False, 'cmake_clean_first': False, 'cmake_force_configure': False, 'cmake_target': None, 'cmake_target_skip_unavailable': False, 'install_base': '/home/boat/Desktop/TAFLAB_boatpi_roshumble/src/install/as5600_sensor', 'merge_install': False, 'path': '/home/boat/Desktop/TAFLAB_boatpi_roshumble/src/sensors/as5600_sensor', 'symlink_install': False, 'test_result_base': None}
[1.417s] Level 5:colcon.colcon_core.verb:set package 'control_py' build argument 'cmake_args' from command line to 'None'
[1.417s] Level 5:colcon.colcon_core.verb:set package 'control_py' build argument 'cmake_target' from command line to 'None'
[1.417s] Level 5:colcon.colcon_core.verb:set package 'control_py' build argument 'cmake_target_skip_unavailable' from command line to 'False'
[1.417s] Level 5:colcon.colcon_core.verb:set package 'control_py' build argument 'cmake_clean_cache' from command line to 'False'
[1.417s] Level 5:colcon.colcon_core.verb:set package 'control_py' build argument 'cmake_clean_first' from command line to 'False'
[1.417s] Level 5:colcon.colcon_core.verb:set package 'control_py' build argument 'cmake_force_configure' from command line to 'False'
[1.418s] Level 5:colcon.colcon_core.verb:set package 'control_py' build argument 'ament_cmake_args' from command line to 'None'
[1.418s] Level 5:colcon.colcon_core.verb:set package 'control_py' build argument 'catkin_cmake_args' from command line to 'None'
[1.418s] Level 5:colcon.colcon_core.verb:set package 'control_py' build argument 'catkin_skip_building_tests' from command line to 'False'
[1.418s] DEBUG:colcon.colcon_core.verb:Building package 'control_py' with the following arguments: {'ament_cmake_args': None, 'build_base': '/home/boat/Desktop/TAFLAB_boatpi_roshumble/src/build/control_py', 'catkin_cmake_args': None, 'catkin_skip_building_tests': False, 'cmake_args': None, 'cmake_clean_cache': False, 'cmake_clean_first': False, 'cmake_force_configure': False, 'cmake_target': None, 'cmake_target_skip_unavailable': False, 'install_base': '/home/boat/Desktop/TAFLAB_boatpi_roshumble/src/install/control_py', 'merge_install': False, 'path': '/home/boat/Desktop/TAFLAB_boatpi_roshumble/src/control_py', 'symlink_install': False, 'test_result_base': None}
[1.419s] Level 5:colcon.colcon_core.verb:set package 'gps_gt_u7' build argument 'cmake_args' from command line to 'None'
[1.420s] Level 5:colcon.colcon_core.verb:set package 'gps_gt_u7' build argument 'cmake_target' from command line to 'None'
[1.420s] Level 5:colcon.colcon_core.verb:set package 'gps_gt_u7' build argument 'cmake_target_skip_unavailable' from command line to 'False'
[1.420s] Level 5:colcon.colcon_core.verb:set package 'gps_gt_u7' build argument 'cmake_clean_cache' from command line to 'False'
[1.420s] Level 5:colcon.colcon_core.verb:set package 'gps_gt_u7' build argument 'cmake_clean_first' from command line to 'False'
[1.420s] Level 5:colcon.colcon_core.verb:set package 'gps_gt_u7' build argument 'cmake_force_configure' from command line to 'False'
[1.420s] Level 5:colcon.colcon_core.verb:set package 'gps_gt_u7' build argument 'ament_cmake_args' from command line to 'None'
[1.420s] Level 5:colcon.colcon_core.verb:set package 'gps_gt_u7' build argument 'catkin_cmake_args' from command line to 'None'
[1.420s] Level 5:colcon.colcon_core.verb:set package 'gps_gt_u7' build argument 'catkin_skip_building_tests' from command line to 'False'
[1.421s] DEBUG:colcon.colcon_core.verb:Building package 'gps_gt_u7' with the following arguments: {'ament_cmake_args': None, 'build_base': '/home/boat/Desktop/TAFLAB_boatpi_roshumble/src/build/gps_gt_u7', 'catkin_cmake_args': None, 'catkin_skip_building_tests': False, 'cmake_args': None, 'cmake_clean_cache': False, 'cmake_clean_first': False, 'cmake_force_configure': False, 'cmake_target': None, 'cmake_target_skip_unavailable': False, 'install_base': '/home/boat/Desktop/TAFLAB_boatpi_roshumble/src/install/gps_gt_u7', 'merge_install': False, 'path': '/home/boat/Desktop/TAFLAB_boatpi_roshumble/src/sensors/gps_gt_u7', 'symlink_install': False, 'test_result_base': None}
[1.422s] Level 5:colcon.colcon_core.verb:set package 'lis3mdl_mag' build argument 'cmake_args' from command line to 'None'
[1.422s] Level 5:colcon.colcon_core.verb:set package 'lis3mdl_mag' build argument 'cmake_target' from command line to 'None'
[1.422s] Level 5:colcon.colcon_core.verb:set package 'lis3mdl_mag' build argument 'cmake_target_skip_unavailable' from command line to 'False'
[1.423s] Level 5:colcon.colcon_core.verb:set package 'lis3mdl_mag' build argument 'cmake_clean_cache' from command line to 'False'
[1.423s] Level 5:colcon.colcon_core.verb:set package 'lis3mdl_mag' build argument 'cmake_clean_first' from command line to 'False'
[1.423s] Level 5:colcon.colcon_core.verb:set package 'lis3mdl_mag' build argument 'cmake_force_configure' from command line to 'False'
[1.423s] Level 5:colcon.colcon_core.verb:set package 'lis3mdl_mag' build argument 'ament_cmake_args' from command line to 'None'
[1.423s] Level 5:colcon.colcon_core.verb:set package 'lis3mdl_mag' build argument 'catkin_cmake_args' from command line to 'None'
[1.424s] Level 5:colcon.colcon_core.verb:set package 'lis3mdl_mag' build argument 'catkin_skip_building_tests' from command line to 'False'
[1.424s] DEBUG:colcon.colcon_core.verb:Building package 'lis3mdl_mag' with the following arguments: {'ament_cmake_args': None, 'build_base': '/home/boat/Desktop/TAFLAB_boatpi_roshumble/src/build/lis3mdl_mag', 'catkin_cmake_args': None, 'catkin_skip_building_tests': False, 'cmake_args': None, 'cmake_clean_cache': False, 'cmake_clean_first': False, 'cmake_force_configure': False, 'cmake_target': None, 'cmake_target_skip_unavailable': False, 'install_base': '/home/boat/Desktop/TAFLAB_boatpi_roshumble/src/install/lis3mdl_mag', 'merge_install': False, 'path': '/home/boat/Desktop/TAFLAB_boatpi_roshumble/src/sensors/lis3mdl_mag', 'symlink_install': False, 'test_result_base': None}
[1.426s] Level 5:colcon.colcon_core.verb:set package 'taflab_msgs' build argument 'cmake_args' from command line to 'None'
[1.426s] Level 5:colcon.colcon_core.verb:set package 'taflab_msgs' build argument 'cmake_target' from command line to 'None'
[1.426s] Level 5:colcon.colcon_core.verb:set package 'taflab_msgs' build argument 'cmake_target_skip_unavailable' from command line to 'False'
[1.427s] Level 5:colcon.colcon_core.verb:set package 'taflab_msgs' build argument 'cmake_clean_cache' from command line to 'False'
[1.427s] Level 5:colcon.colcon_core.verb:set package 'taflab_msgs' build argument 'cmake_clean_first' from command line to 'False'
[1.427s] Level 5:colcon.colcon_core.verb:set package 'taflab_msgs' build argument 'cmake_force_configure' from command line to 'False'
[1.427s] Level 5:colcon.colcon_core.verb:set package 'taflab_msgs' build argument 'ament_cmake_args' from command line to 'None'
[1.427s] Level 5:colcon.colcon_core.verb:set package 'taflab_msgs' build argument 'catkin_cmake_args' from command line to 'None'
[1.428s] Level 5:colcon.colcon_core.verb:set package 'taflab_msgs' build argument 'catkin_skip_building_tests' from command line to 'False'
[1.428s] DEBUG:colcon.colcon_core.verb:Building package 'taflab_msgs' with the following arguments: {'ament_cmake_args': None, 'build_base': '/home/boat/Desktop/TAFLAB_boatpi_roshumble/src/build/taflab_msgs', 'catkin_cmake_args': None, 'catkin_skip_building_tests': False, 'cmake_args': None, 'cmake_clean_cache': False, 'cmake_clean_first': False, 'cmake_force_configure': False, 'cmake_target': None, 'cmake_target_skip_unavailable': False, 'install_base': '/home/boat/Desktop/TAFLAB_boatpi_roshumble/src/install/taflab_msgs', 'merge_install': False, 'path': '/home/boat/Desktop/TAFLAB_boatpi_roshumble/src/taflab_msgs', 'symlink_install': False, 'test_result_base': None}
[1.429s] Level 5:colcon.colcon_core.verb:set package 'xbee_node' build argument 'cmake_args' from command line to 'None'
[1.429s] Level 5:colcon.colcon_core.verb:set package 'xbee_node' build argument 'cmake_target' from command line to 'None'
[1.430s] Level 5:colcon.colcon_core.verb:set package 'xbee_node' build argument 'cmake_target_skip_unavailable' from command line to 'False'
[1.430s] Level 5:colcon.colcon_core.verb:set package 'xbee_node' build argument 'cmake_clean_cache' from command line to 'False'
[1.430s] Level 5:colcon.colcon_core.verb:set package 'xbee_node' build argument 'cmake_clean_first' from command line to 'False'
[1.430s] Level 5:colcon.colcon_core.verb:set package 'xbee_node' build argument 'cmake_force_configure' from command line to 'False'
[1.430s] Level 5:colcon.colcon_core.verb:set package 'xbee_node' build argument 'ament_cmake_args' from command line to 'None'
[1.430s] Level 5:colcon.colcon_core.verb:set package 'xbee_node' build argument 'catkin_cmake_args' from command line to 'None'
[1.430s] Level 5:colcon.colcon_core.verb:set package 'xbee_node' build argument 'catkin_skip_building_tests' from command line to 'False'
[1.430s] DEBUG:colcon.colcon_core.verb:Building package 'xbee_node' with the following arguments: {'ament_cmake_args': None, 'build_base': '/home/boat/Desktop/TAFLAB_boatpi_roshumble/src/build/xbee_node', 'catkin_cmake_args': None, 'catkin_skip_building_tests': False, 'cmake_args': None, 'cmake_clean_cache': False, 'cmake_clean_first': False, 'cmake_force_configure': False, 'cmake_target': None, 'cmake_target_skip_unavailable': False, 'install_base': '/home/boat/Desktop/TAFLAB_boatpi_roshumble/src/install/xbee_node', 'merge_install': False, 'path': '/home/boat/Desktop/TAFLAB_boatpi_roshumble/src/comms/xbee_node', 'symlink_install': False, 'test_result_base': None}
[1.431s] INFO:colcon.colcon_core.executor:Executing jobs using 'parallel' executor
[1.435s] DEBUG:colcon.colcon_parallel_executor.executor.parallel:run_until_complete
[1.436s] INFO:colcon.colcon_ros.task.ament_python.build:Building ROS package in '/home/boat/Desktop/TAFLAB_boatpi_roshumble/src/sensors/as5600_sensor' with build type 'ament_python'
[1.437s] Level 1:colcon.colcon_core.shell:create_environment_hook('as5600_sensor', 'ament_prefix_path')
[1.449s] INFO:colcon.colcon_core.plugin_system:Skipping extension 'colcon_core.shell.bat': Not used on non-Windows systems
[1.450s] INFO:colcon.colcon_core.shell:Creating environment hook '/home/boat/Desktop/TAFLAB_boatpi_roshumble/src/install/as5600_sensor/share/as5600_sensor/hook/ament_prefix_path.ps1'
[1.491s] INFO:colcon.colcon_core.shell:Creating environment descriptor '/home/boat/Desktop/TAFLAB_boatpi_roshumble/src/install/as5600_sensor/share/as5600_sensor/hook/ament_prefix_path.dsv'
[1.494s] INFO:colcon.colcon_core.shell:Creating environment hook '/home/boat/Desktop/TAFLAB_boatpi_roshumble/src/install/as5600_sensor/share/as5600_sensor/hook/ament_prefix_path.sh'
[1.498s] INFO:colcon.colcon_core.shell:Skip shell extension 'powershell' for command environment: Not usable outside of PowerShell
[1.499s] DEBUG:colcon.colcon_core.shell:Skip shell extension 'dsv' for command environment
[1.511s] INFO:colcon.colcon_ros.task.ament_python.build:Building ROS package in '/home/boat/Desktop/TAFLAB_boatpi_roshumble/src/control_py' with build type 'ament_python'
[1.512s] Level 1:colcon.colcon_core.shell:create_environment_hook('control_py', 'ament_prefix_path')
[1.513s] INFO:colcon.colcon_core.shell:Creating environment hook '/home/boat/Desktop/TAFLAB_boatpi_roshumble/src/install/control_py/share/control_py/hook/ament_prefix_path.ps1'
[1.515s] INFO:colcon.colcon_core.shell:Creating environment descriptor '/home/boat/Desktop/TAFLAB_boatpi_roshumble/src/install/control_py/share/control_py/hook/ament_prefix_path.dsv'
[1.518s] INFO:colcon.colcon_core.shell:Creating environment hook '/home/boat/Desktop/TAFLAB_boatpi_roshumble/src/install/control_py/share/control_py/hook/ament_prefix_path.sh'
[1.522s] INFO:colcon.colcon_core.shell:Skip shell extension 'powershell' for command environment: Not usable outside of PowerShell
[1.523s] DEBUG:colcon.colcon_core.shell:Skip shell extension 'dsv' for command environment
[1.536s] INFO:colcon.colcon_ros.task.ament_python.build:Building ROS package in '/home/boat/Desktop/TAFLAB_boatpi_roshumble/src/sensors/gps_gt_u7' with build type 'ament_python'
[1.537s] Level 1:colcon.colcon_core.shell:create_environment_hook('gps_gt_u7', 'ament_prefix_path')
[1.538s] INFO:colcon.colcon_core.shell:Creating environment hook '/home/boat/Desktop/TAFLAB_boatpi_roshumble/src/install/gps_gt_u7/share/gps_gt_u7/hook/ament_prefix_path.ps1'
[1.541s] INFO:colcon.colcon_core.shell:Creating environment descriptor '/home/boat/Desktop/TAFLAB_boatpi_roshumble/src/install/gps_gt_u7/share/gps_gt_u7/hook/ament_prefix_path.dsv'
[1.544s] INFO:colcon.colcon_core.shell:Creating environment hook '/home/boat/Desktop/TAFLAB_boatpi_roshumble/src/install/gps_gt_u7/share/gps_gt_u7/hook/ament_prefix_path.sh'
[1.548s] INFO:colcon.colcon_core.shell:Skip shell extension 'powershell' for command environment: Not usable outside of PowerShell
[1.548s] DEBUG:colcon.colcon_core.shell:Skip shell extension 'dsv' for command environment
[1.560s] INFO:colcon.colcon_ros.task.ament_python.build:Building ROS package in '/home/boat/Desktop/TAFLAB_boatpi_roshumble/src/sensors/lis3mdl_mag' with build type 'ament_python'
[1.561s] Level 1:colcon.colcon_core.shell:create_environment_hook('lis3mdl_mag', 'ament_prefix_path')
[1.562s] INFO:colcon.colcon_core.shell:Creating environment hook '/home/boat/Desktop/TAFLAB_boatpi_roshumble/src/install/lis3mdl_mag/share/lis3mdl_mag/hook/ament_prefix_path.ps1'
[1.565s] INFO:colcon.colcon_core.shell:Creating environment descriptor '/home/boat/Desktop/TAFLAB_boatpi_roshumble/src/install/lis3mdl_mag/share/lis3mdl_mag/hook/ament_prefix_path.dsv'
[1.568s] INFO:colcon.colcon_core.shell:Creating environment hook '/home/boat/Desktop/TAFLAB_boatpi_roshumble/src/install/lis3mdl_mag/share/lis3mdl_mag/hook/ament_prefix_path.sh'
[1.572s] INFO:colcon.colcon_core.shell:Skip shell extension 'powershell' for command environment: Not usable outside of PowerShell
[1.572s] DEBUG:colcon.colcon_core.shell:Skip shell extension 'dsv' for command environment
[2.607s] INFO:colcon.colcon_core.task.python.build:Building Python package in '/home/boat/Desktop/TAFLAB_boatpi_roshumble/src/sensors/as5600_sensor'
[2.609s] INFO:colcon.colcon_core.shell:Skip shell extension 'powershell' for command environment: Not usable outside of PowerShell
[2.609s] DEBUG:colcon.colcon_core.shell:Skip shell extension 'dsv' for command environment
[3.620s] INFO:colcon.colcon_core.task.python.build:Building Python package in '/home/boat/Desktop/TAFLAB_boatpi_roshumble/src/control_py'
[3.621s] INFO:colcon.colcon_core.shell:Skip shell extension 'powershell' for command environment: Not usable outside of PowerShell
[3.621s] DEBUG:colcon.colcon_core.shell:Skip shell extension 'dsv' for command environment
[4.650s] INFO:colcon.colcon_core.task.python.build:Building Python package in '/home/boat/Desktop/TAFLAB_boatpi_roshumble/src/sensors/gps_gt_u7'
[4.651s] INFO:colcon.colcon_core.shell:Skip shell extension 'powershell' for command environment: Not usable outside of PowerShell
[4.651s] DEBUG:colcon.colcon_core.shell:Skip shell extension 'dsv' for command environment
[5.652s] INFO:colcon.colcon_core.task.python.build:Building Python package in '/home/boat/Desktop/TAFLAB_boatpi_roshumble/src/sensors/lis3mdl_mag'
[5.653s] INFO:colcon.colcon_core.shell:Skip shell extension 'powershell' for command environment: Not usable outside of PowerShell
[5.654s] DEBUG:colcon.colcon_core.shell:Skip shell extension 'dsv' for command environment
[7.868s] DEBUG:colcon.colcon_core.event_handler.log_command:Invoking command in '/home/boat/Desktop/TAFLAB_boatpi_roshumble/src/sensors/gps_gt_u7': PYTHONPATH=/home/boat/Desktop/TAFLAB_boatpi_roshumble/src/build/gps_gt_u7/prefix_override:/usr/lib/python3/dist-packages/colcon_core/task/python/colcon_distutils_commands:/home/boat/Desktop/TAFLAB_boatpi_roshumble/src/install/gps_gt_u7/lib/python3.10/site-packages:${PYTHONPATH} /usr/bin/python3 -W ignore:setup.py install is deprecated setup.py egg_info --egg-base ../../build/gps_gt_u7 build --build-base /home/boat/Desktop/TAFLAB_boatpi_roshumble/src/build/gps_gt_u7/build install --record /home/boat/Desktop/TAFLAB_boatpi_roshumble/src/build/gps_gt_u7/install.log --single-version-externally-managed install_data
[7.930s] DEBUG:colcon.colcon_core.event_handler.log_command:Invoking command in '/home/boat/Desktop/TAFLAB_boatpi_roshumble/src/control_py': PYTHONPATH=/home/boat/Desktop/TAFLAB_boatpi_roshumble/src/build/control_py/prefix_override:/usr/lib/python3/dist-packages/colcon_core/task/python/colcon_distutils_commands:/home/boat/Desktop/TAFLAB_boatpi_roshumble/src/install/control_py/lib/python3.10/site-packages:${PYTHONPATH} /usr/bin/python3 -W ignore:setup.py install is deprecated setup.py egg_info --egg-base ../build/control_py build --build-base /home/boat/Desktop/TAFLAB_boatpi_roshumble/src/build/control_py/build install --record /home/boat/Desktop/TAFLAB_boatpi_roshumble/src/build/control_py/install.log --single-version-externally-managed install_data
[7.967s] DEBUG:colcon.colcon_core.event_handler.log_command:Invoking command in '/home/boat/Desktop/TAFLAB_boatpi_roshumble/src/sensors/as5600_sensor': PYTHONPATH=/home/boat/Desktop/TAFLAB_boatpi_roshumble/src/build/as5600_sensor/prefix_override:/usr/lib/python3/dist-packages/colcon_core/task/python/colcon_distutils_commands:/home/boat/Desktop/TAFLAB_boatpi_roshumble/src/install/as5600_sensor/lib/python3.10/site-packages:${PYTHONPATH} /usr/bin/python3 -W ignore:setup.py install is deprecated setup.py egg_info --egg-base ../../build/as5600_sensor build --build-base /home/boat/Desktop/TAFLAB_boatpi_roshumble/src/build/as5600_sensor/build install --record /home/boat/Desktop/TAFLAB_boatpi_roshumble/src/build/as5600_sensor/install.log --single-version-externally-managed install_data
[7.993s] DEBUG:colcon.colcon_core.event_handler.log_command:Invoking command in '/home/boat/Desktop/TAFLAB_boatpi_roshumble/src/sensors/lis3mdl_mag': PYTHONPATH=/home/boat/Desktop/TAFLAB_boatpi_roshumble/src/build/lis3mdl_mag/prefix_override:/usr/lib/python3/dist-packages/colcon_core/task/python/colcon_distutils_commands:/home/boat/Desktop/TAFLAB_boatpi_roshumble/src/install/lis3mdl_mag/lib/python3.10/site-packages:${PYTHONPATH} /usr/bin/python3 -W ignore:setup.py install is deprecated setup.py egg_info --egg-base ../../build/lis3mdl_mag build --build-base /home/boat/Desktop/TAFLAB_boatpi_roshumble/src/build/lis3mdl_mag/build install --record /home/boat/Desktop/TAFLAB_boatpi_roshumble/src/build/lis3mdl_mag/install.log --single-version-externally-managed install_data
[9.728s] DEBUG:colcon.colcon_core.event_handler.log_command:Invoked command in '/home/boat/Desktop/TAFLAB_boatpi_roshumble/src/sensors/as5600_sensor' returned '0': PYTHONPATH=/home/boat/Desktop/TAFLAB_boatpi_roshumble/src/build/as5600_sensor/prefix_override:/usr/lib/python3/dist-packages/colcon_core/task/python/colcon_distutils_commands:/home/boat/Desktop/TAFLAB_boatpi_roshumble/src/install/as5600_sensor/lib/python3.10/site-packages:${PYTHONPATH} /usr/bin/python3 -W ignore:setup.py install is deprecated setup.py egg_info --egg-base ../../build/as5600_sensor build --build-base /home/boat/Desktop/TAFLAB_boatpi_roshumble/src/build/as5600_sensor/build install --record /home/boat/Desktop/TAFLAB_boatpi_roshumble/src/build/as5600_sensor/install.log --single-version-externally-managed install_data
[9.750s] Level 1:colcon.colcon_core.environment:checking '/home/boat/Desktop/TAFLAB_boatpi_roshumble/src/install/as5600_sensor' for CMake module files
[9.758s] Level 1:colcon.colcon_core.environment:checking '/home/boat/Desktop/TAFLAB_boatpi_roshumble/src/install/as5600_sensor' for CMake config files
[9.786s] Level 1:colcon.colcon_core.environment:checking '/home/boat/Desktop/TAFLAB_boatpi_roshumble/src/install/as5600_sensor/lib'
[9.816s] Level 1:colcon.colcon_core.environment:checking '/home/boat/Desktop/TAFLAB_boatpi_roshumble/src/install/as5600_sensor/bin'
[9.818s] Level 1:colcon.colcon_core.environment:checking '/home/boat/Desktop/TAFLAB_boatpi_roshumble/src/install/as5600_sensor/lib/pkgconfig/as5600_sensor.pc'
[9.821s] Level 1:colcon.colcon_core.environment:checking '/home/boat/Desktop/TAFLAB_boatpi_roshumble/src/install/as5600_sensor/lib/python3.10/site-packages'
[9.823s] Level 1:colcon.colcon_core.shell:create_environment_hook('as5600_sensor', 'pythonpath')
[9.832s] INFO:colcon.colcon_core.shell:Creating environment hook '/home/boat/Desktop/TAFLAB_boatpi_roshumble/src/install/as5600_sensor/share/as5600_sensor/hook/pythonpath.ps1'
[9.839s] INFO:colcon.colcon_core.shell:Creating environment descriptor '/home/boat/Desktop/TAFLAB_boatpi_roshumble/src/install/as5600_sensor/share/as5600_sensor/hook/pythonpath.dsv'
[9.847s] INFO:colcon.colcon_core.shell:Creating environment hook '/home/boat/Desktop/TAFLAB_boatpi_roshumble/src/install/as5600_sensor/share/as5600_sensor/hook/pythonpath.sh'
[9.860s] Level 1:colcon.colcon_core.environment:checking '/home/boat/Desktop/TAFLAB_boatpi_roshumble/src/install/as5600_sensor/bin'
[9.862s] Level 1:colcon.colcon_core.environment:create_environment_scripts_only(as5600_sensor)
[9.866s] INFO:colcon.colcon_core.shell:Creating package script '/home/boat/Desktop/TAFLAB_boatpi_roshumble/src/install/as5600_sensor/share/as5600_sensor/package.ps1'
[9.874s] INFO:colcon.colcon_core.shell:Creating package descriptor '/home/boat/Desktop/TAFLAB_boatpi_roshumble/src/install/as5600_sensor/share/as5600_sensor/package.dsv'
[9.882s] INFO:colcon.colcon_core.shell:Creating package script '/home/boat/Desktop/TAFLAB_boatpi_roshumble/src/install/as5600_sensor/share/as5600_sensor/package.sh'
[9.887s] INFO:colcon.colcon_core.shell:Creating package script '/home/boat/Desktop/TAFLAB_boatpi_roshumble/src/install/as5600_sensor/share/as5600_sensor/package.bash'
[9.893s] INFO:colcon.colcon_core.shell:Creating package script '/home/boat/Desktop/TAFLAB_boatpi_roshumble/src/install/as5600_sensor/share/as5600_sensor/package.zsh'
[9.897s] Level 1:colcon.colcon_core.environment:create_file_with_runtime_dependencies(/home/boat/Desktop/TAFLAB_boatpi_roshumble/src/install/as5600_sensor/share/colcon-core/packages/as5600_sensor)
[9.900s] INFO:colcon.colcon_ros.task.ament_cmake.build:Building ROS package in '/home/boat/Desktop/TAFLAB_boatpi_roshumble/src/taflab_msgs' with build type 'ament_cmake'
[9.901s] INFO:colcon.colcon_cmake.task.cmake.build:Building CMake package in '/home/boat/Desktop/TAFLAB_boatpi_roshumble/src/taflab_msgs'
[9.905s] INFO:colcon.colcon_core.shell:Skip shell extension 'powershell' for command environment: Not usable outside of PowerShell
[9.906s] DEBUG:colcon.colcon_core.shell:Skip shell extension 'dsv' for command environment
[9.937s] Level 1:colcon.colcon_core.environment:checking '/home/boat/Desktop/TAFLAB_boatpi_roshumble/src/install/gps_gt_u7' for CMake module files
[9.940s] DEBUG:colcon.colcon_core.event_handler.log_command:Invoked command in '/home/boat/Desktop/TAFLAB_boatpi_roshumble/src/sensors/gps_gt_u7' returned '0': PYTHONPATH=/home/boat/Desktop/TAFLAB_boatpi_roshumble/src/build/gps_gt_u7/prefix_override:/usr/lib/python3/dist-packages/colcon_core/task/python/colcon_distutils_commands:/home/boat/Desktop/TAFLAB_boatpi_roshumble/src/install/gps_gt_u7/lib/python3.10/site-packages:${PYTHONPATH} /usr/bin/python3 -W ignore:setup.py install is deprecated setup.py egg_info --egg-base ../../build/gps_gt_u7 build --build-base /home/boat/Desktop/TAFLAB_boatpi_roshumble/src/build/gps_gt_u7/build install --record /home/boat/Desktop/TAFLAB_boatpi_roshumble/src/build/gps_gt_u7/install.log --single-version-externally-managed install_data
[9.947s] Level 1:colcon.colcon_core.environment:checking '/home/boat/Desktop/TAFLAB_boatpi_roshumble/src/install/gps_gt_u7' for CMake config files
[9.958s] Level 1:colcon.colcon_core.environment:checking '/home/boat/Desktop/TAFLAB_boatpi_roshumble/src/install/gps_gt_u7/lib'
[9.960s] Level 1:colcon.colcon_core.environment:checking '/home/boat/Desktop/TAFLAB_boatpi_roshumble/src/install/gps_gt_u7/bin'
[9.963s] Level 1:colcon.colcon_core.environment:checking '/home/boat/Desktop/TAFLAB_boatpi_roshumble/src/install/gps_gt_u7/lib/pkgconfig/gps_gt_u7.pc'
[9.965s] Level 1:colcon.colcon_core.environment:checking '/home/boat/Desktop/TAFLAB_boatpi_roshumble/src/install/gps_gt_u7/lib/python3.10/site-packages'
[9.966s] Level 1:colcon.colcon_core.shell:create_environment_hook('gps_gt_u7', 'pythonpath')
[9.968s] INFO:colcon.colcon_core.shell:Creating environment hook '/home/boat/Desktop/TAFLAB_boatpi_roshumble/src/install/gps_gt_u7/share/gps_gt_u7/hook/pythonpath.ps1'
[9.973s] INFO:colcon.colcon_core.shell:Creating environment descriptor '/home/boat/Desktop/TAFLAB_boatpi_roshumble/src/install/gps_gt_u7/share/gps_gt_u7/hook/pythonpath.dsv'
[9.978s] INFO:colcon.colcon_core.shell:Creating environment hook '/home/boat/Desktop/TAFLAB_boatpi_roshumble/src/install/gps_gt_u7/share/gps_gt_u7/hook/pythonpath.sh'
[9.986s] Level 1:colcon.colcon_core.environment:checking '/home/boat/Desktop/TAFLAB_boatpi_roshumble/src/install/gps_gt_u7/bin'
[9.988s] Level 1:colcon.colcon_core.environment:create_environment_scripts_only(gps_gt_u7)
[9.992s] INFO:colcon.colcon_core.shell:Creating package script '/home/boat/Desktop/TAFLAB_boatpi_roshumble/src/install/gps_gt_u7/share/gps_gt_u7/package.ps1'
[10.000s] INFO:colcon.colcon_core.shell:Creating package descriptor '/home/boat/Desktop/TAFLAB_boatpi_roshumble/src/install/gps_gt_u7/share/gps_gt_u7/package.dsv'
[10.008s] INFO:colcon.colcon_core.shell:Creating package script '/home/boat/Desktop/TAFLAB_boatpi_roshumble/src/install/gps_gt_u7/share/gps_gt_u7/package.sh'
[10.015s] INFO:colcon.colcon_core.shell:Creating package script '/home/boat/Desktop/TAFLAB_boatpi_roshumble/src/install/gps_gt_u7/share/gps_gt_u7/package.bash'
[10.023s] INFO:colcon.colcon_core.shell:Creating package script '/home/boat/Desktop/TAFLAB_boatpi_roshumble/src/install/gps_gt_u7/share/gps_gt_u7/package.zsh'
[10.036s] Level 1:colcon.colcon_core.environment:create_file_with_runtime_dependencies(/home/boat/Desktop/TAFLAB_boatpi_roshumble/src/install/gps_gt_u7/share/colcon-core/packages/gps_gt_u7)
[10.055s] INFO:colcon.colcon_ros.task.ament_python.build:Building ROS package in '/home/boat/Desktop/TAFLAB_boatpi_roshumble/src/comms/xbee_node' with build type 'ament_python'
[10.060s] Level 1:colcon.colcon_core.shell:create_environment_hook('xbee_node', 'ament_prefix_path')
[10.063s] INFO:colcon.colcon_core.shell:Creating environment hook '/home/boat/Desktop/TAFLAB_boatpi_roshumble/src/install/xbee_node/share/xbee_node/hook/ament_prefix_path.ps1'
[10.073s] INFO:colcon.colcon_core.shell:Creating environment descriptor '/home/boat/Desktop/TAFLAB_boatpi_roshumble/src/install/xbee_node/share/xbee_node/hook/ament_prefix_path.dsv'
[10.080s] INFO:colcon.colcon_core.shell:Creating environment hook '/home/boat/Desktop/TAFLAB_boatpi_roshumble/src/install/xbee_node/share/xbee_node/hook/ament_prefix_path.sh'
[10.088s] INFO:colcon.colcon_core.shell:Skip shell extension 'powershell' for command environment: Not usable outside of PowerShell
[10.089s] DEBUG:colcon.colcon_core.shell:Skip shell extension 'dsv' for command environment
[10.185s] DEBUG:colcon.colcon_core.event_handler.log_command:Invoking command in '/home/boat/Desktop/TAFLAB_boatpi_roshumble/src/build/taflab_msgs': CMAKE_PREFIX_PATH=/opt/ros/humble /usr/bin/cmake /home/boat/Desktop/TAFLAB_boatpi_roshumble/src/taflab_msgs -DCMAKE_INSTALL_PREFIX=/home/boat/Desktop/TAFLAB_boatpi_roshumble/src/install/taflab_msgs
[11.483s] INFO:colcon.colcon_core.task.python.build:Building Python package in '/home/boat/Desktop/TAFLAB_boatpi_roshumble/src/comms/xbee_node'
[11.485s] INFO:colcon.colcon_core.shell:Skip shell extension 'powershell' for command environment: Not usable outside of PowerShell
[11.485s] DEBUG:colcon.colcon_core.shell:Skip shell extension 'dsv' for command environment
[11.504s] Level 1:colcon.colcon_core.environment:checking '/home/boat/Desktop/TAFLAB_boatpi_roshumble/src/install/lis3mdl_mag' for CMake module files
[11.507s] Level 1:colcon.colcon_core.environment:checking '/home/boat/Desktop/TAFLAB_boatpi_roshumble/src/install/lis3mdl_mag' for CMake config files
[11.511s] DEBUG:colcon.colcon_core.event_handler.log_command:Invoked command in '/home/boat/Desktop/TAFLAB_boatpi_roshumble/src/sensors/lis3mdl_mag' returned '0': PYTHONPATH=/home/boat/Desktop/TAFLAB_boatpi_roshumble/src/build/lis3mdl_mag/prefix_override:/usr/lib/python3/dist-packages/colcon_core/task/python/colcon_distutils_commands:/home/boat/Desktop/TAFLAB_boatpi_roshumble/src/install/lis3mdl_mag/lib/python3.10/site-packages:${PYTHONPATH} /usr/bin/python3 -W ignore:setup.py install is deprecated setup.py egg_info --egg-base ../../build/lis3mdl_mag build --build-base /home/boat/Desktop/TAFLAB_boatpi_roshumble/src/build/lis3mdl_mag/build install --record /home/boat/Desktop/TAFLAB_boatpi_roshumble/src/build/lis3mdl_mag/install.log --single-version-externally-managed install_data
[11.513s] Level 1:colcon.colcon_core.environment:checking '/home/boat/Desktop/TAFLAB_boatpi_roshumble/src/install/lis3mdl_mag/lib'
[11.514s] Level 1:colcon.colcon_core.environment:checking '/home/boat/Desktop/TAFLAB_boatpi_roshumble/src/install/lis3mdl_mag/bin'
[11.515s] Level 1:colcon.colcon_core.environment:checking '/home/boat/Desktop/TAFLAB_boatpi_roshumble/src/install/lis3mdl_mag/lib/pkgconfig/lis3mdl_mag.pc'
[11.516s] Level 1:colcon.colcon_core.environment:checking '/home/boat/Desktop/TAFLAB_boatpi_roshumble/src/install/lis3mdl_mag/lib/python3.10/site-packages'
[11.517s] Level 1:colcon.colcon_core.shell:create_environment_hook('lis3mdl_mag', 'pythonpath')
[11.518s] INFO:colcon.colcon_core.shell:Creating environment hook '/home/boat/Desktop/TAFLAB_boatpi_roshumble/src/install/lis3mdl_mag/share/lis3mdl_mag/hook/pythonpath.ps1'
[11.520s] INFO:colcon.colcon_core.shell:Creating environment descriptor '/home/boat/Desktop/TAFLAB_boatpi_roshumble/src/install/lis3mdl_mag/share/lis3mdl_mag/hook/pythonpath.dsv'
[11.524s] INFO:colcon.colcon_core.shell:Creating environment hook '/home/boat/Desktop/TAFLAB_boatpi_roshumble/src/install/lis3mdl_mag/share/lis3mdl_mag/hook/pythonpath.sh'
[11.531s] Level 1:colcon.colcon_core.environment:checking '/home/boat/Desktop/TAFLAB_boatpi_roshumble/src/install/lis3mdl_mag/bin'
[11.532s] Level 1:colcon.colcon_core.environment:create_environment_scripts_only(lis3mdl_mag)
[11.534s] INFO:colcon.colcon_core.shell:Creating package script '/home/boat/Desktop/TAFLAB_boatpi_roshumble/src/install/lis3mdl_mag/share/lis3mdl_mag/package.ps1'
[11.539s] INFO:colcon.colcon_core.shell:Creating package descriptor '/home/boat/Desktop/TAFLAB_boatpi_roshumble/src/install/lis3mdl_mag/share/lis3mdl_mag/package.dsv'
[11.543s] INFO:colcon.colcon_core.shell:Creating package script '/home/boat/Desktop/TAFLAB_boatpi_roshumble/src/install/lis3mdl_mag/share/lis3mdl_mag/package.sh'
[11.546s] INFO:colcon.colcon_core.shell:Creating package script '/home/boat/Desktop/TAFLAB_boatpi_roshumble/src/install/lis3mdl_mag/share/lis3mdl_mag/package.bash'
[11.549s] INFO:colcon.colcon_core.shell:Creating package script '/home/boat/Desktop/TAFLAB_boatpi_roshumble/src/install/lis3mdl_mag/share/lis3mdl_mag/package.zsh'
[11.551s] Level 1:colcon.colcon_core.environment:create_file_with_runtime_dependencies(/home/boat/Desktop/TAFLAB_boatpi_roshumble/src/install/lis3mdl_mag/share/colcon-core/packages/lis3mdl_mag)
[11.557s] Level 1:colcon.colcon_core.environment:checking '/home/boat/Desktop/TAFLAB_boatpi_roshumble/src/install/control_py' for CMake module files
[11.561s] DEBUG:colcon.colcon_core.event_handler.log_command:Invoked command in '/home/boat/Desktop/TAFLAB_boatpi_roshumble/src/control_py' returned '0': PYTHONPATH=/home/boat/Desktop/TAFLAB_boatpi_roshumble/src/build/control_py/prefix_override:/usr/lib/python3/dist-packages/colcon_core/task/python/colcon_distutils_commands:/home/boat/Desktop/TAFLAB_boatpi_roshumble/src/install/control_py/lib/python3.10/site-packages:${PYTHONPATH} /usr/bin/python3 -W ignore:setup.py install is deprecated setup.py egg_info --egg-base ../build/control_py build --build-base /home/boat/Desktop/TAFLAB_boatpi_roshumble/src/build/control_py/build install --record /home/boat/Desktop/TAFLAB_boatpi_roshumble/src/build/control_py/install.log --single-version-externally-managed install_data
[11.563s] Level 1:colcon.colcon_core.environment:checking '/home/boat/Desktop/TAFLAB_boatpi_roshumble/src/install/control_py' for CMake config files
[11.567s] Level 1:colcon.colcon_core.environment:checking '/home/boat/Desktop/TAFLAB_boatpi_roshumble/src/install/control_py/lib'
[11.568s] Level 1:colcon.colcon_core.environment:checking '/home/boat/Desktop/TAFLAB_boatpi_roshumble/src/install/control_py/bin'
[11.568s] Level 1:colcon.colcon_core.environment:checking '/home/boat/Desktop/TAFLAB_boatpi_roshumble/src/install/control_py/lib/pkgconfig/control_py.pc'
[11.569s] Level 1:colcon.colcon_core.environment:checking '/home/boat/Desktop/TAFLAB_boatpi_roshumble/src/install/control_py/lib/python3.10/site-packages'
[11.570s] Level 1:colcon.colcon_core.shell:create_environment_hook('control_py', 'pythonpath')
[11.571s] INFO:colcon.colcon_core.shell:Creating environment hook '/home/boat/Desktop/TAFLAB_boatpi_roshumble/src/install/control_py/share/control_py/hook/pythonpath.ps1'
[11.573s] INFO:colcon.colcon_core.shell:Creating environment descriptor '/home/boat/Desktop/TAFLAB_boatpi_roshumble/src/install/control_py/share/control_py/hook/pythonpath.dsv'
[11.577s] INFO:colcon.colcon_core.shell:Creating environment hook '/home/boat/Desktop/TAFLAB_boatpi_roshumble/src/install/control_py/share/control_py/hook/pythonpath.sh'
[11.580s] Level 1:colcon.colcon_core.environment:checking '/home/boat/Desktop/TAFLAB_boatpi_roshumble/src/install/control_py/bin'
[11.581s] Level 1:colcon.colcon_core.environment:create_environment_scripts_only(control_py)
[11.582s] INFO:colcon.colcon_core.shell:Creating package script '/home/boat/Desktop/TAFLAB_boatpi_roshumble/src/install/control_py/share/control_py/package.ps1'
[11.585s] INFO:colcon.colcon_core.shell:Creating package descriptor '/home/boat/Desktop/TAFLAB_boatpi_roshumble/src/install/control_py/share/control_py/package.dsv'
[11.588s] INFO:colcon.colcon_core.shell:Creating package script '/home/boat/Desktop/TAFLAB_boatpi_roshumble/src/install/control_py/share/control_py/package.sh'
[11.591s] INFO:colcon.colcon_core.shell:Creating package script '/home/boat/Desktop/TAFLAB_boatpi_roshumble/src/install/control_py/share/control_py/package.bash'
[11.594s] INFO:colcon.colcon_core.shell:Creating package script '/home/boat/Desktop/TAFLAB_boatpi_roshumble/src/install/control_py/share/control_py/package.zsh'
[11.596s] Level 1:colcon.colcon_core.environment:create_file_with_runtime_dependencies(/home/boat/Desktop/TAFLAB_boatpi_roshumble/src/install/control_py/share/colcon-core/packages/control_py)
[13.069s] DEBUG:colcon.colcon_core.event_handler.log_command:Invoking command in '/home/boat/Desktop/TAFLAB_boatpi_roshumble/src/comms/xbee_node': PYTHONPATH=/home/boat/Desktop/TAFLAB_boatpi_roshumble/src/build/xbee_node/prefix_override:/usr/lib/python3/dist-packages/colcon_core/task/python/colcon_distutils_commands:/home/boat/Desktop/TAFLAB_boatpi_roshumble/src/install/xbee_node/lib/python3.10/site-packages:${PYTHONPATH} /usr/bin/python3 -W ignore:setup.py install is deprecated setup.py egg_info --egg-base ../../build/xbee_node build --build-base /home/boat/Desktop/TAFLAB_boatpi_roshumble/src/build/xbee_node/build install --record /home/boat/Desktop/TAFLAB_boatpi_roshumble/src/build/xbee_node/install.log --single-version-externally-managed install_data
[14.398s] Level 1:colcon.colcon_core.environment:checking '/home/boat/Desktop/TAFLAB_boatpi_roshumble/src/install/xbee_node' for CMake module files
[14.400s] DEBUG:colcon.colcon_core.event_handler.log_command:Invoked command in '/home/boat/Desktop/TAFLAB_boatpi_roshumble/src/comms/xbee_node' returned '0': PYTHONPATH=/home/boat/Desktop/TAFLAB_boatpi_roshumble/src/build/xbee_node/prefix_override:/usr/lib/python3/dist-packages/colcon_core/task/python/colcon_distutils_commands:/home/boat/Desktop/TAFLAB_boatpi_roshumble/src/install/xbee_node/lib/python3.10/site-packages:${PYTHONPATH} /usr/bin/python3 -W ignore:setup.py install is deprecated setup.py egg_info --egg-base ../../build/xbee_node build --build-base /home/boat/Desktop/TAFLAB_boatpi_roshumble/src/build/xbee_node/build install --record /home/boat/Desktop/TAFLAB_boatpi_roshumble/src/build/xbee_node/install.log --single-version-externally-managed install_data
[14.403s] Level 1:colcon.colcon_core.environment:checking '/home/boat/Desktop/TAFLAB_boatpi_roshumble/src/install/xbee_node' for CMake config files
[14.409s] Level 1:colcon.colcon_core.environment:checking '/home/boat/Desktop/TAFLAB_boatpi_roshumble/src/install/xbee_node/lib'
[14.410s] Level 1:colcon.colcon_core.environment:checking '/home/boat/Desktop/TAFLAB_boatpi_roshumble/src/install/xbee_node/bin'
[14.411s] Level 1:colcon.colcon_core.environment:checking '/home/boat/Desktop/TAFLAB_boatpi_roshumble/src/install/xbee_node/lib/pkgconfig/xbee_node.pc'
[14.412s] Level 1:colcon.colcon_core.environment:checking '/home/boat/Desktop/TAFLAB_boatpi_roshumble/src/install/xbee_node/lib/python3.10/site-packages'
[14.413s] Level 1:colcon.colcon_core.shell:create_environment_hook('xbee_node', 'pythonpath')
[14.414s] INFO:colcon.colcon_core.shell:Creating environment hook '/home/boat/Desktop/TAFLAB_boatpi_roshumble/src/install/xbee_node/share/xbee_node/hook/pythonpath.ps1'
[14.418s] INFO:colcon.colcon_core.shell:Creating environment descriptor '/home/boat/Desktop/TAFLAB_boatpi_roshumble/src/install/xbee_node/share/xbee_node/hook/pythonpath.dsv'
[14.421s] INFO:colcon.colcon_core.shell:Creating environment hook '/home/boat/Desktop/TAFLAB_boatpi_roshumble/src/install/xbee_node/share/xbee_node/hook/pythonpath.sh'
[14.426s] Level 1:colcon.colcon_core.environment:checking '/home/boat/Desktop/TAFLAB_boatpi_roshumble/src/install/xbee_node/bin'
[14.427s] Level 1:colcon.colcon_core.environment:create_environment_scripts_only(xbee_node)
[14.429s] INFO:colcon.colcon_core.shell:Creating package script '/home/boat/Desktop/TAFLAB_boatpi_roshumble/src/install/xbee_node/share/xbee_node/package.ps1'
[14.432s] INFO:colcon.colcon_core.shell:Creating package descriptor '/home/boat/Desktop/TAFLAB_boatpi_roshumble/src/install/xbee_node/share/xbee_node/package.dsv'
[14.435s] INFO:colcon.colcon_core.shell:Creating package script '/home/boat/Desktop/TAFLAB_boatpi_roshumble/src/install/xbee_node/share/xbee_node/package.sh'
[14.437s] INFO:colcon.colcon_core.shell:Creating package script '/home/boat/Desktop/TAFLAB_boatpi_roshumble/src/install/xbee_node/share/xbee_node/package.bash'
[14.439s] INFO:colcon.colcon_core.shell:Creating package script '/home/boat/Desktop/TAFLAB_boatpi_roshumble/src/install/xbee_node/share/xbee_node/package.zsh'
[14.444s] Level 1:colcon.colcon_core.environment:create_file_with_runtime_dependencies(/home/boat/Desktop/TAFLAB_boatpi_roshumble/src/install/xbee_node/share/colcon-core/packages/xbee_node)
[18.590s] DEBUG:colcon.colcon_core.event_handler.log_command:Invoked command in '/home/boat/Desktop/TAFLAB_boatpi_roshumble/src/build/taflab_msgs' returned '0': CMAKE_PREFIX_PATH=/opt/ros/humble /usr/bin/cmake /home/boat/Desktop/TAFLAB_boatpi_roshumble/src/taflab_msgs -DCMAKE_INSTALL_PREFIX=/home/boat/Desktop/TAFLAB_boatpi_roshumble/src/install/taflab_msgs
[18.600s] DEBUG:colcon.colcon_core.event_handler.log_command:Invoking command in '/home/boat/Desktop/TAFLAB_boatpi_roshumble/src/build/taflab_msgs': CMAKE_PREFIX_PATH=/opt/ros/humble /usr/bin/cmake --build /home/boat/Desktop/TAFLAB_boatpi_roshumble/src/build/taflab_msgs -- -j4 -l4
[35.063s] DEBUG:colcon.colcon_core.event_handler.log_command:Invoked command in '/home/boat/Desktop/TAFLAB_boatpi_roshumble/src/build/taflab_msgs' returned '0': CMAKE_PREFIX_PATH=/opt/ros/humble /usr/bin/cmake --build /home/boat/Desktop/TAFLAB_boatpi_roshumble/src/build/taflab_msgs -- -j4 -l4
[35.607s] DEBUG:colcon.colcon_core.event_handler.log_command:Invoking command in '/home/boat/Desktop/TAFLAB_boatpi_roshumble/src/build/taflab_msgs': CMAKE_PREFIX_PATH=/opt/ros/humble /usr/bin/cmake --install /home/boat/Desktop/TAFLAB_boatpi_roshumble/src/build/taflab_msgs
[36.046s] Level 1:colcon.colcon_core.environment:create_environment_scripts_only(taflab_msgs)
[36.047s] Level 1:colcon.colcon_core.environment:checking '/home/boat/Desktop/TAFLAB_boatpi_roshumble/src/install/taflab_msgs' for CMake module files
[36.049s] DEBUG:colcon.colcon_core.event_handler.log_command:Invoked command in '/home/boat/Desktop/TAFLAB_boatpi_roshumble/src/build/taflab_msgs' returned '0': CMAKE_PREFIX_PATH=/opt/ros/humble /usr/bin/cmake --install /home/boat/Desktop/TAFLAB_boatpi_roshumble/src/build/taflab_msgs
[36.053s] Level 1:colcon.colcon_core.environment:checking '/home/boat/Desktop/TAFLAB_boatpi_roshumble/src/install/taflab_msgs' for CMake config files
[36.060s] Level 1:colcon.colcon_core.shell:create_environment_hook('taflab_msgs', 'cmake_prefix_path')
[36.061s] INFO:colcon.colcon_core.shell:Creating environment hook '/home/boat/Desktop/TAFLAB_boatpi_roshumble/src/install/taflab_msgs/share/taflab_msgs/hook/cmake_prefix_path.ps1'
[36.063s] INFO:colcon.colcon_core.shell:Creating environment descriptor '/home/boat/Desktop/TAFLAB_boatpi_roshumble/src/install/taflab_msgs/share/taflab_msgs/hook/cmake_prefix_path.dsv'
[36.065s] INFO:colcon.colcon_core.shell:Creating environment hook '/home/boat/Desktop/TAFLAB_boatpi_roshumble/src/install/taflab_msgs/share/taflab_msgs/hook/cmake_prefix_path.sh'
[36.068s] Level 1:colcon.colcon_core.environment:checking '/home/boat/Desktop/TAFLAB_boatpi_roshumble/src/install/taflab_msgs/lib'
[36.069s] Level 1:colcon.colcon_core.shell:create_environment_hook('taflab_msgs', 'ld_library_path_lib')
[36.070s] INFO:colcon.colcon_core.shell:Creating environment hook '/home/boat/Desktop/TAFLAB_boatpi_roshumble/src/install/taflab_msgs/share/taflab_msgs/hook/ld_library_path_lib.ps1'
[36.072s] INFO:colcon.colcon_core.shell:Creating environment descriptor '/home/boat/Desktop/TAFLAB_boatpi_roshumble/src/install/taflab_msgs/share/taflab_msgs/hook/ld_library_path_lib.dsv'
[36.074s] INFO:colcon.colcon_core.shell:Creating environment hook '/home/boat/Desktop/TAFLAB_boatpi_roshumble/src/install/taflab_msgs/share/taflab_msgs/hook/ld_library_path_lib.sh'
[36.075s] Level 1:colcon.colcon_core.environment:checking '/home/boat/Desktop/TAFLAB_boatpi_roshumble/src/install/taflab_msgs/bin'
[36.076s] Level 1:colcon.colcon_core.environment:checking '/home/boat/Desktop/TAFLAB_boatpi_roshumble/src/install/taflab_msgs/lib/pkgconfig/taflab_msgs.pc'
[36.077s] Level 1:colcon.colcon_core.environment:checking '/home/boat/Desktop/TAFLAB_boatpi_roshumble/src/install/taflab_msgs/lib/python3.10/site-packages'
[36.078s] Level 1:colcon.colcon_core.environment:checking '/home/boat/Desktop/TAFLAB_boatpi_roshumble/src/install/taflab_msgs/bin'
[36.079s] INFO:colcon.colcon_core.shell:Creating package script '/home/boat/Desktop/TAFLAB_boatpi_roshumble/src/install/taflab_msgs/share/taflab_msgs/package.ps1'
[36.082s] INFO:colcon.colcon_core.shell:Creating package descriptor '/home/boat/Desktop/TAFLAB_boatpi_roshumble/src/install/taflab_msgs/share/taflab_msgs/package.dsv'
[36.084s] INFO:colcon.colcon_core.shell:Creating package script '/home/boat/Desktop/TAFLAB_boatpi_roshumble/src/install/taflab_msgs/share/taflab_msgs/package.sh'
[36.087s] INFO:colcon.colcon_core.shell:Creating package script '/home/boat/Desktop/TAFLAB_boatpi_roshumble/src/install/taflab_msgs/share/taflab_msgs/package.bash'
[36.089s] INFO:colcon.colcon_core.shell:Creating package script '/home/boat/Desktop/TAFLAB_boatpi_roshumble/src/install/taflab_msgs/share/taflab_msgs/package.zsh'
[36.091s] Level 1:colcon.colcon_core.environment:create_file_with_runtime_dependencies(/home/boat/Desktop/TAFLAB_boatpi_roshumble/src/install/taflab_msgs/share/colcon-core/packages/taflab_msgs)
[36.598s] Level 1:colcon.colcon_core.environment:create_environment_scripts_only(taflab_msgs)
[36.599s] Level 1:colcon.colcon_core.environment:checking '/home/boat/Desktop/TAFLAB_boatpi_roshumble/src/install/taflab_msgs' for CMake module files
[36.605s] Level 1:colcon.colcon_core.environment:checking '/home/boat/Desktop/TAFLAB_boatpi_roshumble/src/install/taflab_msgs' for CMake config files
[36.612s] Level 1:colcon.colcon_core.shell:create_environment_hook('taflab_msgs', 'cmake_prefix_path')
[36.613s] INFO:colcon.colcon_core.shell:Creating environment hook '/home/boat/Desktop/TAFLAB_boatpi_roshumble/src/install/taflab_msgs/share/taflab_msgs/hook/cmake_prefix_path.ps1'
[36.615s] INFO:colcon.colcon_core.shell:Creating environment descriptor '/home/boat/Desktop/TAFLAB_boatpi_roshumble/src/install/taflab_msgs/share/taflab_msgs/hook/cmake_prefix_path.dsv'
[36.617s] INFO:colcon.colcon_core.shell:Creating environment hook '/home/boat/Desktop/TAFLAB_boatpi_roshumble/src/install/taflab_msgs/share/taflab_msgs/hook/cmake_prefix_path.sh'
[36.620s] Level 1:colcon.colcon_core.environment:checking '/home/boat/Desktop/TAFLAB_boatpi_roshumble/src/install/taflab_msgs/lib'
[36.621s] Level 1:colcon.colcon_core.shell:create_environment_hook('taflab_msgs', 'ld_library_path_lib')
[36.622s] INFO:colcon.colcon_core.shell:Creating environment hook '/home/boat/Desktop/TAFLAB_boatpi_roshumble/src/install/taflab_msgs/share/taflab_msgs/hook/ld_library_path_lib.ps1'
[36.624s] INFO:colcon.colcon_core.shell:Creating environment descriptor '/home/boat/Desktop/TAFLAB_boatpi_roshumble/src/install/taflab_msgs/share/taflab_msgs/hook/ld_library_path_lib.dsv'
[36.626s] INFO:colcon.colcon_core.shell:Creating environment hook '/home/boat/Desktop/TAFLAB_boatpi_roshumble/src/install/taflab_msgs/share/taflab_msgs/hook/ld_library_path_lib.sh'
[36.628s] Level 1:colcon.colcon_core.environment:checking '/home/boat/Desktop/TAFLAB_boatpi_roshumble/src/install/taflab_msgs/bin'
[36.629s] Level 1:colcon.colcon_core.environment:checking '/home/boat/Desktop/TAFLAB_boatpi_roshumble/src/install/taflab_msgs/lib/pkgconfig/taflab_msgs.pc'
[36.630s] Level 1:colcon.colcon_core.environment:checking '/home/boat/Desktop/TAFLAB_boatpi_roshumble/src/install/taflab_msgs/lib/python3.10/site-packages'
[36.631s] Level 1:colcon.colcon_core.environment:checking '/home/boat/Desktop/TAFLAB_boatpi_roshumble/src/install/taflab_msgs/bin'
[36.633s] INFO:colcon.colcon_core.shell:Creating package script '/home/boat/Desktop/TAFLAB_boatpi_roshumble/src/install/taflab_msgs/share/taflab_msgs/package.ps1'
[36.635s] INFO:colcon.colcon_core.shell:Creating package descriptor '/home/boat/Desktop/TAFLAB_boatpi_roshumble/src/install/taflab_msgs/share/taflab_msgs/package.dsv'
[36.638s] INFO:colcon.colcon_core.shell:Creating package script '/home/boat/Desktop/TAFLAB_boatpi_roshumble/src/install/taflab_msgs/share/taflab_msgs/package.sh'
[36.641s] INFO:colcon.colcon_core.shell:Creating package script '/home/boat/Desktop/TAFLAB_boatpi_roshumble/src/install/taflab_msgs/share/taflab_msgs/package.bash'
[36.643s] INFO:colcon.colcon_core.shell:Creating package script '/home/boat/Desktop/TAFLAB_boatpi_roshumble/src/install/taflab_msgs/share/taflab_msgs/package.zsh'
[36.646s] Level 1:colcon.colcon_core.environment:create_file_with_runtime_dependencies(/home/boat/Desktop/TAFLAB_boatpi_roshumble/src/install/taflab_msgs/share/colcon-core/packages/taflab_msgs)
[36.647s] DEBUG:colcon.colcon_parallel_executor.executor.parallel:closing loop
[36.649s] DEBUG:colcon.colcon_parallel_executor.executor.parallel:loop closed
[36.651s] DEBUG:colcon.colcon_parallel_executor.executor.parallel:run_until_complete finished with '0'
[36.651s] DEBUG:colcon.colcon_core.event_reactor:joining thread
[36.674s] INFO:colcon.colcon_core.plugin_system:Skipping extension 'colcon_notification.desktop_notification.terminal_notifier': Not used on non-Darwin systems
[36.675s] INFO:colcon.colcon_core.plugin_system:Skipping extension 'colcon_notification.desktop_notification.win32': Not used on non-Windows systems
[36.675s] INFO:colcon.colcon_notification.desktop_notification:Sending desktop notification using 'notify2'
[36.680s] DEBUG:colcon.colcon_notification.desktop_notification.notify2:Failed to initialize notify2: org.freedesktop.DBus.Error.ServiceUnknown: The name org.freedesktop.Notifications was not provided by any .service files
[36.681s] DEBUG:colcon.colcon_core.event_reactor:joined thread
[36.682s] INFO:colcon.colcon_core.shell:Creating prefix script '/home/boat/Desktop/TAFLAB_boatpi_roshumble/src/install/local_setup.ps1'
[36.686s] INFO:colcon.colcon_core.shell:Creating prefix util module '/home/boat/Desktop/TAFLAB_boatpi_roshumble/src/install/_local_setup_util_ps1.py'
[36.694s] INFO:colcon.colcon_core.shell:Creating prefix chain script '/home/boat/Desktop/TAFLAB_boatpi_roshumble/src/install/setup.ps1'
[36.700s] INFO:colcon.colcon_core.shell:Creating prefix script '/home/boat/Desktop/TAFLAB_boatpi_roshumble/src/install/local_setup.sh'
[36.703s] INFO:colcon.colcon_core.shell:Creating prefix util module '/home/boat/Desktop/TAFLAB_boatpi_roshumble/src/install/_local_setup_util_sh.py'
[36.706s] INFO:colcon.colcon_core.shell:Creating prefix chain script '/home/boat/Desktop/TAFLAB_boatpi_roshumble/src/install/setup.sh'
[36.710s] INFO:colcon.colcon_core.shell:Creating prefix script '/home/boat/Desktop/TAFLAB_boatpi_roshumble/src/install/local_setup.bash'
[36.713s] INFO:colcon.colcon_core.shell:Creating prefix chain script '/home/boat/Desktop/TAFLAB_boatpi_roshumble/src/install/setup.bash'
[36.718s] INFO:colcon.colcon_core.shell:Creating prefix script '/home/boat/Desktop/TAFLAB_boatpi_roshumble/src/install/local_setup.zsh'
[36.720s] INFO:colcon.colcon_core.shell:Creating prefix chain script '/home/boat/Desktop/TAFLAB_boatpi_roshumble/src/install/setup.zsh'
