[0.069s] Invoking command in '/home/boat/Desktop/src/boat_control_system_final/build/boat_control_system_final': CMAKE_PREFIX_PATH=/opt/ros/humble /usr/bin/cmake --build /home/boat/Desktop/src/boat_control_system_final/build/boat_control_system_final -- -j4 -l4
[0.185s] -- Found ament_cmake: 1.3.10 (/opt/ros/humble/share/ament_cmake/cmake)
[0.844s] -- Found rclcpp: 16.0.10 (/opt/ros/humble/share/rclcpp/cmake)
[1.043s] -- Found rosidl_generator_c: 3.1.5 (/opt/ros/humble/share/rosidl_generator_c/cmake)
[1.056s] -- Found rosidl_adapter: 3.1.5 (/opt/ros/humble/share/rosidl_adapter/cmake)
[1.083s] -- Found rosidl_generator_cpp: 3.1.5 (/opt/ros/humble/share/rosidl_generator_cpp/cmake)
[1.128s] -- Using all available rosidl_typesupport_c: rosidl_typesupport_fastrtps_c;rosidl_typesupport_introspection_c
[1.185s] -- Using all available rosidl_typesupport_cpp: rosidl_typesupport_fastrtps_cpp;rosidl_typesupport_introspection_cpp
[1.338s] -- Found rmw_implementation_cmake: 6.1.2 (/opt/ros/humble/share/rmw_implementation_cmake/cmake)
[1.346s] -- Found rmw_fastrtps_cpp: 6.2.7 (/opt/ros/humble/share/rmw_fastrtps_cpp/cmake)
[2.451s] -- Using RMW implementation 'rmw_fastrtps_cpp' as default
[2.669s] -- Found sensor_msgs: 4.2.4 (/opt/ros/humble/share/sensor_msgs/cmake)
[2.818s] -- Found ament_lint_auto: 0.12.11 (/opt/ros/humble/share/ament_lint_auto/cmake)
[4.263s] -- Added test 'cppcheck' to perform static code analysis on C / C++ code
[4.265s] -- Configured cppcheck include dirs: /home/boat/Desktop/src/boat_control_system_final/include/boat_control_system_final
[4.266s] -- Configured cppcheck exclude dirs and/or files: 
[4.408s] -- Added test 'flake8' to check Python code syntax and style conventions
[4.678s] -- Added test 'lint_cmake' to check CMake code style
[4.814s] -- Added test 'pep257' to check Python code against some of the docstring style conventions in PEP 257
[5.894s] -- Added test 'uncrustify' to check C / C++ code style
[5.894s] -- Configured uncrustify additional arguments: 
[6.029s] -- Added test 'xmllint' to check XML markup files
[6.034s] -- Configuring done
[6.188s] -- Generating done
[6.203s] -- Build files have been written to: /home/boat/Desktop/src/boat_control_system_final/build/boat_control_system_final
[6.324s] [35m[1mConsolidate compiler generated dependencies of target WaypointQueue[0m
[6.328s] [35m[1mConsolidate compiler generated dependencies of target CoordinateCalculations[0m
[6.431s] [ 16%] Built target WaypointQueue
[6.444s] [ 25%] [32mBuilding CXX object CMakeFiles/CoordinateCalculations.dir/src/Coordinate_Calculations.cpp.o[0m
[6.499s] [35m[1mConsolidate compiler generated dependencies of target WaypointQueueNode[0m
[6.625s] [ 41%] Built target WaypointQueueNode
[20.532s] [ 50%] [32m[1mLinking CXX static library libCoordinateCalculations.a[0m
[20.672s] [ 50%] Built target CoordinateCalculations
[20.723s] [35m[1mConsolidate compiler generated dependencies of target CoordinateCalculationsNodeLib[0m
[20.726s] [35m[1mConsolidate compiler generated dependencies of target RudderServoControlNodeExec[0m
[20.840s] [ 58%] [32mBuilding CXX object CMakeFiles/RudderServoControlNodeExec.dir/src/RudderServoControlNode.cpp.o[0m
[20.840s] [ 75%] Built target CoordinateCalculationsNodeLib
[20.891s] [35m[1mConsolidate compiler generated dependencies of target CoordinateCalculationsNodeExec[0m
[21.005s] [ 83%] [32m[1mLinking CXX executable CoordinateCalculationsNodeExec[0m
[24.547s] /usr/bin/ld: libCoordinateCalculations.a(Coordinate_Calculations.cpp.o): in function `CoordinateCalculations::calculate_directional_bearing[abi:cxx11](sensor_msgs::msg::NavSatFix_<std::allocator<void> >)':
[24.549s] Coordinate_Calculations.cpp:(.text+0x528): undefined reference to `RudderServoControlNode::RudderServoControlNode()'
[24.550s] /usr/bin/ld: Coordinate_Calculations.cpp:(.text+0x530): undefined reference to `RudderServoControlNode::get_magnetometer_heading()'
[24.551s] /usr/bin/ld: Coordinate_Calculations.cpp:(.text+0x544): undefined reference to `RudderServoControlNode::get_curr_pos()'
[24.551s] /usr/bin/ld: Coordinate_Calculations.cpp:(.text+0x668): undefined reference to `RudderServoControlNode::~RudderServoControlNode()'
[24.552s] /usr/bin/ld: Coordinate_Calculations.cpp:(.text+0x6c8): undefined reference to `RudderServoControlNode::~RudderServoControlNode()'
[24.745s] collect2: error: ld returned 1 exit status
[24.752s] gmake[2]: *** [CMakeFiles/CoordinateCalculationsNodeExec.dir/build.make:178: CoordinateCalculationsNodeExec] Error 1
[24.754s] gmake[1]: *** [CMakeFiles/Makefile2:228: CMakeFiles/CoordinateCalculationsNodeExec.dir/all] Error 2
[24.755s] gmake[1]: *** Waiting for unfinished jobs....
[82.120s] [ 91%] [32m[1mLinking CXX executable RudderServoControlNodeExec[0m
[82.552s] /usr/bin/ld: cannot find -lCoordinateCalculationsNode: No such file or directory
[83.891s] collect2: error: ld returned 1 exit status
[83.897s] gmake[2]: *** [CMakeFiles/RudderServoControlNodeExec.dir/build.make:177: RudderServoControlNodeExec] Error 1
[83.897s] gmake[1]: *** [CMakeFiles/Makefile2:281: CMakeFiles/RudderServoControlNodeExec.dir/all] Error 2
[83.899s] gmake: *** [Makefile:146: all] Error 2
[83.908s] Invoked command in '/home/boat/Desktop/src/boat_control_system_final/build/boat_control_system_final' returned '2': CMAKE_PREFIX_PATH=/opt/ros/humble /usr/bin/cmake --build /home/boat/Desktop/src/boat_control_system_final/build/boat_control_system_final -- -j4 -l4
