[0.048s] Invoking command in '/home/boat/Desktop/TAFLAB_boatpi_roshumble/src/build/taflab_msgs': CMAKE_PREFIX_PATH=/opt/ros/humble /usr/bin/cmake /home/boat/Desktop/TAFLAB_boatpi_roshumble/src/taflab_msgs -DCMAKE_INSTALL_PREFIX=/home/boat/Desktop/TAFLAB_boatpi_roshumble/src/install/taflab_msgs
[1.324s] -- The C compiler identification is GNU 11.4.0
[2.086s] -- The CXX compiler identification is unknown
[2.119s] -- Detecting C compiler ABI info
[2.514s] -- Detecting C compiler ABI info - done
[2.541s] -- Check for working C compiler: /usr/bin/cc - skipped
[2.542s] -- Detecting C compile features
[2.544s] -- Detecting C compile features - done
[2.549s] [31mCMake Error at CMakeLists.txt:2 (project):
[2.550s]   No CMAKE_CXX_COMPILER could be found.
[2.550s] 
[2.551s]   Tell CMake where to find the compiler by setting either the environment
[2.552s]   variable "CXX" or the CMake cache entry CMAKE_CXX_COMPILER to the full path
[2.552s]   to the compiler, or to the compiler name if it is in the PATH.
[2.554s] 
[2.554s] [0m
[2.556s] -- Configuring incomplete, errors occurred!
[2.557s] See also "/home/boat/Desktop/TAFLAB_boatpi_roshumble/src/build/taflab_msgs/CMakeFiles/CMakeOutput.log".
[2.557s] See also "/home/boat/Desktop/TAFLAB_boatpi_roshumble/src/build/taflab_msgs/CMakeFiles/CMakeError.log".
[2.578s] Invoked command in '/home/boat/Desktop/TAFLAB_boatpi_roshumble/src/build/taflab_msgs' returned '1': CMAKE_PREFIX_PATH=/opt/ros/humble /usr/bin/cmake /home/boat/Desktop/TAFLAB_boatpi_roshumble/src/taflab_msgs -DCMAKE_INSTALL_PREFIX=/home/boat/Desktop/TAFLAB_boatpi_roshumble/src/install/taflab_msgs
