[01m[K/home/boat/Desktop/src/boat_control_system_final/src/Coordinate_Calculations.cpp:23:7:[m[K [01;31m[Kerror: [m[K‘[01m[Kfloat CoordinateCalculations::calculate_distance[m[K’ is not a static data member of ‘[01m[Kclass CoordinateCalculations[m[K’
   23 | float [01;31m[KCoordinateCalculations[m[K::calculate_distance(Sensor_msgs::msg::NavSatFix coord1, Sensor_msgs::msg::NavSatFix coord2)
      |       [01;31m[K^~~~~~~~~~~~~~~~~~~~~~[m[K
[01m[K/home/boat/Desktop/src/boat_control_system_final/src/Coordinate_Calculations.cpp:23:50:[m[K [01;31m[Kerror: [m[K‘[01m[KSensor_msgs[m[K’ has not been declared
   23 | float CoordinateCalculations::calculate_distance([01;31m[KSensor_msgs[m[K::msg::NavSatFix coord1, Sensor_msgs::msg::NavSatFix coord2)
      |                                                  [01;31m[K^~~~~~~~~~~[m[K
[01m[K/home/boat/Desktop/src/boat_control_system_final/src/Coordinate_Calculations.cpp:23:86:[m[K [01;31m[Kerror: [m[K‘[01m[KSensor_msgs[m[K’ has not been declared
   23 | float CoordinateCalculations::calculate_distance(Sensor_msgs::msg::NavSatFix coord1, [01;31m[KSensor_msgs[m[K::msg::NavSatFix coord2)
      |                                                                                      [01;31m[K^~~~~~~~~~~[m[K
[01m[K/home/boat/Desktop/src/boat_control_system_final/src/Coordinate_Calculations.cpp:23:120:[m[K [01;31m[Kerror: [m[Kexpression list treated as compound expression in initializer [[01;31m[K]8;;https://gcc.gnu.org/onlinedocs/gcc/Warning-Options.html#index-fpermissive-fpermissive]8;;[m[K]
   23 | float CoordinateCalculations::calculate_distance(Sensor_msgs::msg::NavSatFix coord1, Sensor_msgs::msg::NavSatFix coord2[01;31m[K)[m[K
      |                                                                                                                        [01;31m[K^[m[K
[01m[K/home/boat/Desktop/src/boat_control_system_final/src/Coordinate_Calculations.cpp:36:7:[m[K [01;31m[Kerror: [m[K‘[01m[Kfloat CoordinateCalculations::calculate_bearing[m[K’ is not a static data member of ‘[01m[Kclass CoordinateCalculations[m[K’
   36 | float [01;31m[KCoordinateCalculations[m[K::calculate_bearing(Sensor_msgs::msg::NavSatFix curr_coord, Sensor_msgs::msg::NavSatFix tar_coord)
      |       [01;31m[K^~~~~~~~~~~~~~~~~~~~~~[m[K
[01m[K/home/boat/Desktop/src/boat_control_system_final/src/Coordinate_Calculations.cpp:36:49:[m[K [01;31m[Kerror: [m[K‘[01m[KSensor_msgs[m[K’ has not been declared
   36 | float CoordinateCalculations::calculate_bearing([01;31m[KSensor_msgs[m[K::msg::NavSatFix curr_coord, Sensor_msgs::msg::NavSatFix tar_coord)
      |                                                 [01;31m[K^~~~~~~~~~~[m[K
[01m[K/home/boat/Desktop/src/boat_control_system_final/src/Coordinate_Calculations.cpp:36:89:[m[K [01;31m[Kerror: [m[K‘[01m[KSensor_msgs[m[K’ has not been declared
   36 | float CoordinateCalculations::calculate_bearing(Sensor_msgs::msg::NavSatFix curr_coord, [01;31m[KSensor_msgs[m[K::msg::NavSatFix tar_coord)
      |                                                                                         [01;31m[K^~~~~~~~~~~[m[K
[01m[K/home/boat/Desktop/src/boat_control_system_final/src/Coordinate_Calculations.cpp:36:126:[m[K [01;31m[Kerror: [m[Kexpression list treated as compound expression in initializer [[01;31m[K]8;;https://gcc.gnu.org/onlinedocs/gcc/Warning-Options.html#index-fpermissive-fpermissive]8;;[m[K]
   36 | float CoordinateCalculations::calculate_bearing(Sensor_msgs::msg::NavSatFix curr_coord, Sensor_msgs::msg::NavSatFix tar_coord[01;31m[K)[m[K
      |                                                                                                                              [01;31m[K^[m[K
[01m[K/home/boat/Desktop/src/boat_control_system_final/src/Coordinate_Calculations.cpp:58:1:[m[K [01;31m[Kerror: [m[K‘[01m[KSensor_msgs[m[K’ does not name a type
   58 | [01;31m[KSensor_msgs[m[K::msg::NavSatFix CoordinateCalculations::convert_to_position(Sensor_msgs::msg::NavSatFix position, float angle, float distance)
      | [01;31m[K^~~~~~~~~~~[m[K
[01m[K/home/boat/Desktop/src/boat_control_system_final/src/Coordinate_Calculations.cpp:81:31:[m[K [01;31m[Kerror: [m[K‘[01m[Kstd::pair<std::__cxx11::basic_string<char>, float> CoordinateCalculations::calculate_directional_bearing[m[K’ is not a static data member of ‘[01m[Kclass CoordinateCalculations[m[K’
   81 | std::pair<std::string, float> [01;31m[KCoordinateCalculations[m[K::calculate_directional_bearing(Sensor_msgs::msg::NavSatFix target_waypoint)
      |                               [01;31m[K^~~~~~~~~~~~~~~~~~~~~~[m[K
[01m[K/home/boat/Desktop/src/boat_control_system_final/src/Coordinate_Calculations.cpp:81:85:[m[K [01;31m[Kerror: [m[K‘[01m[KSensor_msgs[m[K’ has not been declared
   81 | std::pair<std::string, float> CoordinateCalculations::calculate_directional_bearing([01;31m[KSensor_msgs[m[K::msg::NavSatFix target_waypoint)
      |                                                                                     [01;31m[K^~~~~~~~~~~[m[K
[01m[K/home/boat/Desktop/src/boat_control_system_final/src/Coordinate_Calculations.cpp:82:1:[m[K [01;31m[Kerror: [m[Kexpected ‘[01m[K,[m[K’ or ‘[01m[K;[m[K’ before ‘[01m[K{[m[K’ token
   82 | [01;31m[K{[m[K
      | [01;31m[K^[m[K
[01m[K/home/boat/Desktop/src/boat_control_system_final/src/Coordinate_Calculations.cpp:[m[K In member function ‘[01m[Kfloat CoordinateCalculations::calculate_angle_to_wind()[m[K’:
[01m[K/home/boat/Desktop/src/boat_control_system_final/src/Coordinate_Calculations.cpp:118:28:[m[K [01;31m[Kerror: [m[K‘[01m[Kget_avg_angle[m[K’ was not declared in this scope
  118 |     float wind_direction = [01;31m[Kget_avg_angle[m[K();
      |                            [01;31m[K^~~~~~~~~~~~~[m[K
[01m[K/home/boat/Desktop/src/boat_control_system_final/src/Coordinate_Calculations.cpp:119:29:[m[K [01;31m[Kerror: [m[K‘[01m[Kget_heading_lis3mdl[m[K’ was not declared in this scope
  119 |     float current_heading = [01;31m[Kget_heading_lis3mdl[m[K();
      |                             [01;31m[K^~~~~~~~~~~~~~~~~~~[m[K
[01m[K/home/boat/Desktop/src/boat_control_system_final/src/Coordinate_Calculations.cpp:[m[K At global scope:
[01m[K/home/boat/Desktop/src/boat_control_system_final/src/Coordinate_Calculations.cpp:133:46:[m[K [01;31m[Kerror: [m[K‘[01m[KSensor_msgs[m[K’ does not name a type
  133 | void CoordinateCalculations::plan_path(const [01;31m[KSensor_msgs[m[K::msg::NavSatFix& curr_position, const Sensor_msgs::msg::NavSatFix& next_waypoint)
      |                                              [01;31m[K^~~~~~~~~~~[m[K
[01m[K/home/boat/Desktop/src/boat_control_system_final/src/Coordinate_Calculations.cpp:133:62:[m[K [01;31m[Kerror: [m[Kexpected unqualified-id before ‘[01m[K::[m[K’ token
  133 | void CoordinateCalculations::plan_path(const Sensor_msgs::msg[01;31m[K::[m[KNavSatFix& curr_position, const Sensor_msgs::msg::NavSatFix& next_waypoint)
      |                                                              [01;31m[K^~[m[K
[01m[K/home/boat/Desktop/src/boat_control_system_final/src/Coordinate_Calculations.cpp:133:62:[m[K [01;31m[Kerror: [m[Kexpected ‘[01m[K)[m[K’ before ‘[01m[K::[m[K’ token
  133 | void CoordinateCalculations::plan_path[34m[K([m[Kconst Sensor_msgs::msg[01;31m[K:[m[K[32m[K:[m[KNavSatFix& curr_position, const Sensor_msgs::msg::NavSatFix& next_waypoint)
      |                                       [34m[K~[m[K                      [01;31m[K^[m[K[32m[K~[m[K
      |                                                              [32m[K)[m[K
[01m[K/home/boat/Desktop/src/boat_control_system_final/src/Coordinate_Calculations.cpp:133:62:[m[K [01;31m[Kerror: [m[Kexpected initializer before ‘[01m[K::[m[K’ token
  133 | void CoordinateCalculations::plan_path(const Sensor_msgs::msg[01;31m[K::[m[KNavSatFix& curr_position, const Sensor_msgs::msg::NavSatFix& next_waypoint)
      |                                                              [01;31m[K^~[m[K
gmake[2]: *** [CMakeFiles/CoordinateCalculations.dir/build.make:76: CMakeFiles/CoordinateCalculations.dir/src/Coordinate_Calculations.cpp.o] Error 1
gmake[1]: *** [CMakeFiles/Makefile2:221: CMakeFiles/CoordinateCalculations.dir/all] Error 2
gmake: *** [Makefile:146: all] Error 2
