[0.087s] Invoking command in '/home/boat/Desktop/src/boat_control_system_final/build/boat_control_system_final': CMAKE_PREFIX_PATH=/opt/ros/humble /usr/bin/cmake --build /home/boat/Desktop/src/boat_control_system_final/build/boat_control_system_final -- -j4 -l4
[0.317s] [35m[1mConsolidate compiler generated dependencies of target WaypointQueue[0m
[0.439s] [ 50%] Built target WaypointQueue
[0.574s] [ 75%] [32mBuilding CXX object CMakeFiles/WaypointQueueNode.dir/src/WaypointQueueNode.cpp.o[0m
[12.354s] In file included from [01m[K/home/boat/Desktop/src/boat_control_system_final/src/WaypointQueueNode.cpp:2[m[K:
[12.355s] [01m[K/home/boat/Desktop/src/boat_control_system_final/include/boat_control_system_final/WaypointQueueNode.hpp:38:41:[m[K [01;31m[Kerror: [m[K‘[01m[KBool[m[K’ is not a member of ‘[01m[Kstd_msgs::msg[m[K’
[12.355s]    38 |     rclcpp::Subscription<std_msgs::msg::[01;31m[KBool[m[K>::SharedPtr executing_subscriber_;
[12.356s]       |                                         [01;31m[K^~~~[m[K
[12.356s] [01m[K/home/boat/Desktop/src/boat_control_system_final/include/boat_control_system_final/WaypointQueueNode.hpp:38:45:[m[K [01;31m[Kerror: [m[Ktemplate argument 1 is invalid
[12.357s]    38 |     rclcpp::Subscription<std_msgs::msg::Bool[01;31m[K>[m[K::SharedPtr executing_subscriber_;
[12.357s]       |                                             [01;31m[K^[m[K
[12.358s] [01m[K/home/boat/Desktop/src/boat_control_system_final/include/boat_control_system_final/WaypointQueueNode.hpp:38:45:[m[K [01;31m[Kerror: [m[Ktemplate argument 3 is invalid
[12.358s] [01m[K/home/boat/Desktop/src/boat_control_system_final/include/boat_control_system_final/WaypointQueueNode.hpp:38:45:[m[K [01;31m[Kerror: [m[Ktemplate argument 4 is invalid
[12.359s] [01m[K/home/boat/Desktop/src/boat_control_system_final/include/boat_control_system_final/WaypointQueueNode.hpp:38:45:[m[K [01;31m[Kerror: [m[Ktemplate argument 5 is invalid
[12.359s] [01m[K/home/boat/Desktop/src/boat_control_system_final/include/boat_control_system_final/WaypointQueueNode.hpp:38:48:[m[K [01;31m[Kerror: [m[Kexpected ‘[01m[K;[m[K’ at end of member declaration
[12.359s]    38 |     rclcpp::Subscription<std_msgs::msg::Bool>::[01;31m[KSharedPtr[m[K executing_subscriber_;
[12.360s]       |                                                [01;31m[K^~~~~~~~~[m[K
[12.361s]       |                                                         [32m[K;[m[K
[12.370s] [01m[K/home/boat/Desktop/src/boat_control_system_final/include/boat_control_system_final/WaypointQueueNode.hpp:38:58:[m[K [01;31m[Kerror: [m[K‘[01m[Kexecuting_subscriber_[m[K’ does not name a type
[12.370s]    38 |     rclcpp::Subscription<std_msgs::msg::Bool>::SharedPtr [01;31m[Kexecuting_subscriber_[m[K;
[12.371s]       |                                                          [01;31m[K^~~~~~~~~~~~~~~~~~~~~[m[K
[12.371s] [01m[K/home/boat/Desktop/src/boat_control_system_final/include/boat_control_system_final/WaypointQueueNode.hpp:46:50:[m[K [01;31m[Kerror: [m[K‘[01m[KBool[m[K’ in namespace ‘[01m[Kstd_msgs::msg[m[K’ does not name a type
[12.372s]    46 |     void executing_callback(const std_msgs::msg::[01;31m[KBool[m[K::SharedPtr msg);
[12.373s]       |                                                  [01;31m[K^~~~[m[K
[12.374s] [01m[K/home/boat/Desktop/src/boat_control_system_final/include/boat_control_system_final/WaypointQueueNode.hpp:46:66:[m[K [01;31m[Kerror: [m[Kexpected unqualified-id before ‘[01m[Kmsg[m[K’
[12.375s]    46 |     void executing_callback(const std_msgs::msg::Bool::SharedPtr [01;31m[Kmsg[m[K);
[12.375s]       |                                                                  [01;31m[K^~~[m[K
[12.376s] [01m[K/home/boat/Desktop/src/boat_control_system_final/include/boat_control_system_final/WaypointQueueNode.hpp:46:65:[m[K [01;31m[Kerror: [m[Kexpected ‘[01m[K)[m[K’ before ‘[01m[Kmsg[m[K’
[12.376s]    46 |     void executing_callback[34m[K([m[Kconst std_msgs::msg::Bool::SharedPtr[01;31m[K [m[K[32m[Kmsg[m[K);
[12.377s]       |                            [34m[K~[m[K                                    [01;31m[K^[m[K[32m[K~~~[m[K
[12.378s]       |                                                                 [32m[K)[m[K
[12.378s] [01m[K/home/boat/Desktop/src/boat_control_system_final/include/boat_control_system_final/WaypointQueueNode.hpp:46:56:[m[K [01;31m[Kerror: [m[Kexpected ‘[01m[K;[m[K’ at end of member declaration
[12.379s]    46 |     void executing_callback(const std_msgs::msg::Bool::[01;31m[KSharedPtr[m[K msg);
[12.379s]       |                                                        [01;31m[K^~~~~~~~~[m[K
[12.380s]       |                                                                 [32m[K;[m[K
[12.380s] [01m[K/home/boat/Desktop/src/boat_control_system_final/include/boat_control_system_final/WaypointQueueNode.hpp:46:66:[m[K [01;31m[Kerror: [m[K‘[01m[Kmsg[m[K’ does not name a type
[12.381s]    46 |     void executing_callback(const std_msgs::msg::Bool::SharedPtr [01;31m[Kmsg[m[K);
[12.381s]       |                                                                  [01;31m[K^~~[m[K
[12.488s] [01m[K/home/boat/Desktop/src/boat_control_system_final/src/WaypointQueueNode.cpp:[m[K In constructor ‘[01m[KWaypointQueueNode::WaypointQueueNode()[m[K’:
[12.489s] [01m[K/home/boat/Desktop/src/boat_control_system_final/src/WaypointQueueNode.cpp:41:5:[m[K [01;31m[Kerror: [m[K‘[01m[Kexecuting_subscriber_[m[K’ was not declared in this scope
[12.490s]    41 |     [01;31m[Kexecuting_subscriber_[m[K = this->create_subscription<std_msgs::msg::Bool>(
[12.490s]       |     [01;31m[K^~~~~~~~~~~~~~~~~~~~~[m[K
[12.491s] [01m[K/home/boat/Desktop/src/boat_control_system_final/src/WaypointQueueNode.cpp:41:70:[m[K [01;31m[Kerror: [m[K‘[01m[KBool[m[K’ is not a member of ‘[01m[Kstd_msgs::msg[m[K’
[12.491s]    41 |     executing_subscriber_ = this->create_subscription<std_msgs::msg::[01;31m[KBool[m[K>(
[12.492s]       |                                                                      [01;31m[K^~~~[m[K
[12.497s] [01m[K/home/boat/Desktop/src/boat_control_system_final/src/WaypointQueueNode.cpp:41:75:[m[K [01;31m[Kerror: [m[Kno matching function for call to ‘[01m[KWaypointQueueNode::create_subscription<<expression error> >(const char [22], int, std::_Bind_helper<false, void (WaypointQueueNode::*)(...), WaypointQueueNode*, const std::_Placeholder<1>&>::type)[m[K’
[12.498s]    41 |     executing_subscriber_ = [01;31m[Kthis->create_subscription<std_msgs::msg::Bool>([m[K
[12.499s]       |                             [01;31m[K~~~~~~~~~~~~~~~~~~~~~~~~~~~~~~~~~~~~~~~~~~~~~~^[m[K
[12.499s]    42 | [01;31m[K        "/boat_executing_state",[m[K
[12.499s]       |         [01;31m[K~~~~~~~~~~~~~~~~~~~~~~~~[m[K                                           
[12.500s]    43 | [01;31m[K        10,[m[K
[12.501s]       |         [01;31m[K~~~[m[K                                                                
[12.501s]    44 | [01;31m[K        std::bind(&WaypointQueueNode::executing_callback, this, std::placeholders::_1))[m[K;
[12.502s]       |         [01;31m[K~~~~~~~~~~~~~~~~~~~~~~~~~~~~~~~~~~~~~~~~~~~~~~~~~~~~~~~~~~~~~~~~~~~~~~~~~~~~~~~[m[K
[12.502s] In file included from [01m[K/opt/ros/humble/include/rclcpp/rclcpp/node.hpp:1321[m[K,
[12.503s]                  from [01m[K/opt/ros/humble/include/rclcpp/rclcpp/executors/single_threaded_executor.hpp:28[m[K,
[12.503s]                  from [01m[K/opt/ros/humble/include/rclcpp/rclcpp/executors.hpp:22[m[K,
[12.504s]                  from [01m[K/opt/ros/humble/include/rclcpp/rclcpp/rclcpp.hpp:155[m[K,
[12.504s]                  from [01m[K/home/boat/Desktop/src/boat_control_system_final/include/boat_control_system_final/WaypointQueueNode.hpp:4[m[K,
[12.505s]                  from [01m[K/home/boat/Desktop/src/boat_control_system_final/src/WaypointQueueNode.cpp:2[m[K:
[12.505s] [01m[K/opt/ros/humble/include/rclcpp/rclcpp/node_impl.hpp:92:1:[m[K [01;36m[Knote: [m[Kcandidate: ‘[01m[Ktemplate<class MessageT, class CallbackT, class AllocatorT, class SubscriptionT, class MessageMemoryStrategyT> std::shared_ptr<ROSMessageT> rclcpp::Node::create_subscription(const string&, const rclcpp::QoS&, CallbackT&&, const rclcpp::SubscriptionOptionsWithAllocator<AllocatorT>&, typename MessageMemoryStrategyT::SharedPtr)[m[K’
[12.507s]    92 | [01;36m[KNode[m[K::create_subscription(
[12.507s]       | [01;36m[K^~~~[m[K
[12.508s] [01m[K/opt/ros/humble/include/rclcpp/rclcpp/node_impl.hpp:92:1:[m[K [01;36m[Knote: [m[K  template argument deduction/substitution failed:
[12.508s] [01m[K/home/boat/Desktop/src/boat_control_system_final/src/WaypointQueueNode.cpp:41:75:[m[K [01;31m[Kerror: [m[Ktemplate argument 1 is invalid
[12.510s]    41 |     executing_subscriber_ = [01;31m[Kthis->create_subscription<std_msgs::msg::Bool>([m[K
[12.510s]       |                             [01;31m[K~~~~~~~~~~~~~~~~~~~~~~~~~~~~~~~~~~~~~~~~~~~~~~^[m[K
[12.511s]    42 | [01;31m[K        "/boat_executing_state",[m[K
[12.512s]       |         [01;31m[K~~~~~~~~~~~~~~~~~~~~~~~~[m[K                                           
[12.513s]    43 | [01;31m[K        10,[m[K
[12.514s]       |         [01;31m[K~~~[m[K                                                                
[12.514s]    44 | [01;31m[K        std::bind(&WaypointQueueNode::executing_callback, this, std::placeholders::_1))[m[K;
[12.515s]       |         [01;31m[K~~~~~~~~~~~~~~~~~~~~~~~~~~~~~~~~~~~~~~~~~~~~~~~~~~~~~~~~~~~~~~~~~~~~~~~~~~~~~~~[m[K
[12.520s] [01m[K/home/boat/Desktop/src/boat_control_system_final/src/WaypointQueueNode.cpp:[m[K In member function ‘[01m[Kvoid WaypointQueueNode::calculated_waypoints_callback(sensor_msgs::msg::NavSatFix_<std::allocator<void> >::SharedPtr)[m[K’:
[12.521s] [01m[K/home/boat/Desktop/src/boat_control_system_final/src/WaypointQueueNode.cpp:65:100:[m[K [01;35m[Kwarning: [m[Kunused parameter ‘[01m[Kmsg[m[K’ [[01;35m[K]8;;https://gcc.gnu.org/onlinedocs/gcc/Warning-Options.html#index-Wunused-parameter-Wunused-parameter]8;;[m[K]
[12.521s]    65 | void WaypointQueueNode::calculated_waypoints_callback([01;35m[Kconst sensor_msgs::msg::NavSatFix::SharedPtr msg[m[K)
[12.522s]       |                                                       [01;35m[K~~~~~~~~~~~~~~~~~~~~~~~~~~~~~~~~~~~~~~~~~~~~~^~~[m[K
[12.532s] [01m[K/home/boat/Desktop/src/boat_control_system_final/src/WaypointQueueNode.cpp:[m[K In member function ‘[01m[Kvoid WaypointQueueNode::init_callback(std_msgs::msg::Int16_<std::allocator<void> >::SharedPtr)[m[K’:
[12.533s] [01m[K/home/boat/Desktop/src/boat_control_system_final/src/WaypointQueueNode.cpp:74:12:[m[K [01;31m[Kerror: [m[Kno match for ‘[01m[Koperator!=[m[K’ (operand types are ‘[01m[Kconst SharedPtr[m[K’ {aka ‘[01m[Kconst std::shared_ptr<std_msgs::msg::Int16_<std::allocator<void> > >[m[K’} and ‘[01m[Kint[m[K’)
[12.534s]    74 |     if([32m[Kmsg[m[K [01;31m[K!=[m[K [34m[K1[m[K)
[12.535s]       |        [32m[K~~~[m[K [01;31m[K^~[m[K [34m[K~[m[K
[12.536s]       |        [32m[K|[m[K      [34m[K|[m[K
[12.537s]       |        [32m[K|[m[K      [34m[Kint[m[K
[12.537s]       |        [32m[Kconst SharedPtr {aka const std::shared_ptr<std_msgs::msg::Int16_<std::allocator<void> > >}[m[K
[12.538s] [01m[K/home/boat/Desktop/src/boat_control_system_final/src/WaypointQueueNode.cpp:74:12:[m[K [01;36m[Knote: [m[Kcandidate: ‘[01m[Koperator!=(int, int)[m[K’ (built-in)
[12.538s]    74 |     if([01;36m[Kmsg != 1[m[K)
[12.538s]       |        [01;36m[K~~~~^~~~[m[K
[12.539s] [01m[K/home/boat/Desktop/src/boat_control_system_final/src/WaypointQueueNode.cpp:74:12:[m[K [01;36m[Knote: [m[K  no known conversion for argument 1 from ‘[01m[Kconst SharedPtr[m[K’ {aka ‘[01m[Kconst std::shared_ptr<std_msgs::msg::Int16_<std::allocator<void> > >[m[K’} to ‘[01m[Kint[m[K’
[12.539s] In file included from [01m[K/usr/include/c++/11/bits/stl_algobase.h:64[m[K,
[12.540s]                  from [01m[K/usr/include/c++/11/memory:63[m[K,
[12.542s]                  from [01m[K/opt/ros/humble/include/rclcpp/rclcpp/rclcpp.hpp:153[m[K,
[12.546s]                  from [01m[K/home/boat/Desktop/src/boat_control_system_final/include/boat_control_system_final/WaypointQueueNode.hpp:4[m[K,
[12.547s]                  from [01m[K/home/boat/Desktop/src/boat_control_system_final/src/WaypointQueueNode.cpp:2[m[K:
[12.549s] [01m[K/usr/include/c++/11/bits/stl_pair.h:496:5:[m[K [01;36m[Knote: [m[Kcandidate: ‘[01m[Ktemplate<class _T1, class _T2> constexpr bool std::operator!=(const std::pair<_T1, _T2>&, const std::pair<_T1, _T2>&)[m[K’
[12.552s]   496 |     [01;36m[Koperator[m[K!=(const pair<_T1, _T2>& __x, const pair<_T1, _T2>& __y)
[12.553s]       |     [01;36m[K^~~~~~~~[m[K
[12.561s] [01m[K/usr/include/c++/11/bits/stl_pair.h:496:5:[m[K [01;36m[Knote: [m[K  template argument deduction/substitution failed:
[12.561s] [01m[K/home/boat/Desktop/src/boat_control_system_final/src/WaypointQueueNode.cpp:74:15:[m[K [01;36m[Knote: [m[K  ‘[01m[Kconst SharedPtr[m[K’ {aka ‘[01m[Kconst std::shared_ptr<std_msgs::msg::Int16_<std::allocator<void> > >[m[K’} is not derived from ‘[01m[Kconst std::pair<_T1, _T2>[m[K’
[12.562s]    74 |     if(msg != [01;36m[K1[m[K)
[12.562s]       |               [01;36m[K^[m[K
[12.563s] In file included from [01m[K/usr/include/c++/11/bits/stl_algobase.h:67[m[K,
[12.563s]                  from [01m[K/usr/include/c++/11/memory:63[m[K,
[12.564s]                  from [01m[K/opt/ros/humble/include/rclcpp/rclcpp/rclcpp.hpp:153[m[K,
[12.564s]                  from [01m[K/home/boat/Desktop/src/boat_control_system_final/include/boat_control_system_final/WaypointQueueNode.hpp:4[m[K,
[12.565s]                  from [01m[K/home/boat/Desktop/src/boat_control_system_final/src/WaypointQueueNode.cpp:2[m[K:
[12.565s] [01m[K/usr/include/c++/11/bits/stl_iterator.h:432:5:[m[K [01;36m[Knote: [m[Kcandidate: ‘[01m[Ktemplate<class _Iterator> constexpr bool std::operator!=(const std::reverse_iterator<_Iterator>&, const std::reverse_iterator<_Iterator>&)[m[K’
[12.566s]   432 |     [01;36m[Koperator[m[K!=(const reverse_iterator<_Iterator>& __x,
[12.566s]       |     [01;36m[K^~~~~~~~[m[K
[12.567s] [01m[K/usr/include/c++/11/bits/stl_iterator.h:432:5:[m[K [01;36m[Knote: [m[K  template argument deduction/substitution failed:
[12.568s] [01m[K/home/boat/Desktop/src/boat_control_system_final/src/WaypointQueueNode.cpp:74:15:[m[K [01;36m[Knote: [m[K  ‘[01m[Kconst SharedPtr[m[K’ {aka ‘[01m[Kconst std::shared_ptr<std_msgs::msg::Int16_<std::allocator<void> > >[m[K’} is not derived from ‘[01m[Kconst std::reverse_iterator<_Iterator>[m[K’
[12.569s]    74 |     if(msg != [01;36m[K1[m[K)
[12.570s]       |               [01;36m[K^[m[K
[12.570s] In file included from [01m[K/usr/include/c++/11/bits/stl_algobase.h:67[m[K,
[12.571s]                  from [01m[K/usr/include/c++/11/memory:63[m[K,
[12.571s]                  from [01m[K/opt/ros/humble/include/rclcpp/rclcpp/rclcpp.hpp:153[m[K,
[12.572s]                  from [01m[K/home/boat/Desktop/src/boat_control_system_final/include/boat_control_system_final/WaypointQueueNode.hpp:4[m[K,
[12.573s]                  from [01m[K/home/boat/Desktop/src/boat_control_system_final/src/WaypointQueueNode.cpp:2[m[K:
[12.573s] [01m[K/usr/include/c++/11/bits/stl_iterator.h:471:5:[m[K [01;36m[Knote: [m[Kcandidate: ‘[01m[Ktemplate<class _IteratorL, class _IteratorR> constexpr bool std::operator!=(const std::reverse_iterator<_Iterator>&, const std::reverse_iterator<_IteratorR>&)[m[K’
[12.574s]   471 |     [01;36m[Koperator[m[K!=(const reverse_iterator<_IteratorL>& __x,
[12.574s]       |     [01;36m[K^~~~~~~~[m[K
[12.575s] [01m[K/usr/include/c++/11/bits/stl_iterator.h:471:5:[m[K [01;36m[Knote: [m[K  template argument deduction/substitution failed:
[12.575s] [01m[K/home/boat/Desktop/src/boat_control_system_final/src/WaypointQueueNode.cpp:74:15:[m[K [01;36m[Knote: [m[K  ‘[01m[Kconst SharedPtr[m[K’ {aka ‘[01m[Kconst std::shared_ptr<std_msgs::msg::Int16_<std::allocator<void> > >[m[K’} is not derived from ‘[01m[Kconst std::reverse_iterator<_Iterator>[m[K’
[12.576s]    74 |     if(msg != [01;36m[K1[m[K)
[12.577s]       |               [01;36m[K^[m[K
[12.577s] In file included from [01m[K/usr/include/c++/11/bits/stl_algobase.h:67[m[K,
[12.578s]                  from [01m[K/usr/include/c++/11/memory:63[m[K,
[12.578s]                  from [01m[K/opt/ros/humble/include/rclcpp/rclcpp/rclcpp.hpp:153[m[K,
[12.579s]                  from [01m[K/home/boat/Desktop/src/boat_control_system_final/include/boat_control_system_final/WaypointQueueNode.hpp:4[m[K,
[12.579s]                  from [01m[K/home/boat/Desktop/src/boat_control_system_final/src/WaypointQueueNode.cpp:2[m[K:
[12.580s] [01m[K/usr/include/c++/11/bits/stl_iterator.h:1602:5:[m[K [01;36m[Knote: [m[Kcandidate: ‘[01m[Ktemplate<class _IteratorL, class _IteratorR> constexpr bool std::operator!=(const std::move_iterator<_IteratorL>&, const std::move_iterator<_IteratorR>&)[m[K’
[12.580s]  1602 |     [01;36m[Koperator[m[K!=(const move_iterator<_IteratorL>& __x,
[12.581s]       |     [01;36m[K^~~~~~~~[m[K
[12.581s] [01m[K/usr/include/c++/11/bits/stl_iterator.h:1602:5:[m[K [01;36m[Knote: [m[K  template argument deduction/substitution failed:
[12.582s] [01m[K/home/boat/Desktop/src/boat_control_system_final/src/WaypointQueueNode.cpp:74:15:[m[K [01;36m[Knote: [m[K  ‘[01m[Kconst SharedPtr[m[K’ {aka ‘[01m[Kconst std::shared_ptr<std_msgs::msg::Int16_<std::allocator<void> > >[m[K’} is not derived from ‘[01m[Kconst std::move_iterator<_IteratorL>[m[K’
[12.583s]    74 |     if(msg != [01;36m[K1[m[K)
[12.583s]       |               [01;36m[K^[m[K
[12.584s] In file included from [01m[K/usr/include/c++/11/bits/stl_algobase.h:67[m[K,
[12.584s]                  from [01m[K/usr/include/c++/11/memory:63[m[K,
[12.585s]                  from [01m[K/opt/ros/humble/include/rclcpp/rclcpp/rclcpp.hpp:153[m[K,
[12.586s]                  from [01m[K/home/boat/Desktop/src/boat_control_system_final/include/boat_control_system_final/WaypointQueueNode.hpp:4[m[K,
[12.586s]                  from [01m[K/home/boat/Desktop/src/boat_control_system_final/src/WaypointQueueNode.cpp:2[m[K:
[12.587s] [01m[K/usr/include/c++/11/bits/stl_iterator.h:1661:5:[m[K [01;36m[Knote: [m[Kcandidate: ‘[01m[Ktemplate<class _Iterator> constexpr bool std::operator!=(const std::move_iterator<_IteratorL>&, const std::move_iterator<_IteratorL>&)[m[K’
[12.587s]  1661 |     [01;36m[Koperator[m[K!=(const move_iterator<_Iterator>& __x,
[12.588s]       |     [01;36m[K^~~~~~~~[m[K
[12.588s] [01m[K/usr/include/c++/11/bits/stl_iterator.h:1661:5:[m[K [01;36m[Knote: [m[K  template argument deduction/substitution failed:
[12.589s] [01m[K/home/boat/Desktop/src/boat_control_system_final/src/WaypointQueueNode.cpp:74:15:[m[K [01;36m[Knote: [m[K  ‘[01m[Kconst SharedPtr[m[K’ {aka ‘[01m[Kconst std::shared_ptr<std_msgs::msg::Int16_<std::allocator<void> > >[m[K’} is not derived from ‘[01m[Kconst std::move_iterator<_IteratorL>[m[K’
[12.590s]    74 |     if(msg != [01;36m[K1[m[K)
[12.591s]       |               [01;36m[K^[m[K
[12.592s] In file included from [01m[K/usr/include/c++/11/memory:64[m[K,
[12.592s]                  from [01m[K/opt/ros/humble/include/rclcpp/rclcpp/rclcpp.hpp:153[m[K,
[12.593s]                  from [01m[K/home/boat/Desktop/src/boat_control_system_final/include/boat_control_system_final/WaypointQueueNode.hpp:4[m[K,
[12.594s]                  from [01m[K/home/boat/Desktop/src/boat_control_system_final/src/WaypointQueueNode.cpp:2[m[K:
[12.595s] [01m[K/usr/include/c++/11/bits/allocator.h:225:5:[m[K [01;36m[Knote: [m[Kcandidate: ‘[01m[Ktemplate<class _T1, class _T2> bool std::operator!=(const std::allocator<_Tp1>&, const std::allocator<_T2>&)[m[K’
[12.595s]   225 |     [01;36m[Koperator[m[K!=(const allocator<_T1>&, const allocator<_T2>&)
[12.596s]       |     [01;36m[K^~~~~~~~[m[K
[12.596s] [01m[K/usr/include/c++/11/bits/allocator.h:225:5:[m[K [01;36m[Knote: [m[K  template argument deduction/substitution failed:
[12.597s] [01m[K/home/boat/Desktop/src/boat_control_system_final/src/WaypointQueueNode.cpp:74:15:[m[K [01;36m[Knote: [m[K  ‘[01m[Kconst SharedPtr[m[K’ {aka ‘[01m[Kconst std::shared_ptr<std_msgs::msg::Int16_<std::allocator<void> > >[m[K’} is not derived from ‘[01m[Kconst std::allocator<_Tp1>[m[K’
[12.598s]    74 |     if(msg != [01;36m[K1[m[K)
[12.598s]       |               [01;36m[K^[m[K
[12.599s] In file included from [01m[K/usr/include/c++/11/tuple:39[m[K,
[12.600s]                  from [01m[K/usr/include/c++/11/bits/unique_ptr.h:37[m[K,
[12.600s]                  from [01m[K/usr/include/c++/11/memory:76[m[K,
[12.601s]                  from [01m[K/opt/ros/humble/include/rclcpp/rclcpp/rclcpp.hpp:153[m[K,
[12.601s]                  from [01m[K/home/boat/Desktop/src/boat_control_system_final/include/boat_control_system_final/WaypointQueueNode.hpp:4[m[K,
[12.602s]                  from [01m[K/home/boat/Desktop/src/boat_control_system_final/src/WaypointQueueNode.cpp:2[m[K:
[12.603s] [01m[K/usr/include/c++/11/array:305:5:[m[K [01;36m[Knote: [m[Kcandidate: ‘[01m[Ktemplate<class _Tp, long unsigned int _Nm> bool std::operator!=(const std::array<_Tp, _Nm>&, const std::array<_Tp, _Nm>&)[m[K’
[12.603s]   305 |     [01;36m[Koperator[m[K!=(const array<_Tp, _Nm>& __one, const array<_Tp, _Nm>& __two)
[12.604s]       |     [01;36m[K^~~~~~~~[m[K
[12.605s] [01m[K/usr/include/c++/11/array:305:5:[m[K [01;36m[Knote: [m[K  template argument deduction/substitution failed:
[12.605s] [01m[K/home/boat/Desktop/src/boat_control_system_final/src/WaypointQueueNode.cpp:74:15:[m[K [01;36m[Knote: [m[K  ‘[01m[Kconst SharedPtr[m[K’ {aka ‘[01m[Kconst std::shared_ptr<std_msgs::msg::Int16_<std::allocator<void> > >[m[K’} is not derived from ‘[01m[Kconst std::array<_Tp, _Nm>[m[K’
[12.606s]    74 |     if(msg != [01;36m[K1[m[K)
[12.607s]       |               [01;36m[K^[m[K
[12.608s] In file included from [01m[K/usr/include/c++/11/bits/unique_ptr.h:37[m[K,
[12.609s]                  from [01m[K/usr/include/c++/11/memory:76[m[K,
[12.610s]                  from [01m[K/opt/ros/humble/include/rclcpp/rclcpp/rclcpp.hpp:153[m[K,
[12.611s]                  from [01m[K/home/boat/Desktop/src/boat_control_system_final/include/boat_control_system_final/WaypointQueueNode.hpp:4[m[K,
[12.611s]                  from [01m[K/home/boat/Desktop/src/boat_control_system_final/src/WaypointQueueNode.cpp:2[m[K:
[12.613s] [01m[K/usr/include/c++/11/tuple:1579:5:[m[K [01;36m[Knote: [m[Kcandidate: ‘[01m[Ktemplate<class ... _TElements, class ... _UElements> constexpr bool std::operator!=(const std::tuple<_Tps ...>&, const std::tuple<_UTypes ...>&)[m[K’
[12.614s]  1579 |     [01;36m[Koperator[m[K!=(const tuple<_TElements...>& __t,
[12.615s]       |     [01;36m[K^~~~~~~~[m[K
[12.616s] [01m[K/usr/include/c++/11/tuple:1579:5:[m[K [01;36m[Knote: [m[K  template argument deduction/substitution failed:
[12.617s] [01m[K/home/boat/Desktop/src/boat_control_system_final/src/WaypointQueueNode.cpp:74:15:[m[K [01;36m[Knote: [m[K  ‘[01m[Kconst SharedPtr[m[K’ {aka ‘[01m[Kconst std::shared_ptr<std_msgs::msg::Int16_<std::allocator<void> > >[m[K’} is not derived from ‘[01m[Kconst std::tuple<_Tps ...>[m[K’
[12.618s]    74 |     if(msg != [01;36m[K1[m[K)
[12.618s]       |               [01;36m[K^[m[K
[12.619s] In file included from [01m[K/usr/include/c++/11/memory:76[m[K,
[12.619s]                  from [01m[K/opt/ros/humble/include/rclcpp/rclcpp/rclcpp.hpp:153[m[K,
[12.620s]                  from [01m[K/home/boat/Desktop/src/boat_control_system_final/include/boat_control_system_final/WaypointQueueNode.hpp:4[m[K,
[12.620s]                  from [01m[K/home/boat/Desktop/src/boat_control_system_final/src/WaypointQueueNode.cpp:2[m[K:
[12.621s] [01m[K/usr/include/c++/11/bits/unique_ptr.h:774:5:[m[K [01;36m[Knote: [m[Kcandidate: ‘[01m[Ktemplate<class _Tp, class _Dp, class _Up, class _Ep> bool std::operator!=(const std::unique_ptr<_Tp, _Dp>&, const std::unique_ptr<_Up, _Ep>&)[m[K’
[12.621s]   774 |     [01;36m[Koperator[m[K!=(const unique_ptr<_Tp, _Dp>& __x,
[12.622s]       |     [01;36m[K^~~~~~~~[m[K
[12.622s] [01m[K/usr/include/c++/11/bits/unique_ptr.h:774:5:[m[K [01;36m[Knote: [m[K  template argument deduction/substitution failed:
[12.623s] [01m[K/home/boat/Desktop/src/boat_control_system_final/src/WaypointQueueNode.cpp:74:15:[m[K [01;36m[Knote: [m[K  ‘[01m[Kconst SharedPtr[m[K’ {aka ‘[01m[Kconst std::shared_ptr<std_msgs::msg::Int16_<std::allocator<void> > >[m[K’} is not derived from ‘[01m[Kconst std::unique_ptr<_Tp, _Dp>[m[K’
[12.624s]    74 |     if(msg != [01;36m[K1[m[K)
[12.625s]       |               [01;36m[K^[m[K
[12.627s] In file included from [01m[K/usr/include/c++/11/memory:76[m[K,
[12.627s]                  from [01m[K/opt/ros/humble/include/rclcpp/rclcpp/rclcpp.hpp:153[m[K,
[12.628s]                  from [01m[K/home/boat/Desktop/src/boat_control_system_final/include/boat_control_system_final/WaypointQueueNode.hpp:4[m[K,
[12.629s]                  from [01m[K/home/boat/Desktop/src/boat_control_system_final/src/WaypointQueueNode.cpp:2[m[K:
[12.629s] [01m[K/usr/include/c++/11/bits/unique_ptr.h:781:5:[m[K [01;36m[Knote: [m[Kcandidate: ‘[01m[Ktemplate<class _Tp, class _Dp> bool std::operator!=(const std::unique_ptr<_Tp, _Dp>&, std::nullptr_t)[m[K’
[12.630s]   781 |     [01;36m[Koperator[m[K!=(const unique_ptr<_Tp, _Dp>& __x, nullptr_t) noexcept
[12.631s]       |     [01;36m[K^~~~~~~~[m[K
[12.632s] [01m[K/usr/include/c++/11/bits/unique_ptr.h:781:5:[m[K [01;36m[Knote: [m[K  template argument deduction/substitution failed:
[12.633s] [01m[K/home/boat/Desktop/src/boat_control_system_final/src/WaypointQueueNode.cpp:74:15:[m[K [01;36m[Knote: [m[K  ‘[01m[Kconst SharedPtr[m[K’ {aka ‘[01m[Kconst std::shared_ptr<std_msgs::msg::Int16_<std::allocator<void> > >[m[K’} is not derived from ‘[01m[Kconst std::unique_ptr<_Tp, _Dp>[m[K’
[12.633s]    74 |     if(msg != [01;36m[K1[m[K)
[12.634s]       |               [01;36m[K^[m[K
[12.634s] In file included from [01m[K/usr/include/c++/11/memory:76[m[K,
[12.635s]                  from [01m[K/opt/ros/humble/include/rclcpp/rclcpp/rclcpp.hpp:153[m[K,
[12.635s]                  from [01m[K/home/boat/Desktop/src/boat_control_system_final/include/boat_control_system_final/WaypointQueueNode.hpp:4[m[K,
[12.636s]                  from [01m[K/home/boat/Desktop/src/boat_control_system_final/src/WaypointQueueNode.cpp:2[m[K:
[12.637s] [01m[K/usr/include/c++/11/bits/unique_ptr.h:787:5:[m[K [01;36m[Knote: [m[Kcandidate: ‘[01m[Ktemplate<class _Tp, class _Dp> bool std::operator!=(std::nullptr_t, const std::unique_ptr<_Tp, _Dp>&)[m[K’
[12.637s]   787 |     [01;36m[Koperator[m[K!=(nullptr_t, const unique_ptr<_Tp, _Dp>& __x) noexcept
[12.637s]       |     [01;36m[K^~~~~~~~[m[K
[12.638s] [01m[K/usr/include/c++/11/bits/unique_ptr.h:787:5:[m[K [01;36m[Knote: [m[K  template argument deduction/substitution failed:
[12.638s] [01m[K/home/boat/Desktop/src/boat_control_system_final/src/WaypointQueueNode.cpp:74:15:[m[K [01;36m[Knote: [m[K  mismatched types ‘[01m[Kconst std::unique_ptr<_Tp, _Dp>[m[K’ and ‘[01m[Kint[m[K’
[12.639s]    74 |     if(msg != [01;36m[K1[m[K)
[12.639s]       |               [01;36m[K^[m[K
[12.640s] In file included from [01m[K/usr/include/c++/11/iosfwd:40[m[K,
[12.641s]                  from [01m[K/usr/include/c++/11/bits/shared_ptr.h:52[m[K,
[12.641s]                  from [01m[K/usr/include/c++/11/memory:77[m[K,
[12.641s]                  from [01m[K/opt/ros/humble/include/rclcpp/rclcpp/rclcpp.hpp:153[m[K,
[12.642s]                  from [01m[K/home/boat/Desktop/src/boat_control_system_final/include/boat_control_system_final/WaypointQueueNode.hpp:4[m[K,
[12.642s]                  from [01m[K/home/boat/Desktop/src/boat_control_system_final/src/WaypointQueueNode.cpp:2[m[K:
[12.643s] [01m[K/usr/include/c++/11/bits/postypes.h:227:5:[m[K [01;36m[Knote: [m[Kcandidate: ‘[01m[Ktemplate<class _StateT> bool std::operator!=(const std::fpos<_StateT>&, const std::fpos<_StateT>&)[m[K’
[12.643s]   227 |     [01;36m[Koperator[m[K!=(const fpos<_StateT>& __lhs, const fpos<_StateT>& __rhs)
[12.644s]       |     [01;36m[K^~~~~~~~[m[K
[12.645s] [01m[K/usr/include/c++/11/bits/postypes.h:227:5:[m[K [01;36m[Knote: [m[K  template argument deduction/substitution failed:
[12.645s] [01m[K/home/boat/Desktop/src/boat_control_system_final/src/WaypointQueueNode.cpp:74:15:[m[K [01;36m[Knote: [m[K  ‘[01m[Kconst SharedPtr[m[K’ {aka ‘[01m[Kconst std::shared_ptr<std_msgs::msg::Int16_<std::allocator<void> > >[m[K’} is not derived from ‘[01m[Kconst std::fpos<_StateT>[m[K’
[12.646s]    74 |     if(msg != [01;36m[K1[m[K)
[12.646s]       |               [01;36m[K^[m[K
[12.647s] In file included from [01m[K/usr/include/c++/11/bits/shared_ptr.h:53[m[K,
[12.647s]                  from [01m[K/usr/include/c++/11/memory:77[m[K,
[12.648s]                  from [01m[K/opt/ros/humble/include/rclcpp/rclcpp/rclcpp.hpp:153[m[K,
[12.648s]                  from [01m[K/home/boat/Desktop/src/boat_control_system_final/include/boat_control_system_final/WaypointQueueNode.hpp:4[m[K,
[12.649s]                  from [01m[K/home/boat/Desktop/src/boat_control_system_final/src/WaypointQueueNode.cpp:2[m[K:
[12.649s] [01m[K/usr/include/c++/11/bits/shared_ptr_base.h:1441:5:[m[K [01;36m[Knote: [m[Kcandidate: ‘[01m[Ktemplate<class _Tp1, class _Tp2, __gnu_cxx::_Lock_policy _Lp> bool std::operator!=(const std::__shared_ptr<_Tp1, _Lp>&, const std::__shared_ptr<_Tp2, _Lp>&)[m[K’
[12.650s]  1441 |     [01;36m[Koperator[m[K!=(const __shared_ptr<_Tp1, _Lp>& __a,
[12.650s]       |     [01;36m[K^~~~~~~~[m[K
[12.651s] [01m[K/usr/include/c++/11/bits/shared_ptr_base.h:1441:5:[m[K [01;36m[Knote: [m[K  template argument deduction/substitution failed:
[12.651s] [01m[K/home/boat/Desktop/src/boat_control_system_final/src/WaypointQueueNode.cpp:74:15:[m[K [01;36m[Knote: [m[K  mismatched types ‘[01m[Kconst std::__shared_ptr<_Tp2, _Lp>[m[K’ and ‘[01m[Kint[m[K’
[12.653s]    74 |     if(msg != [01;36m[K1[m[K)
[12.653s]       |               [01;36m[K^[m[K
[12.654s] In file included from [01m[K/usr/include/c++/11/bits/shared_ptr.h:53[m[K,
[12.655s]                  from [01m[K/usr/include/c++/11/memory:77[m[K,
[12.655s]                  from [01m[K/opt/ros/humble/include/rclcpp/rclcpp/rclcpp.hpp:153[m[K,
[12.656s]                  from [01m[K/home/boat/Desktop/src/boat_control_system_final/include/boat_control_system_final/WaypointQueueNode.hpp:4[m[K,
[12.656s]                  from [01m[K/home/boat/Desktop/src/boat_control_system_final/src/WaypointQueueNode.cpp:2[m[K:
[12.657s] [01m[K/usr/include/c++/11/bits/shared_ptr_base.h:1447:5:[m[K [01;36m[Knote: [m[Kcandidate: ‘[01m[Ktemplate<class _Tp, __gnu_cxx::_Lock_policy _Lp> bool std::operator!=(const std::__shared_ptr<_Tp, _Lp>&, std::nullptr_t)[m[K’
[12.657s]  1447 |     [01;36m[Koperator[m[K!=(const __shared_ptr<_Tp, _Lp>& __a, nullptr_t) noexcept
[12.658s]       |     [01;36m[K^~~~~~~~[m[K
[12.659s] [01m[K/usr/include/c++/11/bits/shared_ptr_base.h:1447:5:[m[K [01;36m[Knote: [m[K  template argument deduction/substitution failed:
[12.659s] [01m[K/home/boat/Desktop/src/boat_control_system_final/src/WaypointQueueNode.cpp:74:15:[m[K [01;36m[Knote: [m[K  cannot convert ‘[01m[K1[m[K’ (type ‘[01m[Kint[m[K’) to type ‘[01m[Kstd::nullptr_t[m[K’
[12.660s]    74 |     if(msg != [01;36m[K1[m[K)
[12.660s]       |               [01;36m[K^[m[K
[12.661s] In file included from [01m[K/usr/include/c++/11/bits/shared_ptr.h:53[m[K,
[12.661s]                  from [01m[K/usr/include/c++/11/memory:77[m[K,
[12.662s]                  from [01m[K/opt/ros/humble/include/rclcpp/rclcpp/rclcpp.hpp:153[m[K,
[12.662s]                  from [01m[K/home/boat/Desktop/src/boat_control_system_final/include/boat_control_system_final/WaypointQueueNode.hpp:4[m[K,
[12.663s]                  from [01m[K/home/boat/Desktop/src/boat_control_system_final/src/WaypointQueueNode.cpp:2[m[K:
[12.664s] [01m[K/usr/include/c++/11/bits/shared_ptr_base.h:1452:5:[m[K [01;36m[Knote: [m[Kcandidate: ‘[01m[Ktemplate<class _Tp, __gnu_cxx::_Lock_policy _Lp> bool std::operator!=(std::nullptr_t, const std::__shared_ptr<_Tp, _Lp>&)[m[K’
[12.664s]  1452 |     [01;36m[Koperator[m[K!=(nullptr_t, const __shared_ptr<_Tp, _Lp>& __a) noexcept
[12.665s]       |     [01;36m[K^~~~~~~~[m[K
[12.665s] [01m[K/usr/include/c++/11/bits/shared_ptr_base.h:1452:5:[m[K [01;36m[Knote: [m[K  template argument deduction/substitution failed:
[12.666s] [01m[K/home/boat/Desktop/src/boat_control_system_final/src/WaypointQueueNode.cpp:74:15:[m[K [01;36m[Knote: [m[K  mismatched types ‘[01m[Kconst std::__shared_ptr<_Tp, _Lp>[m[K’ and ‘[01m[Kint[m[K’
[12.666s]    74 |     if(msg != [01;36m[K1[m[K)
[12.667s]       |               [01;36m[K^[m[K
[12.667s] In file included from [01m[K/usr/include/c++/11/memory:77[m[K,
[12.669s]                  from [01m[K/opt/ros/humble/include/rclcpp/rclcpp/rclcpp.hpp:153[m[K,
[12.669s]                  from [01m[K/home/boat/Desktop/src/boat_control_system_final/include/boat_control_system_final/WaypointQueueNode.hpp:4[m[K,
[12.670s]                  from [01m[K/home/boat/Desktop/src/boat_control_system_final/src/WaypointQueueNode.cpp:2[m[K:
[12.671s] [01m[K/usr/include/c++/11/bits/shared_ptr.h:470:5:[m[K [01;36m[Knote: [m[Kcandidate: ‘[01m[Ktemplate<class _Tp, class _Up> bool std::operator!=(const std::shared_ptr<_Tp>&, const std::shared_ptr<_Tp>&)[m[K’
[12.671s]   470 |     [01;36m[Koperator[m[K!=(const shared_ptr<_Tp>& __a, const shared_ptr<_Up>& __b) noexcept
[12.672s]       |     [01;36m[K^~~~~~~~[m[K
[12.672s] [01m[K/usr/include/c++/11/bits/shared_ptr.h:470:5:[m[K [01;36m[Knote: [m[K  template argument deduction/substitution failed:
[12.673s] [01m[K/home/boat/Desktop/src/boat_control_system_final/src/WaypointQueueNode.cpp:74:15:[m[K [01;36m[Knote: [m[K  mismatched types ‘[01m[Kconst std::shared_ptr<_Tp>[m[K’ and ‘[01m[Kint[m[K’
[12.673s]    74 |     if(msg != [01;36m[K1[m[K)
[12.674s]       |               [01;36m[K^[m[K
[12.674s] In file included from [01m[K/usr/include/c++/11/memory:77[m[K,
[12.675s]                  from [01m[K/opt/ros/humble/include/rclcpp/rclcpp/rclcpp.hpp:153[m[K,
[12.675s]                  from [01m[K/home/boat/Desktop/src/boat_control_system_final/include/boat_control_system_final/WaypointQueueNode.hpp:4[m[K,
[12.676s]                  from [01m[K/home/boat/Desktop/src/boat_control_system_final/src/WaypointQueueNode.cpp:2[m[K:
[12.677s] [01m[K/usr/include/c++/11/bits/shared_ptr.h:476:5:[m[K [01;36m[Knote: [m[Kcandidate: ‘[01m[Ktemplate<class _Tp> bool std::operator!=(const std::shared_ptr<_Tp>&, std::nullptr_t)[m[K’
[12.677s]   476 |     [01;36m[Koperator[m[K!=(const shared_ptr<_Tp>& __a, nullptr_t) noexcept
[12.678s]       |     [01;36m[K^~~~~~~~[m[K
[12.678s] [01m[K/usr/include/c++/11/bits/shared_ptr.h:476:5:[m[K [01;36m[Knote: [m[K  template argument deduction/substitution failed:
[12.679s] [01m[K/home/boat/Desktop/src/boat_control_system_final/src/WaypointQueueNode.cpp:74:15:[m[K [01;36m[Knote: [m[K  cannot convert ‘[01m[K1[m[K’ (type ‘[01m[Kint[m[K’) to type ‘[01m[Kstd::nullptr_t[m[K’
[12.679s]    74 |     if(msg != [01;36m[K1[m[K)
[12.680s]       |               [01;36m[K^[m[K
[12.680s] In file included from [01m[K/usr/include/c++/11/memory:77[m[K,
[12.681s]                  from [01m[K/opt/ros/humble/include/rclcpp/rclcpp/rclcpp.hpp:153[m[K,
[12.681s]                  from [01m[K/home/boat/Desktop/src/boat_control_system_final/include/boat_control_system_final/WaypointQueueNode.hpp:4[m[K,
[12.682s]                  from [01m[K/home/boat/Desktop/src/boat_control_system_final/src/WaypointQueueNode.cpp:2[m[K:
[12.682s] [01m[K/usr/include/c++/11/bits/shared_ptr.h:482:5:[m[K [01;36m[Knote: [m[Kcandidate: ‘[01m[Ktemplate<class _Tp> bool std::operator!=(std::nullptr_t, const std::shared_ptr<_Tp>&)[m[K’
[12.683s]   482 |     [01;36m[Koperator[m[K!=(nullptr_t, const shared_ptr<_Tp>& __a) noexcept
[12.684s]       |     [01;36m[K^~~~~~~~[m[K
[12.684s] [01m[K/usr/include/c++/11/bits/shared_ptr.h:482:5:[m[K [01;36m[Knote: [m[K  template argument deduction/substitution failed:
[12.685s] [01m[K/home/boat/Desktop/src/boat_control_system_final/src/WaypointQueueNode.cpp:74:15:[m[K [01;36m[Knote: [m[K  mismatched types ‘[01m[Kconst std::shared_ptr<_Tp>[m[K’ and ‘[01m[Kint[m[K’
[12.685s]    74 |     if(msg != [01;36m[K1[m[K)
[12.686s]       |               [01;36m[K^[m[K
[12.686s] In file included from [01m[K/usr/include/c++/11/bits/basic_string.h:48[m[K,
[12.687s]                  from [01m[K/usr/include/c++/11/string:55[m[K,
[12.687s]                  from [01m[K/usr/include/c++/11/stdexcept:39[m[K,
[12.689s]                  from [01m[K/usr/include/c++/11/system_error:41[m[K,
[12.689s]                  from [01m[K/usr/include/c++/11/mutex:42[m[K,
[12.690s]                  from [01m[K/usr/include/c++/11/future:38[m[K,
[12.691s]                  from [01m[K/opt/ros/humble/include/rclcpp/rclcpp/executors.hpp:18[m[K,
[12.692s]                  from [01m[K/opt/ros/humble/include/rclcpp/rclcpp/rclcpp.hpp:155[m[K,
[12.693s]                  from [01m[K/home/boat/Desktop/src/boat_control_system_final/include/boat_control_system_final/WaypointQueueNode.hpp:4[m[K,
[12.694s]                  from [01m[K/home/boat/Desktop/src/boat_control_system_final/src/WaypointQueueNode.cpp:2[m[K:
[12.694s] [01m[K/usr/include/c++/11/string_view:570:5:[m[K [01;36m[Knote: [m[Kcandidate: ‘[01m[Ktemplate<class _CharT, class _Traits> constexpr bool std::operator!=(std::basic_string_view<_CharT, _Traits>, std::basic_string_view<_CharT, _Traits>)[m[K’
[12.695s]   570 |     [01;36m[Koperator[m[K!=(basic_string_view<_CharT, _Traits> __x,
[12.695s]       |     [01;36m[K^~~~~~~~[m[K
[12.696s] [01m[K/usr/include/c++/11/string_view:570:5:[m[K [01;36m[Knote: [m[K  template argument deduction/substitution failed:
[12.697s] [01m[K/home/boat/Desktop/src/boat_control_system_final/src/WaypointQueueNode.cpp:74:15:[m[K [01;36m[Knote: [m[K  ‘[01m[Kstd::shared_ptr<std_msgs::msg::Int16_<std::allocator<void> > >[m[K’ is not derived from ‘[01m[Kstd::basic_string_view<_CharT, _Traits>[m[K’
[12.697s]    74 |     if(msg != [01;36m[K1[m[K)
[12.698s]       |               [01;36m[K^[m[K
[12.698s] In file included from [01m[K/usr/include/c++/11/bits/basic_string.h:48[m[K,
[12.699s]                  from [01m[K/usr/include/c++/11/string:55[m[K,
[12.699s]                  from [01m[K/usr/include/c++/11/stdexcept:39[m[K,
[12.700s]                  from [01m[K/usr/include/c++/11/system_error:41[m[K,
[12.700s]                  from [01m[K/usr/include/c++/11/mutex:42[m[K,
[12.701s]                  from [01m[K/usr/include/c++/11/future:38[m[K,
[12.701s]                  from [01m[K/opt/ros/humble/include/rclcpp/rclcpp/executors.hpp:18[m[K,
[12.702s]                  from [01m[K/opt/ros/humble/include/rclcpp/rclcpp/rclcpp.hpp:155[m[K,
[12.702s]                  from [01m[K/home/boat/Desktop/src/boat_control_system_final/include/boat_control_system_final/WaypointQueueNode.hpp:4[m[K,
[12.703s]                  from [01m[K/home/boat/Desktop/src/boat_control_system_final/src/WaypointQueueNode.cpp:2[m[K:
[12.703s] [01m[K/usr/include/c++/11/string_view:576:5:[m[K [01;36m[Knote: [m[Kcandidate: ‘[01m[Ktemplate<class _CharT, class _Traits> constexpr bool std::operator!=(std::basic_string_view<_CharT, _Traits>, std::__type_identity_t<std::basic_string_view<_CharT, _Traits> >)[m[K’
[12.704s]   576 |     [01;36m[Koperator[m[K!=(basic_string_view<_CharT, _Traits> __x,
[12.705s]       |     [01;36m[K^~~~~~~~[m[K
[12.705s] [01m[K/usr/include/c++/11/string_view:576:5:[m[K [01;36m[Knote: [m[K  template argument deduction/substitution failed:
[12.706s] [01m[K/home/boat/Desktop/src/boat_control_system_final/src/WaypointQueueNode.cpp:74:15:[m[K [01;36m[Knote: [m[K  ‘[01m[Kstd::shared_ptr<std_msgs::msg::Int16_<std::allocator<void> > >[m[K’ is not derived from ‘[01m[Kstd::basic_string_view<_CharT, _Traits>[m[K’
[12.706s]    74 |     if(msg != [01;36m[K1[m[K)
[12.707s]       |               [01;36m[K^[m[K
[12.708s] In file included from [01m[K/usr/include/c++/11/bits/basic_string.h:48[m[K,
[12.708s]                  from [01m[K/usr/include/c++/11/string:55[m[K,
[12.709s]                  from [01m[K/usr/include/c++/11/stdexcept:39[m[K,
[12.709s]                  from [01m[K/usr/include/c++/11/system_error:41[m[K,
[12.710s]                  from [01m[K/usr/include/c++/11/mutex:42[m[K,
[12.710s]                  from [01m[K/usr/include/c++/11/future:38[m[K,
[12.711s]                  from [01m[K/opt/ros/humble/include/rclcpp/rclcpp/executors.hpp:18[m[K,
[12.711s]                  from [01m[K/opt/ros/humble/include/rclcpp/rclcpp/rclcpp.hpp:155[m[K,
[12.712s]                  from [01m[K/home/boat/Desktop/src/boat_control_system_final/include/boat_control_system_final/WaypointQueueNode.hpp:4[m[K,
[12.713s]                  from [01m[K/home/boat/Desktop/src/boat_control_system_final/src/WaypointQueueNode.cpp:2[m[K:
[12.713s] [01m[K/usr/include/c++/11/string_view:583:5:[m[K [01;36m[Knote: [m[Kcandidate: ‘[01m[Ktemplate<class _CharT, class _Traits> constexpr bool std::operator!=(std::__type_identity_t<std::basic_string_view<_CharT, _Traits> >, std::basic_string_view<_CharT, _Traits>)[m[K’
[12.714s]   583 |     [01;36m[Koperator[m[K!=(__type_identity_t<basic_string_view<_CharT, _Traits>> __x,
[12.714s]       |     [01;36m[K^~~~~~~~[m[K
[12.715s] [01m[K/usr/include/c++/11/string_view:583:5:[m[K [01;36m[Knote: [m[K  template argument deduction/substitution failed:
[12.715s] [01m[K/home/boat/Desktop/src/boat_control_system_final/src/WaypointQueueNode.cpp:74:15:[m[K [01;36m[Knote: [m[K  mismatched types ‘[01m[Kstd::basic_string_view<_CharT, _Traits>[m[K’ and ‘[01m[Kint[m[K’
[12.716s]    74 |     if(msg != [01;36m[K1[m[K)
[12.716s]       |               [01;36m[K^[m[K
[12.717s] In file included from [01m[K/usr/include/c++/11/string:55[m[K,
[12.718s]                  from [01m[K/usr/include/c++/11/stdexcept:39[m[K,
[12.719s]                  from [01m[K/usr/include/c++/11/system_error:41[m[K,
[12.719s]                  from [01m[K/usr/include/c++/11/mutex:42[m[K,
[12.720s]                  from [01m[K/usr/include/c++/11/future:38[m[K,
[12.721s]                  from [01m[K/opt/ros/humble/include/rclcpp/rclcpp/executors.hpp:18[m[K,
[12.721s]                  from [01m[K/opt/ros/humble/include/rclcpp/rclcpp/rclcpp.hpp:155[m[K,
[12.722s]                  from [01m[K/home/boat/Desktop/src/boat_control_system_final/include/boat_control_system_final/WaypointQueueNode.hpp:4[m[K,
[12.722s]                  from [01m[K/home/boat/Desktop/src/boat_control_system_final/src/WaypointQueueNode.cpp:2[m[K:
[12.723s] [01m[K/usr/include/c++/11/bits/basic_string.h:6302:5:[m[K [01;36m[Knote: [m[Kcandidate: ‘[01m[Ktemplate<class _CharT, class _Traits, class _Alloc> bool std::operator!=(const std::__cxx11::basic_string<_CharT, _Traits, _Allocator>&, const std::__cxx11::basic_string<_CharT, _Traits, _Allocator>&)[m[K’
[12.723s]  6302 |     [01;36m[Koperator[m[K!=(const basic_string<_CharT, _Traits, _Alloc>& __lhs,
[12.724s]       |     [01;36m[K^~~~~~~~[m[K
[12.724s] [01m[K/usr/include/c++/11/bits/basic_string.h:6302:5:[m[K [01;36m[Knote: [m[K  template argument deduction/substitution failed:
[12.725s] [01m[K/home/boat/Desktop/src/boat_control_system_final/src/WaypointQueueNode.cpp:74:15:[m[K [01;36m[Knote: [m[K  ‘[01m[Kconst SharedPtr[m[K’ {aka ‘[01m[Kconst std::shared_ptr<std_msgs::msg::Int16_<std::allocator<void> > >[m[K’} is not derived from ‘[01m[Kconst std::__cxx11::basic_string<_CharT, _Traits, _Allocator>[m[K’
[12.725s]    74 |     if(msg != [01;36m[K1[m[K)
[12.726s]       |               [01;36m[K^[m[K
[12.727s] In file included from [01m[K/usr/include/c++/11/string:55[m[K,
[12.727s]                  from [01m[K/usr/include/c++/11/stdexcept:39[m[K,
[12.728s]                  from [01m[K/usr/include/c++/11/system_error:41[m[K,
[12.728s]                  from [01m[K/usr/include/c++/11/mutex:42[m[K,
[12.729s]                  from [01m[K/usr/include/c++/11/future:38[m[K,
[12.729s]                  from [01m[K/opt/ros/humble/include/rclcpp/rclcpp/executors.hpp:18[m[K,
[12.730s]                  from [01m[K/opt/ros/humble/include/rclcpp/rclcpp/rclcpp.hpp:155[m[K,
[12.730s]                  from [01m[K/home/boat/Desktop/src/boat_control_system_final/include/boat_control_system_final/WaypointQueueNode.hpp:4[m[K,
[12.731s]                  from [01m[K/home/boat/Desktop/src/boat_control_system_final/src/WaypointQueueNode.cpp:2[m[K:
[12.731s] [01m[K/usr/include/c++/11/bits/basic_string.h:6315:5:[m[K [01;36m[Knote: [m[Kcandidate: ‘[01m[Ktemplate<class _CharT, class _Traits, class _Alloc> bool std::operator!=(const _CharT*, const std::__cxx11::basic_string<_CharT, _Traits, _Allocator>&)[m[K’
[12.732s]  6315 |     [01;36m[Koperator[m[K!=(const _CharT* __lhs,
[12.732s]       |     [01;36m[K^~~~~~~~[m[K
[12.733s] [01m[K/usr/include/c++/11/bits/basic_string.h:6315:5:[m[K [01;36m[Knote: [m[K  template argument deduction/substitution failed:
[12.734s] [01m[K/home/boat/Desktop/src/boat_control_system_final/src/WaypointQueueNode.cpp:74:15:[m[K [01;36m[Knote: [m[K  mismatched types ‘[01m[Kconst _CharT*[m[K’ and ‘[01m[Kstd::shared_ptr<std_msgs::msg::Int16_<std::allocator<void> > >[m[K’
[12.734s]    74 |     if(msg != [01;36m[K1[m[K)
[12.735s]       |               [01;36m[K^[m[K
[12.735s] In file included from [01m[K/usr/include/c++/11/string:55[m[K,
[12.736s]                  from [01m[K/usr/include/c++/11/stdexcept:39[m[K,
[12.737s]                  from [01m[K/usr/include/c++/11/system_error:41[m[K,
[12.737s]                  from [01m[K/usr/include/c++/11/mutex:42[m[K,
[12.738s]                  from [01m[K/usr/include/c++/11/future:38[m[K,
[12.738s]                  from [01m[K/opt/ros/humble/include/rclcpp/rclcpp/executors.hpp:18[m[K,
[12.739s]                  from [01m[K/opt/ros/humble/include/rclcpp/rclcpp/rclcpp.hpp:155[m[K,
[12.739s]                  from [01m[K/home/boat/Desktop/src/boat_control_system_final/include/boat_control_system_final/WaypointQueueNode.hpp:4[m[K,
[12.740s]                  from [01m[K/home/boat/Desktop/src/boat_control_system_final/src/WaypointQueueNode.cpp:2[m[K:
[12.740s] [01m[K/usr/include/c++/11/bits/basic_string.h:6327:5:[m[K [01;36m[Knote: [m[Kcandidate: ‘[01m[Ktemplate<class _CharT, class _Traits, class _Alloc> bool std::operator!=(const std::__cxx11::basic_string<_CharT, _Traits, _Allocator>&, const _CharT*)[m[K’
[12.741s]  6327 |     [01;36m[Koperator[m[K!=(const basic_string<_CharT, _Traits, _Alloc>& __lhs,
[12.742s]       |     [01;36m[K^~~~~~~~[m[K
[12.742s] [01m[K/usr/include/c++/11/bits/basic_string.h:6327:5:[m[K [01;36m[Knote: [m[K  template argument deduction/substitution failed:
[12.743s] [01m[K/home/boat/Desktop/src/boat_control_system_final/src/WaypointQueueNode.cpp:74:15:[m[K [01;36m[Knote: [m[K  ‘[01m[Kconst SharedPtr[m[K’ {aka ‘[01m[Kconst std::shared_ptr<std_msgs::msg::Int16_<std::allocator<void> > >[m[K’} is not derived from ‘[01m[Kconst std::__cxx11::basic_string<_CharT, _Traits, _Allocator>[m[K’
[12.743s]    74 |     if(msg != [01;36m[K1[m[K)
[12.744s]       |               [01;36m[K^[m[K
[12.744s] In file included from [01m[K/usr/include/c++/11/future:47[m[K,
[12.745s]                  from [01m[K/opt/ros/humble/include/rclcpp/rclcpp/executors.hpp:18[m[K,
[12.745s]                  from [01m[K/opt/ros/humble/include/rclcpp/rclcpp/rclcpp.hpp:155[m[K,
[12.746s]                  from [01m[K/home/boat/Desktop/src/boat_control_system_final/include/boat_control_system_final/WaypointQueueNode.hpp:4[m[K,
[12.746s]                  from [01m[K/home/boat/Desktop/src/boat_control_system_final/src/WaypointQueueNode.cpp:2[m[K:
[12.747s] [01m[K/usr/include/c++/11/bits/std_function.h:737:5:[m[K [01;36m[Knote: [m[Kcandidate: ‘[01m[Ktemplate<class _Res, class ... _Args> bool std::operator!=(const std::function<_Res(_ArgTypes ...)>&, std::nullptr_t)[m[K’
[12.748s]   737 |     [01;36m[Koperator[m[K!=(const function<_Res(_Args...)>& __f, nullptr_t) noexcept
[12.748s]       |     [01;36m[K^~~~~~~~[m[K
[12.749s] [01m[K/usr/include/c++/11/bits/std_function.h:737:5:[m[K [01;36m[Knote: [m[K  template argument deduction/substitution failed:
[12.750s] [01m[K/home/boat/Desktop/src/boat_control_system_final/src/WaypointQueueNode.cpp:74:15:[m[K [01;36m[Knote: [m[K  ‘[01m[Kconst SharedPtr[m[K’ {aka ‘[01m[Kconst std::shared_ptr<std_msgs::msg::Int16_<std::allocator<void> > >[m[K’} is not derived from ‘[01m[Kconst std::function<_Res(_ArgTypes ...)>[m[K’
[12.750s]    74 |     if(msg != [01;36m[K1[m[K)
[12.751s]       |               [01;36m[K^[m[K
[12.751s] In file included from [01m[K/usr/include/c++/11/future:47[m[K,
[12.752s]                  from [01m[K/opt/ros/humble/include/rclcpp/rclcpp/executors.hpp:18[m[K,
[12.752s]                  from [01m[K/opt/ros/humble/include/rclcpp/rclcpp/rclcpp.hpp:155[m[K,
[12.753s]                  from [01m[K/home/boat/Desktop/src/boat_control_system_final/include/boat_control_system_final/WaypointQueueNode.hpp:4[m[K,
[12.753s]                  from [01m[K/home/boat/Desktop/src/boat_control_system_final/src/WaypointQueueNode.cpp:2[m[K:
[12.754s] [01m[K/usr/include/c++/11/bits/std_function.h:743:5:[m[K [01;36m[Knote: [m[Kcandidate: ‘[01m[Ktemplate<class _Res, class ... _Args> bool std::operator!=(std::nullptr_t, const std::function<_Res(_ArgTypes ...)>&)[m[K’
[12.754s]   743 |     [01;36m[Koperator[m[K!=(nullptr_t, const function<_Res(_Args...)>& __f) noexcept
[12.755s]       |     [01;36m[K^~~~~~~~[m[K
[12.755s] [01m[K/usr/include/c++/11/bits/std_function.h:743:5:[m[K [01;36m[Knote: [m[K  template argument deduction/substitution failed:
[12.756s] [01m[K/home/boat/Desktop/src/boat_control_system_final/src/WaypointQueueNode.cpp:74:15:[m[K [01;36m[Knote: [m[K  mismatched types ‘[01m[Kconst std::function<_Res(_ArgTypes ...)>[m[K’ and ‘[01m[Kint[m[K’
[12.756s]    74 |     if(msg != [01;36m[K1[m[K)
[12.757s]       |               [01;36m[K^[m[K
[12.757s] In file included from [01m[K/usr/include/c++/11/set:61[m[K,
[12.758s]                  from [01m[K/opt/ros/humble/include/rclcpp/rclcpp/executors/multi_threaded_executor.hpp:21[m[K,
[12.759s]                  from [01m[K/opt/ros/humble/include/rclcpp/rclcpp/executors.hpp:21[m[K,
[12.759s]                  from [01m[K/opt/ros/humble/include/rclcpp/rclcpp/rclcpp.hpp:155[m[K,
[12.760s]                  from [01m[K/home/boat/Desktop/src/boat_control_system_final/include/boat_control_system_final/WaypointQueueNode.hpp:4[m[K,
[12.760s]                  from [01m[K/home/boat/Desktop/src/boat_control_system_final/src/WaypointQueueNode.cpp:2[m[K:
[12.761s] [01m[K/usr/include/c++/11/bits/stl_set.h:1030:5:[m[K [01;36m[Knote: [m[Kcandidate: ‘[01m[Ktemplate<class _Key, class _Compare, class _Alloc> bool std::operator!=(const std::set<_Key, _Compare, _Allocator>&, const std::set<_Key, _Compare, _Allocator>&)[m[K’
[12.761s]  1030 |     [01;36m[Koperator[m[K!=(const set<_Key, _Compare, _Alloc>& __x,
[12.762s]       |     [01;36m[K^~~~~~~~[m[K
[12.762s] [01m[K/usr/include/c++/11/bits/stl_set.h:1030:5:[m[K [01;36m[Knote: [m[K  template argument deduction/substitution failed:
[12.763s] [01m[K/home/boat/Desktop/src/boat_control_system_final/src/WaypointQueueNode.cpp:74:15:[m[K [01;36m[Knote: [m[K  ‘[01m[Kconst SharedPtr[m[K’ {aka ‘[01m[Kconst std::shared_ptr<std_msgs::msg::Int16_<std::allocator<void> > >[m[K’} is not derived from ‘[01m[Kconst std::set<_Key, _Compare, _Allocator>[m[K’
[12.763s]    74 |     if(msg != [01;36m[K1[m[K)
[12.764s]       |               [01;36m[K^[m[K
[12.764s] In file included from [01m[K/usr/include/c++/11/set:62[m[K,
[12.765s]                  from [01m[K/opt/ros/humble/include/rclcpp/rclcpp/executors/multi_threaded_executor.hpp:21[m[K,
[12.766s]                  from [01m[K/opt/ros/humble/include/rclcpp/rclcpp/executors.hpp:21[m[K,
[12.766s]                  from [01m[K/opt/ros/humble/include/rclcpp/rclcpp/rclcpp.hpp:155[m[K,
[12.767s]                  from [01m[K/home/boat/Desktop/src/boat_control_system_final/include/boat_control_system_final/WaypointQueueNode.hpp:4[m[K,
[12.767s]                  from [01m[K/home/boat/Desktop/src/boat_control_system_final/src/WaypointQueueNode.cpp:2[m[K:
[12.768s] [01m[K/usr/include/c++/11/bits/stl_multiset.h:1016:5:[m[K [01;36m[Knote: [m[Kcandidate: ‘[01m[Ktemplate<class _Key, class _Compare, class _Alloc> bool std::operator!=(const std::multiset<_Key, _Compare, _Allocator>&, const std::multiset<_Key, _Compare, _Allocator>&)[m[K’
[12.768s]  1016 |     [01;36m[Koperator[m[K!=(const multiset<_Key, _Compare, _Alloc>& __x,
[12.769s]       |     [01;36m[K^~~~~~~~[m[K
[12.769s] [01m[K/usr/include/c++/11/bits/stl_multiset.h:1016:5:[m[K [01;36m[Knote: [m[K  template argument deduction/substitution failed:
[12.770s] [01m[K/home/boat/Desktop/src/boat_control_system_final/src/WaypointQueueNode.cpp:74:15:[m[K [01;36m[Knote: [m[K  ‘[01m[Kconst SharedPtr[m[K’ {aka ‘[01m[Kconst std::shared_ptr<std_msgs::msg::Int16_<std::allocator<void> > >[m[K’} is not derived from ‘[01m[Kconst std::multiset<_Key, _Compare, _Allocator>[m[K’
[12.770s]    74 |     if(msg != [01;36m[K1[m[K)
[12.771s]       |               [01;36m[K^[m[K
[12.771s] In file included from [01m[K/usr/include/c++/11/unordered_map:47[m[K,
[12.772s]                  from [01m[K/opt/ros/humble/include/rclcpp/rclcpp/executors/multi_threaded_executor.hpp:23[m[K,
[12.772s]                  from [01m[K/opt/ros/humble/include/rclcpp/rclcpp/executors.hpp:21[m[K,
[12.773s]                  from [01m[K/opt/ros/humble/include/rclcpp/rclcpp/rclcpp.hpp:155[m[K,
[12.773s]                  from [01m[K/home/boat/Desktop/src/boat_control_system_final/include/boat_control_system_final/WaypointQueueNode.hpp:4[m[K,
[12.774s]                  from [01m[K/home/boat/Desktop/src/boat_control_system_final/src/WaypointQueueNode.cpp:2[m[K:
[12.774s] [01m[K/usr/include/c++/11/bits/unordered_map.h:2141:5:[m[K [01;36m[Knote: [m[Kcandidate: ‘[01m[Ktemplate<class _Key, class _Tp, class _Hash, class _Pred, class _Alloc> bool std::operator!=(const std::unordered_map<_Key1, _Tp1, _Hash1, _Pred1, _Alloc1>&, const std::unordered_map<_Key1, _Tp1, _Hash1, _Pred1, _Alloc1>&)[m[K’
[12.775s]  2141 |     [01;36m[Koperator[m[K!=(const unordered_map<_Key, _Tp, _Hash, _Pred, _Alloc>& __x,
[12.776s]       |     [01;36m[K^~~~~~~~[m[K
[12.776s] [01m[K/usr/include/c++/11/bits/unordered_map.h:2141:5:[m[K [01;36m[Knote: [m[K  template argument deduction/substitution failed:
[12.777s] [01m[K/home/boat/Desktop/src/boat_control_system_final/src/WaypointQueueNode.cpp:74:15:[m[K [01;36m[Knote: [m[K  ‘[01m[Kconst SharedPtr[m[K’ {aka ‘[01m[Kconst std::shared_ptr<std_msgs::msg::Int16_<std::allocator<void> > >[m[K’} is not derived from ‘[01m[Kconst std::unordered_map<_Key1, _Tp1, _Hash1, _Pred1, _Alloc1>[m[K’
[12.777s]    74 |     if(msg != [01;36m[K1[m[K)
[12.778s]       |               [01;36m[K^[m[K
[12.778s] In file included from [01m[K/usr/include/c++/11/unordered_map:47[m[K,
[12.779s]                  from [01m[K/opt/ros/humble/include/rclcpp/rclcpp/executors/multi_threaded_executor.hpp:23[m[K,
[12.779s]                  from [01m[K/opt/ros/humble/include/rclcpp/rclcpp/executors.hpp:21[m[K,
[12.780s]                  from [01m[K/opt/ros/humble/include/rclcpp/rclcpp/rclcpp.hpp:155[m[K,
[12.781s]                  from [01m[K/home/boat/Desktop/src/boat_control_system_final/include/boat_control_system_final/WaypointQueueNode.hpp:4[m[K,
[12.781s]                  from [01m[K/home/boat/Desktop/src/boat_control_system_final/src/WaypointQueueNode.cpp:2[m[K:
[12.781s] [01m[K/usr/include/c++/11/bits/unordered_map.h:2155:5:[m[K [01;36m[Knote: [m[Kcandidate: ‘[01m[Ktemplate<class _Key, class _Tp, class _Hash, class _Pred, class _Alloc> bool std::operator!=(const std::unordered_multimap<_Key1, _Tp1, _Hash1, _Pred1, _Alloc1>&, const std::unordered_multimap<_Key1, _Tp1, _Hash1, _Pred1, _Alloc1>&)[m[K’
[12.782s]  2155 |     [01;36m[Koperator[m[K!=(const unordered_multimap<_Key, _Tp, _Hash, _Pred, _Alloc>& __x,
[12.782s]       |     [01;36m[K^~~~~~~~[m[K
[12.783s] [01m[K/usr/include/c++/11/bits/unordered_map.h:2155:5:[m[K [01;36m[Knote: [m[K  template argument deduction/substitution failed:
[12.784s] [01m[K/home/boat/Desktop/src/boat_control_system_final/src/WaypointQueueNode.cpp:74:15:[m[K [01;36m[Knote: [m[K  ‘[01m[Kconst SharedPtr[m[K’ {aka ‘[01m[Kconst std::shared_ptr<std_msgs::msg::Int16_<std::allocator<void> > >[m[K’} is not derived from ‘[01m[Kconst std::unordered_multimap<_Key1, _Tp1, _Hash1, _Pred1, _Alloc1>[m[K’
[12.784s]    74 |     if(msg != [01;36m[K1[m[K)
[12.785s]       |               [01;36m[K^[m[K
[12.785s] In file included from [01m[K/usr/include/c++/11/vector:67[m[K,
[12.786s]                  from [01m[K/usr/include/c++/11/functional:62[m[K,
[12.786s]                  from [01m[K/usr/include/c++/11/pstl/glue_algorithm_defs.h:13[m[K,
[12.787s]                  from [01m[K/usr/include/c++/11/algorithm:74[m[K,
[12.787s]                  from [01m[K/opt/ros/humble/include/rclcpp/rclcpp/executor.hpp:18[m[K,
[12.788s]                  from [01m[K/opt/ros/humble/include/rclcpp/rclcpp/executors/multi_threaded_executor.hpp:25[m[K,
[12.788s]                  from [01m[K/opt/ros/humble/include/rclcpp/rclcpp/executors.hpp:21[m[K,
[12.789s]                  from [01m[K/opt/ros/humble/include/rclcpp/rclcpp/rclcpp.hpp:155[m[K,
[12.789s]                  from [01m[K/home/boat/Desktop/src/boat_control_system_final/include/boat_control_system_final/WaypointQueueNode.hpp:4[m[K,
[12.790s]                  from [01m[K/home/boat/Desktop/src/boat_control_system_final/src/WaypointQueueNode.cpp:2[m[K:
[12.790s] [01m[K/usr/include/c++/11/bits/stl_vector.h:1937:5:[m[K [01;36m[Knote: [m[Kcandidate: ‘[01m[Ktemplate<class _Tp, class _Alloc> bool std::operator!=(const std::vector<_Tp, _Alloc>&, const std::vector<_Tp, _Alloc>&)[m[K’
[12.791s]  1937 |     [01;36m[Koperator[m[K!=(const vector<_Tp, _Alloc>& __x, const vector<_Tp, _Alloc>& __y)
[12.791s]       |     [01;36m[K^~~~~~~~[m[K
[12.792s] [01m[K/usr/include/c++/11/bits/stl_vector.h:1937:5:[m[K [01;36m[Knote: [m[K  template argument deduction/substitution failed:
[12.793s] [01m[K/home/boat/Desktop/src/boat_control_system_final/src/WaypointQueueNode.cpp:74:15:[m[K [01;36m[Knote: [m[K  ‘[01m[Kconst SharedPtr[m[K’ {aka ‘[01m[Kconst std::shared_ptr<std_msgs::msg::Int16_<std::allocator<void> > >[m[K’} is not derived from ‘[01m[Kconst std::vector<_Tp, _Alloc>[m[K’
[12.793s]    74 |     if(msg != [01;36m[K1[m[K)
[12.794s]       |               [01;36m[K^[m[K
[12.794s] In file included from [01m[K/usr/include/c++/11/bits/locale_facets.h:48[m[K,
[12.795s]                  from [01m[K/usr/include/c++/11/bits/basic_ios.h:37[m[K,
[12.795s]                  from [01m[K/usr/include/c++/11/ios:44[m[K,
[12.796s]                  from [01m[K/usr/include/c++/11/ostream:38[m[K,
[12.796s]                  from [01m[K/usr/include/c++/11/iostream:39[m[K,
[12.797s]                  from [01m[K/opt/ros/humble/include/rclcpp/rclcpp/executor.hpp:22[m[K,
[12.797s]                  from [01m[K/opt/ros/humble/include/rclcpp/rclcpp/executors/multi_threaded_executor.hpp:25[m[K,
[12.798s]                  from [01m[K/opt/ros/humble/include/rclcpp/rclcpp/executors.hpp:21[m[K,
[12.798s]                  from [01m[K/opt/ros/humble/include/rclcpp/rclcpp/rclcpp.hpp:155[m[K,
[12.799s]                  from [01m[K/home/boat/Desktop/src/boat_control_system_final/include/boat_control_system_final/WaypointQueueNode.hpp:4[m[K,
[12.799s]                  from [01m[K/home/boat/Desktop/src/boat_control_system_final/src/WaypointQueueNode.cpp:2[m[K:
[12.800s] [01m[K/usr/include/c++/11/bits/streambuf_iterator.h:232:5:[m[K [01;36m[Knote: [m[Kcandidate: ‘[01m[Ktemplate<class _CharT, class _Traits> bool std::operator!=(const std::istreambuf_iterator<_CharT, _Traits>&, const std::istreambuf_iterator<_CharT, _Traits>&)[m[K’
[12.801s]   232 |     [01;36m[Koperator[m[K!=(const istreambuf_iterator<_CharT, _Traits>& __a,
[12.801s]       |     [01;36m[K^~~~~~~~[m[K
[12.802s] [01m[K/usr/include/c++/11/bits/streambuf_iterator.h:232:5:[m[K [01;36m[Knote: [m[K  template argument deduction/substitution failed:
[12.802s] [01m[K/home/boat/Desktop/src/boat_control_system_final/src/WaypointQueueNode.cpp:74:15:[m[K [01;36m[Knote: [m[K  ‘[01m[Kconst SharedPtr[m[K’ {aka ‘[01m[Kconst std::shared_ptr<std_msgs::msg::Int16_<std::allocator<void> > >[m[K’} is not derived from ‘[01m[Kconst std::istreambuf_iterator<_CharT, _Traits>[m[K’
[12.803s]    74 |     if(msg != [01;36m[K1[m[K)
[12.804s]       |               [01;36m[K^[m[K
[12.805s] In file included from [01m[K/usr/include/c++/11/list:63[m[K,
[12.805s]                  from [01m[K/opt/ros/humble/include/rclcpp/rclcpp/executor.hpp:23[m[K,
[12.806s]                  from [01m[K/opt/ros/humble/include/rclcpp/rclcpp/executors/multi_threaded_executor.hpp:25[m[K,
[12.807s]                  from [01m[K/opt/ros/humble/include/rclcpp/rclcpp/executors.hpp:21[m[K,
[12.808s]                  from [01m[K/opt/ros/humble/include/rclcpp/rclcpp/rclcpp.hpp:155[m[K,
[12.809s]                  from [01m[K/home/boat/Desktop/src/boat_control_system_final/include/boat_control_system_final/WaypointQueueNode.hpp:4[m[K,
[12.809s]                  from [01m[K/home/boat/Desktop/src/boat_control_system_final/src/WaypointQueueNode.cpp:2[m[K:
[12.810s] [01m[K/usr/include/c++/11/bits/stl_list.h:2092:5:[m[K [01;36m[Knote: [m[Kcandidate: ‘[01m[Ktemplate<class _Tp, class _Alloc> bool std::operator!=(const std::__cxx11::list<_Tp, _Alloc>&, const std::__cxx11::list<_Tp, _Alloc>&)[m[K’
[12.810s]  2092 |     [01;36m[Koperator[m[K!=(const list<_Tp, _Alloc>& __x, const list<_Tp, _Alloc>& __y)
[12.811s]       |     [01;36m[K^~~~~~~~[m[K
[12.811s] [01m[K/usr/include/c++/11/bits/stl_list.h:2092:5:[m[K [01;36m[Knote: [m[K  template argument deduction/substitution failed:
[12.812s] [01m[K/home/boat/Desktop/src/boat_control_system_final/src/WaypointQueueNode.cpp:74:15:[m[K [01;36m[Knote: [m[K  ‘[01m[Kconst SharedPtr[m[K’ {aka ‘[01m[Kconst std::shared_ptr<std_msgs::msg::Int16_<std::allocator<void> > >[m[K’} is not derived from ‘[01m[Kconst std::__cxx11::list<_Tp, _Alloc>[m[K’
[12.812s]    74 |     if(msg != [01;36m[K1[m[K)
[12.813s]       |               [01;36m[K^[m[K
[12.813s] In file included from [01m[K/usr/include/c++/11/map:61[m[K,
[12.814s]                  from [01m[K/opt/ros/humble/include/rclcpp/rclcpp/executor.hpp:24[m[K,
[12.814s]                  from [01m[K/opt/ros/humble/include/rclcpp/rclcpp/executors/multi_threaded_executor.hpp:25[m[K,
[12.815s]                  from [01m[K/opt/ros/humble/include/rclcpp/rclcpp/executors.hpp:21[m[K,
[12.815s]                  from [01m[K/opt/ros/humble/include/rclcpp/rclcpp/rclcpp.hpp:155[m[K,
[12.816s]                  from [01m[K/home/boat/Desktop/src/boat_control_system_final/include/boat_control_system_final/WaypointQueueNode.hpp:4[m[K,
[12.816s]                  from [01m[K/home/boat/Desktop/src/boat_control_system_final/src/WaypointQueueNode.cpp:2[m[K:
[12.817s] [01m[K/usr/include/c++/11/bits/stl_map.h:1508:5:[m[K [01;36m[Knote: [m[Kcandidate: ‘[01m[Ktemplate<class _Key, class _Tp, class _Compare, class _Alloc> bool std::operator!=(const std::map<_Key, _Tp, _Compare, _Allocator>&, const std::map<_Key, _Tp, _Compare, _Allocator>&)[m[K’
[12.817s]  1508 |     [01;36m[Koperator[m[K!=(const map<_Key, _Tp, _Compare, _Alloc>& __x,
[12.818s]       |     [01;36m[K^~~~~~~~[m[K
[12.819s] [01m[K/usr/include/c++/11/bits/stl_map.h:1508:5:[m[K [01;36m[Knote: [m[K  template argument deduction/substitution failed:
[12.820s] [01m[K/home/boat/Desktop/src/boat_control_system_final/src/WaypointQueueNode.cpp:74:15:[m[K [01;36m[Knote: [m[K  ‘[01m[Kconst SharedPtr[m[K’ {aka ‘[01m[Kconst std::shared_ptr<std_msgs::msg::Int16_<std::allocator<void> > >[m[K’} is not derived from ‘[01m[Kconst std::map<_Key, _Tp, _Compare, _Allocator>[m[K’
[12.821s]    74 |     if(msg != [01;36m[K1[m[K)
[12.821s]       |               [01;36m[K^[m[K
[12.822s] In file included from [01m[K/usr/include/c++/11/map:62[m[K,
[12.822s]                  from [01m[K/opt/ros/humble/include/rclcpp/rclcpp/executor.hpp:24[m[K,
[12.823s]                  from [01m[K/opt/ros/humble/include/rclcpp/rclcpp/executors/multi_threaded_executor.hpp:25[m[K,
[12.823s]                  from [01m[K/opt/ros/humble/include/rclcpp/rclcpp/executors.hpp:21[m[K,
[12.823s]                  from [01m[K/opt/ros/humble/include/rclcpp/rclcpp/rclcpp.hpp:155[m[K,
[12.824s]                  from [01m[K/home/boat/Desktop/src/boat_control_system_final/include/boat_control_system_final/WaypointQueueNode.hpp:4[m[K,
[12.825s]                  from [01m[K/home/boat/Desktop/src/boat_control_system_final/src/WaypointQueueNode.cpp:2[m[K:
[12.825s] [01m[K/usr/include/c++/11/bits/stl_multimap.h:1173:5:[m[K [01;36m[Knote: [m[Kcandidate: ‘[01m[Ktemplate<class _Key, class _Tp, class _Compare, class _Alloc> bool std::operator!=(const std::multimap<_Key, _Tp, _Compare, _Allocator>&, const std::multimap<_Key, _Tp, _Compare, _Allocator>&)[m[K’
[12.826s]  1173 |     [01;36m[Koperator[m[K!=(const multimap<_Key, _Tp, _Compare, _Alloc>& __x,
[12.826s]       |     [01;36m[K^~~~~~~~[m[K
[12.827s] [01m[K/usr/include/c++/11/bits/stl_multimap.h:1173:5:[m[K [01;36m[Knote: [m[K  template argument deduction/substitution failed:
[12.827s] [01m[K/home/boat/Desktop/src/boat_control_system_final/src/WaypointQueueNode.cpp:74:15:[m[K [01;36m[Knote: [m[K  ‘[01m[Kconst SharedPtr[m[K’ {aka ‘[01m[Kconst std::shared_ptr<std_msgs::msg::Int16_<std::allocator<void> > >[m[K’} is not derived from ‘[01m[Kconst std::multimap<_Key, _Tp, _Compare, _Allocator>[m[K’
[12.827s]    74 |     if(msg != [01;36m[K1[m[K)
[12.828s]       |               [01;36m[K^[m[K
[12.828s] In file included from [01m[K/usr/include/c++/11/unordered_set:47[m[K,
[12.829s]                  from [01m[K/opt/ros/humble/include/rclcpp/rclcpp/context.hpp:26[m[K,
[12.829s]                  from [01m[K/opt/ros/humble/include/rclcpp/rclcpp/executor.hpp:34[m[K,
[12.830s]                  from [01m[K/opt/ros/humble/include/rclcpp/rclcpp/executors/multi_threaded_executor.hpp:25[m[K,
[12.831s]                  from [01m[K/opt/ros/humble/include/rclcpp/rclcpp/executors.hpp:21[m[K,
[12.831s]                  from [01m[K/opt/ros/humble/include/rclcpp/rclcpp/rclcpp.hpp:155[m[K,
[12.832s]                  from [01m[K/home/boat/Desktop/src/boat_control_system_final/include/boat_control_system_final/WaypointQueueNode.hpp:4[m[K,
[12.832s]                  from [01m[K/home/boat/Desktop/src/boat_control_system_final/src/WaypointQueueNode.cpp:2[m[K:
[12.833s] [01m[K/usr/include/c++/11/bits/unordered_set.h:1811:5:[m[K [01;36m[Knote: [m[Kcandidate: ‘[01m[Ktemplate<class _Value, class _Hash, class _Pred, class _Alloc> bool std::operator!=(const std::unordered_set<_Value1, _Hash1, _Pred1, _Alloc1>&, const std::unordered_set<_Value1, _Hash1, _Pred1, _Alloc1>&)[m[K’
[12.833s]  1811 |     [01;36m[Koperator[m[K!=(const unordered_set<_Value, _Hash, _Pred, _Alloc>& __x,
[12.834s]       |     [01;36m[K^~~~~~~~[m[K
[12.834s] [01m[K/usr/include/c++/11/bits/unordered_set.h:1811:5:[m[K [01;36m[Knote: [m[K  template argument deduction/substitution failed:
[12.835s] [01m[K/home/boat/Desktop/src/boat_control_system_final/src/WaypointQueueNode.cpp:74:15:[m[K [01;36m[Knote: [m[K  ‘[01m[Kconst SharedPtr[m[K’ {aka ‘[01m[Kconst std::shared_ptr<std_msgs::msg::Int16_<std::allocator<void> > >[m[K’} is not derived from ‘[01m[Kconst std::unordered_set<_Value1, _Hash1, _Pred1, _Alloc1>[m[K’
[12.836s]    74 |     if(msg != [01;36m[K1[m[K)
[12.836s]       |               [01;36m[K^[m[K
[12.837s] In file included from [01m[K/usr/include/c++/11/unordered_set:47[m[K,
[12.837s]                  from [01m[K/opt/ros/humble/include/rclcpp/rclcpp/context.hpp:26[m[K,
[12.838s]                  from [01m[K/opt/ros/humble/include/rclcpp/rclcpp/executor.hpp:34[m[K,
[12.838s]                  from [01m[K/opt/ros/humble/include/rclcpp/rclcpp/executors/multi_threaded_executor.hpp:25[m[K,
[12.839s]                  from [01m[K/opt/ros/humble/include/rclcpp/rclcpp/executors.hpp:21[m[K,
[12.839s]                  from [01m[K/opt/ros/humble/include/rclcpp/rclcpp/rclcpp.hpp:155[m[K,
[12.839s]                  from [01m[K/home/boat/Desktop/src/boat_control_system_final/include/boat_control_system_final/WaypointQueueNode.hpp:4[m[K,
[12.840s]                  from [01m[K/home/boat/Desktop/src/boat_control_system_final/src/WaypointQueueNode.cpp:2[m[K:
[12.841s] [01m[K/usr/include/c++/11/bits/unordered_set.h:1825:5:[m[K [01;36m[Knote: [m[Kcandidate: ‘[01m[Ktemplate<class _Value, class _Hash, class _Pred, class _Alloc> bool std::operator!=(const std::unordered_multiset<_Value1, _Hash1, _Pred1, _Alloc1>&, const std::unordered_multiset<_Value1, _Hash1, _Pred1, _Alloc1>&)[m[K’
[12.841s]  1825 |     [01;36m[Koperator[m[K!=(const unordered_multiset<_Value, _Hash, _Pred, _Alloc>& __x,
[12.841s]       |     [01;36m[K^~~~~~~~[m[K
[12.842s] [01m[K/usr/include/c++/11/bits/unordered_set.h:1825:5:[m[K [01;36m[Knote: [m[K  template argument deduction/substitution failed:
[12.843s] [01m[K/home/boat/Desktop/src/boat_control_system_final/src/WaypointQueueNode.cpp:74:15:[m[K [01;36m[Knote: [m[K  ‘[01m[Kconst SharedPtr[m[K’ {aka ‘[01m[Kconst std::shared_ptr<std_msgs::msg::Int16_<std::allocator<void> > >[m[K’} is not derived from ‘[01m[Kconst std::unordered_multiset<_Value1, _Hash1, _Pred1, _Alloc1>[m[K’
[12.843s]    74 |     if(msg != [01;36m[K1[m[K)
[12.844s]       |               [01;36m[K^[m[K
[12.844s] In file included from [01m[K/opt/ros/humble/include/rclcpp/rclcpp/client.hpp:23[m[K,
[12.845s]                  from [01m[K/opt/ros/humble/include/rclcpp/rclcpp/callback_group.hpp:24[m[K,
[12.845s]                  from [01m[K/opt/ros/humble/include/rclcpp/rclcpp/any_executable.hpp:20[m[K,
[12.846s]                  from [01m[K/opt/ros/humble/include/rclcpp/rclcpp/memory_strategy.hpp:25[m[K,
[12.846s]                  from [01m[K/opt/ros/humble/include/rclcpp/rclcpp/memory_strategies.hpp:18[m[K,
[12.846s]                  from [01m[K/opt/ros/humble/include/rclcpp/rclcpp/executor_options.hpp:20[m[K,
[12.847s]                  from [01m[K/opt/ros/humble/include/rclcpp/rclcpp/executor.hpp:37[m[K,
[12.847s]                  from [01m[K/opt/ros/humble/include/rclcpp/rclcpp/executors/multi_threaded_executor.hpp:25[m[K,
[12.848s]                  from [01m[K/opt/ros/humble/include/rclcpp/rclcpp/executors.hpp:21[m[K,
[12.848s]                  from [01m[K/opt/ros/humble/include/rclcpp/rclcpp/rclcpp.hpp:155[m[K,
[12.849s]                  from [01m[K/home/boat/Desktop/src/boat_control_system_final/include/boat_control_system_final/WaypointQueueNode.hpp:4[m[K,
[12.849s]                  from [01m[K/home/boat/Desktop/src/boat_control_system_final/src/WaypointQueueNode.cpp:2[m[K:
[12.850s] [01m[K/usr/include/c++/11/optional:1054:5:[m[K [01;36m[Knote: [m[Kcandidate: ‘[01m[Ktemplate<class _Tp, class _Up> constexpr std::__optional_ne_t<_Tp, _Up> std::operator!=(const std::optional<_Tp>&, const std::optional<_Up>&)[m[K’
[12.850s]  1054 |     [01;36m[Koperator[m[K!=(const optional<_Tp>& __lhs, const optional<_Up>& __rhs)
[12.851s]       |     [01;36m[K^~~~~~~~[m[K
[12.851s] [01m[K/usr/include/c++/11/optional:1054:5:[m[K [01;36m[Knote: [m[K  template argument deduction/substitution failed:
[12.852s] [01m[K/home/boat/Desktop/src/boat_control_system_final/src/WaypointQueueNode.cpp:74:15:[m[K [01;36m[Knote: [m[K  ‘[01m[Kconst SharedPtr[m[K’ {aka ‘[01m[Kconst std::shared_ptr<std_msgs::msg::Int16_<std::allocator<void> > >[m[K’} is not derived from ‘[01m[Kconst std::optional<_Tp>[m[K’
[12.852s]    74 |     if(msg != [01;36m[K1[m[K)
[12.853s]       |               [01;36m[K^[m[K
[12.853s] In file included from [01m[K/opt/ros/humble/include/rclcpp/rclcpp/client.hpp:23[m[K,
[12.854s]                  from [01m[K/opt/ros/humble/include/rclcpp/rclcpp/callback_group.hpp:24[m[K,
[12.854s]                  from [01m[K/opt/ros/humble/include/rclcpp/rclcpp/any_executable.hpp:20[m[K,
[12.855s]                  from [01m[K/opt/ros/humble/include/rclcpp/rclcpp/memory_strategy.hpp:25[m[K,
[12.855s]                  from [01m[K/opt/ros/humble/include/rclcpp/rclcpp/memory_strategies.hpp:18[m[K,
[12.856s]                  from [01m[K/opt/ros/humble/include/rclcpp/rclcpp/executor_options.hpp:20[m[K,
[12.857s]                  from [01m[K/opt/ros/humble/include/rclcpp/rclcpp/executor.hpp:37[m[K,
[12.857s]                  from [01m[K/opt/ros/humble/include/rclcpp/rclcpp/executors/multi_threaded_executor.hpp:25[m[K,
[12.858s]                  from [01m[K/opt/ros/humble/include/rclcpp/rclcpp/executors.hpp:21[m[K,
[12.858s]                  from [01m[K/opt/ros/humble/include/rclcpp/rclcpp/rclcpp.hpp:155[m[K,
[12.859s]                  from [01m[K/home/boat/Desktop/src/boat_control_system_final/include/boat_control_system_final/WaypointQueueNode.hpp:4[m[K,
[12.859s]                  from [01m[K/home/boat/Desktop/src/boat_control_system_final/src/WaypointQueueNode.cpp:2[m[K:
[12.860s] [01m[K/usr/include/c++/11/optional:1121:5:[m[K [01;36m[Knote: [m[Kcandidate: ‘[01m[Ktemplate<class _Tp> constexpr bool std::operator!=(const std::optional<_Tp>&, std::nullopt_t)[m[K’
[12.860s]  1121 |     [01;36m[Koperator[m[K!=(const optional<_Tp>& __lhs, nullopt_t) noexcept
[12.861s]       |     [01;36m[K^~~~~~~~[m[K
[12.861s] [01m[K/usr/include/c++/11/optional:1121:5:[m[K [01;36m[Knote: [m[K  template argument deduction/substitution failed:
[12.862s] [01m[K/home/boat/Desktop/src/boat_control_system_final/src/WaypointQueueNode.cpp:74:15:[m[K [01;36m[Knote: [m[K  ‘[01m[Kconst SharedPtr[m[K’ {aka ‘[01m[Kconst std::shared_ptr<std_msgs::msg::Int16_<std::allocator<void> > >[m[K’} is not derived from ‘[01m[Kconst std::optional<_Tp>[m[K’
[12.862s]    74 |     if(msg != [01;36m[K1[m[K)
[12.863s]       |               [01;36m[K^[m[K
[12.863s] In file included from [01m[K/opt/ros/humble/include/rclcpp/rclcpp/client.hpp:23[m[K,
[12.864s]                  from [01m[K/opt/ros/humble/include/rclcpp/rclcpp/callback_group.hpp:24[m[K,
[12.864s]                  from [01m[K/opt/ros/humble/include/rclcpp/rclcpp/any_executable.hpp:20[m[K,
[12.865s]                  from [01m[K/opt/ros/humble/include/rclcpp/rclcpp/memory_strategy.hpp:25[m[K,
[12.865s]                  from [01m[K/opt/ros/humble/include/rclcpp/rclcpp/memory_strategies.hpp:18[m[K,
[12.866s]                  from [01m[K/opt/ros/humble/include/rclcpp/rclcpp/executor_options.hpp:20[m[K,
[12.866s]                  from [01m[K/opt/ros/humble/include/rclcpp/rclcpp/executor.hpp:37[m[K,
[12.867s]                  from [01m[K/opt/ros/humble/include/rclcpp/rclcpp/executors/multi_threaded_executor.hpp:25[m[K,
[12.867s]                  from [01m[K/opt/ros/humble/include/rclcpp/rclcpp/executors.hpp:21[m[K,
[12.868s]                  from [01m[K/opt/ros/humble/include/rclcpp/rclcpp/rclcpp.hpp:155[m[K,
[12.869s]                  from [01m[K/home/boat/Desktop/src/boat_control_system_final/include/boat_control_system_final/WaypointQueueNode.hpp:4[m[K,
[12.869s]                  from [01m[K/home/boat/Desktop/src/boat_control_system_final/src/WaypointQueueNode.cpp:2[m[K:
[12.870s] [01m[K/usr/include/c++/11/optional:1126:5:[m[K [01;36m[Knote: [m[Kcandidate: ‘[01m[Ktemplate<class _Tp> constexpr bool std::operator!=(std::nullopt_t, const std::optional<_Tp>&)[m[K’
[12.870s]  1126 |     [01;36m[Koperator[m[K!=(nullopt_t, const optional<_Tp>& __rhs) noexcept
[12.871s]       |     [01;36m[K^~~~~~~~[m[K
[12.871s] [01m[K/usr/include/c++/11/optional:1126:5:[m[K [01;36m[Knote: [m[K  template argument deduction/substitution failed:
[12.872s] [01m[K/home/boat/Desktop/src/boat_control_system_final/src/WaypointQueueNode.cpp:74:15:[m[K [01;36m[Knote: [m[K  mismatched types ‘[01m[Kconst std::optional<_Tp>[m[K’ and ‘[01m[Kint[m[K’
[12.872s]    74 |     if(msg != [01;36m[K1[m[K)
[12.873s]       |               [01;36m[K^[m[K
[12.873s] In file included from [01m[K/opt/ros/humble/include/rclcpp/rclcpp/client.hpp:23[m[K,
[12.874s]                  from [01m[K/opt/ros/humble/include/rclcpp/rclcpp/callback_group.hpp:24[m[K,
[12.874s]                  from [01m[K/opt/ros/humble/include/rclcpp/rclcpp/any_executable.hpp:20[m[K,
[12.875s]                  from [01m[K/opt/ros/humble/include/rclcpp/rclcpp/memory_strategy.hpp:25[m[K,
[12.875s]                  from [01m[K/opt/ros/humble/include/rclcpp/rclcpp/memory_strategies.hpp:18[m[K,
[12.876s]                  from [01m[K/opt/ros/humble/include/rclcpp/rclcpp/executor_options.hpp:20[m[K,
[12.876s]                  from [01m[K/opt/ros/humble/include/rclcpp/rclcpp/executor.hpp:37[m[K,
[12.877s]                  from [01m[K/opt/ros/humble/include/rclcpp/rclcpp/executors/multi_threaded_executor.hpp:25[m[K,
[12.877s]                  from [01m[K/opt/ros/humble/include/rclcpp/rclcpp/executors.hpp:21[m[K,
[12.878s]                  from [01m[K/opt/ros/humble/include/rclcpp/rclcpp/rclcpp.hpp:155[m[K,
[12.878s]                  from [01m[K/home/boat/Desktop/src/boat_control_system_final/include/boat_control_system_final/WaypointQueueNode.hpp:4[m[K,
[12.879s]                  from [01m[K/home/boat/Desktop/src/boat_control_system_final/src/WaypointQueueNode.cpp:2[m[K:
[12.879s] [01m[K/usr/include/c++/11/optional:1185:5:[m[K [01;36m[Knote: [m[Kcandidate: ‘[01m[Ktemplate<class _Tp, class _Up> constexpr std::__optional_ne_t<_Tp, _Up> std::operator!=(const std::optional<_Tp>&, const _Up&)[m[K’
[12.880s]  1185 |     [01;36m[Koperator[m[K!=(const optional<_Tp>& __lhs, const _Up& __rhs)
[12.880s]       |     [01;36m[K^~~~~~~~[m[K
[12.881s] [01m[K/usr/include/c++/11/optional:1185:5:[m[K [01;36m[Knote: [m[K  template argument deduction/substitution failed:
[12.882s] [01m[K/home/boat/Desktop/src/boat_control_system_final/src/WaypointQueueNode.cpp:74:15:[m[K [01;36m[Knote: [m[K  ‘[01m[Kconst SharedPtr[m[K’ {aka ‘[01m[Kconst std::shared_ptr<std_msgs::msg::Int16_<std::allocator<void> > >[m[K’} is not derived from ‘[01m[Kconst std::optional<_Tp>[m[K’
[12.882s]    74 |     if(msg != [01;36m[K1[m[K)
[12.883s]       |               [01;36m[K^[m[K
[12.883s] In file included from [01m[K/opt/ros/humble/include/rclcpp/rclcpp/client.hpp:23[m[K,
[12.884s]                  from [01m[K/opt/ros/humble/include/rclcpp/rclcpp/callback_group.hpp:24[m[K,
[12.884s]                  from [01m[K/opt/ros/humble/include/rclcpp/rclcpp/any_executable.hpp:20[m[K,
[12.885s]                  from [01m[K/opt/ros/humble/include/rclcpp/rclcpp/memory_strategy.hpp:25[m[K,
[12.885s]                  from [01m[K/opt/ros/humble/include/rclcpp/rclcpp/memory_strategies.hpp:18[m[K,
[12.886s]                  from [01m[K/opt/ros/humble/include/rclcpp/rclcpp/executor_options.hpp:20[m[K,
[12.886s]                  from [01m[K/opt/ros/humble/include/rclcpp/rclcpp/executor.hpp:37[m[K,
[12.887s]                  from [01m[K/opt/ros/humble/include/rclcpp/rclcpp/executors/multi_threaded_executor.hpp:25[m[K,
[12.887s]                  from [01m[K/opt/ros/humble/include/rclcpp/rclcpp/executors.hpp:21[m[K,
[12.888s]                  from [01m[K/opt/ros/humble/include/rclcpp/rclcpp/rclcpp.hpp:155[m[K,
[12.888s]                  from [01m[K/home/boat/Desktop/src/boat_control_system_final/include/boat_control_system_final/WaypointQueueNode.hpp:4[m[K,
[12.889s]                  from [01m[K/home/boat/Desktop/src/boat_control_system_final/src/WaypointQueueNode.cpp:2[m[K:
[12.890s] [01m[K/usr/include/c++/11/optional:1191:5:[m[K [01;36m[Knote: [m[Kcandidate: ‘[01m[Ktemplate<class _Tp, class _Up> constexpr std::__optional_ne_t<_Up, _Tp> std::operator!=(const _Up&, const std::optional<_Tp>&)[m[K’
[12.890s]  1191 |     [01;36m[Koperator[m[K!=(const _Up& __lhs, const optional<_Tp>& __rhs)
[12.891s]       |     [01;36m[K^~~~~~~~[m[K
[12.892s] [01m[K/usr/include/c++/11/optional:1191:5:[m[K [01;36m[Knote: [m[K  template argument deduction/substitution failed:
[12.892s] [01m[K/home/boat/Desktop/src/boat_control_system_final/src/WaypointQueueNode.cpp:74:15:[m[K [01;36m[Knote: [m[K  mismatched types ‘[01m[Kconst std::optional<_Tp>[m[K’ and ‘[01m[Kint[m[K’
[12.893s]    74 |     if(msg != [01;36m[K1[m[K)
[12.894s]       |               [01;36m[K^[m[K
[12.895s] In file included from [01m[K/opt/ros/humble/include/rclcpp/rclcpp/client.hpp:28[m[K,
[12.895s]                  from [01m[K/opt/ros/humble/include/rclcpp/rclcpp/callback_group.hpp:24[m[K,
[12.896s]                  from [01m[K/opt/ros/humble/include/rclcpp/rclcpp/any_executable.hpp:20[m[K,
[12.896s]                  from [01m[K/opt/ros/humble/include/rclcpp/rclcpp/memory_strategy.hpp:25[m[K,
[12.897s]                  from [01m[K/opt/ros/humble/include/rclcpp/rclcpp/memory_strategies.hpp:18[m[K,
[12.897s]                  from [01m[K/opt/ros/humble/include/rclcpp/rclcpp/executor_options.hpp:20[m[K,
[12.898s]                  from [01m[K/opt/ros/humble/include/rclcpp/rclcpp/executor.hpp:37[m[K,
[12.898s]                  from [01m[K/opt/ros/humble/include/rclcpp/rclcpp/executors/multi_threaded_executor.hpp:25[m[K,
[12.899s]                  from [01m[K/opt/ros/humble/include/rclcpp/rclcpp/executors.hpp:21[m[K,
[12.899s]                  from [01m[K/opt/ros/humble/include/rclcpp/rclcpp/rclcpp.hpp:155[m[K,
[12.900s]                  from [01m[K/home/boat/Desktop/src/boat_control_system_final/include/boat_control_system_final/WaypointQueueNode.hpp:4[m[K,
[12.900s]                  from [01m[K/home/boat/Desktop/src/boat_control_system_final/src/WaypointQueueNode.cpp:2[m[K:
[12.901s] [01m[K/usr/include/c++/11/variant:1233:3:[m[K [01;36m[Knote: [m[Kcandidate: ‘[01m[Ktemplate<class ... _Types> constexpr bool std::operator!=(const std::variant<_Types ...>&, const std::variant<_Types ...>&)[m[K’
[12.902s]  1233 |   [01;36m[K_VARIANT_RELATION_FUNCTION_TEMPLATE[m[K(!=, not_equal)
[12.902s]       |   [01;36m[K^~~~~~~~~~~~~~~~~~~~~~~~~~~~~~~~~~~[m[K
[12.903s] [01m[K/usr/include/c++/11/variant:1233:3:[m[K [01;36m[Knote: [m[K  template argument deduction/substitution failed:
[12.903s] [01m[K/home/boat/Desktop/src/boat_control_system_final/src/WaypointQueueNode.cpp:74:15:[m[K [01;36m[Knote: [m[K  ‘[01m[Kconst SharedPtr[m[K’ {aka ‘[01m[Kconst std::shared_ptr<std_msgs::msg::Int16_<std::allocator<void> > >[m[K’} is not derived from ‘[01m[Kconst std::variant<_Types ...>[m[K’
[12.904s]    74 |     if(msg != [01;36m[K1[m[K)
[12.904s]       |               [01;36m[K^[m[K
[12.905s] In file included from [01m[K/usr/include/c++/11/deque:67[m[K,
[12.905s]                  from [01m[K/home/boat/Desktop/src/boat_control_system_final/include/boat_control_system_final/WaypointQueueNode.hpp:9[m[K,
[12.906s]                  from [01m[K/home/boat/Desktop/src/boat_control_system_final/src/WaypointQueueNode.cpp:2[m[K:
[12.906s] [01m[K/usr/include/c++/11/bits/stl_deque.h:2292:5:[m[K [01;36m[Knote: [m[Kcandidate: ‘[01m[Ktemplate<class _Tp, class _Alloc> bool std::operator!=(const std::deque<_Tp, _Alloc>&, const std::deque<_Tp, _Alloc>&)[m[K’
[12.907s]  2292 |     [01;36m[Koperator[m[K!=(const deque<_Tp, _Alloc>& __x, const deque<_Tp, _Alloc>& __y)
[12.907s]       |     [01;36m[K^~~~~~~~[m[K
[12.908s] [01m[K/usr/include/c++/11/bits/stl_deque.h:2292:5:[m[K [01;36m[Knote: [m[K  template argument deduction/substitution failed:
[12.909s] [01m[K/home/boat/Desktop/src/boat_control_system_final/src/WaypointQueueNode.cpp:74:15:[m[K [01;36m[Knote: [m[K  ‘[01m[Kconst SharedPtr[m[K’ {aka ‘[01m[Kconst std::shared_ptr<std_msgs::msg::Int16_<std::allocator<void> > >[m[K’} is not derived from ‘[01m[Kconst std::deque<_Tp, _Alloc>[m[K’
[12.910s]    74 |     if(msg != [01;36m[K1[m[K)
[12.910s]       |               [01;36m[K^[m[K
[12.911s] In file included from [01m[K/usr/include/c++/11/mutex:42[m[K,
[12.911s]                  from [01m[K/usr/include/c++/11/future:38[m[K,
[12.912s]                  from [01m[K/opt/ros/humble/include/rclcpp/rclcpp/executors.hpp:18[m[K,
[12.912s]                  from [01m[K/opt/ros/humble/include/rclcpp/rclcpp/rclcpp.hpp:155[m[K,
[12.913s]                  from [01m[K/home/boat/Desktop/src/boat_control_system_final/include/boat_control_system_final/WaypointQueueNode.hpp:4[m[K,
[12.913s]                  from [01m[K/home/boat/Desktop/src/boat_control_system_final/src/WaypointQueueNode.cpp:2[m[K:
[12.914s] [01m[K/usr/include/c++/11/system_error:416:3:[m[K [01;36m[Knote: [m[Kcandidate: ‘[01m[Kbool std::operator!=(const std::error_code&, const std::error_code&)[m[K’
[12.914s]   416 |   [01;36m[Koperator[m[K!=(const error_code& __lhs, const error_code& __rhs) noexcept
[12.915s]       |   [01;36m[K^~~~~~~~[m[K
[12.915s] [01m[K/usr/include/c++/11/system_error:416:32:[m[K [01;36m[Knote: [m[K  no known conversion for argument 1 from ‘[01m[Kconst SharedPtr[m[K’ {aka ‘[01m[Kconst std::shared_ptr<std_msgs::msg::Int16_<std::allocator<void> > >[m[K’} to ‘[01m[Kconst std::error_code&[m[K’
[12.916s]   416 |   operator!=([01;36m[Kconst error_code& __lhs[m[K, const error_code& __rhs) noexcept
[12.917s]       |              [01;36m[K~~~~~~~~~~~~~~~~~~^~~~~[m[K
[12.917s] [01m[K/usr/include/c++/11/system_error:421:3:[m[K [01;36m[Knote: [m[Kcandidate: ‘[01m[Kbool std::operator!=(const std::error_code&, const std::error_condition&)[m[K’
[12.918s]   421 |   [01;36m[Koperator[m[K!=(const error_code& __lhs, const error_condition& __rhs) noexcept
[12.919s]       |   [01;36m[K^~~~~~~~[m[K
[12.920s] [01m[K/usr/include/c++/11/system_error:421:32:[m[K [01;36m[Knote: [m[K  no known conversion for argument 1 from ‘[01m[Kconst SharedPtr[m[K’ {aka ‘[01m[Kconst std::shared_ptr<std_msgs::msg::Int16_<std::allocator<void> > >[m[K’} to ‘[01m[Kconst std::error_code&[m[K’
[12.921s]   421 |   operator!=([01;36m[Kconst error_code& __lhs[m[K, const error_condition& __rhs) noexcept
[12.921s]       |              [01;36m[K~~~~~~~~~~~~~~~~~~^~~~~[m[K
[12.922s] [01m[K/usr/include/c++/11/system_error:426:3:[m[K [01;36m[Knote: [m[Kcandidate: ‘[01m[Kbool std::operator!=(const std::error_condition&, const std::error_code&)[m[K’
[12.922s]   426 |   [01;36m[Koperator[m[K!=(const error_condition& __lhs, const error_code& __rhs) noexcept
[12.923s]       |   [01;36m[K^~~~~~~~[m[K
[12.923s] [01m[K/usr/include/c++/11/system_error:426:37:[m[K [01;36m[Knote: [m[K  no known conversion for argument 1 from ‘[01m[Kconst SharedPtr[m[K’ {aka ‘[01m[Kconst std::shared_ptr<std_msgs::msg::Int16_<std::allocator<void> > >[m[K’} to ‘[01m[Kconst std::error_condition&[m[K’
[12.924s]   426 |   operator!=([01;36m[Kconst error_condition& __lhs[m[K, const error_code& __rhs) noexcept
[12.924s]       |              [01;36m[K~~~~~~~~~~~~~~~~~~~~~~~^~~~~[m[K
[12.925s] [01m[K/usr/include/c++/11/system_error:431:3:[m[K [01;36m[Knote: [m[Kcandidate: ‘[01m[Kbool std::operator!=(const std::error_condition&, const std::error_condition&)[m[K’
[12.925s]   431 |   [01;36m[Koperator[m[K!=(const error_condition& __lhs,
[12.926s]       |   [01;36m[K^~~~~~~~[m[K
[12.926s] [01m[K/usr/include/c++/11/system_error:431:37:[m[K [01;36m[Knote: [m[K  no known conversion for argument 1 from ‘[01m[Kconst SharedPtr[m[K’ {aka ‘[01m[Kconst std::shared_ptr<std_msgs::msg::Int16_<std::allocator<void> > >[m[K’} to ‘[01m[Kconst std::error_condition&[m[K’
[12.927s]   431 |   operator!=([01;36m[Kconst error_condition& __lhs[m[K,
[12.927s]       |              [01;36m[K~~~~~~~~~~~~~~~~~~~~~~~^~~~~[m[K
[12.928s] In file included from [01m[K/opt/ros/humble/include/rclcpp/rclcpp/executors/multi_threaded_executor.hpp:22[m[K,
[12.928s]                  from [01m[K/opt/ros/humble/include/rclcpp/rclcpp/executors.hpp:21[m[K,
[12.929s]                  from [01m[K/opt/ros/humble/include/rclcpp/rclcpp/rclcpp.hpp:155[m[K,
[12.929s]                  from [01m[K/home/boat/Desktop/src/boat_control_system_final/include/boat_control_system_final/WaypointQueueNode.hpp:4[m[K,
[12.930s]                  from [01m[K/home/boat/Desktop/src/boat_control_system_final/src/WaypointQueueNode.cpp:2[m[K:
[12.930s] [01m[K/usr/include/c++/11/thread:66:3:[m[K [01;36m[Knote: [m[Kcandidate: ‘[01m[Kbool std::operator!=(std::thread::id, std::thread::id)[m[K’
[12.931s]    66 |   [01;36m[Koperator[m[K!=(thread::id __x, thread::id __y) noexcept
[12.931s]       |   [01;36m[K^~~~~~~~[m[K
[12.932s] [01m[K/usr/include/c++/11/thread:66:25:[m[K [01;36m[Knote: [m[K  no known conversion for argument 1 from ‘[01m[Kconst SharedPtr[m[K’ {aka ‘[01m[Kconst std::shared_ptr<std_msgs::msg::Int16_<std::allocator<void> > >[m[K’} to ‘[01m[Kstd::thread::id[m[K’
[12.933s]    66 |   operator!=([01;36m[Kthread::id __x[m[K, thread::id __y) noexcept
[12.933s]       |              [01;36m[K~~~~~~~~~~~^~~[m[K
[12.934s] In file included from [01m[K/opt/ros/humble/include/rclcpp/rclcpp/client.hpp:28[m[K,
[12.934s]                  from [01m[K/opt/ros/humble/include/rclcpp/rclcpp/callback_group.hpp:24[m[K,
[12.935s]                  from [01m[K/opt/ros/humble/include/rclcpp/rclcpp/any_executable.hpp:20[m[K,
[12.936s]                  from [01m[K/opt/ros/humble/include/rclcpp/rclcpp/memory_strategy.hpp:25[m[K,
[12.936s]                  from [01m[K/opt/ros/humble/include/rclcpp/rclcpp/memory_strategies.hpp:18[m[K,
[12.937s]                  from [01m[K/opt/ros/humble/include/rclcpp/rclcpp/executor_options.hpp:20[m[K,
[12.937s]                  from [01m[K/opt/ros/humble/include/rclcpp/rclcpp/executor.hpp:37[m[K,
[12.938s]                  from [01m[K/opt/ros/humble/include/rclcpp/rclcpp/executors/multi_threaded_executor.hpp:25[m[K,
[12.938s]                  from [01m[K/opt/ros/humble/include/rclcpp/rclcpp/executors.hpp:21[m[K,
[12.939s]                  from [01m[K/opt/ros/humble/include/rclcpp/rclcpp/rclcpp.hpp:155[m[K,
[12.939s]                  from [01m[K/home/boat/Desktop/src/boat_control_system_final/include/boat_control_system_final/WaypointQueueNode.hpp:4[m[K,
[12.940s]                  from [01m[K/home/boat/Desktop/src/boat_control_system_final/src/WaypointQueueNode.cpp:2[m[K:
[12.940s] [01m[K/usr/include/c++/11/variant:1271:18:[m[K [01;36m[Knote: [m[Kcandidate: ‘[01m[Kconstexpr bool std::operator!=(std::monostate, std::monostate)[m[K’
[12.941s]  1271 |   constexpr bool [01;36m[Koperator[m[K!=(monostate, monostate) noexcept { return false; }
[12.941s]       |                  [01;36m[K^~~~~~~~[m[K
[12.942s] [01m[K/usr/include/c++/11/variant:1271:29:[m[K [01;36m[Knote: [m[K  no known conversion for argument 1 from ‘[01m[Kconst SharedPtr[m[K’ {aka ‘[01m[Kconst std::shared_ptr<std_msgs::msg::Int16_<std::allocator<void> > >[m[K’} to ‘[01m[Kstd::monostate[m[K’
[12.942s]  1271 |   constexpr bool operator!=([01;36m[Kmonostate[m[K, monostate) noexcept { return false; }
[12.943s]       |                             [01;36m[K^~~~~~~~~[m[K
[12.943s] [01m[K/home/boat/Desktop/src/boat_control_system_final/src/WaypointQueueNode.cpp:[m[K At global scope:
[12.944s] [01m[K/home/boat/Desktop/src/boat_control_system_final/src/WaypointQueueNode.cpp:81:65:[m[K [01;31m[Kerror: [m[K‘[01m[KBool[m[K’ in namespace ‘[01m[Kstd_msgs::msg[m[K’ does not name a type
[12.945s]    81 | void WaypointQueueNode::executing_callback(const std_msgs::msg::[01;31m[KBool[m[K::SharedPtr msg)
[12.945s]       |                                                                 [01;31m[K^~~~[m[K
[12.946s] [01m[K/home/boat/Desktop/src/boat_control_system_final/src/WaypointQueueNode.cpp:81:81:[m[K [01;31m[Kerror: [m[Kexpected unqualified-id before ‘[01m[Kmsg[m[K’
[12.946s]    81 | void WaypointQueueNode::executing_callback(const std_msgs::msg::Bool::SharedPtr [01;31m[Kmsg[m[K)
[12.947s]       |                                                                                 [01;31m[K^~~[m[K
[12.947s] [01m[K/home/boat/Desktop/src/boat_control_system_final/src/WaypointQueueNode.cpp:81:80:[m[K [01;31m[Kerror: [m[Kexpected ‘[01m[K)[m[K’ before ‘[01m[Kmsg[m[K’
[12.948s]    81 | void WaypointQueueNode::executing_callback[34m[K([m[Kconst std_msgs::msg::Bool::SharedPtr[01;31m[K [m[K[32m[Kmsg[m[K)
[12.948s]       |                                           [34m[K~[m[K                                    [01;31m[K^[m[K[32m[K~~~[m[K
[12.949s]       |                                                                                [32m[K)[m[K
[12.949s] [01m[K/home/boat/Desktop/src/boat_control_system_final/src/WaypointQueueNode.cpp:81:81:[m[K [01;31m[Kerror: [m[Kexpected initializer before ‘[01m[Kmsg[m[K’
[12.950s]    81 | void WaypointQueueNode::executing_callback(const std_msgs::msg::Bool::SharedPtr [01;31m[Kmsg[m[K)
[12.950s]       |                                                                                 [01;31m[K^~~[m[K
[25.770s] gmake[2]: *** [CMakeFiles/WaypointQueueNode.dir/build.make:76: CMakeFiles/WaypointQueueNode.dir/src/WaypointQueueNode.cpp.o] Error 1
[25.771s] gmake[1]: *** [CMakeFiles/Makefile2:139: CMakeFiles/WaypointQueueNode.dir/all] Error 2
[25.772s] gmake: *** [Makefile:146: all] Error 2
[25.779s] Invoked command in '/home/boat/Desktop/src/boat_control_system_final/build/boat_control_system_final' returned '2': CMAKE_PREFIX_PATH=/opt/ros/humble /usr/bin/cmake --build /home/boat/Desktop/src/boat_control_system_final/build/boat_control_system_final -- -j4 -l4
