In file included from [01m[K/opt/ros/humble/include/rclcpp/rclcpp/logging.hpp:24[m[K,
                 from [01m[K/opt/ros/humble/include/rclcpp/rclcpp/client.hpp:40[m[K,
                 from [01m[K/opt/ros/humble/include/rclcpp/rclcpp/callback_group.hpp:24[m[K,
                 from [01m[K/opt/ros/humble/include/rclcpp/rclcpp/any_executable.hpp:20[m[K,
                 from [01m[K/opt/ros/humble/include/rclcpp/rclcpp/memory_strategy.hpp:25[m[K,
                 from [01m[K/opt/ros/humble/include/rclcpp/rclcpp/memory_strategies.hpp:18[m[K,
                 from [01m[K/opt/ros/humble/include/rclcpp/rclcpp/executor_options.hpp:20[m[K,
                 from [01m[K/opt/ros/humble/include/rclcpp/rclcpp/executor.hpp:37[m[K,
                 from [01m[K/opt/ros/humble/include/rclcpp/rclcpp/executors/multi_threaded_executor.hpp:25[m[K,
                 from [01m[K/opt/ros/humble/include/rclcpp/rclcpp/executors.hpp:21[m[K,
                 from [01m[K/opt/ros/humble/include/rclcpp/rclcpp/rclcpp.hpp:155[m[K,
                 from [01m[K/home/boat/Desktop/src/boat_control_system_final/include/boat_control_system_final/SailServoControlNode.hpp:9[m[K,
                 from [01m[K/home/boat/Desktop/src/boat_control_system_final/src/SailServoControlNode.cpp:13[m[K:
[01m[K/home/boat/Desktop/src/boat_control_system_final/src/SailServoControlNode.cpp:[m[K In member function ‘[01m[Kvoid SailServoControlNode::windCallback(std_msgs::msg::Float32_<std::allocator<void> >::SharedPtr)[m[K’:
[01m[K/home/boat/Desktop/src/boat_control_system_final/src/SailServoControlNode.cpp:51:98:[m[K [01;31m[Kerror: [m[K‘[01m[Kconst SharedPtr[m[K’ {aka ‘[01m[Kconst class std::shared_ptr<std_msgs::msg::Float32_<std::allocator<void> > >[m[K’} has no member named ‘[01m[Kdata[m[K’
   51 |     RCLCPP_INFO(this->get_logger(), "Wind data received. Setting sail servo to angle: %.2f", msg.[01;31m[Kdata[m[K);
      |                                                                                                  [01;31m[K^~~~[m[K
[01m[K/home/boat/Desktop/src/boat_control_system_final/src/SailServoControlNode.cpp:[m[K At global scope:
[01m[K/home/boat/Desktop/src/boat_control_system_final/src/SailServoControlNode.cpp:128:7:[m[K [01;31m[Kerror: [m[Kno declaration matches ‘[01m[Kfloat SailServoControlNode::interpolateSailPosition(float, const SailData&, const SailData&)[m[K’
  128 | float [01;31m[KSailServoControlNode[m[K::interpolateSailPosition(float windAngle, const SailData& lower, const SailData& upper)
      |       [01;31m[K^~~~~~~~~~~~~~~~~~~~[m[K
In file included from [01m[K/home/boat/Desktop/src/boat_control_system_final/src/SailServoControlNode.cpp:13[m[K:
[01m[K/home/boat/Desktop/src/boat_control_system_final/include/boat_control_system_final/SailServoControlNode.hpp:29:9:[m[K [01;36m[Knote: [m[Kcandidate is: ‘[01m[Kint SailServoControlNode::interpolateSailPosition(int, const SailData&, const SailData&)[m[K’
   29 |     int [01;36m[KinterpolateSailPosition[m[K(int windAngle, const SailData& lower, const SailData& upper);
      |         [01;36m[K^~~~~~~~~~~~~~~~~~~~~~~[m[K
[01m[K/home/boat/Desktop/src/boat_control_system_final/include/boat_control_system_final/SailServoControlNode.hpp:20:7:[m[K [01;36m[Knote: [m[K‘[01m[Kclass SailServoControlNode[m[K’ defined here
   20 | class [01;36m[KSailServoControlNode[m[K : public rclcpp::Node {
      |       [01;36m[K^~~~~~~~~~~~~~~~~~~~[m[K
[01m[K/home/boat/Desktop/src/boat_control_system_final/src/SailServoControlNode.cpp:136:7:[m[K [01;31m[Kerror: [m[Kno declaration matches ‘[01m[Kfloat SailServoControlNode::getOptimalSailPosition(float)[m[K’
  136 | float [01;31m[KSailServoControlNode[m[K::getOptimalSailPosition(float windAngle)
      |       [01;31m[K^~~~~~~~~~~~~~~~~~~~[m[K
In file included from [01m[K/home/boat/Desktop/src/boat_control_system_final/src/SailServoControlNode.cpp:13[m[K:
[01m[K/home/boat/Desktop/src/boat_control_system_final/include/boat_control_system_final/SailServoControlNode.hpp:30:9:[m[K [01;36m[Knote: [m[Kcandidate is: ‘[01m[Kint SailServoControlNode::getOptimalSailPosition(int)[m[K’
   30 |     int [01;36m[KgetOptimalSailPosition[m[K(int windAngle);
      |         [01;36m[K^~~~~~~~~~~~~~~~~~~~~~[m[K
[01m[K/home/boat/Desktop/src/boat_control_system_final/include/boat_control_system_final/SailServoControlNode.hpp:20:7:[m[K [01;36m[Knote: [m[K‘[01m[Kclass SailServoControlNode[m[K’ defined here
   20 | class [01;36m[KSailServoControlNode[m[K : public rclcpp::Node {
      |       [01;36m[K^~~~~~~~~~~~~~~~~~~~[m[K
gmake[2]: *** [CMakeFiles/SailServoControlNodeLib.dir/build.make:76: CMakeFiles/SailServoControlNodeLib.dir/src/SailServoControlNode.cpp.o] Error 1
gmake[1]: *** [CMakeFiles/Makefile2:369: CMakeFiles/SailServoControlNodeLib.dir/all] Error 2
gmake: *** [Makefile:146: all] Error 2
