[0.067s] Invoking command in '/home/boat/Desktop/src/boat_control_system_final/build/boat_control_system_final': CMAKE_PREFIX_PATH=/opt/ros/humble /usr/bin/cmake --build /home/boat/Desktop/src/boat_control_system_final/build/boat_control_system_final -- -j4 -l4
[0.349s] [ 16%] Built target WaypointQueue
[0.355s] [ 33%] Built target CoordinateCalculations
[0.447s] [35m[1mConsolidate compiler generated dependencies of target RudderServoControlNode[0m
[0.483s] [ 50%] Built target WaypointQueueNode
[0.504s] [ 66%] Built target CoordinateCalculationsNodeLib
[0.551s] [ 75%] [32mBuilding CXX object CMakeFiles/RudderServoControlNode.dir/src/RudderServoControlNode.cpp.o[0m
[0.646s] [ 91%] Built target CoordinateCalculationsNodeExec
[12.548s] [01m[K/home/boat/Desktop/src/boat_control_system_final/src/RudderServoControlNode.cpp:[m[K In constructor ‘[01m[KRudderServoControlNode::RudderServoControlNode()[m[K’:
[12.549s] [01m[K/home/boat/Desktop/src/boat_control_system_final/src/RudderServoControlNode.cpp:46:5:[m[K [01;31m[Kerror: [m[K‘[01m[Kwind_subscriber_[m[K’ was not declared in this scope; did you mean ‘[01m[Kgps_subscriber_[m[K’?
[12.549s]    46 |     [01;31m[Kwind_subscriber_[m[K = this->create_subscription<std_msgs::msg::Float32>(
[12.550s]       |     [01;31m[K^~~~~~~~~~~~~~~~[m[K
[12.550s]       |     [32m[Kgps_subscriber_[m[K
[12.551s] [01m[K/home/boat/Desktop/src/boat_control_system_final/src/RudderServoControlNode.cpp:49:48:[m[K [01;31m[Kerror: [m[K‘[01m[Kvoid CoordinateCalculationsNode::windCallback(std_msgs::msg::Float32_<std::allocator<void> >::SharedPtr)[m[K’ is private within this context
[12.551s]    49 |         std::bind(&CoordinateCalculationsNode::[01;31m[KwindCallback[m[K, this, std::placeholders::_1));
[12.552s]       |                                                [01;31m[K^~~~~~~~~~~~[m[K
[12.552s] In file included from [01m[K/home/boat/Desktop/src/boat_control_system_final/include/boat_control_system_final/Coordinate_Calculations.h:12[m[K,
[12.553s]                  from [01m[K/home/boat/Desktop/src/boat_control_system_final/src/RudderServoControlNode.cpp:17[m[K:
[12.553s] [01m[K/home/boat/Desktop/src/boat_control_system_final/include/boat_control_system_final/CoordinateCalculationsNode.hpp:73:10:[m[K [01;36m[Knote: [m[Kdeclared private here
[12.554s]    73 |     void [01;36m[KwindCallback[m[K(const std_msgs::msg::Float32::SharedPtr msg);
[12.554s]       |          [01;36m[K^~~~~~~~~~~~[m[K
[12.665s] [01m[K/home/boat/Desktop/src/boat_control_system_final/src/RudderServoControlNode.cpp:[m[K In member function ‘[01m[Kvoid RudderServoControlNode::turnBoat(sensor_msgs::msg::NavSatFix)[m[K’:
[12.666s] [01m[K/home/boat/Desktop/src/boat_control_system_final/src/RudderServoControlNode.cpp:132:95:[m[K [01;31m[Kerror: [m[K‘[01m[Kget_curr_pos[m[K’ was not declared in this scope
[12.667s]   132 |         float desired_angle_heading = CoordinateCalculations::getInstance().calculate_bearing([01;31m[Kget_curr_pos[m[K(),target_position)
[12.667s]       |                                                                                               [01;31m[K^~~~~~~~~~~~[m[K
[12.668s] [01m[K/home/boat/Desktop/src/boat_control_system_final/src/RudderServoControlNode.cpp:143:11:[m[K [01;31m[Kerror: [m[K‘[01m[Kelse[m[K’ without a previous ‘[01m[Kif[m[K’
[12.668s]   143 |         } [01;31m[Kelse[m[K if (turn_angle > 5.0f)
[12.669s]       |           [01;31m[K^~~~[m[K
[12.715s] [01m[K/home/boat/Desktop/src/boat_control_system_final/src/RudderServoControlNode.cpp:157:33:[m[K [01;31m[Kerror: [m[K‘[01m[Kget_magnetometer_heading[m[K’ was not declared in this scope
[12.716s]   157 |         float current_heading = [01;31m[Kget_magnetometer_heading[m[K();
[12.717s]       |                                 [01;31m[K^~~~~~~~~~~~~~~~~~~~~~~~[m[K
[12.747s] [01m[K/home/boat/Desktop/src/boat_control_system_final/src/RudderServoControlNode.cpp:[m[K In member function ‘[01m[Kvoid RudderServoControlNode::executeWaypoints()[m[K’:
[12.748s] [01m[K/home/boat/Desktop/src/boat_control_system_final/src/RudderServoControlNode.cpp:176:57:[m[K [01;31m[Kerror: [m[K‘[01m[Kget_curr_pos[m[K’ was not declared in this scope
[12.748s]   176 |             sensor_msgs::msg::NavSatFix curr_position = [01;31m[Kget_curr_pos[m[K();
[12.749s]       |                                                         [01;31m[K^~~~~~~~~~~~[m[K
[12.780s] [01m[K/home/boat/Desktop/src/boat_control_system_final/src/RudderServoControlNode.cpp:179:32:[m[K [01;31m[Kerror: [m[K‘[01m[Kget_wind_angle[m[K’ was not declared in this scope
[12.781s]   179 |                 setRudderServo([01;31m[Kget_wind_angle[m[K());  // Set rudder to idle if near the destination
[12.782s]       |                                [01;31m[K^~~~~~~~~~~~~~[m[K
[12.809s] [01m[K/home/boat/Desktop/src/boat_control_system_final/src/RudderServoControlNode.cpp:194:38:[m[K [01;31m[Kerror: [m[K‘[01m[Kget_curr_pos[m[K’ was not declared in this scope
[12.810s]   194 |             while (calculateDistance([01;31m[Kget_curr_pos[m[K(), next_waypoint) > 0.05)
[12.810s]       |                                      [01;31m[K^~~~~~~~~~~~[m[K
[15.296s] In file included from [01m[K/opt/ros/humble/include/rclcpp/rclcpp/subscription_base.hpp:32[m[K,
[15.297s]                  from [01m[K/opt/ros/humble/include/rclcpp/rclcpp/callback_group.hpp:29[m[K,
[15.298s]                  from [01m[K/opt/ros/humble/include/rclcpp/rclcpp/any_executable.hpp:20[m[K,
[15.299s]                  from [01m[K/opt/ros/humble/include/rclcpp/rclcpp/memory_strategy.hpp:25[m[K,
[15.300s]                  from [01m[K/opt/ros/humble/include/rclcpp/rclcpp/memory_strategies.hpp:18[m[K,
[15.300s]                  from [01m[K/opt/ros/humble/include/rclcpp/rclcpp/executor_options.hpp:20[m[K,
[15.301s]                  from [01m[K/opt/ros/humble/include/rclcpp/rclcpp/executor.hpp:37[m[K,
[15.301s]                  from [01m[K/opt/ros/humble/include/rclcpp/rclcpp/executors/multi_threaded_executor.hpp:25[m[K,
[15.301s]                  from [01m[K/opt/ros/humble/include/rclcpp/rclcpp/executors.hpp:21[m[K,
[15.302s]                  from [01m[K/opt/ros/humble/include/rclcpp/rclcpp/rclcpp.hpp:155[m[K,
[15.302s]                  from [01m[K/home/boat/Desktop/src/boat_control_system_final/include/boat_control_system_final/RudderServoControlNode.hpp:9[m[K,
[15.302s]                  from [01m[K/home/boat/Desktop/src/boat_control_system_final/src/RudderServoControlNode.cpp:16[m[K:
[15.303s] /opt/ros/humble/include/rclcpp/rclcpp/any_subscription_callback.hpp: In instantiation of ‘[01m[Krclcpp::AnySubscriptionCallback<MessageT, AllocatorT> rclcpp::AnySubscriptionCallback<MessageT, AllocatorT>::set(CallbackT) [with CallbackT = std::_Bind<void (CoordinateCalculationsNode::*(RudderServoControlNode*, std::_Placeholder<1>))(std::shared_ptr<std_msgs::msg::Float32_<std::allocator<void> > >)>; MessageT = std_msgs::msg::Float32_<std::allocator<void> >; AllocatorT = std::allocator<void>][m[K’:
[15.303s] [01m[K/opt/ros/humble/include/rclcpp/rclcpp/subscription_factory.hpp:94:32:[m[K   required from ‘[01m[Krclcpp::SubscriptionFactory rclcpp::create_subscription_factory(CallbackT&&, const rclcpp::SubscriptionOptionsWithAllocator<AllocatorT>&, typename MessageMemoryStrategyT::SharedPtr, std::shared_ptr<rclcpp::topic_statistics::SubscriptionTopicStatistics<ROSMessageType> >) [with MessageT = std_msgs::msg::Float32_<std::allocator<void> >; CallbackT = std::_Bind<void (CoordinateCalculationsNode::*(RudderServoControlNode*, std::_Placeholder<1>))(std::shared_ptr<std_msgs::msg::Float32_<std::allocator<void> > >)>; AllocatorT = std::allocator<void>; SubscriptionT = rclcpp::Subscription<std_msgs::msg::Float32_<std::allocator<void> > >; MessageMemoryStrategyT = rclcpp::message_memory_strategy::MessageMemoryStrategy<std_msgs::msg::Float32_<std::allocator<void> >, std::allocator<void> >; ROSMessageType = std_msgs::msg::Float32_<std::allocator<void> >; typename MessageMemoryStrategyT::SharedPtr = std::shared_ptr<rclcpp::message_memory_strategy::MessageMemoryStrategy<std_msgs::msg::Float32_<std::allocator<void> >, std::allocator<void> > >][m[K’
[15.303s] [01m[K/opt/ros/humble/include/rclcpp/rclcpp/create_subscription.hpp:122:63:[m[K   required from ‘[01m[Kstd::shared_ptr<ROSMessageT> rclcpp::detail::create_subscription(NodeParametersT&, NodeTopicsT&, const string&, const rclcpp::QoS&, CallbackT&&, const rclcpp::SubscriptionOptionsWithAllocator<AllocatorT>&, typename MessageMemoryStrategyT::SharedPtr) [with MessageT = std_msgs::msg::Float32_<std::allocator<void> >; CallbackT = std::_Bind<void (CoordinateCalculationsNode::*(RudderServoControlNode*, std::_Placeholder<1>))(std::shared_ptr<std_msgs::msg::Float32_<std::allocator<void> > >)>; AllocatorT = std::allocator<void>; SubscriptionT = rclcpp::Subscription<std_msgs::msg::Float32_<std::allocator<void> > >; MessageMemoryStrategyT = rclcpp::message_memory_strategy::MessageMemoryStrategy<std_msgs::msg::Float32_<std::allocator<void> >, std::allocator<void> >; NodeParametersT = rclcpp::Node; NodeTopicsT = rclcpp::Node; ROSMessageType = std_msgs::msg::Float32_<std::allocator<void> >; std::string = std::__cxx11::basic_string<char>; typename MessageMemoryStrategyT::SharedPtr = std::shared_ptr<rclcpp::message_memory_strategy::MessageMemoryStrategy<std_msgs::msg::Float32_<std::allocator<void> >, std::allocator<void> > >][m[K’
[15.304s] [01m[K/opt/ros/humble/include/rclcpp/rclcpp/create_subscription.hpp:191:76:[m[K   required from ‘[01m[Kstd::shared_ptr<ROSMessageT> rclcpp::create_subscription(NodeT&, const string&, const rclcpp::QoS&, CallbackT&&, const rclcpp::SubscriptionOptionsWithAllocator<AllocatorT>&, typename MessageMemoryStrategyT::SharedPtr) [with MessageT = std_msgs::msg::Float32_<std::allocator<void> >; CallbackT = std::_Bind<void (CoordinateCalculationsNode::*(RudderServoControlNode*, std::_Placeholder<1>))(std::shared_ptr<std_msgs::msg::Float32_<std::allocator<void> > >)>; AllocatorT = std::allocator<void>; SubscriptionT = rclcpp::Subscription<std_msgs::msg::Float32_<std::allocator<void> > >; MessageMemoryStrategyT = rclcpp::message_memory_strategy::MessageMemoryStrategy<std_msgs::msg::Float32_<std::allocator<void> >, std::allocator<void> >; NodeT = rclcpp::Node; std::string = std::__cxx11::basic_string<char>; typename MessageMemoryStrategyT::SharedPtr = std::shared_ptr<rclcpp::message_memory_strategy::MessageMemoryStrategy<std_msgs::msg::Float32_<std::allocator<void> >, std::allocator<void> > >][m[K’
[15.304s] [01m[K/opt/ros/humble/include/rclcpp/rclcpp/node_impl.hpp:99:47:[m[K   required from ‘[01m[Kstd::shared_ptr<ROSMessageT> rclcpp::Node::create_subscription(const string&, const rclcpp::QoS&, CallbackT&&, const rclcpp::SubscriptionOptionsWithAllocator<AllocatorT>&, typename MessageMemoryStrategyT::SharedPtr) [with MessageT = std_msgs::msg::Float32_<std::allocator<void> >; CallbackT = std::_Bind<void (CoordinateCalculationsNode::*(RudderServoControlNode*, std::_Placeholder<1>))(std::shared_ptr<std_msgs::msg::Float32_<std::allocator<void> > >)>; AllocatorT = std::allocator<void>; SubscriptionT = rclcpp::Subscription<std_msgs::msg::Float32_<std::allocator<void> > >; MessageMemoryStrategyT = rclcpp::message_memory_strategy::MessageMemoryStrategy<std_msgs::msg::Float32_<std::allocator<void> >, std::allocator<void> >; std::string = std::__cxx11::basic_string<char>; typename MessageMemoryStrategyT::SharedPtr = std::shared_ptr<rclcpp::message_memory_strategy::MessageMemoryStrategy<std_msgs::msg::Float32_<std::allocator<void> >, std::allocator<void> > >][m[K’
[15.305s] [01m[K/home/boat/Desktop/src/boat_control_system_final/src/RudderServoControlNode.cpp:46:73:[m[K   required from here
[15.306s] [01m[K/opt/ros/humble/include/rclcpp/rclcpp/any_subscription_callback.hpp:391:22:[m[K [01;31m[Kerror: [m[Kno matching function for call to ‘[01m[Kstd::function<void(std::shared_ptr<std_msgs::msg::Float32_<std::allocator<void> > >)>::function(std::_Bind<void (CoordinateCalculationsNode::*(RudderServoControlNode*, std::_Placeholder<1>))(std::shared_ptr<std_msgs::msg::Float32_<std::allocator<void> > >)>&)[m[K’
[15.306s]   391 |       set_deprecated([01;31m[Kstatic_cast<typename scbth::callback_type>(callback)[m[K);
[15.307s]       |                      [01;31m[K^~~~~~~~~~~~~~~~~~~~~~~~~~~~~~~~~~~~~~~~~~~~~~~~~~~~[m[K
[15.310s] In file included from [01m[K/usr/include/c++/11/functional:59[m[K,
[15.311s]                  from [01m[K/usr/include/c++/11/pstl/glue_algorithm_defs.h:13[m[K,
[15.311s]                  from [01m[K/usr/include/c++/11/algorithm:74[m[K,
[15.312s]                  from [01m[K/opt/ros/humble/include/std_msgs/std_msgs/msg/detail/string__struct.hpp:8[m[K,
[15.312s]                  from [01m[K/opt/ros/humble/include/std_msgs/std_msgs/msg/string.hpp:7[m[K,
[15.313s]                  from [01m[K/home/boat/Desktop/src/boat_control_system_final/src/RudderServoControlNode.cpp:6[m[K:
[15.313s] [01m[K/usr/include/c++/11/bits/std_function.h:435:9:[m[K [01;36m[Knote: [m[Kcandidate: ‘[01m[Ktemplate<class _Functor, class _Constraints> std::function<_Res(_ArgTypes ...)>::function(_Functor&&) [with _Functor = _Functor; _Constraints = _Constraints; _Res = void; _ArgTypes = {std::shared_ptr<std_msgs::msg::Float32_<std::allocator<void> > >}][m[K’
[15.314s]   435 |         [01;36m[Kfunction[m[K(_Functor&& __f)
[15.315s]       |         [01;36m[K^~~~~~~~[m[K
[15.315s] [01m[K/usr/include/c++/11/bits/std_function.h:435:9:[m[K [01;36m[Knote: [m[K  template argument deduction/substitution failed:
[15.316s] In file included from [01m[K/usr/include/c++/11/bits/move.h:57[m[K,
[15.316s]                  from [01m[K/usr/include/c++/11/bits/stl_pair.h:59[m[K,
[15.317s]                  from [01m[K/usr/include/c++/11/utility:70[m[K,
[15.317s]                  from [01m[K/usr/include/c++/11/algorithm:60[m[K,
[15.318s]                  from [01m[K/opt/ros/humble/include/std_msgs/std_msgs/msg/detail/string__struct.hpp:8[m[K,
[15.318s]                  from [01m[K/opt/ros/humble/include/std_msgs/std_msgs/msg/string.hpp:7[m[K,
[15.319s]                  from [01m[K/home/boat/Desktop/src/boat_control_system_final/src/RudderServoControlNode.cpp:6[m[K:
[15.319s] /usr/include/c++/11/type_traits: In substitution of ‘[01m[Ktemplate<bool _Cond, class _Tp> using __enable_if_t = typename std::enable_if::type [with bool _Cond = false; _Tp = void][m[K’:
[15.320s] [01m[K/usr/include/c++/11/bits/std_function.h:353:8:[m[K   required by substitution of ‘[01m[Ktemplate<class _Res, class ... _ArgTypes> template<class _Cond, class _Tp> using _Requires = std::__enable_if_t<_Cond::value, _Tp> [with _Cond = std::function<void(std::shared_ptr<std_msgs::msg::Float32_<std::allocator<void> > >)>::_Callable<std::_Bind<void (CoordinateCalculationsNode::*(RudderServoControlNode*, std::_Placeholder<1>))(std::shared_ptr<std_msgs::msg::Float32_<std::allocator<void> > >)>&, std::_Bind<void (CoordinateCalculationsNode::*(RudderServoControlNode*, std::_Placeholder<1>))(std::shared_ptr<std_msgs::msg::Float32_<std::allocator<void> > >)>, std::__invoke_result<std::_Bind<void (CoordinateCalculationsNode::*(RudderServoControlNode*, std::_Placeholder<1>))(std::shared_ptr<std_msgs::msg::Float32_<std::allocator<void> > >)>&, std::shared_ptr<std_msgs::msg::Float32_<std::allocator<void> > > > >; _Tp = void; _Res = void; _ArgTypes = {std::shared_ptr<std_msgs::msg::Float32_<std::allocator<void> > >}][m[K’
[15.320s] [01m[K/usr/include/c++/11/bits/std_function.h:434:9:[m[K   required from ‘[01m[Krclcpp::AnySubscriptionCallback<MessageT, AllocatorT> rclcpp::AnySubscriptionCallback<MessageT, AllocatorT>::set(CallbackT) [with CallbackT = std::_Bind<void (CoordinateCalculationsNode::*(RudderServoControlNode*, std::_Placeholder<1>))(std::shared_ptr<std_msgs::msg::Float32_<std::allocator<void> > >)>; MessageT = std_msgs::msg::Float32_<std::allocator<void> >; AllocatorT = std::allocator<void>][m[K’
[15.321s] [01m[K/opt/ros/humble/include/rclcpp/rclcpp/subscription_factory.hpp:94:32:[m[K   required from ‘[01m[Krclcpp::SubscriptionFactory rclcpp::create_subscription_factory(CallbackT&&, const rclcpp::SubscriptionOptionsWithAllocator<AllocatorT>&, typename MessageMemoryStrategyT::SharedPtr, std::shared_ptr<rclcpp::topic_statistics::SubscriptionTopicStatistics<ROSMessageType> >) [with MessageT = std_msgs::msg::Float32_<std::allocator<void> >; CallbackT = std::_Bind<void (CoordinateCalculationsNode::*(RudderServoControlNode*, std::_Placeholder<1>))(std::shared_ptr<std_msgs::msg::Float32_<std::allocator<void> > >)>; AllocatorT = std::allocator<void>; SubscriptionT = rclcpp::Subscription<std_msgs::msg::Float32_<std::allocator<void> > >; MessageMemoryStrategyT = rclcpp::message_memory_strategy::MessageMemoryStrategy<std_msgs::msg::Float32_<std::allocator<void> >, std::allocator<void> >; ROSMessageType = std_msgs::msg::Float32_<std::allocator<void> >; typename MessageMemoryStrategyT::SharedPtr = std::shared_ptr<rclcpp::message_memory_strategy::MessageMemoryStrategy<std_msgs::msg::Float32_<std::allocator<void> >, std::allocator<void> > >][m[K’
[15.322s] [01m[K/opt/ros/humble/include/rclcpp/rclcpp/create_subscription.hpp:122:63:[m[K   required from ‘[01m[Kstd::shared_ptr<ROSMessageT> rclcpp::detail::create_subscription(NodeParametersT&, NodeTopicsT&, const string&, const rclcpp::QoS&, CallbackT&&, const rclcpp::SubscriptionOptionsWithAllocator<AllocatorT>&, typename MessageMemoryStrategyT::SharedPtr) [with MessageT = std_msgs::msg::Float32_<std::allocator<void> >; CallbackT = std::_Bind<void (CoordinateCalculationsNode::*(RudderServoControlNode*, std::_Placeholder<1>))(std::shared_ptr<std_msgs::msg::Float32_<std::allocator<void> > >)>; AllocatorT = std::allocator<void>; SubscriptionT = rclcpp::Subscription<std_msgs::msg::Float32_<std::allocator<void> > >; MessageMemoryStrategyT = rclcpp::message_memory_strategy::MessageMemoryStrategy<std_msgs::msg::Float32_<std::allocator<void> >, std::allocator<void> >; NodeParametersT = rclcpp::Node; NodeTopicsT = rclcpp::Node; ROSMessageType = std_msgs::msg::Float32_<std::allocator<void> >; std::string = std::__cxx11::basic_string<char>; typename MessageMemoryStrategyT::SharedPtr = std::shared_ptr<rclcpp::message_memory_strategy::MessageMemoryStrategy<std_msgs::msg::Float32_<std::allocator<void> >, std::allocator<void> > >][m[K’
[15.322s] [01m[K/opt/ros/humble/include/rclcpp/rclcpp/create_subscription.hpp:191:76:[m[K   required from ‘[01m[Kstd::shared_ptr<ROSMessageT> rclcpp::create_subscription(NodeT&, const string&, const rclcpp::QoS&, CallbackT&&, const rclcpp::SubscriptionOptionsWithAllocator<AllocatorT>&, typename MessageMemoryStrategyT::SharedPtr) [with MessageT = std_msgs::msg::Float32_<std::allocator<void> >; CallbackT = std::_Bind<void (CoordinateCalculationsNode::*(RudderServoControlNode*, std::_Placeholder<1>))(std::shared_ptr<std_msgs::msg::Float32_<std::allocator<void> > >)>; AllocatorT = std::allocator<void>; SubscriptionT = rclcpp::Subscription<std_msgs::msg::Float32_<std::allocator<void> > >; MessageMemoryStrategyT = rclcpp::message_memory_strategy::MessageMemoryStrategy<std_msgs::msg::Float32_<std::allocator<void> >, std::allocator<void> >; NodeT = rclcpp::Node; std::string = std::__cxx11::basic_string<char>; typename MessageMemoryStrategyT::SharedPtr = std::shared_ptr<rclcpp::message_memory_strategy::MessageMemoryStrategy<std_msgs::msg::Float32_<std::allocator<void> >, std::allocator<void> > >][m[K’
[15.323s] [01m[K/opt/ros/humble/include/rclcpp/rclcpp/node_impl.hpp:99:47:[m[K   required from ‘[01m[Kstd::shared_ptr<ROSMessageT> rclcpp::Node::create_subscription(const string&, const rclcpp::QoS&, CallbackT&&, const rclcpp::SubscriptionOptionsWithAllocator<AllocatorT>&, typename MessageMemoryStrategyT::SharedPtr) [with MessageT = std_msgs::msg::Float32_<std::allocator<void> >; CallbackT = std::_Bind<void (CoordinateCalculationsNode::*(RudderServoControlNode*, std::_Placeholder<1>))(std::shared_ptr<std_msgs::msg::Float32_<std::allocator<void> > >)>; AllocatorT = std::allocator<void>; SubscriptionT = rclcpp::Subscription<std_msgs::msg::Float32_<std::allocator<void> > >; MessageMemoryStrategyT = rclcpp::message_memory_strategy::MessageMemoryStrategy<std_msgs::msg::Float32_<std::allocator<void> >, std::allocator<void> >; std::string = std::__cxx11::basic_string<char>; typename MessageMemoryStrategyT::SharedPtr = std::shared_ptr<rclcpp::message_memory_strategy::MessageMemoryStrategy<std_msgs::msg::Float32_<std::allocator<void> >, std::allocator<void> > >][m[K’
[15.324s] [01m[K/home/boat/Desktop/src/boat_control_system_final/src/RudderServoControlNode.cpp:46:73:[m[K   required from here
[15.324s] [01m[K/usr/include/c++/11/type_traits:2205:11:[m[K [01;31m[Kerror: [m[Kno type named ‘[01m[Ktype[m[K’ in ‘[01m[Kstruct std::enable_if<false, void>[m[K’
[15.325s]  2205 |     using [01;31m[K__enable_if_t[m[K = typename enable_if<_Cond, _Tp>::type;
[15.325s]       |           [01;31m[K^~~~~~~~~~~~~[m[K
[15.326s] In file included from [01m[K/usr/include/c++/11/functional:59[m[K,
[15.326s]                  from [01m[K/usr/include/c++/11/pstl/glue_algorithm_defs.h:13[m[K,
[15.327s]                  from [01m[K/usr/include/c++/11/algorithm:74[m[K,
[15.328s]                  from [01m[K/opt/ros/humble/include/std_msgs/std_msgs/msg/detail/string__struct.hpp:8[m[K,
[15.328s]                  from [01m[K/opt/ros/humble/include/std_msgs/std_msgs/msg/string.hpp:7[m[K,
[15.329s]                  from [01m[K/home/boat/Desktop/src/boat_control_system_final/src/RudderServoControlNode.cpp:6[m[K:
[15.330s] /opt/ros/humble/include/rclcpp/rclcpp/any_subscription_callback.hpp: In instantiation of ‘[01m[Krclcpp::AnySubscriptionCallback<MessageT, AllocatorT> rclcpp::AnySubscriptionCallback<MessageT, AllocatorT>::set(CallbackT) [with CallbackT = std::_Bind<void (CoordinateCalculationsNode::*(RudderServoControlNode*, std::_Placeholder<1>))(std::shared_ptr<std_msgs::msg::Float32_<std::allocator<void> > >)>; MessageT = std_msgs::msg::Float32_<std::allocator<void> >; AllocatorT = std::allocator<void>][m[K’:
[15.330s] [01m[K/opt/ros/humble/include/rclcpp/rclcpp/subscription_factory.hpp:94:32:[m[K   required from ‘[01m[Krclcpp::SubscriptionFactory rclcpp::create_subscription_factory(CallbackT&&, const rclcpp::SubscriptionOptionsWithAllocator<AllocatorT>&, typename MessageMemoryStrategyT::SharedPtr, std::shared_ptr<rclcpp::topic_statistics::SubscriptionTopicStatistics<ROSMessageType> >) [with MessageT = std_msgs::msg::Float32_<std::allocator<void> >; CallbackT = std::_Bind<void (CoordinateCalculationsNode::*(RudderServoControlNode*, std::_Placeholder<1>))(std::shared_ptr<std_msgs::msg::Float32_<std::allocator<void> > >)>; AllocatorT = std::allocator<void>; SubscriptionT = rclcpp::Subscription<std_msgs::msg::Float32_<std::allocator<void> > >; MessageMemoryStrategyT = rclcpp::message_memory_strategy::MessageMemoryStrategy<std_msgs::msg::Float32_<std::allocator<void> >, std::allocator<void> >; ROSMessageType = std_msgs::msg::Float32_<std::allocator<void> >; typename MessageMemoryStrategyT::SharedPtr = std::shared_ptr<rclcpp::message_memory_strategy::MessageMemoryStrategy<std_msgs::msg::Float32_<std::allocator<void> >, std::allocator<void> > >][m[K’
[15.331s] [01m[K/opt/ros/humble/include/rclcpp/rclcpp/create_subscription.hpp:122:63:[m[K   required from ‘[01m[Kstd::shared_ptr<ROSMessageT> rclcpp::detail::create_subscription(NodeParametersT&, NodeTopicsT&, const string&, const rclcpp::QoS&, CallbackT&&, const rclcpp::SubscriptionOptionsWithAllocator<AllocatorT>&, typename MessageMemoryStrategyT::SharedPtr) [with MessageT = std_msgs::msg::Float32_<std::allocator<void> >; CallbackT = std::_Bind<void (CoordinateCalculationsNode::*(RudderServoControlNode*, std::_Placeholder<1>))(std::shared_ptr<std_msgs::msg::Float32_<std::allocator<void> > >)>; AllocatorT = std::allocator<void>; SubscriptionT = rclcpp::Subscription<std_msgs::msg::Float32_<std::allocator<void> > >; MessageMemoryStrategyT = rclcpp::message_memory_strategy::MessageMemoryStrategy<std_msgs::msg::Float32_<std::allocator<void> >, std::allocator<void> >; NodeParametersT = rclcpp::Node; NodeTopicsT = rclcpp::Node; ROSMessageType = std_msgs::msg::Float32_<std::allocator<void> >; std::string = std::__cxx11::basic_string<char>; typename MessageMemoryStrategyT::SharedPtr = std::shared_ptr<rclcpp::message_memory_strategy::MessageMemoryStrategy<std_msgs::msg::Float32_<std::allocator<void> >, std::allocator<void> > >][m[K’
[15.331s] [01m[K/opt/ros/humble/include/rclcpp/rclcpp/create_subscription.hpp:191:76:[m[K   required from ‘[01m[Kstd::shared_ptr<ROSMessageT> rclcpp::create_subscription(NodeT&, const string&, const rclcpp::QoS&, CallbackT&&, const rclcpp::SubscriptionOptionsWithAllocator<AllocatorT>&, typename MessageMemoryStrategyT::SharedPtr) [with MessageT = std_msgs::msg::Float32_<std::allocator<void> >; CallbackT = std::_Bind<void (CoordinateCalculationsNode::*(RudderServoControlNode*, std::_Placeholder<1>))(std::shared_ptr<std_msgs::msg::Float32_<std::allocator<void> > >)>; AllocatorT = std::allocator<void>; SubscriptionT = rclcpp::Subscription<std_msgs::msg::Float32_<std::allocator<void> > >; MessageMemoryStrategyT = rclcpp::message_memory_strategy::MessageMemoryStrategy<std_msgs::msg::Float32_<std::allocator<void> >, std::allocator<void> >; NodeT = rclcpp::Node; std::string = std::__cxx11::basic_string<char>; typename MessageMemoryStrategyT::SharedPtr = std::shared_ptr<rclcpp::message_memory_strategy::MessageMemoryStrategy<std_msgs::msg::Float32_<std::allocator<void> >, std::allocator<void> > >][m[K’
[15.332s] [01m[K/opt/ros/humble/include/rclcpp/rclcpp/node_impl.hpp:99:47:[m[K   required from ‘[01m[Kstd::shared_ptr<ROSMessageT> rclcpp::Node::create_subscription(const string&, const rclcpp::QoS&, CallbackT&&, const rclcpp::SubscriptionOptionsWithAllocator<AllocatorT>&, typename MessageMemoryStrategyT::SharedPtr) [with MessageT = std_msgs::msg::Float32_<std::allocator<void> >; CallbackT = std::_Bind<void (CoordinateCalculationsNode::*(RudderServoControlNode*, std::_Placeholder<1>))(std::shared_ptr<std_msgs::msg::Float32_<std::allocator<void> > >)>; AllocatorT = std::allocator<void>; SubscriptionT = rclcpp::Subscription<std_msgs::msg::Float32_<std::allocator<void> > >; MessageMemoryStrategyT = rclcpp::message_memory_strategy::MessageMemoryStrategy<std_msgs::msg::Float32_<std::allocator<void> >, std::allocator<void> >; std::string = std::__cxx11::basic_string<char>; typename MessageMemoryStrategyT::SharedPtr = std::shared_ptr<rclcpp::message_memory_strategy::MessageMemoryStrategy<std_msgs::msg::Float32_<std::allocator<void> >, std::allocator<void> > >][m[K’
[15.333s] [01m[K/home/boat/Desktop/src/boat_control_system_final/src/RudderServoControlNode.cpp:46:73:[m[K   required from here
[15.334s] [01m[K/usr/include/c++/11/bits/std_function.h:404:7:[m[K [01;36m[Knote: [m[Kcandidate: ‘[01m[Kstd::function<_Res(_ArgTypes ...)>::function(std::function<_Res(_ArgTypes ...)>&&) [with _Res = void; _ArgTypes = {std::shared_ptr<std_msgs::msg::Float32_<std::allocator<void> > >}][m[K’
[15.335s]   404 |       [01;36m[Kfunction[m[K(function&& __x) noexcept
[15.335s]       |       [01;36m[K^~~~~~~~[m[K
[15.336s] [01m[K/usr/include/c++/11/bits/std_function.h:404:27:[m[K [01;36m[Knote: [m[K  no known conversion for argument 1 from ‘[01m[Kstd::_Bind<void (CoordinateCalculationsNode::*(RudderServoControlNode*, std::_Placeholder<1>))(std::shared_ptr<std_msgs::msg::Float32_<std::allocator<void> > >)>[m[K’ to ‘[01m[Kstd::function<void(std::shared_ptr<std_msgs::msg::Float32_<std::allocator<void> > >)>&&[m[K’
[15.337s]   404 |       function([01;36m[Kfunction&& __x[m[K) noexcept
[15.337s]       |                [01;36m[K~~~~~~~~~~~^~~[m[K
[15.338s] [01m[K/usr/include/c++/11/bits/std_function.h:386:7:[m[K [01;36m[Knote: [m[Kcandidate: ‘[01m[Kstd::function<_Res(_ArgTypes ...)>::function(const std::function<_Res(_ArgTypes ...)>&) [with _Res = void; _ArgTypes = {std::shared_ptr<std_msgs::msg::Float32_<std::allocator<void> > >}][m[K’
[15.338s]   386 |       [01;36m[Kfunction[m[K(const function& __x)
[15.339s]       |       [01;36m[K^~~~~~~~[m[K
[15.339s] [01m[K/usr/include/c++/11/bits/std_function.h:386:32:[m[K [01;36m[Knote: [m[K  no known conversion for argument 1 from ‘[01m[Kstd::_Bind<void (CoordinateCalculationsNode::*(RudderServoControlNode*, std::_Placeholder<1>))(std::shared_ptr<std_msgs::msg::Float32_<std::allocator<void> > >)>[m[K’ to ‘[01m[Kconst std::function<void(std::shared_ptr<std_msgs::msg::Float32_<std::allocator<void> > >)>&[m[K’
[15.340s]   386 |       function([01;36m[Kconst function& __x[m[K)
[15.340s]       |                [01;36m[K~~~~~~~~~~~~~~~~^~~[m[K
[15.341s] [01m[K/usr/include/c++/11/bits/std_function.h:375:7:[m[K [01;36m[Knote: [m[Kcandidate: ‘[01m[Kstd::function<_Res(_ArgTypes ...)>::function(std::nullptr_t) [with _Res = void; _ArgTypes = {std::shared_ptr<std_msgs::msg::Float32_<std::allocator<void> > >}; std::nullptr_t = std::nullptr_t][m[K’
[15.341s]   375 |       [01;36m[Kfunction[m[K(nullptr_t) noexcept
[15.342s]       |       [01;36m[K^~~~~~~~[m[K
[15.342s] [01m[K/usr/include/c++/11/bits/std_function.h:375:16:[m[K [01;36m[Knote: [m[K  no known conversion for argument 1 from ‘[01m[Kstd::_Bind<void (CoordinateCalculationsNode::*(RudderServoControlNode*, std::_Placeholder<1>))(std::shared_ptr<std_msgs::msg::Float32_<std::allocator<void> > >)>[m[K’ to ‘[01m[Kstd::nullptr_t[m[K’
[15.343s]   375 |       function([01;36m[Knullptr_t[m[K) noexcept
[15.343s]       |                [01;36m[K^~~~~~~~~[m[K
[15.344s] [01m[K/usr/include/c++/11/bits/std_function.h:368:7:[m[K [01;36m[Knote: [m[Kcandidate: ‘[01m[Kstd::function<_Res(_ArgTypes ...)>::function() [with _Res = void; _ArgTypes = {std::shared_ptr<std_msgs::msg::Float32_<std::allocator<void> > >}][m[K’
[15.344s]   368 |       [01;36m[Kfunction[m[K() noexcept
[15.345s]       |       [01;36m[K^~~~~~~~[m[K
[15.345s] [01m[K/usr/include/c++/11/bits/std_function.h:368:7:[m[K [01;36m[Knote: [m[K  candidate expects 0 arguments, 1 provided
[29.448s] gmake[2]: *** [CMakeFiles/RudderServoControlNode.dir/build.make:76: CMakeFiles/RudderServoControlNode.dir/src/RudderServoControlNode.cpp.o] Error 1
[29.449s] gmake[1]: *** [CMakeFiles/Makefile2:281: CMakeFiles/RudderServoControlNode.dir/all] Error 2
[29.450s] gmake: *** [Makefile:146: all] Error 2
[29.458s] Invoked command in '/home/boat/Desktop/src/boat_control_system_final/build/boat_control_system_final' returned '2': CMAKE_PREFIX_PATH=/opt/ros/humble /usr/bin/cmake --build /home/boat/Desktop/src/boat_control_system_final/build/boat_control_system_final -- -j4 -l4
