[01m[K/home/boat/Desktop/src/boat_control_system_final/src/SailServoControlNode.cpp:[m[K In constructor ‘[01m[KSailServoControlNode::SailServoControlNode()[m[K’:
[01m[K/home/boat/Desktop/src/boat_control_system_final/src/SailServoControlNode.cpp:31:5:[m[K [01;31m[Kerror: [m[K‘[01m[Kreached_subscriber_[m[K’ was not declared in this scope; did you mean ‘[01m[Kwind_subscriber_[m[K’?
   31 |     [01;31m[Kreached_subscriber_[m[K = this->create_subscription<std_msgs::msg::Bool>(
      |     [01;31m[K^~~~~~~~~~~~~~~~~~~[m[K
      |     [32m[Kwind_subscriber_[m[K
[01m[K/home/boat/Desktop/src/boat_control_system_final/src/SailServoControlNode.cpp:[m[K In member function ‘[01m[Kvoid SailServoControlNode::stateCallback(std_msgs::msg::Bool_<std::allocator<void> >::SharedPtr)[m[K’:
[01m[K/home/boat/Desktop/src/boat_control_system_final/src/SailServoControlNode.cpp:51:26:[m[K [01;31m[Kerror: [m[Kno match for ‘[01m[Koperator=[m[K’ (operand types are ‘[01m[Kstd_msgs::msg::Bool[m[K’ {aka ‘[01m[Kstd_msgs::msg::Bool_<std::allocator<void> >[m[K’} and ‘[01m[Kstd_msgs::msg::Bool_<std::allocator<void> >::_data_type[m[K’ {aka ‘[01m[Kbool[m[K’})
   51 |     latest_state_ = msg->[01;31m[Kdata[m[K;  // Update the latest state data
      |                          [01;31m[K^~~~[m[K
In file included from [01m[K/opt/ros/humble/include/std_msgs/std_msgs/msg/bool.hpp:7[m[K,
                 from [01m[K/home/boat/Desktop/src/boat_control_system_final/include/boat_control_system_final/SailServoControlNode.hpp:11[m[K,
                 from [01m[K/home/boat/Desktop/src/boat_control_system_final/src/SailServoControlNode.cpp:13[m[K:
[01m[K/opt/ros/humble/include/std_msgs/std_msgs/msg/detail/bool__struct.hpp:32:8:[m[K [01;36m[Knote: [m[Kcandidate: ‘[01m[Kconstexpr std_msgs::msg::Bool_<std::allocator<void> >& std_msgs::msg::Bool_<std::allocator<void> >::operator=(const std_msgs::msg::Bool_<std::allocator<void> >&)[m[K’
   32 | struct [01;36m[KBool_[m[K
      |        [01;36m[K^~~~~[m[K
[01m[K/opt/ros/humble/include/std_msgs/std_msgs/msg/detail/bool__struct.hpp:32:8:[m[K [01;36m[Knote: [m[K  no known conversion for argument 1 from ‘[01m[Kstd_msgs::msg::Bool_<std::allocator<void> >::_data_type[m[K’ {aka ‘[01m[Kbool[m[K’} to ‘[01m[Kconst std_msgs::msg::Bool_<std::allocator<void> >&[m[K’
[01m[K/opt/ros/humble/include/std_msgs/std_msgs/msg/detail/bool__struct.hpp:32:8:[m[K [01;36m[Knote: [m[Kcandidate: ‘[01m[Kconstexpr std_msgs::msg::Bool_<std::allocator<void> >& std_msgs::msg::Bool_<std::allocator<void> >::operator=(std_msgs::msg::Bool_<std::allocator<void> >&&)[m[K’
[01m[K/opt/ros/humble/include/std_msgs/std_msgs/msg/detail/bool__struct.hpp:32:8:[m[K [01;36m[Knote: [m[K  no known conversion for argument 1 from ‘[01m[Kstd_msgs::msg::Bool_<std::allocator<void> >::_data_type[m[K’ {aka ‘[01m[Kbool[m[K’} to ‘[01m[Kstd_msgs::msg::Bool_<std::allocator<void> >&&[m[K’
[01m[K/home/boat/Desktop/src/boat_control_system_final/src/SailServoControlNode.cpp:[m[K In member function ‘[01m[Kint SailServoControlNode::getOptimalSailPosition(int)[m[K’:
[01m[K/home/boat/Desktop/src/boat_control_system_final/src/SailServoControlNode.cpp:113:18:[m[K [01;31m[Kerror: [m[Kexpected ‘[01m[K;[m[K’ before ‘[01m[K}[m[K’ token
  113 |         return -1
      |                  [01;31m[K^[m[K
      |                  [32m[K;[m[K
  114 |     [32m[K}[m[Kelse{
      |     [32m[K~[m[K             
gmake[2]: *** [CMakeFiles/SailServoControlNodeLib.dir/build.make:76: CMakeFiles/SailServoControlNodeLib.dir/src/SailServoControlNode.cpp.o] Error 1
gmake[1]: *** [CMakeFiles/Makefile2:369: CMakeFiles/SailServoControlNodeLib.dir/all] Error 2
gmake[1]: *** Waiting for unfinished jobs....
[01m[K/home/boat/Desktop/src/boat_control_system_final/src/RudderServoControlNode.cpp:[m[K In constructor ‘[01m[KRudderServoControlNode::RudderServoControlNode()[m[K’:
[01m[K/home/boat/Desktop/src/boat_control_system_final/src/RudderServoControlNode.cpp:56:5:[m[K [01;31m[Kerror: [m[K‘[01m[Kinit_subscriber_[m[K’ was not declared in this scope; did you mean ‘[01m[Kwind_subscriber_[m[K’?
   56 |     [01;31m[Kinit_subscriber_[m[K = this->create_subscription<std_msgs::msg::String>(
      |     [01;31m[K^~~~~~~~~~~~~~~~[m[K
      |     [32m[Kwind_subscriber_[m[K
[01m[K/home/boat/Desktop/src/boat_control_system_final/src/RudderServoControlNode.cpp:59:20:[m[K [01;31m[Kerror: [m[K‘[01m[KWaypointQueueNode[m[K’ has not been declared
   59 |         std::bind(&[01;31m[KWaypointQueueNode[m[K::initCallback, this, std::placeholders::_1));
      |                    [01;31m[K^~~~~~~~~~~~~~~~~[m[K
gmake[2]: *** [CMakeFiles/RudderServoControlNodeLib.dir/build.make:76: CMakeFiles/RudderServoControlNodeLib.dir/src/RudderServoControlNode.cpp.o] Error 1
gmake[1]: *** [CMakeFiles/Makefile2:261: CMakeFiles/RudderServoControlNodeLib.dir/all] Error 2
gmake: *** [Makefile:146: all] Error 2
