-- The CXX compiler identification is GNU 11.4.0
-- Detecting CXX compiler ABI info
-- Detecting CXX compiler ABI info - done
-- Check for working CXX compiler: /usr/bin/c++ - skipped
-- Detecting CXX compile features
-- Detecting CXX compile features - done
-- Found ament_cmake: 1.3.10 (/opt/ros/humble/share/ament_cmake/cmake)
-- Found Python3: /usr/bin/python3 (found version "3.10.12") found components: Interpreter 
-- Found rclcpp: 16.0.10 (/opt/ros/humble/share/rclcpp/cmake)
-- Found rosidl_generator_c: 3.1.5 (/opt/ros/humble/share/rosidl_generator_c/cmake)
-- Found rosidl_adapter: 3.1.5 (/opt/ros/humble/share/rosidl_adapter/cmake)
-- Found rosidl_generator_cpp: 3.1.5 (/opt/ros/humble/share/rosidl_generator_cpp/cmake)
-- Using all available rosidl_typesupport_c: rosidl_typesupport_fastrtps_c;rosidl_typesupport_introspection_c
-- Using all available rosidl_typesupport_cpp: rosidl_typesupport_fastrtps_cpp;rosidl_typesupport_introspection_cpp
-- Found rmw_implementation_cmake: 6.1.2 (/opt/ros/humble/share/rmw_implementation_cmake/cmake)
-- Found rmw_fastrtps_cpp: 6.2.7 (/opt/ros/humble/share/rmw_fastrtps_cpp/cmake)
-- Found OpenSSL: /usr/lib/aarch64-linux-gnu/libcrypto.so (found version "3.0.2")  
-- Found FastRTPS: /opt/ros/humble/include  
-- Using RMW implementation 'rmw_fastrtps_cpp' as default
-- Looking for pthread.h
-- Looking for pthread.h - found
-- Performing Test CMAKE_HAVE_LIBC_PTHREAD
-- Performing Test CMAKE_HAVE_LIBC_PTHREAD - Success
-- Found Threads: TRUE  
-- Found rosidl_default_generators: 1.2.0 (/opt/ros/humble/share/rosidl_default_generators/cmake)
-- Found ament_cmake_ros: 0.10.0 (/opt/ros/humble/share/ament_cmake_ros/cmake)
-- Using all available rosidl_typesupport_c: rosidl_typesupport_fastrtps_c;rosidl_typesupport_introspection_c
-- Using all available rosidl_typesupport_cpp: rosidl_typesupport_fastrtps_cpp;rosidl_typesupport_introspection_cpp
-- Found PythonInterp: /usr/bin/python3 (found suitable version "3.10.12", minimum required is "3.6") 
-- Found python_cmake_module: 0.10.0 (/opt/ros/humble/share/python_cmake_module/cmake)
-- Found PythonLibs: /usr/lib/aarch64-linux-gnu/libpython3.10.so (found suitable version "3.10.12", minimum required is "3.5") 
-- Using PYTHON_EXECUTABLE: /usr/bin/python3
-- Using PYTHON_INCLUDE_DIRS: /usr/include/python3.10
-- Using PYTHON_LIBRARIES: /usr/lib/aarch64-linux-gnu/libpython3.10.so
-- Found PythonExtra: .so  
-- Configuring done
-- Generating done
-- Build files have been written to: /home/boat/Desktop/TAFLAB_boatpi_roshumble/src/build/taflab_msgs
[  2%] [34m[1mGenerating C code for ROS interfaces[0m
[  5%] [34m[1mGenerating C++ code for ROS interfaces[0m
[  5%] Built target ament_cmake_python_copy_taflab_msgs
running egg_info
creating taflab_msgs.egg-info
writing taflab_msgs.egg-info/PKG-INFO
writing dependency_links to taflab_msgs.egg-info/dependency_links.txt
writing top-level names to taflab_msgs.egg-info/top_level.txt
writing manifest file 'taflab_msgs.egg-info/SOURCES.txt'
reading manifest file 'taflab_msgs.egg-info/SOURCES.txt'
writing manifest file 'taflab_msgs.egg-info/SOURCES.txt'
[  5%] Built target ament_cmake_python_build_taflab_msgs_egg
[  5%] Built target taflab_msgs__cpp
[  7%] [32mBuilding C object CMakeFiles/taflab_msgs__rosidl_generator_c.dir/rosidl_generator_c/taflab_msgs/msg/detail/control_data__functions.c.o[0m
[ 10%] [32mBuilding C object CMakeFiles/taflab_msgs__rosidl_generator_c.dir/rosidl_generator_c/taflab_msgs/msg/detail/calibration_data__functions.c.o[0m
[ 12%] [34m[1mGenerating C++ type support dispatch for ROS interfaces[0m
[ 15%] [34m[1mGenerating C++ type support for eProsima Fast-RTPS[0m
[ 17%] [34m[1mGenerating C++ introspection for ROS interfaces[0m
[ 20%] [32m[1mLinking C shared library libtaflab_msgs__rosidl_generator_c.so[0m
[ 20%] Built target taflab_msgs__rosidl_generator_c
[ 23%] [34m[1mGenerating C type support for eProsima Fast-RTPS[0m
[ 25%] [32mBuilding CXX object CMakeFiles/taflab_msgs__rosidl_typesupport_cpp.dir/rosidl_typesupport_cpp/taflab_msgs/msg/control_data__type_support.cpp.o[0m
[ 28%] [32mBuilding CXX object CMakeFiles/taflab_msgs__rosidl_typesupport_fastrtps_cpp.dir/rosidl_typesupport_fastrtps_cpp/taflab_msgs/msg/detail/dds_fastrtps/control_data__type_support.cpp.o[0m
[ 30%] [32mBuilding CXX object CMakeFiles/taflab_msgs__rosidl_typesupport_introspection_cpp.dir/rosidl_typesupport_introspection_cpp/taflab_msgs/msg/detail/control_data__type_support.cpp.o[0m
[ 33%] [32mBuilding CXX object CMakeFiles/taflab_msgs__rosidl_typesupport_fastrtps_c.dir/rosidl_typesupport_fastrtps_c/taflab_msgs/msg/detail/control_data__type_support_c.cpp.o[0m
[ 35%] [32mBuilding CXX object CMakeFiles/taflab_msgs__rosidl_typesupport_cpp.dir/rosidl_typesupport_cpp/taflab_msgs/msg/calibration_data__type_support.cpp.o[0m
[ 38%] [32mBuilding CXX object CMakeFiles/taflab_msgs__rosidl_typesupport_fastrtps_cpp.dir/rosidl_typesupport_fastrtps_cpp/taflab_msgs/msg/detail/dds_fastrtps/calibration_data__type_support.cpp.o[0m
[ 41%] [32mBuilding CXX object CMakeFiles/taflab_msgs__rosidl_typesupport_introspection_cpp.dir/rosidl_typesupport_introspection_cpp/taflab_msgs/msg/detail/calibration_data__type_support.cpp.o[0m
[ 43%] [32mBuilding CXX object CMakeFiles/taflab_msgs__rosidl_typesupport_fastrtps_c.dir/rosidl_typesupport_fastrtps_c/taflab_msgs/msg/detail/calibration_data__type_support_c.cpp.o[0m
[ 46%] [32m[1mLinking CXX shared library libtaflab_msgs__rosidl_typesupport_cpp.so[0m
[ 46%] Built target taflab_msgs__rosidl_typesupport_cpp
[ 48%] [34m[1mGenerating C introspection for ROS interfaces[0m
[ 51%] [32m[1mLinking CXX shared library libtaflab_msgs__rosidl_typesupport_introspection_cpp.so[0m
[ 53%] [32m[1mLinking CXX shared library libtaflab_msgs__rosidl_typesupport_fastrtps_cpp.so[0m
[ 56%] [32m[1mLinking CXX shared library libtaflab_msgs__rosidl_typesupport_fastrtps_c.so[0m
[ 56%] Built target taflab_msgs__rosidl_typesupport_introspection_cpp
[ 58%] [34m[1mGenerating C type support dispatch for ROS interfaces[0m
[ 61%] [32mBuilding C object CMakeFiles/taflab_msgs__rosidl_typesupport_introspection_c.dir/rosidl_typesupport_introspection_c/taflab_msgs/msg/detail/control_data__type_support.c.o[0m
[ 61%] Built target taflab_msgs__rosidl_typesupport_fastrtps_cpp
[ 64%] [32mBuilding C object CMakeFiles/taflab_msgs__rosidl_typesupport_introspection_c.dir/rosidl_typesupport_introspection_c/taflab_msgs/msg/detail/calibration_data__type_support.c.o[0m
[ 64%] Built target taflab_msgs__rosidl_typesupport_fastrtps_c
[ 66%] [32m[1mLinking C shared library libtaflab_msgs__rosidl_typesupport_introspection_c.so[0m
[ 66%] Built target taflab_msgs__rosidl_typesupport_introspection_c
[ 69%] [32mBuilding CXX object CMakeFiles/taflab_msgs__rosidl_typesupport_c.dir/rosidl_typesupport_c/taflab_msgs/msg/control_data__type_support.cpp.o[0m
[ 71%] [32mBuilding CXX object CMakeFiles/taflab_msgs__rosidl_typesupport_c.dir/rosidl_typesupport_c/taflab_msgs/msg/calibration_data__type_support.cpp.o[0m
[ 74%] [32m[1mLinking CXX shared library libtaflab_msgs__rosidl_typesupport_c.so[0m
[ 74%] Built target taflab_msgs__rosidl_typesupport_c
[ 74%] Built target taflab_msgs
[ 76%] [34m[1mGenerating Python code for ROS interfaces[0m
[ 76%] Built target taflab_msgs__py
[ 79%] [32mBuilding C object CMakeFiles/taflab_msgs__rosidl_generator_py.dir/rosidl_generator_py/taflab_msgs/msg/_control_data_s.c.o[0m
[ 82%] [32mBuilding C object CMakeFiles/taflab_msgs__rosidl_generator_py.dir/rosidl_generator_py/taflab_msgs/msg/_calibration_data_s.c.o[0m
[ 84%] [32m[1mLinking C shared library rosidl_generator_py/taflab_msgs/libtaflab_msgs__rosidl_generator_py.so[0m
[ 84%] Built target taflab_msgs__rosidl_generator_py
[ 87%] [32mBuilding C object CMakeFiles/taflab_msgs__rosidl_typesupport_fastrtps_c__pyext.dir/rosidl_generator_py/taflab_msgs/_taflab_msgs_s.ep.rosidl_typesupport_fastrtps_c.c.o[0m
[ 92%] [32mBuilding C object CMakeFiles/taflab_msgs__rosidl_typesupport_c__pyext.dir/rosidl_generator_py/taflab_msgs/_taflab_msgs_s.ep.rosidl_typesupport_c.c.o[0m
[ 92%] [32mBuilding C object CMakeFiles/taflab_msgs__rosidl_typesupport_introspection_c__pyext.dir/rosidl_generator_py/taflab_msgs/_taflab_msgs_s.ep.rosidl_typesupport_introspection_c.c.o[0m
[ 94%] [32m[1mLinking C shared library rosidl_generator_py/taflab_msgs/taflab_msgs_s__rosidl_typesupport_c.cpython-310-aarch64-linux-gnu.so[0m
[ 97%] [32m[1mLinking C shared library rosidl_generator_py/taflab_msgs/taflab_msgs_s__rosidl_typesupport_introspection_c.cpython-310-aarch64-linux-gnu.so[0m
[100%] [32m[1mLinking C shared library rosidl_generator_py/taflab_msgs/taflab_msgs_s__rosidl_typesupport_fastrtps_c.cpython-310-aarch64-linux-gnu.so[0m
[100%] Built target taflab_msgs__rosidl_typesupport_c__pyext
[100%] Built target taflab_msgs__rosidl_typesupport_introspection_c__pyext
[100%] Built target taflab_msgs__rosidl_typesupport_fastrtps_c__pyext
-- Install configuration: ""
-- Installing: /home/boat/Desktop/TAFLAB_boatpi_roshumble/src/install/taflab_msgs/share/ament_index/resource_index/rosidl_interfaces/taflab_msgs
-- Installing: /home/boat/Desktop/TAFLAB_boatpi_roshumble/src/install/taflab_msgs/include/taflab_msgs/taflab_msgs
-- Installing: /home/boat/Desktop/TAFLAB_boatpi_roshumble/src/install/taflab_msgs/include/taflab_msgs/taflab_msgs/msg
-- Installing: /home/boat/Desktop/TAFLAB_boatpi_roshumble/src/install/taflab_msgs/include/taflab_msgs/taflab_msgs/msg/calibration_data.h
-- Installing: /home/boat/Desktop/TAFLAB_boatpi_roshumble/src/install/taflab_msgs/include/taflab_msgs/taflab_msgs/msg/rosidl_generator_c__visibility_control.h
-- Installing: /home/boat/Desktop/TAFLAB_boatpi_roshumble/src/install/taflab_msgs/include/taflab_msgs/taflab_msgs/msg/detail
-- Installing: /home/boat/Desktop/TAFLAB_boatpi_roshumble/src/install/taflab_msgs/include/taflab_msgs/taflab_msgs/msg/detail/control_data__struct.h
-- Installing: /home/boat/Desktop/TAFLAB_boatpi_roshumble/src/install/taflab_msgs/include/taflab_msgs/taflab_msgs/msg/detail/calibration_data__functions.h
-- Installing: /home/boat/Desktop/TAFLAB_boatpi_roshumble/src/install/taflab_msgs/include/taflab_msgs/taflab_msgs/msg/detail/calibration_data__type_support.h
-- Installing: /home/boat/Desktop/TAFLAB_boatpi_roshumble/src/install/taflab_msgs/include/taflab_msgs/taflab_msgs/msg/detail/control_data__type_support.h
-- Installing: /home/boat/Desktop/TAFLAB_boatpi_roshumble/src/install/taflab_msgs/include/taflab_msgs/taflab_msgs/msg/detail/control_data__functions.c
-- Installing: /home/boat/Desktop/TAFLAB_boatpi_roshumble/src/install/taflab_msgs/include/taflab_msgs/taflab_msgs/msg/detail/calibration_data__struct.h
-- Installing: /home/boat/Desktop/TAFLAB_boatpi_roshumble/src/install/taflab_msgs/include/taflab_msgs/taflab_msgs/msg/detail/calibration_data__functions.c
-- Installing: /home/boat/Desktop/TAFLAB_boatpi_roshumble/src/install/taflab_msgs/include/taflab_msgs/taflab_msgs/msg/detail/control_data__functions.h
-- Installing: /home/boat/Desktop/TAFLAB_boatpi_roshumble/src/install/taflab_msgs/include/taflab_msgs/taflab_msgs/msg/control_data.h
-- Installing: /home/boat/Desktop/TAFLAB_boatpi_roshumble/src/install/taflab_msgs/share/taflab_msgs/environment/library_path.sh
-- Installing: /home/boat/Desktop/TAFLAB_boatpi_roshumble/src/install/taflab_msgs/share/taflab_msgs/environment/library_path.dsv
-- Installing: /home/boat/Desktop/TAFLAB_boatpi_roshumble/src/install/taflab_msgs/lib/libtaflab_msgs__rosidl_generator_c.so
-- Set runtime path of "/home/boat/Desktop/TAFLAB_boatpi_roshumble/src/install/taflab_msgs/lib/libtaflab_msgs__rosidl_generator_c.so" to ""
-- Up-to-date: /home/boat/Desktop/TAFLAB_boatpi_roshumble/src/install/taflab_msgs/include/taflab_msgs/taflab_msgs
-- Up-to-date: /home/boat/Desktop/TAFLAB_boatpi_roshumble/src/install/taflab_msgs/include/taflab_msgs/taflab_msgs/msg
-- Up-to-date: /home/boat/Desktop/TAFLAB_boatpi_roshumble/src/install/taflab_msgs/include/taflab_msgs/taflab_msgs/msg/detail
-- Installing: /home/boat/Desktop/TAFLAB_boatpi_roshumble/src/install/taflab_msgs/include/taflab_msgs/taflab_msgs/msg/detail/control_data__rosidl_typesupport_fastrtps_c.h
-- Installing: /home/boat/Desktop/TAFLAB_boatpi_roshumble/src/install/taflab_msgs/include/taflab_msgs/taflab_msgs/msg/detail/calibration_data__rosidl_typesupport_fastrtps_c.h
-- Installing: /home/boat/Desktop/TAFLAB_boatpi_roshumble/src/install/taflab_msgs/include/taflab_msgs/taflab_msgs/msg/rosidl_typesupport_fastrtps_c__visibility_control.h
-- Installing: /home/boat/Desktop/TAFLAB_boatpi_roshumble/src/install/taflab_msgs/lib/libtaflab_msgs__rosidl_typesupport_fastrtps_c.so
-- Set runtime path of "/home/boat/Desktop/TAFLAB_boatpi_roshumble/src/install/taflab_msgs/lib/libtaflab_msgs__rosidl_typesupport_fastrtps_c.so" to ""
-- Up-to-date: /home/boat/Desktop/TAFLAB_boatpi_roshumble/src/install/taflab_msgs/include/taflab_msgs/taflab_msgs
-- Up-to-date: /home/boat/Desktop/TAFLAB_boatpi_roshumble/src/install/taflab_msgs/include/taflab_msgs/taflab_msgs/msg
-- Installing: /home/boat/Desktop/TAFLAB_boatpi_roshumble/src/install/taflab_msgs/include/taflab_msgs/taflab_msgs/msg/control_data.hpp
-- Up-to-date: /home/boat/Desktop/TAFLAB_boatpi_roshumble/src/install/taflab_msgs/include/taflab_msgs/taflab_msgs/msg/detail
-- Installing: /home/boat/Desktop/TAFLAB_boatpi_roshumble/src/install/taflab_msgs/include/taflab_msgs/taflab_msgs/msg/detail/control_data__traits.hpp
-- Installing: /home/boat/Desktop/TAFLAB_boatpi_roshumble/src/install/taflab_msgs/include/taflab_msgs/taflab_msgs/msg/detail/control_data__builder.hpp
-- Installing: /home/boat/Desktop/TAFLAB_boatpi_roshumble/src/install/taflab_msgs/include/taflab_msgs/taflab_msgs/msg/detail/calibration_data__traits.hpp
-- Installing: /home/boat/Desktop/TAFLAB_boatpi_roshumble/src/install/taflab_msgs/include/taflab_msgs/taflab_msgs/msg/detail/calibration_data__builder.hpp
-- Installing: /home/boat/Desktop/TAFLAB_boatpi_roshumble/src/install/taflab_msgs/include/taflab_msgs/taflab_msgs/msg/detail/calibration_data__struct.hpp
-- Installing: /home/boat/Desktop/TAFLAB_boatpi_roshumble/src/install/taflab_msgs/include/taflab_msgs/taflab_msgs/msg/detail/control_data__struct.hpp
-- Installing: /home/boat/Desktop/TAFLAB_boatpi_roshumble/src/install/taflab_msgs/include/taflab_msgs/taflab_msgs/msg/calibration_data.hpp
-- Up-to-date: /home/boat/Desktop/TAFLAB_boatpi_roshumble/src/install/taflab_msgs/include/taflab_msgs/taflab_msgs
-- Up-to-date: /home/boat/Desktop/TAFLAB_boatpi_roshumble/src/install/taflab_msgs/include/taflab_msgs/taflab_msgs/msg
-- Installing: /home/boat/Desktop/TAFLAB_boatpi_roshumble/src/install/taflab_msgs/include/taflab_msgs/taflab_msgs/msg/rosidl_typesupport_fastrtps_cpp__visibility_control.h
-- Up-to-date: /home/boat/Desktop/TAFLAB_boatpi_roshumble/src/install/taflab_msgs/include/taflab_msgs/taflab_msgs/msg/detail
-- Installing: /home/boat/Desktop/TAFLAB_boatpi_roshumble/src/install/taflab_msgs/include/taflab_msgs/taflab_msgs/msg/detail/control_data__rosidl_typesupport_fastrtps_cpp.hpp
-- Installing: /home/boat/Desktop/TAFLAB_boatpi_roshumble/src/install/taflab_msgs/include/taflab_msgs/taflab_msgs/msg/detail/dds_fastrtps
-- Installing: /home/boat/Desktop/TAFLAB_boatpi_roshumble/src/install/taflab_msgs/include/taflab_msgs/taflab_msgs/msg/detail/calibration_data__rosidl_typesupport_fastrtps_cpp.hpp
-- Installing: /home/boat/Desktop/TAFLAB_boatpi_roshumble/src/install/taflab_msgs/lib/libtaflab_msgs__rosidl_typesupport_fastrtps_cpp.so
-- Set runtime path of "/home/boat/Desktop/TAFLAB_boatpi_roshumble/src/install/taflab_msgs/lib/libtaflab_msgs__rosidl_typesupport_fastrtps_cpp.so" to ""
-- Up-to-date: /home/boat/Desktop/TAFLAB_boatpi_roshumble/src/install/taflab_msgs/include/taflab_msgs/taflab_msgs
-- Up-to-date: /home/boat/Desktop/TAFLAB_boatpi_roshumble/src/install/taflab_msgs/include/taflab_msgs/taflab_msgs/msg
-- Up-to-date: /home/boat/Desktop/TAFLAB_boatpi_roshumble/src/install/taflab_msgs/include/taflab_msgs/taflab_msgs/msg/detail
-- Installing: /home/boat/Desktop/TAFLAB_boatpi_roshumble/src/install/taflab_msgs/include/taflab_msgs/taflab_msgs/msg/detail/control_data__type_support.c
-- Installing: /home/boat/Desktop/TAFLAB_boatpi_roshumble/src/install/taflab_msgs/include/taflab_msgs/taflab_msgs/msg/detail/control_data__rosidl_typesupport_introspection_c.h
-- Installing: /home/boat/Desktop/TAFLAB_boatpi_roshumble/src/install/taflab_msgs/include/taflab_msgs/taflab_msgs/msg/detail/calibration_data__rosidl_typesupport_introspection_c.h
-- Installing: /home/boat/Desktop/TAFLAB_boatpi_roshumble/src/install/taflab_msgs/include/taflab_msgs/taflab_msgs/msg/detail/calibration_data__type_support.c
-- Installing: /home/boat/Desktop/TAFLAB_boatpi_roshumble/src/install/taflab_msgs/include/taflab_msgs/taflab_msgs/msg/rosidl_typesupport_introspection_c__visibility_control.h
-- Installing: /home/boat/Desktop/TAFLAB_boatpi_roshumble/src/install/taflab_msgs/lib/libtaflab_msgs__rosidl_typesupport_introspection_c.so
-- Set runtime path of "/home/boat/Desktop/TAFLAB_boatpi_roshumble/src/install/taflab_msgs/lib/libtaflab_msgs__rosidl_typesupport_introspection_c.so" to ""
-- Installing: /home/boat/Desktop/TAFLAB_boatpi_roshumble/src/install/taflab_msgs/lib/libtaflab_msgs__rosidl_typesupport_c.so
-- Set runtime path of "/home/boat/Desktop/TAFLAB_boatpi_roshumble/src/install/taflab_msgs/lib/libtaflab_msgs__rosidl_typesupport_c.so" to ""
-- Up-to-date: /home/boat/Desktop/TAFLAB_boatpi_roshumble/src/install/taflab_msgs/include/taflab_msgs/taflab_msgs
-- Up-to-date: /home/boat/Desktop/TAFLAB_boatpi_roshumble/src/install/taflab_msgs/include/taflab_msgs/taflab_msgs/msg
-- Up-to-date: /home/boat/Desktop/TAFLAB_boatpi_roshumble/src/install/taflab_msgs/include/taflab_msgs/taflab_msgs/msg/detail
-- Installing: /home/boat/Desktop/TAFLAB_boatpi_roshumble/src/install/taflab_msgs/include/taflab_msgs/taflab_msgs/msg/detail/control_data__type_support.cpp
-- Installing: /home/boat/Desktop/TAFLAB_boatpi_roshumble/src/install/taflab_msgs/include/taflab_msgs/taflab_msgs/msg/detail/calibration_data__type_support.cpp
-- Installing: /home/boat/Desktop/TAFLAB_boatpi_roshumble/src/install/taflab_msgs/include/taflab_msgs/taflab_msgs/msg/detail/control_data__rosidl_typesupport_introspection_cpp.hpp
-- Installing: /home/boat/Desktop/TAFLAB_boatpi_roshumble/src/install/taflab_msgs/include/taflab_msgs/taflab_msgs/msg/detail/calibration_data__rosidl_typesupport_introspection_cpp.hpp
-- Installing: /home/boat/Desktop/TAFLAB_boatpi_roshumble/src/install/taflab_msgs/lib/libtaflab_msgs__rosidl_typesupport_introspection_cpp.so
-- Set runtime path of "/home/boat/Desktop/TAFLAB_boatpi_roshumble/src/install/taflab_msgs/lib/libtaflab_msgs__rosidl_typesupport_introspection_cpp.so" to ""
-- Installing: /home/boat/Desktop/TAFLAB_boatpi_roshumble/src/install/taflab_msgs/lib/libtaflab_msgs__rosidl_typesupport_cpp.so
-- Set runtime path of "/home/boat/Desktop/TAFLAB_boatpi_roshumble/src/install/taflab_msgs/lib/libtaflab_msgs__rosidl_typesupport_cpp.so" to ""
-- Installing: /home/boat/Desktop/TAFLAB_boatpi_roshumble/src/install/taflab_msgs/share/taflab_msgs/environment/pythonpath.sh
-- Installing: /home/boat/Desktop/TAFLAB_boatpi_roshumble/src/install/taflab_msgs/share/taflab_msgs/environment/pythonpath.dsv
-- Installing: /home/boat/Desktop/TAFLAB_boatpi_roshumble/src/install/taflab_msgs/local/lib/python3.10/dist-packages/taflab_msgs-0.0.0-py3.10.egg-info
-- Installing: /home/boat/Desktop/TAFLAB_boatpi_roshumble/src/install/taflab_msgs/local/lib/python3.10/dist-packages/taflab_msgs-0.0.0-py3.10.egg-info/PKG-INFO
-- Installing: /home/boat/Desktop/TAFLAB_boatpi_roshumble/src/install/taflab_msgs/local/lib/python3.10/dist-packages/taflab_msgs-0.0.0-py3.10.egg-info/top_level.txt
-- Installing: /home/boat/Desktop/TAFLAB_boatpi_roshumble/src/install/taflab_msgs/local/lib/python3.10/dist-packages/taflab_msgs-0.0.0-py3.10.egg-info/dependency_links.txt
-- Installing: /home/boat/Desktop/TAFLAB_boatpi_roshumble/src/install/taflab_msgs/local/lib/python3.10/dist-packages/taflab_msgs-0.0.0-py3.10.egg-info/SOURCES.txt
-- Installing: /home/boat/Desktop/TAFLAB_boatpi_roshumble/src/install/taflab_msgs/local/lib/python3.10/dist-packages/taflab_msgs
-- Installing: /home/boat/Desktop/TAFLAB_boatpi_roshumble/src/install/taflab_msgs/local/lib/python3.10/dist-packages/taflab_msgs/msg
-- Installing: /home/boat/Desktop/TAFLAB_boatpi_roshumble/src/install/taflab_msgs/local/lib/python3.10/dist-packages/taflab_msgs/msg/_control_data.py
-- Installing: /home/boat/Desktop/TAFLAB_boatpi_roshumble/src/install/taflab_msgs/local/lib/python3.10/dist-packages/taflab_msgs/msg/_control_data_s.c
-- Installing: /home/boat/Desktop/TAFLAB_boatpi_roshumble/src/install/taflab_msgs/local/lib/python3.10/dist-packages/taflab_msgs/msg/_calibration_data.py
-- Installing: /home/boat/Desktop/TAFLAB_boatpi_roshumble/src/install/taflab_msgs/local/lib/python3.10/dist-packages/taflab_msgs/msg/__init__.py
-- Installing: /home/boat/Desktop/TAFLAB_boatpi_roshumble/src/install/taflab_msgs/local/lib/python3.10/dist-packages/taflab_msgs/msg/_calibration_data_s.c
-- Installing: /home/boat/Desktop/TAFLAB_boatpi_roshumble/src/install/taflab_msgs/local/lib/python3.10/dist-packages/taflab_msgs/libtaflab_msgs__rosidl_generator_py.so
-- Installing: /home/boat/Desktop/TAFLAB_boatpi_roshumble/src/install/taflab_msgs/local/lib/python3.10/dist-packages/taflab_msgs/taflab_msgs_s__rosidl_typesupport_c.cpython-310-aarch64-linux-gnu.so
-- Installing: /home/boat/Desktop/TAFLAB_boatpi_roshumble/src/install/taflab_msgs/local/lib/python3.10/dist-packages/taflab_msgs/_taflab_msgs_s.ep.rosidl_typesupport_c.c
-- Installing: /home/boat/Desktop/TAFLAB_boatpi_roshumble/src/install/taflab_msgs/local/lib/python3.10/dist-packages/taflab_msgs/__init__.py
-- Installing: /home/boat/Desktop/TAFLAB_boatpi_roshumble/src/install/taflab_msgs/local/lib/python3.10/dist-packages/taflab_msgs/taflab_msgs_s__rosidl_typesupport_fastrtps_c.cpython-310-aarch64-linux-gnu.so
-- Installing: /home/boat/Desktop/TAFLAB_boatpi_roshumble/src/install/taflab_msgs/local/lib/python3.10/dist-packages/taflab_msgs/_taflab_msgs_s.ep.rosidl_typesupport_fastrtps_c.c
-- Installing: /home/boat/Desktop/TAFLAB_boatpi_roshumble/src/install/taflab_msgs/local/lib/python3.10/dist-packages/taflab_msgs/_taflab_msgs_s.ep.rosidl_typesupport_introspection_c.c
-- Installing: /home/boat/Desktop/TAFLAB_boatpi_roshumble/src/install/taflab_msgs/local/lib/python3.10/dist-packages/taflab_msgs/taflab_msgs_s__rosidl_typesupport_introspection_c.cpython-310-aarch64-linux-gnu.so
Listing '/home/boat/Desktop/TAFLAB_boatpi_roshumble/src/install/taflab_msgs/local/lib/python3.10/dist-packages/taflab_msgs'...
Compiling '/home/boat/Desktop/TAFLAB_boatpi_roshumble/src/install/taflab_msgs/local/lib/python3.10/dist-packages/taflab_msgs/__init__.py'...
Listing '/home/boat/Desktop/TAFLAB_boatpi_roshumble/src/install/taflab_msgs/local/lib/python3.10/dist-packages/taflab_msgs/msg'...
Compiling '/home/boat/Desktop/TAFLAB_boatpi_roshumble/src/install/taflab_msgs/local/lib/python3.10/dist-packages/taflab_msgs/msg/__init__.py'...
Compiling '/home/boat/Desktop/TAFLAB_boatpi_roshumble/src/install/taflab_msgs/local/lib/python3.10/dist-packages/taflab_msgs/msg/_calibration_data.py'...
Compiling '/home/boat/Desktop/TAFLAB_boatpi_roshumble/src/install/taflab_msgs/local/lib/python3.10/dist-packages/taflab_msgs/msg/_control_data.py'...
-- Installing: /home/boat/Desktop/TAFLAB_boatpi_roshumble/src/install/taflab_msgs/local/lib/python3.10/dist-packages/taflab_msgs/taflab_msgs_s__rosidl_typesupport_fastrtps_c.cpython-310-aarch64-linux-gnu.so
-- Set runtime path of "/home/boat/Desktop/TAFLAB_boatpi_roshumble/src/install/taflab_msgs/local/lib/python3.10/dist-packages/taflab_msgs/taflab_msgs_s__rosidl_typesupport_fastrtps_c.cpython-310-aarch64-linux-gnu.so" to ""
-- Installing: /home/boat/Desktop/TAFLAB_boatpi_roshumble/src/install/taflab_msgs/local/lib/python3.10/dist-packages/taflab_msgs/taflab_msgs_s__rosidl_typesupport_introspection_c.cpython-310-aarch64-linux-gnu.so
-- Set runtime path of "/home/boat/Desktop/TAFLAB_boatpi_roshumble/src/install/taflab_msgs/local/lib/python3.10/dist-packages/taflab_msgs/taflab_msgs_s__rosidl_typesupport_introspection_c.cpython-310-aarch64-linux-gnu.so" to ""
-- Installing: /home/boat/Desktop/TAFLAB_boatpi_roshumble/src/install/taflab_msgs/local/lib/python3.10/dist-packages/taflab_msgs/taflab_msgs_s__rosidl_typesupport_c.cpython-310-aarch64-linux-gnu.so
-- Set runtime path of "/home/boat/Desktop/TAFLAB_boatpi_roshumble/src/install/taflab_msgs/local/lib/python3.10/dist-packages/taflab_msgs/taflab_msgs_s__rosidl_typesupport_c.cpython-310-aarch64-linux-gnu.so" to ""
-- Installing: /home/boat/Desktop/TAFLAB_boatpi_roshumble/src/install/taflab_msgs/lib/libtaflab_msgs__rosidl_generator_py.so
-- Set runtime path of "/home/boat/Desktop/TAFLAB_boatpi_roshumble/src/install/taflab_msgs/lib/libtaflab_msgs__rosidl_generator_py.so" to ""
-- Installing: /home/boat/Desktop/TAFLAB_boatpi_roshumble/src/install/taflab_msgs/share/taflab_msgs/msg/ControlData.idl
-- Installing: /home/boat/Desktop/TAFLAB_boatpi_roshumble/src/install/taflab_msgs/share/taflab_msgs/msg/CalibrationData.idl
-- Installing: /home/boat/Desktop/TAFLAB_boatpi_roshumble/src/install/taflab_msgs/share/taflab_msgs/msg/ControlData.msg
-- Installing: /home/boat/Desktop/TAFLAB_boatpi_roshumble/src/install/taflab_msgs/share/taflab_msgs/msg/CalibrationData.msg
-- Installing: /home/boat/Desktop/TAFLAB_boatpi_roshumble/src/install/taflab_msgs/share/ament_index/resource_index/package_run_dependencies/taflab_msgs
-- Installing: /home/boat/Desktop/TAFLAB_boatpi_roshumble/src/install/taflab_msgs/share/ament_index/resource_index/parent_prefix_path/taflab_msgs
-- Installing: /home/boat/Desktop/TAFLAB_boatpi_roshumble/src/install/taflab_msgs/share/taflab_msgs/environment/ament_prefix_path.sh
-- Installing: /home/boat/Desktop/TAFLAB_boatpi_roshumble/src/install/taflab_msgs/share/taflab_msgs/environment/ament_prefix_path.dsv
-- Installing: /home/boat/Desktop/TAFLAB_boatpi_roshumble/src/install/taflab_msgs/share/taflab_msgs/environment/path.sh
-- Installing: /home/boat/Desktop/TAFLAB_boatpi_roshumble/src/install/taflab_msgs/share/taflab_msgs/environment/path.dsv
-- Installing: /home/boat/Desktop/TAFLAB_boatpi_roshumble/src/install/taflab_msgs/share/taflab_msgs/local_setup.bash
-- Installing: /home/boat/Desktop/TAFLAB_boatpi_roshumble/src/install/taflab_msgs/share/taflab_msgs/local_setup.sh
-- Installing: /home/boat/Desktop/TAFLAB_boatpi_roshumble/src/install/taflab_msgs/share/taflab_msgs/local_setup.zsh
-- Installing: /home/boat/Desktop/TAFLAB_boatpi_roshumble/src/install/taflab_msgs/share/taflab_msgs/local_setup.dsv
-- Installing: /home/boat/Desktop/TAFLAB_boatpi_roshumble/src/install/taflab_msgs/share/taflab_msgs/package.dsv
-- Installing: /home/boat/Desktop/TAFLAB_boatpi_roshumble/src/install/taflab_msgs/share/ament_index/resource_index/packages/taflab_msgs
-- Installing: /home/boat/Desktop/TAFLAB_boatpi_roshumble/src/install/taflab_msgs/share/taflab_msgs/cmake/export_taflab_msgs__rosidl_generator_cExport.cmake
-- Installing: /home/boat/Desktop/TAFLAB_boatpi_roshumble/src/install/taflab_msgs/share/taflab_msgs/cmake/export_taflab_msgs__rosidl_generator_cExport-noconfig.cmake
-- Installing: /home/boat/Desktop/TAFLAB_boatpi_roshumble/src/install/taflab_msgs/share/taflab_msgs/cmake/export_taflab_msgs__rosidl_typesupport_fastrtps_cExport.cmake
-- Installing: /home/boat/Desktop/TAFLAB_boatpi_roshumble/src/install/taflab_msgs/share/taflab_msgs/cmake/export_taflab_msgs__rosidl_typesupport_fastrtps_cExport-noconfig.cmake
-- Installing: /home/boat/Desktop/TAFLAB_boatpi_roshumble/src/install/taflab_msgs/share/taflab_msgs/cmake/export_taflab_msgs__rosidl_generator_cppExport.cmake
-- Installing: /home/boat/Desktop/TAFLAB_boatpi_roshumble/src/install/taflab_msgs/share/taflab_msgs/cmake/export_taflab_msgs__rosidl_typesupport_fastrtps_cppExport.cmake
-- Installing: /home/boat/Desktop/TAFLAB_boatpi_roshumble/src/install/taflab_msgs/share/taflab_msgs/cmake/export_taflab_msgs__rosidl_typesupport_fastrtps_cppExport-noconfig.cmake
-- Installing: /home/boat/Desktop/TAFLAB_boatpi_roshumble/src/install/taflab_msgs/share/taflab_msgs/cmake/taflab_msgs__rosidl_typesupport_introspection_cExport.cmake
-- Installing: /home/boat/Desktop/TAFLAB_boatpi_roshumble/src/install/taflab_msgs/share/taflab_msgs/cmake/taflab_msgs__rosidl_typesupport_introspection_cExport-noconfig.cmake
-- Installing: /home/boat/Desktop/TAFLAB_boatpi_roshumble/src/install/taflab_msgs/share/taflab_msgs/cmake/taflab_msgs__rosidl_typesupport_cExport.cmake
-- Installing: /home/boat/Desktop/TAFLAB_boatpi_roshumble/src/install/taflab_msgs/share/taflab_msgs/cmake/taflab_msgs__rosidl_typesupport_cExport-noconfig.cmake
-- Installing: /home/boat/Desktop/TAFLAB_boatpi_roshumble/src/install/taflab_msgs/share/taflab_msgs/cmake/taflab_msgs__rosidl_typesupport_introspection_cppExport.cmake
-- Installing: /home/boat/Desktop/TAFLAB_boatpi_roshumble/src/install/taflab_msgs/share/taflab_msgs/cmake/taflab_msgs__rosidl_typesupport_introspection_cppExport-noconfig.cmake
-- Installing: /home/boat/Desktop/TAFLAB_boatpi_roshumble/src/install/taflab_msgs/share/taflab_msgs/cmake/taflab_msgs__rosidl_typesupport_cppExport.cmake
-- Installing: /home/boat/Desktop/TAFLAB_boatpi_roshumble/src/install/taflab_msgs/share/taflab_msgs/cmake/taflab_msgs__rosidl_typesupport_cppExport-noconfig.cmake
-- Installing: /home/boat/Desktop/TAFLAB_boatpi_roshumble/src/install/taflab_msgs/share/taflab_msgs/cmake/export_taflab_msgs__rosidl_generator_pyExport.cmake
-- Installing: /home/boat/Desktop/TAFLAB_boatpi_roshumble/src/install/taflab_msgs/share/taflab_msgs/cmake/export_taflab_msgs__rosidl_generator_pyExport-noconfig.cmake
-- Installing: /home/boat/Desktop/TAFLAB_boatpi_roshumble/src/install/taflab_msgs/share/taflab_msgs/cmake/rosidl_cmake-extras.cmake
-- Installing: /home/boat/Desktop/TAFLAB_boatpi_roshumble/src/install/taflab_msgs/share/taflab_msgs/cmake/ament_cmake_export_include_directories-extras.cmake
-- Installing: /home/boat/Desktop/TAFLAB_boatpi_roshumble/src/install/taflab_msgs/share/taflab_msgs/cmake/ament_cmake_export_libraries-extras.cmake
-- Installing: /home/boat/Desktop/TAFLAB_boatpi_roshumble/src/install/taflab_msgs/share/taflab_msgs/cmake/ament_cmake_export_targets-extras.cmake
-- Installing: /home/boat/Desktop/TAFLAB_boatpi_roshumble/src/install/taflab_msgs/share/taflab_msgs/cmake/rosidl_cmake_export_typesupport_targets-extras.cmake
-- Installing: /home/boat/Desktop/TAFLAB_boatpi_roshumble/src/install/taflab_msgs/share/taflab_msgs/cmake/ament_cmake_export_dependencies-extras.cmake
-- Installing: /home/boat/Desktop/TAFLAB_boatpi_roshumble/src/install/taflab_msgs/share/taflab_msgs/cmake/rosidl_cmake_export_typesupport_libraries-extras.cmake
-- Installing: /home/boat/Desktop/TAFLAB_boatpi_roshumble/src/install/taflab_msgs/share/taflab_msgs/cmake/taflab_msgsConfig.cmake
-- Installing: /home/boat/Desktop/TAFLAB_boatpi_roshumble/src/install/taflab_msgs/share/taflab_msgs/cmake/taflab_msgsConfig-version.cmake
-- Installing: /home/boat/Desktop/TAFLAB_boatpi_roshumble/src/install/taflab_msgs/share/taflab_msgs/package.xml
