[0.281s] Invoking command in '/home/boat/Desktop/TAFLAB_boatpi_roshumble/src/build/taflab_msgs': CMAKE_PREFIX_PATH=/opt/ros/humble /usr/bin/cmake /home/boat/Desktop/TAFLAB_boatpi_roshumble/src/taflab_msgs -DCMAKE_INSTALL_PREFIX=/home/boat/Desktop/TAFLAB_boatpi_roshumble/src/install/taflab_msgs
[0.579s] -- The CXX compiler identification is GNU 11.4.0
[0.620s] -- Detecting CXX compiler ABI info
[0.995s] -- Detecting CXX compiler ABI info - done
[1.023s] -- Check for working CXX compiler: /usr/bin/c++ - skipped
[1.024s] -- Detecting CXX compile features
[1.026s] -- Detecting CXX compile features - done
[1.048s] -- Found ament_cmake: 1.3.10 (/opt/ros/humble/share/ament_cmake/cmake)
[1.784s] -- Found Python3: /usr/bin/python3 (found version "3.10.12") found components: Interpreter 
[2.302s] -- Found rclcpp: 16.0.10 (/opt/ros/humble/share/rclcpp/cmake)
[2.586s] -- Found rosidl_generator_c: 3.1.5 (/opt/ros/humble/share/rosidl_generator_c/cmake)
[2.622s] -- Found rosidl_adapter: 3.1.5 (/opt/ros/humble/share/rosidl_adapter/cmake)
[2.674s] -- Found rosidl_generator_cpp: 3.1.5 (/opt/ros/humble/share/rosidl_generator_cpp/cmake)
[2.743s] -- Using all available rosidl_typesupport_c: rosidl_typesupport_fastrtps_c;rosidl_typesupport_introspection_c
[2.838s] -- Using all available rosidl_typesupport_cpp: rosidl_typesupport_fastrtps_cpp;rosidl_typesupport_introspection_cpp
[3.135s] -- Found rmw_implementation_cmake: 6.1.2 (/opt/ros/humble/share/rmw_implementation_cmake/cmake)
[3.166s] -- Found rmw_fastrtps_cpp: 6.2.7 (/opt/ros/humble/share/rmw_fastrtps_cpp/cmake)
[3.621s] -- Found OpenSSL: /usr/lib/aarch64-linux-gnu/libcrypto.so (found version "3.0.2")  
[3.789s] -- Found FastRTPS: /opt/ros/humble/include  
[4.065s] -- Using RMW implementation 'rmw_fastrtps_cpp' as default
[4.122s] -- Looking for pthread.h
[4.537s] -- Looking for pthread.h - found
[4.539s] -- Performing Test CMAKE_HAVE_LIBC_PTHREAD
[4.887s] -- Performing Test CMAKE_HAVE_LIBC_PTHREAD - Success
[4.893s] -- Found Threads: TRUE  
[5.125s] -- Found rosidl_default_generators: 1.2.0 (/opt/ros/humble/share/rosidl_default_generators/cmake)
[6.211s] -- Found ament_cmake_ros: 0.10.0 (/opt/ros/humble/share/ament_cmake_ros/cmake)
[7.530s] -- Using all available rosidl_typesupport_c: rosidl_typesupport_fastrtps_c;rosidl_typesupport_introspection_c
[8.001s] -- Using all available rosidl_typesupport_cpp: rosidl_typesupport_fastrtps_cpp;rosidl_typesupport_introspection_cpp
[8.086s] -- Found PythonInterp: /usr/bin/python3 (found suitable version "3.10.12", minimum required is "3.6") 
[8.099s] -- Found python_cmake_module: 0.10.0 (/opt/ros/humble/share/python_cmake_module/cmake)
[8.183s] -- Found PythonLibs: /usr/lib/aarch64-linux-gnu/libpython3.10.so (found suitable version "3.10.12", minimum required is "3.5") 
[8.183s] -- Using PYTHON_EXECUTABLE: /usr/bin/python3
[8.184s] -- Using PYTHON_INCLUDE_DIRS: /usr/include/python3.10
[8.184s] -- Using PYTHON_LIBRARIES: /usr/lib/aarch64-linux-gnu/libpython3.10.so
[8.256s] -- Found PythonExtra: .so  
[8.423s] -- Configuring done
[8.625s] -- Generating done
[8.642s] -- Build files have been written to: /home/boat/Desktop/TAFLAB_boatpi_roshumble/src/build/taflab_msgs
[8.686s] Invoked command in '/home/boat/Desktop/TAFLAB_boatpi_roshumble/src/build/taflab_msgs' returned '0': CMAKE_PREFIX_PATH=/opt/ros/humble /usr/bin/cmake /home/boat/Desktop/TAFLAB_boatpi_roshumble/src/taflab_msgs -DCMAKE_INSTALL_PREFIX=/home/boat/Desktop/TAFLAB_boatpi_roshumble/src/install/taflab_msgs
[8.696s] Invoking command in '/home/boat/Desktop/TAFLAB_boatpi_roshumble/src/build/taflab_msgs': CMAKE_PREFIX_PATH=/opt/ros/humble /usr/bin/cmake --build /home/boat/Desktop/TAFLAB_boatpi_roshumble/src/build/taflab_msgs -- -j4 -l4
[8.870s] [  2%] [34m[1mGenerating C code for ROS interfaces[0m
[8.956s] [  5%] [34m[1mGenerating C++ code for ROS interfaces[0m
[9.005s] [  5%] Built target ament_cmake_python_copy_taflab_msgs
[10.317s] running egg_info
[10.320s] creating taflab_msgs.egg-info
[10.323s] writing taflab_msgs.egg-info/PKG-INFO
[10.326s] writing dependency_links to taflab_msgs.egg-info/dependency_links.txt
[10.326s] writing top-level names to taflab_msgs.egg-info/top_level.txt
[10.327s] writing manifest file 'taflab_msgs.egg-info/SOURCES.txt'
[10.341s] reading manifest file 'taflab_msgs.egg-info/SOURCES.txt'
[10.344s] writing manifest file 'taflab_msgs.egg-info/SOURCES.txt'
[10.512s] [  5%] Built target ament_cmake_python_build_taflab_msgs_egg
[11.012s] [  5%] Built target taflab_msgs__cpp
[11.042s] [  7%] [32mBuilding C object CMakeFiles/taflab_msgs__rosidl_generator_c.dir/rosidl_generator_c/taflab_msgs/msg/detail/control_data__functions.c.o[0m
[11.050s] [ 10%] [32mBuilding C object CMakeFiles/taflab_msgs__rosidl_generator_c.dir/rosidl_generator_c/taflab_msgs/msg/detail/calibration_data__functions.c.o[0m
[11.057s] [ 12%] [34m[1mGenerating C++ type support dispatch for ROS interfaces[0m
[11.073s] [ 15%] [34m[1mGenerating C++ type support for eProsima Fast-RTPS[0m
[11.376s] [ 17%] [34m[1mGenerating C++ introspection for ROS interfaces[0m
[11.393s] [ 20%] [32m[1mLinking C shared library libtaflab_msgs__rosidl_generator_c.so[0m
[11.602s] [ 20%] Built target taflab_msgs__rosidl_generator_c
[11.670s] [ 23%] [34m[1mGenerating C type support for eProsima Fast-RTPS[0m
[12.908s] [ 25%] [32mBuilding CXX object CMakeFiles/taflab_msgs__rosidl_typesupport_cpp.dir/rosidl_typesupport_cpp/taflab_msgs/msg/control_data__type_support.cpp.o[0m
[13.260s] [ 28%] [32mBuilding CXX object CMakeFiles/taflab_msgs__rosidl_typesupport_fastrtps_cpp.dir/rosidl_typesupport_fastrtps_cpp/taflab_msgs/msg/detail/dds_fastrtps/control_data__type_support.cpp.o[0m
[13.573s] [ 30%] [32mBuilding CXX object CMakeFiles/taflab_msgs__rosidl_typesupport_introspection_cpp.dir/rosidl_typesupport_introspection_cpp/taflab_msgs/msg/detail/control_data__type_support.cpp.o[0m
[14.103s] [ 33%] [32mBuilding CXX object CMakeFiles/taflab_msgs__rosidl_typesupport_fastrtps_c.dir/rosidl_typesupport_fastrtps_c/taflab_msgs/msg/detail/control_data__type_support_c.cpp.o[0m
[14.862s] [ 35%] [32mBuilding CXX object CMakeFiles/taflab_msgs__rosidl_typesupport_cpp.dir/rosidl_typesupport_cpp/taflab_msgs/msg/calibration_data__type_support.cpp.o[0m
[15.964s] [ 38%] [32mBuilding CXX object CMakeFiles/taflab_msgs__rosidl_typesupport_fastrtps_cpp.dir/rosidl_typesupport_fastrtps_cpp/taflab_msgs/msg/detail/dds_fastrtps/calibration_data__type_support.cpp.o[0m
[16.179s] [ 41%] [32mBuilding CXX object CMakeFiles/taflab_msgs__rosidl_typesupport_introspection_cpp.dir/rosidl_typesupport_introspection_cpp/taflab_msgs/msg/detail/calibration_data__type_support.cpp.o[0m
[16.526s] [ 43%] [32mBuilding CXX object CMakeFiles/taflab_msgs__rosidl_typesupport_fastrtps_c.dir/rosidl_typesupport_fastrtps_c/taflab_msgs/msg/detail/calibration_data__type_support_c.cpp.o[0m
[16.548s] [ 46%] [32m[1mLinking CXX shared library libtaflab_msgs__rosidl_typesupport_cpp.so[0m
[16.816s] [ 46%] Built target taflab_msgs__rosidl_typesupport_cpp
[16.867s] [ 48%] [34m[1mGenerating C introspection for ROS interfaces[0m
[18.728s] [ 51%] [32m[1mLinking CXX shared library libtaflab_msgs__rosidl_typesupport_introspection_cpp.so[0m
[18.879s] [ 53%] [32m[1mLinking CXX shared library libtaflab_msgs__rosidl_typesupport_fastrtps_cpp.so[0m
[18.972s] [ 56%] [32m[1mLinking CXX shared library libtaflab_msgs__rosidl_typesupport_fastrtps_c.so[0m
[19.101s] [ 56%] Built target taflab_msgs__rosidl_typesupport_introspection_cpp
[19.170s] [ 58%] [34m[1mGenerating C type support dispatch for ROS interfaces[0m
[19.365s] [ 61%] [32mBuilding C object CMakeFiles/taflab_msgs__rosidl_typesupport_introspection_c.dir/rosidl_typesupport_introspection_c/taflab_msgs/msg/detail/control_data__type_support.c.o[0m
[19.448s] [ 61%] Built target taflab_msgs__rosidl_typesupport_fastrtps_cpp
[19.495s] [ 64%] [32mBuilding C object CMakeFiles/taflab_msgs__rosidl_typesupport_introspection_c.dir/rosidl_typesupport_introspection_c/taflab_msgs/msg/detail/calibration_data__type_support.c.o[0m
[19.541s] [ 64%] Built target taflab_msgs__rosidl_typesupport_fastrtps_c
[19.683s] [ 66%] [32m[1mLinking C shared library libtaflab_msgs__rosidl_typesupport_introspection_c.so[0m
[19.829s] [ 66%] Built target taflab_msgs__rosidl_typesupport_introspection_c
[20.701s] [ 69%] [32mBuilding CXX object CMakeFiles/taflab_msgs__rosidl_typesupport_c.dir/rosidl_typesupport_c/taflab_msgs/msg/control_data__type_support.cpp.o[0m
[20.702s] [ 71%] [32mBuilding CXX object CMakeFiles/taflab_msgs__rosidl_typesupport_c.dir/rosidl_typesupport_c/taflab_msgs/msg/calibration_data__type_support.cpp.o[0m
[20.851s] [ 74%] [32m[1mLinking CXX shared library libtaflab_msgs__rosidl_typesupport_c.so[0m
[21.013s] [ 74%] Built target taflab_msgs__rosidl_typesupport_c
[21.096s] [ 74%] Built target taflab_msgs
[21.186s] [ 76%] [34m[1mGenerating Python code for ROS interfaces[0m
[23.445s] [ 76%] Built target taflab_msgs__py
[23.532s] [ 79%] [32mBuilding C object CMakeFiles/taflab_msgs__rosidl_generator_py.dir/rosidl_generator_py/taflab_msgs/msg/_control_data_s.c.o[0m
[23.540s] [ 82%] [32mBuilding C object CMakeFiles/taflab_msgs__rosidl_generator_py.dir/rosidl_generator_py/taflab_msgs/msg/_calibration_data_s.c.o[0m
[24.039s] [ 84%] [32m[1mLinking C shared library rosidl_generator_py/taflab_msgs/libtaflab_msgs__rosidl_generator_py.so[0m
[24.214s] [ 84%] Built target taflab_msgs__rosidl_generator_py
[24.299s] [ 87%] [32mBuilding C object CMakeFiles/taflab_msgs__rosidl_typesupport_fastrtps_c__pyext.dir/rosidl_generator_py/taflab_msgs/_taflab_msgs_s.ep.rosidl_typesupport_fastrtps_c.c.o[0m
[24.305s] [ 92%] [32mBuilding C object CMakeFiles/taflab_msgs__rosidl_typesupport_c__pyext.dir/rosidl_generator_py/taflab_msgs/_taflab_msgs_s.ep.rosidl_typesupport_c.c.o[0m
[24.310s] [ 92%] [32mBuilding C object CMakeFiles/taflab_msgs__rosidl_typesupport_introspection_c__pyext.dir/rosidl_generator_py/taflab_msgs/_taflab_msgs_s.ep.rosidl_typesupport_introspection_c.c.o[0m
[24.816s] [ 94%] [32m[1mLinking C shared library rosidl_generator_py/taflab_msgs/taflab_msgs_s__rosidl_typesupport_c.cpython-310-aarch64-linux-gnu.so[0m
[24.829s] [ 97%] [32m[1mLinking C shared library rosidl_generator_py/taflab_msgs/taflab_msgs_s__rosidl_typesupport_introspection_c.cpython-310-aarch64-linux-gnu.so[0m
[24.863s] [100%] [32m[1mLinking C shared library rosidl_generator_py/taflab_msgs/taflab_msgs_s__rosidl_typesupport_fastrtps_c.cpython-310-aarch64-linux-gnu.so[0m
[25.109s] [100%] Built target taflab_msgs__rosidl_typesupport_c__pyext
[25.111s] [100%] Built target taflab_msgs__rosidl_typesupport_introspection_c__pyext
[25.113s] [100%] Built target taflab_msgs__rosidl_typesupport_fastrtps_c__pyext
[25.159s] Invoked command in '/home/boat/Desktop/TAFLAB_boatpi_roshumble/src/build/taflab_msgs' returned '0': CMAKE_PREFIX_PATH=/opt/ros/humble /usr/bin/cmake --build /home/boat/Desktop/TAFLAB_boatpi_roshumble/src/build/taflab_msgs -- -j4 -l4
[25.703s] Invoking command in '/home/boat/Desktop/TAFLAB_boatpi_roshumble/src/build/taflab_msgs': CMAKE_PREFIX_PATH=/opt/ros/humble /usr/bin/cmake --install /home/boat/Desktop/TAFLAB_boatpi_roshumble/src/build/taflab_msgs
[25.733s] -- Install configuration: ""
[25.734s] -- Installing: /home/boat/Desktop/TAFLAB_boatpi_roshumble/src/install/taflab_msgs/share/ament_index/resource_index/rosidl_interfaces/taflab_msgs
[25.736s] -- Installing: /home/boat/Desktop/TAFLAB_boatpi_roshumble/src/install/taflab_msgs/include/taflab_msgs/taflab_msgs
[25.737s] -- Installing: /home/boat/Desktop/TAFLAB_boatpi_roshumble/src/install/taflab_msgs/include/taflab_msgs/taflab_msgs/msg
[25.738s] -- Installing: /home/boat/Desktop/TAFLAB_boatpi_roshumble/src/install/taflab_msgs/include/taflab_msgs/taflab_msgs/msg/calibration_data.h
[25.739s] -- Installing: /home/boat/Desktop/TAFLAB_boatpi_roshumble/src/install/taflab_msgs/include/taflab_msgs/taflab_msgs/msg/rosidl_generator_c__visibility_control.h
[25.741s] -- Installing: /home/boat/Desktop/TAFLAB_boatpi_roshumble/src/install/taflab_msgs/include/taflab_msgs/taflab_msgs/msg/detail
[25.742s] -- Installing: /home/boat/Desktop/TAFLAB_boatpi_roshumble/src/install/taflab_msgs/include/taflab_msgs/taflab_msgs/msg/detail/control_data__struct.h
[25.744s] -- Installing: /home/boat/Desktop/TAFLAB_boatpi_roshumble/src/install/taflab_msgs/include/taflab_msgs/taflab_msgs/msg/detail/calibration_data__functions.h
[25.745s] -- Installing: /home/boat/Desktop/TAFLAB_boatpi_roshumble/src/install/taflab_msgs/include/taflab_msgs/taflab_msgs/msg/detail/calibration_data__type_support.h
[25.747s] -- Installing: /home/boat/Desktop/TAFLAB_boatpi_roshumble/src/install/taflab_msgs/include/taflab_msgs/taflab_msgs/msg/detail/control_data__type_support.h
[25.748s] -- Installing: /home/boat/Desktop/TAFLAB_boatpi_roshumble/src/install/taflab_msgs/include/taflab_msgs/taflab_msgs/msg/detail/control_data__functions.c
[25.749s] -- Installing: /home/boat/Desktop/TAFLAB_boatpi_roshumble/src/install/taflab_msgs/include/taflab_msgs/taflab_msgs/msg/detail/calibration_data__struct.h
[25.750s] -- Installing: /home/boat/Desktop/TAFLAB_boatpi_roshumble/src/install/taflab_msgs/include/taflab_msgs/taflab_msgs/msg/detail/calibration_data__functions.c
[25.752s] -- Installing: /home/boat/Desktop/TAFLAB_boatpi_roshumble/src/install/taflab_msgs/include/taflab_msgs/taflab_msgs/msg/detail/control_data__functions.h
[25.753s] -- Installing: /home/boat/Desktop/TAFLAB_boatpi_roshumble/src/install/taflab_msgs/include/taflab_msgs/taflab_msgs/msg/control_data.h
[25.755s] -- Installing: /home/boat/Desktop/TAFLAB_boatpi_roshumble/src/install/taflab_msgs/share/taflab_msgs/environment/library_path.sh
[25.756s] -- Installing: /home/boat/Desktop/TAFLAB_boatpi_roshumble/src/install/taflab_msgs/share/taflab_msgs/environment/library_path.dsv
[25.758s] -- Installing: /home/boat/Desktop/TAFLAB_boatpi_roshumble/src/install/taflab_msgs/lib/libtaflab_msgs__rosidl_generator_c.so
[25.762s] -- Set runtime path of "/home/boat/Desktop/TAFLAB_boatpi_roshumble/src/install/taflab_msgs/lib/libtaflab_msgs__rosidl_generator_c.so" to ""
[25.763s] -- Up-to-date: /home/boat/Desktop/TAFLAB_boatpi_roshumble/src/install/taflab_msgs/include/taflab_msgs/taflab_msgs
[25.764s] -- Up-to-date: /home/boat/Desktop/TAFLAB_boatpi_roshumble/src/install/taflab_msgs/include/taflab_msgs/taflab_msgs/msg
[25.764s] -- Up-to-date: /home/boat/Desktop/TAFLAB_boatpi_roshumble/src/install/taflab_msgs/include/taflab_msgs/taflab_msgs/msg/detail
[25.765s] -- Installing: /home/boat/Desktop/TAFLAB_boatpi_roshumble/src/install/taflab_msgs/include/taflab_msgs/taflab_msgs/msg/detail/control_data__rosidl_typesupport_fastrtps_c.h
[25.765s] -- Installing: /home/boat/Desktop/TAFLAB_boatpi_roshumble/src/install/taflab_msgs/include/taflab_msgs/taflab_msgs/msg/detail/calibration_data__rosidl_typesupport_fastrtps_c.h
[25.766s] -- Installing: /home/boat/Desktop/TAFLAB_boatpi_roshumble/src/install/taflab_msgs/include/taflab_msgs/taflab_msgs/msg/rosidl_typesupport_fastrtps_c__visibility_control.h
[25.767s] -- Installing: /home/boat/Desktop/TAFLAB_boatpi_roshumble/src/install/taflab_msgs/lib/libtaflab_msgs__rosidl_typesupport_fastrtps_c.so
[25.770s] -- Set runtime path of "/home/boat/Desktop/TAFLAB_boatpi_roshumble/src/install/taflab_msgs/lib/libtaflab_msgs__rosidl_typesupport_fastrtps_c.so" to ""
[25.770s] -- Up-to-date: /home/boat/Desktop/TAFLAB_boatpi_roshumble/src/install/taflab_msgs/include/taflab_msgs/taflab_msgs
[25.771s] -- Up-to-date: /home/boat/Desktop/TAFLAB_boatpi_roshumble/src/install/taflab_msgs/include/taflab_msgs/taflab_msgs/msg
[25.771s] -- Installing: /home/boat/Desktop/TAFLAB_boatpi_roshumble/src/install/taflab_msgs/include/taflab_msgs/taflab_msgs/msg/control_data.hpp
[25.772s] -- Up-to-date: /home/boat/Desktop/TAFLAB_boatpi_roshumble/src/install/taflab_msgs/include/taflab_msgs/taflab_msgs/msg/detail
[25.773s] -- Installing: /home/boat/Desktop/TAFLAB_boatpi_roshumble/src/install/taflab_msgs/include/taflab_msgs/taflab_msgs/msg/detail/control_data__traits.hpp
[25.774s] -- Installing: /home/boat/Desktop/TAFLAB_boatpi_roshumble/src/install/taflab_msgs/include/taflab_msgs/taflab_msgs/msg/detail/control_data__builder.hpp
[25.775s] -- Installing: /home/boat/Desktop/TAFLAB_boatpi_roshumble/src/install/taflab_msgs/include/taflab_msgs/taflab_msgs/msg/detail/calibration_data__traits.hpp
[25.776s] -- Installing: /home/boat/Desktop/TAFLAB_boatpi_roshumble/src/install/taflab_msgs/include/taflab_msgs/taflab_msgs/msg/detail/calibration_data__builder.hpp
[25.778s] -- Installing: /home/boat/Desktop/TAFLAB_boatpi_roshumble/src/install/taflab_msgs/include/taflab_msgs/taflab_msgs/msg/detail/calibration_data__struct.hpp
[25.779s] -- Installing: /home/boat/Desktop/TAFLAB_boatpi_roshumble/src/install/taflab_msgs/include/taflab_msgs/taflab_msgs/msg/detail/control_data__struct.hpp
[25.780s] -- Installing: /home/boat/Desktop/TAFLAB_boatpi_roshumble/src/install/taflab_msgs/include/taflab_msgs/taflab_msgs/msg/calibration_data.hpp
[25.782s] -- Up-to-date: /home/boat/Desktop/TAFLAB_boatpi_roshumble/src/install/taflab_msgs/include/taflab_msgs/taflab_msgs
[25.782s] -- Up-to-date: /home/boat/Desktop/TAFLAB_boatpi_roshumble/src/install/taflab_msgs/include/taflab_msgs/taflab_msgs/msg
[25.783s] -- Installing: /home/boat/Desktop/TAFLAB_boatpi_roshumble/src/install/taflab_msgs/include/taflab_msgs/taflab_msgs/msg/rosidl_typesupport_fastrtps_cpp__visibility_control.h
[25.784s] -- Up-to-date: /home/boat/Desktop/TAFLAB_boatpi_roshumble/src/install/taflab_msgs/include/taflab_msgs/taflab_msgs/msg/detail
[25.784s] -- Installing: /home/boat/Desktop/TAFLAB_boatpi_roshumble/src/install/taflab_msgs/include/taflab_msgs/taflab_msgs/msg/detail/control_data__rosidl_typesupport_fastrtps_cpp.hpp
[25.786s] -- Installing: /home/boat/Desktop/TAFLAB_boatpi_roshumble/src/install/taflab_msgs/include/taflab_msgs/taflab_msgs/msg/detail/dds_fastrtps
[25.786s] -- Installing: /home/boat/Desktop/TAFLAB_boatpi_roshumble/src/install/taflab_msgs/include/taflab_msgs/taflab_msgs/msg/detail/calibration_data__rosidl_typesupport_fastrtps_cpp.hpp
[25.788s] -- Installing: /home/boat/Desktop/TAFLAB_boatpi_roshumble/src/install/taflab_msgs/lib/libtaflab_msgs__rosidl_typesupport_fastrtps_cpp.so
[25.791s] -- Set runtime path of "/home/boat/Desktop/TAFLAB_boatpi_roshumble/src/install/taflab_msgs/lib/libtaflab_msgs__rosidl_typesupport_fastrtps_cpp.so" to ""
[25.792s] -- Up-to-date: /home/boat/Desktop/TAFLAB_boatpi_roshumble/src/install/taflab_msgs/include/taflab_msgs/taflab_msgs
[25.796s] -- Up-to-date: /home/boat/Desktop/TAFLAB_boatpi_roshumble/src/install/taflab_msgs/include/taflab_msgs/taflab_msgs/msg
[25.796s] -- Up-to-date: /home/boat/Desktop/TAFLAB_boatpi_roshumble/src/install/taflab_msgs/include/taflab_msgs/taflab_msgs/msg/detail
[25.798s] -- Installing: /home/boat/Desktop/TAFLAB_boatpi_roshumble/src/install/taflab_msgs/include/taflab_msgs/taflab_msgs/msg/detail/control_data__type_support.c
[25.800s] -- Installing: /home/boat/Desktop/TAFLAB_boatpi_roshumble/src/install/taflab_msgs/include/taflab_msgs/taflab_msgs/msg/detail/control_data__rosidl_typesupport_introspection_c.h
[25.805s] -- Installing: /home/boat/Desktop/TAFLAB_boatpi_roshumble/src/install/taflab_msgs/include/taflab_msgs/taflab_msgs/msg/detail/calibration_data__rosidl_typesupport_introspection_c.h
[25.806s] -- Installing: /home/boat/Desktop/TAFLAB_boatpi_roshumble/src/install/taflab_msgs/include/taflab_msgs/taflab_msgs/msg/detail/calibration_data__type_support.c
[25.809s] -- Installing: /home/boat/Desktop/TAFLAB_boatpi_roshumble/src/install/taflab_msgs/include/taflab_msgs/taflab_msgs/msg/rosidl_typesupport_introspection_c__visibility_control.h
[25.812s] -- Installing: /home/boat/Desktop/TAFLAB_boatpi_roshumble/src/install/taflab_msgs/lib/libtaflab_msgs__rosidl_typesupport_introspection_c.so
[25.817s] -- Set runtime path of "/home/boat/Desktop/TAFLAB_boatpi_roshumble/src/install/taflab_msgs/lib/libtaflab_msgs__rosidl_typesupport_introspection_c.so" to ""
[25.820s] -- Installing: /home/boat/Desktop/TAFLAB_boatpi_roshumble/src/install/taflab_msgs/lib/libtaflab_msgs__rosidl_typesupport_c.so
[25.821s] -- Set runtime path of "/home/boat/Desktop/TAFLAB_boatpi_roshumble/src/install/taflab_msgs/lib/libtaflab_msgs__rosidl_typesupport_c.so" to ""
[25.823s] -- Up-to-date: /home/boat/Desktop/TAFLAB_boatpi_roshumble/src/install/taflab_msgs/include/taflab_msgs/taflab_msgs
[25.823s] -- Up-to-date: /home/boat/Desktop/TAFLAB_boatpi_roshumble/src/install/taflab_msgs/include/taflab_msgs/taflab_msgs/msg
[25.824s] -- Up-to-date: /home/boat/Desktop/TAFLAB_boatpi_roshumble/src/install/taflab_msgs/include/taflab_msgs/taflab_msgs/msg/detail
[25.824s] -- Installing: /home/boat/Desktop/TAFLAB_boatpi_roshumble/src/install/taflab_msgs/include/taflab_msgs/taflab_msgs/msg/detail/control_data__type_support.cpp
[25.825s] -- Installing: /home/boat/Desktop/TAFLAB_boatpi_roshumble/src/install/taflab_msgs/include/taflab_msgs/taflab_msgs/msg/detail/calibration_data__type_support.cpp
[25.825s] -- Installing: /home/boat/Desktop/TAFLAB_boatpi_roshumble/src/install/taflab_msgs/include/taflab_msgs/taflab_msgs/msg/detail/control_data__rosidl_typesupport_introspection_cpp.hpp
[25.827s] -- Installing: /home/boat/Desktop/TAFLAB_boatpi_roshumble/src/install/taflab_msgs/include/taflab_msgs/taflab_msgs/msg/detail/calibration_data__rosidl_typesupport_introspection_cpp.hpp
[25.833s] -- Installing: /home/boat/Desktop/TAFLAB_boatpi_roshumble/src/install/taflab_msgs/lib/libtaflab_msgs__rosidl_typesupport_introspection_cpp.so
[25.834s] -- Set runtime path of "/home/boat/Desktop/TAFLAB_boatpi_roshumble/src/install/taflab_msgs/lib/libtaflab_msgs__rosidl_typesupport_introspection_cpp.so" to ""
[25.835s] -- Installing: /home/boat/Desktop/TAFLAB_boatpi_roshumble/src/install/taflab_msgs/lib/libtaflab_msgs__rosidl_typesupport_cpp.so
[25.839s] -- Set runtime path of "/home/boat/Desktop/TAFLAB_boatpi_roshumble/src/install/taflab_msgs/lib/libtaflab_msgs__rosidl_typesupport_cpp.so" to ""
[25.839s] -- Installing: /home/boat/Desktop/TAFLAB_boatpi_roshumble/src/install/taflab_msgs/share/taflab_msgs/environment/pythonpath.sh
[25.840s] -- Installing: /home/boat/Desktop/TAFLAB_boatpi_roshumble/src/install/taflab_msgs/share/taflab_msgs/environment/pythonpath.dsv
[25.843s] -- Installing: /home/boat/Desktop/TAFLAB_boatpi_roshumble/src/install/taflab_msgs/local/lib/python3.10/dist-packages/taflab_msgs-0.0.0-py3.10.egg-info
[25.844s] -- Installing: /home/boat/Desktop/TAFLAB_boatpi_roshumble/src/install/taflab_msgs/local/lib/python3.10/dist-packages/taflab_msgs-0.0.0-py3.10.egg-info/PKG-INFO
[25.844s] -- Installing: /home/boat/Desktop/TAFLAB_boatpi_roshumble/src/install/taflab_msgs/local/lib/python3.10/dist-packages/taflab_msgs-0.0.0-py3.10.egg-info/top_level.txt
[25.844s] -- Installing: /home/boat/Desktop/TAFLAB_boatpi_roshumble/src/install/taflab_msgs/local/lib/python3.10/dist-packages/taflab_msgs-0.0.0-py3.10.egg-info/dependency_links.txt
[25.845s] -- Installing: /home/boat/Desktop/TAFLAB_boatpi_roshumble/src/install/taflab_msgs/local/lib/python3.10/dist-packages/taflab_msgs-0.0.0-py3.10.egg-info/SOURCES.txt
[25.846s] -- Installing: /home/boat/Desktop/TAFLAB_boatpi_roshumble/src/install/taflab_msgs/local/lib/python3.10/dist-packages/taflab_msgs
[25.847s] -- Installing: /home/boat/Desktop/TAFLAB_boatpi_roshumble/src/install/taflab_msgs/local/lib/python3.10/dist-packages/taflab_msgs/msg
[25.848s] -- Installing: /home/boat/Desktop/TAFLAB_boatpi_roshumble/src/install/taflab_msgs/local/lib/python3.10/dist-packages/taflab_msgs/msg/_control_data.py
[25.849s] -- Installing: /home/boat/Desktop/TAFLAB_boatpi_roshumble/src/install/taflab_msgs/local/lib/python3.10/dist-packages/taflab_msgs/msg/_control_data_s.c
[25.851s] -- Installing: /home/boat/Desktop/TAFLAB_boatpi_roshumble/src/install/taflab_msgs/local/lib/python3.10/dist-packages/taflab_msgs/msg/_calibration_data.py
[25.852s] -- Installing: /home/boat/Desktop/TAFLAB_boatpi_roshumble/src/install/taflab_msgs/local/lib/python3.10/dist-packages/taflab_msgs/msg/__init__.py
[25.853s] -- Installing: /home/boat/Desktop/TAFLAB_boatpi_roshumble/src/install/taflab_msgs/local/lib/python3.10/dist-packages/taflab_msgs/msg/_calibration_data_s.c
[25.855s] -- Installing: /home/boat/Desktop/TAFLAB_boatpi_roshumble/src/install/taflab_msgs/local/lib/python3.10/dist-packages/taflab_msgs/libtaflab_msgs__rosidl_generator_py.so
[25.857s] -- Installing: /home/boat/Desktop/TAFLAB_boatpi_roshumble/src/install/taflab_msgs/local/lib/python3.10/dist-packages/taflab_msgs/taflab_msgs_s__rosidl_typesupport_c.cpython-310-aarch64-linux-gnu.so
[25.858s] -- Installing: /home/boat/Desktop/TAFLAB_boatpi_roshumble/src/install/taflab_msgs/local/lib/python3.10/dist-packages/taflab_msgs/_taflab_msgs_s.ep.rosidl_typesupport_c.c
[25.860s] -- Installing: /home/boat/Desktop/TAFLAB_boatpi_roshumble/src/install/taflab_msgs/local/lib/python3.10/dist-packages/taflab_msgs/__init__.py
[25.861s] -- Installing: /home/boat/Desktop/TAFLAB_boatpi_roshumble/src/install/taflab_msgs/local/lib/python3.10/dist-packages/taflab_msgs/taflab_msgs_s__rosidl_typesupport_fastrtps_c.cpython-310-aarch64-linux-gnu.so
[25.862s] -- Installing: /home/boat/Desktop/TAFLAB_boatpi_roshumble/src/install/taflab_msgs/local/lib/python3.10/dist-packages/taflab_msgs/_taflab_msgs_s.ep.rosidl_typesupport_fastrtps_c.c
[25.864s] -- Installing: /home/boat/Desktop/TAFLAB_boatpi_roshumble/src/install/taflab_msgs/local/lib/python3.10/dist-packages/taflab_msgs/_taflab_msgs_s.ep.rosidl_typesupport_introspection_c.c
[25.865s] -- Installing: /home/boat/Desktop/TAFLAB_boatpi_roshumble/src/install/taflab_msgs/local/lib/python3.10/dist-packages/taflab_msgs/taflab_msgs_s__rosidl_typesupport_introspection_c.cpython-310-aarch64-linux-gnu.so
[26.025s] Listing '/home/boat/Desktop/TAFLAB_boatpi_roshumble/src/install/taflab_msgs/local/lib/python3.10/dist-packages/taflab_msgs'...
[26.026s] Compiling '/home/boat/Desktop/TAFLAB_boatpi_roshumble/src/install/taflab_msgs/local/lib/python3.10/dist-packages/taflab_msgs/__init__.py'...
[26.028s] Listing '/home/boat/Desktop/TAFLAB_boatpi_roshumble/src/install/taflab_msgs/local/lib/python3.10/dist-packages/taflab_msgs/msg'...
[26.029s] Compiling '/home/boat/Desktop/TAFLAB_boatpi_roshumble/src/install/taflab_msgs/local/lib/python3.10/dist-packages/taflab_msgs/msg/__init__.py'...
[26.031s] Compiling '/home/boat/Desktop/TAFLAB_boatpi_roshumble/src/install/taflab_msgs/local/lib/python3.10/dist-packages/taflab_msgs/msg/_calibration_data.py'...
[26.032s] Compiling '/home/boat/Desktop/TAFLAB_boatpi_roshumble/src/install/taflab_msgs/local/lib/python3.10/dist-packages/taflab_msgs/msg/_control_data.py'...
[26.051s] -- Installing: /home/boat/Desktop/TAFLAB_boatpi_roshumble/src/install/taflab_msgs/local/lib/python3.10/dist-packages/taflab_msgs/taflab_msgs_s__rosidl_typesupport_fastrtps_c.cpython-310-aarch64-linux-gnu.so
[26.054s] -- Set runtime path of "/home/boat/Desktop/TAFLAB_boatpi_roshumble/src/install/taflab_msgs/local/lib/python3.10/dist-packages/taflab_msgs/taflab_msgs_s__rosidl_typesupport_fastrtps_c.cpython-310-aarch64-linux-gnu.so" to ""
[26.056s] -- Installing: /home/boat/Desktop/TAFLAB_boatpi_roshumble/src/install/taflab_msgs/local/lib/python3.10/dist-packages/taflab_msgs/taflab_msgs_s__rosidl_typesupport_introspection_c.cpython-310-aarch64-linux-gnu.so
[26.060s] -- Set runtime path of "/home/boat/Desktop/TAFLAB_boatpi_roshumble/src/install/taflab_msgs/local/lib/python3.10/dist-packages/taflab_msgs/taflab_msgs_s__rosidl_typesupport_introspection_c.cpython-310-aarch64-linux-gnu.so" to ""
[26.063s] -- Installing: /home/boat/Desktop/TAFLAB_boatpi_roshumble/src/install/taflab_msgs/local/lib/python3.10/dist-packages/taflab_msgs/taflab_msgs_s__rosidl_typesupport_c.cpython-310-aarch64-linux-gnu.so
[26.066s] -- Set runtime path of "/home/boat/Desktop/TAFLAB_boatpi_roshumble/src/install/taflab_msgs/local/lib/python3.10/dist-packages/taflab_msgs/taflab_msgs_s__rosidl_typesupport_c.cpython-310-aarch64-linux-gnu.so" to ""
[26.066s] -- Installing: /home/boat/Desktop/TAFLAB_boatpi_roshumble/src/install/taflab_msgs/lib/libtaflab_msgs__rosidl_generator_py.so
[26.069s] -- Set runtime path of "/home/boat/Desktop/TAFLAB_boatpi_roshumble/src/install/taflab_msgs/lib/libtaflab_msgs__rosidl_generator_py.so" to ""
[26.069s] -- Installing: /home/boat/Desktop/TAFLAB_boatpi_roshumble/src/install/taflab_msgs/share/taflab_msgs/msg/ControlData.idl
[26.071s] -- Installing: /home/boat/Desktop/TAFLAB_boatpi_roshumble/src/install/taflab_msgs/share/taflab_msgs/msg/CalibrationData.idl
[26.072s] -- Installing: /home/boat/Desktop/TAFLAB_boatpi_roshumble/src/install/taflab_msgs/share/taflab_msgs/msg/ControlData.msg
[26.073s] -- Installing: /home/boat/Desktop/TAFLAB_boatpi_roshumble/src/install/taflab_msgs/share/taflab_msgs/msg/CalibrationData.msg
[26.075s] -- Installing: /home/boat/Desktop/TAFLAB_boatpi_roshumble/src/install/taflab_msgs/share/ament_index/resource_index/package_run_dependencies/taflab_msgs
[26.077s] -- Installing: /home/boat/Desktop/TAFLAB_boatpi_roshumble/src/install/taflab_msgs/share/ament_index/resource_index/parent_prefix_path/taflab_msgs
[26.079s] -- Installing: /home/boat/Desktop/TAFLAB_boatpi_roshumble/src/install/taflab_msgs/share/taflab_msgs/environment/ament_prefix_path.sh
[26.080s] -- Installing: /home/boat/Desktop/TAFLAB_boatpi_roshumble/src/install/taflab_msgs/share/taflab_msgs/environment/ament_prefix_path.dsv
[26.081s] -- Installing: /home/boat/Desktop/TAFLAB_boatpi_roshumble/src/install/taflab_msgs/share/taflab_msgs/environment/path.sh
[26.083s] -- Installing: /home/boat/Desktop/TAFLAB_boatpi_roshumble/src/install/taflab_msgs/share/taflab_msgs/environment/path.dsv
[26.084s] -- Installing: /home/boat/Desktop/TAFLAB_boatpi_roshumble/src/install/taflab_msgs/share/taflab_msgs/local_setup.bash
[26.086s] -- Installing: /home/boat/Desktop/TAFLAB_boatpi_roshumble/src/install/taflab_msgs/share/taflab_msgs/local_setup.sh
[26.087s] -- Installing: /home/boat/Desktop/TAFLAB_boatpi_roshumble/src/install/taflab_msgs/share/taflab_msgs/local_setup.zsh
[26.088s] -- Installing: /home/boat/Desktop/TAFLAB_boatpi_roshumble/src/install/taflab_msgs/share/taflab_msgs/local_setup.dsv
[26.089s] -- Installing: /home/boat/Desktop/TAFLAB_boatpi_roshumble/src/install/taflab_msgs/share/taflab_msgs/package.dsv
[26.091s] -- Installing: /home/boat/Desktop/TAFLAB_boatpi_roshumble/src/install/taflab_msgs/share/ament_index/resource_index/packages/taflab_msgs
[26.093s] -- Installing: /home/boat/Desktop/TAFLAB_boatpi_roshumble/src/install/taflab_msgs/share/taflab_msgs/cmake/export_taflab_msgs__rosidl_generator_cExport.cmake
[26.095s] -- Installing: /home/boat/Desktop/TAFLAB_boatpi_roshumble/src/install/taflab_msgs/share/taflab_msgs/cmake/export_taflab_msgs__rosidl_generator_cExport-noconfig.cmake
[26.097s] -- Installing: /home/boat/Desktop/TAFLAB_boatpi_roshumble/src/install/taflab_msgs/share/taflab_msgs/cmake/export_taflab_msgs__rosidl_typesupport_fastrtps_cExport.cmake
[26.098s] -- Installing: /home/boat/Desktop/TAFLAB_boatpi_roshumble/src/install/taflab_msgs/share/taflab_msgs/cmake/export_taflab_msgs__rosidl_typesupport_fastrtps_cExport-noconfig.cmake
[26.100s] -- Installing: /home/boat/Desktop/TAFLAB_boatpi_roshumble/src/install/taflab_msgs/share/taflab_msgs/cmake/export_taflab_msgs__rosidl_generator_cppExport.cmake
[26.102s] -- Installing: /home/boat/Desktop/TAFLAB_boatpi_roshumble/src/install/taflab_msgs/share/taflab_msgs/cmake/export_taflab_msgs__rosidl_typesupport_fastrtps_cppExport.cmake
[26.103s] -- Installing: /home/boat/Desktop/TAFLAB_boatpi_roshumble/src/install/taflab_msgs/share/taflab_msgs/cmake/export_taflab_msgs__rosidl_typesupport_fastrtps_cppExport-noconfig.cmake
[26.105s] -- Installing: /home/boat/Desktop/TAFLAB_boatpi_roshumble/src/install/taflab_msgs/share/taflab_msgs/cmake/taflab_msgs__rosidl_typesupport_introspection_cExport.cmake
[26.107s] -- Installing: /home/boat/Desktop/TAFLAB_boatpi_roshumble/src/install/taflab_msgs/share/taflab_msgs/cmake/taflab_msgs__rosidl_typesupport_introspection_cExport-noconfig.cmake
[26.108s] -- Installing: /home/boat/Desktop/TAFLAB_boatpi_roshumble/src/install/taflab_msgs/share/taflab_msgs/cmake/taflab_msgs__rosidl_typesupport_cExport.cmake
[26.110s] -- Installing: /home/boat/Desktop/TAFLAB_boatpi_roshumble/src/install/taflab_msgs/share/taflab_msgs/cmake/taflab_msgs__rosidl_typesupport_cExport-noconfig.cmake
[26.112s] -- Installing: /home/boat/Desktop/TAFLAB_boatpi_roshumble/src/install/taflab_msgs/share/taflab_msgs/cmake/taflab_msgs__rosidl_typesupport_introspection_cppExport.cmake
[26.113s] -- Installing: /home/boat/Desktop/TAFLAB_boatpi_roshumble/src/install/taflab_msgs/share/taflab_msgs/cmake/taflab_msgs__rosidl_typesupport_introspection_cppExport-noconfig.cmake
[26.115s] -- Installing: /home/boat/Desktop/TAFLAB_boatpi_roshumble/src/install/taflab_msgs/share/taflab_msgs/cmake/taflab_msgs__rosidl_typesupport_cppExport.cmake
[26.117s] -- Installing: /home/boat/Desktop/TAFLAB_boatpi_roshumble/src/install/taflab_msgs/share/taflab_msgs/cmake/taflab_msgs__rosidl_typesupport_cppExport-noconfig.cmake
[26.118s] -- Installing: /home/boat/Desktop/TAFLAB_boatpi_roshumble/src/install/taflab_msgs/share/taflab_msgs/cmake/export_taflab_msgs__rosidl_generator_pyExport.cmake
[26.120s] -- Installing: /home/boat/Desktop/TAFLAB_boatpi_roshumble/src/install/taflab_msgs/share/taflab_msgs/cmake/export_taflab_msgs__rosidl_generator_pyExport-noconfig.cmake
[26.121s] -- Installing: /home/boat/Desktop/TAFLAB_boatpi_roshumble/src/install/taflab_msgs/share/taflab_msgs/cmake/rosidl_cmake-extras.cmake
[26.123s] -- Installing: /home/boat/Desktop/TAFLAB_boatpi_roshumble/src/install/taflab_msgs/share/taflab_msgs/cmake/ament_cmake_export_include_directories-extras.cmake
[26.124s] -- Installing: /home/boat/Desktop/TAFLAB_boatpi_roshumble/src/install/taflab_msgs/share/taflab_msgs/cmake/ament_cmake_export_libraries-extras.cmake
[26.126s] -- Installing: /home/boat/Desktop/TAFLAB_boatpi_roshumble/src/install/taflab_msgs/share/taflab_msgs/cmake/ament_cmake_export_targets-extras.cmake
[26.127s] -- Installing: /home/boat/Desktop/TAFLAB_boatpi_roshumble/src/install/taflab_msgs/share/taflab_msgs/cmake/rosidl_cmake_export_typesupport_targets-extras.cmake
[26.129s] -- Installing: /home/boat/Desktop/TAFLAB_boatpi_roshumble/src/install/taflab_msgs/share/taflab_msgs/cmake/ament_cmake_export_dependencies-extras.cmake
[26.131s] -- Installing: /home/boat/Desktop/TAFLAB_boatpi_roshumble/src/install/taflab_msgs/share/taflab_msgs/cmake/rosidl_cmake_export_typesupport_libraries-extras.cmake
[26.132s] -- Installing: /home/boat/Desktop/TAFLAB_boatpi_roshumble/src/install/taflab_msgs/share/taflab_msgs/cmake/taflab_msgsConfig.cmake
[26.133s] -- Installing: /home/boat/Desktop/TAFLAB_boatpi_roshumble/src/install/taflab_msgs/share/taflab_msgs/cmake/taflab_msgsConfig-version.cmake
[26.135s] -- Installing: /home/boat/Desktop/TAFLAB_boatpi_roshumble/src/install/taflab_msgs/share/taflab_msgs/package.xml
[26.146s] Invoked command in '/home/boat/Desktop/TAFLAB_boatpi_roshumble/src/build/taflab_msgs' returned '0': CMAKE_PREFIX_PATH=/opt/ros/humble /usr/bin/cmake --install /home/boat/Desktop/TAFLAB_boatpi_roshumble/src/build/taflab_msgs
