[0.070s] Invoking command in '/home/boat/Desktop/src/boat_control_system_final/build/boat_control_system_final': CMAKE_PREFIX_PATH=/opt/ros/humble /usr/bin/cmake --build /home/boat/Desktop/src/boat_control_system_final/build/boat_control_system_final -- -j4 -l4
[0.227s] -- Found ament_cmake: 1.3.10 (/opt/ros/humble/share/ament_cmake/cmake)
[0.985s] -- Found rclcpp: 16.0.10 (/opt/ros/humble/share/rclcpp/cmake)
[1.259s] -- Found rosidl_generator_c: 3.1.5 (/opt/ros/humble/share/rosidl_generator_c/cmake)
[1.277s] -- Found rosidl_adapter: 3.1.5 (/opt/ros/humble/share/rosidl_adapter/cmake)
[1.321s] -- Found rosidl_generator_cpp: 3.1.5 (/opt/ros/humble/share/rosidl_generator_cpp/cmake)
[1.392s] -- Using all available rosidl_typesupport_c: rosidl_typesupport_fastrtps_c;rosidl_typesupport_introspection_c
[1.474s] -- Using all available rosidl_typesupport_cpp: rosidl_typesupport_fastrtps_cpp;rosidl_typesupport_introspection_cpp
[1.694s] -- Found rmw_implementation_cmake: 6.1.2 (/opt/ros/humble/share/rmw_implementation_cmake/cmake)
[1.706s] -- Found rmw_fastrtps_cpp: 6.2.7 (/opt/ros/humble/share/rmw_fastrtps_cpp/cmake)
[2.869s] -- Using RMW implementation 'rmw_fastrtps_cpp' as default
[3.175s] -- Found sensor_msgs: 4.2.4 (/opt/ros/humble/share/sensor_msgs/cmake)
[3.395s] [31mCMake Error at CMakeLists.txt:39 (target_link_libraries):
[3.396s]   Target "CoordinateCalculationsNode" of type EXECUTABLE may not be linked
[3.396s]   into another target.  One may link only to INTERFACE, OBJECT, STATIC or
[3.397s]   SHARED libraries, or to executables with the ENABLE_EXPORTS property set.
[3.398s] 
[3.398s] [0m
[3.402s] -- Found ament_lint_auto: 0.12.11 (/opt/ros/humble/share/ament_lint_auto/cmake)
[4.515s] -- Added test 'cppcheck' to perform static code analysis on C / C++ code
[4.517s] -- Configured cppcheck include dirs: /home/boat/Desktop/src/boat_control_system_final/include/boat_control_system_final
[4.518s] -- Configured cppcheck exclude dirs and/or files: 
[4.607s] -- Added test 'flake8' to check Python code syntax and style conventions
[4.781s] -- Added test 'lint_cmake' to check CMake code style
[4.872s] -- Added test 'pep257' to check Python code against some of the docstring style conventions in PEP 257
[5.563s] -- Added test 'uncrustify' to check C / C++ code style
[5.564s] -- Configured uncrustify additional arguments: 
[5.654s] -- Added test 'xmllint' to check XML markup files
[5.661s] -- Configuring incomplete, errors occurred!
[5.662s] See also "/home/boat/Desktop/src/boat_control_system_final/build/boat_control_system_final/CMakeFiles/CMakeOutput.log".
[5.695s] gmake: *** [Makefile:390: cmake_check_build_system] Error 1
[5.701s] Invoked command in '/home/boat/Desktop/src/boat_control_system_final/build/boat_control_system_final' returned '2': CMAKE_PREFIX_PATH=/opt/ros/humble /usr/bin/cmake --build /home/boat/Desktop/src/boat_control_system_final/build/boat_control_system_final -- -j4 -l4
