[35m[1mConsolidate compiler generated dependencies of target CoordinateCalculations[0m
[ 20%] Built target WaypointQueue
[ 30%] [32mBuilding CXX object CMakeFiles/CoordinateCalculations.dir/src/Coordinate_Calculations.cpp.o[0m
[ 50%] Built target WaypointQueueNode
[ 60%] [32m[1mLinking CXX static library libCoordinateCalculations.a[0m
[ 60%] Built target CoordinateCalculations
[ 70%] [32mBuilding CXX object CMakeFiles/CoordinateCalculationsNodeLib.dir/src/CoordinateCalculationsNode.cpp.o[0m
[01m[K/home/boat/Desktop/src/boat_control_system_final/src/CoordinateCalculationsNode.cpp:[m[K In function ‘[01m[Ksensor_msgs::msg::NavSatFix get_latest_waypoint()[m[K’:
[01m[K/home/boat/Desktop/src/boat_control_system_final/src/CoordinateCalculationsNode.cpp:106:12:[m[K [01;31m[Kerror: [m[K‘[01m[Klatest_waypoint_data_[m[K’ was not declared in this scope
  106 |     return [01;31m[Klatest_waypoint_data_[m[K;
      |            [01;31m[K^~~~~~~~~~~~~~~~~~~~~[m[K
[01m[K/home/boat/Desktop/src/boat_control_system_final/src/CoordinateCalculationsNode.cpp:[m[K In function ‘[01m[Kstd_msgs::msg::Float32 get_wind_angle()[m[K’:
[01m[K/home/boat/Desktop/src/boat_control_system_final/src/CoordinateCalculationsNode.cpp:113:12:[m[K [01;31m[Kerror: [m[K‘[01m[Klatest_wind_data_[m[K’ was not declared in this scope
  113 |     return [01;31m[Klatest_wind_data_[m[K;
      |            [01;31m[K^~~~~~~~~~~~~~~~~[m[K
[01m[K/home/boat/Desktop/src/boat_control_system_final/src/CoordinateCalculationsNode.cpp:[m[K In function ‘[01m[Kstd_msgs::msg::Float32 get_magnetometer_heading()[m[K’:
[01m[K/home/boat/Desktop/src/boat_control_system_final/src/CoordinateCalculationsNode.cpp:118:12:[m[K [01;31m[Kerror: [m[K‘[01m[Klatest_magnetometer_data_[m[K’ was not declared in this scope
  118 |     return [01;31m[Klatest_magnetometer_data_[m[K;
      |            [01;31m[K^~~~~~~~~~~~~~~~~~~~~~~~~[m[K
[01m[K/home/boat/Desktop/src/boat_control_system_final/src/CoordinateCalculationsNode.cpp:[m[K In function ‘[01m[Ksensor_msgs::msg::NavSatFix get_curr_pos()[m[K’:
[01m[K/home/boat/Desktop/src/boat_control_system_final/src/CoordinateCalculationsNode.cpp:123:12:[m[K [01;31m[Kerror: [m[K‘[01m[Klatest_gps_data_[m[K’ was not declared in this scope
  123 |     return [01;31m[Klatest_gps_data_[m[K;
      |            [01;31m[K^~~~~~~~~~~~~~~~[m[K
gmake[2]: *** [CMakeFiles/CoordinateCalculationsNodeLib.dir/build.make:76: CMakeFiles/CoordinateCalculationsNodeLib.dir/src/CoordinateCalculationsNode.cpp.o] Error 1
gmake[1]: *** [CMakeFiles/Makefile2:198: CMakeFiles/CoordinateCalculationsNodeLib.dir/all] Error 2
gmake: *** [Makefile:146: all] Error 2
