[0.085s] Invoking command in '/home/boat/Desktop/src/boat_control_system_final/build/boat_control_system_final': CMAKE_PREFIX_PATH=/opt/ros/humble /usr/bin/cmake --build /home/boat/Desktop/src/boat_control_system_final/build/boat_control_system_final -- -j4 -l4
[0.386s] [ 12%] Built target CoordinateCalculations
[0.417s] [ 25%] Built target RudderControlHelper
[0.419s] [ 37%] Built target WaypointQueue
[0.488s] [35m[1mConsolidate compiler generated dependencies of target RudderServoControlNodeLib[0m
[0.575s] [ 50%] Built target CoordinateCalculationsNodeLib
[0.641s] [ 56%] [32mBuilding CXX object CMakeFiles/RudderServoControlNodeLib.dir/src/RudderServoControlNode.cpp.o[0m
[0.657s] [ 68%] Built target WaypointQueueNodeExec
[0.736s] [ 81%] Built target CoordinateCalculationsNodeExec
[63.318s] [ 87%] [32m[1mLinking CXX static library libRudderServoControlNodeLib.a[0m
[65.451s] [ 87%] Built target RudderServoControlNodeLib
[65.584s] [ 93%] [32mBuilding CXX object CMakeFiles/RudderServoControlNodeExec.dir/src/RudderServoControlNode.cpp.o[0m
[127.603s] [100%] [32m[1mLinking CXX executable RudderServoControlNodeExec[0m
[131.251s] [100%] Built target RudderServoControlNodeExec
[131.299s] Invoked command in '/home/boat/Desktop/src/boat_control_system_final/build/boat_control_system_final' returned '0': CMAKE_PREFIX_PATH=/opt/ros/humble /usr/bin/cmake --build /home/boat/Desktop/src/boat_control_system_final/build/boat_control_system_final -- -j4 -l4
[131.612s] Invoking command in '/home/boat/Desktop/src/boat_control_system_final/build/boat_control_system_final': CMAKE_PREFIX_PATH=/opt/ros/humble /usr/bin/cmake --install /home/boat/Desktop/src/boat_control_system_final/build/boat_control_system_final
[131.648s] -- Install configuration: ""
[131.651s] -- Installing: /home/boat/Desktop/src/boat_control_system_final/install/boat_control_system_final/lib/boat_control_system_final/WaypointQueueNodeExec
[131.817s] -- Set runtime path of "/home/boat/Desktop/src/boat_control_system_final/install/boat_control_system_final/lib/boat_control_system_final/WaypointQueueNodeExec" to ""
[131.820s] -- Installing: /home/boat/Desktop/src/boat_control_system_final/install/boat_control_system_final/lib/boat_control_system_final/CoordinateCalculationsNodeExec
[131.987s] -- Set runtime path of "/home/boat/Desktop/src/boat_control_system_final/install/boat_control_system_final/lib/boat_control_system_final/CoordinateCalculationsNodeExec" to ""
[131.987s] -- Installing: /home/boat/Desktop/src/boat_control_system_final/install/boat_control_system_final/lib/boat_control_system_final/RudderServoControlNodeExec
[132.068s] -- Set runtime path of "/home/boat/Desktop/src/boat_control_system_final/install/boat_control_system_final/lib/boat_control_system_final/RudderServoControlNodeExec" to ""
[132.068s] -- Up-to-date: /home/boat/Desktop/src/boat_control_system_final/install/boat_control_system_final/include/boat_control_system_final
[132.069s] -- Installing: /home/boat/Desktop/src/boat_control_system_final/install/boat_control_system_final/include/boat_control_system_final/RudderServoControlNode.hpp
[132.071s] -- Up-to-date: /home/boat/Desktop/src/boat_control_system_final/install/boat_control_system_final/include/boat_control_system_final/WaypointQueueNode.hpp
[132.071s] -- Up-to-date: /home/boat/Desktop/src/boat_control_system_final/install/boat_control_system_final/include/boat_control_system_final/WaypointQueue.hpp
[132.072s] -- Installing: /home/boat/Desktop/src/boat_control_system_final/install/boat_control_system_final/include/boat_control_system_final/Coordinate_Calculations.h
[132.074s] -- Installing: /home/boat/Desktop/src/boat_control_system_final/install/boat_control_system_final/include/boat_control_system_final/CoordinateCalculationsNode.hpp
[132.075s] -- Installing: /home/boat/Desktop/src/boat_control_system_final/install/boat_control_system_final/include/boat_control_system_final/RudderControlHelper.hpp
[132.077s] -- Up-to-date: /home/boat/Desktop/src/boat_control_system_final/install/boat_control_system_final/share/ament_index/resource_index/package_run_dependencies/boat_control_system_final
[132.084s] -- Up-to-date: /home/boat/Desktop/src/boat_control_system_final/install/boat_control_system_final/share/ament_index/resource_index/parent_prefix_path/boat_control_system_final
[132.084s] -- Up-to-date: /home/boat/Desktop/src/boat_control_system_final/install/boat_control_system_final/share/boat_control_system_final/environment/ament_prefix_path.sh
[132.085s] -- Installing: /home/boat/Desktop/src/boat_control_system_final/install/boat_control_system_final/share/boat_control_system_final/environment/ament_prefix_path.dsv
[132.085s] -- Up-to-date: /home/boat/Desktop/src/boat_control_system_final/install/boat_control_system_final/share/boat_control_system_final/environment/path.sh
[132.086s] -- Installing: /home/boat/Desktop/src/boat_control_system_final/install/boat_control_system_final/share/boat_control_system_final/environment/path.dsv
[132.087s] -- Up-to-date: /home/boat/Desktop/src/boat_control_system_final/install/boat_control_system_final/share/boat_control_system_final/local_setup.bash
[132.088s] -- Up-to-date: /home/boat/Desktop/src/boat_control_system_final/install/boat_control_system_final/share/boat_control_system_final/local_setup.sh
[132.088s] -- Up-to-date: /home/boat/Desktop/src/boat_control_system_final/install/boat_control_system_final/share/boat_control_system_final/local_setup.zsh
[132.089s] -- Installing: /home/boat/Desktop/src/boat_control_system_final/install/boat_control_system_final/share/boat_control_system_final/local_setup.dsv
[132.090s] -- Installing: /home/boat/Desktop/src/boat_control_system_final/install/boat_control_system_final/share/boat_control_system_final/package.dsv
[132.093s] -- Up-to-date: /home/boat/Desktop/src/boat_control_system_final/install/boat_control_system_final/share/ament_index/resource_index/packages/boat_control_system_final
[132.094s] -- Up-to-date: /home/boat/Desktop/src/boat_control_system_final/install/boat_control_system_final/share/boat_control_system_final/cmake/boat_control_system_finalConfig.cmake
[132.095s] -- Up-to-date: /home/boat/Desktop/src/boat_control_system_final/install/boat_control_system_final/share/boat_control_system_final/cmake/boat_control_system_finalConfig-version.cmake
[132.095s] -- Up-to-date: /home/boat/Desktop/src/boat_control_system_final/install/boat_control_system_final/share/boat_control_system_final/package.xml
[132.110s] Invoked command in '/home/boat/Desktop/src/boat_control_system_final/build/boat_control_system_final' returned '0': CMAKE_PREFIX_PATH=/opt/ros/humble /usr/bin/cmake --install /home/boat/Desktop/src/boat_control_system_final/build/boat_control_system_final
