[0.099s] Invoking command in '/home/boat/Desktop/src/boat_control_system_final/build/boat_control_system_final': CMAKE_PREFIX_PATH=/opt/ros/humble /usr/bin/cmake --build /home/boat/Desktop/src/boat_control_system_final/build/boat_control_system_final -- -j4 -l4
[0.327s] [35m[1mConsolidate compiler generated dependencies of target WaypointQueueNode[0m
[0.475s] [ 50%] [32mBuilding CXX object CMakeFiles/WaypointQueueNode.dir/src/WaypointQueueNode.cpp.o[0m
[13.142s] [01m[K/home/boat/Desktop/src/boat_control_system_final/src/WaypointQueueNode.cpp:[m[K In member function ‘[01m[Kvoid WaypointQueueNode::ground_station_callback(sensor_msgs::msg::NavSatFix_<std::allocator<void> >::SharedPtr)[m[K’:
[13.143s] [01m[K/home/boat/Desktop/src/boat_control_system_final/src/WaypointQueueNode.cpp:47:94:[m[K [01;35m[Kwarning: [m[Kunused parameter ‘[01m[Kmsg[m[K’ [[01;35m[K]8;;https://gcc.gnu.org/onlinedocs/gcc/Warning-Options.html#index-Wunused-parameter-Wunused-parameter]8;;[m[K]
[13.143s]    47 | void WaypointQueueNode::ground_station_callback([01;35m[Kconst sensor_msgs::msg::NavSatFix::SharedPtr msg[m[K)
[13.144s]       |                                                 [01;35m[K~~~~~~~~~~~~~~~~~~~~~~~~~~~~~~~~~~~~~~~~~~~~~^~~[m[K
[13.145s] [01m[K/home/boat/Desktop/src/boat_control_system_final/src/WaypointQueueNode.cpp:[m[K In member function ‘[01m[Kvoid WaypointQueueNode::calculated_waypoints_callback(sensor_msgs::msg::NavSatFix_<std::allocator<void> >::SharedPtr)[m[K’:
[13.146s] [01m[K/home/boat/Desktop/src/boat_control_system_final/src/WaypointQueueNode.cpp:53:100:[m[K [01;35m[Kwarning: [m[Kunused parameter ‘[01m[Kmsg[m[K’ [[01;35m[K]8;;https://gcc.gnu.org/onlinedocs/gcc/Warning-Options.html#index-Wunused-parameter-Wunused-parameter]8;;[m[K]
[13.147s]    53 | void WaypointQueueNode::calculated_waypoints_callback([01;35m[Kconst sensor_msgs::msg::NavSatFix::SharedPtr msg[m[K)
[13.147s]       |                                                       [01;35m[K~~~~~~~~~~~~~~~~~~~~~~~~~~~~~~~~~~~~~~~~~~~~~^~~[m[K
[51.120s] [100%] [32m[1mLinking CXX executable WaypointQueueNode[0m
[53.988s] [100%] Built target WaypointQueueNode
[54.058s] Invoked command in '/home/boat/Desktop/src/boat_control_system_final/build/boat_control_system_final' returned '0': CMAKE_PREFIX_PATH=/opt/ros/humble /usr/bin/cmake --build /home/boat/Desktop/src/boat_control_system_final/build/boat_control_system_final -- -j4 -l4
[54.272s] Invoking command in '/home/boat/Desktop/src/boat_control_system_final/build/boat_control_system_final': CMAKE_PREFIX_PATH=/opt/ros/humble /usr/bin/cmake --install /home/boat/Desktop/src/boat_control_system_final/build/boat_control_system_final
[54.303s] -- Install configuration: ""
[54.307s] -- Installing: /home/boat/Desktop/src/boat_control_system_final/install/boat_control_system_final/lib/boat_control_system_final/WaypointQueueNode
[54.393s] -- Set runtime path of "/home/boat/Desktop/src/boat_control_system_final/install/boat_control_system_final/lib/boat_control_system_final/WaypointQueueNode" to ""
[54.395s] -- Up-to-date: /home/boat/Desktop/src/boat_control_system_final/install/boat_control_system_final/share/ament_index/resource_index/package_run_dependencies/boat_control_system_final
[54.397s] -- Up-to-date: /home/boat/Desktop/src/boat_control_system_final/install/boat_control_system_final/share/ament_index/resource_index/parent_prefix_path/boat_control_system_final
[54.403s] -- Up-to-date: /home/boat/Desktop/src/boat_control_system_final/install/boat_control_system_final/share/boat_control_system_final/environment/ament_prefix_path.sh
[54.404s] -- Up-to-date: /home/boat/Desktop/src/boat_control_system_final/install/boat_control_system_final/share/boat_control_system_final/environment/ament_prefix_path.dsv
[54.406s] -- Up-to-date: /home/boat/Desktop/src/boat_control_system_final/install/boat_control_system_final/share/boat_control_system_final/environment/path.sh
[54.408s] -- Up-to-date: /home/boat/Desktop/src/boat_control_system_final/install/boat_control_system_final/share/boat_control_system_final/environment/path.dsv
[54.409s] -- Up-to-date: /home/boat/Desktop/src/boat_control_system_final/install/boat_control_system_final/share/boat_control_system_final/local_setup.bash
[54.412s] -- Up-to-date: /home/boat/Desktop/src/boat_control_system_final/install/boat_control_system_final/share/boat_control_system_final/local_setup.sh
[54.415s] -- Up-to-date: /home/boat/Desktop/src/boat_control_system_final/install/boat_control_system_final/share/boat_control_system_final/local_setup.zsh
[54.416s] -- Up-to-date: /home/boat/Desktop/src/boat_control_system_final/install/boat_control_system_final/share/boat_control_system_final/local_setup.dsv
[54.417s] -- Installing: /home/boat/Desktop/src/boat_control_system_final/install/boat_control_system_final/share/boat_control_system_final/package.dsv
[54.418s] -- Up-to-date: /home/boat/Desktop/src/boat_control_system_final/install/boat_control_system_final/share/ament_index/resource_index/packages/boat_control_system_final
[54.426s] -- Up-to-date: /home/boat/Desktop/src/boat_control_system_final/install/boat_control_system_final/share/boat_control_system_final/cmake/boat_control_system_finalConfig.cmake
[54.438s] -- Up-to-date: /home/boat/Desktop/src/boat_control_system_final/install/boat_control_system_final/share/boat_control_system_final/cmake/boat_control_system_finalConfig-version.cmake
[54.439s] -- Up-to-date: /home/boat/Desktop/src/boat_control_system_final/install/boat_control_system_final/share/boat_control_system_final/package.xml
[54.440s] Invoked command in '/home/boat/Desktop/src/boat_control_system_final/build/boat_control_system_final' returned '0': CMAKE_PREFIX_PATH=/opt/ros/humble /usr/bin/cmake --install /home/boat/Desktop/src/boat_control_system_final/build/boat_control_system_final
