[0.061s] Invoking command in '/home/boat/Desktop/src/boat_control_system_final/build/boat_control_system_final': CMAKE_PREFIX_PATH=/opt/ros/humble /usr/bin/cmake --build /home/boat/Desktop/src/boat_control_system_final/build/boat_control_system_final -- -j4 -l4
[0.324s] [35m[1mConsolidate compiler generated dependencies of target SailServoControlNodeLib[0m
[0.409s] [ 10%] Built target WaypointQueue
[0.466s] [ 20%] Built target CoordinateCalculations
[0.505s] [ 30%] Built target RudderControlHelper
[0.511s] [ 35%] [32mBuilding CXX object CMakeFiles/SailServoControlNodeLib.dir/src/SailServoControlNode.cpp.o[0m
[0.653s] [ 45%] Built target waypoint_queue_node
[0.751s] [ 55%] Built target CoordinateCalculationsNodeLib
[0.796s] [ 65%] Built target RudderServoControlNodeLib
[0.950s] [ 75%] Built target coordinate_calculations_node
[0.996s] [ 85%] Built target rudder_servo_control_node
[12.524s] In file included from [01m[K/opt/ros/humble/include/rclcpp/rclcpp/logging.hpp:24[m[K,
[12.525s]                  from [01m[K/opt/ros/humble/include/rclcpp/rclcpp/client.hpp:40[m[K,
[12.525s]                  from [01m[K/opt/ros/humble/include/rclcpp/rclcpp/callback_group.hpp:24[m[K,
[12.526s]                  from [01m[K/opt/ros/humble/include/rclcpp/rclcpp/any_executable.hpp:20[m[K,
[12.527s]                  from [01m[K/opt/ros/humble/include/rclcpp/rclcpp/memory_strategy.hpp:25[m[K,
[12.527s]                  from [01m[K/opt/ros/humble/include/rclcpp/rclcpp/memory_strategies.hpp:18[m[K,
[12.528s]                  from [01m[K/opt/ros/humble/include/rclcpp/rclcpp/executor_options.hpp:20[m[K,
[12.528s]                  from [01m[K/opt/ros/humble/include/rclcpp/rclcpp/executor.hpp:37[m[K,
[12.529s]                  from [01m[K/opt/ros/humble/include/rclcpp/rclcpp/executors/multi_threaded_executor.hpp:25[m[K,
[12.530s]                  from [01m[K/opt/ros/humble/include/rclcpp/rclcpp/executors.hpp:21[m[K,
[12.530s]                  from [01m[K/opt/ros/humble/include/rclcpp/rclcpp/rclcpp.hpp:155[m[K,
[12.531s]                  from [01m[K/home/boat/Desktop/src/boat_control_system_final/include/boat_control_system_final/SailServoControlNode.hpp:9[m[K,
[12.531s]                  from [01m[K/home/boat/Desktop/src/boat_control_system_final/src/SailServoControlNode.cpp:13[m[K:
[12.532s] [01m[K/home/boat/Desktop/src/boat_control_system_final/src/SailServoControlNode.cpp:[m[K In member function ‘[01m[Kvoid SailServoControlNode::windCallback(std_msgs::msg::Float32_<std::allocator<void> >::SharedPtr)[m[K’:
[12.532s] [01m[K/home/boat/Desktop/src/boat_control_system_final/src/SailServoControlNode.cpp:51:98:[m[K [01;31m[Kerror: [m[K‘[01m[Kconst SharedPtr[m[K’ {aka ‘[01m[Kconst class std::shared_ptr<std_msgs::msg::Float32_<std::allocator<void> > >[m[K’} has no member named ‘[01m[Kdata[m[K’
[12.533s]    51 |     RCLCPP_INFO(this->get_logger(), "Wind data received. Setting sail servo to angle: %.2f", msg.[01;31m[Kdata[m[K);
[12.533s]       |                                                                                                  [01;31m[K^~~~[m[K
[12.551s] [01m[K/home/boat/Desktop/src/boat_control_system_final/src/SailServoControlNode.cpp:[m[K At global scope:
[12.551s] [01m[K/home/boat/Desktop/src/boat_control_system_final/src/SailServoControlNode.cpp:128:7:[m[K [01;31m[Kerror: [m[Kno declaration matches ‘[01m[Kfloat SailServoControlNode::interpolateSailPosition(float, const SailData&, const SailData&)[m[K’
[12.552s]   128 | float [01;31m[KSailServoControlNode[m[K::interpolateSailPosition(float windAngle, const SailData& lower, const SailData& upper)
[12.552s]       |       [01;31m[K^~~~~~~~~~~~~~~~~~~~[m[K
[12.553s] In file included from [01m[K/home/boat/Desktop/src/boat_control_system_final/src/SailServoControlNode.cpp:13[m[K:
[12.553s] [01m[K/home/boat/Desktop/src/boat_control_system_final/include/boat_control_system_final/SailServoControlNode.hpp:29:9:[m[K [01;36m[Knote: [m[Kcandidate is: ‘[01m[Kint SailServoControlNode::interpolateSailPosition(int, const SailData&, const SailData&)[m[K’
[12.554s]    29 |     int [01;36m[KinterpolateSailPosition[m[K(int windAngle, const SailData& lower, const SailData& upper);
[12.555s]       |         [01;36m[K^~~~~~~~~~~~~~~~~~~~~~~[m[K
[12.556s] [01m[K/home/boat/Desktop/src/boat_control_system_final/include/boat_control_system_final/SailServoControlNode.hpp:20:7:[m[K [01;36m[Knote: [m[K‘[01m[Kclass SailServoControlNode[m[K’ defined here
[12.556s]    20 | class [01;36m[KSailServoControlNode[m[K : public rclcpp::Node {
[12.557s]       |       [01;36m[K^~~~~~~~~~~~~~~~~~~~[m[K
[12.557s] [01m[K/home/boat/Desktop/src/boat_control_system_final/src/SailServoControlNode.cpp:136:7:[m[K [01;31m[Kerror: [m[Kno declaration matches ‘[01m[Kfloat SailServoControlNode::getOptimalSailPosition(float)[m[K’
[12.558s]   136 | float [01;31m[KSailServoControlNode[m[K::getOptimalSailPosition(float windAngle)
[12.558s]       |       [01;31m[K^~~~~~~~~~~~~~~~~~~~[m[K
[12.561s] In file included from [01m[K/home/boat/Desktop/src/boat_control_system_final/src/SailServoControlNode.cpp:13[m[K:
[12.562s] [01m[K/home/boat/Desktop/src/boat_control_system_final/include/boat_control_system_final/SailServoControlNode.hpp:30:9:[m[K [01;36m[Knote: [m[Kcandidate is: ‘[01m[Kint SailServoControlNode::getOptimalSailPosition(int)[m[K’
[12.563s]    30 |     int [01;36m[KgetOptimalSailPosition[m[K(int windAngle);
[12.564s]       |         [01;36m[K^~~~~~~~~~~~~~~~~~~~~~[m[K
[12.564s] [01m[K/home/boat/Desktop/src/boat_control_system_final/include/boat_control_system_final/SailServoControlNode.hpp:20:7:[m[K [01;36m[Knote: [m[K‘[01m[Kclass SailServoControlNode[m[K’ defined here
[12.565s]    20 | class [01;36m[KSailServoControlNode[m[K : public rclcpp::Node {
[12.565s]       |       [01;36m[K^~~~~~~~~~~~~~~~~~~~[m[K
[25.952s] gmake[2]: *** [CMakeFiles/SailServoControlNodeLib.dir/build.make:76: CMakeFiles/SailServoControlNodeLib.dir/src/SailServoControlNode.cpp.o] Error 1
[25.954s] gmake[1]: *** [CMakeFiles/Makefile2:369: CMakeFiles/SailServoControlNodeLib.dir/all] Error 2
[25.955s] gmake: *** [Makefile:146: all] Error 2
[25.962s] Invoked command in '/home/boat/Desktop/src/boat_control_system_final/build/boat_control_system_final' returned '2': CMAKE_PREFIX_PATH=/opt/ros/humble /usr/bin/cmake --build /home/boat/Desktop/src/boat_control_system_final/build/boat_control_system_final -- -j4 -l4
