[0.068s] Invoking command in '/home/boat/Desktop/src/boat_control_system_final/build/boat_control_system_final': CMAKE_PREFIX_PATH=/opt/ros/humble /usr/bin/cmake --build /home/boat/Desktop/src/boat_control_system_final/build/boat_control_system_final -- -j4 -l4
[0.272s] [35m[1mConsolidate compiler generated dependencies of target CoordinateCalculations[0m
[0.353s] [ 25%] Built target WaypointQueue
[0.424s] [ 37%] [32mBuilding CXX object CMakeFiles/CoordinateCalculations.dir/src/Coordinate_Calculations.cpp.o[0m
[0.487s] [ 62%] Built target WaypointQueueNode
[12.685s] In file included from [01m[K/home/boat/Desktop/src/boat_control_system_final/include/boat_control_system_final/Coordinate_Calculations.h:12[m[K,
[12.686s]                  from [01m[K/home/boat/Desktop/src/boat_control_system_final/src/Coordinate_Calculations.cpp:12[m[K:
[12.687s] [01m[K/home/boat/Desktop/src/boat_control_system_final/include/boat_control_system_final/CoordinateCalculationsNode.hpp:71:33:[m[K [01;31m[Kerror: [m[Kredeclaration of ‘[01m[Ksensor_msgs::msg::NavSatFix CoordinateCalculationsNode::latest_gps_data_[m[K’
[12.687s]    71 |     sensor_msgs::msg::NavSatFix [01;31m[Klatest_gps_data_[m[K;
[12.688s]       |                                 [01;31m[K^~~~~~~~~~~~~~~~[m[K
[12.689s] [01m[K/home/boat/Desktop/src/boat_control_system_final/include/boat_control_system_final/CoordinateCalculationsNode.hpp:24:33:[m[K [01;36m[Knote: [m[Kprevious declaration ‘[01m[Ksensor_msgs::msg::NavSatFix CoordinateCalculationsNode::latest_gps_data_[m[K’
[12.689s]    24 |     sensor_msgs::msg::NavSatFix [01;36m[Klatest_gps_data_[m[K;
[12.690s]       |                                 [01;36m[K^~~~~~~~~~~~~~~~[m[K
[12.690s] [01m[K/home/boat/Desktop/src/boat_control_system_final/include/boat_control_system_final/CoordinateCalculationsNode.hpp:72:28:[m[K [01;31m[Kerror: [m[Kredeclaration of ‘[01m[Kstd_msgs::msg::Float32 CoordinateCalculationsNode::latest_magnetometer_data_[m[K’
[12.691s]    72 |     std_msgs::msg::Float32 [01;31m[Klatest_magnetometer_data_[m[K;
[12.691s]       |                            [01;31m[K^~~~~~~~~~~~~~~~~~~~~~~~~[m[K
[12.692s] [01m[K/home/boat/Desktop/src/boat_control_system_final/include/boat_control_system_final/CoordinateCalculationsNode.hpp:25:28:[m[K [01;36m[Knote: [m[Kprevious declaration ‘[01m[Kstd_msgs::msg::Float32 CoordinateCalculationsNode::latest_magnetometer_data_[m[K’
[12.692s]    25 |     std_msgs::msg::Float32 [01;36m[Klatest_magnetometer_data_[m[K;
[12.693s]       |                            [01;36m[K^~~~~~~~~~~~~~~~~~~~~~~~~[m[K
[12.693s] [01m[K/home/boat/Desktop/src/boat_control_system_final/include/boat_control_system_final/CoordinateCalculationsNode.hpp:73:28:[m[K [01;31m[Kerror: [m[Kredeclaration of ‘[01m[Kstd_msgs::msg::Float32 CoordinateCalculationsNode::latest_wind_data_[m[K’
[12.694s]    73 |     std_msgs::msg::Float32 [01;31m[Klatest_wind_data_[m[K;
[12.695s]       |                            [01;31m[K^~~~~~~~~~~~~~~~~[m[K
[12.695s] [01m[K/home/boat/Desktop/src/boat_control_system_final/include/boat_control_system_final/CoordinateCalculationsNode.hpp:26:28:[m[K [01;36m[Knote: [m[Kprevious declaration ‘[01m[Kstd_msgs::msg::Float32 CoordinateCalculationsNode::latest_wind_data_[m[K’
[12.696s]    26 |     std_msgs::msg::Float32 [01;36m[Klatest_wind_data_[m[K;
[12.696s]       |                            [01;36m[K^~~~~~~~~~~~~~~~~[m[K
[12.697s] [01m[K/home/boat/Desktop/src/boat_control_system_final/include/boat_control_system_final/CoordinateCalculationsNode.hpp:74:33:[m[K [01;31m[Kerror: [m[Kredeclaration of ‘[01m[Ksensor_msgs::msg::NavSatFix CoordinateCalculationsNode::latest_waypoint_data_[m[K’
[12.697s]    74 |     sensor_msgs::msg::NavSatFix [01;31m[Klatest_waypoint_data_[m[K;
[12.698s]       |                                 [01;31m[K^~~~~~~~~~~~~~~~~~~~~[m[K
[12.698s] [01m[K/home/boat/Desktop/src/boat_control_system_final/include/boat_control_system_final/CoordinateCalculationsNode.hpp:27:33:[m[K [01;36m[Knote: [m[Kprevious declaration ‘[01m[Ksensor_msgs::msg::NavSatFix CoordinateCalculationsNode::latest_waypoint_data_[m[K’
[12.699s]    27 |     sensor_msgs::msg::NavSatFix [01;36m[Klatest_waypoint_data_[m[K;
[12.700s]       |                                 [01;36m[K^~~~~~~~~~~~~~~~~~~~~[m[K
[12.700s] [01m[K/home/boat/Desktop/src/boat_control_system_final/include/boat_control_system_final/CoordinateCalculationsNode.hpp:80:33:[m[K [01;31m[Kerror: [m[K‘[01m[Ksensor_msgs::msg::NavSatFix CoordinateCalculationsNode::get_latest_waypoint()[m[K’ cannot be overloaded with ‘[01m[Ksensor_msgs::msg::NavSatFix CoordinateCalculationsNode::get_latest_waypoint()[m[K’
[12.701s]    80 |     sensor_msgs::msg::NavSatFix [01;31m[Kget_latest_waypoint[m[K();
[12.701s]       |                                 [01;31m[K^~~~~~~~~~~~~~~~~~~[m[K
[12.702s] [01m[K/home/boat/Desktop/src/boat_control_system_final/include/boat_control_system_final/CoordinateCalculationsNode.hpp:21:33:[m[K [01;36m[Knote: [m[Kprevious declaration ‘[01m[Ksensor_msgs::msg::NavSatFix CoordinateCalculationsNode::get_latest_waypoint()[m[K’
[12.702s]    21 |     sensor_msgs::msg::NavSatFix [01;36m[Kget_latest_waypoint[m[K();
[12.703s]       |                                 [01;36m[K^~~~~~~~~~~~~~~~~~~[m[K
[12.708s] [01m[K/home/boat/Desktop/src/boat_control_system_final/src/Coordinate_Calculations.cpp:[m[K In member function ‘[01m[Ksensor_msgs::msg::NavSatFix CoordinateCalculations::convert_to_position(sensor_msgs::msg::NavSatFix, float, float)[m[K’:
[12.709s] [01m[K/home/boat/Desktop/src/boat_control_system_final/src/Coordinate_Calculations.cpp:78:66:[m[K [01;31m[Kerror: [m[Kcould not convert ‘[01m[K{new_lat, new_long}[m[K’ from ‘[01m[K<brace-enclosed initializer list>[m[K’ to ‘[01m[Ksensor_msgs::msg::NavSatFix[m[K’ {aka ‘[01m[Ksensor_msgs::msg::NavSatFix_<std::allocator<void> >[m[K’}
[12.710s]    78 |     sensor_msgs::msg::NavSatFix new_position = {new_lat, new_long[01;31m[K}[m[K;
[12.710s]       |                                                                  [01;31m[K^[m[K
[12.711s]       |                                                                  [01;31m[K|[m[K
[12.711s]       |                                                                  [01;31m[K<brace-enclosed initializer list>[m[K
[12.766s] [01m[K/home/boat/Desktop/src/boat_control_system_final/src/Coordinate_Calculations.cpp:[m[K In member function ‘[01m[Kstd::pair<std::__cxx11::basic_string<char>, float> CoordinateCalculations::calculate_directional_bearing(sensor_msgs::msg::NavSatFix)[m[K’:
[12.767s] [01m[K/home/boat/Desktop/src/boat_control_system_final/src/Coordinate_Calculations.cpp:85:29:[m[K [01;31m[Kerror: [m[K‘[01m[Kget_magnetometer_heading[m[K’ was not declared in this scope
[12.768s]    85 |     float current_heading = [01;31m[Kget_magnetometer_heading[m[K();
[12.769s]       |                             [01;31m[K^~~~~~~~~~~~~~~~~~~~~~~~[m[K
[12.796s] [01m[K/home/boat/Desktop/src/boat_control_system_final/src/Coordinate_Calculations.cpp:86:52:[m[K [01;31m[Kerror: [m[K‘[01m[Kget_curr_pos[m[K’ was not declared in this scope
[12.797s]    86 |     sensor_msgs::msg::NavSatFix current_position = [01;31m[Kget_curr_pos[m[K();
[12.797s]       |                                                    [01;31m[K^~~~~~~~~~~~[m[K
[12.829s] [01m[K/home/boat/Desktop/src/boat_control_system_final/src/Coordinate_Calculations.cpp:[m[K In member function ‘[01m[Kfloat CoordinateCalculations::calculate_angle_to_wind()[m[K’:
[12.830s] [01m[K/home/boat/Desktop/src/boat_control_system_final/src/Coordinate_Calculations.cpp:120:28:[m[K [01;31m[Kerror: [m[K‘[01m[Kget_wind_angle[m[K’ was not declared in this scope; did you mean ‘[01m[Kmax_upwind_angle[m[K’?
[12.831s]   120 |     float wind_direction = [01;31m[Kget_wind_angle[m[K();
[12.832s]       |                            [01;31m[K^~~~~~~~~~~~~~[m[K
[12.832s]       |                            [32m[Kmax_upwind_angle[m[K
[12.877s] [01m[K/home/boat/Desktop/src/boat_control_system_final/src/Coordinate_Calculations.cpp:121:29:[m[K [01;31m[Kerror: [m[K‘[01m[Kget_magnetometer_heading[m[K’ was not declared in this scope
[12.878s]   121 |     float current_heading = [01;31m[Kget_magnetometer_heading[m[K();
[12.879s]       |                             [01;31m[K^~~~~~~~~~~~~~~~~~~~~~~~[m[K
[12.907s] [01m[K/home/boat/Desktop/src/boat_control_system_final/src/Coordinate_Calculations.cpp:[m[K In member function ‘[01m[Kvoid CoordinateCalculations::plan_path(const NavSatFix&, const NavSatFix&)[m[K’:
[12.908s] [01m[K/home/boat/Desktop/src/boat_control_system_final/src/Coordinate_Calculations.cpp:138:28:[m[K [01;31m[Kerror: [m[K‘[01m[Kget_wind_angle[m[K’ was not declared in this scope; did you mean ‘[01m[Kmax_upwind_angle[m[K’?
[12.909s]   138 |     float wind_direction = [01;31m[Kget_wind_angle[m[K();  // Get current wind direction
[12.910s]       |                            [01;31m[K^~~~~~~~~~~~~~[m[K
[12.911s]       |                            [32m[Kmax_upwind_angle[m[K
[14.800s] gmake[2]: *** [CMakeFiles/CoordinateCalculations.dir/build.make:76: CMakeFiles/CoordinateCalculations.dir/src/Coordinate_Calculations.cpp.o] Error 1
[14.800s] gmake[1]: *** [CMakeFiles/Makefile2:221: CMakeFiles/CoordinateCalculations.dir/all] Error 2
[14.802s] gmake: *** [Makefile:146: all] Error 2
[14.808s] Invoked command in '/home/boat/Desktop/src/boat_control_system_final/build/boat_control_system_final' returned '2': CMAKE_PREFIX_PATH=/opt/ros/humble /usr/bin/cmake --build /home/boat/Desktop/src/boat_control_system_final/build/boat_control_system_final -- -j4 -l4
