[0.068s] Invoking command in '/home/boat/Desktop/src/boat_control_system_final/build/boat_control_system_final': CMAKE_PREFIX_PATH=/opt/ros/humble /usr/bin/cmake --build /home/boat/Desktop/src/boat_control_system_final/build/boat_control_system_final -- -j4 -l4
[0.344s] [ 16%] Built target WaypointQueue
[0.374s] [ 33%] Built target CoordinateCalculations
[0.444s] [35m[1mConsolidate compiler generated dependencies of target RudderServoControlNode[0m
[0.489s] [ 50%] Built target WaypointQueueNode
[0.507s] [ 66%] Built target CoordinateCalculationsNodeLib
[0.559s] [ 75%] [32mBuilding CXX object CMakeFiles/RudderServoControlNode.dir/src/RudderServoControlNode.cpp.o[0m
[0.646s] [ 91%] Built target CoordinateCalculationsNodeExec
[12.710s] [01m[K/home/boat/Desktop/src/boat_control_system_final/src/RudderServoControlNode.cpp:[m[K In member function ‘[01m[Kvoid RudderServoControlNode::turnBoat(float)[m[K’:
[12.710s] [01m[K/home/boat/Desktop/src/boat_control_system_final/src/RudderServoControlNode.cpp:95:116:[m[K [01;31m[Kerror: [m[Kcannot convert ‘[01m[Kfloat[m[K’ to ‘[01m[Ksensor_msgs::msg::NavSatFix[m[K’ {aka ‘[01m[Ksensor_msgs::msg::NavSatFix_<std::allocator<void> >[m[K’}
[12.711s]    95 |         std::tie(turn_direction, turn_angle) = CoordinateCalculations::getInstance().calculate_directional_bearing([01;31m[Kdesired_angle_heading[m[K);
[12.712s]       |                                                                                                                    [01;31m[K^~~~~~~~~~~~~~~~~~~~~[m[K
[12.712s]       |                                                                                                                    [01;31m[K|[m[K
[12.713s]       |                                                                                                                    [01;31m[Kfloat[m[K
[12.713s] In file included from [01m[K/home/boat/Desktop/src/boat_control_system_final/src/RudderServoControlNode.cpp:17[m[K:
[12.714s] [01m[K/home/boat/Desktop/src/boat_control_system_final/include/boat_control_system_final/Coordinate_Calculations.h:59:93:[m[K [01;36m[Knote: [m[K  initializing argument 1 of ‘[01m[Kstd::pair<std::__cxx11::basic_string<char>, float> CoordinateCalculations::calculate_directional_bearing(sensor_msgs::msg::NavSatFix)[m[K’
[12.714s]    59 |     std::pair<std::string, float> calculate_directional_bearing([01;36m[Ksensor_msgs::msg::NavSatFix target_waypoint[m[K);
[12.715s]       |                                                                 [01;36m[K~~~~~~~~~~~~~~~~~~~~~~~~~~~~^~~~~~~~~~~~~~~[m[K
[12.717s] [01m[K/home/boat/Desktop/src/boat_control_system_final/src/RudderServoControlNode.cpp:[m[K In member function ‘[01m[Kvoid RudderServoControlNode::executeWaypoints()[m[K’:
[12.718s] [01m[K/home/boat/Desktop/src/boat_control_system_final/src/RudderServoControlNode.cpp:156:22:[m[K [01;31m[Kerror: [m[Kcannot convert ‘[01m[Ksensor_msgs::msg::NavSatFix_<std::allocator<void> >[m[K’ to ‘[01m[Kfloat[m[K’
[12.718s]   156 |             turnBoat([01;31m[Knext_waypoint[m[K);
[12.719s]       |                      [01;31m[K^~~~~~~~~~~~~[m[K
[12.719s]       |                      [01;31m[K|[m[K
[12.719s]       |                      [01;31m[Ksensor_msgs::msg::NavSatFix_<std::allocator<void> >[m[K
[12.720s] [01m[K/home/boat/Desktop/src/boat_control_system_final/src/RudderServoControlNode.cpp:88:45:[m[K [01;36m[Knote: [m[K  initializing argument 1 of ‘[01m[Kvoid RudderServoControlNode::turnBoat(float)[m[K’
[12.720s]    88 | void RudderServoControlNode::turnBoat([01;36m[Kfloat desired_angle_heading[m[K)
[12.721s]       |                                       [01;36m[K~~~~~~^~~~~~~~~~~~~~~~~~~~~[m[K
[29.254s] gmake[2]: *** [CMakeFiles/RudderServoControlNode.dir/build.make:76: CMakeFiles/RudderServoControlNode.dir/src/RudderServoControlNode.cpp.o] Error 1
[29.255s] gmake[1]: *** [CMakeFiles/Makefile2:281: CMakeFiles/RudderServoControlNode.dir/all] Error 2
[29.256s] gmake: *** [Makefile:146: all] Error 2
[29.263s] Invoked command in '/home/boat/Desktop/src/boat_control_system_final/build/boat_control_system_final' returned '2': CMAKE_PREFIX_PATH=/opt/ros/humble /usr/bin/cmake --build /home/boat/Desktop/src/boat_control_system_final/build/boat_control_system_final -- -j4 -l4
