[0.065s] Invoking command in '/home/boat/Desktop/src/boat_control_system_final/build/boat_control_system_final': CMAKE_PREFIX_PATH=/opt/ros/humble /usr/bin/cmake --build /home/boat/Desktop/src/boat_control_system_final/build/boat_control_system_final -- -j4 -l4
[0.331s] [ 50%] [32mBuilding CXX object CMakeFiles/WaypointQueueNode.dir/src/WaypointQueueNode.cpp.o[0m
[11.106s] In file included from [01m[K/home/boat/Desktop/src/boat_control_system_final/src/WaypointQueueNode.cpp:1[m[K:
[11.107s] [01m[K/home/boat/Desktop/src/boat_control_system_final/include/boat_control_system_final/WaypointQueueNode.hpp:12:23:[m[K [01;31m[Kerror: [m[K‘[01m[Kstd_msgs[m[K’ was not declared in this scope
[11.107s]    12 |     rclcpp::Publisher<[01;31m[Kstd_msgs[m[K::msg::String>::SharedPtr waypoint_publisher_;
[11.107s]       |                       [01;31m[K^~~~~~~~[m[K
[11.108s] [01m[K/home/boat/Desktop/src/boat_control_system_final/include/boat_control_system_final/WaypointQueueNode.hpp:12:44:[m[K [01;31m[Kerror: [m[Ktemplate argument 1 is invalid
[11.108s]    12 |     rclcpp::Publisher<std_msgs::msg::String[01;31m[K>[m[K::SharedPtr waypoint_publisher_;
[11.108s]       |                                            [01;31m[K^[m[K
[11.109s] [01m[K/home/boat/Desktop/src/boat_control_system_final/include/boat_control_system_final/WaypointQueueNode.hpp:12:47:[m[K [01;31m[Kerror: [m[Kexpected ‘[01m[K;[m[K’ at end of member declaration
[11.109s]    12 |     rclcpp::Publisher<std_msgs::msg::String>::[01;31m[KSharedPtr[m[K waypoint_publisher_;
[11.110s]       |                                               [01;31m[K^~~~~~~~~[m[K
[11.110s]       |                                                        [32m[K;[m[K
[11.118s] [01m[K/home/boat/Desktop/src/boat_control_system_final/include/boat_control_system_final/WaypointQueueNode.hpp:12:57:[m[K [01;31m[Kerror: [m[K‘[01m[Kwaypoint_publisher_[m[K’ does not name a type
[11.119s]    12 |     rclcpp::Publisher<std_msgs::msg::String>::SharedPtr [01;31m[Kwaypoint_publisher_[m[K;
[11.120s]       |                                                         [01;31m[K^~~~~~~~~~~~~~~~~~~[m[K
[11.142s] [01m[K/home/boat/Desktop/src/boat_control_system_final/include/boat_control_system_final/WaypointQueueNode.hpp:15:26:[m[K [01;31m[Kerror: [m[K‘[01m[Kstd_msgs[m[K’ was not declared in this scope
[11.143s]    15 |     rclcpp::Subscription<[01;31m[Kstd_msgs[m[K::msg::String>::SharedPtr waypoint_subscriber_;
[11.143s]       |                          [01;31m[K^~~~~~~~[m[K
[11.144s] [01m[K/home/boat/Desktop/src/boat_control_system_final/include/boat_control_system_final/WaypointQueueNode.hpp:15:47:[m[K [01;31m[Kerror: [m[Ktemplate argument 1 is invalid
[11.144s]    15 |     rclcpp::Subscription<std_msgs::msg::String[01;31m[K>[m[K::SharedPtr waypoint_subscriber_;
[11.144s]       |                                               [01;31m[K^[m[K
[11.145s] [01m[K/home/boat/Desktop/src/boat_control_system_final/include/boat_control_system_final/WaypointQueueNode.hpp:15:47:[m[K [01;31m[Kerror: [m[Ktemplate argument 3 is invalid
[11.146s] [01m[K/home/boat/Desktop/src/boat_control_system_final/include/boat_control_system_final/WaypointQueueNode.hpp:15:47:[m[K [01;31m[Kerror: [m[Ktemplate argument 4 is invalid
[11.146s] [01m[K/home/boat/Desktop/src/boat_control_system_final/include/boat_control_system_final/WaypointQueueNode.hpp:15:47:[m[K [01;31m[Kerror: [m[Ktemplate argument 5 is invalid
[11.147s] [01m[K/home/boat/Desktop/src/boat_control_system_final/include/boat_control_system_final/WaypointQueueNode.hpp:15:50:[m[K [01;31m[Kerror: [m[Kexpected ‘[01m[K;[m[K’ at end of member declaration
[11.147s]    15 |     rclcpp::Subscription<std_msgs::msg::String>::[01;31m[KSharedPtr[m[K waypoint_subscriber_;
[11.147s]       |                                                  [01;31m[K^~~~~~~~~[m[K
[11.148s]       |                                                           [32m[K;[m[K
[11.148s] [01m[K/home/boat/Desktop/src/boat_control_system_final/include/boat_control_system_final/WaypointQueueNode.hpp:15:50:[m[K [01;31m[Kerror: [m[Kredeclaration of ‘[01m[Kint WaypointQueueNode::SharedPtr[m[K’
[11.148s] [01m[K/home/boat/Desktop/src/boat_control_system_final/include/boat_control_system_final/WaypointQueueNode.hpp:12:47:[m[K [01;36m[Knote: [m[Kprevious declaration ‘[01m[Kint WaypointQueueNode::SharedPtr[m[K’
[11.149s]    12 |     rclcpp::Publisher<std_msgs::msg::String>::[01;36m[KSharedPtr[m[K waypoint_publisher_;
[11.149s]       |                                               [01;36m[K^~~~~~~~~[m[K
[11.155s] [01m[K/home/boat/Desktop/src/boat_control_system_final/include/boat_control_system_final/WaypointQueueNode.hpp:15:60:[m[K [01;31m[Kerror: [m[K‘[01m[Kwaypoint_subscriber_[m[K’ does not name a type
[11.156s]    15 |     rclcpp::Subscription<std_msgs::msg::String>::SharedPtr [01;31m[Kwaypoint_subscriber_[m[K;
[11.157s]       |                                                            [01;31m[K^~~~~~~~~~~~~~~~~~~~[m[K
[11.163s] [01m[K/home/boat/Desktop/src/boat_control_system_final/include/boat_control_system_final/WaypointQueueNode.hpp:18:34:[m[K [01;31m[Kerror: [m[K‘[01m[Kstd_msgs[m[K’ does not name a type
[11.163s]    18 |     void waypoint_callback(const [01;31m[Kstd_msgs[m[K::msg::String::SharedPtr msg);
[11.164s]       |                                  [01;31m[K^~~~~~~~[m[K
[11.165s] [01m[K/home/boat/Desktop/src/boat_control_system_final/include/boat_control_system_final/WaypointQueueNode.hpp:18:47:[m[K [01;31m[Kerror: [m[Kexpected unqualified-id before ‘[01m[K::[m[K’ token
[11.165s]    18 |     void waypoint_callback(const std_msgs::msg[01;31m[K::[m[KString::SharedPtr msg);
[11.166s]       |                                               [01;31m[K^~[m[K
[11.166s] [01m[K/home/boat/Desktop/src/boat_control_system_final/include/boat_control_system_final/WaypointQueueNode.hpp:18:47:[m[K [01;31m[Kerror: [m[Kexpected ‘[01m[K)[m[K’ before ‘[01m[K::[m[K’ token
[11.167s]    18 |     void waypoint_callback[34m[K([m[Kconst std_msgs::msg[01;31m[K:[m[K[32m[K:[m[KString::SharedPtr msg);
[11.168s]       |                           [34m[K~[m[K                   [01;31m[K^[m[K[32m[K~[m[K
[11.168s]       |                                               [32m[K)[m[K
[11.169s] [01m[K/home/boat/Desktop/src/boat_control_system_final/include/boat_control_system_final/WaypointQueueNode.hpp:18:44:[m[K [01;31m[Kerror: [m[Kexpected ‘[01m[K;[m[K’ at end of member declaration
[11.169s]    18 |     void waypoint_callback(const std_msgs::[01;31m[Kmsg[m[K::String::SharedPtr msg);
[11.170s]       |                                            [01;31m[K^~~[m[K
[11.170s]       |                                               [32m[K;[m[K
[11.173s] [01m[K/home/boat/Desktop/src/boat_control_system_final/include/boat_control_system_final/WaypointQueueNode.hpp:18:49:[m[K [01;31m[Kerror: [m[K‘[01m[KString[m[K’ in namespace ‘[01m[K::[m[K’ does not name a type
[11.173s]    18 |     void waypoint_callback(const std_msgs::msg::[01;31m[KString[m[K::SharedPtr msg);
[11.174s]       |                                                 [01;31m[K^~~~~~[m[K
[11.211s] [01m[K/home/boat/Desktop/src/boat_control_system_final/src/WaypointQueueNode.cpp:[m[K In constructor ‘[01m[KWaypointQueueNode::WaypointQueueNode()[m[K’:
[11.211s] [01m[K/home/boat/Desktop/src/boat_control_system_final/src/WaypointQueueNode.cpp:7:5:[m[K [01;31m[Kerror: [m[K‘[01m[Kwaypoint_publisher_[m[K’ was not declared in this scope; did you mean ‘[01m[Kcount_publishers[m[K’?
[11.212s]     7 |     [01;31m[Kwaypoint_publisher_[m[K = this->create_publisher<std_msgs::msg::String>("waypoint_topic", 10);
[11.212s]       |     [01;31m[K^~~~~~~~~~~~~~~~~~~[m[K
[11.213s]       |     [32m[Kcount_publishers[m[K
[11.234s] [01m[K/home/boat/Desktop/src/boat_control_system_final/src/WaypointQueueNode.cpp:7:50:[m[K [01;31m[Kerror: [m[K‘[01m[Kstd_msgs[m[K’ was not declared in this scope
[11.235s]     7 |     waypoint_publisher_ = this->create_publisher<[01;31m[Kstd_msgs[m[K::msg::String>("waypoint_topic", 10);
[11.236s]       |                                                  [01;31m[K^~~~~~~~[m[K
[11.236s] [01m[K/home/boat/Desktop/src/boat_control_system_final/src/WaypointQueueNode.cpp:7:33:[m[K [01;31m[Kerror: [m[Kparse error in template argument list
[11.237s]     7 |     waypoint_publisher_ = this->[01;31m[Kcreate_publisher<std_msgs::msg::String>[m[K("waypoint_topic", 10);
[11.237s]       |                                 [01;31m[K^~~~~~~~~~~~~~~~~~~~~~~~~~~~~~~~~~~~~~~[m[K
[11.238s] [01m[K/home/boat/Desktop/src/boat_control_system_final/src/WaypointQueueNode.cpp:7:72:[m[K [01;31m[Kerror: [m[Kno matching function for call to ‘[01m[KWaypointQueueNode::create_publisher<<expression error> >(const char [15], int)[m[K’
[11.238s]     7 |     waypoint_publisher_ = [01;31m[Kthis->create_publisher<std_msgs::msg::String>("waypoint_topic", 10)[m[K;
[11.239s]       |                           [01;31m[K~~~~~~~~~~~~~~~~~~~~~~~~~~~~~~~~~~~~~~~~~~~~~^~~~~~~~~~~~~~~~~~~~~~[m[K
[11.239s] In file included from [01m[K/opt/ros/humble/include/rclcpp/rclcpp/executors/single_threaded_executor.hpp:28[m[K,
[11.240s]                  from [01m[K/opt/ros/humble/include/rclcpp/rclcpp/executors.hpp:22[m[K,
[11.240s]                  from [01m[K/opt/ros/humble/include/rclcpp/rclcpp/rclcpp.hpp:155[m[K,
[11.241s]                  from [01m[K/home/boat/Desktop/src/boat_control_system_final/include/boat_control_system_final/WaypointQueueNode.hpp:4[m[K,
[11.241s]                  from [01m[K/home/boat/Desktop/src/boat_control_system_final/src/WaypointQueueNode.cpp:1[m[K:
[11.242s] [01m[K/opt/ros/humble/include/rclcpp/rclcpp/node.hpp:195:3:[m[K [01;36m[Knote: [m[Kcandidate: ‘[01m[Ktemplate<class MessageT, class AllocatorT, class PublisherT> std::shared_ptr<PublisherT> rclcpp::Node::create_publisher(const string&, const rclcpp::QoS&, const rclcpp::PublisherOptionsWithAllocator<AllocatorT>&)[m[K’
[11.243s]   195 |   [01;36m[Kcreate_publisher[m[K(
[11.243s]       |   [01;36m[K^~~~~~~~~~~~~~~~[m[K
[11.244s] [01m[K/opt/ros/humble/include/rclcpp/rclcpp/node.hpp:195:3:[m[K [01;36m[Knote: [m[K  template argument deduction/substitution failed:
[11.244s] [01m[K/home/boat/Desktop/src/boat_control_system_final/src/WaypointQueueNode.cpp:7:72:[m[K [01;31m[Kerror: [m[Ktemplate argument 1 is invalid
[11.245s]     7 |     waypoint_publisher_ = [01;31m[Kthis->create_publisher<std_msgs::msg::String>("waypoint_topic", 10)[m[K;
[11.246s]       |                           [01;31m[K~~~~~~~~~~~~~~~~~~~~~~~~~~~~~~~~~~~~~~~~~~~~~^~~~~~~~~~~~~~~~~~~~~~[m[K
[11.273s] [01m[K/home/boat/Desktop/src/boat_control_system_final/src/WaypointQueueNode.cpp:11:5:[m[K [01;31m[Kerror: [m[K‘[01m[Kwaypoint_subscriber_[m[K’ was not declared in this scope; did you mean ‘[01m[Kcount_subscribers[m[K’?
[11.273s]    11 |     [01;31m[Kwaypoint_subscriber_[m[K = this->create_subscription<std_msgs::msg::String>(
[11.274s]       |     [01;31m[K^~~~~~~~~~~~~~~~~~~~[m[K
[11.275s]       |     [32m[Kcount_subscribers[m[K
[11.275s] [01m[K/home/boat/Desktop/src/boat_control_system_final/src/WaypointQueueNode.cpp:11:34:[m[K [01;31m[Kerror: [m[Kparse error in template argument list
[11.275s]    11 |     waypoint_subscriber_ = this->[01;31m[Kcreate_subscription<std_msgs::msg::String>[m[K(
[11.276s]       |                                  [01;31m[K^~~~~~~~~~~~~~~~~~~~~~~~~~~~~~~~~~~~~~~~~~[m[K
[11.293s] [01m[K/home/boat/Desktop/src/boat_control_system_final/src/WaypointQueueNode.cpp:11:76:[m[K [01;31m[Kerror: [m[Kno matching function for call to ‘[01m[KWaypointQueueNode::create_subscription<std_msgs>(const char [15], int, std::_Bind_helper<false, void (WaypointQueueNode::*)(...), WaypointQueueNode*, const std::_Placeholder<1>&>::type)[m[K’
[11.294s]    11 |     waypoint_subscriber_ = [01;31m[Kthis->create_subscription<std_msgs::msg::String>([m[K
[11.295s]       |                            [01;31m[K~~~~~~~~~~~~~~~~~~~~~~~~~~~~~~~~~~~~~~~~~~~~~~~~^[m[K
[11.295s]    12 | [01;31m[K        "waypoint_topic",[m[K
[11.296s]       |         [01;31m[K~~~~~~~~~~~~~~~~~[m[K                                                   
[11.297s]    13 | [01;31m[K        10,[m[K
[11.297s]       |         [01;31m[K~~~[m[K                                                                 
[11.298s]    14 | [01;31m[K        std::bind(&WaypointQueueNode::waypoint_callback, this, std::placeholders::_1)[m[K
[11.299s]       |         [01;31m[K~~~~~~~~~~~~~~~~~~~~~~~~~~~~~~~~~~~~~~~~~~~~~~~~~~~~~~~~~~~~~~~~~~~~~~~~~~~~~[m[K
[11.300s]    15 | [01;31m[K    )[m[K;
[11.300s]       |     [01;31m[K~[m[K                                                                       
[11.301s] In file included from [01m[K/opt/ros/humble/include/rclcpp/rclcpp/executors/single_threaded_executor.hpp:28[m[K,
[11.301s]                  from [01m[K/opt/ros/humble/include/rclcpp/rclcpp/executors.hpp:22[m[K,
[11.302s]                  from [01m[K/opt/ros/humble/include/rclcpp/rclcpp/rclcpp.hpp:155[m[K,
[11.302s]                  from [01m[K/home/boat/Desktop/src/boat_control_system_final/include/boat_control_system_final/WaypointQueueNode.hpp:4[m[K,
[11.303s]                  from [01m[K/home/boat/Desktop/src/boat_control_system_final/src/WaypointQueueNode.cpp:1[m[K:
[11.304s] [01m[K/opt/ros/humble/include/rclcpp/rclcpp/node.hpp:219:3:[m[K [01;36m[Knote: [m[Kcandidate: ‘[01m[Ktemplate<class MessageT, class CallbackT, class AllocatorT, class SubscriptionT, class MessageMemoryStrategyT> std::shared_ptr<ROSMessageT> rclcpp::Node::create_subscription(const string&, const rclcpp::QoS&, CallbackT&&, const rclcpp::SubscriptionOptionsWithAllocator<AllocatorT>&, typename MessageMemoryStrategyT::SharedPtr)[m[K’
[11.304s]   219 |   [01;36m[Kcreate_subscription[m[K(
[11.305s]       |   [01;36m[K^~~~~~~~~~~~~~~~~~~[m[K
[11.305s] [01m[K/opt/ros/humble/include/rclcpp/rclcpp/node.hpp:219:3:[m[K [01;36m[Knote: [m[K  template argument deduction/substitution failed:
[11.306s] [01m[K/home/boat/Desktop/src/boat_control_system_final/src/WaypointQueueNode.cpp:19:20:[m[K [01;31m[Kerror: [m[K‘[01m[Kstd_msgs[m[K’ is not a class, namespace, or enumeration
[11.306s]    19 |     auto message = [01;31m[Kstd_msgs[m[K::msg::String();
[11.307s]       |                    [01;31m[K^~~~~~~~[m[K
[11.307s] [01m[K/home/boat/Desktop/src/boat_control_system_final/src/WaypointQueueNode.cpp:[m[K At global scope:
[11.308s] [01m[K/home/boat/Desktop/src/boat_control_system_final/src/WaypointQueueNode.cpp:24:49:[m[K [01;31m[Kerror: [m[K‘[01m[Kstd_msgs[m[K’ does not name a type
[11.308s]    24 | void WaypointQueueNode::waypoint_callback(const [01;31m[Kstd_msgs[m[K::msg::String::SharedPtr msg)
[11.309s]       |                                                 [01;31m[K^~~~~~~~[m[K
[11.309s] [01m[K/home/boat/Desktop/src/boat_control_system_final/src/WaypointQueueNode.cpp:24:62:[m[K [01;31m[Kerror: [m[Kexpected unqualified-id before ‘[01m[K::[m[K’ token
[11.310s]    24 | void WaypointQueueNode::waypoint_callback(const std_msgs::msg[01;31m[K::[m[KString::SharedPtr msg)
[11.310s]       |                                                              [01;31m[K^~[m[K
[11.311s] [01m[K/home/boat/Desktop/src/boat_control_system_final/src/WaypointQueueNode.cpp:24:62:[m[K [01;31m[Kerror: [m[Kexpected ‘[01m[K)[m[K’ before ‘[01m[K::[m[K’ token
[11.311s]    24 | void WaypointQueueNode::waypoint_callback[34m[K([m[Kconst std_msgs::msg[01;31m[K:[m[K[32m[K:[m[KString::SharedPtr msg)
[11.311s]       |                                          [34m[K~[m[K                   [01;31m[K^[m[K[32m[K~[m[K
[11.312s]       |                                                              [32m[K)[m[K
[11.312s] [01m[K/home/boat/Desktop/src/boat_control_system_final/src/WaypointQueueNode.cpp:24:62:[m[K [01;31m[Kerror: [m[Kexpected initializer before ‘[01m[K::[m[K’ token
[11.313s]    24 | void WaypointQueueNode::waypoint_callback(const std_msgs::msg[01;31m[K::[m[KString::SharedPtr msg)
[11.313s]       |                                                              [01;31m[K^~[m[K
[13.085s] gmake[2]: *** [CMakeFiles/WaypointQueueNode.dir/build.make:76: CMakeFiles/WaypointQueueNode.dir/src/WaypointQueueNode.cpp.o] Error 1
[13.086s] gmake[1]: *** [CMakeFiles/Makefile2:137: CMakeFiles/WaypointQueueNode.dir/all] Error 2
[13.087s] gmake: *** [Makefile:146: all] Error 2
[13.095s] Invoked command in '/home/boat/Desktop/src/boat_control_system_final/build/boat_control_system_final' returned '2': CMAKE_PREFIX_PATH=/opt/ros/humble /usr/bin/cmake --build /home/boat/Desktop/src/boat_control_system_final/build/boat_control_system_final -- -j4 -l4
