running egg_info
creating ../build/boat_logic/boat_logic.egg-info
writing ../build/boat_logic/boat_logic.egg-info/PKG-INFO
writing dependency_links to ../build/boat_logic/boat_logic.egg-info/dependency_links.txt
writing entry points to ../build/boat_logic/boat_logic.egg-info/entry_points.txt
writing requirements to ../build/boat_logic/boat_logic.egg-info/requires.txt
writing top-level names to ../build/boat_logic/boat_logic.egg-info/top_level.txt
writing manifest file '../build/boat_logic/boat_logic.egg-info/SOURCES.txt'
reading manifest file '../build/boat_logic/boat_logic.egg-info/SOURCES.txt'
writing manifest file '../build/boat_logic/boat_logic.egg-info/SOURCES.txt'
running build
running build_py
creating /home/boat/Desktop/TAFLAB_boatpi_roshumble/src/build/boat_logic/build
creating /home/boat/Desktop/TAFLAB_boatpi_roshumble/src/build/boat_logic/build/lib
creating /home/boat/Desktop/TAFLAB_boatpi_roshumble/src/build/boat_logic/build/lib/boat_logic
copying boat_logic/main_logic_node.py -> /home/boat/Desktop/TAFLAB_boatpi_roshumble/src/build/boat_logic/build/lib/boat_logic
copying boat_logic/__init__.py -> /home/boat/Desktop/TAFLAB_boatpi_roshumble/src/build/boat_logic/build/lib/boat_logic
copying boat_logic/logic_node_together.py -> /home/boat/Desktop/TAFLAB_boatpi_roshumble/src/build/boat_logic/build/lib/boat_logic
running install
running install_lib
creating /home/boat/Desktop/TAFLAB_boatpi_roshumble/src/install/boat_logic/lib/python3.10/site-packages/boat_logic
copying /home/boat/Desktop/TAFLAB_boatpi_roshumble/src/build/boat_logic/build/lib/boat_logic/main_logic_node.py -> /home/boat/Desktop/TAFLAB_boatpi_roshumble/src/install/boat_logic/lib/python3.10/site-packages/boat_logic
copying /home/boat/Desktop/TAFLAB_boatpi_roshumble/src/build/boat_logic/build/lib/boat_logic/__init__.py -> /home/boat/Desktop/TAFLAB_boatpi_roshumble/src/install/boat_logic/lib/python3.10/site-packages/boat_logic
copying /home/boat/Desktop/TAFLAB_boatpi_roshumble/src/build/boat_logic/build/lib/boat_logic/logic_node_together.py -> /home/boat/Desktop/TAFLAB_boatpi_roshumble/src/install/boat_logic/lib/python3.10/site-packages/boat_logic
byte-compiling /home/boat/Desktop/TAFLAB_boatpi_roshumble/src/install/boat_logic/lib/python3.10/site-packages/boat_logic/main_logic_node.py to main_logic_node.cpython-310.pyc
byte-compiling /home/boat/Desktop/TAFLAB_boatpi_roshumble/src/install/boat_logic/lib/python3.10/site-packages/boat_logic/__init__.py to __init__.cpython-310.pyc
byte-compiling /home/boat/Desktop/TAFLAB_boatpi_roshumble/src/install/boat_logic/lib/python3.10/site-packages/boat_logic/logic_node_together.py to logic_node_together.cpython-310.pyc
running install_data
creating /home/boat/Desktop/TAFLAB_boatpi_roshumble/src/install/boat_logic/share/ament_index
creating /home/boat/Desktop/TAFLAB_boatpi_roshumble/src/install/boat_logic/share/ament_index/resource_index
creating /home/boat/Desktop/TAFLAB_boatpi_roshumble/src/install/boat_logic/share/ament_index/resource_index/packages
copying resource/boat_logic -> /home/boat/Desktop/TAFLAB_boatpi_roshumble/src/install/boat_logic/share/ament_index/resource_index/packages
copying package.xml -> /home/boat/Desktop/TAFLAB_boatpi_roshumble/src/install/boat_logic/share/boat_logic
running install_egg_info
Copying ../build/boat_logic/boat_logic.egg-info to /home/boat/Desktop/TAFLAB_boatpi_roshumble/src/install/boat_logic/lib/python3.10/site-packages/boat_logic-0.0.0-py3.10.egg-info
running install_scripts
Installing main_logic_node script to /home/boat/Desktop/TAFLAB_boatpi_roshumble/src/install/boat_logic/lib/boat_logic
writing list of installed files to '/home/boat/Desktop/TAFLAB_boatpi_roshumble/src/build/boat_logic/install.log'
