[2.494s] Invoking command in '/home/boat/Desktop/TAFLAB_boatpi_roshumble/src/boat_logic': AMENT_PREFIX_PATH=/home/boat/Desktop/TAFLAB_boatpi_roshumble/src/install/lis3mdl_mag:/home/boat/Desktop/TAFLAB_boatpi_roshumble/src/install/control_py:/home/boat/Desktop/TAFLAB_boatpi_roshumble/src/install/as5600_sensor:${AMENT_PREFIX_PATH} PYTHONPATH=/home/boat/Desktop/TAFLAB_boatpi_roshumble/src/build/boat_logic/prefix_override:/usr/lib/python3/dist-packages/colcon_core/task/python/colcon_distutils_commands:/home/boat/Desktop/TAFLAB_boatpi_roshumble/src/install/boat_logic/lib/python3.10/site-packages:/home/boat/Desktop/TAFLAB_boatpi_roshumble/src/install/lis3mdl_mag/lib/python3.10/site-packages:/home/boat/Desktop/TAFLAB_boatpi_roshumble/src/install/control_py/lib/python3.10/site-packages:/home/boat/Desktop/TAFLAB_boatpi_roshumble/src/install/as5600_sensor/lib/python3.10/site-packages:${PYTHONPATH} /usr/bin/python3 -W ignore:setup.py install is deprecated setup.py egg_info --egg-base ../build/boat_logic build --build-base /home/boat/Desktop/TAFLAB_boatpi_roshumble/src/build/boat_logic/build install --record /home/boat/Desktop/TAFLAB_boatpi_roshumble/src/build/boat_logic/install.log --single-version-externally-managed install_data
[3.463s] running egg_info
[3.466s] creating ../build/boat_logic/boat_logic.egg-info
[3.467s] writing ../build/boat_logic/boat_logic.egg-info/PKG-INFO
[3.468s] writing dependency_links to ../build/boat_logic/boat_logic.egg-info/dependency_links.txt
[3.469s] writing entry points to ../build/boat_logic/boat_logic.egg-info/entry_points.txt
[3.469s] writing requirements to ../build/boat_logic/boat_logic.egg-info/requires.txt
[3.470s] writing top-level names to ../build/boat_logic/boat_logic.egg-info/top_level.txt
[3.471s] writing manifest file '../build/boat_logic/boat_logic.egg-info/SOURCES.txt'
[3.478s] reading manifest file '../build/boat_logic/boat_logic.egg-info/SOURCES.txt'
[3.483s] writing manifest file '../build/boat_logic/boat_logic.egg-info/SOURCES.txt'
[3.483s] running build
[3.484s] running build_py
[3.484s] creating /home/boat/Desktop/TAFLAB_boatpi_roshumble/src/build/boat_logic/build
[3.487s] creating /home/boat/Desktop/TAFLAB_boatpi_roshumble/src/build/boat_logic/build/lib
[3.488s] creating /home/boat/Desktop/TAFLAB_boatpi_roshumble/src/build/boat_logic/build/lib/boat_logic
[3.488s] copying boat_logic/main_logic_node.py -> /home/boat/Desktop/TAFLAB_boatpi_roshumble/src/build/boat_logic/build/lib/boat_logic
[3.489s] copying boat_logic/__init__.py -> /home/boat/Desktop/TAFLAB_boatpi_roshumble/src/build/boat_logic/build/lib/boat_logic
[3.489s] copying boat_logic/logic_node_together.py -> /home/boat/Desktop/TAFLAB_boatpi_roshumble/src/build/boat_logic/build/lib/boat_logic
[3.490s] running install
[3.492s] running install_lib
[3.495s] creating /home/boat/Desktop/TAFLAB_boatpi_roshumble/src/install/boat_logic/lib/python3.10/site-packages/boat_logic
[3.495s] copying /home/boat/Desktop/TAFLAB_boatpi_roshumble/src/build/boat_logic/build/lib/boat_logic/main_logic_node.py -> /home/boat/Desktop/TAFLAB_boatpi_roshumble/src/install/boat_logic/lib/python3.10/site-packages/boat_logic
[3.496s] copying /home/boat/Desktop/TAFLAB_boatpi_roshumble/src/build/boat_logic/build/lib/boat_logic/__init__.py -> /home/boat/Desktop/TAFLAB_boatpi_roshumble/src/install/boat_logic/lib/python3.10/site-packages/boat_logic
[3.497s] copying /home/boat/Desktop/TAFLAB_boatpi_roshumble/src/build/boat_logic/build/lib/boat_logic/logic_node_together.py -> /home/boat/Desktop/TAFLAB_boatpi_roshumble/src/install/boat_logic/lib/python3.10/site-packages/boat_logic
[3.502s] byte-compiling /home/boat/Desktop/TAFLAB_boatpi_roshumble/src/install/boat_logic/lib/python3.10/site-packages/boat_logic/main_logic_node.py to main_logic_node.cpython-310.pyc
[3.511s] byte-compiling /home/boat/Desktop/TAFLAB_boatpi_roshumble/src/install/boat_logic/lib/python3.10/site-packages/boat_logic/__init__.py to __init__.cpython-310.pyc
[3.513s] byte-compiling /home/boat/Desktop/TAFLAB_boatpi_roshumble/src/install/boat_logic/lib/python3.10/site-packages/boat_logic/logic_node_together.py to logic_node_together.cpython-310.pyc
[3.518s] running install_data
[3.519s] creating /home/boat/Desktop/TAFLAB_boatpi_roshumble/src/install/boat_logic/share/ament_index
[3.519s] creating /home/boat/Desktop/TAFLAB_boatpi_roshumble/src/install/boat_logic/share/ament_index/resource_index
[3.520s] creating /home/boat/Desktop/TAFLAB_boatpi_roshumble/src/install/boat_logic/share/ament_index/resource_index/packages
[3.520s] copying resource/boat_logic -> /home/boat/Desktop/TAFLAB_boatpi_roshumble/src/install/boat_logic/share/ament_index/resource_index/packages
[3.521s] copying package.xml -> /home/boat/Desktop/TAFLAB_boatpi_roshumble/src/install/boat_logic/share/boat_logic
[3.521s] running install_egg_info
[3.528s] Copying ../build/boat_logic/boat_logic.egg-info to /home/boat/Desktop/TAFLAB_boatpi_roshumble/src/install/boat_logic/lib/python3.10/site-packages/boat_logic-0.0.0-py3.10.egg-info
[3.534s] running install_scripts
[3.615s] Installing main_logic_node script to /home/boat/Desktop/TAFLAB_boatpi_roshumble/src/install/boat_logic/lib/boat_logic
[3.616s] writing list of installed files to '/home/boat/Desktop/TAFLAB_boatpi_roshumble/src/build/boat_logic/install.log'
[3.738s] Invoked command in '/home/boat/Desktop/TAFLAB_boatpi_roshumble/src/boat_logic' returned '0': AMENT_PREFIX_PATH=/home/boat/Desktop/TAFLAB_boatpi_roshumble/src/install/lis3mdl_mag:/home/boat/Desktop/TAFLAB_boatpi_roshumble/src/install/control_py:/home/boat/Desktop/TAFLAB_boatpi_roshumble/src/install/as5600_sensor:${AMENT_PREFIX_PATH} PYTHONPATH=/home/boat/Desktop/TAFLAB_boatpi_roshumble/src/build/boat_logic/prefix_override:/usr/lib/python3/dist-packages/colcon_core/task/python/colcon_distutils_commands:/home/boat/Desktop/TAFLAB_boatpi_roshumble/src/install/boat_logic/lib/python3.10/site-packages:/home/boat/Desktop/TAFLAB_boatpi_roshumble/src/install/lis3mdl_mag/lib/python3.10/site-packages:/home/boat/Desktop/TAFLAB_boatpi_roshumble/src/install/control_py/lib/python3.10/site-packages:/home/boat/Desktop/TAFLAB_boatpi_roshumble/src/install/as5600_sensor/lib/python3.10/site-packages:${PYTHONPATH} /usr/bin/python3 -W ignore:setup.py install is deprecated setup.py egg_info --egg-base ../build/boat_logic build --build-base /home/boat/Desktop/TAFLAB_boatpi_roshumble/src/build/boat_logic/build install --record /home/boat/Desktop/TAFLAB_boatpi_roshumble/src/build/boat_logic/install.log --single-version-externally-managed install_data
