[6.792s] Invoking command in '/home/boat/Desktop/TAFLAB_boatpi_roshumble/src/sensors/as5600_sensor': PYTHONPATH=/home/boat/Desktop/TAFLAB_boatpi_roshumble/src/build/as5600_sensor/prefix_override:/usr/lib/python3/dist-packages/colcon_core/task/python/colcon_distutils_commands:/home/boat/Desktop/TAFLAB_boatpi_roshumble/src/install/as5600_sensor/lib/python3.10/site-packages:${PYTHONPATH} /usr/bin/python3 -W ignore:setup.py install is deprecated setup.py egg_info --egg-base ../../build/as5600_sensor build --build-base /home/boat/Desktop/TAFLAB_boatpi_roshumble/src/build/as5600_sensor/build install --record /home/boat/Desktop/TAFLAB_boatpi_roshumble/src/build/as5600_sensor/install.log --single-version-externally-managed install_data
[8.349s] running egg_info
[8.352s] creating ../../build/as5600_sensor/as5600_sensor.egg-info
[8.354s] writing ../../build/as5600_sensor/as5600_sensor.egg-info/PKG-INFO
[8.356s] writing dependency_links to ../../build/as5600_sensor/as5600_sensor.egg-info/dependency_links.txt
[8.358s] writing entry points to ../../build/as5600_sensor/as5600_sensor.egg-info/entry_points.txt
[8.360s] writing requirements to ../../build/as5600_sensor/as5600_sensor.egg-info/requires.txt
[8.362s] writing top-level names to ../../build/as5600_sensor/as5600_sensor.egg-info/top_level.txt
[8.363s] writing manifest file '../../build/as5600_sensor/as5600_sensor.egg-info/SOURCES.txt'
[8.372s] reading manifest file '../../build/as5600_sensor/as5600_sensor.egg-info/SOURCES.txt'
[8.376s] writing manifest file '../../build/as5600_sensor/as5600_sensor.egg-info/SOURCES.txt'
[8.699s] running build
[8.700s] running build_py
[8.700s] creating /home/boat/Desktop/TAFLAB_boatpi_roshumble/src/build/as5600_sensor/build
[8.701s] creating /home/boat/Desktop/TAFLAB_boatpi_roshumble/src/build/as5600_sensor/build/lib
[8.702s] creating /home/boat/Desktop/TAFLAB_boatpi_roshumble/src/build/as5600_sensor/build/lib/as5600_sensor
[8.702s] copying as5600_sensor/__init__.py -> /home/boat/Desktop/TAFLAB_boatpi_roshumble/src/build/as5600_sensor/build/lib/as5600_sensor
[8.704s] copying as5600_sensor/as5600_node.py -> /home/boat/Desktop/TAFLAB_boatpi_roshumble/src/build/as5600_sensor/build/lib/as5600_sensor
[8.708s] running install
[8.711s] running install_lib
[8.723s] creating /home/boat/Desktop/TAFLAB_boatpi_roshumble/src/install/as5600_sensor/lib/python3.10/site-packages/as5600_sensor
[8.724s] copying /home/boat/Desktop/TAFLAB_boatpi_roshumble/src/build/as5600_sensor/build/lib/as5600_sensor/__init__.py -> /home/boat/Desktop/TAFLAB_boatpi_roshumble/src/install/as5600_sensor/lib/python3.10/site-packages/as5600_sensor
[8.725s] copying /home/boat/Desktop/TAFLAB_boatpi_roshumble/src/build/as5600_sensor/build/lib/as5600_sensor/as5600_node.py -> /home/boat/Desktop/TAFLAB_boatpi_roshumble/src/install/as5600_sensor/lib/python3.10/site-packages/as5600_sensor
[8.728s] byte-compiling /home/boat/Desktop/TAFLAB_boatpi_roshumble/src/install/as5600_sensor/lib/python3.10/site-packages/as5600_sensor/__init__.py to __init__.cpython-310.pyc
[8.732s] byte-compiling /home/boat/Desktop/TAFLAB_boatpi_roshumble/src/install/as5600_sensor/lib/python3.10/site-packages/as5600_sensor/as5600_node.py to as5600_node.cpython-310.pyc
[8.736s] running install_data
[8.738s] creating /home/boat/Desktop/TAFLAB_boatpi_roshumble/src/install/as5600_sensor/share/ament_index
[8.740s] creating /home/boat/Desktop/TAFLAB_boatpi_roshumble/src/install/as5600_sensor/share/ament_index/resource_index
[8.743s] creating /home/boat/Desktop/TAFLAB_boatpi_roshumble/src/install/as5600_sensor/share/ament_index/resource_index/packages
[8.746s] copying resource/as5600_sensor -> /home/boat/Desktop/TAFLAB_boatpi_roshumble/src/install/as5600_sensor/share/ament_index/resource_index/packages
[8.751s] copying package.xml -> /home/boat/Desktop/TAFLAB_boatpi_roshumble/src/install/as5600_sensor/share/as5600_sensor
[8.759s] running install_egg_info
[8.776s] Copying ../../build/as5600_sensor/as5600_sensor.egg-info to /home/boat/Desktop/TAFLAB_boatpi_roshumble/src/install/as5600_sensor/lib/python3.10/site-packages/as5600_sensor-0.0.0-py3.10.egg-info
[8.787s] running install_scripts
[8.915s] Installing as5600_node script to /home/boat/Desktop/TAFLAB_boatpi_roshumble/src/install/as5600_sensor/lib/as5600_sensor
[8.922s] writing list of installed files to '/home/boat/Desktop/TAFLAB_boatpi_roshumble/src/build/as5600_sensor/install.log'
[9.091s] Invoked command in '/home/boat/Desktop/TAFLAB_boatpi_roshumble/src/sensors/as5600_sensor' returned '0': PYTHONPATH=/home/boat/Desktop/TAFLAB_boatpi_roshumble/src/build/as5600_sensor/prefix_override:/usr/lib/python3/dist-packages/colcon_core/task/python/colcon_distutils_commands:/home/boat/Desktop/TAFLAB_boatpi_roshumble/src/install/as5600_sensor/lib/python3.10/site-packages:${PYTHONPATH} /usr/bin/python3 -W ignore:setup.py install is deprecated setup.py egg_info --egg-base ../../build/as5600_sensor build --build-base /home/boat/Desktop/TAFLAB_boatpi_roshumble/src/build/as5600_sensor/build install --record /home/boat/Desktop/TAFLAB_boatpi_roshumble/src/build/as5600_sensor/install.log --single-version-externally-managed install_data
