[0.088s] Invoking command in '/home/boat/Desktop/src/boat_control_system_final/build/boat_control_system_final': CMAKE_PREFIX_PATH=/opt/ros/humble /usr/bin/cmake --build /home/boat/Desktop/src/boat_control_system_final/build/boat_control_system_final -- -j4 -l4
[0.356s] -- Found ament_cmake: 1.3.10 (/opt/ros/humble/share/ament_cmake/cmake)
[1.103s] -- Found rclcpp: 16.0.10 (/opt/ros/humble/share/rclcpp/cmake)
[1.367s] -- Found rosidl_generator_c: 3.1.5 (/opt/ros/humble/share/rosidl_generator_c/cmake)
[1.384s] -- Found rosidl_adapter: 3.1.5 (/opt/ros/humble/share/rosidl_adapter/cmake)
[1.428s] -- Found rosidl_generator_cpp: 3.1.5 (/opt/ros/humble/share/rosidl_generator_cpp/cmake)
[1.492s] -- Using all available rosidl_typesupport_c: rosidl_typesupport_fastrtps_c;rosidl_typesupport_introspection_c
[1.573s] -- Using all available rosidl_typesupport_cpp: rosidl_typesupport_fastrtps_cpp;rosidl_typesupport_introspection_cpp
[1.791s] -- Found rmw_implementation_cmake: 6.1.2 (/opt/ros/humble/share/rmw_implementation_cmake/cmake)
[1.802s] -- Found rmw_fastrtps_cpp: 6.2.7 (/opt/ros/humble/share/rmw_fastrtps_cpp/cmake)
[2.991s] -- Using RMW implementation 'rmw_fastrtps_cpp' as default
[3.310s] -- Found sensor_msgs: 4.2.4 (/opt/ros/humble/share/sensor_msgs/cmake)
[3.544s] -- Found ament_lint_auto: 0.12.11 (/opt/ros/humble/share/ament_lint_auto/cmake)
[5.236s] -- Added test 'cppcheck' to perform static code analysis on C / C++ code
[5.239s] -- Configured cppcheck include dirs: /home/boat/Desktop/src/boat_control_system_final/include/boat_control_system_final
[5.239s] -- Configured cppcheck exclude dirs and/or files: 
[5.401s] -- Added test 'flake8' to check Python code syntax and style conventions
[5.702s] -- Added test 'lint_cmake' to check CMake code style
[5.855s] -- Added test 'pep257' to check Python code against some of the docstring style conventions in PEP 257
[7.038s] -- Added test 'uncrustify' to check C / C++ code style
[7.039s] -- Configured uncrustify additional arguments: 
[7.191s] -- Added test 'xmllint' to check XML markup files
[7.201s] -- Configuring done
[7.446s] -- Generating done
[7.470s] -- Build files have been written to: /home/boat/Desktop/src/boat_control_system_final/build/boat_control_system_final
[7.610s] [35m[1mConsolidate compiler generated dependencies of target WaypointQueue[0m
[7.611s] [35m[1mConsolidate compiler generated dependencies of target CoordinateCalculations[0m
[7.613s] [35m[1mConsolidate compiler generated dependencies of target RudderControlHelper[0m
[7.886s] [ 12%] Built target RudderControlHelper
[7.887s] [ 25%] Built target WaypointQueue
[7.896s] [ 37%] Built target CoordinateCalculations
[7.972s] [35m[1mConsolidate compiler generated dependencies of target RudderServoControlNodeLib[0m
[7.986s] [35m[1mConsolidate compiler generated dependencies of target WaypointQueueNodeExec[0m
[8.002s] [35m[1mConsolidate compiler generated dependencies of target CoordinateCalculationsNodeLib[0m
[8.183s] [ 50%] Built target RudderServoControlNodeLib
[8.221s] [ 62%] Built target WaypointQueueNodeExec
[8.225s] [ 75%] Built target CoordinateCalculationsNodeLib
[8.262s] [35m[1mConsolidate compiler generated dependencies of target RudderServoControlNodeExec[0m
[8.285s] [35m[1mConsolidate compiler generated dependencies of target CoordinateCalculationsNodeExec[0m
[8.414s] [ 81%] [32m[1mLinking CXX executable RudderServoControlNodeExec[0m
[8.442s] [ 93%] Built target CoordinateCalculationsNodeExec
[11.629s] /usr/bin/ld: CMakeFiles/RudderServoControlNodeExec.dir/src/RudderServoControlNode.cpp.o: in function `RudderServoControlNode::turnBoat(sensor_msgs::msg::NavSatFix_<std::allocator<void> >)':
[11.630s] RudderServoControlNode.cpp:(.text+0x1690): undefined reference to `CoordinateCalculations::getInstance()'
[11.632s] /usr/bin/ld: RudderServoControlNode.cpp:(.text+0x16b8): undefined reference to `CoordinateCalculations::calculate_directional_bearing[abi:cxx11](sensor_msgs::msg::NavSatFix_<std::allocator<void> >)'
[11.638s] /usr/bin/ld: RudderServoControlNode.cpp:(.text+0x16ec): undefined reference to `CoordinateCalculations::getInstance()'
[11.640s] /usr/bin/ld: RudderServoControlNode.cpp:(.text+0x1724): undefined reference to `CoordinateCalculations::calculate_bearing(sensor_msgs::msg::NavSatFix_<std::allocator<void> >, sensor_msgs::msg::NavSatFix_<std::allocator<void> >)'
[11.644s] /usr/bin/ld: CMakeFiles/RudderServoControlNodeExec.dir/src/RudderServoControlNode.cpp.o: in function `RudderServoControlNode::executeWaypoints()':
[11.652s] RudderServoControlNode.cpp:(.text+0x1b20): undefined reference to `CoordinateCalculations::getInstance()'
[11.653s] /usr/bin/ld: RudderServoControlNode.cpp:(.text+0x1b58): undefined reference to `CoordinateCalculations::calculate_distance(sensor_msgs::msg::NavSatFix_<std::allocator<void> >, sensor_msgs::msg::NavSatFix_<std::allocator<void> >)'
[11.654s] /usr/bin/ld: RudderServoControlNode.cpp:(.text+0x1c30): undefined reference to `CoordinateCalculations::getInstance()'
[11.654s] /usr/bin/ld: RudderServoControlNode.cpp:(.text+0x1c68): undefined reference to `CoordinateCalculations::calculate_distance(sensor_msgs::msg::NavSatFix_<std::allocator<void> >, sensor_msgs::msg::NavSatFix_<std::allocator<void> >)'
[12.139s] collect2: error: ld returned 1 exit status
[12.144s] gmake[2]: *** [CMakeFiles/RudderServoControlNodeExec.dir/build.make:178: RudderServoControlNodeExec] Error 1
[12.146s] gmake[1]: *** [CMakeFiles/Makefile2:313: CMakeFiles/RudderServoControlNodeExec.dir/all] Error 2
[12.147s] gmake: *** [Makefile:146: all] Error 2
[12.161s] Invoked command in '/home/boat/Desktop/src/boat_control_system_final/build/boat_control_system_final' returned '2': CMAKE_PREFIX_PATH=/opt/ros/humble /usr/bin/cmake --build /home/boat/Desktop/src/boat_control_system_final/build/boat_control_system_final -- -j4 -l4
