[6.577s] Invoking command in '/home/boat/Desktop/TAFLAB_boatpi_roshumble/src/sensors/gps_gt_u7': PYTHONPATH=/home/boat/Desktop/TAFLAB_boatpi_roshumble/src/build/gps_gt_u7/prefix_override:/usr/lib/python3/dist-packages/colcon_core/task/python/colcon_distutils_commands:/home/boat/Desktop/TAFLAB_boatpi_roshumble/src/install/gps_gt_u7/lib/python3.10/site-packages:${PYTHONPATH} /usr/bin/python3 -W ignore:setup.py install is deprecated setup.py egg_info --egg-base ../../build/gps_gt_u7 build --build-base /home/boat/Desktop/TAFLAB_boatpi_roshumble/src/build/gps_gt_u7/build install --record /home/boat/Desktop/TAFLAB_boatpi_roshumble/src/build/gps_gt_u7/install.log --single-version-externally-managed install_data
[8.146s] running egg_info
[8.149s] writing ../../build/gps_gt_u7/gps_gt_u7.egg-info/PKG-INFO
[8.170s] writing dependency_links to ../../build/gps_gt_u7/gps_gt_u7.egg-info/dependency_links.txt
[8.178s] writing entry points to ../../build/gps_gt_u7/gps_gt_u7.egg-info/entry_points.txt
[8.180s] writing requirements to ../../build/gps_gt_u7/gps_gt_u7.egg-info/requires.txt
[8.183s] writing top-level names to ../../build/gps_gt_u7/gps_gt_u7.egg-info/top_level.txt
[8.218s] reading manifest file '../../build/gps_gt_u7/gps_gt_u7.egg-info/SOURCES.txt'
[8.220s] writing manifest file '../../build/gps_gt_u7/gps_gt_u7.egg-info/SOURCES.txt'
[8.221s] running build
[8.222s] running build_py
[8.224s] running install
[8.225s] running install_lib
[8.240s] running install_data
[8.241s] running install_egg_info
[8.255s] removing '/home/boat/Desktop/TAFLAB_boatpi_roshumble/src/install/gps_gt_u7/lib/python3.10/site-packages/gps_gt_u7-0.0.0-py3.10.egg-info' (and everything under it)
[8.266s] Copying ../../build/gps_gt_u7/gps_gt_u7.egg-info to /home/boat/Desktop/TAFLAB_boatpi_roshumble/src/install/gps_gt_u7/lib/python3.10/site-packages/gps_gt_u7-0.0.0-py3.10.egg-info
[8.317s] running install_scripts
[8.543s] Installing gps_node script to /home/boat/Desktop/TAFLAB_boatpi_roshumble/src/install/gps_gt_u7/lib/gps_gt_u7
[8.559s] writing list of installed files to '/home/boat/Desktop/TAFLAB_boatpi_roshumble/src/build/gps_gt_u7/install.log'
[8.908s] Invoked command in '/home/boat/Desktop/TAFLAB_boatpi_roshumble/src/sensors/gps_gt_u7' returned '0': PYTHONPATH=/home/boat/Desktop/TAFLAB_boatpi_roshumble/src/build/gps_gt_u7/prefix_override:/usr/lib/python3/dist-packages/colcon_core/task/python/colcon_distutils_commands:/home/boat/Desktop/TAFLAB_boatpi_roshumble/src/install/gps_gt_u7/lib/python3.10/site-packages:${PYTHONPATH} /usr/bin/python3 -W ignore:setup.py install is deprecated setup.py egg_info --egg-base ../../build/gps_gt_u7 build --build-base /home/boat/Desktop/TAFLAB_boatpi_roshumble/src/build/gps_gt_u7/build install --record /home/boat/Desktop/TAFLAB_boatpi_roshumble/src/build/gps_gt_u7/install.log --single-version-externally-managed install_data
