[0.076s] Invoking command in '/home/boat/Desktop/src/boat_control_system_final/build/boat_control_system_final': CMAKE_PREFIX_PATH=/opt/ros/humble /usr/bin/cmake --build /home/boat/Desktop/src/boat_control_system_final/build/boat_control_system_final -- -j4 -l4
[0.281s] [35m[1mConsolidate compiler generated dependencies of target WaypointQueueNode[0m
[0.418s] [ 50%] [32mBuilding CXX object CMakeFiles/WaypointQueueNode.dir/src/WaypointQueueNode.cpp.o[0m
[12.624s] In file included from [01m[K/home/boat/Desktop/src/boat_control_system_final/src/WaypointQueueNode.cpp:1[m[K:
[12.625s] [01m[K/home/boat/Desktop/src/boat_control_system_final/include/boat_control_system_final/WaypointQueueNode.hpp:37:70:[m[K [01;31m[Kerror: [m[Kexpected ‘[01m[K;[m[K’ at end of member declaration
[12.625s]    37 |     void gpsCallback(const sensor_msgs::msg::NavSatFix::SharedPtr msg[01;31m[K)[m[K;
[12.626s]       |                                                                      [01;31m[K^[m[K
[12.627s]       |                                                                       [32m[K;[m[K
[12.632s] [01m[K/home/boat/Desktop/src/boat_control_system_final/src/WaypointQueueNode.cpp:[m[K In constructor ‘[01m[KWaypointQueueNode::WaypointQueueNode()[m[K’:
[12.633s] [01m[K/home/boat/Desktop/src/boat_control_system_final/src/WaypointQueueNode.cpp:13:39:[m[K [01;31m[Kerror: [m[K‘[01m[Kground_station_callback[m[K’ is not a member of ‘[01m[KWaypointQueueNode[m[K’
[12.640s]    13 |         std::bind(&WaypointQueueNode::[01;31m[Kground_station_callback[m[K, this, std::placeholders::_1));
[12.640s]       |                                       [01;31m[K^~~~~~~~~~~~~~~~~~~~~~~[m[K
[12.670s] [01m[K/home/boat/Desktop/src/boat_control_system_final/src/WaypointQueueNode.cpp:16:5:[m[K [01;31m[Kerror: [m[K‘[01m[Kcalculated_waypoints_subscription_[m[K’ was not declared in this scope; did you mean ‘[01m[Kcalculated_waypoint_subscriber_[m[K’?
[12.670s]    16 |     [01;31m[Kcalculated_waypoints_subscription_[m[K = this->create_subscription<sensor_msgs::msg::NavSatFix>(
[12.671s]       |     [01;31m[K^~~~~~~~~~~~~~~~~~~~~~~~~~~~~~~~~~[m[K
[12.677s]       |     [32m[Kcalculated_waypoint_subscriber_[m[K
[12.678s] [01m[K/home/boat/Desktop/src/boat_control_system_final/src/WaypointQueueNode.cpp:19:39:[m[K [01;31m[Kerror: [m[K‘[01m[Kcalculated_waypoints_callback[m[K’ is not a member of ‘[01m[KWaypointQueueNode[m[K’
[12.679s]    19 |         std::bind(&WaypointQueueNode::[01;31m[Kcalculated_waypoints_callback[m[K, this, std::placeholders::_1));
[12.679s]       |                                       [01;31m[K^~~~~~~~~~~~~~~~~~~~~~~~~~~~~[m[K
[12.680s] [01m[K/home/boat/Desktop/src/boat_control_system_final/src/WaypointQueueNode.cpp:25:39:[m[K [01;31m[Kerror: [m[K‘[01m[Kgps_callback[m[K’ is not a member of ‘[01m[KWaypointQueueNode[m[K’
[12.681s]    25 |         std::bind(&WaypointQueueNode::[01;31m[Kgps_callback[m[K, this, std::placeholders::_1));
[12.688s]       |                                       [01;31m[K^~~~~~~~~~~~[m[K
[12.693s] [01m[K/home/boat/Desktop/src/boat_control_system_final/src/WaypointQueueNode.cpp:28:50:[m[K [01;31m[Kerror: [m[K‘[01m[Kstd_msg[m[K’ was not declared in this scope; did you mean ‘[01m[Kstd_msgs[m[K’?
[12.695s]    28 |     init_subscriber_ = this->create_subscription<[01;31m[Kstd_msg[m[K::msg::Int16>(
[12.696s]       |                                                  [01;31m[K^~~~~~~[m[K
[12.696s]       |                                                  [32m[Kstd_msgs[m[K
[12.697s] [01m[K/home/boat/Desktop/src/boat_control_system_final/src/WaypointQueueNode.cpp:28:30:[m[K [01;31m[Kerror: [m[Kparse error in template argument list
[12.704s]    28 |     init_subscriber_ = this->[01;31m[Kcreate_subscription<std_msg::msg::Int16>[m[K(
[12.706s]       |                              [01;31m[K^~~~~~~~~~~~~~~~~~~~~~~~~~~~~~~~~~~~~~~~[m[K
[12.709s] [01m[K/home/boat/Desktop/src/boat_control_system_final/src/WaypointQueueNode.cpp:31:39:[m[K [01;31m[Kerror: [m[K‘[01m[Kgps_callback[m[K’ is not a member of ‘[01m[KWaypointQueueNode[m[K’
[12.712s]    31 |         std::bind(&WaypointQueueNode::[01;31m[Kgps_callback[m[K, this, std::placeholders::_1));
[12.715s]       |                                       [01;31m[K^~~~~~~~~~~~[m[K
[12.734s] [01m[K/home/boat/Desktop/src/boat_control_system_final/src/WaypointQueueNode.cpp:34:5:[m[K [01;31m[Kerror: [m[K‘[01m[Kwaypoint_subscriber_[m[K’ was not declared in this scope; did you mean ‘[01m[Kwaypoint_publisher_[m[K’?
[12.737s]    34 |     [01;31m[Kwaypoint_subscriber_[m[K = this->create_subscription<sensor_msgs::msg::NavSatFix>(
[12.740s]       |     [01;31m[K^~~~~~~~~~~~~~~~~~~~[m[K
[12.743s]       |     [32m[Kwaypoint_publisher_[m[K
[12.746s] [01m[K/home/boat/Desktop/src/boat_control_system_final/src/WaypointQueueNode.cpp:37:39:[m[K [01;31m[Kerror: [m[K‘[01m[Kwaypoint_callback[m[K’ is not a member of ‘[01m[KWaypointQueueNode[m[K’
[12.747s]    37 |         std::bind(&WaypointQueueNode::[01;31m[Kwaypoint_callback[m[K, this, std::placeholders::_1)
[12.748s]       |                                       [01;31m[K^~~~~~~~~~~~~~~~~[m[K
[12.748s] [01m[K/home/boat/Desktop/src/boat_control_system_final/src/WaypointQueueNode.cpp:46:33:[m[K [01;31m[Kerror: [m[Kno matching function for call to ‘[01m[Krclcpp::Publisher<sensor_msgs::msg::NavSatFix_<std::allocator<void> > >::publish(std_msgs::msg::String_<std::allocator<void> >&)[m[K’
[12.749s]    46 |     [01;31m[Kwaypoint_publisher_->publish(message)[m[K;
[12.750s]       |     [01;31m[K~~~~~~~~~~~~~~~~~~~~~~~~~~~~^~~~~~~~~[m[K
[12.750s] In file included from [01m[K/opt/ros/humble/include/rclcpp/rclcpp/topic_statistics/subscription_topic_statistics.hpp:31[m[K,
[12.751s]                  from [01m[K/opt/ros/humble/include/rclcpp/rclcpp/subscription.hpp:50[m[K,
[12.752s]                  from [01m[K/opt/ros/humble/include/rclcpp/rclcpp/any_executable.hpp:25[m[K,
[12.752s]                  from [01m[K/opt/ros/humble/include/rclcpp/rclcpp/memory_strategy.hpp:25[m[K,
[12.753s]                  from [01m[K/opt/ros/humble/include/rclcpp/rclcpp/memory_strategies.hpp:18[m[K,
[12.753s]                  from [01m[K/opt/ros/humble/include/rclcpp/rclcpp/executor_options.hpp:20[m[K,
[12.754s]                  from [01m[K/opt/ros/humble/include/rclcpp/rclcpp/executor.hpp:37[m[K,
[12.755s]                  from [01m[K/opt/ros/humble/include/rclcpp/rclcpp/executors/multi_threaded_executor.hpp:25[m[K,
[12.755s]                  from [01m[K/opt/ros/humble/include/rclcpp/rclcpp/executors.hpp:21[m[K,
[12.756s]                  from [01m[K/opt/ros/humble/include/rclcpp/rclcpp/rclcpp.hpp:155[m[K,
[12.757s]                  from [01m[K/home/boat/Desktop/src/boat_control_system_final/include/boat_control_system_final/WaypointQueueNode.hpp:4[m[K,
[12.757s]                  from [01m[K/home/boat/Desktop/src/boat_control_system_final/src/WaypointQueueNode.cpp:1[m[K:
[12.758s] [01m[K/opt/ros/humble/include/rclcpp/rclcpp/publisher.hpp:251:3:[m[K [01;36m[Knote: [m[Kcandidate: ‘[01m[Ktemplate<class T> std::enable_if_t<(rosidl_generator_traits::is_message<T>::value && std::is_same<T, typename rclcpp::TypeAdapter<MessageT>::ros_message_type>::value)> rclcpp::Publisher<MessageT, AllocatorT>::publish(std::unique_ptr<T, typename std::conditional<std::is_same<typename std::allocator_traits<typename std::allocator_traits<_Allocator>::rebind_traits<typename rclcpp::TypeAdapter<MessageT, void, void>::ros_message_type>::allocator_type>::rebind_alloc<typename rclcpp::TypeAdapter<MessageT, void, void>::ros_message_type>, std::allocator<typename rclcpp::TypeAdapter<MessageT>::ros_message_type> >::value, std::default_delete<typename rclcpp::TypeAdapter<MessageT>::ros_message_type>, rclcpp::allocator::AllocatorDeleter<typename std::allocator_traits<_Allocator>::rebind_traits<typename rclcpp::TypeAdapter<MessageT, void, void>::ros_message_type>::allocator_type> >::type>) [with T = T; MessageT = sensor_msgs::msg::NavSatFix_<std::allocator<void> >; AllocatorT = std::allocator<void>][m[K’
[12.759s]   251 |   [01;36m[Kpublish[m[K(std::unique_ptr<T, ROSMessageTypeDeleter> msg)
[12.759s]       |   [01;36m[K^~~~~~~[m[K
[12.760s] [01m[K/opt/ros/humble/include/rclcpp/rclcpp/publisher.hpp:251:3:[m[K [01;36m[Knote: [m[K  template argument deduction/substitution failed:
[12.761s] [01m[K/home/boat/Desktop/src/boat_control_system_final/src/WaypointQueueNode.cpp:46:33:[m[K [01;36m[Knote: [m[K  ‘[01m[Kstd_msgs::msg::String_<std::allocator<void> >[m[K’ is not derived from ‘[01m[Kstd::unique_ptr<T, std::default_delete<sensor_msgs::msg::NavSatFix_<std::allocator<void> > > >[m[K’
[12.762s]    46 |     [01;36m[Kwaypoint_publisher_->publish(message)[m[K;
[12.762s]       |     [01;36m[K~~~~~~~~~~~~~~~~~~~~~~~~~~~~^~~~~~~~~[m[K
[12.763s] In file included from [01m[K/opt/ros/humble/include/rclcpp/rclcpp/topic_statistics/subscription_topic_statistics.hpp:31[m[K,
[12.764s]                  from [01m[K/opt/ros/humble/include/rclcpp/rclcpp/subscription.hpp:50[m[K,
[12.764s]                  from [01m[K/opt/ros/humble/include/rclcpp/rclcpp/any_executable.hpp:25[m[K,
[12.765s]                  from [01m[K/opt/ros/humble/include/rclcpp/rclcpp/memory_strategy.hpp:25[m[K,
[12.765s]                  from [01m[K/opt/ros/humble/include/rclcpp/rclcpp/memory_strategies.hpp:18[m[K,
[12.766s]                  from [01m[K/opt/ros/humble/include/rclcpp/rclcpp/executor_options.hpp:20[m[K,
[12.767s]                  from [01m[K/opt/ros/humble/include/rclcpp/rclcpp/executor.hpp:37[m[K,
[12.767s]                  from [01m[K/opt/ros/humble/include/rclcpp/rclcpp/executors/multi_threaded_executor.hpp:25[m[K,
[12.768s]                  from [01m[K/opt/ros/humble/include/rclcpp/rclcpp/executors.hpp:21[m[K,
[12.769s]                  from [01m[K/opt/ros/humble/include/rclcpp/rclcpp/rclcpp.hpp:155[m[K,
[12.769s]                  from [01m[K/home/boat/Desktop/src/boat_control_system_final/include/boat_control_system_final/WaypointQueueNode.hpp:4[m[K,
[12.770s]                  from [01m[K/home/boat/Desktop/src/boat_control_system_final/src/WaypointQueueNode.cpp:1[m[K:
[12.771s] [01m[K/opt/ros/humble/include/rclcpp/rclcpp/publisher.hpp:292:3:[m[K [01;36m[Knote: [m[Kcandidate: ‘[01m[Ktemplate<class T> std::enable_if_t<(rosidl_generator_traits::is_message<T>::value && std::is_same<T, typename rclcpp::TypeAdapter<MessageT>::ros_message_type>::value)> rclcpp::Publisher<MessageT, AllocatorT>::publish(const T&) [with T = T; MessageT = sensor_msgs::msg::NavSatFix_<std::allocator<void> >; AllocatorT = std::allocator<void>][m[K’
[12.771s]   292 |   [01;36m[Kpublish[m[K(const T & msg)
[12.772s]       |   [01;36m[K^~~~~~~[m[K
[12.772s] [01m[K/opt/ros/humble/include/rclcpp/rclcpp/publisher.hpp:292:3:[m[K [01;36m[Knote: [m[K  template argument deduction/substitution failed:
[12.773s] In file included from [01m[K/usr/include/c++/11/bits/move.h:57[m[K,
[12.774s]                  from [01m[K/usr/include/c++/11/bits/stl_pair.h:59[m[K,
[12.775s]                  from [01m[K/usr/include/c++/11/bits/stl_algobase.h:64[m[K,
[12.776s]                  from [01m[K/usr/include/c++/11/memory:63[m[K,
[12.776s]                  from [01m[K/opt/ros/humble/include/rclcpp/rclcpp/rclcpp.hpp:153[m[K,
[12.777s]                  from [01m[K/home/boat/Desktop/src/boat_control_system_final/include/boat_control_system_final/WaypointQueueNode.hpp:4[m[K,
[12.778s]                  from [01m[K/home/boat/Desktop/src/boat_control_system_final/src/WaypointQueueNode.cpp:1[m[K:
[12.778s] /usr/include/c++/11/type_traits: In substitution of ‘[01m[Ktemplate<bool _Cond, class _Tp> using enable_if_t = typename std::enable_if::type [with bool _Cond = false; _Tp = void][m[K’:
[12.779s] [01m[K/opt/ros/humble/include/rclcpp/rclcpp/publisher.hpp:292:3:[m[K   required by substitution of ‘[01m[Ktemplate<class T> std::enable_if_t<(rosidl_generator_traits::is_message<T>::value && std::is_same<T, sensor_msgs::msg::NavSatFix_<std::allocator<void> > >::value), void> rclcpp::Publisher<sensor_msgs::msg::NavSatFix_<std::allocator<void> > >::publish<T>(const T&) [with T = std_msgs::msg::String_<std::allocator<void> >][m[K’
[12.779s] [01m[K/home/boat/Desktop/src/boat_control_system_final/src/WaypointQueueNode.cpp:46:33:[m[K   required from here
[12.780s] [01m[K/usr/include/c++/11/type_traits:2579:11:[m[K [01;31m[Kerror: [m[Kno type named ‘[01m[Ktype[m[K’ in ‘[01m[Kstruct std::enable_if<false, void>[m[K’
[12.781s]  2579 |     using [01;31m[Kenable_if_t[m[K = typename enable_if<_Cond, _Tp>::type;
[12.781s]       |           [01;31m[K^~~~~~~~~~~[m[K
[12.782s] In file included from [01m[K/opt/ros/humble/include/rclcpp/rclcpp/topic_statistics/subscription_topic_statistics.hpp:31[m[K,
[12.783s]                  from [01m[K/opt/ros/humble/include/rclcpp/rclcpp/subscription.hpp:50[m[K,
[12.783s]                  from [01m[K/opt/ros/humble/include/rclcpp/rclcpp/any_executable.hpp:25[m[K,
[12.784s]                  from [01m[K/opt/ros/humble/include/rclcpp/rclcpp/memory_strategy.hpp:25[m[K,
[12.784s]                  from [01m[K/opt/ros/humble/include/rclcpp/rclcpp/memory_strategies.hpp:18[m[K,
[12.785s]                  from [01m[K/opt/ros/humble/include/rclcpp/rclcpp/executor_options.hpp:20[m[K,
[12.786s]                  from [01m[K/opt/ros/humble/include/rclcpp/rclcpp/executor.hpp:37[m[K,
[12.786s]                  from [01m[K/opt/ros/humble/include/rclcpp/rclcpp/executors/multi_threaded_executor.hpp:25[m[K,
[12.787s]                  from [01m[K/opt/ros/humble/include/rclcpp/rclcpp/executors.hpp:21[m[K,
[12.788s]                  from [01m[K/opt/ros/humble/include/rclcpp/rclcpp/rclcpp.hpp:155[m[K,
[12.788s]                  from [01m[K/home/boat/Desktop/src/boat_control_system_final/include/boat_control_system_final/WaypointQueueNode.hpp:4[m[K,
[12.789s]                  from [01m[K/home/boat/Desktop/src/boat_control_system_final/src/WaypointQueueNode.cpp:1[m[K:
[12.790s] [01m[K/opt/ros/humble/include/rclcpp/rclcpp/publisher.hpp:322:3:[m[K [01;36m[Knote: [m[Kcandidate: ‘[01m[Ktemplate<class T> std::enable_if_t<(typename rclcpp::TypeAdapter<MessageT>::is_specialized::value && std::is_same<T, typename rclcpp::TypeAdapter<MessageT>::custom_type>::value)> rclcpp::Publisher<MessageT, AllocatorT>::publish(std::unique_ptr<T, typename std::conditional<std::is_same<typename std::allocator_traits<typename std::allocator_traits<_Allocator>::rebind_traits<typename rclcpp::TypeAdapter<MessageT, void, void>::custom_type>::allocator_type>::rebind_alloc<typename rclcpp::TypeAdapter<MessageT, void, void>::custom_type>, std::allocator<typename rclcpp::TypeAdapter<MessageT>::custom_type> >::value, std::default_delete<typename rclcpp::TypeAdapter<MessageT>::custom_type>, rclcpp::allocator::AllocatorDeleter<typename std::allocator_traits<_Allocator>::rebind_traits<typename rclcpp::TypeAdapter<MessageT, void, void>::custom_type>::allocator_type> >::type>) [with T = T; MessageT = sensor_msgs::msg::NavSatFix_<std::allocator<void> >; AllocatorT = std::allocator<void>][m[K’
[12.790s]   322 |   [01;36m[Kpublish[m[K(std::unique_ptr<T, PublishedTypeDeleter> msg)
[12.791s]       |   [01;36m[K^~~~~~~[m[K
[12.791s] [01m[K/opt/ros/humble/include/rclcpp/rclcpp/publisher.hpp:322:3:[m[K [01;36m[Knote: [m[K  template argument deduction/substitution failed:
[12.792s] [01m[K/home/boat/Desktop/src/boat_control_system_final/src/WaypointQueueNode.cpp:46:33:[m[K [01;36m[Knote: [m[K  ‘[01m[Kstd_msgs::msg::String_<std::allocator<void> >[m[K’ is not derived from ‘[01m[Kstd::unique_ptr<T, std::default_delete<sensor_msgs::msg::NavSatFix_<std::allocator<void> > > >[m[K’
[12.793s]    46 |     [01;36m[Kwaypoint_publisher_->publish(message)[m[K;
[12.793s]       |     [01;36m[K~~~~~~~~~~~~~~~~~~~~~~~~~~~~^~~~~~~~~[m[K
[12.794s] In file included from [01m[K/opt/ros/humble/include/rclcpp/rclcpp/topic_statistics/subscription_topic_statistics.hpp:31[m[K,
[12.795s]                  from [01m[K/opt/ros/humble/include/rclcpp/rclcpp/subscription.hpp:50[m[K,
[12.795s]                  from [01m[K/opt/ros/humble/include/rclcpp/rclcpp/any_executable.hpp:25[m[K,
[12.796s]                  from [01m[K/opt/ros/humble/include/rclcpp/rclcpp/memory_strategy.hpp:25[m[K,
[12.797s]                  from [01m[K/opt/ros/humble/include/rclcpp/rclcpp/memory_strategies.hpp:18[m[K,
[12.797s]                  from [01m[K/opt/ros/humble/include/rclcpp/rclcpp/executor_options.hpp:20[m[K,
[12.798s]                  from [01m[K/opt/ros/humble/include/rclcpp/rclcpp/executor.hpp:37[m[K,
[12.799s]                  from [01m[K/opt/ros/humble/include/rclcpp/rclcpp/executors/multi_threaded_executor.hpp:25[m[K,
[12.799s]                  from [01m[K/opt/ros/humble/include/rclcpp/rclcpp/executors.hpp:21[m[K,
[12.800s]                  from [01m[K/opt/ros/humble/include/rclcpp/rclcpp/rclcpp.hpp:155[m[K,
[12.801s]                  from [01m[K/home/boat/Desktop/src/boat_control_system_final/include/boat_control_system_final/WaypointQueueNode.hpp:4[m[K,
[12.801s]                  from [01m[K/home/boat/Desktop/src/boat_control_system_final/src/WaypointQueueNode.cpp:1[m[K:
[12.802s] [01m[K/opt/ros/humble/include/rclcpp/rclcpp/publisher.hpp:364:3:[m[K [01;36m[Knote: [m[Kcandidate: ‘[01m[Ktemplate<class T> std::enable_if_t<(typename rclcpp::TypeAdapter<MessageT>::is_specialized::value && std::is_same<T, typename rclcpp::TypeAdapter<MessageT>::custom_type>::value)> rclcpp::Publisher<MessageT, AllocatorT>::publish(const T&) [with T = T; MessageT = sensor_msgs::msg::NavSatFix_<std::allocator<void> >; AllocatorT = std::allocator<void>][m[K’
[12.803s]   364 |   [01;36m[Kpublish[m[K(const T & msg)
[12.803s]       |   [01;36m[K^~~~~~~[m[K
[12.804s] [01m[K/opt/ros/humble/include/rclcpp/rclcpp/publisher.hpp:364:3:[m[K [01;36m[Knote: [m[K  template argument deduction/substitution failed:
[12.804s] [01m[K/opt/ros/humble/include/rclcpp/rclcpp/publisher.hpp:383:3:[m[K [01;36m[Knote: [m[Kcandidate: ‘[01m[Kvoid rclcpp::Publisher<MessageT, AllocatorT>::publish(const rcl_serialized_message_t&) [with MessageT = sensor_msgs::msg::NavSatFix_<std::allocator<void> >; AllocatorT = std::allocator<void>; rcl_serialized_message_t = rcutils_uint8_array_s][m[K’
[12.805s]   383 |   [01;36m[Kpublish[m[K(const rcl_serialized_message_t & serialized_msg)
[12.806s]       |   [01;36m[K^~~~~~~[m[K
[12.806s] [01m[K/opt/ros/humble/include/rclcpp/rclcpp/publisher.hpp:383:44:[m[K [01;36m[Knote: [m[K  no known conversion for argument 1 from ‘[01m[Kstd_msgs::msg::String_<std::allocator<void> >[m[K’ to ‘[01m[Kconst rcl_serialized_message_t&[m[K’ {aka ‘[01m[Kconst rcutils_uint8_array_s&[m[K’}
[12.807s]   383 |   publish([01;36m[Kconst rcl_serialized_message_t & serialized_msg[m[K)
[12.808s]       |           [01;36m[K~~~~~~~~~~~~~~~~~~~~~~~~~~~~~~~~~^~~~~~~~~~~~~~[m[K
[12.808s] [01m[K/opt/ros/humble/include/rclcpp/rclcpp/publisher.hpp:389:3:[m[K [01;36m[Knote: [m[Kcandidate: ‘[01m[Kvoid rclcpp::Publisher<MessageT, AllocatorT>::publish(const rclcpp::SerializedMessage&) [with MessageT = sensor_msgs::msg::NavSatFix_<std::allocator<void> >; AllocatorT = std::allocator<void>][m[K’
[12.809s]   389 |   [01;36m[Kpublish[m[K(const SerializedMessage & serialized_msg)
[12.810s]       |   [01;36m[K^~~~~~~[m[K
[12.810s] [01m[K/opt/ros/humble/include/rclcpp/rclcpp/publisher.hpp:389:37:[m[K [01;36m[Knote: [m[K  no known conversion for argument 1 from ‘[01m[Kstd_msgs::msg::String_<std::allocator<void> >[m[K’ to ‘[01m[Kconst rclcpp::SerializedMessage&[m[K’
[12.811s]   389 |   publish([01;36m[Kconst SerializedMessage & serialized_msg[m[K)
[12.813s]       |           [01;36m[K~~~~~~~~~~~~~~~~~~~~~~~~~~^~~~~~~~~~~~~~[m[K
[12.814s] [01m[K/opt/ros/humble/include/rclcpp/rclcpp/publisher.hpp:403:3:[m[K [01;36m[Knote: [m[Kcandidate: ‘[01m[Kvoid rclcpp::Publisher<MessageT, AllocatorT>::publish(rclcpp::LoanedMessage<typename rclcpp::TypeAdapter<MessageT>::ros_message_type, AllocatorT>&&) [with MessageT = sensor_msgs::msg::NavSatFix_<std::allocator<void> >; AllocatorT = std::allocator<void>; typename rclcpp::TypeAdapter<MessageT>::ros_message_type = sensor_msgs::msg::NavSatFix_<std::allocator<void> >][m[K’
[12.814s]   403 |   [01;36m[Kpublish[m[K(rclcpp::LoanedMessage<ROSMessageType, AllocatorT> && loaned_msg)
[12.815s]       |   [01;36m[K^~~~~~~[m[K
[12.816s] [01m[K/opt/ros/humble/include/rclcpp/rclcpp/publisher.hpp:403:64:[m[K [01;36m[Knote: [m[K  no known conversion for argument 1 from ‘[01m[Kstd_msgs::msg::String_<std::allocator<void> >[m[K’ to ‘[01m[Krclcpp::LoanedMessage<sensor_msgs::msg::NavSatFix_<std::allocator<void> >, std::allocator<void> >&&[m[K’
[12.816s]   403 |   publish([01;36m[Krclcpp::LoanedMessage<ROSMessageType, AllocatorT> && loaned_msg[m[K)
[12.817s]       |           [01;36m[K~~~~~~~~~~~~~~~~~~~~~~~~~~~~~~~~~~~~~~~~~~~~~~~~~~~~~^~~~~~~~~~[m[K
[14.773s] gmake[2]: *** [CMakeFiles/WaypointQueueNode.dir/build.make:76: CMakeFiles/WaypointQueueNode.dir/src/WaypointQueueNode.cpp.o] Error 1
[14.776s] gmake[1]: *** [CMakeFiles/Makefile2:137: CMakeFiles/WaypointQueueNode.dir/all] Error 2
[14.778s] gmake: *** [Makefile:146: all] Error 2
[14.784s] Invoked command in '/home/boat/Desktop/src/boat_control_system_final/build/boat_control_system_final' returned '2': CMAKE_PREFIX_PATH=/opt/ros/humble /usr/bin/cmake --build /home/boat/Desktop/src/boat_control_system_final/build/boat_control_system_final -- -j4 -l4
