[ 40%] Built target WaypointQueue
[ 40%] Built target CoordinateCalculations
[35m[1mConsolidate compiler generated dependencies of target CoordinateCalculationsNodeLib[0m
[ 60%] Built target WaypointQueueNode
[ 70%] [32mBuilding CXX object CMakeFiles/CoordinateCalculationsNodeLib.dir/src/CoordinateCalculationsNode.cpp.o[0m
[01m[K/home/boat/Desktop/src/boat_control_system_final/src/CoordinateCalculationsNode.cpp:[m[K In member function ‘[01m[Kvoid CoordinateCalculationsNode::waypointCallback(sensor_msgs::msg::NavSatFix_<std::allocator<void> >::SharedPtr)[m[K’:
[01m[K/home/boat/Desktop/src/boat_control_system_final/src/CoordinateCalculationsNode.cpp:84:45:[m[K [01;31m[Kerror: [m[Kqualified-id in declaration before ‘[01m[K([m[K’ token
   84 | void CoordinateCalculationsNode::gpsCallback[01;31m[K([m[Kconst sensor_msgs::msg::NavSatFix::SharedPtr msg)
      |                                             [01;31m[K^[m[K
[01m[K/home/boat/Desktop/src/boat_control_system_final/src/CoordinateCalculationsNode.cpp:92:46:[m[K [01;31m[Kerror: [m[Kqualified-id in declaration before ‘[01m[K([m[K’ token
   92 | void CoordinateCalculationsNode::windCallback[01;31m[K([m[Kconst std_msgs::msg::Float32::SharedPtr msg)
      |                                              [01;31m[K^[m[K
[01m[K/home/boat/Desktop/src/boat_control_system_final/src/CoordinateCalculationsNode.cpp:100:54:[m[K [01;31m[Kerror: [m[Kqualified-id in declaration before ‘[01m[K([m[K’ token
  100 | void CoordinateCalculationsNode::magnetometerCallback[01;31m[K([m[Kconst std_msgs::msg::Float32::SharedPtr msg)
      |                                                      [01;31m[K^[m[K
[01m[K/home/boat/Desktop/src/boat_control_system_final/src/CoordinateCalculationsNode.cpp:114:46:[m[K [01;31m[Kerror: [m[Kqualified-id in declaration before ‘[01m[K([m[K’ token
  114 | void CoordinateCalculationsNode::initCallback[01;31m[K([m[Kconst std_msgs::msg::Int16::SharedPtr msg)
      |                                              [01;31m[K^[m[K
[01m[K/home/boat/Desktop/src/boat_control_system_final/src/CoordinateCalculationsNode.cpp:122:76:[m[K [01;31m[Kerror: [m[Kqualified-id in declaration before ‘[01m[K([m[K’ token
  122 | sensor_msgs::msg::NavSatFix CoordinateCalculationsNode::get_latest_waypoint[01;31m[K([m[K)
      |                                                                            [01;31m[K^[m[K
[01m[K/home/boat/Desktop/src/boat_control_system_final/src/CoordinateCalculationsNode.cpp:129:66:[m[K [01;31m[Kerror: [m[Kqualified-id in declaration before ‘[01m[K([m[K’ token
  129 | std_msgs::msg::Float32 CoordinateCalculationsNode::get_wind_angle[01;31m[K([m[K)
      |                                                                  [01;31m[K^[m[K
[01m[K/home/boat/Desktop/src/boat_control_system_final/src/CoordinateCalculationsNode.cpp:134:76:[m[K [01;31m[Kerror: [m[Kqualified-id in declaration before ‘[01m[K([m[K’ token
  134 | std_msgs::msg::Float32 CoordinateCalculationsNode::get_magnetometer_heading[01;31m[K([m[K)
      |                                                                            [01;31m[K^[m[K
[01m[K/home/boat/Desktop/src/boat_control_system_final/src/CoordinateCalculationsNode.cpp:139:69:[m[K [01;31m[Kerror: [m[Kqualified-id in declaration before ‘[01m[K([m[K’ token
  139 | sensor_msgs::msg::NavSatFix CoordinateCalculationsNode::get_curr_pos[01;31m[K([m[K)
      |                                                                     [01;31m[K^[m[K
[01m[K/home/boat/Desktop/src/boat_control_system_final/src/CoordinateCalculationsNode.cpp:145:1:[m[K [01;31m[Kerror: [m[Ka function-definition is not allowed here before ‘[01m[K{[m[K’ token
  145 | [01;31m[K{[m[K
      | [01;31m[K^[m[K
[01m[K/home/boat/Desktop/src/boat_control_system_final/src/CoordinateCalculationsNode.cpp:150:2:[m[K [01;31m[Kerror: [m[Kexpected ‘[01m[K}[m[K’ at end of input
  150 | }
      |  [01;31m[K^[m[K
[01m[K/home/boat/Desktop/src/boat_control_system_final/src/CoordinateCalculationsNode.cpp:61:1:[m[K [01;36m[Knote: [m[Kto match this ‘[01m[K{[m[K’
   61 | [01;36m[K{[m[K
      | [01;36m[K^[m[K
gmake[2]: *** [CMakeFiles/CoordinateCalculationsNodeLib.dir/build.make:76: CMakeFiles/CoordinateCalculationsNodeLib.dir/src/CoordinateCalculationsNode.cpp.o] Error 1
gmake[1]: *** [CMakeFiles/Makefile2:198: CMakeFiles/CoordinateCalculationsNodeLib.dir/all] Error 2
gmake: *** [Makefile:146: all] Error 2
