[0.058s] Invoking command in '/home/boat/Desktop/src/boat_control_system_final/build/boat_control_system_final': CMAKE_PREFIX_PATH=/opt/ros/humble /usr/bin/cmake --build /home/boat/Desktop/src/boat_control_system_final/build/boat_control_system_final -- -j4 -l4
[0.344s] [ 40%] Built target WaypointQueue
[0.345s] [ 40%] Built target CoordinateCalculations
[0.412s] [35m[1mConsolidate compiler generated dependencies of target CoordinateCalculationsNodeLib[0m
[0.481s] [ 60%] Built target WaypointQueueNode
[0.527s] [ 70%] [32mBuilding CXX object CMakeFiles/CoordinateCalculationsNodeLib.dir/src/CoordinateCalculationsNode.cpp.o[0m
[12.434s] [01m[K/home/boat/Desktop/src/boat_control_system_final/src/CoordinateCalculationsNode.cpp:[m[K In member function ‘[01m[Kvoid CoordinateCalculationsNode::waypointCallback(sensor_msgs::msg::NavSatFix_<std::allocator<void> >::SharedPtr)[m[K’:
[12.435s] [01m[K/home/boat/Desktop/src/boat_control_system_final/src/CoordinateCalculationsNode.cpp:84:45:[m[K [01;31m[Kerror: [m[Kqualified-id in declaration before ‘[01m[K([m[K’ token
[12.435s]    84 | void CoordinateCalculationsNode::gpsCallback[01;31m[K([m[Kconst sensor_msgs::msg::NavSatFix::SharedPtr msg)
[12.436s]       |                                             [01;31m[K^[m[K
[12.436s] [01m[K/home/boat/Desktop/src/boat_control_system_final/src/CoordinateCalculationsNode.cpp:92:46:[m[K [01;31m[Kerror: [m[Kqualified-id in declaration before ‘[01m[K([m[K’ token
[12.437s]    92 | void CoordinateCalculationsNode::windCallback[01;31m[K([m[Kconst std_msgs::msg::Float32::SharedPtr msg)
[12.437s]       |                                              [01;31m[K^[m[K
[12.438s] [01m[K/home/boat/Desktop/src/boat_control_system_final/src/CoordinateCalculationsNode.cpp:100:54:[m[K [01;31m[Kerror: [m[Kqualified-id in declaration before ‘[01m[K([m[K’ token
[12.438s]   100 | void CoordinateCalculationsNode::magnetometerCallback[01;31m[K([m[Kconst std_msgs::msg::Float32::SharedPtr msg)
[12.439s]       |                                                      [01;31m[K^[m[K
[12.439s] [01m[K/home/boat/Desktop/src/boat_control_system_final/src/CoordinateCalculationsNode.cpp:114:46:[m[K [01;31m[Kerror: [m[Kqualified-id in declaration before ‘[01m[K([m[K’ token
[12.440s]   114 | void CoordinateCalculationsNode::initCallback[01;31m[K([m[Kconst std_msgs::msg::Int16::SharedPtr msg)
[12.441s]       |                                              [01;31m[K^[m[K
[12.443s] [01m[K/home/boat/Desktop/src/boat_control_system_final/src/CoordinateCalculationsNode.cpp:122:76:[m[K [01;31m[Kerror: [m[Kqualified-id in declaration before ‘[01m[K([m[K’ token
[12.443s]   122 | sensor_msgs::msg::NavSatFix CoordinateCalculationsNode::get_latest_waypoint[01;31m[K([m[K)
[12.444s]       |                                                                            [01;31m[K^[m[K
[12.445s] [01m[K/home/boat/Desktop/src/boat_control_system_final/src/CoordinateCalculationsNode.cpp:129:66:[m[K [01;31m[Kerror: [m[Kqualified-id in declaration before ‘[01m[K([m[K’ token
[12.445s]   129 | std_msgs::msg::Float32 CoordinateCalculationsNode::get_wind_angle[01;31m[K([m[K)
[12.446s]       |                                                                  [01;31m[K^[m[K
[12.447s] [01m[K/home/boat/Desktop/src/boat_control_system_final/src/CoordinateCalculationsNode.cpp:134:76:[m[K [01;31m[Kerror: [m[Kqualified-id in declaration before ‘[01m[K([m[K’ token
[12.447s]   134 | std_msgs::msg::Float32 CoordinateCalculationsNode::get_magnetometer_heading[01;31m[K([m[K)
[12.448s]       |                                                                            [01;31m[K^[m[K
[12.448s] [01m[K/home/boat/Desktop/src/boat_control_system_final/src/CoordinateCalculationsNode.cpp:139:69:[m[K [01;31m[Kerror: [m[Kqualified-id in declaration before ‘[01m[K([m[K’ token
[12.449s]   139 | sensor_msgs::msg::NavSatFix CoordinateCalculationsNode::get_curr_pos[01;31m[K([m[K)
[12.449s]       |                                                                     [01;31m[K^[m[K
[12.450s] [01m[K/home/boat/Desktop/src/boat_control_system_final/src/CoordinateCalculationsNode.cpp:145:1:[m[K [01;31m[Kerror: [m[Ka function-definition is not allowed here before ‘[01m[K{[m[K’ token
[12.450s]   145 | [01;31m[K{[m[K
[12.451s]       | [01;31m[K^[m[K
[12.451s] [01m[K/home/boat/Desktop/src/boat_control_system_final/src/CoordinateCalculationsNode.cpp:150:2:[m[K [01;31m[Kerror: [m[Kexpected ‘[01m[K}[m[K’ at end of input
[12.452s]   150 | }
[12.452s]       |  [01;31m[K^[m[K
[12.453s] [01m[K/home/boat/Desktop/src/boat_control_system_final/src/CoordinateCalculationsNode.cpp:61:1:[m[K [01;36m[Knote: [m[Kto match this ‘[01m[K{[m[K’
[12.453s]    61 | [01;36m[K{[m[K
[12.454s]       | [01;36m[K^[m[K
[29.420s] gmake[2]: *** [CMakeFiles/CoordinateCalculationsNodeLib.dir/build.make:76: CMakeFiles/CoordinateCalculationsNodeLib.dir/src/CoordinateCalculationsNode.cpp.o] Error 1
[29.422s] gmake[1]: *** [CMakeFiles/Makefile2:198: CMakeFiles/CoordinateCalculationsNodeLib.dir/all] Error 2
[29.426s] gmake: *** [Makefile:146: all] Error 2
[29.430s] Invoked command in '/home/boat/Desktop/src/boat_control_system_final/build/boat_control_system_final' returned '2': CMAKE_PREFIX_PATH=/opt/ros/humble /usr/bin/cmake --build /home/boat/Desktop/src/boat_control_system_final/build/boat_control_system_final -- -j4 -l4
