[0.070s] Invoking command in '/home/boat/Desktop/src/boat_control_system_final/build/boat_control_system_final': CMAKE_PREFIX_PATH=/opt/ros/humble /usr/bin/cmake --build /home/boat/Desktop/src/boat_control_system_final/build/boat_control_system_final -- -j4 -l4
[0.349s] [ 16%] Built target WaypointQueue
[0.354s] [ 33%] Built target CoordinateCalculations
[0.422s] [35m[1mConsolidate compiler generated dependencies of target RudderServoControlNode[0m
[0.498s] [ 50%] Built target CoordinateCalculationsNodeLib
[0.510s] [ 66%] Built target WaypointQueueNode
[0.548s] [ 75%] [32mBuilding CXX object CMakeFiles/RudderServoControlNode.dir/src/RudderServoControlNode.cpp.o[0m
[0.651s] [ 91%] Built target CoordinateCalculationsNodeExec
[61.862s] [100%] [32m[1mLinking CXX executable RudderServoControlNode[0m
[65.356s] /usr/bin/ld: libCoordinateCalculations.a(Coordinate_Calculations.cpp.o): in function `CoordinateCalculations::calculate_directional_bearing[abi:cxx11](sensor_msgs::msg::NavSatFix_<std::allocator<void> >)':
[65.356s] Coordinate_Calculations.cpp:(.text+0x528): undefined reference to `CoordinateCalculationsNode::CoordinateCalculationsNode()'
[65.357s] /usr/bin/ld: Coordinate_Calculations.cpp:(.text+0x530): undefined reference to `CoordinateCalculationsNode::get_magnetometer_heading()'
[65.357s] /usr/bin/ld: Coordinate_Calculations.cpp:(.text+0x544): undefined reference to `CoordinateCalculationsNode::get_curr_pos()'
[65.358s] /usr/bin/ld: libCoordinateCalculations.a(Coordinate_Calculations.cpp.o): in function `CoordinateCalculations::calculate_angle_to_wind()':
[65.359s] Coordinate_Calculations.cpp:(.text+0x71c): undefined reference to `CoordinateCalculationsNode::CoordinateCalculationsNode()'
[65.359s] /usr/bin/ld: Coordinate_Calculations.cpp:(.text+0x724): undefined reference to `CoordinateCalculationsNode::get_wind_angle()'
[65.359s] /usr/bin/ld: Coordinate_Calculations.cpp:(.text+0x730): undefined reference to `CoordinateCalculationsNode::get_magnetometer_heading()'
[65.360s] /usr/bin/ld: libCoordinateCalculations.a(Coordinate_Calculations.cpp.o): in function `CoordinateCalculations::plan_path(sensor_msgs::msg::NavSatFix_<std::allocator<void> > const&, sensor_msgs::msg::NavSatFix_<std::allocator<void> > const&)':
[65.360s] Coordinate_Calculations.cpp:(.text+0x80c): undefined reference to `CoordinateCalculationsNode::CoordinateCalculationsNode()'
[65.361s] /usr/bin/ld: Coordinate_Calculations.cpp:(.text+0x860): undefined reference to `CoordinateCalculationsNode::get_wind_angle()'
[65.548s] collect2: error: ld returned 1 exit status
[65.554s] gmake[2]: *** [CMakeFiles/RudderServoControlNode.dir/build.make:177: RudderServoControlNode] Error 1
[65.556s] gmake[1]: *** [CMakeFiles/Makefile2:281: CMakeFiles/RudderServoControlNode.dir/all] Error 2
[65.557s] gmake: *** [Makefile:146: all] Error 2
[65.564s] Invoked command in '/home/boat/Desktop/src/boat_control_system_final/build/boat_control_system_final' returned '2': CMAKE_PREFIX_PATH=/opt/ros/humble /usr/bin/cmake --build /home/boat/Desktop/src/boat_control_system_final/build/boat_control_system_final -- -j4 -l4
