[0.069s] Invoking command in '/home/boat/Desktop/src/boat_control_system_final/build/boat_control_system_final': CMAKE_PREFIX_PATH=/opt/ros/humble /usr/bin/cmake --build /home/boat/Desktop/src/boat_control_system_final/build/boat_control_system_final -- -j4 -l4
[0.269s] [35m[1mConsolidate compiler generated dependencies of target CoordinateCalculations[0m
[0.276s] [35m[1mConsolidate compiler generated dependencies of target SailServoControlNodeLib[0m
[0.278s] [35m[1mConsolidate compiler generated dependencies of target RudderControlHelper[0m
[0.396s] [ 10%] Built target WaypointQueue
[0.406s] [ 15%] [32mBuilding CXX object CMakeFiles/SailServoControlNodeLib.dir/src/SailServoControlNode.cpp.o[0m
[0.477s] [ 20%] [32mBuilding CXX object CMakeFiles/RudderControlHelper.dir/src/RudderControlHelper.cpp.o[0m
[0.540s] [ 25%] [32mBuilding CXX object CMakeFiles/CoordinateCalculations.dir/src/Coordinate_Calculations.cpp.o[0m
[0.588s] [ 35%] Built target waypoint_queue_node
[15.824s] [01m[K/home/boat/Desktop/src/boat_control_system_final/src/SailServoControlNode.cpp:[m[K In member function ‘[01m[Kvoid SailServoControlNode::stateCallback(std_msgs::msg::Bool_<std::allocator<void> >::SharedPtr)[m[K’:
[15.828s] [01m[K/home/boat/Desktop/src/boat_control_system_final/src/SailServoControlNode.cpp:51:26:[m[K [01;31m[Kerror: [m[Kno match for ‘[01m[Koperator=[m[K’ (operand types are ‘[01m[Kstd_msgs::msg::Bool[m[K’ {aka ‘[01m[Kstd_msgs::msg::Bool_<std::allocator<void> >[m[K’} and ‘[01m[Kstd_msgs::msg::Bool_<std::allocator<void> >::_data_type[m[K’ {aka ‘[01m[Kbool[m[K’})
[15.834s]    51 |     latest_state_ = msg->[01;31m[Kdata[m[K;  // Update the latest state data
[15.838s]       |                          [01;31m[K^~~~[m[K
[15.842s] In file included from [01m[K/opt/ros/humble/include/std_msgs/std_msgs/msg/bool.hpp:7[m[K,
[15.846s]                  from [01m[K/home/boat/Desktop/src/boat_control_system_final/include/boat_control_system_final/SailServoControlNode.hpp:11[m[K,
[15.850s]                  from [01m[K/home/boat/Desktop/src/boat_control_system_final/src/SailServoControlNode.cpp:13[m[K:
[15.853s] [01m[K/opt/ros/humble/include/std_msgs/std_msgs/msg/detail/bool__struct.hpp:32:8:[m[K [01;36m[Knote: [m[Kcandidate: ‘[01m[Kconstexpr std_msgs::msg::Bool_<std::allocator<void> >& std_msgs::msg::Bool_<std::allocator<void> >::operator=(const std_msgs::msg::Bool_<std::allocator<void> >&)[m[K’
[15.860s]    32 | struct [01;36m[KBool_[m[K
[15.864s]       |        [01;36m[K^~~~~[m[K
[15.868s] [01m[K/opt/ros/humble/include/std_msgs/std_msgs/msg/detail/bool__struct.hpp:32:8:[m[K [01;36m[Knote: [m[K  no known conversion for argument 1 from ‘[01m[Kstd_msgs::msg::Bool_<std::allocator<void> >::_data_type[m[K’ {aka ‘[01m[Kbool[m[K’} to ‘[01m[Kconst std_msgs::msg::Bool_<std::allocator<void> >&[m[K’
[15.872s] [01m[K/opt/ros/humble/include/std_msgs/std_msgs/msg/detail/bool__struct.hpp:32:8:[m[K [01;36m[Knote: [m[Kcandidate: ‘[01m[Kconstexpr std_msgs::msg::Bool_<std::allocator<void> >& std_msgs::msg::Bool_<std::allocator<void> >::operator=(std_msgs::msg::Bool_<std::allocator<void> >&&)[m[K’
[15.876s] [01m[K/opt/ros/humble/include/std_msgs/std_msgs/msg/detail/bool__struct.hpp:32:8:[m[K [01;36m[Knote: [m[K  no known conversion for argument 1 from ‘[01m[Kstd_msgs::msg::Bool_<std::allocator<void> >::_data_type[m[K’ {aka ‘[01m[Kbool[m[K’} to ‘[01m[Kstd_msgs::msg::Bool_<std::allocator<void> >&&[m[K’
[15.880s] [01m[K/home/boat/Desktop/src/boat_control_system_final/src/SailServoControlNode.cpp:[m[K In member function ‘[01m[Kint SailServoControlNode::getOptimalSailPosition(int)[m[K’:
[15.884s] [01m[K/home/boat/Desktop/src/boat_control_system_final/src/SailServoControlNode.cpp:113:18:[m[K [01;31m[Kerror: [m[Kexpected ‘[01m[K;[m[K’ before ‘[01m[K}[m[K’ token
[15.888s]   113 |         return -1
[15.892s]       |                  [01;31m[K^[m[K
[15.896s]       |                  [32m[K;[m[K
[15.899s]   114 |     [32m[K}[m[Kelse{
[15.903s]       |     [32m[K~[m[K             
[18.409s] [ 40%] [32m[1mLinking CXX static library libRudderControlHelper.a[0m
[18.591s] [ 40%] Built target RudderControlHelper
[18.655s] [35m[1mConsolidate compiler generated dependencies of target RudderServoControlNodeLib[0m
[18.783s] [ 45%] [32mBuilding CXX object CMakeFiles/RudderServoControlNodeLib.dir/src/RudderServoControlNode.cpp.o[0m
[18.890s] [ 50%] [32m[1mLinking CXX static library libCoordinateCalculations.a[0m
[19.095s] [ 50%] Built target CoordinateCalculations
[19.168s] [35m[1mConsolidate compiler generated dependencies of target CoordinateCalculationsNodeLib[0m
[19.293s] [ 55%] [32mBuilding CXX object CMakeFiles/CoordinateCalculationsNodeLib.dir/src/CoordinateCalculationsNode.cpp.o[0m
[33.137s] gmake[2]: *** [CMakeFiles/SailServoControlNodeLib.dir/build.make:76: CMakeFiles/SailServoControlNodeLib.dir/src/SailServoControlNode.cpp.o] Error 1
[33.140s] gmake[1]: *** [CMakeFiles/Makefile2:369: CMakeFiles/SailServoControlNodeLib.dir/all] Error 2
[33.141s] gmake[1]: *** Waiting for unfinished jobs....
[76.405s] [ 60%] [32m[1mLinking CXX static library libCoordinateCalculationsNodeLib.a[0m
[78.295s] [ 60%] Built target CoordinateCalculationsNodeLib
[89.259s] [ 65%] [32m[1mLinking CXX static library libRudderServoControlNodeLib.a[0m
[91.056s] [ 65%] Built target RudderServoControlNodeLib
[91.061s] gmake: *** [Makefile:146: all] Error 2
[91.070s] Invoked command in '/home/boat/Desktop/src/boat_control_system_final/build/boat_control_system_final' returned '2': CMAKE_PREFIX_PATH=/opt/ros/humble /usr/bin/cmake --build /home/boat/Desktop/src/boat_control_system_final/build/boat_control_system_final -- -j4 -l4
