[0.066s] Invoking command in '/home/boat/Desktop/src/boat_control_system_final/build/boat_control_system_final': CMAKE_PREFIX_PATH=/opt/ros/humble /usr/bin/cmake --build /home/boat/Desktop/src/boat_control_system_final/build/boat_control_system_final -- -j4 -l4
[0.181s] -- Found ament_cmake: 1.3.10 (/opt/ros/humble/share/ament_cmake/cmake)
[0.855s] -- Found rclcpp: 16.0.10 (/opt/ros/humble/share/rclcpp/cmake)
[1.056s] -- Found rosidl_generator_c: 3.1.5 (/opt/ros/humble/share/rosidl_generator_c/cmake)
[1.069s] -- Found rosidl_adapter: 3.1.5 (/opt/ros/humble/share/rosidl_adapter/cmake)
[1.096s] -- Found rosidl_generator_cpp: 3.1.5 (/opt/ros/humble/share/rosidl_generator_cpp/cmake)
[1.142s] -- Using all available rosidl_typesupport_c: rosidl_typesupport_fastrtps_c;rosidl_typesupport_introspection_c
[1.201s] -- Using all available rosidl_typesupport_cpp: rosidl_typesupport_fastrtps_cpp;rosidl_typesupport_introspection_cpp
[1.351s] -- Found rmw_implementation_cmake: 6.1.2 (/opt/ros/humble/share/rmw_implementation_cmake/cmake)
[1.358s] -- Found rmw_fastrtps_cpp: 6.2.7 (/opt/ros/humble/share/rmw_fastrtps_cpp/cmake)
[2.438s] -- Using RMW implementation 'rmw_fastrtps_cpp' as default
[2.659s] -- Found sensor_msgs: 4.2.4 (/opt/ros/humble/share/sensor_msgs/cmake)
[2.810s] -- Found ament_lint_auto: 0.12.11 (/opt/ros/humble/share/ament_lint_auto/cmake)
[4.235s] -- Added test 'cppcheck' to perform static code analysis on C / C++ code
[4.237s] -- Configured cppcheck include dirs: /home/boat/Desktop/src/boat_control_system_final/include/boat_control_system_final
[4.237s] -- Configured cppcheck exclude dirs and/or files: 
[4.372s] -- Added test 'flake8' to check Python code syntax and style conventions
[4.639s] -- Added test 'lint_cmake' to check CMake code style
[4.773s] -- Added test 'pep257' to check Python code against some of the docstring style conventions in PEP 257
[5.838s] -- Added test 'uncrustify' to check C / C++ code style
[5.838s] -- Configured uncrustify additional arguments: 
[5.973s] -- Added test 'xmllint' to check XML markup files
[5.978s] -- Configuring done
[6.139s] -- Generating done
[6.158s] -- Build files have been written to: /home/boat/Desktop/src/boat_control_system_final/build/boat_control_system_final
[6.287s] [35m[1mConsolidate compiler generated dependencies of target WaypointQueue[0m
[6.290s] [35m[1mConsolidate compiler generated dependencies of target CoordinateCalculations[0m
[6.426s] [ 16%] Built target WaypointQueue
[6.470s] [ 33%] Built target CoordinateCalculations
[6.486s] [35m[1mConsolidate compiler generated dependencies of target WaypointQueueNode[0m
[6.544s] [35m[1mConsolidate compiler generated dependencies of target CoordinateCalculationsNodeLib[0m
[6.611s] [ 50%] Built target WaypointQueueNode
[6.664s] [ 58%] [32mBuilding CXX object CMakeFiles/RudderServoControlNodeExec.dir/src/RudderServoControlNode.cpp.o[0m
[6.691s] [ 75%] Built target CoordinateCalculationsNodeLib
[6.764s] [35m[1mConsolidate compiler generated dependencies of target CoordinateCalculationsNodeExec[0m
[6.894s] [ 83%] [32m[1mLinking CXX executable CoordinateCalculationsNodeExec[0m
[10.333s] /usr/bin/ld: libCoordinateCalculations.a(Coordinate_Calculations.cpp.o): in function `CoordinateCalculations::calculate_directional_bearing[abi:cxx11](sensor_msgs::msg::NavSatFix_<std::allocator<void> >)':
[10.337s] Coordinate_Calculations.cpp:(.text+0x528): undefined reference to `RudderServoControlNode::RudderServoControlNode()'
[10.338s] /usr/bin/ld: Coordinate_Calculations.cpp:(.text+0x530): undefined reference to `RudderServoControlNode::get_magnetometer_heading()'
[10.339s] /usr/bin/ld: Coordinate_Calculations.cpp:(.text+0x544): undefined reference to `RudderServoControlNode::get_curr_pos()'
[10.340s] /usr/bin/ld: Coordinate_Calculations.cpp:(.text+0x668): undefined reference to `RudderServoControlNode::~RudderServoControlNode()'
[10.340s] /usr/bin/ld: Coordinate_Calculations.cpp:(.text+0x6c8): undefined reference to `RudderServoControlNode::~RudderServoControlNode()'
[10.539s] collect2: error: ld returned 1 exit status
[10.547s] gmake[2]: *** [CMakeFiles/CoordinateCalculationsNodeExec.dir/build.make:178: CoordinateCalculationsNodeExec] Error 1
[10.549s] gmake[1]: *** [CMakeFiles/Makefile2:228: CMakeFiles/CoordinateCalculationsNodeExec.dir/all] Error 2
[10.549s] gmake[1]: *** Waiting for unfinished jobs....
[67.572s] [ 91%] [32m[1mLinking CXX executable RudderServoControlNodeExec[0m
[70.808s] /usr/bin/ld: libCoordinateCalculations.a(Coordinate_Calculations.cpp.o): in function `CoordinateCalculations::calculate_angle_to_wind()':
[70.808s] Coordinate_Calculations.cpp:(.text+0x71c): undefined reference to `CoordinateCalculationsNode::CoordinateCalculationsNode()'
[70.809s] /usr/bin/ld: Coordinate_Calculations.cpp:(.text+0x724): undefined reference to `CoordinateCalculationsNode::get_wind_angle()'
[70.810s] /usr/bin/ld: Coordinate_Calculations.cpp:(.text+0x730): undefined reference to `CoordinateCalculationsNode::get_magnetometer_heading()'
[70.810s] /usr/bin/ld: libCoordinateCalculations.a(Coordinate_Calculations.cpp.o): in function `CoordinateCalculations::plan_path(sensor_msgs::msg::NavSatFix_<std::allocator<void> > const&, sensor_msgs::msg::NavSatFix_<std::allocator<void> > const&)':
[70.811s] Coordinate_Calculations.cpp:(.text+0x80c): undefined reference to `CoordinateCalculationsNode::CoordinateCalculationsNode()'
[70.811s] /usr/bin/ld: Coordinate_Calculations.cpp:(.text+0x860): undefined reference to `CoordinateCalculationsNode::get_wind_angle()'
[70.988s] collect2: error: ld returned 1 exit status
[70.994s] gmake[2]: *** [CMakeFiles/RudderServoControlNodeExec.dir/build.make:177: RudderServoControlNodeExec] Error 1
[70.995s] gmake[1]: *** [CMakeFiles/Makefile2:281: CMakeFiles/RudderServoControlNodeExec.dir/all] Error 2
[70.995s] gmake: *** [Makefile:146: all] Error 2
[71.004s] Invoked command in '/home/boat/Desktop/src/boat_control_system_final/build/boat_control_system_final' returned '2': CMAKE_PREFIX_PATH=/opt/ros/humble /usr/bin/cmake --build /home/boat/Desktop/src/boat_control_system_final/build/boat_control_system_final -- -j4 -l4
