[0.067s] Invoking command in '/home/boat/Desktop/src/boat_control_system_final/build/boat_control_system_final': CMAKE_PREFIX_PATH=/opt/ros/humble /usr/bin/cmake --build /home/boat/Desktop/src/boat_control_system_final/build/boat_control_system_final -- -j4 -l4
[0.274s] [35m[1mConsolidate compiler generated dependencies of target CoordinateCalculations[0m
[0.348s] [ 20%] Built target WaypointQueue
[0.395s] [ 30%] [32mBuilding CXX object CMakeFiles/CoordinateCalculations.dir/src/Coordinate_Calculations.cpp.o[0m
[0.476s] [ 50%] Built target WaypointQueueNode
[14.256s] [ 60%] [32m[1mLinking CXX static library libCoordinateCalculations.a[0m
[14.400s] [ 60%] Built target CoordinateCalculations
[14.459s] [35m[1mConsolidate compiler generated dependencies of target CoordinateCalculationsNodeLib[0m
[14.567s] [ 70%] [32mBuilding CXX object CMakeFiles/CoordinateCalculationsNodeLib.dir/src/CoordinateCalculationsNode.cpp.o[0m
[26.187s] [01m[K/home/boat/Desktop/src/boat_control_system_final/src/CoordinateCalculationsNode.cpp:[m[K In member function ‘[01m[Kvoid CoordinateCalculationsNode::waypointCallback(sensor_msgs::msg::NavSatFix_<std::allocator<void> >::SharedPtr)[m[K’:
[26.188s] [01m[K/home/boat/Desktop/src/boat_control_system_final/src/CoordinateCalculationsNode.cpp:84:45:[m[K [01;31m[Kerror: [m[Kqualified-id in declaration before ‘[01m[K([m[K’ token
[26.188s]    84 | void CoordinateCalculationsNode::gpsCallback[01;31m[K([m[Kconst sensor_msgs::msg::NavSatFix::SharedPtr msg)
[26.189s]       |                                             [01;31m[K^[m[K
[26.189s] [01m[K/home/boat/Desktop/src/boat_control_system_final/src/CoordinateCalculationsNode.cpp:92:46:[m[K [01;31m[Kerror: [m[Kqualified-id in declaration before ‘[01m[K([m[K’ token
[26.190s]    92 | void CoordinateCalculationsNode::windCallback[01;31m[K([m[Kconst std_msgs::msg::Float32::SharedPtr msg)
[26.190s]       |                                              [01;31m[K^[m[K
[26.191s] [01m[K/home/boat/Desktop/src/boat_control_system_final/src/CoordinateCalculationsNode.cpp:100:54:[m[K [01;31m[Kerror: [m[Kqualified-id in declaration before ‘[01m[K([m[K’ token
[26.191s]   100 | void CoordinateCalculationsNode::magnetometerCallback[01;31m[K([m[Kconst std_msgs::msg::Float32::SharedPtr msg)
[26.192s]       |                                                      [01;31m[K^[m[K
[26.192s] [01m[K/home/boat/Desktop/src/boat_control_system_final/src/CoordinateCalculationsNode.cpp:114:46:[m[K [01;31m[Kerror: [m[Kqualified-id in declaration before ‘[01m[K([m[K’ token
[26.193s]   114 | void CoordinateCalculationsNode::initCallback[01;31m[K([m[Kconst std_msgs::msg::Int16::SharedPtr msg)
[26.193s]       |                                              [01;31m[K^[m[K
[26.194s] [01m[K/home/boat/Desktop/src/boat_control_system_final/src/CoordinateCalculationsNode.cpp:122:76:[m[K [01;31m[Kerror: [m[Kqualified-id in declaration before ‘[01m[K([m[K’ token
[26.194s]   122 | sensor_msgs::msg::NavSatFix CoordinateCalculationsNode::get_latest_waypoint[01;31m[K([m[K)
[26.195s]       |                                                                            [01;31m[K^[m[K
[26.195s] [01m[K/home/boat/Desktop/src/boat_control_system_final/src/CoordinateCalculationsNode.cpp:129:66:[m[K [01;31m[Kerror: [m[Kqualified-id in declaration before ‘[01m[K([m[K’ token
[26.196s]   129 | std_msgs::msg::Float32 CoordinateCalculationsNode::get_wind_angle[01;31m[K([m[K)
[26.196s]       |                                                                  [01;31m[K^[m[K
[26.197s] [01m[K/home/boat/Desktop/src/boat_control_system_final/src/CoordinateCalculationsNode.cpp:134:76:[m[K [01;31m[Kerror: [m[Kqualified-id in declaration before ‘[01m[K([m[K’ token
[26.197s]   134 | std_msgs::msg::Float32 CoordinateCalculationsNode::get_magnetometer_heading[01;31m[K([m[K)
[26.198s]       |                                                                            [01;31m[K^[m[K
[26.198s] [01m[K/home/boat/Desktop/src/boat_control_system_final/src/CoordinateCalculationsNode.cpp:139:69:[m[K [01;31m[Kerror: [m[Kqualified-id in declaration before ‘[01m[K([m[K’ token
[26.199s]   139 | sensor_msgs::msg::NavSatFix CoordinateCalculationsNode::get_curr_pos[01;31m[K([m[K)
[26.199s]       |                                                                     [01;31m[K^[m[K
[26.200s] [01m[K/home/boat/Desktop/src/boat_control_system_final/src/CoordinateCalculationsNode.cpp:145:1:[m[K [01;31m[Kerror: [m[Ka function-definition is not allowed here before ‘[01m[K{[m[K’ token
[26.200s]   145 | [01;31m[K{[m[K
[26.200s]       | [01;31m[K^[m[K
[26.201s] [01m[K/home/boat/Desktop/src/boat_control_system_final/src/CoordinateCalculationsNode.cpp:150:2:[m[K [01;31m[Kerror: [m[Kexpected ‘[01m[K}[m[K’ at end of input
[26.201s]   150 | }
[26.202s]       |  [01;31m[K^[m[K
[26.202s] [01m[K/home/boat/Desktop/src/boat_control_system_final/src/CoordinateCalculationsNode.cpp:61:1:[m[K [01;36m[Knote: [m[Kto match this ‘[01m[K{[m[K’
[26.203s]    61 | [01;36m[K{[m[K
[26.204s]       | [01;36m[K^[m[K
[42.982s] gmake[2]: *** [CMakeFiles/CoordinateCalculationsNodeLib.dir/build.make:76: CMakeFiles/CoordinateCalculationsNodeLib.dir/src/CoordinateCalculationsNode.cpp.o] Error 1
[42.983s] gmake[1]: *** [CMakeFiles/Makefile2:198: CMakeFiles/CoordinateCalculationsNodeLib.dir/all] Error 2
[42.984s] gmake: *** [Makefile:146: all] Error 2
[42.992s] Invoked command in '/home/boat/Desktop/src/boat_control_system_final/build/boat_control_system_final' returned '2': CMAKE_PREFIX_PATH=/opt/ros/humble /usr/bin/cmake --build /home/boat/Desktop/src/boat_control_system_final/build/boat_control_system_final -- -j4 -l4
