running egg_info
creating ../../build/gps_gt_u7/gps_gt_u7.egg-info
writing ../../build/gps_gt_u7/gps_gt_u7.egg-info/PKG-INFO
writing dependency_links to ../../build/gps_gt_u7/gps_gt_u7.egg-info/dependency_links.txt
writing entry points to ../../build/gps_gt_u7/gps_gt_u7.egg-info/entry_points.txt
writing requirements to ../../build/gps_gt_u7/gps_gt_u7.egg-info/requires.txt
writing top-level names to ../../build/gps_gt_u7/gps_gt_u7.egg-info/top_level.txt
writing manifest file '../../build/gps_gt_u7/gps_gt_u7.egg-info/SOURCES.txt'
reading manifest file '../../build/gps_gt_u7/gps_gt_u7.egg-info/SOURCES.txt'
writing manifest file '../../build/gps_gt_u7/gps_gt_u7.egg-info/SOURCES.txt'
running build
running build_py
creating /home/boat/Desktop/TAFLAB_boatpi_roshumble/src/build/gps_gt_u7/build
creating /home/boat/Desktop/TAFLAB_boatpi_roshumble/src/build/gps_gt_u7/build/lib
creating /home/boat/Desktop/TAFLAB_boatpi_roshumble/src/build/gps_gt_u7/build/lib/gps_gt_u7
copying gps_gt_u7/currentlyrunning.py -> /home/boat/Desktop/TAFLAB_boatpi_roshumble/src/build/gps_gt_u7/build/lib/gps_gt_u7
copying gps_gt_u7/__init__.py -> /home/boat/Desktop/TAFLAB_boatpi_roshumble/src/build/gps_gt_u7/build/lib/gps_gt_u7
copying gps_gt_u7/filteredgps.py -> /home/boat/Desktop/TAFLAB_boatpi_roshumble/src/build/gps_gt_u7/build/lib/gps_gt_u7
copying gps_gt_u7/gps_node.py -> /home/boat/Desktop/TAFLAB_boatpi_roshumble/src/build/gps_gt_u7/build/lib/gps_gt_u7
running install
running install_lib
creating /home/boat/Desktop/TAFLAB_boatpi_roshumble/src/install/gps_gt_u7/lib/python3.10/site-packages/gps_gt_u7
copying /home/boat/Desktop/TAFLAB_boatpi_roshumble/src/build/gps_gt_u7/build/lib/gps_gt_u7/currentlyrunning.py -> /home/boat/Desktop/TAFLAB_boatpi_roshumble/src/install/gps_gt_u7/lib/python3.10/site-packages/gps_gt_u7
copying /home/boat/Desktop/TAFLAB_boatpi_roshumble/src/build/gps_gt_u7/build/lib/gps_gt_u7/__init__.py -> /home/boat/Desktop/TAFLAB_boatpi_roshumble/src/install/gps_gt_u7/lib/python3.10/site-packages/gps_gt_u7
copying /home/boat/Desktop/TAFLAB_boatpi_roshumble/src/build/gps_gt_u7/build/lib/gps_gt_u7/filteredgps.py -> /home/boat/Desktop/TAFLAB_boatpi_roshumble/src/install/gps_gt_u7/lib/python3.10/site-packages/gps_gt_u7
copying /home/boat/Desktop/TAFLAB_boatpi_roshumble/src/build/gps_gt_u7/build/lib/gps_gt_u7/gps_node.py -> /home/boat/Desktop/TAFLAB_boatpi_roshumble/src/install/gps_gt_u7/lib/python3.10/site-packages/gps_gt_u7
byte-compiling /home/boat/Desktop/TAFLAB_boatpi_roshumble/src/install/gps_gt_u7/lib/python3.10/site-packages/gps_gt_u7/currentlyrunning.py to currentlyrunning.cpython-310.pyc
byte-compiling /home/boat/Desktop/TAFLAB_boatpi_roshumble/src/install/gps_gt_u7/lib/python3.10/site-packages/gps_gt_u7/__init__.py to __init__.cpython-310.pyc
byte-compiling /home/boat/Desktop/TAFLAB_boatpi_roshumble/src/install/gps_gt_u7/lib/python3.10/site-packages/gps_gt_u7/filteredgps.py to filteredgps.cpython-310.pyc
byte-compiling /home/boat/Desktop/TAFLAB_boatpi_roshumble/src/install/gps_gt_u7/lib/python3.10/site-packages/gps_gt_u7/gps_node.py to gps_node.cpython-310.pyc
running install_data
creating /home/boat/Desktop/TAFLAB_boatpi_roshumble/src/install/gps_gt_u7/share/ament_index
creating /home/boat/Desktop/TAFLAB_boatpi_roshumble/src/install/gps_gt_u7/share/ament_index/resource_index
creating /home/boat/Desktop/TAFLAB_boatpi_roshumble/src/install/gps_gt_u7/share/ament_index/resource_index/packages
copying resource/gps_gt_u7 -> /home/boat/Desktop/TAFLAB_boatpi_roshumble/src/install/gps_gt_u7/share/ament_index/resource_index/packages
copying package.xml -> /home/boat/Desktop/TAFLAB_boatpi_roshumble/src/install/gps_gt_u7/share/gps_gt_u7
running install_egg_info
Copying ../../build/gps_gt_u7/gps_gt_u7.egg-info to /home/boat/Desktop/TAFLAB_boatpi_roshumble/src/install/gps_gt_u7/lib/python3.10/site-packages/gps_gt_u7-0.0.0-py3.10.egg-info
running install_scripts
Installing gps_node script to /home/boat/Desktop/TAFLAB_boatpi_roshumble/src/install/gps_gt_u7/lib/gps_gt_u7
writing list of installed files to '/home/boat/Desktop/TAFLAB_boatpi_roshumble/src/build/gps_gt_u7/install.log'
