[6.493s] Invoking command in '/home/boat/Desktop/TAFLAB_boatpi_roshumble/src/sensors/gps_gt_u7': PYTHONPATH=/home/boat/Desktop/TAFLAB_boatpi_roshumble/src/build/gps_gt_u7/prefix_override:/usr/lib/python3/dist-packages/colcon_core/task/python/colcon_distutils_commands:/home/boat/Desktop/TAFLAB_boatpi_roshumble/src/install/gps_gt_u7/lib/python3.10/site-packages:${PYTHONPATH} /usr/bin/python3 -W ignore:setup.py install is deprecated setup.py egg_info --egg-base ../../build/gps_gt_u7 build --build-base /home/boat/Desktop/TAFLAB_boatpi_roshumble/src/build/gps_gt_u7/build install --record /home/boat/Desktop/TAFLAB_boatpi_roshumble/src/build/gps_gt_u7/install.log --single-version-externally-managed install_data
[8.433s] running egg_info
[8.437s] creating ../../build/gps_gt_u7/gps_gt_u7.egg-info
[8.443s] writing ../../build/gps_gt_u7/gps_gt_u7.egg-info/PKG-INFO
[8.450s] writing dependency_links to ../../build/gps_gt_u7/gps_gt_u7.egg-info/dependency_links.txt
[8.455s] writing entry points to ../../build/gps_gt_u7/gps_gt_u7.egg-info/entry_points.txt
[8.460s] writing requirements to ../../build/gps_gt_u7/gps_gt_u7.egg-info/requires.txt
[8.464s] writing top-level names to ../../build/gps_gt_u7/gps_gt_u7.egg-info/top_level.txt
[8.469s] writing manifest file '../../build/gps_gt_u7/gps_gt_u7.egg-info/SOURCES.txt'
[8.480s] reading manifest file '../../build/gps_gt_u7/gps_gt_u7.egg-info/SOURCES.txt'
[8.486s] writing manifest file '../../build/gps_gt_u7/gps_gt_u7.egg-info/SOURCES.txt'
[8.592s] running build
[8.593s] running build_py
[8.594s] creating /home/boat/Desktop/TAFLAB_boatpi_roshumble/src/build/gps_gt_u7/build
[8.599s] creating /home/boat/Desktop/TAFLAB_boatpi_roshumble/src/build/gps_gt_u7/build/lib
[8.600s] creating /home/boat/Desktop/TAFLAB_boatpi_roshumble/src/build/gps_gt_u7/build/lib/gps_gt_u7
[8.602s] copying gps_gt_u7/currentlyrunning.py -> /home/boat/Desktop/TAFLAB_boatpi_roshumble/src/build/gps_gt_u7/build/lib/gps_gt_u7
[8.635s] copying gps_gt_u7/__init__.py -> /home/boat/Desktop/TAFLAB_boatpi_roshumble/src/build/gps_gt_u7/build/lib/gps_gt_u7
[8.636s] copying gps_gt_u7/filteredgps.py -> /home/boat/Desktop/TAFLAB_boatpi_roshumble/src/build/gps_gt_u7/build/lib/gps_gt_u7
[9.250s] copying gps_gt_u7/gps_node.py -> /home/boat/Desktop/TAFLAB_boatpi_roshumble/src/build/gps_gt_u7/build/lib/gps_gt_u7
[9.254s] running install
[9.258s] running install_lib
[9.259s] creating /home/boat/Desktop/TAFLAB_boatpi_roshumble/src/install/gps_gt_u7/lib/python3.10/site-packages/gps_gt_u7
[9.269s] copying /home/boat/Desktop/TAFLAB_boatpi_roshumble/src/build/gps_gt_u7/build/lib/gps_gt_u7/currentlyrunning.py -> /home/boat/Desktop/TAFLAB_boatpi_roshumble/src/install/gps_gt_u7/lib/python3.10/site-packages/gps_gt_u7
[9.270s] copying /home/boat/Desktop/TAFLAB_boatpi_roshumble/src/build/gps_gt_u7/build/lib/gps_gt_u7/__init__.py -> /home/boat/Desktop/TAFLAB_boatpi_roshumble/src/install/gps_gt_u7/lib/python3.10/site-packages/gps_gt_u7
[9.270s] copying /home/boat/Desktop/TAFLAB_boatpi_roshumble/src/build/gps_gt_u7/build/lib/gps_gt_u7/filteredgps.py -> /home/boat/Desktop/TAFLAB_boatpi_roshumble/src/install/gps_gt_u7/lib/python3.10/site-packages/gps_gt_u7
[9.272s] copying /home/boat/Desktop/TAFLAB_boatpi_roshumble/src/build/gps_gt_u7/build/lib/gps_gt_u7/gps_node.py -> /home/boat/Desktop/TAFLAB_boatpi_roshumble/src/install/gps_gt_u7/lib/python3.10/site-packages/gps_gt_u7
[9.286s] byte-compiling /home/boat/Desktop/TAFLAB_boatpi_roshumble/src/install/gps_gt_u7/lib/python3.10/site-packages/gps_gt_u7/currentlyrunning.py to currentlyrunning.cpython-310.pyc
[9.290s] byte-compiling /home/boat/Desktop/TAFLAB_boatpi_roshumble/src/install/gps_gt_u7/lib/python3.10/site-packages/gps_gt_u7/__init__.py to __init__.cpython-310.pyc
[9.291s] byte-compiling /home/boat/Desktop/TAFLAB_boatpi_roshumble/src/install/gps_gt_u7/lib/python3.10/site-packages/gps_gt_u7/filteredgps.py to filteredgps.cpython-310.pyc
[9.292s] byte-compiling /home/boat/Desktop/TAFLAB_boatpi_roshumble/src/install/gps_gt_u7/lib/python3.10/site-packages/gps_gt_u7/gps_node.py to gps_node.cpython-310.pyc
[9.292s] running install_data
[9.292s] creating /home/boat/Desktop/TAFLAB_boatpi_roshumble/src/install/gps_gt_u7/share/ament_index
[9.293s] creating /home/boat/Desktop/TAFLAB_boatpi_roshumble/src/install/gps_gt_u7/share/ament_index/resource_index
[9.304s] creating /home/boat/Desktop/TAFLAB_boatpi_roshumble/src/install/gps_gt_u7/share/ament_index/resource_index/packages
[9.310s] copying resource/gps_gt_u7 -> /home/boat/Desktop/TAFLAB_boatpi_roshumble/src/install/gps_gt_u7/share/ament_index/resource_index/packages
[9.311s] copying package.xml -> /home/boat/Desktop/TAFLAB_boatpi_roshumble/src/install/gps_gt_u7/share/gps_gt_u7
[9.311s] running install_egg_info
[9.339s] Copying ../../build/gps_gt_u7/gps_gt_u7.egg-info to /home/boat/Desktop/TAFLAB_boatpi_roshumble/src/install/gps_gt_u7/lib/python3.10/site-packages/gps_gt_u7-0.0.0-py3.10.egg-info
[9.339s] running install_scripts
[9.477s] Installing gps_node script to /home/boat/Desktop/TAFLAB_boatpi_roshumble/src/install/gps_gt_u7/lib/gps_gt_u7
[9.484s] writing list of installed files to '/home/boat/Desktop/TAFLAB_boatpi_roshumble/src/build/gps_gt_u7/install.log'
[9.747s] Invoked command in '/home/boat/Desktop/TAFLAB_boatpi_roshumble/src/sensors/gps_gt_u7' returned '0': PYTHONPATH=/home/boat/Desktop/TAFLAB_boatpi_roshumble/src/build/gps_gt_u7/prefix_override:/usr/lib/python3/dist-packages/colcon_core/task/python/colcon_distutils_commands:/home/boat/Desktop/TAFLAB_boatpi_roshumble/src/install/gps_gt_u7/lib/python3.10/site-packages:${PYTHONPATH} /usr/bin/python3 -W ignore:setup.py install is deprecated setup.py egg_info --egg-base ../../build/gps_gt_u7 build --build-base /home/boat/Desktop/TAFLAB_boatpi_roshumble/src/build/gps_gt_u7/build install --record /home/boat/Desktop/TAFLAB_boatpi_roshumble/src/build/gps_gt_u7/install.log --single-version-externally-managed install_data
