[0.067s] Invoking command in '/home/boat/Desktop/src/boat_control_system_final/build/boat_control_system_final': CMAKE_PREFIX_PATH=/opt/ros/humble /usr/bin/cmake --build /home/boat/Desktop/src/boat_control_system_final/build/boat_control_system_final -- -j4 -l4
[0.184s] -- Found ament_cmake: 1.3.10 (/opt/ros/humble/share/ament_cmake/cmake)
[0.820s] -- Found rclcpp: 16.0.10 (/opt/ros/humble/share/rclcpp/cmake)
[1.019s] -- Found rosidl_generator_c: 3.1.5 (/opt/ros/humble/share/rosidl_generator_c/cmake)
[1.032s] -- Found rosidl_adapter: 3.1.5 (/opt/ros/humble/share/rosidl_adapter/cmake)
[1.059s] -- Found rosidl_generator_cpp: 3.1.5 (/opt/ros/humble/share/rosidl_generator_cpp/cmake)
[1.104s] -- Using all available rosidl_typesupport_c: rosidl_typesupport_fastrtps_c;rosidl_typesupport_introspection_c
[1.162s] -- Using all available rosidl_typesupport_cpp: rosidl_typesupport_fastrtps_cpp;rosidl_typesupport_introspection_cpp
[1.313s] -- Found rmw_implementation_cmake: 6.1.2 (/opt/ros/humble/share/rmw_implementation_cmake/cmake)
[1.320s] -- Found rmw_fastrtps_cpp: 6.2.7 (/opt/ros/humble/share/rmw_fastrtps_cpp/cmake)
[2.399s] -- Using RMW implementation 'rmw_fastrtps_cpp' as default
[2.620s] -- Found sensor_msgs: 4.2.4 (/opt/ros/humble/share/sensor_msgs/cmake)
[2.767s] -- Found ament_lint_auto: 0.12.11 (/opt/ros/humble/share/ament_lint_auto/cmake)
[3.724s] -- Added test 'cppcheck' to perform static code analysis on C / C++ code
[3.726s] -- Configured cppcheck include dirs: /home/boat/Desktop/src/boat_control_system_final/include/boat_control_system_final
[3.726s] -- Configured cppcheck exclude dirs and/or files: 
[3.804s] -- Added test 'flake8' to check Python code syntax and style conventions
[3.959s] -- Added test 'lint_cmake' to check CMake code style
[4.038s] -- Added test 'pep257' to check Python code against some of the docstring style conventions in PEP 257
[4.648s] -- Added test 'uncrustify' to check C / C++ code style
[4.648s] -- Configured uncrustify additional arguments: 
[4.726s] -- Added test 'xmllint' to check XML markup files
[4.732s] -- Configuring done
[4.770s] [31mCMake Error at CMakeLists.txt:32 (add_library):
[4.770s]   Cannot find source file:
[4.771s] 
[4.771s]     src/Waypoint_Queue.cpp
[4.772s] 
[4.772s]   Tried extensions .c .C .c++ .cc .cpp .cxx .cu .mpp .m .M .mm .ixx .cppm .h
[4.773s]   .hh .h++ .hm .hpp .hxx .in .txx .f .F .for .f77 .f90 .f95 .f03 .hip .ispc
[4.773s] 
[4.774s] [0m
[4.774s] [31mCMake Error at CMakeLists.txt:37 (add_library):
[4.775s]   Cannot find source file:
[4.775s] 
[4.776s]     src/CoordinateCalculations.cpp
[4.777s] 
[4.778s]   Tried extensions .c .C .c++ .cc .cpp .cxx .cu .mpp .m .M .mm .ixx .cppm .h
[4.778s]   .hh .h++ .hm .hpp .hxx .in .txx .f .F .for .f77 .f90 .f95 .f03 .hip .ispc
[4.779s] 
[4.780s] [0m
[4.783s] [31mCMake Error at CMakeLists.txt:32 (add_library):
[4.784s]   No SOURCES given to target: WaypointQueue
[4.785s] 
[4.786s] [0m
[4.787s] [31mCMake Error at CMakeLists.txt:37 (add_library):
[4.787s]   No SOURCES given to target: CoordinateCalculations
[4.788s] 
[4.789s] [0m
[4.789s] [0mCMake Generate step failed.  Build files cannot be regenerated correctly.[0m
[4.808s] gmake: *** [Makefile:349: cmake_check_build_system] Error 1
[4.812s] Invoked command in '/home/boat/Desktop/src/boat_control_system_final/build/boat_control_system_final' returned '2': CMAKE_PREFIX_PATH=/opt/ros/humble /usr/bin/cmake --build /home/boat/Desktop/src/boat_control_system_final/build/boat_control_system_final -- -j4 -l4
