[3.011s] Invoking command in '/home/boat/Desktop/TAFLAB_boatpi_roshumble/src/comms/xbee_node': PYTHONPATH=/home/boat/Desktop/TAFLAB_boatpi_roshumble/src/build/xbee_node/prefix_override:/usr/lib/python3/dist-packages/colcon_core/task/python/colcon_distutils_commands:/home/boat/Desktop/TAFLAB_boatpi_roshumble/src/install/xbee_node/lib/python3.10/site-packages:${PYTHONPATH} /usr/bin/python3 -W ignore:setup.py install is deprecated setup.py egg_info --egg-base ../../build/xbee_node build --build-base /home/boat/Desktop/TAFLAB_boatpi_roshumble/src/build/xbee_node/build install --record /home/boat/Desktop/TAFLAB_boatpi_roshumble/src/build/xbee_node/install.log --single-version-externally-managed install_data
[4.024s] running egg_info
[4.027s] creating ../../build/xbee_node/xbee_node.egg-info
[4.028s] writing ../../build/xbee_node/xbee_node.egg-info/PKG-INFO
[4.029s] writing dependency_links to ../../build/xbee_node/xbee_node.egg-info/dependency_links.txt
[4.030s] writing entry points to ../../build/xbee_node/xbee_node.egg-info/entry_points.txt
[4.031s] writing requirements to ../../build/xbee_node/xbee_node.egg-info/requires.txt
[4.032s] writing top-level names to ../../build/xbee_node/xbee_node.egg-info/top_level.txt
[4.032s] writing manifest file '../../build/xbee_node/xbee_node.egg-info/SOURCES.txt'
[4.040s] reading manifest file '../../build/xbee_node/xbee_node.egg-info/SOURCES.txt'
[4.044s] writing manifest file '../../build/xbee_node/xbee_node.egg-info/SOURCES.txt'
[4.046s] running build
[4.047s] running build_py
[4.048s] creating /home/boat/Desktop/TAFLAB_boatpi_roshumble/src/build/xbee_node/build
[4.048s] creating /home/boat/Desktop/TAFLAB_boatpi_roshumble/src/build/xbee_node/build/lib
[4.049s] creating /home/boat/Desktop/TAFLAB_boatpi_roshumble/src/build/xbee_node/build/lib/xbee_node
[4.050s] copying xbee_node/__init__.py -> /home/boat/Desktop/TAFLAB_boatpi_roshumble/src/build/xbee_node/build/lib/xbee_node
[4.051s] copying xbee_node/xbee_node.py -> /home/boat/Desktop/TAFLAB_boatpi_roshumble/src/build/xbee_node/build/lib/xbee_node
[4.060s] running install
[4.063s] running install_lib
[4.066s] creating /home/boat/Desktop/TAFLAB_boatpi_roshumble/src/install/xbee_node/lib/python3.10/site-packages/xbee_node
[4.068s] copying /home/boat/Desktop/TAFLAB_boatpi_roshumble/src/build/xbee_node/build/lib/xbee_node/__init__.py -> /home/boat/Desktop/TAFLAB_boatpi_roshumble/src/install/xbee_node/lib/python3.10/site-packages/xbee_node
[4.070s] copying /home/boat/Desktop/TAFLAB_boatpi_roshumble/src/build/xbee_node/build/lib/xbee_node/xbee_node.py -> /home/boat/Desktop/TAFLAB_boatpi_roshumble/src/install/xbee_node/lib/python3.10/site-packages/xbee_node
[4.074s] byte-compiling /home/boat/Desktop/TAFLAB_boatpi_roshumble/src/install/xbee_node/lib/python3.10/site-packages/xbee_node/__init__.py to __init__.cpython-310.pyc
[4.076s] byte-compiling /home/boat/Desktop/TAFLAB_boatpi_roshumble/src/install/xbee_node/lib/python3.10/site-packages/xbee_node/xbee_node.py to xbee_node.cpython-310.pyc
[4.079s] running install_data
[4.081s] creating /home/boat/Desktop/TAFLAB_boatpi_roshumble/src/install/xbee_node/share/ament_index
[4.084s] creating /home/boat/Desktop/TAFLAB_boatpi_roshumble/src/install/xbee_node/share/ament_index/resource_index
[4.086s] creating /home/boat/Desktop/TAFLAB_boatpi_roshumble/src/install/xbee_node/share/ament_index/resource_index/packages
[4.089s] copying resource/xbee_node -> /home/boat/Desktop/TAFLAB_boatpi_roshumble/src/install/xbee_node/share/ament_index/resource_index/packages
[4.091s] copying package.xml -> /home/boat/Desktop/TAFLAB_boatpi_roshumble/src/install/xbee_node/share/xbee_node
[4.094s] running install_egg_info
[4.098s] Copying ../../build/xbee_node/xbee_node.egg-info to /home/boat/Desktop/TAFLAB_boatpi_roshumble/src/install/xbee_node/lib/python3.10/site-packages/xbee_node-0.0.0-py3.10.egg-info
[4.102s] running install_scripts
[4.185s] Installing xbee_node script to /home/boat/Desktop/TAFLAB_boatpi_roshumble/src/install/xbee_node/lib/xbee_node
[4.190s] writing list of installed files to '/home/boat/Desktop/TAFLAB_boatpi_roshumble/src/build/xbee_node/install.log'
[4.343s] Invoked command in '/home/boat/Desktop/TAFLAB_boatpi_roshumble/src/comms/xbee_node' returned '0': PYTHONPATH=/home/boat/Desktop/TAFLAB_boatpi_roshumble/src/build/xbee_node/prefix_override:/usr/lib/python3/dist-packages/colcon_core/task/python/colcon_distutils_commands:/home/boat/Desktop/TAFLAB_boatpi_roshumble/src/install/xbee_node/lib/python3.10/site-packages:${PYTHONPATH} /usr/bin/python3 -W ignore:setup.py install is deprecated setup.py egg_info --egg-base ../../build/xbee_node build --build-base /home/boat/Desktop/TAFLAB_boatpi_roshumble/src/build/xbee_node/build install --record /home/boat/Desktop/TAFLAB_boatpi_roshumble/src/build/xbee_node/install.log --single-version-externally-managed install_data
