[35m[1mConsolidate compiler generated dependencies of target CoordinateCalculations[0m
[35m[1mConsolidate compiler generated dependencies of target RudderControlHelper[0m
[35m[1mConsolidate compiler generated dependencies of target SailServoControlNodeLib[0m
[ 10%] Built target WaypointQueue
[ 15%] [32mBuilding CXX object CMakeFiles/SailServoControlNodeLib.dir/src/SailServoControlNode.cpp.o[0m
[ 20%] [32mBuilding CXX object CMakeFiles/CoordinateCalculations.dir/src/Coordinate_Calculations.cpp.o[0m
[ 25%] [32mBuilding CXX object CMakeFiles/RudderControlHelper.dir/src/RudderControlHelper.cpp.o[0m
[ 35%] Built target waypoint_queue_node
In file included from [01m[K/home/boat/Desktop/src/boat_control_system_final/include/boat_control_system_final/CoordinateCalculationsNode.hpp:18[m[K,
                 from [01m[K/home/boat/Desktop/src/boat_control_system_final/include/boat_control_system_final/Coordinate_Calculations.h:12[m[K,
                 from [01m[K/home/boat/Desktop/src/boat_control_system_final/src/Coordinate_Calculations.cpp:12[m[K:
[01m[K/home/boat/Desktop/src/boat_control_system_final/include/boat_control_system_final/RudderServoControlNode.hpp:66:60:[m[K [01;31m[Kerror: [m[Kexpected ‘[01m[K;[m[K’ at end of member declaration
   66 |     rclcpp::Subscription<std_msgs::msg::String>::SharedPtr [01;31m[Kinit_subscriber_[m[K
      |                                                            [01;31m[K^~~~~~~~~~~~~~~~[m[K
      |                                                                            [32m[K;[m[K
In file included from [01m[K/home/boat/Desktop/src/boat_control_system_final/src/SailServoControlNode.cpp:13[m[K:
[01m[K/home/boat/Desktop/src/boat_control_system_final/include/boat_control_system_final/SailServoControlNode.hpp:36:58:[m[K [01;31m[Kerror: [m[Kexpected ‘[01m[K;[m[K’ at end of member declaration
   36 |     rclcpp::Subscription<std_msgs::msg::Bool>::SharedPtr [01;31m[Kreached_subscriber_[m[K
      |                                                          [01;31m[K^~~~~~~~~~~~~~~~~~~[m[K
      |                                                                             [32m[K;[m[K
[01m[K/home/boat/Desktop/src/boat_control_system_final/src/SailServoControlNode.cpp:[m[K In member function ‘[01m[Kvoid SailServoControlNode::stateCallback(std_msgs::msg::Bool_<std::allocator<void> >::SharedPtr)[m[K’:
[01m[K/home/boat/Desktop/src/boat_control_system_final/src/SailServoControlNode.cpp:51:26:[m[K [01;31m[Kerror: [m[Kno match for ‘[01m[Koperator=[m[K’ (operand types are ‘[01m[Kstd_msgs::msg::Bool[m[K’ {aka ‘[01m[Kstd_msgs::msg::Bool_<std::allocator<void> >[m[K’} and ‘[01m[Kstd_msgs::msg::Bool_<std::allocator<void> >::_data_type[m[K’ {aka ‘[01m[Kbool[m[K’})
   51 |     latest_state_ = msg->[01;31m[Kdata[m[K;  // Update the latest state data
      |                          [01;31m[K^~~~[m[K
In file included from [01m[K/opt/ros/humble/include/std_msgs/std_msgs/msg/bool.hpp:7[m[K,
                 from [01m[K/home/boat/Desktop/src/boat_control_system_final/include/boat_control_system_final/SailServoControlNode.hpp:11[m[K,
                 from [01m[K/home/boat/Desktop/src/boat_control_system_final/src/SailServoControlNode.cpp:13[m[K:
[01m[K/opt/ros/humble/include/std_msgs/std_msgs/msg/detail/bool__struct.hpp:32:8:[m[K [01;36m[Knote: [m[Kcandidate: ‘[01m[Kconstexpr std_msgs::msg::Bool_<std::allocator<void> >& std_msgs::msg::Bool_<std::allocator<void> >::operator=(const std_msgs::msg::Bool_<std::allocator<void> >&)[m[K’
   32 | struct [01;36m[KBool_[m[K
      |        [01;36m[K^~~~~[m[K
[01m[K/opt/ros/humble/include/std_msgs/std_msgs/msg/detail/bool__struct.hpp:32:8:[m[K [01;36m[Knote: [m[K  no known conversion for argument 1 from ‘[01m[Kstd_msgs::msg::Bool_<std::allocator<void> >::_data_type[m[K’ {aka ‘[01m[Kbool[m[K’} to ‘[01m[Kconst std_msgs::msg::Bool_<std::allocator<void> >&[m[K’
[01m[K/opt/ros/humble/include/std_msgs/std_msgs/msg/detail/bool__struct.hpp:32:8:[m[K [01;36m[Knote: [m[Kcandidate: ‘[01m[Kconstexpr std_msgs::msg::Bool_<std::allocator<void> >& std_msgs::msg::Bool_<std::allocator<void> >::operator=(std_msgs::msg::Bool_<std::allocator<void> >&&)[m[K’
[01m[K/opt/ros/humble/include/std_msgs/std_msgs/msg/detail/bool__struct.hpp:32:8:[m[K [01;36m[Knote: [m[K  no known conversion for argument 1 from ‘[01m[Kstd_msgs::msg::Bool_<std::allocator<void> >::_data_type[m[K’ {aka ‘[01m[Kbool[m[K’} to ‘[01m[Kstd_msgs::msg::Bool_<std::allocator<void> >&&[m[K’
[01m[K/home/boat/Desktop/src/boat_control_system_final/src/SailServoControlNode.cpp:[m[K In member function ‘[01m[Kint SailServoControlNode::getOptimalSailPosition(int)[m[K’:
[01m[K/home/boat/Desktop/src/boat_control_system_final/src/SailServoControlNode.cpp:113:18:[m[K [01;31m[Kerror: [m[Kexpected ‘[01m[K;[m[K’ before ‘[01m[K}[m[K’ token
  113 |         return -1
      |                  [01;31m[K^[m[K
      |                  [32m[K;[m[K
  114 |     [32m[K}[m[Kelse{
      |     [32m[K~[m[K             
In file included from [01m[K/home/boat/Desktop/src/boat_control_system_final/include/boat_control_system_final/RudderControlHelper.hpp:12[m[K,
                 from [01m[K/home/boat/Desktop/src/boat_control_system_final/src/RudderControlHelper.cpp:12[m[K:
[01m[K/home/boat/Desktop/src/boat_control_system_final/include/boat_control_system_final/RudderServoControlNode.hpp:66:60:[m[K [01;31m[Kerror: [m[Kexpected ‘[01m[K;[m[K’ at end of member declaration
   66 |     rclcpp::Subscription<std_msgs::msg::String>::SharedPtr [01;31m[Kinit_subscriber_[m[K
      |                                                            [01;31m[K^~~~~~~~~~~~~~~~[m[K
      |                                                                            [32m[K;[m[K
gmake[2]: *** [CMakeFiles/CoordinateCalculations.dir/build.make:76: CMakeFiles/CoordinateCalculations.dir/src/Coordinate_Calculations.cpp.o] Error 1
gmake[1]: *** [CMakeFiles/Makefile2:181: CMakeFiles/CoordinateCalculations.dir/all] Error 2
gmake[1]: *** Waiting for unfinished jobs....
gmake[2]: *** [CMakeFiles/RudderControlHelper.dir/build.make:76: CMakeFiles/RudderControlHelper.dir/src/RudderControlHelper.cpp.o] Error 1
gmake[1]: *** [CMakeFiles/Makefile2:207: CMakeFiles/RudderControlHelper.dir/all] Error 2
gmake[2]: *** [CMakeFiles/SailServoControlNodeLib.dir/build.make:76: CMakeFiles/SailServoControlNodeLib.dir/src/SailServoControlNode.cpp.o] Error 1
gmake[1]: *** [CMakeFiles/Makefile2:369: CMakeFiles/SailServoControlNodeLib.dir/all] Error 2
gmake: *** [Makefile:146: all] Error 2
