[ 16%] Built target CoordinateCalculations
[ 33%] Built target WaypointQueue
[35m[1mConsolidate compiler generated dependencies of target RudderServoControlNode[0m
[ 50%] Built target CoordinateCalculationsNodeLib
[ 66%] Built target WaypointQueueNode
[ 75%] [32mBuilding CXX object CMakeFiles/RudderServoControlNode.dir/src/RudderServoControlNode.cpp.o[0m
[ 91%] Built target CoordinateCalculationsNodeExec
[01m[K/home/boat/Desktop/src/boat_control_system_final/src/RudderServoControlNode.cpp:[m[K In member function ‘[01m[Kvoid RudderServoControlNode::turnBoat(float)[m[K’:
[01m[K/home/boat/Desktop/src/boat_control_system_final/src/RudderServoControlNode.cpp:95:116:[m[K [01;31m[Kerror: [m[Kcannot convert ‘[01m[Kfloat[m[K’ to ‘[01m[Ksensor_msgs::msg::NavSatFix[m[K’ {aka ‘[01m[Ksensor_msgs::msg::NavSatFix_<std::allocator<void> >[m[K’}
   95 |         std::tie(turn_direction, turn_angle) = CoordinateCalculations::getInstance().calculate_directional_bearing([01;31m[Kdesired_angle_heading[m[K);
      |                                                                                                                    [01;31m[K^~~~~~~~~~~~~~~~~~~~~[m[K
      |                                                                                                                    [01;31m[K|[m[K
      |                                                                                                                    [01;31m[Kfloat[m[K
In file included from [01m[K/home/boat/Desktop/src/boat_control_system_final/src/RudderServoControlNode.cpp:17[m[K:
[01m[K/home/boat/Desktop/src/boat_control_system_final/include/boat_control_system_final/Coordinate_Calculations.h:59:93:[m[K [01;36m[Knote: [m[K  initializing argument 1 of ‘[01m[Kstd::pair<std::__cxx11::basic_string<char>, float> CoordinateCalculations::calculate_directional_bearing(sensor_msgs::msg::NavSatFix)[m[K’
   59 |     std::pair<std::string, float> calculate_directional_bearing([01;36m[Ksensor_msgs::msg::NavSatFix target_waypoint[m[K);
      |                                                                 [01;36m[K~~~~~~~~~~~~~~~~~~~~~~~~~~~~^~~~~~~~~~~~~~~[m[K
[01m[K/home/boat/Desktop/src/boat_control_system_final/src/RudderServoControlNode.cpp:[m[K In member function ‘[01m[Kvoid RudderServoControlNode::executeWaypoints()[m[K’:
[01m[K/home/boat/Desktop/src/boat_control_system_final/src/RudderServoControlNode.cpp:156:22:[m[K [01;31m[Kerror: [m[Kcannot convert ‘[01m[Ksensor_msgs::msg::NavSatFix_<std::allocator<void> >[m[K’ to ‘[01m[Kfloat[m[K’
  156 |             turnBoat([01;31m[Knext_waypoint[m[K);
      |                      [01;31m[K^~~~~~~~~~~~~[m[K
      |                      [01;31m[K|[m[K
      |                      [01;31m[Ksensor_msgs::msg::NavSatFix_<std::allocator<void> >[m[K
[01m[K/home/boat/Desktop/src/boat_control_system_final/src/RudderServoControlNode.cpp:88:45:[m[K [01;36m[Knote: [m[K  initializing argument 1 of ‘[01m[Kvoid RudderServoControlNode::turnBoat(float)[m[K’
   88 | void RudderServoControlNode::turnBoat([01;36m[Kfloat desired_angle_heading[m[K)
      |                                       [01;36m[K~~~~~~^~~~~~~~~~~~~~~~~~~~~[m[K
gmake[2]: *** [CMakeFiles/RudderServoControlNode.dir/build.make:76: CMakeFiles/RudderServoControlNode.dir/src/RudderServoControlNode.cpp.o] Error 1
gmake[1]: *** [CMakeFiles/Makefile2:281: CMakeFiles/RudderServoControlNode.dir/all] Error 2
gmake: *** [Makefile:146: all] Error 2
