[0.069s] Invoking command in '/home/boat/Desktop/src/boat_control_system_final/build/boat_control_system_final': CMAKE_PREFIX_PATH=/opt/ros/humble /usr/bin/cmake --build /home/boat/Desktop/src/boat_control_system_final/build/boat_control_system_final -- -j4 -l4
[0.298s] [35m[1mConsolidate compiler generated dependencies of target SailServoControlNodeLib[0m
[0.383s] [ 10%] Built target RudderControlHelper
[0.390s] [ 20%] Built target WaypointQueue
[0.418s] [ 25%] [32mBuilding CXX object CMakeFiles/CoordinateCalculations.dir/src/Coordinate_Calculations.cpp.o[0m
[0.452s] [ 30%] [32mBuilding CXX object CMakeFiles/SailServoControlNodeLib.dir/src/SailServoControlNode.cpp.o[0m
[0.467s] [35m[1mConsolidate compiler generated dependencies of target RudderServoControlNodeLib[0m
[0.482s] [35m[1mConsolidate compiler generated dependencies of target waypoint_queue_node[0m
[0.619s] [ 35%] [32mBuilding CXX object CMakeFiles/waypoint_queue_node.dir/src/WaypointQueueNode.cpp.o[0m
[0.747s] [ 45%] Built target RudderServoControlNodeLib
[0.871s] [ 50%] [32mBuilding CXX object CMakeFiles/rudder_servo_control_node.dir/src/RudderServoControlNode.cpp.o[0m
[16.504s] In file included from [01m[K/home/boat/Desktop/src/boat_control_system_final/src/SailServoControlNode.cpp:13[m[K:
[16.509s] [01m[K/home/boat/Desktop/src/boat_control_system_final/include/boat_control_system_final/SailServoControlNode.hpp:27:45:[m[K [01;31m[Kerror: [m[K‘[01m[KBool[m[K’ in namespace ‘[01m[Kstd_msgs::msg[m[K’ does not name a type
[16.513s]    27 |     void stateCallback(const std_msgs::msg::[01;31m[KBool[m[K::SharedPtr msg);
[16.517s]       |                                             [01;31m[K^~~~[m[K
[16.522s] [01m[K/home/boat/Desktop/src/boat_control_system_final/include/boat_control_system_final/SailServoControlNode.hpp:27:61:[m[K [01;31m[Kerror: [m[Kexpected unqualified-id before ‘[01m[Kmsg[m[K’
[16.535s]    27 |     void stateCallback(const std_msgs::msg::Bool::SharedPtr [01;31m[Kmsg[m[K);
[16.539s]       |                                                             [01;31m[K^~~[m[K
[16.544s] [01m[K/home/boat/Desktop/src/boat_control_system_final/include/boat_control_system_final/SailServoControlNode.hpp:27:60:[m[K [01;31m[Kerror: [m[Kexpected ‘[01m[K)[m[K’ before ‘[01m[Kmsg[m[K’
[16.548s]    27 |     void stateCallback[34m[K([m[Kconst std_msgs::msg::Bool::SharedPtr[01;31m[K [m[K[32m[Kmsg[m[K);
[16.555s]       |                       [34m[K~[m[K                                    [01;31m[K^[m[K[32m[K~~~[m[K
[16.559s]       |                                                            [32m[K)[m[K
[16.563s] [01m[K/home/boat/Desktop/src/boat_control_system_final/include/boat_control_system_final/SailServoControlNode.hpp:27:51:[m[K [01;31m[Kerror: [m[Kexpected ‘[01m[K;[m[K’ at end of member declaration
[16.570s]    27 |     void stateCallback(const std_msgs::msg::Bool::[01;31m[KSharedPtr[m[K msg);
[16.574s]       |                                                   [01;31m[K^~~~~~~~~[m[K
[16.578s]       |                                                            [32m[K;[m[K
[16.582s] [01m[K/home/boat/Desktop/src/boat_control_system_final/include/boat_control_system_final/SailServoControlNode.hpp:27:61:[m[K [01;31m[Kerror: [m[K‘[01m[Kmsg[m[K’ does not name a type
[16.587s]    27 |     void stateCallback(const std_msgs::msg::Bool::SharedPtr [01;31m[Kmsg[m[K);
[16.591s]       |                                                             [01;31m[K^~~[m[K
[16.856s] [01m[K/home/boat/Desktop/src/boat_control_system_final/include/boat_control_system_final/SailServoControlNode.hpp:36:20:[m[K [01;31m[Kerror: [m[K‘[01m[KBool[m[K’ in namespace ‘[01m[Kstd_msgs::msg[m[K’ does not name a type
[16.860s]    36 |     std_msgs::msg::[01;31m[KBool[m[K latest_state_;
[16.866s]       |                    [01;31m[K^~~~[m[K
[16.973s] [01m[K/home/boat/Desktop/src/boat_control_system_final/src/SailServoControlNode.cpp:[m[K In constructor ‘[01m[KSailServoControlNode::SailServoControlNode()[m[K’:
[16.980s] [01m[K/home/boat/Desktop/src/boat_control_system_final/src/SailServoControlNode.cpp:31:5:[m[K [01;31m[Kerror: [m[K‘[01m[Kreached_subscriber_[m[K’ was not declared in this scope; did you mean ‘[01m[Kwind_subscriber_[m[K’?
[16.984s]    31 |     [01;31m[Kreached_subscriber_[m[K = this->create_subscription<std_msgs::msg::Bool>(
[16.988s]       |     [01;31m[K^~~~~~~~~~~~~~~~~~~[m[K
[16.993s]       |     [32m[Kwind_subscriber_[m[K
[17.305s] [01m[K/home/boat/Desktop/src/boat_control_system_final/src/SailServoControlNode.cpp:[m[K At global scope:
[17.309s] [01m[K/home/boat/Desktop/src/boat_control_system_final/src/SailServoControlNode.cpp:49:6:[m[K [01;31m[Kerror: [m[Kno declaration matches ‘[01m[Kvoid SailServoControlNode::stateCallback(std_msgs::msg::Bool_<std::allocator<void> >::SharedPtr)[m[K’
[17.313s]    49 | void [01;31m[KSailServoControlNode[m[K::stateCallback(const std_msgs::msg::Bool::SharedPtr msg)
[17.318s]       |      [01;31m[K^~~~~~~~~~~~~~~~~~~~[m[K
[17.323s] In file included from [01m[K/home/boat/Desktop/src/boat_control_system_final/src/SailServoControlNode.cpp:13[m[K:
[17.327s] [01m[K/home/boat/Desktop/src/boat_control_system_final/include/boat_control_system_final/SailServoControlNode.hpp:27:10:[m[K [01;36m[Knote: [m[Kcandidate is: ‘[01m[Kvoid SailServoControlNode::stateCallback(...)[m[K’
[17.348s]    27 |     void [01;36m[KstateCallback[m[K(const std_msgs::msg::Bool::SharedPtr msg);
[17.352s]       |          [01;36m[K^~~~~~~~~~~~~[m[K
[17.356s] [01m[K/home/boat/Desktop/src/boat_control_system_final/include/boat_control_system_final/SailServoControlNode.hpp:19:7:[m[K [01;36m[Knote: [m[K‘[01m[Kclass SailServoControlNode[m[K’ defined here
[17.360s]    19 | class [01;36m[KSailServoControlNode[m[K : public rclcpp::Node {
[17.363s]       |       [01;36m[K^~~~~~~~~~~~~~~~~~~~[m[K
[17.405s] [01m[K/home/boat/Desktop/src/boat_control_system_final/src/SailServoControlNode.cpp:[m[K In member function ‘[01m[Kint SailServoControlNode::getOptimalSailPosition(int)[m[K’:
[17.409s] [01m[K/home/boat/Desktop/src/boat_control_system_final/src/SailServoControlNode.cpp:110:8:[m[K [01;31m[Kerror: [m[K‘[01m[Klatest_state_[m[K’ was not declared in this scope
[17.414s]   110 |     if([01;31m[Klatest_state_[m[K.data) // If the boat has reached its last waypoint, set the sail directly towards the wind
[17.418s]       |        [01;31m[K^~~~~~~~~~~~~[m[K
[18.908s] In file included from [01m[K/opt/ros/humble/include/rclcpp/rclcpp/logging.hpp:24[m[K,
[18.913s]                  from [01m[K/opt/ros/humble/include/rclcpp/rclcpp/client.hpp:40[m[K,
[18.917s]                  from [01m[K/opt/ros/humble/include/rclcpp/rclcpp/callback_group.hpp:24[m[K,
[18.922s]                  from [01m[K/opt/ros/humble/include/rclcpp/rclcpp/any_executable.hpp:20[m[K,
[18.926s]                  from [01m[K/opt/ros/humble/include/rclcpp/rclcpp/memory_strategy.hpp:25[m[K,
[18.931s]                  from [01m[K/opt/ros/humble/include/rclcpp/rclcpp/memory_strategies.hpp:18[m[K,
[18.944s]                  from [01m[K/opt/ros/humble/include/rclcpp/rclcpp/executor_options.hpp:20[m[K,
[18.947s]                  from [01m[K/opt/ros/humble/include/rclcpp/rclcpp/executor.hpp:37[m[K,
[18.951s]                  from [01m[K/opt/ros/humble/include/rclcpp/rclcpp/executors/multi_threaded_executor.hpp:25[m[K,
[18.955s]                  from [01m[K/opt/ros/humble/include/rclcpp/rclcpp/executors.hpp:21[m[K,
[18.959s]                  from [01m[K/opt/ros/humble/include/rclcpp/rclcpp/rclcpp.hpp:155[m[K,
[18.970s]                  from [01m[K/home/boat/Desktop/src/boat_control_system_final/include/boat_control_system_final/WaypointQueueNode.hpp:12[m[K,
[18.974s]                  from [01m[K/home/boat/Desktop/src/boat_control_system_final/src/WaypointQueueNode.cpp:9[m[K:
[18.978s] [01m[K/home/boat/Desktop/src/boat_control_system_final/src/WaypointQueueNode.cpp:[m[K In member function ‘[01m[Kvoid WaypointQueueNode::initCallback(std_msgs::msg::String_<std::allocator<void> >::SharedPtr)[m[K’:
[18.982s] [01m[K/home/boat/Desktop/src/boat_control_system_final/src/WaypointQueueNode.cpp:60:37:[m[K [01;35m[Kwarning: [m[Kformat ‘[01m[K%d[m[K’ expects argument of type ‘[01m[Kint[m[K’, but argument 5 has type ‘[01m[Kstd_msgs::msg::String_<std::allocator<void> >::_data_type[m[K’ {aka ‘[01m[Kstd::__cxx11::basic_string<char>[m[K’} [[01;35m[K]8;;https://gcc.gnu.org/onlinedocs/gcc/Warning-Options.html#index-Wformat=-Wformat=]8;;[m[K]
[18.986s]    60 |     RCLCPP_INFO(this->get_logger(), [01;35m[K"Received init message with data: %d"[m[K, msg->data);
[18.994s]       |                                     [01;35m[K^~~~~~~~~~~~~~~~~~~~~~~~~~~~~~~~~~~~~[m[K
[18.998s] [01m[K/home/boat/Desktop/src/boat_control_system_final/src/WaypointQueueNode.cpp:60:72:[m[K [01;36m[Knote: [m[Kformat string is defined here
[19.002s]    60 |     RCLCPP_INFO(this->get_logger(), "Received init message with data: [01;36m[K%d[m[K", msg->data);
[19.014s]       |                                                                       [01;36m[K~^[m[K
[19.015s]       |                                                                        [01;36m[K|[m[K
[19.016s]       |                                                                        [01;36m[Kint[m[K
[20.720s] In file included from [01m[K/opt/ros/humble/include/rclcpp/rclcpp/client.hpp:39[m[K,
[20.730s]                  from [01m[K/opt/ros/humble/include/rclcpp/rclcpp/callback_group.hpp:24[m[K,
[20.731s]                  from [01m[K/opt/ros/humble/include/rclcpp/rclcpp/any_executable.hpp:20[m[K,
[20.732s]                  from [01m[K/opt/ros/humble/include/rclcpp/rclcpp/memory_strategy.hpp:25[m[K,
[20.733s]                  from [01m[K/opt/ros/humble/include/rclcpp/rclcpp/memory_strategies.hpp:18[m[K,
[20.734s]                  from [01m[K/opt/ros/humble/include/rclcpp/rclcpp/executor_options.hpp:20[m[K,
[20.740s]                  from [01m[K/opt/ros/humble/include/rclcpp/rclcpp/executor.hpp:37[m[K,
[20.741s]                  from [01m[K/opt/ros/humble/include/rclcpp/rclcpp/executors/multi_threaded_executor.hpp:25[m[K,
[20.742s]                  from [01m[K/opt/ros/humble/include/rclcpp/rclcpp/executors.hpp:21[m[K,
[20.748s]                  from [01m[K/opt/ros/humble/include/rclcpp/rclcpp/rclcpp.hpp:155[m[K,
[20.749s]                  from [01m[K/home/boat/Desktop/src/boat_control_system_final/include/boat_control_system_final/SailServoControlNode.hpp:9[m[K,
[20.756s]                  from [01m[K/home/boat/Desktop/src/boat_control_system_final/src/SailServoControlNode.cpp:13[m[K:
[20.757s] /opt/ros/humble/include/rclcpp/rclcpp/function_traits.hpp: In instantiation of ‘[01m[Kstruct rclcpp::function_traits::function_traits<std::_Bind<void (SailServoControlNode::*(SailServoControlNode*, std::_Placeholder<1>))(...)> >[m[K’:
[20.758s] [01m[K/opt/ros/humble/include/rclcpp/rclcpp/any_subscription_callback.hpp:380:10:[m[K   recursively required by substitution of ‘[01m[Ktemplate<class MessageT, class CallbackT> struct rclcpp::detail::SubscriptionCallbackTypeHelper<MessageT, CallbackT, typename std::enable_if<rclcpp::function_traits::same_arguments<CallbackT, std::function<void(std::shared_ptr<_Tp>, const rclcpp::MessageInfo&)> >::value, void>::type> [with MessageT = std_msgs::msg::Bool_<std::allocator<void> >; CallbackT = std::_Bind<void (SailServoControlNode::*(SailServoControlNode*, std::_Placeholder<1>))(...)>][m[K’
[20.762s] [01m[K/opt/ros/humble/include/rclcpp/rclcpp/any_subscription_callback.hpp:380:10:[m[K   required from ‘[01m[Krclcpp::AnySubscriptionCallback<MessageT, AllocatorT> rclcpp::AnySubscriptionCallback<MessageT, AllocatorT>::set(CallbackT) [with CallbackT = std::_Bind<void (SailServoControlNode::*(SailServoControlNode*, std::_Placeholder<1>))(...)>; MessageT = std_msgs::msg::Bool_<std::allocator<void> >; AllocatorT = std::allocator<void>][m[K’
[20.763s] [01m[K/opt/ros/humble/include/rclcpp/rclcpp/subscription_factory.hpp:94:32:[m[K   required from ‘[01m[Krclcpp::SubscriptionFactory rclcpp::create_subscription_factory(CallbackT&&, const rclcpp::SubscriptionOptionsWithAllocator<AllocatorT>&, typename MessageMemoryStrategyT::SharedPtr, std::shared_ptr<rclcpp::topic_statistics::SubscriptionTopicStatistics<ROSMessageType> >) [with MessageT = std_msgs::msg::Bool_<std::allocator<void> >; CallbackT = std::_Bind<void (SailServoControlNode::*(SailServoControlNode*, std::_Placeholder<1>))(...)>; AllocatorT = std::allocator<void>; SubscriptionT = rclcpp::Subscription<std_msgs::msg::Bool_<std::allocator<void> >, std::allocator<void>, std_msgs::msg::Bool_<std::allocator<void> >, std_msgs::msg::Bool_<std::allocator<void> >, rclcpp::message_memory_strategy::MessageMemoryStrategy<std_msgs::msg::Bool_<std::allocator<void> >, std::allocator<void> > >; MessageMemoryStrategyT = rclcpp::message_memory_strategy::MessageMemoryStrategy<std_msgs::msg::Bool_<std::allocator<void> >, std::allocator<void> >; ROSMessageType = std_msgs::msg::Bool_<std::allocator<void> >; typename MessageMemoryStrategyT::SharedPtr = std::shared_ptr<rclcpp::message_memory_strategy::MessageMemoryStrategy<std_msgs::msg::Bool_<std::allocator<void> >, std::allocator<void> > >][m[K’
[20.765s] [01m[K/opt/ros/humble/include/rclcpp/rclcpp/create_subscription.hpp:122:63:[m[K   required from ‘[01m[Kstd::shared_ptr<ROSMessageT> rclcpp::detail::create_subscription(NodeParametersT&, NodeTopicsT&, const string&, const rclcpp::QoS&, CallbackT&&, const rclcpp::SubscriptionOptionsWithAllocator<AllocatorT>&, typename MessageMemoryStrategyT::SharedPtr) [with MessageT = std_msgs::msg::Bool_<std::allocator<void> >; CallbackT = std::_Bind<void (SailServoControlNode::*(SailServoControlNode*, std::_Placeholder<1>))(...)>; AllocatorT = std::allocator<void>; SubscriptionT = rclcpp::Subscription<std_msgs::msg::Bool_<std::allocator<void> >, std::allocator<void>, std_msgs::msg::Bool_<std::allocator<void> >, std_msgs::msg::Bool_<std::allocator<void> >, rclcpp::message_memory_strategy::MessageMemoryStrategy<std_msgs::msg::Bool_<std::allocator<void> >, std::allocator<void> > >; MessageMemoryStrategyT = rclcpp::message_memory_strategy::MessageMemoryStrategy<std_msgs::msg::Bool_<std::allocator<void> >, std::allocator<void> >; NodeParametersT = rclcpp::Node; NodeTopicsT = rclcpp::Node; ROSMessageType = std_msgs::msg::Bool_<std::allocator<void> >; std::string = std::__cxx11::basic_string<char>; typename MessageMemoryStrategyT::SharedPtr = std::shared_ptr<rclcpp::message_memory_strategy::MessageMemoryStrategy<std_msgs::msg::Bool_<std::allocator<void> >, std::allocator<void> > >][m[K’
[20.765s] [01m[K/opt/ros/humble/include/rclcpp/rclcpp/create_subscription.hpp:191:76:[m[K   required from ‘[01m[Kstd::shared_ptr<ROSMessageT> rclcpp::create_subscription(NodeT&, const string&, const rclcpp::QoS&, CallbackT&&, const rclcpp::SubscriptionOptionsWithAllocator<AllocatorT>&, typename MessageMemoryStrategyT::SharedPtr) [with MessageT = std_msgs::msg::Bool_<std::allocator<void> >; CallbackT = std::_Bind<void (SailServoControlNode::*(SailServoControlNode*, std::_Placeholder<1>))(...)>; AllocatorT = std::allocator<void>; SubscriptionT = rclcpp::Subscription<std_msgs::msg::Bool_<std::allocator<void> >, std::allocator<void>, std_msgs::msg::Bool_<std::allocator<void> >, std_msgs::msg::Bool_<std::allocator<void> >, rclcpp::message_memory_strategy::MessageMemoryStrategy<std_msgs::msg::Bool_<std::allocator<void> >, std::allocator<void> > >; MessageMemoryStrategyT = rclcpp::message_memory_strategy::MessageMemoryStrategy<std_msgs::msg::Bool_<std::allocator<void> >, std::allocator<void> >; NodeT = rclcpp::Node; std::string = std::__cxx11::basic_string<char>; typename MessageMemoryStrategyT::SharedPtr = std::shared_ptr<rclcpp::message_memory_strategy::MessageMemoryStrategy<std_msgs::msg::Bool_<std::allocator<void> >, std::allocator<void> > >][m[K’
[20.774s] [01m[K/opt/ros/humble/include/rclcpp/rclcpp/node_impl.hpp:99:47:[m[K   required from ‘[01m[Kstd::shared_ptr<ROSMessageT> rclcpp::Node::create_subscription(const string&, const rclcpp::QoS&, CallbackT&&, const rclcpp::SubscriptionOptionsWithAllocator<AllocatorT>&, typename MessageMemoryStrategyT::SharedPtr) [with MessageT = std_msgs::msg::Bool_<std::allocator<void> >; CallbackT = std::_Bind<void (SailServoControlNode::*(SailServoControlNode*, std::_Placeholder<1>))(...)>; AllocatorT = std::allocator<void>; SubscriptionT = rclcpp::Subscription<std_msgs::msg::Bool_<std::allocator<void> >, std::allocator<void>, std_msgs::msg::Bool_<std::allocator<void> >, std_msgs::msg::Bool_<std::allocator<void> >, rclcpp::message_memory_strategy::MessageMemoryStrategy<std_msgs::msg::Bool_<std::allocator<void> >, std::allocator<void> > >; MessageMemoryStrategyT = rclcpp::message_memory_strategy::MessageMemoryStrategy<std_msgs::msg::Bool_<std::allocator<void> >, std::allocator<void> >; std::string = std::__cxx11::basic_string<char>; typename MessageMemoryStrategyT::SharedPtr = std::shared_ptr<rclcpp::message_memory_strategy::MessageMemoryStrategy<std_msgs::msg::Bool_<std::allocator<void> >, std::allocator<void> > >][m[K’
[20.778s] [01m[K/home/boat/Desktop/src/boat_control_system_final/src/SailServoControlNode.cpp:31:73:[m[K   required from here
[20.779s] [01m[K/opt/ros/humble/include/rclcpp/rclcpp/function_traits.hpp:51:9:[m[K [01;31m[Kerror: [m[K‘[01m[Kdecltype[m[K’ cannot resolve address of overloaded function
[20.779s]    51 |   using [01;31m[Karguments[m[K = typename tuple_tail<
[20.780s]       |         [01;31m[K^~~~~~~~~[m[K
[20.781s] [01m[K/opt/ros/humble/include/rclcpp/rclcpp/function_traits.hpp:57:9:[m[K [01;31m[Kerror: [m[K‘[01m[Kdecltype[m[K’ cannot resolve address of overloaded function
[20.794s]    57 |   using [01;31m[Kargument_type[m[K = typename std::tuple_element<N, arguments>::type;
[20.795s]       |         [01;31m[K^~~~~~~~~~~~~[m[K
[20.795s] [01m[K/opt/ros/humble/include/rclcpp/rclcpp/function_traits.hpp:59:9:[m[K [01;31m[Kerror: [m[K‘[01m[Kdecltype[m[K’ cannot resolve address of overloaded function
[20.796s]    59 |   using [01;31m[Kreturn_type[m[K = typename function_traits<decltype( &FunctionT::operator())>::return_type;
[20.797s]       |         [01;31m[K^~~~~~~~~~~[m[K
[22.700s] [ 55%] [32m[1mLinking CXX static library libCoordinateCalculations.a[0m
[23.032s] [ 55%] Built target CoordinateCalculations
[23.205s] [ 60%] [32mBuilding CXX object CMakeFiles/CoordinateCalculationsNodeLib.dir/src/CoordinateCalculationsNode.cpp.o[0m
[42.347s] [01m[K/home/boat/Desktop/src/boat_control_system_final/src/SailServoControlNode.cpp:132:1:[m[K [01;35m[Kwarning: [m[Kcontrol reaches end of non-void function [[01;35m[K]8;;https://gcc.gnu.org/onlinedocs/gcc/Warning-Options.html#index-Wreturn-type-Wreturn-type]8;;[m[K]
[42.348s]   132 | [01;35m[K}[m[K
[42.350s]       | [01;35m[K^[m[K
[42.797s] gmake[2]: *** [CMakeFiles/SailServoControlNodeLib.dir/build.make:76: CMakeFiles/SailServoControlNodeLib.dir/src/SailServoControlNode.cpp.o] Error 1
[42.804s] gmake[1]: *** [CMakeFiles/Makefile2:369: CMakeFiles/SailServoControlNodeLib.dir/all] Error 2
[42.808s] gmake[1]: *** Waiting for unfinished jobs....
[86.808s] [ 65%] [32m[1mLinking CXX executable rudder_servo_control_node[0m
[91.273s] [ 65%] Built target rudder_servo_control_node
[98.241s] [ 70%] [32m[1mLinking CXX executable waypoint_queue_node[0m
[102.006s] [ 70%] Built target waypoint_queue_node
[103.222s] [ 75%] [32m[1mLinking CXX static library libCoordinateCalculationsNodeLib.a[0m
[105.080s] [ 75%] Built target CoordinateCalculationsNodeLib
[105.240s] gmake: *** [Makefile:146: all] Error 2
[105.254s] Invoked command in '/home/boat/Desktop/src/boat_control_system_final/build/boat_control_system_final' returned '2': CMAKE_PREFIX_PATH=/opt/ros/humble /usr/bin/cmake --build /home/boat/Desktop/src/boat_control_system_final/build/boat_control_system_final -- -j4 -l4
