[35m[1mConsolidate compiler generated dependencies of target CoordinateCalculations[0m
[ 20%] Built target WaypointQueue
[ 30%] [32mBuilding CXX object CMakeFiles/CoordinateCalculations.dir/src/Coordinate_Calculations.cpp.o[0m
[ 40%] [32mBuilding CXX object CMakeFiles/WaypointQueueNode.dir/src/WaypointQueueNode.cpp.o[0m
[ 50%] [32m[1mLinking CXX static library libCoordinateCalculations.a[0m
[ 50%] Built target CoordinateCalculations
[35m[1mConsolidate compiler generated dependencies of target CoordinateCalculationsNodeLib[0m
[ 60%] [32mBuilding CXX object CMakeFiles/CoordinateCalculationsNodeLib.dir/src/CoordinateCalculationsNode.cpp.o[0m
[ 70%] [32m[1mLinking CXX executable WaypointQueueNode[0m
[ 70%] Built target WaypointQueueNode
[ 80%] [32m[1mLinking CXX static library libCoordinateCalculationsNodeLib.a[0m
[ 80%] Built target CoordinateCalculationsNodeLib
[35m[1mConsolidate compiler generated dependencies of target CoordinateCalculationsNodeExec[0m
[ 90%] [32mBuilding CXX object CMakeFiles/CoordinateCalculationsNodeExec.dir/src/CoordinateCalculationsNode.cpp.o[0m
[100%] [32m[1mLinking CXX executable CoordinateCalculationsNodeExec[0m
[100%] Built target CoordinateCalculationsNodeExec
-- Install configuration: ""
-- Installing: /home/boat/Desktop/src/boat_control_system_final/install/boat_control_system_final/lib/boat_control_system_final/WaypointQueueNode
-- Set runtime path of "/home/boat/Desktop/src/boat_control_system_final/install/boat_control_system_final/lib/boat_control_system_final/WaypointQueueNode" to ""
-- Installing: /home/boat/Desktop/src/boat_control_system_final/install/boat_control_system_final/lib/boat_control_system_final/CoordinateCalculationsNodeExec
-- Set runtime path of "/home/boat/Desktop/src/boat_control_system_final/install/boat_control_system_final/lib/boat_control_system_final/CoordinateCalculationsNodeExec" to ""
-- Installing: /home/boat/Desktop/src/boat_control_system_final/install/boat_control_system_final/lib/boat_control_system_final/libCoordinateCalculationsNodeLib.a
-- Installing: /home/boat/Desktop/src/boat_control_system_final/install/boat_control_system_final/lib/boat_control_system_final/libCoordinateCalculations.a
-- Up-to-date: /home/boat/Desktop/src/boat_control_system_final/install/boat_control_system_final/lib/boat_control_system_final/libWaypointQueue.a
-- Up-to-date: /home/boat/Desktop/src/boat_control_system_final/install/boat_control_system_final/include/boat_control_system_final
-- Installing: /home/boat/Desktop/src/boat_control_system_final/install/boat_control_system_final/include/boat_control_system_final/RudderServoControlNode.hpp
-- Installing: /home/boat/Desktop/src/boat_control_system_final/install/boat_control_system_final/include/boat_control_system_final/WaypointQueueNode.hpp
-- Up-to-date: /home/boat/Desktop/src/boat_control_system_final/install/boat_control_system_final/include/boat_control_system_final/WaypointQueue.hpp
-- Installing: /home/boat/Desktop/src/boat_control_system_final/install/boat_control_system_final/include/boat_control_system_final/Coordinate_Calculations.h
-- Up-to-date: /home/boat/Desktop/src/boat_control_system_final/install/boat_control_system_final/include/boat_control_system_final/CoordinateCalculationsNode.hpp
-- Up-to-date: /home/boat/Desktop/src/boat_control_system_final/install/boat_control_system_final/share/ament_index/resource_index/package_run_dependencies/boat_control_system_final
-- Up-to-date: /home/boat/Desktop/src/boat_control_system_final/install/boat_control_system_final/share/ament_index/resource_index/parent_prefix_path/boat_control_system_final
-- Up-to-date: /home/boat/Desktop/src/boat_control_system_final/install/boat_control_system_final/share/boat_control_system_final/environment/ament_prefix_path.sh
-- Up-to-date: /home/boat/Desktop/src/boat_control_system_final/install/boat_control_system_final/share/boat_control_system_final/environment/ament_prefix_path.dsv
-- Up-to-date: /home/boat/Desktop/src/boat_control_system_final/install/boat_control_system_final/share/boat_control_system_final/environment/path.sh
-- Up-to-date: /home/boat/Desktop/src/boat_control_system_final/install/boat_control_system_final/share/boat_control_system_final/environment/path.dsv
-- Up-to-date: /home/boat/Desktop/src/boat_control_system_final/install/boat_control_system_final/share/boat_control_system_final/local_setup.bash
-- Up-to-date: /home/boat/Desktop/src/boat_control_system_final/install/boat_control_system_final/share/boat_control_system_final/local_setup.sh
-- Up-to-date: /home/boat/Desktop/src/boat_control_system_final/install/boat_control_system_final/share/boat_control_system_final/local_setup.zsh
-- Up-to-date: /home/boat/Desktop/src/boat_control_system_final/install/boat_control_system_final/share/boat_control_system_final/local_setup.dsv
-- Installing: /home/boat/Desktop/src/boat_control_system_final/install/boat_control_system_final/share/boat_control_system_final/package.dsv
-- Up-to-date: /home/boat/Desktop/src/boat_control_system_final/install/boat_control_system_final/share/ament_index/resource_index/packages/boat_control_system_final
-- Up-to-date: /home/boat/Desktop/src/boat_control_system_final/install/boat_control_system_final/share/boat_control_system_final/cmake/boat_control_system_finalConfig.cmake
-- Up-to-date: /home/boat/Desktop/src/boat_control_system_final/install/boat_control_system_final/share/boat_control_system_final/cmake/boat_control_system_finalConfig-version.cmake
-- Up-to-date: /home/boat/Desktop/src/boat_control_system_final/install/boat_control_system_final/share/boat_control_system_final/package.xml
