[6.418s] Invoking command in '/home/boat/Desktop/TAFLAB_boatpi_roshumble/src/control_py': PYTHONPATH=/home/boat/Desktop/TAFLAB_boatpi_roshumble/src/build/control_py/prefix_override:/usr/lib/python3/dist-packages/colcon_core/task/python/colcon_distutils_commands:/home/boat/Desktop/TAFLAB_boatpi_roshumble/src/install/control_py/lib/python3.10/site-packages:${PYTHONPATH} /usr/bin/python3 -W ignore:setup.py install is deprecated setup.py egg_info --egg-base ../build/control_py build --build-base /home/boat/Desktop/TAFLAB_boatpi_roshumble/src/build/control_py/build install --record /home/boat/Desktop/TAFLAB_boatpi_roshumble/src/build/control_py/install.log --single-version-externally-managed install_data
[8.249s] running egg_info
[8.253s] writing ../build/control_py/control_py.egg-info/PKG-INFO
[8.255s] writing dependency_links to ../build/control_py/control_py.egg-info/dependency_links.txt
[8.257s] writing entry points to ../build/control_py/control_py.egg-info/entry_points.txt
[8.261s] writing requirements to ../build/control_py/control_py.egg-info/requires.txt
[8.261s] writing top-level names to ../build/control_py/control_py.egg-info/top_level.txt
[8.272s] reading manifest file '../build/control_py/control_py.egg-info/SOURCES.txt'
[8.279s] writing manifest file '../build/control_py/control_py.egg-info/SOURCES.txt'
[8.283s] running build
[8.292s] running build_py
[8.292s] running install
[8.293s] running install_lib
[8.298s] running install_data
[8.301s] running install_egg_info
[8.313s] removing '/home/boat/Desktop/TAFLAB_boatpi_roshumble/src/install/control_py/lib/python3.10/site-packages/control_py-0.0.0-py3.10.egg-info' (and everything under it)
[8.317s] Copying ../build/control_py/control_py.egg-info to /home/boat/Desktop/TAFLAB_boatpi_roshumble/src/install/control_py/lib/python3.10/site-packages/control_py-0.0.0-py3.10.egg-info
[8.331s] running install_scripts
[8.470s] Installing boat_control script to /home/boat/Desktop/TAFLAB_boatpi_roshumble/src/install/control_py/lib/control_py
[8.471s] writing list of installed files to '/home/boat/Desktop/TAFLAB_boatpi_roshumble/src/build/control_py/install.log'
[10.049s] Invoked command in '/home/boat/Desktop/TAFLAB_boatpi_roshumble/src/control_py' returned '0': PYTHONPATH=/home/boat/Desktop/TAFLAB_boatpi_roshumble/src/build/control_py/prefix_override:/usr/lib/python3/dist-packages/colcon_core/task/python/colcon_distutils_commands:/home/boat/Desktop/TAFLAB_boatpi_roshumble/src/install/control_py/lib/python3.10/site-packages:${PYTHONPATH} /usr/bin/python3 -W ignore:setup.py install is deprecated setup.py egg_info --egg-base ../build/control_py build --build-base /home/boat/Desktop/TAFLAB_boatpi_roshumble/src/build/control_py/build install --record /home/boat/Desktop/TAFLAB_boatpi_roshumble/src/build/control_py/install.log --single-version-externally-managed install_data
