[0.063s] Invoking command in '/home/boat/Desktop/src/boat_control_system_final/build/boat_control_system_final': CMAKE_PREFIX_PATH=/opt/ros/humble /usr/bin/cmake --build /home/boat/Desktop/src/boat_control_system_final/build/boat_control_system_final -- -j4 -l4
[0.193s] -- Found ament_cmake: 1.3.10 (/opt/ros/humble/share/ament_cmake/cmake)
[0.863s] -- Found rclcpp: 16.0.10 (/opt/ros/humble/share/rclcpp/cmake)
[1.068s] -- Found rosidl_generator_c: 3.1.5 (/opt/ros/humble/share/rosidl_generator_c/cmake)
[1.081s] -- Found rosidl_adapter: 3.1.5 (/opt/ros/humble/share/rosidl_adapter/cmake)
[1.111s] -- Found rosidl_generator_cpp: 3.1.5 (/opt/ros/humble/share/rosidl_generator_cpp/cmake)
[1.159s] -- Using all available rosidl_typesupport_c: rosidl_typesupport_fastrtps_c;rosidl_typesupport_introspection_c
[1.225s] -- Using all available rosidl_typesupport_cpp: rosidl_typesupport_fastrtps_cpp;rosidl_typesupport_introspection_cpp
[1.381s] -- Found rmw_implementation_cmake: 6.1.2 (/opt/ros/humble/share/rmw_implementation_cmake/cmake)
[1.389s] -- Found rmw_fastrtps_cpp: 6.2.7 (/opt/ros/humble/share/rmw_fastrtps_cpp/cmake)
[2.505s] -- Using RMW implementation 'rmw_fastrtps_cpp' as default
[2.741s] -- Found sensor_msgs: 4.2.4 (/opt/ros/humble/share/sensor_msgs/cmake)
[2.888s] -- Found ament_lint_auto: 0.12.11 (/opt/ros/humble/share/ament_lint_auto/cmake)
[3.686s] -- Added test 'cppcheck' to perform static code analysis on C / C++ code
[3.687s] -- Configured cppcheck include dirs: /home/boat/Desktop/src/boat_control_system_final/include/boat_control_system_final
[3.687s] -- Configured cppcheck exclude dirs and/or files: 
[3.743s] -- Added test 'flake8' to check Python code syntax and style conventions
[3.863s] -- Added test 'lint_cmake' to check CMake code style
[3.918s] -- Added test 'pep257' to check Python code against some of the docstring style conventions in PEP 257
[4.351s] -- Added test 'uncrustify' to check C / C++ code style
[4.351s] -- Configured uncrustify additional arguments: 
[4.407s] -- Added test 'xmllint' to check XML markup files
[4.417s] -- Configuring done
[4.521s] -- Generating done
[4.535s] -- Build files have been written to: /home/boat/Desktop/src/boat_control_system_final/build/boat_control_system_final
[4.652s] [35m[1mConsolidate compiler generated dependencies of target WaypointQueue[0m
[4.731s] [ 25%] [32mBuilding CXX object CMakeFiles/WaypointQueue.dir/src/WaypointQueue.cpp.o[0m
[15.818s] [01m[K/home/boat/Desktop/src/boat_control_system_final/src/WaypointQueue.cpp:17:6:[m[K [01;31m[Kerror: [m[Kno declaration matches ‘[01m[Kvoid WaypointQueue::initialize_autonomous_mode(std::shared_ptr<rclcpp::Node>)[m[K’
[15.819s]    17 | void [01;31m[KWaypointQueue[m[K::initialize_autonomous_mode(std::shared_ptr<rclcpp::Node> node)
[15.819s]       |      [01;31m[K^~~~~~~~~~~~~[m[K
[15.820s] In file included from [01m[K/home/boat/Desktop/src/boat_control_system_final/src/WaypointQueue.cpp:15[m[K:
[15.821s] [01m[K/home/boat/Desktop/src/boat_control_system_final/include/boat_control_system_final/WaypointQueue.hpp:24:10:[m[K [01;36m[Knote: [m[Kcandidate is: ‘[01m[Kvoid WaypointQueue::initialize_autonomous_mode()[m[K’
[15.821s]    24 |     void [01;36m[Kinitialize_autonomous_mode[m[K();
[15.822s]       |          [01;36m[K^~~~~~~~~~~~~~~~~~~~~~~~~~[m[K
[15.822s] [01m[K/home/boat/Desktop/src/boat_control_system_final/include/boat_control_system_final/WaypointQueue.hpp:18:7:[m[K [01;36m[Knote: [m[K‘[01m[Kclass WaypointQueue[m[K’ defined here
[15.823s]    18 | class [01;36m[KWaypointQueue[m[K {
[15.824s]       |       [01;36m[K^~~~~~~~~~~~~[m[K
[17.608s] gmake[2]: *** [CMakeFiles/WaypointQueue.dir/build.make:76: CMakeFiles/WaypointQueue.dir/src/WaypointQueue.cpp.o] Error 1
[17.609s] gmake[1]: *** [CMakeFiles/Makefile2:165: CMakeFiles/WaypointQueue.dir/all] Error 2
[17.610s] gmake: *** [Makefile:146: all] Error 2
[17.618s] Invoked command in '/home/boat/Desktop/src/boat_control_system_final/build/boat_control_system_final' returned '2': CMAKE_PREFIX_PATH=/opt/ros/humble /usr/bin/cmake --build /home/boat/Desktop/src/boat_control_system_final/build/boat_control_system_final -- -j4 -l4
