[0.077s] Invoking command in '/home/boat/Desktop/src/boat_control_system_final/build/boat_control_system_final': CMAKE_PREFIX_PATH=/opt/ros/humble /usr/bin/cmake --build /home/boat/Desktop/src/boat_control_system_final/build/boat_control_system_final -- -j4 -l4
[0.228s] -- Found ament_cmake: 1.3.10 (/opt/ros/humble/share/ament_cmake/cmake)
[1.063s] -- Found rclcpp: 16.0.10 (/opt/ros/humble/share/rclcpp/cmake)
[1.324s] -- Found rosidl_generator_c: 3.1.5 (/opt/ros/humble/share/rosidl_generator_c/cmake)
[1.342s] -- Found rosidl_adapter: 3.1.5 (/opt/ros/humble/share/rosidl_adapter/cmake)
[1.387s] -- Found rosidl_generator_cpp: 3.1.5 (/opt/ros/humble/share/rosidl_generator_cpp/cmake)
[1.452s] -- Using all available rosidl_typesupport_c: rosidl_typesupport_fastrtps_c;rosidl_typesupport_introspection_c
[1.547s] -- Using all available rosidl_typesupport_cpp: rosidl_typesupport_fastrtps_cpp;rosidl_typesupport_introspection_cpp
[1.775s] -- Found rmw_implementation_cmake: 6.1.2 (/opt/ros/humble/share/rmw_implementation_cmake/cmake)
[1.792s] -- Found rmw_fastrtps_cpp: 6.2.7 (/opt/ros/humble/share/rmw_fastrtps_cpp/cmake)
[2.956s] -- Using RMW implementation 'rmw_fastrtps_cpp' as default
[3.300s] -- Found sensor_msgs: 4.2.4 (/opt/ros/humble/share/sensor_msgs/cmake)
[3.513s] -- Found ament_lint_auto: 0.12.11 (/opt/ros/humble/share/ament_lint_auto/cmake)
[4.246s] -- Added test 'cppcheck' to perform static code analysis on C / C++ code
[4.249s] -- Configured cppcheck include dirs: /home/boat/Desktop/src/boat_control_system_final/include/boat_control_system_final
[4.249s] -- Configured cppcheck exclude dirs and/or files: 
[4.294s] -- Added test 'flake8' to check Python code syntax and style conventions
[4.379s] -- Added test 'lint_cmake' to check CMake code style
[4.423s] -- Added test 'pep257' to check Python code against some of the docstring style conventions in PEP 257
[4.769s] -- Added test 'uncrustify' to check C / C++ code style
[4.769s] -- Configured uncrustify additional arguments: 
[4.817s] -- Added test 'xmllint' to check XML markup files
[4.828s] -- Configuring done
[4.923s] -- Generating done
[4.939s] -- Build files have been written to: /home/boat/Desktop/src/boat_control_system_final/build/boat_control_system_final
[5.061s] [35m[1mConsolidate compiler generated dependencies of target WaypointQueueNode[0m
[5.198s] [ 50%] [32mBuilding CXX object CMakeFiles/WaypointQueueNode.dir/src/WaypointQueueNode.cpp.o[0m
[17.210s] In file included from [01m[K/home/boat/Desktop/src/boat_control_system_final/src/WaypointQueueNode.cpp:1[m[K:
[17.210s] [01m[K/home/boat/Desktop/src/boat_control_system_final/include/boat_control_system_final/WaypointQueueNode.hpp:31:41:[m[K [01;31m[Kerror: [m[K‘[01m[KInt16[m[K’ is not a member of ‘[01m[Kstd_msgs::msg[m[K’
[17.211s]    31 |     rclcpp::Subscription<std_msgs::msg::[01;31m[KInt16[m[K>::SharedPtr init_subscriber_;
[17.211s]       |                                         [01;31m[K^~~~~[m[K
[17.217s] [01m[K/home/boat/Desktop/src/boat_control_system_final/include/boat_control_system_final/WaypointQueueNode.hpp:31:46:[m[K [01;31m[Kerror: [m[Ktemplate argument 1 is invalid
[17.218s]    31 |     rclcpp::Subscription<std_msgs::msg::Int16[01;31m[K>[m[K::SharedPtr init_subscriber_;
[17.218s]       |                                              [01;31m[K^[m[K
[17.219s] [01m[K/home/boat/Desktop/src/boat_control_system_final/include/boat_control_system_final/WaypointQueueNode.hpp:31:46:[m[K [01;31m[Kerror: [m[Ktemplate argument 3 is invalid
[17.219s] [01m[K/home/boat/Desktop/src/boat_control_system_final/include/boat_control_system_final/WaypointQueueNode.hpp:31:46:[m[K [01;31m[Kerror: [m[Ktemplate argument 4 is invalid
[17.226s] [01m[K/home/boat/Desktop/src/boat_control_system_final/include/boat_control_system_final/WaypointQueueNode.hpp:31:46:[m[K [01;31m[Kerror: [m[Ktemplate argument 5 is invalid
[17.227s] [01m[K/home/boat/Desktop/src/boat_control_system_final/include/boat_control_system_final/WaypointQueueNode.hpp:31:49:[m[K [01;31m[Kerror: [m[Kexpected ‘[01m[K;[m[K’ at end of member declaration
[17.227s]    31 |     rclcpp::Subscription<std_msgs::msg::Int16>::[01;31m[KSharedPtr[m[K init_subscriber_;
[17.233s]       |                                                 [01;31m[K^~~~~~~~~[m[K
[17.237s]       |                                                          [32m[K;[m[K
[17.239s] [01m[K/home/boat/Desktop/src/boat_control_system_final/include/boat_control_system_final/WaypointQueueNode.hpp:31:59:[m[K [01;31m[Kerror: [m[K‘[01m[Kinit_subscriber_[m[K’ does not name a type
[17.242s]    31 |     rclcpp::Subscription<std_msgs::msg::Int16>::SharedPtr [01;31m[Kinit_subscriber_[m[K;
[17.245s]       |                                                           [01;31m[K^~~~~~~~~~~~~~~~[m[K
[17.249s] [01m[K/home/boat/Desktop/src/boat_control_system_final/include/boat_control_system_final/WaypointQueueNode.hpp:35:28:[m[K [01;31m[Kerror: [m[K‘[01m[Ksensor_msg[m[K’ does not name a type
[17.251s]    35 |     void gpsCallback(const [01;31m[Ksensor_msg[m[K::msg::NavSatFix::SharedPtr msg)
[17.252s]       |                            [01;31m[K^~~~~~~~~~[m[K
[17.253s] [01m[K/home/boat/Desktop/src/boat_control_system_final/include/boat_control_system_final/WaypointQueueNode.hpp:35:43:[m[K [01;31m[Kerror: [m[Kexpected unqualified-id before ‘[01m[K::[m[K’ token
[17.253s]    35 |     void gpsCallback(const sensor_msg::msg[01;31m[K::[m[KNavSatFix::SharedPtr msg)
[17.254s]       |                                           [01;31m[K^~[m[K
[17.255s] [01m[K/home/boat/Desktop/src/boat_control_system_final/include/boat_control_system_final/WaypointQueueNode.hpp:35:43:[m[K [01;31m[Kerror: [m[Kexpected ‘[01m[K)[m[K’ before ‘[01m[K::[m[K’ token
[17.257s]    35 |     void gpsCallback[34m[K([m[Kconst sensor_msg::msg[01;31m[K:[m[K[32m[K:[m[KNavSatFix::SharedPtr msg)
[17.259s]       |                     [34m[K~[m[K                     [01;31m[K^[m[K[32m[K~[m[K
[17.259s]       |                                           [32m[K)[m[K
[17.260s] [01m[K/home/boat/Desktop/src/boat_control_system_final/include/boat_control_system_final/WaypointQueueNode.hpp:35:40:[m[K [01;31m[Kerror: [m[Kexpected ‘[01m[K;[m[K’ at end of member declaration
[17.260s]    35 |     void gpsCallback(const sensor_msg::[01;31m[Kmsg[m[K::NavSatFix::SharedPtr msg)
[17.261s]       |                                        [01;31m[K^~~[m[K
[17.261s]       |                                           [32m[K;[m[K
[17.262s] [01m[K/home/boat/Desktop/src/boat_control_system_final/include/boat_control_system_final/WaypointQueueNode.hpp:35:45:[m[K [01;31m[Kerror: [m[K‘[01m[KNavSatFix[m[K’ in namespace ‘[01m[K::[m[K’ does not name a type
[17.263s]    35 |     void gpsCallback(const sensor_msg::msg::[01;31m[KNavSatFix[m[K::SharedPtr msg)
[17.264s]       |                                             [01;31m[K^~~~~~~~~[m[K
[17.266s] [01m[K/home/boat/Desktop/src/boat_control_system_final/src/WaypointQueueNode.cpp:[m[K In constructor ‘[01m[KWaypointQueueNode::WaypointQueueNode()[m[K’:
[17.266s] [01m[K/home/boat/Desktop/src/boat_control_system_final/src/WaypointQueueNode.cpp:12:39:[m[K [01;31m[Kerror: [m[K‘[01m[Kground_station_callback[m[K’ is not a member of ‘[01m[KWaypointQueueNode[m[K’
[17.267s]    12 |         std::bind(&WaypointQueueNode::[01;31m[Kground_station_callback[m[K, this, std::placeholders::_1));
[17.268s]       |                                       [01;31m[K^~~~~~~~~~~~~~~~~~~~~~~[m[K
[17.292s] [01m[K/home/boat/Desktop/src/boat_control_system_final/src/WaypointQueueNode.cpp:15:5:[m[K [01;31m[Kerror: [m[K‘[01m[Kcalculated_waypoints_subscription_[m[K’ was not declared in this scope; did you mean ‘[01m[Kcalculated_waypoint_subscriber_[m[K’?
[17.293s]    15 |     [01;31m[Kcalculated_waypoints_subscription_[m[K = this->create_subscription<sensor_msgs::msg::NavSatFix>(
[17.294s]       |     [01;31m[K^~~~~~~~~~~~~~~~~~~~~~~~~~~~~~~~~~[m[K
[17.295s]       |     [32m[Kcalculated_waypoint_subscriber_[m[K
[17.296s] [01m[K/home/boat/Desktop/src/boat_control_system_final/src/WaypointQueueNode.cpp:18:39:[m[K [01;31m[Kerror: [m[K‘[01m[Kcalculated_waypoints_callback[m[K’ is not a member of ‘[01m[KWaypointQueueNode[m[K’
[17.297s]    18 |         std::bind(&WaypointQueueNode::[01;31m[Kcalculated_waypoints_callback[m[K, this, std::placeholders::_1));
[17.298s]       |                                       [01;31m[K^~~~~~~~~~~~~~~~~~~~~~~~~~~~~[m[K
[17.299s] [01m[K/home/boat/Desktop/src/boat_control_system_final/src/WaypointQueueNode.cpp:24:39:[m[K [01;31m[Kerror: [m[K‘[01m[Kgps_callback[m[K’ is not a member of ‘[01m[KWaypointQueueNode[m[K’
[17.299s]    24 |         std::bind(&WaypointQueueNode::[01;31m[Kgps_callback[m[K, this, std::placeholders::_1));
[17.299s]       |                                       [01;31m[K^~~~~~~~~~~~[m[K
[17.319s] [01m[K/home/boat/Desktop/src/boat_control_system_final/src/WaypointQueueNode.cpp:27:5:[m[K [01;31m[Kerror: [m[K‘[01m[Kinit_subscriber_[m[K’ was not declared in this scope; did you mean ‘[01m[Kgps_subscriber_[m[K’?
[17.319s]    27 |     [01;31m[Kinit_subscriber_[m[K = this->create_subscription<std_msg::msg::Int16>(
[17.320s]       |     [01;31m[K^~~~~~~~~~~~~~~~[m[K
[17.321s]       |     [32m[Kgps_subscriber_[m[K
[17.341s] [01m[K/home/boat/Desktop/src/boat_control_system_final/src/WaypointQueueNode.cpp:27:50:[m[K [01;31m[Kerror: [m[K‘[01m[Kstd_msg[m[K’ was not declared in this scope; did you mean ‘[01m[Kstd_msgs[m[K’?
[17.341s]    27 |     init_subscriber_ = this->create_subscription<[01;31m[Kstd_msg[m[K::msg::Int16>(
[17.342s]       |                                                  [01;31m[K^~~~~~~[m[K
[17.343s]       |                                                  [32m[Kstd_msgs[m[K
[17.343s] [01m[K/home/boat/Desktop/src/boat_control_system_final/src/WaypointQueueNode.cpp:27:30:[m[K [01;31m[Kerror: [m[Kparse error in template argument list
[17.347s]    27 |     init_subscriber_ = this->[01;31m[Kcreate_subscription<std_msg::msg::Int16>[m[K(
[17.348s]       |                              [01;31m[K^~~~~~~~~~~~~~~~~~~~~~~~~~~~~~~~~~~~~~~~[m[K
[17.349s] [01m[K/home/boat/Desktop/src/boat_control_system_final/src/WaypointQueueNode.cpp:30:39:[m[K [01;31m[Kerror: [m[K‘[01m[Kgps_callback[m[K’ is not a member of ‘[01m[KWaypointQueueNode[m[K’
[17.350s]    30 |         std::bind(&WaypointQueueNode::[01;31m[Kgps_callback[m[K, this, std::placeholders::_1));
[17.351s]       |                                       [01;31m[K^~~~~~~~~~~~[m[K
[17.379s] [01m[K/home/boat/Desktop/src/boat_control_system_final/src/WaypointQueueNode.cpp:33:5:[m[K [01;31m[Kerror: [m[K‘[01m[Kwaypoint_subscriber_[m[K’ was not declared in this scope; did you mean ‘[01m[Kwaypoint_publisher_[m[K’?
[17.382s]    33 |     [01;31m[Kwaypoint_subscriber_[m[K = this->create_subscription<sensor_msgs::msg::NavSatFix>(
[17.382s]       |     [01;31m[K^~~~~~~~~~~~~~~~~~~~[m[K
[17.383s]       |     [32m[Kwaypoint_publisher_[m[K
[17.384s] [01m[K/home/boat/Desktop/src/boat_control_system_final/src/WaypointQueueNode.cpp:36:39:[m[K [01;31m[Kerror: [m[K‘[01m[Kwaypoint_callback[m[K’ is not a member of ‘[01m[KWaypointQueueNode[m[K’
[17.385s]    36 |         std::bind(&WaypointQueueNode::[01;31m[Kwaypoint_callback[m[K, this, std::placeholders::_1)
[17.385s]       |                                       [01;31m[K^~~~~~~~~~~~~~~~~[m[K
[17.400s] [01m[K/home/boat/Desktop/src/boat_control_system_final/src/WaypointQueueNode.cpp:45:33:[m[K [01;31m[Kerror: [m[Kno matching function for call to ‘[01m[Krclcpp::Publisher<sensor_msgs::msg::NavSatFix_<std::allocator<void> > >::publish(std_msgs::msg::String_<std::allocator<void> >&)[m[K’
[17.401s]    45 |     [01;31m[Kwaypoint_publisher_->publish(message)[m[K;
[17.402s]       |     [01;31m[K~~~~~~~~~~~~~~~~~~~~~~~~~~~~^~~~~~~~~[m[K
[17.402s] In file included from [01m[K/opt/ros/humble/include/rclcpp/rclcpp/topic_statistics/subscription_topic_statistics.hpp:31[m[K,
[17.403s]                  from [01m[K/opt/ros/humble/include/rclcpp/rclcpp/subscription.hpp:50[m[K,
[17.403s]                  from [01m[K/opt/ros/humble/include/rclcpp/rclcpp/any_executable.hpp:25[m[K,
[17.404s]                  from [01m[K/opt/ros/humble/include/rclcpp/rclcpp/memory_strategy.hpp:25[m[K,
[17.405s]                  from [01m[K/opt/ros/humble/include/rclcpp/rclcpp/memory_strategies.hpp:18[m[K,
[17.406s]                  from [01m[K/opt/ros/humble/include/rclcpp/rclcpp/executor_options.hpp:20[m[K,
[17.407s]                  from [01m[K/opt/ros/humble/include/rclcpp/rclcpp/executor.hpp:37[m[K,
[17.407s]                  from [01m[K/opt/ros/humble/include/rclcpp/rclcpp/executors/multi_threaded_executor.hpp:25[m[K,
[17.408s]                  from [01m[K/opt/ros/humble/include/rclcpp/rclcpp/executors.hpp:21[m[K,
[17.409s]                  from [01m[K/opt/ros/humble/include/rclcpp/rclcpp/rclcpp.hpp:155[m[K,
[17.409s]                  from [01m[K/home/boat/Desktop/src/boat_control_system_final/include/boat_control_system_final/WaypointQueueNode.hpp:4[m[K,
[17.410s]                  from [01m[K/home/boat/Desktop/src/boat_control_system_final/src/WaypointQueueNode.cpp:1[m[K:
[17.411s] [01m[K/opt/ros/humble/include/rclcpp/rclcpp/publisher.hpp:251:3:[m[K [01;36m[Knote: [m[Kcandidate: ‘[01m[Ktemplate<class T> std::enable_if_t<(rosidl_generator_traits::is_message<T>::value && std::is_same<T, typename rclcpp::TypeAdapter<MessageT>::ros_message_type>::value)> rclcpp::Publisher<MessageT, AllocatorT>::publish(std::unique_ptr<T, typename std::conditional<std::is_same<typename std::allocator_traits<typename std::allocator_traits<_Allocator>::rebind_traits<typename rclcpp::TypeAdapter<MessageT, void, void>::ros_message_type>::allocator_type>::rebind_alloc<typename rclcpp::TypeAdapter<MessageT, void, void>::ros_message_type>, std::allocator<typename rclcpp::TypeAdapter<MessageT>::ros_message_type> >::value, std::default_delete<typename rclcpp::TypeAdapter<MessageT>::ros_message_type>, rclcpp::allocator::AllocatorDeleter<typename std::allocator_traits<_Allocator>::rebind_traits<typename rclcpp::TypeAdapter<MessageT, void, void>::ros_message_type>::allocator_type> >::type>) [with T = T; MessageT = sensor_msgs::msg::NavSatFix_<std::allocator<void> >; AllocatorT = std::allocator<void>][m[K’
[17.411s]   251 |   [01;36m[Kpublish[m[K(std::unique_ptr<T, ROSMessageTypeDeleter> msg)
[17.412s]       |   [01;36m[K^~~~~~~[m[K
[17.412s] [01m[K/opt/ros/humble/include/rclcpp/rclcpp/publisher.hpp:251:3:[m[K [01;36m[Knote: [m[K  template argument deduction/substitution failed:
[17.413s] [01m[K/home/boat/Desktop/src/boat_control_system_final/src/WaypointQueueNode.cpp:45:33:[m[K [01;36m[Knote: [m[K  ‘[01m[Kstd_msgs::msg::String_<std::allocator<void> >[m[K’ is not derived from ‘[01m[Kstd::unique_ptr<T, std::default_delete<sensor_msgs::msg::NavSatFix_<std::allocator<void> > > >[m[K’
[17.414s]    45 |     [01;36m[Kwaypoint_publisher_->publish(message)[m[K;
[17.414s]       |     [01;36m[K~~~~~~~~~~~~~~~~~~~~~~~~~~~~^~~~~~~~~[m[K
[17.415s] In file included from [01m[K/opt/ros/humble/include/rclcpp/rclcpp/topic_statistics/subscription_topic_statistics.hpp:31[m[K,
[17.415s]                  from [01m[K/opt/ros/humble/include/rclcpp/rclcpp/subscription.hpp:50[m[K,
[17.416s]                  from [01m[K/opt/ros/humble/include/rclcpp/rclcpp/any_executable.hpp:25[m[K,
[17.417s]                  from [01m[K/opt/ros/humble/include/rclcpp/rclcpp/memory_strategy.hpp:25[m[K,
[17.417s]                  from [01m[K/opt/ros/humble/include/rclcpp/rclcpp/memory_strategies.hpp:18[m[K,
[17.418s]                  from [01m[K/opt/ros/humble/include/rclcpp/rclcpp/executor_options.hpp:20[m[K,
[17.419s]                  from [01m[K/opt/ros/humble/include/rclcpp/rclcpp/executor.hpp:37[m[K,
[17.419s]                  from [01m[K/opt/ros/humble/include/rclcpp/rclcpp/executors/multi_threaded_executor.hpp:25[m[K,
[17.420s]                  from [01m[K/opt/ros/humble/include/rclcpp/rclcpp/executors.hpp:21[m[K,
[17.421s]                  from [01m[K/opt/ros/humble/include/rclcpp/rclcpp/rclcpp.hpp:155[m[K,
[17.421s]                  from [01m[K/home/boat/Desktop/src/boat_control_system_final/include/boat_control_system_final/WaypointQueueNode.hpp:4[m[K,
[17.422s]                  from [01m[K/home/boat/Desktop/src/boat_control_system_final/src/WaypointQueueNode.cpp:1[m[K:
[17.422s] [01m[K/opt/ros/humble/include/rclcpp/rclcpp/publisher.hpp:292:3:[m[K [01;36m[Knote: [m[Kcandidate: ‘[01m[Ktemplate<class T> std::enable_if_t<(rosidl_generator_traits::is_message<T>::value && std::is_same<T, typename rclcpp::TypeAdapter<MessageT>::ros_message_type>::value)> rclcpp::Publisher<MessageT, AllocatorT>::publish(const T&) [with T = T; MessageT = sensor_msgs::msg::NavSatFix_<std::allocator<void> >; AllocatorT = std::allocator<void>][m[K’
[17.423s]   292 |   [01;36m[Kpublish[m[K(const T & msg)
[17.424s]       |   [01;36m[K^~~~~~~[m[K
[17.424s] [01m[K/opt/ros/humble/include/rclcpp/rclcpp/publisher.hpp:292:3:[m[K [01;36m[Knote: [m[K  template argument deduction/substitution failed:
[17.425s] In file included from [01m[K/usr/include/c++/11/bits/move.h:57[m[K,
[17.425s]                  from [01m[K/usr/include/c++/11/bits/stl_pair.h:59[m[K,
[17.426s]                  from [01m[K/usr/include/c++/11/bits/stl_algobase.h:64[m[K,
[17.427s]                  from [01m[K/usr/include/c++/11/memory:63[m[K,
[17.427s]                  from [01m[K/opt/ros/humble/include/rclcpp/rclcpp/rclcpp.hpp:153[m[K,
[17.428s]                  from [01m[K/home/boat/Desktop/src/boat_control_system_final/include/boat_control_system_final/WaypointQueueNode.hpp:4[m[K,
[17.429s]                  from [01m[K/home/boat/Desktop/src/boat_control_system_final/src/WaypointQueueNode.cpp:1[m[K:
[17.429s] /usr/include/c++/11/type_traits: In substitution of ‘[01m[Ktemplate<bool _Cond, class _Tp> using enable_if_t = typename std::enable_if::type [with bool _Cond = false; _Tp = void][m[K’:
[17.430s] [01m[K/opt/ros/humble/include/rclcpp/rclcpp/publisher.hpp:292:3:[m[K   required by substitution of ‘[01m[Ktemplate<class T> std::enable_if_t<(rosidl_generator_traits::is_message<T>::value && std::is_same<T, sensor_msgs::msg::NavSatFix_<std::allocator<void> > >::value), void> rclcpp::Publisher<sensor_msgs::msg::NavSatFix_<std::allocator<void> > >::publish<T>(const T&) [with T = std_msgs::msg::String_<std::allocator<void> >][m[K’
[17.430s] [01m[K/home/boat/Desktop/src/boat_control_system_final/src/WaypointQueueNode.cpp:45:33:[m[K   required from here
[17.431s] [01m[K/usr/include/c++/11/type_traits:2579:11:[m[K [01;31m[Kerror: [m[Kno type named ‘[01m[Ktype[m[K’ in ‘[01m[Kstruct std::enable_if<false, void>[m[K’
[17.432s]  2579 |     using [01;31m[Kenable_if_t[m[K = typename enable_if<_Cond, _Tp>::type;
[17.432s]       |           [01;31m[K^~~~~~~~~~~[m[K
[17.433s] In file included from [01m[K/opt/ros/humble/include/rclcpp/rclcpp/topic_statistics/subscription_topic_statistics.hpp:31[m[K,
[17.434s]                  from [01m[K/opt/ros/humble/include/rclcpp/rclcpp/subscription.hpp:50[m[K,
[17.434s]                  from [01m[K/opt/ros/humble/include/rclcpp/rclcpp/any_executable.hpp:25[m[K,
[17.435s]                  from [01m[K/opt/ros/humble/include/rclcpp/rclcpp/memory_strategy.hpp:25[m[K,
[17.436s]                  from [01m[K/opt/ros/humble/include/rclcpp/rclcpp/memory_strategies.hpp:18[m[K,
[17.437s]                  from [01m[K/opt/ros/humble/include/rclcpp/rclcpp/executor_options.hpp:20[m[K,
[17.437s]                  from [01m[K/opt/ros/humble/include/rclcpp/rclcpp/executor.hpp:37[m[K,
[17.438s]                  from [01m[K/opt/ros/humble/include/rclcpp/rclcpp/executors/multi_threaded_executor.hpp:25[m[K,
[17.439s]                  from [01m[K/opt/ros/humble/include/rclcpp/rclcpp/executors.hpp:21[m[K,
[17.439s]                  from [01m[K/opt/ros/humble/include/rclcpp/rclcpp/rclcpp.hpp:155[m[K,
[17.440s]                  from [01m[K/home/boat/Desktop/src/boat_control_system_final/include/boat_control_system_final/WaypointQueueNode.hpp:4[m[K,
[17.441s]                  from [01m[K/home/boat/Desktop/src/boat_control_system_final/src/WaypointQueueNode.cpp:1[m[K:
[17.441s] [01m[K/opt/ros/humble/include/rclcpp/rclcpp/publisher.hpp:322:3:[m[K [01;36m[Knote: [m[Kcandidate: ‘[01m[Ktemplate<class T> std::enable_if_t<(typename rclcpp::TypeAdapter<MessageT>::is_specialized::value && std::is_same<T, typename rclcpp::TypeAdapter<MessageT>::custom_type>::value)> rclcpp::Publisher<MessageT, AllocatorT>::publish(std::unique_ptr<T, typename std::conditional<std::is_same<typename std::allocator_traits<typename std::allocator_traits<_Allocator>::rebind_traits<typename rclcpp::TypeAdapter<MessageT, void, void>::custom_type>::allocator_type>::rebind_alloc<typename rclcpp::TypeAdapter<MessageT, void, void>::custom_type>, std::allocator<typename rclcpp::TypeAdapter<MessageT>::custom_type> >::value, std::default_delete<typename rclcpp::TypeAdapter<MessageT>::custom_type>, rclcpp::allocator::AllocatorDeleter<typename std::allocator_traits<_Allocator>::rebind_traits<typename rclcpp::TypeAdapter<MessageT, void, void>::custom_type>::allocator_type> >::type>) [with T = T; MessageT = sensor_msgs::msg::NavSatFix_<std::allocator<void> >; AllocatorT = std::allocator<void>][m[K’
[17.442s]   322 |   [01;36m[Kpublish[m[K(std::unique_ptr<T, PublishedTypeDeleter> msg)
[17.442s]       |   [01;36m[K^~~~~~~[m[K
[17.443s] [01m[K/opt/ros/humble/include/rclcpp/rclcpp/publisher.hpp:322:3:[m[K [01;36m[Knote: [m[K  template argument deduction/substitution failed:
[17.444s] [01m[K/home/boat/Desktop/src/boat_control_system_final/src/WaypointQueueNode.cpp:45:33:[m[K [01;36m[Knote: [m[K  ‘[01m[Kstd_msgs::msg::String_<std::allocator<void> >[m[K’ is not derived from ‘[01m[Kstd::unique_ptr<T, std::default_delete<sensor_msgs::msg::NavSatFix_<std::allocator<void> > > >[m[K’
[17.445s]    45 |     [01;36m[Kwaypoint_publisher_->publish(message)[m[K;
[17.445s]       |     [01;36m[K~~~~~~~~~~~~~~~~~~~~~~~~~~~~^~~~~~~~~[m[K
[17.446s] In file included from [01m[K/opt/ros/humble/include/rclcpp/rclcpp/topic_statistics/subscription_topic_statistics.hpp:31[m[K,
[17.447s]                  from [01m[K/opt/ros/humble/include/rclcpp/rclcpp/subscription.hpp:50[m[K,
[17.447s]                  from [01m[K/opt/ros/humble/include/rclcpp/rclcpp/any_executable.hpp:25[m[K,
[17.448s]                  from [01m[K/opt/ros/humble/include/rclcpp/rclcpp/memory_strategy.hpp:25[m[K,
[17.449s]                  from [01m[K/opt/ros/humble/include/rclcpp/rclcpp/memory_strategies.hpp:18[m[K,
[17.449s]                  from [01m[K/opt/ros/humble/include/rclcpp/rclcpp/executor_options.hpp:20[m[K,
[17.450s]                  from [01m[K/opt/ros/humble/include/rclcpp/rclcpp/executor.hpp:37[m[K,
[17.451s]                  from [01m[K/opt/ros/humble/include/rclcpp/rclcpp/executors/multi_threaded_executor.hpp:25[m[K,
[17.451s]                  from [01m[K/opt/ros/humble/include/rclcpp/rclcpp/executors.hpp:21[m[K,
[17.452s]                  from [01m[K/opt/ros/humble/include/rclcpp/rclcpp/rclcpp.hpp:155[m[K,
[17.453s]                  from [01m[K/home/boat/Desktop/src/boat_control_system_final/include/boat_control_system_final/WaypointQueueNode.hpp:4[m[K,
[17.453s]                  from [01m[K/home/boat/Desktop/src/boat_control_system_final/src/WaypointQueueNode.cpp:1[m[K:
[17.454s] [01m[K/opt/ros/humble/include/rclcpp/rclcpp/publisher.hpp:364:3:[m[K [01;36m[Knote: [m[Kcandidate: ‘[01m[Ktemplate<class T> std::enable_if_t<(typename rclcpp::TypeAdapter<MessageT>::is_specialized::value && std::is_same<T, typename rclcpp::TypeAdapter<MessageT>::custom_type>::value)> rclcpp::Publisher<MessageT, AllocatorT>::publish(const T&) [with T = T; MessageT = sensor_msgs::msg::NavSatFix_<std::allocator<void> >; AllocatorT = std::allocator<void>][m[K’
[17.455s]   364 |   [01;36m[Kpublish[m[K(const T & msg)
[17.455s]       |   [01;36m[K^~~~~~~[m[K
[17.456s] [01m[K/opt/ros/humble/include/rclcpp/rclcpp/publisher.hpp:364:3:[m[K [01;36m[Knote: [m[K  template argument deduction/substitution failed:
[17.456s] [01m[K/opt/ros/humble/include/rclcpp/rclcpp/publisher.hpp:383:3:[m[K [01;36m[Knote: [m[Kcandidate: ‘[01m[Kvoid rclcpp::Publisher<MessageT, AllocatorT>::publish(const rcl_serialized_message_t&) [with MessageT = sensor_msgs::msg::NavSatFix_<std::allocator<void> >; AllocatorT = std::allocator<void>; rcl_serialized_message_t = rcutils_uint8_array_s][m[K’
[17.457s]   383 |   [01;36m[Kpublish[m[K(const rcl_serialized_message_t & serialized_msg)
[17.460s]       |   [01;36m[K^~~~~~~[m[K
[17.461s] [01m[K/opt/ros/humble/include/rclcpp/rclcpp/publisher.hpp:383:44:[m[K [01;36m[Knote: [m[K  no known conversion for argument 1 from ‘[01m[Kstd_msgs::msg::String_<std::allocator<void> >[m[K’ to ‘[01m[Kconst rcl_serialized_message_t&[m[K’ {aka ‘[01m[Kconst rcutils_uint8_array_s&[m[K’}
[17.462s]   383 |   publish([01;36m[Kconst rcl_serialized_message_t & serialized_msg[m[K)
[17.462s]       |           [01;36m[K~~~~~~~~~~~~~~~~~~~~~~~~~~~~~~~~~^~~~~~~~~~~~~~[m[K
[17.463s] [01m[K/opt/ros/humble/include/rclcpp/rclcpp/publisher.hpp:389:3:[m[K [01;36m[Knote: [m[Kcandidate: ‘[01m[Kvoid rclcpp::Publisher<MessageT, AllocatorT>::publish(const rclcpp::SerializedMessage&) [with MessageT = sensor_msgs::msg::NavSatFix_<std::allocator<void> >; AllocatorT = std::allocator<void>][m[K’
[17.464s]   389 |   [01;36m[Kpublish[m[K(const SerializedMessage & serialized_msg)
[17.466s]       |   [01;36m[K^~~~~~~[m[K
[17.466s] [01m[K/opt/ros/humble/include/rclcpp/rclcpp/publisher.hpp:389:37:[m[K [01;36m[Knote: [m[K  no known conversion for argument 1 from ‘[01m[Kstd_msgs::msg::String_<std::allocator<void> >[m[K’ to ‘[01m[Kconst rclcpp::SerializedMessage&[m[K’
[17.468s]   389 |   publish([01;36m[Kconst SerializedMessage & serialized_msg[m[K)
[17.468s]       |           [01;36m[K~~~~~~~~~~~~~~~~~~~~~~~~~~^~~~~~~~~~~~~~[m[K
[17.469s] [01m[K/opt/ros/humble/include/rclcpp/rclcpp/publisher.hpp:403:3:[m[K [01;36m[Knote: [m[Kcandidate: ‘[01m[Kvoid rclcpp::Publisher<MessageT, AllocatorT>::publish(rclcpp::LoanedMessage<typename rclcpp::TypeAdapter<MessageT>::ros_message_type, AllocatorT>&&) [with MessageT = sensor_msgs::msg::NavSatFix_<std::allocator<void> >; AllocatorT = std::allocator<void>; typename rclcpp::TypeAdapter<MessageT>::ros_message_type = sensor_msgs::msg::NavSatFix_<std::allocator<void> >][m[K’
[17.470s]   403 |   [01;36m[Kpublish[m[K(rclcpp::LoanedMessage<ROSMessageType, AllocatorT> && loaned_msg)
[17.470s]       |   [01;36m[K^~~~~~~[m[K
[17.471s] [01m[K/opt/ros/humble/include/rclcpp/rclcpp/publisher.hpp:403:64:[m[K [01;36m[Knote: [m[K  no known conversion for argument 1 from ‘[01m[Kstd_msgs::msg::String_<std::allocator<void> >[m[K’ to ‘[01m[Krclcpp::LoanedMessage<sensor_msgs::msg::NavSatFix_<std::allocator<void> >, std::allocator<void> >&&[m[K’
[17.472s]   403 |   publish([01;36m[Krclcpp::LoanedMessage<ROSMessageType, AllocatorT> && loaned_msg[m[K)
[17.472s]       |           [01;36m[K~~~~~~~~~~~~~~~~~~~~~~~~~~~~~~~~~~~~~~~~~~~~~~~~~~~~~^~~~~~~~~~[m[K
[17.473s] [01m[K/home/boat/Desktop/src/boat_control_system_final/src/WaypointQueueNode.cpp:[m[K At global scope:
[17.473s] [01m[K/home/boat/Desktop/src/boat_control_system_final/src/WaypointQueueNode.cpp:48:6:[m[K [01;31m[Kerror: [m[Kno declaration matches ‘[01m[Kvoid WaypointQueueNode::waypoint_callback(std_msgs::msg::String_<std::allocator<void> >::SharedPtr)[m[K’
[17.474s]    48 | void [01;31m[KWaypointQueueNode[m[K::waypoint_callback(const std_msgs::msg::String::SharedPtr msg)
[17.475s]       |      [01;31m[K^~~~~~~~~~~~~~~~~[m[K
[17.475s] [01m[K/home/boat/Desktop/src/boat_control_system_final/src/WaypointQueueNode.cpp:48:6:[m[K [01;36m[Knote: [m[Kno functions named ‘[01m[Kvoid WaypointQueueNode::waypoint_callback(std_msgs::msg::String_<std::allocator<void> >::SharedPtr)[m[K’
[17.476s] In file included from [01m[K/home/boat/Desktop/src/boat_control_system_final/src/WaypointQueueNode.cpp:1[m[K:
[17.477s] [01m[K/home/boat/Desktop/src/boat_control_system_final/include/boat_control_system_final/WaypointQueueNode.hpp:7:7:[m[K [01;36m[Knote: [m[K‘[01m[Kclass WaypointQueueNode[m[K’ defined here
[17.477s]     7 | class [01;36m[KWaypointQueueNode[m[K : public rclcpp::Node
[17.478s]       |       [01;36m[K^~~~~~~~~~~~~~~~~[m[K
[19.375s] gmake[2]: *** [CMakeFiles/WaypointQueueNode.dir/build.make:76: CMakeFiles/WaypointQueueNode.dir/src/WaypointQueueNode.cpp.o] Error 1
[19.376s] gmake[1]: *** [CMakeFiles/Makefile2:137: CMakeFiles/WaypointQueueNode.dir/all] Error 2
[19.378s] gmake: *** [Makefile:146: all] Error 2
[19.389s] Invoked command in '/home/boat/Desktop/src/boat_control_system_final/build/boat_control_system_final' returned '2': CMAKE_PREFIX_PATH=/opt/ros/humble /usr/bin/cmake --build /home/boat/Desktop/src/boat_control_system_final/build/boat_control_system_final -- -j4 -l4
