[35m[1mConsolidate compiler generated dependencies of target CoordinateCalculationsNode[0m
[ 33%] Built target WaypointQueue
[ 50%] [32mBuilding CXX object CMakeFiles/CoordinateCalculationsNode.dir/src/CoordinateCalculationsNode.cpp.o[0m
[35m[1mConsolidate compiler generated dependencies of target WaypointQueueNode[0m
[ 66%] [32mBuilding CXX object CMakeFiles/WaypointQueueNode.dir/src/WaypointQueueNode.cpp.o[0m
In file included from [01m[K/home/boat/Desktop/src/boat_control_system_final/src/CoordinateCalculationsNode.cpp:2[m[K:
[01m[K/home/boat/Desktop/src/boat_control_system_final/include/boat_control_system_final/CoordinateCalculationsNode.hpp:47:52:[m[K [01;31m[Kerror: [m[K‘[01m[Kfloat32[m[K’ in namespace ‘[01m[Kstd_msgs::msg[m[K’ does not name a type
   47 |     void magnetometerCallback(const std_msgs::msg::[01;31m[Kfloat32[m[K::SharedPtr msg);
      |                                                    [01;31m[K^~~~~~~[m[K
[01m[K/home/boat/Desktop/src/boat_control_system_final/include/boat_control_system_final/CoordinateCalculationsNode.hpp:47:71:[m[K [01;31m[Kerror: [m[Kexpected unqualified-id before ‘[01m[Kmsg[m[K’
   47 |     void magnetometerCallback(const std_msgs::msg::float32::SharedPtr [01;31m[Kmsg[m[K);
      |                                                                       [01;31m[K^~~[m[K
[01m[K/home/boat/Desktop/src/boat_control_system_final/include/boat_control_system_final/CoordinateCalculationsNode.hpp:47:70:[m[K [01;31m[Kerror: [m[Kexpected ‘[01m[K)[m[K’ before ‘[01m[Kmsg[m[K’
   47 |     void magnetometerCallback[34m[K([m[Kconst std_msgs::msg::float32::SharedPtr[01;31m[K [m[K[32m[Kmsg[m[K);
      |                              [34m[K~[m[K                                       [01;31m[K^[m[K[32m[K~~~[m[K
      |                                                                      [32m[K)[m[K
[01m[K/home/boat/Desktop/src/boat_control_system_final/include/boat_control_system_final/CoordinateCalculationsNode.hpp:47:61:[m[K [01;31m[Kerror: [m[Kexpected ‘[01m[K;[m[K’ at end of member declaration
   47 |     void magnetometerCallback(const std_msgs::msg::float32::[01;31m[KSharedPtr[m[K msg);
      |                                                             [01;31m[K^~~~~~~~~[m[K
      |                                                                      [32m[K;[m[K
[01m[K/home/boat/Desktop/src/boat_control_system_final/include/boat_control_system_final/CoordinateCalculationsNode.hpp:47:71:[m[K [01;31m[Kerror: [m[K‘[01m[Kmsg[m[K’ does not name a type
   47 |     void magnetometerCallback(const std_msgs::msg::float32::SharedPtr [01;31m[Kmsg[m[K);
      |                                                                       [01;31m[K^~~[m[K
[01m[K/home/boat/Desktop/src/boat_control_system_final/include/boat_control_system_final/CoordinateCalculationsNode.hpp:48:44:[m[K [01;31m[Kerror: [m[K‘[01m[Kfloat32[m[K’ in namespace ‘[01m[Kstd_msgs::msg[m[K’ does not name a type
   48 |     void windCallback(const std_msgs::msg::[01;31m[Kfloat32[m[K::SharedPtr msg);
      |                                            [01;31m[K^~~~~~~[m[K
[01m[K/home/boat/Desktop/src/boat_control_system_final/include/boat_control_system_final/CoordinateCalculationsNode.hpp:48:63:[m[K [01;31m[Kerror: [m[Kexpected unqualified-id before ‘[01m[Kmsg[m[K’
   48 |     void windCallback(const std_msgs::msg::float32::SharedPtr [01;31m[Kmsg[m[K);
      |                                                               [01;31m[K^~~[m[K
[01m[K/home/boat/Desktop/src/boat_control_system_final/include/boat_control_system_final/CoordinateCalculationsNode.hpp:48:62:[m[K [01;31m[Kerror: [m[Kexpected ‘[01m[K)[m[K’ before ‘[01m[Kmsg[m[K’
   48 |     void windCallback[34m[K([m[Kconst std_msgs::msg::float32::SharedPtr[01;31m[K [m[K[32m[Kmsg[m[K);
      |                      [34m[K~[m[K                                       [01;31m[K^[m[K[32m[K~~~[m[K
      |                                                              [32m[K)[m[K
[01m[K/home/boat/Desktop/src/boat_control_system_final/include/boat_control_system_final/CoordinateCalculationsNode.hpp:48:53:[m[K [01;31m[Kerror: [m[Kexpected ‘[01m[K;[m[K’ at end of member declaration
   48 |     void windCallback(const std_msgs::msg::float32::[01;31m[KSharedPtr[m[K msg);
      |                                                     [01;31m[K^~~~~~~~~[m[K
      |                                                              [32m[K;[m[K
[01m[K/home/boat/Desktop/src/boat_control_system_final/include/boat_control_system_final/CoordinateCalculationsNode.hpp:48:63:[m[K [01;31m[Kerror: [m[K‘[01m[Kmsg[m[K’ does not name a type
   48 |     void windCallback(const std_msgs::msg::float32::SharedPtr [01;31m[Kmsg[m[K);
      |                                                               [01;31m[K^~~[m[K
[01m[K/home/boat/Desktop/src/boat_control_system_final/include/boat_control_system_final/CoordinateCalculationsNode.hpp:52:20:[m[K [01;31m[Kerror: [m[K‘[01m[Kfloat32[m[K’ in namespace ‘[01m[Kstd_msgs::msg[m[K’ does not name a type
   52 |     std_msgs::msg::[01;31m[Kfloat32[m[K latest_wind_data_;
      |                    [01;31m[K^~~~~~~[m[K
[01m[K/home/boat/Desktop/src/boat_control_system_final/include/boat_control_system_final/CoordinateCalculationsNode.hpp:53:20:[m[K [01;31m[Kerror: [m[K‘[01m[Kfloat32[m[K’ in namespace ‘[01m[Kstd_msgs::msg[m[K’ does not name a type
   53 |     std_msgs::msg::[01;31m[Kfloat32[m[K latest_magnetometer_data_;
      |                    [01;31m[K^~~~~~~[m[K
[01m[K/home/boat/Desktop/src/boat_control_system_final/src/CoordinateCalculationsNode.cpp:[m[K In constructor ‘[01m[KCoordinateCalculationsNode::CoordinateCalculationsNode()[m[K’:
[01m[K/home/boat/Desktop/src/boat_control_system_final/src/CoordinateCalculationsNode.cpp:13:5:[m[K [01;31m[Kerror: [m[K‘[01m[Kfinal_waypoint_publisher[m[K’ was not declared in this scope; did you mean ‘[01m[Kwaypoint_publisher_[m[K’?
   13 |     [01;31m[Kfinal_waypoint_publisher[m[K = this->create_publisher<sensor_msgs::msg::NavSatFix>(
      |     [01;31m[K^~~~~~~~~~~~~~~~~~~~~~~~[m[K
      |     [32m[Kwaypoint_publisher_[m[K
[01m[K/home/boat/Desktop/src/boat_control_system_final/src/WaypointQueueNode.cpp:[m[K In constructor ‘[01m[KWaypointQueueNode::WaypointQueueNode()[m[K’:
[01m[K/home/boat/Desktop/src/boat_control_system_final/src/WaypointQueueNode.cpp:25:39:[m[K [01;31m[Kerror: [m[K‘[01m[Kinit_callback[m[K’ is not a member of ‘[01m[KWaypointQueueNode[m[K’
   25 |         std::bind(&WaypointQueueNode::[01;31m[Kinit_callback[m[K, this, std::placeholders::_1));
      |                                       [01;31m[K^~~~~~~~~~~~~[m[K
[01m[K/home/boat/Desktop/src/boat_control_system_final/src/CoordinateCalculationsNode.cpp:23:5:[m[K [01;31m[Kerror: [m[K‘[01m[Kwind_subscriber_[m[K’ was not declared in this scope; did you mean ‘[01m[Kinit_subscriber_[m[K’?
   23 |     [01;31m[Kwind_subscriber_[m[K = this->create_subscription<std_msgs::msg::float32>(
      |     [01;31m[K^~~~~~~~~~~~~~~~[m[K
      |     [32m[Kinit_subscriber_[m[K
[01m[K/home/boat/Desktop/src/boat_control_system_final/src/CoordinateCalculationsNode.cpp:23:65:[m[K [01;31m[Kerror: [m[K‘[01m[Kfloat32[m[K’ is not a member of ‘[01m[Kstd_msgs::msg[m[K’; did you mean ‘[01m[KFloat32[m[K’?
   23 |     wind_subscriber_ = this->create_subscription<std_msgs::msg::[01;31m[Kfloat32[m[K>(
      |                                                                 [01;31m[K^~~~~~~[m[K
      |                                                                 [32m[KFloat32[m[K
[01m[K/home/boat/Desktop/src/boat_control_system_final/src/CoordinateCalculationsNode.cpp:23:73:[m[K [01;31m[Kerror: [m[Kno matching function for call to ‘[01m[KCoordinateCalculationsNode::create_subscription<<expression error> >(const char [11], int, std::_Bind_helper<false, void (CoordinateCalculationsNode::*)(...), CoordinateCalculationsNode*, const std::_Placeholder<1>&>::type)[m[K’
   23 |     wind_subscriber_ = [01;31m[Kthis->create_subscription<std_msgs::msg::float32>([m[K
      |                        [01;31m[K~~~~~~~~~~~~~~~~~~~~~~~~~~~~~~~~~~~~~~~~~~~~~~~~~^[m[K
   24 | [01;31m[K        "/wind_data",[m[K
      |         [01;31m[K~~~~~~~~~~~~~[m[K                                                    
   25 | [01;31m[K        10,[m[K
      |         [01;31m[K~~~[m[K                                                              
   26 | [01;31m[K        std::bind(&CoordinateCalculationsNode::windCallback, this, std::placeholders::_1))[m[K;
      |         [01;31m[K~~~~~~~~~~~~~~~~~~~~~~~~~~~~~~~~~~~~~~~~~~~~~~~~~~~~~~~~~~~~~~~~~~~~~~~~~~~~~~~~~~[m[K
In file included from [01m[K/opt/ros/humble/include/rclcpp/rclcpp/node.hpp:1321[m[K,
                 from [01m[K/opt/ros/humble/include/rclcpp/rclcpp/executors/single_threaded_executor.hpp:28[m[K,
                 from [01m[K/opt/ros/humble/include/rclcpp/rclcpp/executors.hpp:22[m[K,
                 from [01m[K/opt/ros/humble/include/rclcpp/rclcpp/rclcpp.hpp:155[m[K,
                 from [01m[K/home/boat/Desktop/src/boat_control_system_final/include/boat_control_system_final/CoordinateCalculationsNode.hpp:4[m[K,
                 from [01m[K/home/boat/Desktop/src/boat_control_system_final/src/CoordinateCalculationsNode.cpp:2[m[K:
[01m[K/opt/ros/humble/include/rclcpp/rclcpp/node_impl.hpp:92:1:[m[K [01;36m[Knote: [m[Kcandidate: ‘[01m[Ktemplate<class MessageT, class CallbackT, class AllocatorT, class SubscriptionT, class MessageMemoryStrategyT> std::shared_ptr<ROSMessageT> rclcpp::Node::create_subscription(const string&, const rclcpp::QoS&, CallbackT&&, const rclcpp::SubscriptionOptionsWithAllocator<AllocatorT>&, typename MessageMemoryStrategyT::SharedPtr)[m[K’
   92 | [01;36m[KNode[m[K::create_subscription(
      | [01;36m[K^~~~[m[K
[01m[K/opt/ros/humble/include/rclcpp/rclcpp/node_impl.hpp:92:1:[m[K [01;36m[Knote: [m[K  template argument deduction/substitution failed:
[01m[K/home/boat/Desktop/src/boat_control_system_final/src/CoordinateCalculationsNode.cpp:23:73:[m[K [01;31m[Kerror: [m[Ktemplate argument 1 is invalid
   23 |     wind_subscriber_ = [01;31m[Kthis->create_subscription<std_msgs::msg::float32>([m[K
      |                        [01;31m[K~~~~~~~~~~~~~~~~~~~~~~~~~~~~~~~~~~~~~~~~~~~~~~~~~^[m[K
   24 | [01;31m[K        "/wind_data",[m[K
      |         [01;31m[K~~~~~~~~~~~~~[m[K                                                    
   25 | [01;31m[K        10,[m[K
      |         [01;31m[K~~~[m[K                                                              
   26 | [01;31m[K        std::bind(&CoordinateCalculationsNode::windCallback, this, std::placeholders::_1))[m[K;
      |         [01;31m[K~~~~~~~~~~~~~~~~~~~~~~~~~~~~~~~~~~~~~~~~~~~~~~~~~~~~~~~~~~~~~~~~~~~~~~~~~~~~~~~~~~[m[K
[01m[K/home/boat/Desktop/src/boat_control_system_final/src/CoordinateCalculationsNode.cpp:29:5:[m[K [01;31m[Kerror: [m[K‘[01m[Kmagnetometer_subscriber_[m[K’ was not declared in this scope
   29 |     [01;31m[Kmagnetometer_subscriber_[m[K = this->create_subscription<std_msgs::msg::float32>(
      |     [01;31m[K^~~~~~~~~~~~~~~~~~~~~~~~[m[K
[01m[K/home/boat/Desktop/src/boat_control_system_final/src/CoordinateCalculationsNode.cpp:29:73:[m[K [01;31m[Kerror: [m[K‘[01m[Kfloat32[m[K’ is not a member of ‘[01m[Kstd_msgs::msg[m[K’; did you mean ‘[01m[KFloat32[m[K’?
   29 |     magnetometer_subscriber_ = this->create_subscription<std_msgs::msg::[01;31m[Kfloat32[m[K>(
      |                                                                         [01;31m[K^~~~~~~[m[K
      |                                                                         [32m[KFloat32[m[K
[01m[K/home/boat/Desktop/src/boat_control_system_final/src/CoordinateCalculationsNode.cpp:29:81:[m[K [01;31m[Kerror: [m[Kno matching function for call to ‘[01m[KCoordinateCalculationsNode::create_subscription<<expression error> >(const char [19], int, std::_Bind_helper<false, void (CoordinateCalculationsNode::*)(...), CoordinateCalculationsNode*, const std::_Placeholder<1>&>::type)[m[K’
   29 |     magnetometer_subscriber_ = [01;31m[Kthis->create_subscription<std_msgs::msg::float32>([m[K
      |                                [01;31m[K~~~~~~~~~~~~~~~~~~~~~~~~~~~~~~~~~~~~~~~~~~~~~~~~~^[m[K
   30 | [01;31m[K        "/magnetometer_data",[m[K
      |         [01;31m[K~~~~~~~~~~~~~~~~~~~~~[m[K                                                    
   31 | [01;31m[K        10,[m[K
      |         [01;31m[K~~~[m[K                                                                      
   32 | [01;31m[K        std::bind(&CoordinateCalculationsNode::magnetometerCallback, this, std::placeholders::_1))[m[K;
      |         [01;31m[K~~~~~~~~~~~~~~~~~~~~~~~~~~~~~~~~~~~~~~~~~~~~~~~~~~~~~~~~~~~~~~~~~~~~~~~~~~~~~~~~~~~~~~~~~~[m[K
In file included from [01m[K/opt/ros/humble/include/rclcpp/rclcpp/node.hpp:1321[m[K,
                 from [01m[K/opt/ros/humble/include/rclcpp/rclcpp/executors/single_threaded_executor.hpp:28[m[K,
                 from [01m[K/opt/ros/humble/include/rclcpp/rclcpp/executors.hpp:22[m[K,
                 from [01m[K/opt/ros/humble/include/rclcpp/rclcpp/rclcpp.hpp:155[m[K,
                 from [01m[K/home/boat/Desktop/src/boat_control_system_final/include/boat_control_system_final/CoordinateCalculationsNode.hpp:4[m[K,
                 from [01m[K/home/boat/Desktop/src/boat_control_system_final/src/CoordinateCalculationsNode.cpp:2[m[K:
[01m[K/opt/ros/humble/include/rclcpp/rclcpp/node_impl.hpp:92:1:[m[K [01;36m[Knote: [m[Kcandidate: ‘[01m[Ktemplate<class MessageT, class CallbackT, class AllocatorT, class SubscriptionT, class MessageMemoryStrategyT> std::shared_ptr<ROSMessageT> rclcpp::Node::create_subscription(const string&, const rclcpp::QoS&, CallbackT&&, const rclcpp::SubscriptionOptionsWithAllocator<AllocatorT>&, typename MessageMemoryStrategyT::SharedPtr)[m[K’
   92 | [01;36m[KNode[m[K::create_subscription(
      | [01;36m[K^~~~[m[K
[01m[K/opt/ros/humble/include/rclcpp/rclcpp/node_impl.hpp:92:1:[m[K [01;36m[Knote: [m[K  template argument deduction/substitution failed:
[01m[K/home/boat/Desktop/src/boat_control_system_final/src/CoordinateCalculationsNode.cpp:29:81:[m[K [01;31m[Kerror: [m[Ktemplate argument 1 is invalid
   29 |     magnetometer_subscriber_ = [01;31m[Kthis->create_subscription<std_msgs::msg::float32>([m[K
      |                                [01;31m[K~~~~~~~~~~~~~~~~~~~~~~~~~~~~~~~~~~~~~~~~~~~~~~~~~^[m[K
   30 | [01;31m[K        "/magnetometer_data",[m[K
      |         [01;31m[K~~~~~~~~~~~~~~~~~~~~~[m[K                                                    
   31 | [01;31m[K        10,[m[K
      |         [01;31m[K~~~[m[K                                                                      
   32 | [01;31m[K        std::bind(&CoordinateCalculationsNode::magnetometerCallback, this, std::placeholders::_1))[m[K;
      |         [01;31m[K~~~~~~~~~~~~~~~~~~~~~~~~~~~~~~~~~~~~~~~~~~~~~~~~~~~~~~~~~~~~~~~~~~~~~~~~~~~~~~~~~~~~~~~~~~[m[K
[01m[K/home/boat/Desktop/src/boat_control_system_final/src/CoordinateCalculationsNode.cpp:[m[K At global scope:
[01m[K/home/boat/Desktop/src/boat_control_system_final/src/CoordinateCalculationsNode.cpp:52:68:[m[K [01;31m[Kerror: [m[K‘[01m[Kfloat32[m[K’ in namespace ‘[01m[Kstd_msgs::msg[m[K’ does not name a type; did you mean ‘[01m[KFloat32[m[K’?
   52 | void CoordinateCalculationsNode::windCallback(const std_msgs::msg::[01;31m[Kfloat32[m[K::SharedPtr msg)
      |                                                                    [01;31m[K^~~~~~~[m[K
      |                                                                    [32m[KFloat32[m[K
[01m[K/home/boat/Desktop/src/boat_control_system_final/src/CoordinateCalculationsNode.cpp:52:87:[m[K [01;31m[Kerror: [m[Kexpected unqualified-id before ‘[01m[Kmsg[m[K’
   52 | void CoordinateCalculationsNode::windCallback(const std_msgs::msg::float32::SharedPtr [01;31m[Kmsg[m[K)
      |                                                                                       [01;31m[K^~~[m[K
[01m[K/home/boat/Desktop/src/boat_control_system_final/src/CoordinateCalculationsNode.cpp:52:86:[m[K [01;31m[Kerror: [m[Kexpected ‘[01m[K)[m[K’ before ‘[01m[Kmsg[m[K’
   52 | void CoordinateCalculationsNode::windCallback[34m[K([m[Kconst std_msgs::msg::float32::SharedPtr[01;31m[K [m[K[32m[Kmsg[m[K)
      |                                              [34m[K~[m[K                                       [01;31m[K^[m[K[32m[K~~~[m[K
      |                                                                                      [32m[K)[m[K
[01m[K/home/boat/Desktop/src/boat_control_system_final/src/CoordinateCalculationsNode.cpp:52:87:[m[K [01;31m[Kerror: [m[Kexpected initializer before ‘[01m[Kmsg[m[K’
   52 | void CoordinateCalculationsNode::windCallback(const std_msgs::msg::float32::SharedPtr [01;31m[Kmsg[m[K)
      |                                                                                       [01;31m[K^~~[m[K
[01m[K/home/boat/Desktop/src/boat_control_system_final/src/CoordinateCalculationsNode.cpp:60:76:[m[K [01;31m[Kerror: [m[K‘[01m[Kfloat32[m[K’ in namespace ‘[01m[Kstd_msgs::msg[m[K’ does not name a type; did you mean ‘[01m[KFloat32[m[K’?
   60 | void CoordinateCalculationsNode::magnetometerCallback(const std_msgs::msg::[01;31m[Kfloat32[m[K::SharedPtr msg)
      |                                                                            [01;31m[K^~~~~~~[m[K
      |                                                                            [32m[KFloat32[m[K
[01m[K/home/boat/Desktop/src/boat_control_system_final/src/CoordinateCalculationsNode.cpp:60:95:[m[K [01;31m[Kerror: [m[Kexpected unqualified-id before ‘[01m[Kmsg[m[K’
   60 | void CoordinateCalculationsNode::magnetometerCallback(const std_msgs::msg::float32::SharedPtr [01;31m[Kmsg[m[K)
      |                                                                                               [01;31m[K^~~[m[K
[01m[K/home/boat/Desktop/src/boat_control_system_final/src/CoordinateCalculationsNode.cpp:60:94:[m[K [01;31m[Kerror: [m[Kexpected ‘[01m[K)[m[K’ before ‘[01m[Kmsg[m[K’
   60 | void CoordinateCalculationsNode::magnetometerCallback[34m[K([m[Kconst std_msgs::msg::float32::SharedPtr[01;31m[K [m[K[32m[Kmsg[m[K)
      |                                                      [34m[K~[m[K                                       [01;31m[K^[m[K[32m[K~~~[m[K
      |                                                                                              [32m[K)[m[K
[01m[K/home/boat/Desktop/src/boat_control_system_final/src/CoordinateCalculationsNode.cpp:60:95:[m[K [01;31m[Kerror: [m[Kexpected initializer before ‘[01m[Kmsg[m[K’
   60 | void CoordinateCalculationsNode::magnetometerCallback(const std_msgs::msg::float32::SharedPtr [01;31m[Kmsg[m[K)
      |                                                                                               [01;31m[K^~~[m[K
gmake[2]: *** [CMakeFiles/CoordinateCalculationsNode.dir/build.make:76: CMakeFiles/CoordinateCalculationsNode.dir/src/CoordinateCalculationsNode.cpp.o] Error 1
gmake[1]: *** [CMakeFiles/Makefile2:167: CMakeFiles/CoordinateCalculationsNode.dir/all] Error 2
gmake[1]: *** Waiting for unfinished jobs....
gmake[2]: *** [CMakeFiles/WaypointQueueNode.dir/build.make:76: CMakeFiles/WaypointQueueNode.dir/src/WaypointQueueNode.cpp.o] Error 1
gmake[1]: *** [CMakeFiles/Makefile2:141: CMakeFiles/WaypointQueueNode.dir/all] Error 2
gmake: *** [Makefile:146: all] Error 2
