[0.070s] Invoking command in '/home/boat/Desktop/src/boat_control_system_final/build/boat_control_system_final': CMAKE_PREFIX_PATH=/opt/ros/humble /usr/bin/cmake --build /home/boat/Desktop/src/boat_control_system_final/build/boat_control_system_final -- -j4 -l4
[0.276s] [35m[1mConsolidate compiler generated dependencies of target CoordinateCalculationsNode[0m
[0.358s] [ 33%] Built target WaypointQueue
[0.402s] [ 50%] [32mBuilding CXX object CMakeFiles/CoordinateCalculationsNode.dir/src/CoordinateCalculationsNode.cpp.o[0m
[0.425s] [35m[1mConsolidate compiler generated dependencies of target WaypointQueueNode[0m
[0.542s] [ 66%] [32mBuilding CXX object CMakeFiles/WaypointQueueNode.dir/src/WaypointQueueNode.cpp.o[0m
[13.604s] In file included from [01m[K/home/boat/Desktop/src/boat_control_system_final/src/CoordinateCalculationsNode.cpp:2[m[K:
[13.605s] [01m[K/home/boat/Desktop/src/boat_control_system_final/include/boat_control_system_final/CoordinateCalculationsNode.hpp:47:52:[m[K [01;31m[Kerror: [m[K‘[01m[Kfloat32[m[K’ in namespace ‘[01m[Kstd_msgs::msg[m[K’ does not name a type
[13.605s]    47 |     void magnetometerCallback(const std_msgs::msg::[01;31m[Kfloat32[m[K::SharedPtr msg);
[13.606s]       |                                                    [01;31m[K^~~~~~~[m[K
[13.607s] [01m[K/home/boat/Desktop/src/boat_control_system_final/include/boat_control_system_final/CoordinateCalculationsNode.hpp:47:71:[m[K [01;31m[Kerror: [m[Kexpected unqualified-id before ‘[01m[Kmsg[m[K’
[13.608s]    47 |     void magnetometerCallback(const std_msgs::msg::float32::SharedPtr [01;31m[Kmsg[m[K);
[13.610s]       |                                                                       [01;31m[K^~~[m[K
[13.611s] [01m[K/home/boat/Desktop/src/boat_control_system_final/include/boat_control_system_final/CoordinateCalculationsNode.hpp:47:70:[m[K [01;31m[Kerror: [m[Kexpected ‘[01m[K)[m[K’ before ‘[01m[Kmsg[m[K’
[13.612s]    47 |     void magnetometerCallback[34m[K([m[Kconst std_msgs::msg::float32::SharedPtr[01;31m[K [m[K[32m[Kmsg[m[K);
[13.612s]       |                              [34m[K~[m[K                                       [01;31m[K^[m[K[32m[K~~~[m[K
[13.613s]       |                                                                      [32m[K)[m[K
[13.614s] [01m[K/home/boat/Desktop/src/boat_control_system_final/include/boat_control_system_final/CoordinateCalculationsNode.hpp:47:61:[m[K [01;31m[Kerror: [m[Kexpected ‘[01m[K;[m[K’ at end of member declaration
[13.616s]    47 |     void magnetometerCallback(const std_msgs::msg::float32::[01;31m[KSharedPtr[m[K msg);
[13.617s]       |                                                             [01;31m[K^~~~~~~~~[m[K
[13.617s]       |                                                                      [32m[K;[m[K
[13.618s] [01m[K/home/boat/Desktop/src/boat_control_system_final/include/boat_control_system_final/CoordinateCalculationsNode.hpp:47:71:[m[K [01;31m[Kerror: [m[K‘[01m[Kmsg[m[K’ does not name a type
[13.619s]    47 |     void magnetometerCallback(const std_msgs::msg::float32::SharedPtr [01;31m[Kmsg[m[K);
[13.619s]       |                                                                       [01;31m[K^~~[m[K
[13.621s] [01m[K/home/boat/Desktop/src/boat_control_system_final/include/boat_control_system_final/CoordinateCalculationsNode.hpp:48:44:[m[K [01;31m[Kerror: [m[K‘[01m[Kfloat32[m[K’ in namespace ‘[01m[Kstd_msgs::msg[m[K’ does not name a type
[13.622s]    48 |     void windCallback(const std_msgs::msg::[01;31m[Kfloat32[m[K::SharedPtr msg);
[13.623s]       |                                            [01;31m[K^~~~~~~[m[K
[13.623s] [01m[K/home/boat/Desktop/src/boat_control_system_final/include/boat_control_system_final/CoordinateCalculationsNode.hpp:48:63:[m[K [01;31m[Kerror: [m[Kexpected unqualified-id before ‘[01m[Kmsg[m[K’
[13.624s]    48 |     void windCallback(const std_msgs::msg::float32::SharedPtr [01;31m[Kmsg[m[K);
[13.625s]       |                                                               [01;31m[K^~~[m[K
[13.626s] [01m[K/home/boat/Desktop/src/boat_control_system_final/include/boat_control_system_final/CoordinateCalculationsNode.hpp:48:62:[m[K [01;31m[Kerror: [m[Kexpected ‘[01m[K)[m[K’ before ‘[01m[Kmsg[m[K’
[13.626s]    48 |     void windCallback[34m[K([m[Kconst std_msgs::msg::float32::SharedPtr[01;31m[K [m[K[32m[Kmsg[m[K);
[13.627s]       |                      [34m[K~[m[K                                       [01;31m[K^[m[K[32m[K~~~[m[K
[13.628s]       |                                                              [32m[K)[m[K
[13.629s] [01m[K/home/boat/Desktop/src/boat_control_system_final/include/boat_control_system_final/CoordinateCalculationsNode.hpp:48:53:[m[K [01;31m[Kerror: [m[Kexpected ‘[01m[K;[m[K’ at end of member declaration
[13.630s]    48 |     void windCallback(const std_msgs::msg::float32::[01;31m[KSharedPtr[m[K msg);
[13.630s]       |                                                     [01;31m[K^~~~~~~~~[m[K
[13.631s]       |                                                              [32m[K;[m[K
[13.632s] [01m[K/home/boat/Desktop/src/boat_control_system_final/include/boat_control_system_final/CoordinateCalculationsNode.hpp:48:63:[m[K [01;31m[Kerror: [m[K‘[01m[Kmsg[m[K’ does not name a type
[13.632s]    48 |     void windCallback(const std_msgs::msg::float32::SharedPtr [01;31m[Kmsg[m[K);
[13.633s]       |                                                               [01;31m[K^~~[m[K
[13.636s] [01m[K/home/boat/Desktop/src/boat_control_system_final/include/boat_control_system_final/CoordinateCalculationsNode.hpp:52:20:[m[K [01;31m[Kerror: [m[K‘[01m[Kfloat32[m[K’ in namespace ‘[01m[Kstd_msgs::msg[m[K’ does not name a type
[13.639s]    52 |     std_msgs::msg::[01;31m[Kfloat32[m[K latest_wind_data_;
[13.639s]       |                    [01;31m[K^~~~~~~[m[K
[13.640s] [01m[K/home/boat/Desktop/src/boat_control_system_final/include/boat_control_system_final/CoordinateCalculationsNode.hpp:53:20:[m[K [01;31m[Kerror: [m[K‘[01m[Kfloat32[m[K’ in namespace ‘[01m[Kstd_msgs::msg[m[K’ does not name a type
[13.641s]    53 |     std_msgs::msg::[01;31m[Kfloat32[m[K latest_magnetometer_data_;
[13.641s]       |                    [01;31m[K^~~~~~~[m[K
[13.698s] [01m[K/home/boat/Desktop/src/boat_control_system_final/src/CoordinateCalculationsNode.cpp:[m[K In constructor ‘[01m[KCoordinateCalculationsNode::CoordinateCalculationsNode()[m[K’:
[13.699s] [01m[K/home/boat/Desktop/src/boat_control_system_final/src/CoordinateCalculationsNode.cpp:13:5:[m[K [01;31m[Kerror: [m[K‘[01m[Kfinal_waypoint_publisher[m[K’ was not declared in this scope; did you mean ‘[01m[Kwaypoint_publisher_[m[K’?
[13.700s]    13 |     [01;31m[Kfinal_waypoint_publisher[m[K = this->create_publisher<sensor_msgs::msg::NavSatFix>(
[13.701s]       |     [01;31m[K^~~~~~~~~~~~~~~~~~~~~~~~[m[K
[13.701s]       |     [32m[Kwaypoint_publisher_[m[K
[13.724s] [01m[K/home/boat/Desktop/src/boat_control_system_final/src/WaypointQueueNode.cpp:[m[K In constructor ‘[01m[KWaypointQueueNode::WaypointQueueNode()[m[K’:
[13.725s] [01m[K/home/boat/Desktop/src/boat_control_system_final/src/WaypointQueueNode.cpp:25:39:[m[K [01;31m[Kerror: [m[K‘[01m[Kinit_callback[m[K’ is not a member of ‘[01m[KWaypointQueueNode[m[K’
[13.726s]    25 |         std::bind(&WaypointQueueNode::[01;31m[Kinit_callback[m[K, this, std::placeholders::_1));
[13.726s]       |                                       [01;31m[K^~~~~~~~~~~~~[m[K
[13.765s] [01m[K/home/boat/Desktop/src/boat_control_system_final/src/CoordinateCalculationsNode.cpp:23:5:[m[K [01;31m[Kerror: [m[K‘[01m[Kwind_subscriber_[m[K’ was not declared in this scope; did you mean ‘[01m[Kinit_subscriber_[m[K’?
[13.766s]    23 |     [01;31m[Kwind_subscriber_[m[K = this->create_subscription<std_msgs::msg::float32>(
[13.767s]       |     [01;31m[K^~~~~~~~~~~~~~~~[m[K
[13.767s]       |     [32m[Kinit_subscriber_[m[K
[13.768s] [01m[K/home/boat/Desktop/src/boat_control_system_final/src/CoordinateCalculationsNode.cpp:23:65:[m[K [01;31m[Kerror: [m[K‘[01m[Kfloat32[m[K’ is not a member of ‘[01m[Kstd_msgs::msg[m[K’; did you mean ‘[01m[KFloat32[m[K’?
[13.770s]    23 |     wind_subscriber_ = this->create_subscription<std_msgs::msg::[01;31m[Kfloat32[m[K>(
[13.773s]       |                                                                 [01;31m[K^~~~~~~[m[K
[13.775s]       |                                                                 [32m[KFloat32[m[K
[13.776s] [01m[K/home/boat/Desktop/src/boat_control_system_final/src/CoordinateCalculationsNode.cpp:23:73:[m[K [01;31m[Kerror: [m[Kno matching function for call to ‘[01m[KCoordinateCalculationsNode::create_subscription<<expression error> >(const char [11], int, std::_Bind_helper<false, void (CoordinateCalculationsNode::*)(...), CoordinateCalculationsNode*, const std::_Placeholder<1>&>::type)[m[K’
[13.777s]    23 |     wind_subscriber_ = [01;31m[Kthis->create_subscription<std_msgs::msg::float32>([m[K
[13.778s]       |                        [01;31m[K~~~~~~~~~~~~~~~~~~~~~~~~~~~~~~~~~~~~~~~~~~~~~~~~~^[m[K
[13.779s]    24 | [01;31m[K        "/wind_data",[m[K
[13.779s]       |         [01;31m[K~~~~~~~~~~~~~[m[K                                                    
[13.780s]    25 | [01;31m[K        10,[m[K
[13.781s]       |         [01;31m[K~~~[m[K                                                              
[13.782s]    26 | [01;31m[K        std::bind(&CoordinateCalculationsNode::windCallback, this, std::placeholders::_1))[m[K;
[13.783s]       |         [01;31m[K~~~~~~~~~~~~~~~~~~~~~~~~~~~~~~~~~~~~~~~~~~~~~~~~~~~~~~~~~~~~~~~~~~~~~~~~~~~~~~~~~~[m[K
[13.784s] In file included from [01m[K/opt/ros/humble/include/rclcpp/rclcpp/node.hpp:1321[m[K,
[13.785s]                  from [01m[K/opt/ros/humble/include/rclcpp/rclcpp/executors/single_threaded_executor.hpp:28[m[K,
[13.786s]                  from [01m[K/opt/ros/humble/include/rclcpp/rclcpp/executors.hpp:22[m[K,
[13.787s]                  from [01m[K/opt/ros/humble/include/rclcpp/rclcpp/rclcpp.hpp:155[m[K,
[13.788s]                  from [01m[K/home/boat/Desktop/src/boat_control_system_final/include/boat_control_system_final/CoordinateCalculationsNode.hpp:4[m[K,
[13.788s]                  from [01m[K/home/boat/Desktop/src/boat_control_system_final/src/CoordinateCalculationsNode.cpp:2[m[K:
[13.789s] [01m[K/opt/ros/humble/include/rclcpp/rclcpp/node_impl.hpp:92:1:[m[K [01;36m[Knote: [m[Kcandidate: ‘[01m[Ktemplate<class MessageT, class CallbackT, class AllocatorT, class SubscriptionT, class MessageMemoryStrategyT> std::shared_ptr<ROSMessageT> rclcpp::Node::create_subscription(const string&, const rclcpp::QoS&, CallbackT&&, const rclcpp::SubscriptionOptionsWithAllocator<AllocatorT>&, typename MessageMemoryStrategyT::SharedPtr)[m[K’
[13.789s]    92 | [01;36m[KNode[m[K::create_subscription(
[13.790s]       | [01;36m[K^~~~[m[K
[13.790s] [01m[K/opt/ros/humble/include/rclcpp/rclcpp/node_impl.hpp:92:1:[m[K [01;36m[Knote: [m[K  template argument deduction/substitution failed:
[13.791s] [01m[K/home/boat/Desktop/src/boat_control_system_final/src/CoordinateCalculationsNode.cpp:23:73:[m[K [01;31m[Kerror: [m[Ktemplate argument 1 is invalid
[13.791s]    23 |     wind_subscriber_ = [01;31m[Kthis->create_subscription<std_msgs::msg::float32>([m[K
[13.792s]       |                        [01;31m[K~~~~~~~~~~~~~~~~~~~~~~~~~~~~~~~~~~~~~~~~~~~~~~~~~^[m[K
[13.792s]    24 | [01;31m[K        "/wind_data",[m[K
[13.793s]       |         [01;31m[K~~~~~~~~~~~~~[m[K                                                    
[13.793s]    25 | [01;31m[K        10,[m[K
[13.794s]       |         [01;31m[K~~~[m[K                                                              
[13.794s]    26 | [01;31m[K        std::bind(&CoordinateCalculationsNode::windCallback, this, std::placeholders::_1))[m[K;
[13.795s]       |         [01;31m[K~~~~~~~~~~~~~~~~~~~~~~~~~~~~~~~~~~~~~~~~~~~~~~~~~~~~~~~~~~~~~~~~~~~~~~~~~~~~~~~~~~[m[K
[13.829s] [01m[K/home/boat/Desktop/src/boat_control_system_final/src/CoordinateCalculationsNode.cpp:29:5:[m[K [01;31m[Kerror: [m[K‘[01m[Kmagnetometer_subscriber_[m[K’ was not declared in this scope
[13.831s]    29 |     [01;31m[Kmagnetometer_subscriber_[m[K = this->create_subscription<std_msgs::msg::float32>(
[13.831s]       |     [01;31m[K^~~~~~~~~~~~~~~~~~~~~~~~[m[K
[13.832s] [01m[K/home/boat/Desktop/src/boat_control_system_final/src/CoordinateCalculationsNode.cpp:29:73:[m[K [01;31m[Kerror: [m[K‘[01m[Kfloat32[m[K’ is not a member of ‘[01m[Kstd_msgs::msg[m[K’; did you mean ‘[01m[KFloat32[m[K’?
[13.833s]    29 |     magnetometer_subscriber_ = this->create_subscription<std_msgs::msg::[01;31m[Kfloat32[m[K>(
[13.834s]       |                                                                         [01;31m[K^~~~~~~[m[K
[13.834s]       |                                                                         [32m[KFloat32[m[K
[13.835s] [01m[K/home/boat/Desktop/src/boat_control_system_final/src/CoordinateCalculationsNode.cpp:29:81:[m[K [01;31m[Kerror: [m[Kno matching function for call to ‘[01m[KCoordinateCalculationsNode::create_subscription<<expression error> >(const char [19], int, std::_Bind_helper<false, void (CoordinateCalculationsNode::*)(...), CoordinateCalculationsNode*, const std::_Placeholder<1>&>::type)[m[K’
[13.836s]    29 |     magnetometer_subscriber_ = [01;31m[Kthis->create_subscription<std_msgs::msg::float32>([m[K
[13.836s]       |                                [01;31m[K~~~~~~~~~~~~~~~~~~~~~~~~~~~~~~~~~~~~~~~~~~~~~~~~~^[m[K
[13.837s]    30 | [01;31m[K        "/magnetometer_data",[m[K
[13.838s]       |         [01;31m[K~~~~~~~~~~~~~~~~~~~~~[m[K                                                    
[13.838s]    31 | [01;31m[K        10,[m[K
[13.839s]       |         [01;31m[K~~~[m[K                                                                      
[13.840s]    32 | [01;31m[K        std::bind(&CoordinateCalculationsNode::magnetometerCallback, this, std::placeholders::_1))[m[K;
[13.841s]       |         [01;31m[K~~~~~~~~~~~~~~~~~~~~~~~~~~~~~~~~~~~~~~~~~~~~~~~~~~~~~~~~~~~~~~~~~~~~~~~~~~~~~~~~~~~~~~~~~~[m[K
[13.841s] In file included from [01m[K/opt/ros/humble/include/rclcpp/rclcpp/node.hpp:1321[m[K,
[13.842s]                  from [01m[K/opt/ros/humble/include/rclcpp/rclcpp/executors/single_threaded_executor.hpp:28[m[K,
[13.843s]                  from [01m[K/opt/ros/humble/include/rclcpp/rclcpp/executors.hpp:22[m[K,
[13.843s]                  from [01m[K/opt/ros/humble/include/rclcpp/rclcpp/rclcpp.hpp:155[m[K,
[13.844s]                  from [01m[K/home/boat/Desktop/src/boat_control_system_final/include/boat_control_system_final/CoordinateCalculationsNode.hpp:4[m[K,
[13.845s]                  from [01m[K/home/boat/Desktop/src/boat_control_system_final/src/CoordinateCalculationsNode.cpp:2[m[K:
[13.845s] [01m[K/opt/ros/humble/include/rclcpp/rclcpp/node_impl.hpp:92:1:[m[K [01;36m[Knote: [m[Kcandidate: ‘[01m[Ktemplate<class MessageT, class CallbackT, class AllocatorT, class SubscriptionT, class MessageMemoryStrategyT> std::shared_ptr<ROSMessageT> rclcpp::Node::create_subscription(const string&, const rclcpp::QoS&, CallbackT&&, const rclcpp::SubscriptionOptionsWithAllocator<AllocatorT>&, typename MessageMemoryStrategyT::SharedPtr)[m[K’
[13.846s]    92 | [01;36m[KNode[m[K::create_subscription(
[13.847s]       | [01;36m[K^~~~[m[K
[13.847s] [01m[K/opt/ros/humble/include/rclcpp/rclcpp/node_impl.hpp:92:1:[m[K [01;36m[Knote: [m[K  template argument deduction/substitution failed:
[13.848s] [01m[K/home/boat/Desktop/src/boat_control_system_final/src/CoordinateCalculationsNode.cpp:29:81:[m[K [01;31m[Kerror: [m[Ktemplate argument 1 is invalid
[13.849s]    29 |     magnetometer_subscriber_ = [01;31m[Kthis->create_subscription<std_msgs::msg::float32>([m[K
[13.849s]       |                                [01;31m[K~~~~~~~~~~~~~~~~~~~~~~~~~~~~~~~~~~~~~~~~~~~~~~~~~^[m[K
[13.850s]    30 | [01;31m[K        "/magnetometer_data",[m[K
[13.851s]       |         [01;31m[K~~~~~~~~~~~~~~~~~~~~~[m[K                                                    
[13.851s]    31 | [01;31m[K        10,[m[K
[13.852s]       |         [01;31m[K~~~[m[K                                                                      
[13.853s]    32 | [01;31m[K        std::bind(&CoordinateCalculationsNode::magnetometerCallback, this, std::placeholders::_1))[m[K;
[13.853s]       |         [01;31m[K~~~~~~~~~~~~~~~~~~~~~~~~~~~~~~~~~~~~~~~~~~~~~~~~~~~~~~~~~~~~~~~~~~~~~~~~~~~~~~~~~~~~~~~~~~[m[K
[13.861s] [01m[K/home/boat/Desktop/src/boat_control_system_final/src/CoordinateCalculationsNode.cpp:[m[K At global scope:
[13.862s] [01m[K/home/boat/Desktop/src/boat_control_system_final/src/CoordinateCalculationsNode.cpp:52:68:[m[K [01;31m[Kerror: [m[K‘[01m[Kfloat32[m[K’ in namespace ‘[01m[Kstd_msgs::msg[m[K’ does not name a type; did you mean ‘[01m[KFloat32[m[K’?
[13.862s]    52 | void CoordinateCalculationsNode::windCallback(const std_msgs::msg::[01;31m[Kfloat32[m[K::SharedPtr msg)
[13.865s]       |                                                                    [01;31m[K^~~~~~~[m[K
[13.865s]       |                                                                    [32m[KFloat32[m[K
[13.866s] [01m[K/home/boat/Desktop/src/boat_control_system_final/src/CoordinateCalculationsNode.cpp:52:87:[m[K [01;31m[Kerror: [m[Kexpected unqualified-id before ‘[01m[Kmsg[m[K’
[13.867s]    52 | void CoordinateCalculationsNode::windCallback(const std_msgs::msg::float32::SharedPtr [01;31m[Kmsg[m[K)
[13.868s]       |                                                                                       [01;31m[K^~~[m[K
[13.870s] [01m[K/home/boat/Desktop/src/boat_control_system_final/src/CoordinateCalculationsNode.cpp:52:86:[m[K [01;31m[Kerror: [m[Kexpected ‘[01m[K)[m[K’ before ‘[01m[Kmsg[m[K’
[13.872s]    52 | void CoordinateCalculationsNode::windCallback[34m[K([m[Kconst std_msgs::msg::float32::SharedPtr[01;31m[K [m[K[32m[Kmsg[m[K)
[13.873s]       |                                              [34m[K~[m[K                                       [01;31m[K^[m[K[32m[K~~~[m[K
[13.873s]       |                                                                                      [32m[K)[m[K
[13.874s] [01m[K/home/boat/Desktop/src/boat_control_system_final/src/CoordinateCalculationsNode.cpp:52:87:[m[K [01;31m[Kerror: [m[Kexpected initializer before ‘[01m[Kmsg[m[K’
[13.875s]    52 | void CoordinateCalculationsNode::windCallback(const std_msgs::msg::float32::SharedPtr [01;31m[Kmsg[m[K)
[13.876s]       |                                                                                       [01;31m[K^~~[m[K
[13.876s] [01m[K/home/boat/Desktop/src/boat_control_system_final/src/CoordinateCalculationsNode.cpp:60:76:[m[K [01;31m[Kerror: [m[K‘[01m[Kfloat32[m[K’ in namespace ‘[01m[Kstd_msgs::msg[m[K’ does not name a type; did you mean ‘[01m[KFloat32[m[K’?
[13.877s]    60 | void CoordinateCalculationsNode::magnetometerCallback(const std_msgs::msg::[01;31m[Kfloat32[m[K::SharedPtr msg)
[13.878s]       |                                                                            [01;31m[K^~~~~~~[m[K
[13.878s]       |                                                                            [32m[KFloat32[m[K
[13.879s] [01m[K/home/boat/Desktop/src/boat_control_system_final/src/CoordinateCalculationsNode.cpp:60:95:[m[K [01;31m[Kerror: [m[Kexpected unqualified-id before ‘[01m[Kmsg[m[K’
[13.880s]    60 | void CoordinateCalculationsNode::magnetometerCallback(const std_msgs::msg::float32::SharedPtr [01;31m[Kmsg[m[K)
[13.881s]       |                                                                                               [01;31m[K^~~[m[K
[13.881s] [01m[K/home/boat/Desktop/src/boat_control_system_final/src/CoordinateCalculationsNode.cpp:60:94:[m[K [01;31m[Kerror: [m[Kexpected ‘[01m[K)[m[K’ before ‘[01m[Kmsg[m[K’
[13.882s]    60 | void CoordinateCalculationsNode::magnetometerCallback[34m[K([m[Kconst std_msgs::msg::float32::SharedPtr[01;31m[K [m[K[32m[Kmsg[m[K)
[13.883s]       |                                                      [34m[K~[m[K                                       [01;31m[K^[m[K[32m[K~~~[m[K
[13.883s]       |                                                                                              [32m[K)[m[K
[13.884s] [01m[K/home/boat/Desktop/src/boat_control_system_final/src/CoordinateCalculationsNode.cpp:60:95:[m[K [01;31m[Kerror: [m[Kexpected initializer before ‘[01m[Kmsg[m[K’
[13.885s]    60 | void CoordinateCalculationsNode::magnetometerCallback(const std_msgs::msg::float32::SharedPtr [01;31m[Kmsg[m[K)
[13.885s]       |                                                                                               [01;31m[K^~~[m[K
[28.182s] gmake[2]: *** [CMakeFiles/CoordinateCalculationsNode.dir/build.make:76: CMakeFiles/CoordinateCalculationsNode.dir/src/CoordinateCalculationsNode.cpp.o] Error 1
[28.183s] gmake[1]: *** [CMakeFiles/Makefile2:167: CMakeFiles/CoordinateCalculationsNode.dir/all] Error 2
[28.184s] gmake[1]: *** Waiting for unfinished jobs....
[28.233s] gmake[2]: *** [CMakeFiles/WaypointQueueNode.dir/build.make:76: CMakeFiles/WaypointQueueNode.dir/src/WaypointQueueNode.cpp.o] Error 1
[28.234s] gmake[1]: *** [CMakeFiles/Makefile2:141: CMakeFiles/WaypointQueueNode.dir/all] Error 2
[28.235s] gmake: *** [Makefile:146: all] Error 2
[28.242s] Invoked command in '/home/boat/Desktop/src/boat_control_system_final/build/boat_control_system_final' returned '2': CMAKE_PREFIX_PATH=/opt/ros/humble /usr/bin/cmake --build /home/boat/Desktop/src/boat_control_system_final/build/boat_control_system_final -- -j4 -l4
