In file included from [01m[K/home/boat/Desktop/src/boat_control_system_final/src/SailServoControlNode.cpp:13[m[K:
[01m[K/home/boat/Desktop/src/boat_control_system_final/include/boat_control_system_final/SailServoControlNode.hpp:27:45:[m[K [01;31m[Kerror: [m[K‘[01m[KBool[m[K’ in namespace ‘[01m[Kstd_msgs::msg[m[K’ does not name a type
   27 |     void stateCallback(const std_msgs::msg::[01;31m[KBool[m[K::SharedPtr msg);
      |                                             [01;31m[K^~~~[m[K
[01m[K/home/boat/Desktop/src/boat_control_system_final/include/boat_control_system_final/SailServoControlNode.hpp:27:61:[m[K [01;31m[Kerror: [m[Kexpected unqualified-id before ‘[01m[Kmsg[m[K’
   27 |     void stateCallback(const std_msgs::msg::Bool::SharedPtr [01;31m[Kmsg[m[K);
      |                                                             [01;31m[K^~~[m[K
[01m[K/home/boat/Desktop/src/boat_control_system_final/include/boat_control_system_final/SailServoControlNode.hpp:27:60:[m[K [01;31m[Kerror: [m[Kexpected ‘[01m[K)[m[K’ before ‘[01m[Kmsg[m[K’
   27 |     void stateCallback[34m[K([m[Kconst std_msgs::msg::Bool::SharedPtr[01;31m[K [m[K[32m[Kmsg[m[K);
      |                       [34m[K~[m[K                                    [01;31m[K^[m[K[32m[K~~~[m[K
      |                                                            [32m[K)[m[K
[01m[K/home/boat/Desktop/src/boat_control_system_final/include/boat_control_system_final/SailServoControlNode.hpp:27:51:[m[K [01;31m[Kerror: [m[Kexpected ‘[01m[K;[m[K’ at end of member declaration
   27 |     void stateCallback(const std_msgs::msg::Bool::[01;31m[KSharedPtr[m[K msg);
      |                                                   [01;31m[K^~~~~~~~~[m[K
      |                                                            [32m[K;[m[K
[01m[K/home/boat/Desktop/src/boat_control_system_final/include/boat_control_system_final/SailServoControlNode.hpp:27:61:[m[K [01;31m[Kerror: [m[K‘[01m[Kmsg[m[K’ does not name a type
   27 |     void stateCallback(const std_msgs::msg::Bool::SharedPtr [01;31m[Kmsg[m[K);
      |                                                             [01;31m[K^~~[m[K
[01m[K/home/boat/Desktop/src/boat_control_system_final/include/boat_control_system_final/SailServoControlNode.hpp:36:20:[m[K [01;31m[Kerror: [m[K‘[01m[KBool[m[K’ in namespace ‘[01m[Kstd_msgs::msg[m[K’ does not name a type
   36 |     std_msgs::msg::[01;31m[KBool[m[K latest_state_;
      |                    [01;31m[K^~~~[m[K
[01m[K/home/boat/Desktop/src/boat_control_system_final/src/SailServoControlNode.cpp:[m[K In constructor ‘[01m[KSailServoControlNode::SailServoControlNode()[m[K’:
[01m[K/home/boat/Desktop/src/boat_control_system_final/src/SailServoControlNode.cpp:31:5:[m[K [01;31m[Kerror: [m[K‘[01m[Kreached_subscriber_[m[K’ was not declared in this scope; did you mean ‘[01m[Kwind_subscriber_[m[K’?
   31 |     [01;31m[Kreached_subscriber_[m[K = this->create_subscription<std_msgs::msg::Bool>(
      |     [01;31m[K^~~~~~~~~~~~~~~~~~~[m[K
      |     [32m[Kwind_subscriber_[m[K
[01m[K/home/boat/Desktop/src/boat_control_system_final/src/RudderServoControlNode.cpp:[m[K In constructor ‘[01m[KRudderServoControlNode::RudderServoControlNode()[m[K’:
[01m[K/home/boat/Desktop/src/boat_control_system_final/src/RudderServoControlNode.cpp:56:5:[m[K [01;31m[Kerror: [m[K‘[01m[Kinit_subscriber_[m[K’ was not declared in this scope; did you mean ‘[01m[Kwind_subscriber_[m[K’?
   56 |     [01;31m[Kinit_subscriber_[m[K = this->create_subscription<std_msgs::msg::String>(
      |     [01;31m[K^~~~~~~~~~~~~~~~[m[K
      |     [32m[Kwind_subscriber_[m[K
[01m[K/home/boat/Desktop/src/boat_control_system_final/src/RudderServoControlNode.cpp:59:20:[m[K [01;31m[Kerror: [m[K‘[01m[KWaypointQueueNode[m[K’ has not been declared
   59 |         std::bind(&[01;31m[KWaypointQueueNode[m[K::initCallback, this, std::placeholders::_1));
      |                    [01;31m[K^~~~~~~~~~~~~~~~~[m[K
[01m[K/home/boat/Desktop/src/boat_control_system_final/src/RudderServoControlNode.cpp:[m[K At global scope:
[01m[K/home/boat/Desktop/src/boat_control_system_final/src/RudderServoControlNode.cpp:114:6:[m[K [01;31m[Kerror: [m[K‘[01m[KWaypointQueueNode[m[K’ has not been declared
  114 | void [01;31m[KWaypointQueueNode[m[K::initCallback(const std_msgs::msg::String::SharedPtr msg)
      |      [01;31m[K^~~~~~~~~~~~~~~~~[m[K
[01m[K/home/boat/Desktop/src/boat_control_system_final/src/SailServoControlNode.cpp:[m[K At global scope:
[01m[K/home/boat/Desktop/src/boat_control_system_final/src/SailServoControlNode.cpp:49:6:[m[K [01;31m[Kerror: [m[Kno declaration matches ‘[01m[Kvoid SailServoControlNode::stateCallback(std_msgs::msg::Bool_<std::allocator<void> >::SharedPtr)[m[K’
   49 | void [01;31m[KSailServoControlNode[m[K::stateCallback(const std_msgs::msg::Bool::SharedPtr msg)
      |      [01;31m[K^~~~~~~~~~~~~~~~~~~~[m[K
In file included from [01m[K/home/boat/Desktop/src/boat_control_system_final/src/SailServoControlNode.cpp:13[m[K:
[01m[K/home/boat/Desktop/src/boat_control_system_final/include/boat_control_system_final/SailServoControlNode.hpp:27:10:[m[K [01;36m[Knote: [m[Kcandidate is: ‘[01m[Kvoid SailServoControlNode::stateCallback(...)[m[K’
   27 |     void [01;36m[KstateCallback[m[K(const std_msgs::msg::Bool::SharedPtr msg);
      |          [01;36m[K^~~~~~~~~~~~~[m[K
[01m[K/home/boat/Desktop/src/boat_control_system_final/include/boat_control_system_final/SailServoControlNode.hpp:19:7:[m[K [01;36m[Knote: [m[K‘[01m[Kclass SailServoControlNode[m[K’ defined here
   19 | class [01;36m[KSailServoControlNode[m[K : public rclcpp::Node {
      |       [01;36m[K^~~~~~~~~~~~~~~~~~~~[m[K
[01m[K/home/boat/Desktop/src/boat_control_system_final/src/SailServoControlNode.cpp:[m[K In member function ‘[01m[Kint SailServoControlNode::getOptimalSailPosition(int)[m[K’:
[01m[K/home/boat/Desktop/src/boat_control_system_final/src/SailServoControlNode.cpp:110:30:[m[K [01;31m[Kerror: [m[K‘[01m[Klatest_state_[m[K’ is not a member of ‘[01m[KSailServoControlNode[m[K’
  110 |     if(SailServoControlNode::[01;31m[Klatest_state_[m[K.data) // If the boat has reached its last waypoint, set the sail directly towards the wind
      |                              [01;31m[K^~~~~~~~~~~~~[m[K
[01m[K/home/boat/Desktop/src/boat_control_system_final/src/SailServoControlNode.cpp:112:44:[m[K [01;31m[Kerror: [m[K‘[01m[Klatest_state_[m[K’ is not a member of ‘[01m[KSailServoControlNode[m[K’
  112 |         setSailServo(SailServoControlNode::[01;31m[Klatest_state_[m[K.data);
      |                                            [01;31m[K^~~~~~~~~~~~~[m[K
[01m[K/home/boat/Desktop/src/boat_control_system_final/src/RudderServoControlNode.cpp:[m[K In function ‘[01m[Kvoid initCallback(std_msgs::msg::String_<std::allocator<void> >::SharedPtr)[m[K’:
[01m[K/home/boat/Desktop/src/boat_control_system_final/src/RudderServoControlNode.cpp:119:9:[m[K [01;31m[Kerror: [m[K‘[01m[Kservo_queue_[m[K’ was not declared in this scope
  119 |         [01;31m[Kservo_queue_[m[K.clear();
      |         [01;31m[K^~~~~~~~~~~~[m[K
In file included from [01m[K/opt/ros/humble/include/rclcpp/rclcpp/client.hpp:40[m[K,
                 from [01m[K/opt/ros/humble/include/rclcpp/rclcpp/callback_group.hpp:24[m[K,
                 from [01m[K/opt/ros/humble/include/rclcpp/rclcpp/any_executable.hpp:20[m[K,
                 from [01m[K/opt/ros/humble/include/rclcpp/rclcpp/memory_strategy.hpp:25[m[K,
                 from [01m[K/opt/ros/humble/include/rclcpp/rclcpp/memory_strategies.hpp:18[m[K,
                 from [01m[K/opt/ros/humble/include/rclcpp/rclcpp/executor_options.hpp:20[m[K,
                 from [01m[K/opt/ros/humble/include/rclcpp/rclcpp/executor.hpp:37[m[K,
                 from [01m[K/opt/ros/humble/include/rclcpp/rclcpp/executors/multi_threaded_executor.hpp:25[m[K,
                 from [01m[K/opt/ros/humble/include/rclcpp/rclcpp/executors.hpp:21[m[K,
                 from [01m[K/opt/ros/humble/include/rclcpp/rclcpp/rclcpp.hpp:155[m[K,
                 from [01m[K/home/boat/Desktop/src/boat_control_system_final/include/boat_control_system_final/RudderServoControlNode.hpp:13[m[K,
                 from [01m[K/home/boat/Desktop/src/boat_control_system_final/src/RudderServoControlNode.cpp:17[m[K:
[01m[K/home/boat/Desktop/src/boat_control_system_final/src/RudderServoControlNode.cpp:121:17:[m[K [01;31m[Kerror: [m[Kinvalid use of ‘[01m[Kthis[m[K’ in non-member function
  121 |     RCLCPP_INFO([01;31m[Kthis[m[K->get_logger(), "Received init message with data: %d", msg->data);
      |                 [01;31m[K^~~~[m[K
[01m[K/home/boat/Desktop/src/boat_control_system_final/src/RudderServoControlNode.cpp:121:17:[m[K [01;31m[Kerror: [m[Kinvalid use of ‘[01m[Kthis[m[K’ in non-member function
[01m[K/home/boat/Desktop/src/boat_control_system_final/src/RudderServoControlNode.cpp:121:5:[m[K [01;31m[Kerror: [m[Ktemplate argument 1 is invalid
  121 |     [01;31m[KRCLCPP_INFO[m[K(this->get_logger(), "Received init message with data: %d", msg->data);
      |     [01;31m[K^~~~~~~~~~~[m[K
[01m[K/home/boat/Desktop/src/boat_control_system_final/src/RudderServoControlNode.cpp:121:5:[m[K [01;31m[Kerror: [m[Ktemplate argument 1 is invalid
  121 |     [01;31m[KRCLCPP_INFO[m[K(this->get_logger(), "Received init message with data: %d", msg->data);
      |     [01;31m[K^~~~~~~~~~~[m[K
[01m[K/home/boat/Desktop/src/boat_control_system_final/src/RudderServoControlNode.cpp:121:5:[m[K [01;31m[Kerror: [m[Ktemplate argument 1 is invalid
  121 |     [01;31m[KRCLCPP_INFO[m[K(this->get_logger(), "Received init message with data: %d", msg->data);
      |     [01;31m[K^~~~~~~~~~~[m[K
In file included from [01m[K/opt/ros/humble/include/rclcpp/rclcpp/logging.hpp:24[m[K,
                 from [01m[K/opt/ros/humble/include/rclcpp/rclcpp/client.hpp:40[m[K,
                 from [01m[K/opt/ros/humble/include/rclcpp/rclcpp/callback_group.hpp:24[m[K,
                 from [01m[K/opt/ros/humble/include/rclcpp/rclcpp/any_executable.hpp:20[m[K,
                 from [01m[K/opt/ros/humble/include/rclcpp/rclcpp/memory_strategy.hpp:25[m[K,
                 from [01m[K/opt/ros/humble/include/rclcpp/rclcpp/memory_strategies.hpp:18[m[K,
                 from [01m[K/opt/ros/humble/include/rclcpp/rclcpp/executor_options.hpp:20[m[K,
                 from [01m[K/opt/ros/humble/include/rclcpp/rclcpp/executor.hpp:37[m[K,
                 from [01m[K/opt/ros/humble/include/rclcpp/rclcpp/executors/multi_threaded_executor.hpp:25[m[K,
                 from [01m[K/opt/ros/humble/include/rclcpp/rclcpp/executors.hpp:21[m[K,
                 from [01m[K/opt/ros/humble/include/rclcpp/rclcpp/rclcpp.hpp:155[m[K,
                 from [01m[K/home/boat/Desktop/src/boat_control_system_final/include/boat_control_system_final/RudderServoControlNode.hpp:13[m[K,
                 from [01m[K/home/boat/Desktop/src/boat_control_system_final/src/RudderServoControlNode.cpp:17[m[K:
[01m[K/home/boat/Desktop/src/boat_control_system_final/src/RudderServoControlNode.cpp:121:17:[m[K [01;31m[Kerror: [m[Kinvalid use of ‘[01m[Kthis[m[K’ in non-member function
  121 |     RCLCPP_INFO([01;31m[Kthis[m[K->get_logger(), "Received init message with data: %d", msg->data);
      |                 [01;31m[K^~~~[m[K
[01m[K/home/boat/Desktop/src/boat_control_system_final/src/RudderServoControlNode.cpp:121:17:[m[K [01;31m[Kerror: [m[Kinvalid use of ‘[01m[Kthis[m[K’ in non-member function
  121 |     RCLCPP_INFO([01;31m[Kthis[m[K->get_logger(), "Received init message with data: %d", msg->data);
      |                 [01;31m[K^~~~[m[K
In file included from [01m[K/opt/ros/humble/include/rclcpp/rclcpp/client.hpp:39[m[K,
                 from [01m[K/opt/ros/humble/include/rclcpp/rclcpp/callback_group.hpp:24[m[K,
                 from [01m[K/opt/ros/humble/include/rclcpp/rclcpp/any_executable.hpp:20[m[K,
                 from [01m[K/opt/ros/humble/include/rclcpp/rclcpp/memory_strategy.hpp:25[m[K,
                 from [01m[K/opt/ros/humble/include/rclcpp/rclcpp/memory_strategies.hpp:18[m[K,
                 from [01m[K/opt/ros/humble/include/rclcpp/rclcpp/executor_options.hpp:20[m[K,
                 from [01m[K/opt/ros/humble/include/rclcpp/rclcpp/executor.hpp:37[m[K,
                 from [01m[K/opt/ros/humble/include/rclcpp/rclcpp/executors/multi_threaded_executor.hpp:25[m[K,
                 from [01m[K/opt/ros/humble/include/rclcpp/rclcpp/executors.hpp:21[m[K,
                 from [01m[K/opt/ros/humble/include/rclcpp/rclcpp/rclcpp.hpp:155[m[K,
                 from [01m[K/home/boat/Desktop/src/boat_control_system_final/include/boat_control_system_final/SailServoControlNode.hpp:9[m[K,
                 from [01m[K/home/boat/Desktop/src/boat_control_system_final/src/SailServoControlNode.cpp:13[m[K:
/opt/ros/humble/include/rclcpp/rclcpp/function_traits.hpp: In instantiation of ‘[01m[Kstruct rclcpp::function_traits::function_traits<std::_Bind<void (SailServoControlNode::*(SailServoControlNode*, std::_Placeholder<1>))(...)> >[m[K’:
[01m[K/opt/ros/humble/include/rclcpp/rclcpp/any_subscription_callback.hpp:380:10:[m[K   recursively required by substitution of ‘[01m[Ktemplate<class MessageT, class CallbackT> struct rclcpp::detail::SubscriptionCallbackTypeHelper<MessageT, CallbackT, typename std::enable_if<rclcpp::function_traits::same_arguments<CallbackT, std::function<void(std::shared_ptr<_Tp>, const rclcpp::MessageInfo&)> >::value, void>::type> [with MessageT = std_msgs::msg::Bool_<std::allocator<void> >; CallbackT = std::_Bind<void (SailServoControlNode::*(SailServoControlNode*, std::_Placeholder<1>))(...)>][m[K’
[01m[K/opt/ros/humble/include/rclcpp/rclcpp/any_subscription_callback.hpp:380:10:[m[K   required from ‘[01m[Krclcpp::AnySubscriptionCallback<MessageT, AllocatorT> rclcpp::AnySubscriptionCallback<MessageT, AllocatorT>::set(CallbackT) [with CallbackT = std::_Bind<void (SailServoControlNode::*(SailServoControlNode*, std::_Placeholder<1>))(...)>; MessageT = std_msgs::msg::Bool_<std::allocator<void> >; AllocatorT = std::allocator<void>][m[K’
[01m[K/opt/ros/humble/include/rclcpp/rclcpp/subscription_factory.hpp:94:32:[m[K   required from ‘[01m[Krclcpp::SubscriptionFactory rclcpp::create_subscription_factory(CallbackT&&, const rclcpp::SubscriptionOptionsWithAllocator<AllocatorT>&, typename MessageMemoryStrategyT::SharedPtr, std::shared_ptr<rclcpp::topic_statistics::SubscriptionTopicStatistics<ROSMessageType> >) [with MessageT = std_msgs::msg::Bool_<std::allocator<void> >; CallbackT = std::_Bind<void (SailServoControlNode::*(SailServoControlNode*, std::_Placeholder<1>))(...)>; AllocatorT = std::allocator<void>; SubscriptionT = rclcpp::Subscription<std_msgs::msg::Bool_<std::allocator<void> >, std::allocator<void>, std_msgs::msg::Bool_<std::allocator<void> >, std_msgs::msg::Bool_<std::allocator<void> >, rclcpp::message_memory_strategy::MessageMemoryStrategy<std_msgs::msg::Bool_<std::allocator<void> >, std::allocator<void> > >; MessageMemoryStrategyT = rclcpp::message_memory_strategy::MessageMemoryStrategy<std_msgs::msg::Bool_<std::allocator<void> >, std::allocator<void> >; ROSMessageType = std_msgs::msg::Bool_<std::allocator<void> >; typename MessageMemoryStrategyT::SharedPtr = std::shared_ptr<rclcpp::message_memory_strategy::MessageMemoryStrategy<std_msgs::msg::Bool_<std::allocator<void> >, std::allocator<void> > >][m[K’
[01m[K/opt/ros/humble/include/rclcpp/rclcpp/create_subscription.hpp:122:63:[m[K   required from ‘[01m[Kstd::shared_ptr<ROSMessageT> rclcpp::detail::create_subscription(NodeParametersT&, NodeTopicsT&, const string&, const rclcpp::QoS&, CallbackT&&, const rclcpp::SubscriptionOptionsWithAllocator<AllocatorT>&, typename MessageMemoryStrategyT::SharedPtr) [with MessageT = std_msgs::msg::Bool_<std::allocator<void> >; CallbackT = std::_Bind<void (SailServoControlNode::*(SailServoControlNode*, std::_Placeholder<1>))(...)>; AllocatorT = std::allocator<void>; SubscriptionT = rclcpp::Subscription<std_msgs::msg::Bool_<std::allocator<void> >, std::allocator<void>, std_msgs::msg::Bool_<std::allocator<void> >, std_msgs::msg::Bool_<std::allocator<void> >, rclcpp::message_memory_strategy::MessageMemoryStrategy<std_msgs::msg::Bool_<std::allocator<void> >, std::allocator<void> > >; MessageMemoryStrategyT = rclcpp::message_memory_strategy::MessageMemoryStrategy<std_msgs::msg::Bool_<std::allocator<void> >, std::allocator<void> >; NodeParametersT = rclcpp::Node; NodeTopicsT = rclcpp::Node; ROSMessageType = std_msgs::msg::Bool_<std::allocator<void> >; std::string = std::__cxx11::basic_string<char>; typename MessageMemoryStrategyT::SharedPtr = std::shared_ptr<rclcpp::message_memory_strategy::MessageMemoryStrategy<std_msgs::msg::Bool_<std::allocator<void> >, std::allocator<void> > >][m[K’
[01m[K/opt/ros/humble/include/rclcpp/rclcpp/create_subscription.hpp:191:76:[m[K   required from ‘[01m[Kstd::shared_ptr<ROSMessageT> rclcpp::create_subscription(NodeT&, const string&, const rclcpp::QoS&, CallbackT&&, const rclcpp::SubscriptionOptionsWithAllocator<AllocatorT>&, typename MessageMemoryStrategyT::SharedPtr) [with MessageT = std_msgs::msg::Bool_<std::allocator<void> >; CallbackT = std::_Bind<void (SailServoControlNode::*(SailServoControlNode*, std::_Placeholder<1>))(...)>; AllocatorT = std::allocator<void>; SubscriptionT = rclcpp::Subscription<std_msgs::msg::Bool_<std::allocator<void> >, std::allocator<void>, std_msgs::msg::Bool_<std::allocator<void> >, std_msgs::msg::Bool_<std::allocator<void> >, rclcpp::message_memory_strategy::MessageMemoryStrategy<std_msgs::msg::Bool_<std::allocator<void> >, std::allocator<void> > >; MessageMemoryStrategyT = rclcpp::message_memory_strategy::MessageMemoryStrategy<std_msgs::msg::Bool_<std::allocator<void> >, std::allocator<void> >; NodeT = rclcpp::Node; std::string = std::__cxx11::basic_string<char>; typename MessageMemoryStrategyT::SharedPtr = std::shared_ptr<rclcpp::message_memory_strategy::MessageMemoryStrategy<std_msgs::msg::Bool_<std::allocator<void> >, std::allocator<void> > >][m[K’
[01m[K/opt/ros/humble/include/rclcpp/rclcpp/node_impl.hpp:99:47:[m[K   required from ‘[01m[Kstd::shared_ptr<ROSMessageT> rclcpp::Node::create_subscription(const string&, const rclcpp::QoS&, CallbackT&&, const rclcpp::SubscriptionOptionsWithAllocator<AllocatorT>&, typename MessageMemoryStrategyT::SharedPtr) [with MessageT = std_msgs::msg::Bool_<std::allocator<void> >; CallbackT = std::_Bind<void (SailServoControlNode::*(SailServoControlNode*, std::_Placeholder<1>))(...)>; AllocatorT = std::allocator<void>; SubscriptionT = rclcpp::Subscription<std_msgs::msg::Bool_<std::allocator<void> >, std::allocator<void>, std_msgs::msg::Bool_<std::allocator<void> >, std_msgs::msg::Bool_<std::allocator<void> >, rclcpp::message_memory_strategy::MessageMemoryStrategy<std_msgs::msg::Bool_<std::allocator<void> >, std::allocator<void> > >; MessageMemoryStrategyT = rclcpp::message_memory_strategy::MessageMemoryStrategy<std_msgs::msg::Bool_<std::allocator<void> >, std::allocator<void> >; std::string = std::__cxx11::basic_string<char>; typename MessageMemoryStrategyT::SharedPtr = std::shared_ptr<rclcpp::message_memory_strategy::MessageMemoryStrategy<std_msgs::msg::Bool_<std::allocator<void> >, std::allocator<void> > >][m[K’
[01m[K/home/boat/Desktop/src/boat_control_system_final/src/SailServoControlNode.cpp:31:73:[m[K   required from here
[01m[K/opt/ros/humble/include/rclcpp/rclcpp/function_traits.hpp:51:9:[m[K [01;31m[Kerror: [m[K‘[01m[Kdecltype[m[K’ cannot resolve address of overloaded function
   51 |   using [01;31m[Karguments[m[K = typename tuple_tail<
      |         [01;31m[K^~~~~~~~~[m[K
[01m[K/opt/ros/humble/include/rclcpp/rclcpp/function_traits.hpp:57:9:[m[K [01;31m[Kerror: [m[K‘[01m[Kdecltype[m[K’ cannot resolve address of overloaded function
   57 |   using [01;31m[Kargument_type[m[K = typename std::tuple_element<N, arguments>::type;
      |         [01;31m[K^~~~~~~~~~~~~[m[K
[01m[K/opt/ros/humble/include/rclcpp/rclcpp/function_traits.hpp:59:9:[m[K [01;31m[Kerror: [m[K‘[01m[Kdecltype[m[K’ cannot resolve address of overloaded function
   59 |   using [01;31m[Kreturn_type[m[K = typename function_traits<decltype( &FunctionT::operator())>::return_type;
      |         [01;31m[K^~~~~~~~~~~[m[K
[01m[K/home/boat/Desktop/src/boat_control_system_final/src/SailServoControlNode.cpp:132:1:[m[K [01;35m[Kwarning: [m[Kcontrol reaches end of non-void function [[01;35m[K]8;;https://gcc.gnu.org/onlinedocs/gcc/Warning-Options.html#index-Wreturn-type-Wreturn-type]8;;[m[K]
  132 | [01;35m[K}[m[K
      | [01;35m[K^[m[K
gmake[2]: *** [CMakeFiles/SailServoControlNodeLib.dir/build.make:76: CMakeFiles/SailServoControlNodeLib.dir/src/SailServoControlNode.cpp.o] Error 1
gmake[1]: *** [CMakeFiles/Makefile2:369: CMakeFiles/SailServoControlNodeLib.dir/all] Error 2
gmake[1]: *** Waiting for unfinished jobs....
gmake[2]: *** [CMakeFiles/RudderServoControlNodeLib.dir/build.make:76: CMakeFiles/RudderServoControlNodeLib.dir/src/RudderServoControlNode.cpp.o] Error 1
gmake[1]: *** [CMakeFiles/Makefile2:261: CMakeFiles/RudderServoControlNodeLib.dir/all] Error 2
gmake: *** [Makefile:146: all] Error 2
