[0.071s] Invoking command in '/home/boat/Desktop/src/boat_control_system_final/build/boat_control_system_final': CMAKE_PREFIX_PATH=/opt/ros/humble /usr/bin/cmake --build /home/boat/Desktop/src/boat_control_system_final/build/boat_control_system_final -- -j4 -l4
[0.267s] [35m[1mConsolidate compiler generated dependencies of target CoordinateCalculations[0m
[0.363s] [ 12%] [32mBuilding CXX object CMakeFiles/CoordinateCalculations.dir/src/Coordinate_Calculations.cpp.o[0m
[0.365s] [ 37%] Built target WaypointQueue
[0.509s] [ 62%] Built target WaypointQueueNode
[3.857s] [01m[K/home/boat/Desktop/src/boat_control_system_final/src/Coordinate_Calculations.cpp:[m[K In member function ‘[01m[Ksensor_msgs::msg::NavSatFix CoordinateCalculations::convert_to_position(sensor_msgs::msg::NavSatFix, float, float)[m[K’:
[3.858s] [01m[K/home/boat/Desktop/src/boat_control_system_final/src/Coordinate_Calculations.cpp:77:66:[m[K [01;31m[Kerror: [m[Kcould not convert ‘[01m[K{new_lat, new_long}[m[K’ from ‘[01m[K<brace-enclosed initializer list>[m[K’ to ‘[01m[Ksensor_msgs::msg::NavSatFix[m[K’ {aka ‘[01m[Ksensor_msgs::msg::NavSatFix_<std::allocator<void> >[m[K’}
[3.858s]    77 |     sensor_msgs::msg::NavSatFix new_position = {new_lat, new_long[01;31m[K}[m[K;
[3.859s]       |                                                                  [01;31m[K^[m[K
[3.859s]       |                                                                  [01;31m[K|[m[K
[3.860s]       |                                                                  [01;31m[K<brace-enclosed initializer list>[m[K
[3.895s] [01m[K/home/boat/Desktop/src/boat_control_system_final/src/Coordinate_Calculations.cpp:[m[K In member function ‘[01m[Kstd::pair<std::__cxx11::basic_string<char>, float> CoordinateCalculations::calculate_directional_bearing(sensor_msgs::msg::NavSatFix)[m[K’:
[3.896s] [01m[K/home/boat/Desktop/src/boat_control_system_final/src/Coordinate_Calculations.cpp:84:29:[m[K [01;31m[Kerror: [m[K‘[01m[Kget_heading_lis3mdl[m[K’ was not declared in this scope
[3.897s]    84 |     float current_heading = [01;31m[Kget_heading_lis3mdl[m[K();
[3.897s]       |                             [01;31m[K^~~~~~~~~~~~~~~~~~~[m[K
[3.920s] [01m[K/home/boat/Desktop/src/boat_control_system_final/src/Coordinate_Calculations.cpp:85:52:[m[K [01;31m[Kerror: [m[K‘[01m[Kget_curr_coordinate[m[K’ was not declared in this scope
[3.921s]    85 |     sensor_msgs::msg::NavSatFix current_position = [01;31m[Kget_curr_coordinate[m[K();
[3.922s]       |                                                    [01;31m[K^~~~~~~~~~~~~~~~~~~[m[K
[3.949s] [01m[K/home/boat/Desktop/src/boat_control_system_final/src/Coordinate_Calculations.cpp:[m[K In member function ‘[01m[Kfloat CoordinateCalculations::calculate_angle_to_wind()[m[K’:
[3.950s] [01m[K/home/boat/Desktop/src/boat_control_system_final/src/Coordinate_Calculations.cpp:119:28:[m[K [01;31m[Kerror: [m[K‘[01m[Kget_avg_angle[m[K’ was not declared in this scope
[3.951s]   119 |     float wind_direction = [01;31m[Kget_avg_angle[m[K();
[3.951s]       |                            [01;31m[K^~~~~~~~~~~~~[m[K
[3.975s] [01m[K/home/boat/Desktop/src/boat_control_system_final/src/Coordinate_Calculations.cpp:120:29:[m[K [01;31m[Kerror: [m[K‘[01m[Kget_heading_lis3mdl[m[K’ was not declared in this scope
[3.976s]   120 |     float current_heading = [01;31m[Kget_heading_lis3mdl[m[K();
[3.977s]       |                             [01;31m[K^~~~~~~~~~~~~~~~~~~[m[K
[3.998s] [01m[K/home/boat/Desktop/src/boat_control_system_final/src/Coordinate_Calculations.cpp:[m[K In member function ‘[01m[Kvoid CoordinateCalculations::plan_path(const NavSatFix&, const NavSatFix&)[m[K’:
[3.998s] [01m[K/home/boat/Desktop/src/boat_control_system_final/src/Coordinate_Calculations.cpp:137:28:[m[K [01;31m[Kerror: [m[K‘[01m[Kget_avg_angle[m[K’ was not declared in this scope
[3.999s]   137 |     float wind_direction = [01;31m[Kget_avg_angle[m[K();  // Get current wind direction
[4.000s]       |                            [01;31m[K^~~~~~~~~~~~~[m[K
[4.451s] gmake[2]: *** [CMakeFiles/CoordinateCalculations.dir/build.make:76: CMakeFiles/CoordinateCalculations.dir/src/Coordinate_Calculations.cpp.o] Error 1
[4.452s] gmake[1]: *** [CMakeFiles/Makefile2:221: CMakeFiles/CoordinateCalculations.dir/all] Error 2
[4.454s] gmake: *** [Makefile:146: all] Error 2
[4.466s] Invoked command in '/home/boat/Desktop/src/boat_control_system_final/build/boat_control_system_final' returned '2': CMAKE_PREFIX_PATH=/opt/ros/humble /usr/bin/cmake --build /home/boat/Desktop/src/boat_control_system_final/build/boat_control_system_final -- -j4 -l4
